Log file open, 02/21/22 15:19:20
LogWindows: Failed to load 'aqProf.dll' (GetLastError=126)
LogWindows: File 'aqProf.dll' does not exist
LogWindows: Failed to load 'VtuneApi.dll' (GetLastError=126)
LogWindows: File 'VtuneApi.dll' does not exist
LogWindows: Failed to load 'VtuneApi32e.dll' (GetLastError=126)
LogWindows: File 'VtuneApi32e.dll' does not exist
LogConsoleResponse: Display: Failed to find resolution value strings in scalability ini. Falling back to default.
LogConsoleResponse: Display: Failed to find resolution value strings in scalability ini. Falling back to default.
LogInit: Display: Running engine for game: GAME259_A_URE
LogPlatformFile: Not using cached read wrapper
LogTaskGraph: Started task graph with 5 named threads and 35 total threads with 3 sets of task threads.
LogStats: Stats thread started at 0.484372
LogICUInternationalization: ICU TimeZone Detection - Raw Offset: -5:00, Platform Override: ''
LogInit: Display: Loading text-based GConfig....
LogPluginManager: Mounting plugin MeshPainting
LogPluginManager: Mounting plugin MegascansPlugin
LogPluginManager: Mounting plugin XGEController
LogPluginManager: Mounting plugin Paper2D
LogPluginManager: Mounting plugin AISupport
LogPluginManager: Mounting plugin LiveLink
LogPluginManager: Mounting plugin EnvironmentQueryEditor
LogPluginManager: Mounting plugin CameraShakePreviewer
LogPluginManager: Mounting plugin OodleData
LogPluginManager: Mounting plugin OodleNetwork
LogPluginManager: Mounting plugin GameplayCameras
LogPluginManager: Mounting plugin AssetManagerEditor
LogPluginManager: Mounting plugin CryptoKeys
LogPluginManager: Mounting plugin CurveEditorTools
LogPluginManager: Mounting plugin EditorScriptingUtilities
LogPluginManager: Mounting plugin DataValidation
LogPluginManager: Mounting plugin GameplayTagsEditor
LogPluginManager: Mounting plugin FacialAnimation
LogPluginManager: Mounting plugin GeometryMode
LogPluginManager: Mounting plugin MacGraphicsSwitching
LogPluginManager: Mounting plugin MaterialAnalyzer
LogPluginManager: Mounting plugin AnimationSharing
LogPluginManager: Mounting plugin MobileLauncherProfileWizard
LogPluginManager: Mounting plugin PluginBrowser
LogPluginManager: Mounting plugin CLionSourceCodeAccess
LogPluginManager: Mounting plugin SpeedTreeImporter
LogPluginManager: Mounting plugin DatasmithContent
LogPluginManager: Mounting plugin CodeLiteSourceCodeAccess
LogPluginManager: Mounting plugin VariantManagerContent
LogPluginManager: Mounting plugin GitSourceControl
LogPluginManager: Mounting plugin NullSourceCodeAccess
LogPluginManager: Mounting plugin KDevelopSourceCodeAccess
LogPluginManager: Mounting plugin PerforceSourceControl
LogPluginManager: Mounting plugin PixWinPlugin
LogPluginManager: Mounting plugin PluginUtils
LogPluginManager: Mounting plugin PropertyAccessNode
LogPluginManager: Mounting plugin PlasticSourceControl
LogPluginManager: Mounting plugin RiderLink
LogPluginManager: Mounting plugin SubversionSourceControl
LogPluginManager: Mounting plugin TextureFormatOodle
LogPluginManager: Mounting plugin RiderSourceCodeAccess
LogPluginManager: Mounting plugin XCodeSourceCodeAccess
LogPluginManager: Mounting plugin AlembicImporter
LogPluginManager: Mounting plugin VisualStudioSourceCodeAccess
LogPluginManager: Mounting plugin VisualStudioCodeSourceCodeAccess
LogPluginManager: Mounting plugin UObjectPlugin
LogPluginManager: Mounting plugin AutomationUtils
LogPluginManager: Mounting plugin BackChannel
LogPluginManager: Mounting plugin ChaosCloth
LogPluginManager: Mounting plugin ChaosClothEditor
LogPluginManager: Mounting plugin ChaosEditor
LogPluginManager: Mounting plugin ChaosNiagara
LogPluginManager: Mounting plugin ChaosSolverPlugin
LogPluginManager: Mounting plugin CharacterAI
LogPluginManager: Mounting plugin GeometryCache
LogPluginManager: Mounting plugin GeometryProcessing
LogPluginManager: Mounting plugin GeometryCollectionPlugin
LogPluginManager: Mounting plugin MotoSynth
LogPluginManager: Mounting plugin Niagara
LogPluginManager: Mounting plugin PlatformCrypto
LogPluginManager: Mounting plugin PlanarCut
LogPluginManager: Mounting plugin OpenImageDenoise
LogPluginManager: Mounting plugin ProxyLODPlugin
LogPluginManager: Mounting plugin PythonScriptPlugin
LogPluginManager: Mounting plugin SkeletalReduction
LogPluginManager: Mounting plugin LuminPlatformFeatures
LogPluginManager: Mounting plugin MagicLeap
LogPluginManager: Mounting plugin MagicLeapLightEstimation
LogPluginManager: Mounting plugin MagicLeapMedia
LogPluginManager: Mounting plugin MagicLeapPassableWorld
LogPluginManager: Mounting plugin MLSDK
LogPluginManager: Mounting plugin AndroidMedia
LogPluginManager: Mounting plugin AvfMedia
LogPluginManager: Mounting plugin ImgMedia
LogPluginManager: Mounting plugin MediaCompositing
LogPluginManager: Mounting plugin MediaPlayerEditor
LogPluginManager: Mounting plugin WebMMedia
LogPluginManager: Mounting plugin WmfMedia
LogPluginManager: Mounting plugin ActorSequence
LogPluginManager: Mounting plugin MatineeToLevelSequence
LogPluginManager: Mounting plugin LevelSequenceEditor
LogPluginManager: Mounting plugin TemplateSequence
LogPluginManager: Mounting plugin LauncherChunkInstaller
LogPluginManager: Mounting plugin UdpMessaging
LogPluginManager: Mounting plugin TcpMessaging
LogPluginManager: Mounting plugin ActorLayerUtilities
LogPluginManager: Mounting plugin AndroidMoviePlayer
LogPluginManager: Mounting plugin AndroidPermission
LogPluginManager: Mounting plugin AppleImageUtils
LogPluginManager: Mounting plugin AppleMoviePlayer
LogPluginManager: Mounting plugin AndroidDeviceProfileSelector
LogPluginManager: Mounting plugin ArchVisCharacter
LogPluginManager: Mounting plugin AssetTags
LogPluginManager: Mounting plugin AudioCapture
LogPluginManager: Mounting plugin AudioSynesthesia
LogPluginManager: Mounting plugin ChunkDownloader
LogPluginManager: Mounting plugin CustomMeshComponent
LogPluginManager: Mounting plugin EditableMesh
LogPluginManager: Mounting plugin ExampleDeviceProfileSelector
LogPluginManager: Mounting plugin CableComponent
LogPluginManager: Mounting plugin GoogleCloudMessaging
LogPluginManager: Mounting plugin GooglePAD
LogPluginManager: Mounting plugin IOSDeviceProfileSelector
LogPluginManager: Mounting plugin LinuxDeviceProfileSelector
LogPluginManager: Mounting plugin LocationServicesBPLibrary
LogPluginManager: Mounting plugin MobilePatchingUtils
LogPluginManager: Mounting plugin OpenXREyeTracker
LogPluginManager: Mounting plugin OpenXR
LogPluginManager: Mounting plugin OpenXRHandTracking
LogPluginManager: Mounting plugin PhysXVehicles
LogPluginManager: Mounting plugin ProceduralMeshComponent
LogPluginManager: Mounting plugin PropertyAccessEditor
LogPluginManager: Mounting plugin PostSplashScreen
LogPluginManager: Mounting plugin RuntimePhysXCooking
LogPluginManager: Mounting plugin SignificanceManager
LogPluginManager: Mounting plugin OnlineSubsystem
LogPluginManager: Mounting plugin EOSShared
LogPluginManager: Mounting plugin SoundFields
LogPluginManager: Mounting plugin OnlineSubsystemSteam
LogPluginManager: Mounting plugin OnlineSubsystemNull
LogPluginManager: Mounting plugin OnlineSubsystemUtils
LogPluginManager: Mounting plugin WebMMoviePlayer
LogPluginManager: Mounting plugin Synthesis
LogPluginManager: Mounting plugin WindowsMoviePlayer
LogPluginManager: Mounting plugin ScreenshotTools
LogPluginManager: Mounting plugin LightPropagationVolume
LogPluginManager: Mounting plugin Takes
LogPluginManager: Mounting plugin ContentBrowserAssetDataSource
LogPluginManager: Mounting plugin ContentBrowserClassDataSource
LogPluginManager: Mounting plugin ContentBrowserFileDataSource
LogPluginManager: Mounting plugin DatabaseSupport
LogPluginManager: Mounting plugin SQLiteCore
LogPluginManager: Mounting plugin SQLiteSupport
LogPluginManager: Mounting plugin OculusVR
LogPluginManager: Mounting plugin OnlineSubsystemGooglePlay
LogPluginManager: Mounting plugin OnlineSubsystemIOS
LogPluginManager: Mounting plugin SteamShared
LogPluginManager: Mounting plugin EOSVoiceChat
PixWinPlugin: PIX capture plugin failed to initialize! Check that the process is launched from PIX.
LogInit: Using libcurl 7.55.1-DEV
LogInit:  - built for x86_64-pc-win32
LogInit:  - supports SSL with OpenSSL/1.1.1
LogInit:  - supports HTTP deflate (compression) using libz 1.2.8
LogInit:  - other features:
LogInit:      CURL_VERSION_SSL
LogInit:      CURL_VERSION_LIBZ
LogInit:      CURL_VERSION_IPV6
LogInit:      CURL_VERSION_ASYNCHDNS
LogInit:      CURL_VERSION_LARGEFILE
LogInit:      CURL_VERSION_IDN
LogInit:  CurlRequestOptions (configurable via config and command line):
LogInit:  - bVerifyPeer = true  - Libcurl will verify peer certificate
LogInit:  - bUseHttpProxy = false  - Libcurl will NOT use HTTP proxy
LogInit:  - bDontReuseConnections = false  - Libcurl will reuse connections
LogInit:  - MaxHostConnections = 16  - Libcurl will limit the number of connections to a host
LogInit:  - LocalHostAddr = Default
LogInit:  - BufferSize = 65536
LogOnline: OSS: Creating online subsystem instance for: NULL
LogInit: WinSock: version 1.1 (2.2), MaxSocks=32767, MaxUdp=65467
LogOnline: OSS: TryLoadSubsystemAndSetDefault: Loaded subsystem for module [NULL]
LogOculusPluginWrapper: OculusPlugin initialized successfully
LogHMD: Failed initializing OVRPlugin 1.59.0
LogInit: Build: ++UE4+Release-4.27-CL-18319896
LogInit: Engine Version: 4.27.2-18319896+++UE4+Release-4.27
LogInit: Compatible Engine Version: 4.27.0-17155196+++UE4+Release-4.27
LogInit: Net CL: 17155196
LogInit: OS: Windows 10 (Release 2009) (), CPU: Intel(R) Core(TM) i7-8700 CPU @ 3.20GHz, GPU: NVIDIA GeForce GTX 1070
LogInit: Compiled (64-bit): Nov 30 2021 07:12:08
LogInit: Compiled with Visual C++: 19.24.28315.00
LogInit: Build Configuration: Development
LogInit: Branch Name: ++UE4+Release-4.27
LogInit: Command Line:  /Game/LobbySystem/Levels/Networking_GameTestMap?Listen -game -PIEVIACONSOLE -Multiprocess GameUserSettingsINI=D:/GitHub/GAME259-2022-A/GAME259_A_URE/Saved/Config/Windows/PIEGameUserSettings0.ini -MultiprocessSaveConfig -forcepassthrough -messaging -SessionName="Play in Standalone Game" -port=17777 -windowed -WinX=1280 -WinY=726 SAVEWINPOS=1 -ResX=640 -ResY=480
LogInit: Base Directory: D:/UE_4.27/Engine/Binaries/Win64/
LogInit: Allocator: TBB
LogInit: Installed Engine Build: 1
LogDevObjectVersion: Number of dev versions registered: 29
LogDevObjectVersion:   Dev-Blueprints (B0D832E4-1F89-4F0D-ACCF-7EB736FD4AA2): 10
LogDevObjectVersion:   Dev-Build (E1C64328-A22C-4D53-A36C-8E866417BD8C): 0
LogDevObjectVersion:   Dev-Core (375EC13C-06E4-48FB-B500-84F0262A717E): 4
LogDevObjectVersion:   Dev-Editor (E4B068ED-F494-42E9-A231-DA0B2E46BB41): 40
LogDevObjectVersion:   Dev-Framework (CFFC743F-43B0-4480-9391-14DF171D2073): 37
LogDevObjectVersion:   Dev-Mobile (B02B49B5-BB20-44E9-A304-32B752E40360): 3
LogDevObjectVersion:   Dev-Networking (A4E4105C-59A1-49B5-A7C5-40C4547EDFEE): 0
LogDevObjectVersion:   Dev-Online (39C831C9-5AE6-47DC-9A44-9C173E1C8E7C): 0
LogDevObjectVersion:   Dev-Physics (78F01B33-EBEA-4F98-B9B4-84EACCB95AA2): 14
LogDevObjectVersion:   Dev-Platform (6631380F-2D4D-43E0-8009-CF276956A95A): 0
LogDevObjectVersion:   Dev-Rendering (12F88B9F-8875-4AFC-A67C-D90C383ABD29): 45
LogDevObjectVersion:   Dev-Sequencer (7B5AE74C-D270-4C10-A958-57980B212A5A): 13
LogDevObjectVersion:   Dev-VR (D7296918-1DD6-4BDD-9DE2-64A83CC13884): 3
LogDevObjectVersion:   Dev-LoadTimes (C2A15278-BFE7-4AFE-6C17-90FF531DF755): 1
LogDevObjectVersion:   Private-Geometry (6EACA3D4-40EC-4CC1-B786-8BED09428FC5): 3
LogDevObjectVersion:   Dev-AnimPhys (29E575DD-E0A3-4627-9D10-D276232CDCEA): 17
LogDevObjectVersion:   Dev-Anim (AF43A65D-7FD3-4947-9873-3E8ED9C1BB05): 15
LogDevObjectVersion:   Dev-ReflectionCapture (6B266CEC-1EC7-4B8F-A30B-E4D90942FC07): 1
LogDevObjectVersion:   Dev-Automation (0DF73D61-A23F-47EA-B727-89E90C41499A): 1
LogDevObjectVersion:   FortniteMain (601D1886-AC64-4F84-AA16-D3DE0DEAC7D6): 47
LogDevObjectVersion:   FortniteRelease (E7086368-6B23-4C58-8439-1B7016265E91): 1
LogDevObjectVersion:   Dev-Enterprise (9DFFBCD6-494F-0158-E221-12823C92A888): 10
LogDevObjectVersion:   Dev-Niagara (F2AED0AC-9AFE-416F-8664-AA7FFA26D6FC): 1
LogDevObjectVersion:   Dev-Destruction (174F1F0B-B4C6-45A5-B13F-2EE8D0FB917D): 10
LogDevObjectVersion:   Dev-Physics-Ext (35F94A83-E258-406C-A318-09F59610247C): 41
LogDevObjectVersion:   Dev-PhysicsMaterial-Chaos (B68FC16E-8B1B-42E2-B453-215C058844FE): 1
LogDevObjectVersion:   Dev-CineCamera (B2E18506-4273-CFC2-A54E-F4BB758BBA07): 1
LogDevObjectVersion:   Dev-VirtualProduction (64F58936-FD1B-42BA-BA96-7289D5D0FA4E): 1
LogDevObjectVersion:   Dev-MediaFramework (6F0ED827-A609-4895-9C91-998D90180EA4): 2
LogInit: Presizing for max 25165824 objects, including 0 objects not considered by GC, pre-allocating 0 bytes for permanent pool.
LogConfig: Applying CVar settings from Section [/Script/Engine.StreamingSettings] File [D:/GitHub/GAME259-2022-A/GAME259_A_URE/Saved/Config/Windows/Engine.ini]
LogConfig: Setting CVar [[s.MinBulkDataSizeForAsyncLoading:131072]]
LogConfig: Setting CVar [[s.AsyncLoadingThreadEnabled:0]]
LogConfig: Setting CVar [[s.EventDrivenLoaderEnabled:1]]
LogConfig: Setting CVar [[s.WarnIfTimeLimitExceeded:0]]
LogConfig: Setting CVar [[s.TimeLimitExceededMultiplier:1.5]]
LogConfig: Setting CVar [[s.TimeLimitExceededMinTime:0.005]]
LogConfig: Setting CVar [[s.UseBackgroundLevelStreaming:1]]
LogConfig: Setting CVar [[s.PriorityAsyncLoadingExtraTime:15.0]]
LogConfig: Setting CVar [[s.LevelStreamingActorsUpdateTimeLimit:5.0]]
LogConfig: Setting CVar [[s.PriorityLevelStreamingActorsUpdateExtraTime:5.0]]
LogConfig: Setting CVar [[s.LevelStreamingComponentsRegistrationGranularity:10]]
LogConfig: Setting CVar [[s.UnregisterComponentsTimeLimit:1.0]]
LogConfig: Setting CVar [[s.LevelStreamingComponentsUnregistrationGranularity:5]]
LogConfig: Setting CVar [[s.FlushStreamingOnExit:1]]
LogInit: Object subsystem initialized
LogConfig: Setting CVar [[con.DebugEarlyDefault:1]]
LogConfig: Setting CVar [[r.setres:1280x720]]
[2022.02.21-20.19.21:505][  0]LogConfig: Setting CVar [[con.DebugEarlyDefault:1]]
[2022.02.21-20.19.21:505][  0]LogConfig: Setting CVar [[r.setres:1280x720]]
[2022.02.21-20.19.21:505][  0]LogConfig: Applying CVar settings from Section [/Script/Engine.RendererSettings] File [D:/GitHub/GAME259-2022-A/GAME259_A_URE/Saved/Config/Windows/Engine.ini]
[2022.02.21-20.19.21:506][  0]LogConfig: Setting CVar [[r.GPUCrashDebugging:0]]
[2022.02.21-20.19.21:506][  0]LogConfig: Applying CVar settings from Section [/Script/Engine.RendererOverrideSettings] File [D:/GitHub/GAME259-2022-A/GAME259_A_URE/Saved/Config/Windows/Engine.ini]
[2022.02.21-20.19.21:506][  0]LogConfig: Applying CVar settings from Section [/Script/Engine.StreamingSettings] File [D:/GitHub/GAME259-2022-A/GAME259_A_URE/Saved/Config/Windows/Engine.ini]
[2022.02.21-20.19.21:506][  0]LogConfig: Setting CVar [[s.MinBulkDataSizeForAsyncLoading:131072]]
[2022.02.21-20.19.21:506][  0]LogConfig: Setting CVar [[s.AsyncLoadingThreadEnabled:0]]
[2022.02.21-20.19.21:506][  0]LogConfig: Setting CVar [[s.EventDrivenLoaderEnabled:1]]
[2022.02.21-20.19.21:506][  0]LogConfig: Setting CVar [[s.WarnIfTimeLimitExceeded:0]]
[2022.02.21-20.19.21:506][  0]LogConfig: Setting CVar [[s.TimeLimitExceededMultiplier:1.5]]
[2022.02.21-20.19.21:506][  0]LogConfig: Setting CVar [[s.TimeLimitExceededMinTime:0.005]]
[2022.02.21-20.19.21:506][  0]LogConfig: Setting CVar [[s.UseBackgroundLevelStreaming:1]]
[2022.02.21-20.19.21:506][  0]LogConfig: Setting CVar [[s.PriorityAsyncLoadingExtraTime:15.0]]
[2022.02.21-20.19.21:506][  0]LogConfig: Setting CVar [[s.LevelStreamingActorsUpdateTimeLimit:5.0]]
[2022.02.21-20.19.21:506][  0]LogConfig: Setting CVar [[s.PriorityLevelStreamingActorsUpdateExtraTime:5.0]]
[2022.02.21-20.19.21:506][  0]LogConfig: Setting CVar [[s.LevelStreamingComponentsRegistrationGranularity:10]]
[2022.02.21-20.19.21:506][  0]LogConfig: Setting CVar [[s.UnregisterComponentsTimeLimit:1.0]]
[2022.02.21-20.19.21:506][  0]LogConfig: Setting CVar [[s.LevelStreamingComponentsUnregistrationGranularity:5]]
[2022.02.21-20.19.21:506][  0]LogConfig: Setting CVar [[s.FlushStreamingOnExit:1]]
[2022.02.21-20.19.21:506][  0]LogConfig: Applying CVar settings from Section [/Script/Engine.GarbageCollectionSettings] File [D:/GitHub/GAME259-2022-A/GAME259_A_URE/Saved/Config/Windows/Engine.ini]
[2022.02.21-20.19.21:506][  0]LogConfig: Setting CVar [[gc.MaxObjectsNotConsideredByGC:1]]
[2022.02.21-20.19.21:506][  0]LogConfig: Setting CVar [[gc.SizeOfPermanentObjectPool:0]]
[2022.02.21-20.19.21:506][  0]LogConfig: Setting CVar [[gc.FlushStreamingOnGC:0]]
[2022.02.21-20.19.21:506][  0]LogConfig: Setting CVar [[gc.NumRetriesBeforeForcingGC:10]]
[2022.02.21-20.19.21:506][  0]LogConfig: Setting CVar [[gc.AllowParallelGC:1]]
[2022.02.21-20.19.21:506][  0]LogConfig: Setting CVar [[gc.TimeBetweenPurgingPendingKillObjects:61.1]]
[2022.02.21-20.19.21:506][  0]LogConfig: Setting CVar [[gc.MaxObjectsInEditor:25165824]]
[2022.02.21-20.19.21:506][  0]LogConfig: Setting CVar [[gc.IncrementalBeginDestroyEnabled:1]]
[2022.02.21-20.19.21:506][  0]LogConfig: Setting CVar [[gc.CreateGCClusters:1]]
[2022.02.21-20.19.21:506][  0]LogConfig: Setting CVar [[gc.MinGCClusterSize:5]]
[2022.02.21-20.19.21:506][  0]LogConfig: Setting CVar [[gc.ActorClusteringEnabled:0]]
[2022.02.21-20.19.21:506][  0]LogConfig: Setting CVar [[gc.BlueprintClusteringEnabled:0]]
[2022.02.21-20.19.21:506][  0]LogConfig: Setting CVar [[gc.UseDisregardForGCOnDedicatedServers:0]]
[2022.02.21-20.19.21:506][  0]LogConfig: Setting CVar [[gc.MultithreadedDestructionEnabled:1]]
[2022.02.21-20.19.21:506][  0]LogConfig: Applying CVar settings from Section [/Script/Engine.NetworkSettings] File [D:/GitHub/GAME259-2022-A/GAME259_A_URE/Saved/Config/Windows/Engine.ini]
[2022.02.21-20.19.21:506][  0]LogConfig: Applying CVar settings from Section [/Script/UnrealEd.CookerSettings] File [D:/GitHub/GAME259-2022-A/GAME259_A_URE/Saved/Config/Windows/Engine.ini]
[2022.02.21-20.19.21:538][  0]LogConfig: Applying CVar settings from Section [ViewDistanceQuality@3] File [D:/GitHub/GAME259-2022-A/GAME259_A_URE/Saved/Config/Windows/Scalability.ini]
[2022.02.21-20.19.21:538][  0]LogConfig: Setting CVar [[r.SkeletalMeshLODBias:0]]
[2022.02.21-20.19.21:538][  0]LogConfig: Setting CVar [[r.ViewDistanceScale:1.0]]
[2022.02.21-20.19.21:538][  0]LogConfig: Applying CVar settings from Section [AntiAliasingQuality@3] File [D:/GitHub/GAME259-2022-A/GAME259_A_URE/Saved/Config/Windows/Scalability.ini]
[2022.02.21-20.19.21:538][  0]LogConfig: Setting CVar [[r.PostProcessAAQuality:4]]
[2022.02.21-20.19.21:538][  0]LogConfig: Applying CVar settings from Section [ShadowQuality@3] File [D:/GitHub/GAME259-2022-A/GAME259_A_URE/Saved/Config/Windows/Scalability.ini]
[2022.02.21-20.19.21:538][  0]LogConfig: Setting CVar [[r.LightFunctionQuality:1]]
[2022.02.21-20.19.21:538][  0]LogConfig: Setting CVar [[r.ShadowQuality:5]]
[2022.02.21-20.19.21:538][  0]LogConfig: Setting CVar [[r.Shadow.CSM.MaxCascades:10]]
[2022.02.21-20.19.21:538][  0]LogConfig: Setting CVar [[r.Shadow.MaxResolution:2048]]
[2022.02.21-20.19.21:538][  0]LogConfig: Setting CVar [[r.Shadow.MaxCSMResolution:2048]]
[2022.02.21-20.19.21:538][  0]LogConfig: Setting CVar [[r.Shadow.RadiusThreshold:0.01]]
[2022.02.21-20.19.21:538][  0]LogConfig: Setting CVar [[r.Shadow.DistanceScale:1.0]]
[2022.02.21-20.19.21:538][  0]LogConfig: Setting CVar [[r.Shadow.CSM.TransitionScale:1.0]]
[2022.02.21-20.19.21:539][  0]LogConfig: Setting CVar [[r.Shadow.PreShadowResolutionFactor:1.0]]
[2022.02.21-20.19.21:539][  0]LogConfig: Setting CVar [[r.DistanceFieldShadowing:1]]
[2022.02.21-20.19.21:539][  0]LogConfig: Setting CVar [[r.DistanceFieldAO:1]]
[2022.02.21-20.19.21:539][  0]LogConfig: Setting CVar [[r.AOQuality:2]]
[2022.02.21-20.19.21:539][  0]LogConfig: Setting CVar [[r.VolumetricFog:1]]
[2022.02.21-20.19.21:539][  0]LogConfig: Setting CVar [[r.VolumetricFog.GridPixelSize:8]]
[2022.02.21-20.19.21:539][  0]LogConfig: Setting CVar [[r.VolumetricFog.GridSizeZ:128]]
[2022.02.21-20.19.21:539][  0]LogConfig: Setting CVar [[r.VolumetricFog.HistoryMissSupersampleCount:4]]
[2022.02.21-20.19.21:539][  0]LogConfig: Setting CVar [[r.LightMaxDrawDistanceScale:1]]
[2022.02.21-20.19.21:539][  0]LogConfig: Setting CVar [[r.CapsuleShadows:1]]
[2022.02.21-20.19.21:539][  0]LogConfig: Applying CVar settings from Section [PostProcessQuality@3] File [D:/GitHub/GAME259-2022-A/GAME259_A_URE/Saved/Config/Windows/Scalability.ini]
[2022.02.21-20.19.21:539][  0]LogConfig: Setting CVar [[r.MotionBlurQuality:4]]
[2022.02.21-20.19.21:539][  0]LogConfig: Setting CVar [[r.AmbientOcclusionMipLevelFactor:0.4]]
[2022.02.21-20.19.21:539][  0]LogConfig: Setting CVar [[r.AmbientOcclusionMaxQuality:100]]
[2022.02.21-20.19.21:539][  0]LogConfig: Setting CVar [[r.AmbientOcclusionLevels:-1]]
[2022.02.21-20.19.21:539][  0]LogConfig: Setting CVar [[r.AmbientOcclusionRadiusScale:1.0]]
[2022.02.21-20.19.21:539][  0]LogConfig: Setting CVar [[r.DepthOfFieldQuality:2]]
[2022.02.21-20.19.21:539][  0]LogConfig: Setting CVar [[r.RenderTargetPoolMin:400]]
[2022.02.21-20.19.21:539][  0]LogConfig: Setting CVar [[r.LensFlareQuality:2]]
[2022.02.21-20.19.21:539][  0]LogConfig: Setting CVar [[r.SceneColorFringeQuality:1]]
[2022.02.21-20.19.21:539][  0]LogConfig: Setting CVar [[r.EyeAdaptationQuality:2]]
[2022.02.21-20.19.21:539][  0]LogConfig: Setting CVar [[r.BloomQuality:5]]
[2022.02.21-20.19.21:539][  0]LogConfig: Setting CVar [[r.FastBlurThreshold:100]]
[2022.02.21-20.19.21:539][  0]LogConfig: Setting CVar [[r.Upscale.Quality:3]]
[2022.02.21-20.19.21:539][  0]LogConfig: Setting CVar [[r.Tonemapper.GrainQuantization:1]]
[2022.02.21-20.19.21:539][  0]LogConfig: Setting CVar [[r.LightShaftQuality:1]]
[2022.02.21-20.19.21:539][  0]LogConfig: Setting CVar [[r.Filter.SizeScale:1]]
[2022.02.21-20.19.21:539][  0]LogConfig: Setting CVar [[r.Tonemapper.Quality:5]]
[2022.02.21-20.19.21:539][  0]LogConfig: Setting CVar [[r.DOF.Gather.AccumulatorQuality:1        ; higher gathering accumulator quality]]
[2022.02.21-20.19.21:539][  0]LogConfig: Setting CVar [[r.DOF.Gather.PostfilterMethod:1          ; Median3x3 postfilering method]]
[2022.02.21-20.19.21:539][  0]LogConfig: Setting CVar [[r.DOF.Gather.EnableBokehSettings:0       ; no bokeh simulation when gathering]]
[2022.02.21-20.19.21:539][  0]LogConfig: Setting CVar [[r.DOF.Gather.RingCount:4                 ; medium number of samples when gathering]]
[2022.02.21-20.19.21:539][  0]LogConfig: Setting CVar [[r.DOF.Scatter.ForegroundCompositing:1    ; additive foreground scattering]]
[2022.02.21-20.19.21:539][  0]LogConfig: Setting CVar [[r.DOF.Scatter.BackgroundCompositing:2    ; additive background scattering]]
[2022.02.21-20.19.21:539][  0]LogConfig: Setting CVar [[r.DOF.Scatter.EnableBokehSettings:1      ; bokeh simulation when scattering]]
[2022.02.21-20.19.21:539][  0]LogConfig: Setting CVar [[r.DOF.Scatter.MaxSpriteRatio:0.1         ; only a maximum of 10% of scattered bokeh]]
[2022.02.21-20.19.21:539][  0]LogConfig: Setting CVar [[r.DOF.Recombine.Quality:1                ; cheap slight out of focus]]
[2022.02.21-20.19.21:539][  0]LogConfig: Setting CVar [[r.DOF.Recombine.EnableBokehSettings:0    ; no bokeh simulation on slight out of focus]]
[2022.02.21-20.19.21:539][  0]LogConfig: Setting CVar [[r.DOF.TemporalAAQuality:1                ; more stable temporal accumulation]]
[2022.02.21-20.19.21:539][  0]LogConfig: Setting CVar [[r.DOF.Kernel.MaxForegroundRadius:0.025]]
[2022.02.21-20.19.21:539][  0]LogConfig: Setting CVar [[r.DOF.Kernel.MaxBackgroundRadius:0.025]]
[2022.02.21-20.19.21:539][  0]LogConfig: Applying CVar settings from Section [TextureQuality@3] File [D:/GitHub/GAME259-2022-A/GAME259_A_URE/Saved/Config/Windows/Scalability.ini]
[2022.02.21-20.19.21:539][  0]LogConfig: Setting CVar [[r.Streaming.MipBias:0]]
[2022.02.21-20.19.21:539][  0]LogConfig: Setting CVar [[r.Streaming.AmortizeCPUToGPUCopy:0]]
[2022.02.21-20.19.21:539][  0]LogConfig: Setting CVar [[r.Streaming.MaxNumTexturesToStreamPerFrame:0]]
[2022.02.21-20.19.21:539][  0]LogConfig: Setting CVar [[r.Streaming.Boost:1]]
[2022.02.21-20.19.21:539][  0]LogConfig: Setting CVar [[r.MaxAnisotropy:8]]
[2022.02.21-20.19.21:539][  0]LogConfig: Setting CVar [[r.VT.MaxAnisotropy:8]]
[2022.02.21-20.19.21:539][  0]LogConfig: Setting CVar [[r.Streaming.LimitPoolSizeToVRAM:0]]
[2022.02.21-20.19.21:539][  0]LogConfig: Setting CVar [[r.Streaming.PoolSize:1000]]
[2022.02.21-20.19.21:539][  0]LogConfig: Setting CVar [[r.Streaming.MaxEffectiveScreenSize:0]]
[2022.02.21-20.19.21:539][  0]LogConfig: Applying CVar settings from Section [EffectsQuality@3] File [D:/GitHub/GAME259-2022-A/GAME259_A_URE/Saved/Config/Windows/Scalability.ini]
[2022.02.21-20.19.21:539][  0]LogConfig: Setting CVar [[r.TranslucencyLightingVolumeDim:64]]
[2022.02.21-20.19.21:539][  0]LogConfig: Setting CVar [[r.RefractionQuality:2]]
[2022.02.21-20.19.21:539][  0]LogConfig: Setting CVar [[r.SSR.Quality:3]]
[2022.02.21-20.19.21:539][  0]LogConfig: Setting CVar [[r.SSR.HalfResSceneColor:0]]
[2022.02.21-20.19.21:539][  0]LogConfig: Setting CVar [[r.SceneColorFormat:4]]
[2022.02.21-20.19.21:539][  0]LogConfig: Setting CVar [[r.DetailMode:2]]
[2022.02.21-20.19.21:539][  0]LogConfig: Setting CVar [[r.TranslucencyVolumeBlur:1]]
[2022.02.21-20.19.21:539][  0]LogConfig: Setting CVar [[r.MaterialQualityLevel:1 ; High quality]]
[2022.02.21-20.19.21:539][  0]LogConfig: Setting CVar [[r.AnisotropicMaterials:1]]
[2022.02.21-20.19.21:539][  0]LogConfig: Setting CVar [[r.SSS.Scale:1]]
[2022.02.21-20.19.21:539][  0]LogConfig: Setting CVar [[r.SSS.SampleSet:2]]
[2022.02.21-20.19.21:539][  0]LogConfig: Setting CVar [[r.SSS.Quality:1]]
[2022.02.21-20.19.21:539][  0]LogConfig: Setting CVar [[r.SSS.HalfRes:0]]
[2022.02.21-20.19.21:539][  0]LogConfig: Setting CVar [[r.SSGI.Quality:3]]
[2022.02.21-20.19.21:539][  0]LogConfig: Setting CVar [[r.EmitterSpawnRateScale:1.0]]
[2022.02.21-20.19.21:539][  0]LogConfig: Setting CVar [[r.ParticleLightQuality:2]]
[2022.02.21-20.19.21:539][  0]LogConfig: Setting CVar [[r.SkyAtmosphere.AerialPerspectiveLUT.FastApplyOnOpaque:1 ; Always have FastSkyLUT 1 in this case to avoid wrong sky]]
[2022.02.21-20.19.21:539][  0]LogConfig: Setting CVar [[r.SkyAtmosphere.AerialPerspectiveLUT.SampleCountMaxPerSlice:4]]
[2022.02.21-20.19.21:539][  0]LogConfig: Setting CVar [[r.SkyAtmosphere.AerialPerspectiveLUT.DepthResolution:16.0]]
[2022.02.21-20.19.21:539][  0]LogConfig: Setting CVar [[r.SkyAtmosphere.FastSkyLUT:1]]
[2022.02.21-20.19.21:539][  0]LogConfig: Setting CVar [[r.SkyAtmosphere.FastSkyLUT.SampleCountMin:4.0]]
[2022.02.21-20.19.21:539][  0]LogConfig: Setting CVar [[r.SkyAtmosphere.FastSkyLUT.SampleCountMax:128.0]]
[2022.02.21-20.19.21:539][  0]LogConfig: Setting CVar [[r.SkyAtmosphere.SampleCountMin:4.0]]
[2022.02.21-20.19.21:539][  0]LogConfig: Setting CVar [[r.SkyAtmosphere.SampleCountMax:128.0]]
[2022.02.21-20.19.21:539][  0]LogConfig: Setting CVar [[r.SkyAtmosphere.TransmittanceLUT.UseSmallFormat:0]]
[2022.02.21-20.19.21:539][  0]LogConfig: Setting CVar [[r.SkyAtmosphere.TransmittanceLUT.SampleCount:10.0]]
[2022.02.21-20.19.21:539][  0]LogConfig: Setting CVar [[r.SkyAtmosphere.MultiScatteringLUT.SampleCount:15.0]]
[2022.02.21-20.19.21:539][  0]LogConfig: Setting CVar [[r.SkyLight.RealTimeReflectionCapture:1]]
[2022.02.21-20.19.21:539][  0]LogConfig: Applying CVar settings from Section [FoliageQuality@3] File [D:/GitHub/GAME259-2022-A/GAME259_A_URE/Saved/Config/Windows/Scalability.ini]
[2022.02.21-20.19.21:539][  0]LogConfig: Setting CVar [[foliage.DensityScale:1.0]]
[2022.02.21-20.19.21:539][  0]LogConfig: Setting CVar [[grass.DensityScale:1.0]]
[2022.02.21-20.19.21:539][  0]LogConfig: Applying CVar settings from Section [ShadingQuality@3] File [D:/GitHub/GAME259-2022-A/GAME259_A_URE/Saved/Config/Windows/Scalability.ini]
[2022.02.21-20.19.21:539][  0]LogConfig: Setting CVar [[r.HairStrands.SkyLighting.IntegrationType:2]]
[2022.02.21-20.19.21:539][  0]LogConfig: Setting CVar [[r.HairStrands.SkyAO.SampleCount:4]]
[2022.02.21-20.19.21:539][  0]LogConfig: Setting CVar [[r.HairStrands.Visibility.MSAA.SamplePerPixel:4]]
[2022.02.21-20.19.21:539][  0]LogInit: Selected Device Profile: [Windows]
[2022.02.21-20.19.21:540][  0]LogInit: Applying CVar settings loaded from the selected device profile: [Windows]
[2022.02.21-20.19.21:540][  0]LogHAL: Display: Platform has ~ 16 GB [17065410560 / 17179869184 / 16], which maps to Larger [LargestMinGB=32, LargerMinGB=12, DefaultMinGB=8, SmallerMinGB=6, SmallestMinGB=0)
[2022.02.21-20.19.21:540][  0]LogInit: Going up to parent DeviceProfile []
[2022.02.21-20.19.21:540][  0]LogConfig: Applying CVar settings from Section [ViewDistanceQuality@3] File [D:/GitHub/GAME259-2022-A/GAME259_A_URE/Saved/Config/Windows/Scalability.ini]
[2022.02.21-20.19.21:540][  0]LogConfig: Setting CVar [[r.SkeletalMeshLODBias:0]]
[2022.02.21-20.19.21:540][  0]LogConfig: Setting CVar [[r.ViewDistanceScale:1.0]]
[2022.02.21-20.19.21:540][  0]LogConfig: Applying CVar settings from Section [AntiAliasingQuality@3] File [D:/GitHub/GAME259-2022-A/GAME259_A_URE/Saved/Config/Windows/Scalability.ini]
[2022.02.21-20.19.21:540][  0]LogConfig: Setting CVar [[r.PostProcessAAQuality:4]]
[2022.02.21-20.19.21:540][  0]LogConfig: Applying CVar settings from Section [ShadowQuality@3] File [D:/GitHub/GAME259-2022-A/GAME259_A_URE/Saved/Config/Windows/Scalability.ini]
[2022.02.21-20.19.21:540][  0]LogConfig: Setting CVar [[r.LightFunctionQuality:1]]
[2022.02.21-20.19.21:540][  0]LogConfig: Setting CVar [[r.ShadowQuality:5]]
[2022.02.21-20.19.21:540][  0]LogConfig: Setting CVar [[r.Shadow.CSM.MaxCascades:10]]
[2022.02.21-20.19.21:540][  0]LogConfig: Setting CVar [[r.Shadow.MaxResolution:2048]]
[2022.02.21-20.19.21:540][  0]LogConfig: Setting CVar [[r.Shadow.MaxCSMResolution:2048]]
[2022.02.21-20.19.21:540][  0]LogConfig: Setting CVar [[r.Shadow.RadiusThreshold:0.01]]
[2022.02.21-20.19.21:540][  0]LogConfig: Setting CVar [[r.Shadow.DistanceScale:1.0]]
[2022.02.21-20.19.21:540][  0]LogConfig: Setting CVar [[r.Shadow.CSM.TransitionScale:1.0]]
[2022.02.21-20.19.21:540][  0]LogConfig: Setting CVar [[r.Shadow.PreShadowResolutionFactor:1.0]]
[2022.02.21-20.19.21:540][  0]LogConfig: Setting CVar [[r.DistanceFieldShadowing:1]]
[2022.02.21-20.19.21:540][  0]LogConfig: Setting CVar [[r.DistanceFieldAO:1]]
[2022.02.21-20.19.21:540][  0]LogConfig: Setting CVar [[r.AOQuality:2]]
[2022.02.21-20.19.21:540][  0]LogConfig: Setting CVar [[r.VolumetricFog:1]]
[2022.02.21-20.19.21:540][  0]LogConfig: Setting CVar [[r.VolumetricFog.GridPixelSize:8]]
[2022.02.21-20.19.21:540][  0]LogConfig: Setting CVar [[r.VolumetricFog.GridSizeZ:128]]
[2022.02.21-20.19.21:540][  0]LogConfig: Setting CVar [[r.VolumetricFog.HistoryMissSupersampleCount:4]]
[2022.02.21-20.19.21:540][  0]LogConfig: Setting CVar [[r.LightMaxDrawDistanceScale:1]]
[2022.02.21-20.19.21:540][  0]LogConfig: Setting CVar [[r.CapsuleShadows:1]]
[2022.02.21-20.19.21:540][  0]LogConfig: Applying CVar settings from Section [PostProcessQuality@3] File [D:/GitHub/GAME259-2022-A/GAME259_A_URE/Saved/Config/Windows/Scalability.ini]
[2022.02.21-20.19.21:540][  0]LogConfig: Setting CVar [[r.MotionBlurQuality:4]]
[2022.02.21-20.19.21:540][  0]LogConfig: Setting CVar [[r.AmbientOcclusionMipLevelFactor:0.4]]
[2022.02.21-20.19.21:540][  0]LogConfig: Setting CVar [[r.AmbientOcclusionMaxQuality:100]]
[2022.02.21-20.19.21:540][  0]LogConfig: Setting CVar [[r.AmbientOcclusionLevels:-1]]
[2022.02.21-20.19.21:540][  0]LogConfig: Setting CVar [[r.AmbientOcclusionRadiusScale:1.0]]
[2022.02.21-20.19.21:540][  0]LogConfig: Setting CVar [[r.DepthOfFieldQuality:2]]
[2022.02.21-20.19.21:540][  0]LogConfig: Setting CVar [[r.RenderTargetPoolMin:400]]
[2022.02.21-20.19.21:540][  0]LogConfig: Setting CVar [[r.LensFlareQuality:2]]
[2022.02.21-20.19.21:540][  0]LogConfig: Setting CVar [[r.SceneColorFringeQuality:1]]
[2022.02.21-20.19.21:540][  0]LogConfig: Setting CVar [[r.EyeAdaptationQuality:2]]
[2022.02.21-20.19.21:540][  0]LogConfig: Setting CVar [[r.BloomQuality:5]]
[2022.02.21-20.19.21:540][  0]LogConfig: Setting CVar [[r.FastBlurThreshold:100]]
[2022.02.21-20.19.21:540][  0]LogConfig: Setting CVar [[r.Upscale.Quality:3]]
[2022.02.21-20.19.21:540][  0]LogConfig: Setting CVar [[r.Tonemapper.GrainQuantization:1]]
[2022.02.21-20.19.21:540][  0]LogConfig: Setting CVar [[r.LightShaftQuality:1]]
[2022.02.21-20.19.21:540][  0]LogConfig: Setting CVar [[r.Filter.SizeScale:1]]
[2022.02.21-20.19.21:540][  0]LogConfig: Setting CVar [[r.Tonemapper.Quality:5]]
[2022.02.21-20.19.21:540][  0]LogConfig: Setting CVar [[r.DOF.Gather.AccumulatorQuality:1        ; higher gathering accumulator quality]]
[2022.02.21-20.19.21:540][  0]LogConfig: Setting CVar [[r.DOF.Gather.PostfilterMethod:1          ; Median3x3 postfilering method]]
[2022.02.21-20.19.21:540][  0]LogConfig: Setting CVar [[r.DOF.Gather.EnableBokehSettings:0       ; no bokeh simulation when gathering]]
[2022.02.21-20.19.21:540][  0]LogConfig: Setting CVar [[r.DOF.Gather.RingCount:4                 ; medium number of samples when gathering]]
[2022.02.21-20.19.21:540][  0]LogConfig: Setting CVar [[r.DOF.Scatter.ForegroundCompositing:1    ; additive foreground scattering]]
[2022.02.21-20.19.21:540][  0]LogConfig: Setting CVar [[r.DOF.Scatter.BackgroundCompositing:2    ; additive background scattering]]
[2022.02.21-20.19.21:540][  0]LogConfig: Setting CVar [[r.DOF.Scatter.EnableBokehSettings:1      ; bokeh simulation when scattering]]
[2022.02.21-20.19.21:540][  0]LogConfig: Setting CVar [[r.DOF.Scatter.MaxSpriteRatio:0.1         ; only a maximum of 10% of scattered bokeh]]
[2022.02.21-20.19.21:540][  0]LogConfig: Setting CVar [[r.DOF.Recombine.Quality:1                ; cheap slight out of focus]]
[2022.02.21-20.19.21:540][  0]LogConfig: Setting CVar [[r.DOF.Recombine.EnableBokehSettings:0    ; no bokeh simulation on slight out of focus]]
[2022.02.21-20.19.21:540][  0]LogConfig: Setting CVar [[r.DOF.TemporalAAQuality:1                ; more stable temporal accumulation]]
[2022.02.21-20.19.21:540][  0]LogConfig: Setting CVar [[r.DOF.Kernel.MaxForegroundRadius:0.025]]
[2022.02.21-20.19.21:540][  0]LogConfig: Setting CVar [[r.DOF.Kernel.MaxBackgroundRadius:0.025]]
[2022.02.21-20.19.21:540][  0]LogConfig: Applying CVar settings from Section [TextureQuality@3] File [D:/GitHub/GAME259-2022-A/GAME259_A_URE/Saved/Config/Windows/Scalability.ini]
[2022.02.21-20.19.21:540][  0]LogConfig: Setting CVar [[r.Streaming.MipBias:0]]
[2022.02.21-20.19.21:540][  0]LogConfig: Setting CVar [[r.Streaming.AmortizeCPUToGPUCopy:0]]
[2022.02.21-20.19.21:540][  0]LogConfig: Setting CVar [[r.Streaming.MaxNumTexturesToStreamPerFrame:0]]
[2022.02.21-20.19.21:540][  0]LogConfig: Setting CVar [[r.Streaming.Boost:1]]
[2022.02.21-20.19.21:540][  0]LogConfig: Setting CVar [[r.MaxAnisotropy:8]]
[2022.02.21-20.19.21:540][  0]LogConfig: Setting CVar [[r.VT.MaxAnisotropy:8]]
[2022.02.21-20.19.21:540][  0]LogConfig: Setting CVar [[r.Streaming.LimitPoolSizeToVRAM:0]]
[2022.02.21-20.19.21:540][  0]LogConfig: Setting CVar [[r.Streaming.PoolSize:1000]]
[2022.02.21-20.19.21:540][  0]LogConfig: Setting CVar [[r.Streaming.MaxEffectiveScreenSize:0]]
[2022.02.21-20.19.21:540][  0]LogConfig: Applying CVar settings from Section [EffectsQuality@3] File [D:/GitHub/GAME259-2022-A/GAME259_A_URE/Saved/Config/Windows/Scalability.ini]
[2022.02.21-20.19.21:540][  0]LogConfig: Setting CVar [[r.TranslucencyLightingVolumeDim:64]]
[2022.02.21-20.19.21:540][  0]LogConfig: Setting CVar [[r.RefractionQuality:2]]
[2022.02.21-20.19.21:540][  0]LogConfig: Setting CVar [[r.SSR.Quality:3]]
[2022.02.21-20.19.21:540][  0]LogConfig: Setting CVar [[r.SSR.HalfResSceneColor:0]]
[2022.02.21-20.19.21:540][  0]LogConfig: Setting CVar [[r.SceneColorFormat:4]]
[2022.02.21-20.19.21:540][  0]LogConfig: Setting CVar [[r.DetailMode:2]]
[2022.02.21-20.19.21:540][  0]LogConfig: Setting CVar [[r.TranslucencyVolumeBlur:1]]
[2022.02.21-20.19.21:541][  0]LogConfig: Setting CVar [[r.MaterialQualityLevel:1 ; High quality]]
[2022.02.21-20.19.21:541][  0]LogConfig: Setting CVar [[r.AnisotropicMaterials:1]]
[2022.02.21-20.19.21:541][  0]LogConfig: Setting CVar [[r.SSS.Scale:1]]
[2022.02.21-20.19.21:541][  0]LogConfig: Setting CVar [[r.SSS.SampleSet:2]]
[2022.02.21-20.19.21:541][  0]LogConfig: Setting CVar [[r.SSS.Quality:1]]
[2022.02.21-20.19.21:541][  0]LogConfig: Setting CVar [[r.SSS.HalfRes:0]]
[2022.02.21-20.19.21:541][  0]LogConfig: Setting CVar [[r.SSGI.Quality:3]]
[2022.02.21-20.19.21:541][  0]LogConfig: Setting CVar [[r.EmitterSpawnRateScale:1.0]]
[2022.02.21-20.19.21:541][  0]LogConfig: Setting CVar [[r.ParticleLightQuality:2]]
[2022.02.21-20.19.21:541][  0]LogConfig: Setting CVar [[r.SkyAtmosphere.AerialPerspectiveLUT.FastApplyOnOpaque:1 ; Always have FastSkyLUT 1 in this case to avoid wrong sky]]
[2022.02.21-20.19.21:541][  0]LogConfig: Setting CVar [[r.SkyAtmosphere.AerialPerspectiveLUT.SampleCountMaxPerSlice:4]]
[2022.02.21-20.19.21:541][  0]LogConfig: Setting CVar [[r.SkyAtmosphere.AerialPerspectiveLUT.DepthResolution:16.0]]
[2022.02.21-20.19.21:541][  0]LogConfig: Setting CVar [[r.SkyAtmosphere.FastSkyLUT:1]]
[2022.02.21-20.19.21:541][  0]LogConfig: Setting CVar [[r.SkyAtmosphere.FastSkyLUT.SampleCountMin:4.0]]
[2022.02.21-20.19.21:541][  0]LogConfig: Setting CVar [[r.SkyAtmosphere.FastSkyLUT.SampleCountMax:128.0]]
[2022.02.21-20.19.21:541][  0]LogConfig: Setting CVar [[r.SkyAtmosphere.SampleCountMin:4.0]]
[2022.02.21-20.19.21:541][  0]LogConfig: Setting CVar [[r.SkyAtmosphere.SampleCountMax:128.0]]
[2022.02.21-20.19.21:541][  0]LogConfig: Setting CVar [[r.SkyAtmosphere.TransmittanceLUT.UseSmallFormat:0]]
[2022.02.21-20.19.21:541][  0]LogConfig: Setting CVar [[r.SkyAtmosphere.TransmittanceLUT.SampleCount:10.0]]
[2022.02.21-20.19.21:541][  0]LogConfig: Setting CVar [[r.SkyAtmosphere.MultiScatteringLUT.SampleCount:15.0]]
[2022.02.21-20.19.21:541][  0]LogConfig: Setting CVar [[r.SkyLight.RealTimeReflectionCapture:1]]
[2022.02.21-20.19.21:541][  0]LogConfig: Applying CVar settings from Section [FoliageQuality@3] File [D:/GitHub/GAME259-2022-A/GAME259_A_URE/Saved/Config/Windows/Scalability.ini]
[2022.02.21-20.19.21:541][  0]LogConfig: Setting CVar [[foliage.DensityScale:1.0]]
[2022.02.21-20.19.21:541][  0]LogConfig: Setting CVar [[grass.DensityScale:1.0]]
[2022.02.21-20.19.21:541][  0]LogConfig: Applying CVar settings from Section [ShadingQuality@3] File [D:/GitHub/GAME259-2022-A/GAME259_A_URE/Saved/Config/Windows/Scalability.ini]
[2022.02.21-20.19.21:541][  0]LogConfig: Setting CVar [[r.HairStrands.SkyLighting.IntegrationType:2]]
[2022.02.21-20.19.21:541][  0]LogConfig: Setting CVar [[r.HairStrands.SkyAO.SampleCount:4]]
[2022.02.21-20.19.21:541][  0]LogConfig: Setting CVar [[r.HairStrands.Visibility.MSAA.SamplePerPixel:4]]
[2022.02.21-20.19.21:541][  0]LogConfig: Applying CVar settings from Section [Startup] File [../../../Engine/Config/ConsoleVariables.ini]
[2022.02.21-20.19.21:541][  0]LogConfig: Setting CVar [[net.UseAdaptiveNetUpdateFrequency:0]]
[2022.02.21-20.19.21:541][  0]LogConfig: Setting CVar [[p.chaos.AllowCreatePhysxBodies:1]]
[2022.02.21-20.19.21:541][  0]LogConfig: Setting CVar [[fx.SkipVectorVMBackendOptimizations:1]]
[2022.02.21-20.19.21:541][  0]LogConfig: Applying CVar settings from Section [ConsoleVariables] File [D:/GitHub/GAME259-2022-A/GAME259_A_URE/Saved/Config/Windows/Engine.ini]
[2022.02.21-20.19.21:541][  0]LogConfig: Applying CVar settings from Section [ConsoleVariables] File [D:/GitHub/GAME259-2022-A/GAME259_A_URE/Saved/Config/Windows/Editor.ini]
[2022.02.21-20.19.21:541][  0]LogInit: Computer: OMEN
[2022.02.21-20.19.21:541][  0]LogInit: User: James
[2022.02.21-20.19.21:541][  0]LogInit: CPU Page size=4096, Cores=6
[2022.02.21-20.19.21:541][  0]LogInit: High frequency timer resolution =10.000000 MHz
[2022.02.21-20.19.21:541][  0]LogMemory: Memory total: Physical=15.9GB (16GB approx)
[2022.02.21-20.19.21:541][  0]LogMemory: Platform Memory Stats for Windows
[2022.02.21-20.19.21:541][  0]LogMemory: Process Physical Memory: 147.93 MB used, 147.94 MB peak
[2022.02.21-20.19.21:541][  0]LogMemory: Process Virtual Memory: 131.96 MB used, 131.96 MB peak
[2022.02.21-20.19.21:541][  0]LogMemory: Physical Memory: 13635.00 MB used,  2639.85 MB free, 16274.84 MB total
[2022.02.21-20.19.21:541][  0]LogMemory: Virtual Memory: 134214328.00 MB used,  3400.79 MB free, 134217728.00 MB total
[2022.02.21-20.19.21:544][  0]LogWindows: WindowsPlatformFeatures enabled
[2022.02.21-20.19.21:580][  0]LogInit: Physics initialised using underlying interface: PhysX
[2022.02.21-20.19.21:580][  0]LogInit: Using OS detected language (en-US).
[2022.02.21-20.19.21:580][  0]LogInit: Using OS detected locale (en-US).
[2022.02.21-20.19.21:582][  0]LogTextLocalizationManager: No specific localization for 'en-US' exists, so the 'en' localization will be used.
[2022.02.21-20.19.21:761][  0]LogWindowsTextInputMethodSystem: Display: IME system deactivated.
[2022.02.21-20.19.21:805][  0]LogSlate: New Slate User Created.  User Index 0, Is Virtual User: 0
[2022.02.21-20.19.21:805][  0]LogSlate: Slate User Registered.  User Index 0, Is Virtual User: 0
[2022.02.21-20.19.21:839][  0]LogD3D11RHI: Loaded GFSDK_Aftermath_Lib.x64.dll
[2022.02.21-20.19.21:900][  0]LogHMD: Optional extension XR_VARJO_quad_views is not available
[2022.02.21-20.19.21:901][  0]LogHMD: Warning: Required extension XR_EXT_eye_gaze_interaction is not available
[2022.02.21-20.19.21:901][  0]LogHMD: Could not enable all required OpenXR extensions for OpenXREyeTracker on current system. This plugin will be loaded but ignored, but will be enabled on a target platform that supports the required extension.
[2022.02.21-20.19.22:403][  0]LogHMD: Failed to get an OpenXR system, result is XR_ERROR_FORM_FACTOR_UNAVAILABLE. Please check that your runtime supports VR headsets.
[2022.02.21-20.19.22:403][  0]LogD3D11RHI: D3D11 min allowed feature level: 11_0
[2022.02.21-20.19.22:403][  0]LogD3D11RHI: D3D11 max allowed feature level: 11_0
[2022.02.21-20.19.22:403][  0]LogD3D11RHI: D3D11 adapters:
[2022.02.21-20.19.22:494][  0]LogD3D11RHI:    0. 'NVIDIA GeForce GTX 1070' (Feature Level 11_0)
[2022.02.21-20.19.22:494][  0]LogD3D11RHI:       8088/0/8137 MB DedicatedVideo/DedicatedSystem/SharedSystem, Outputs:2, VendorId:0x10de
[2022.02.21-20.19.22:496][  0]LogD3D11RHI:    1. 'Microsoft Basic Render Driver' (Feature Level 11_0)
[2022.02.21-20.19.22:496][  0]LogD3D11RHI:       0/0/8137 MB DedicatedVideo/DedicatedSystem/SharedSystem, Outputs:0, VendorId:0x1414
[2022.02.21-20.19.22:496][  0]LogD3D11RHI: Chosen D3D11 Adapter:
[2022.02.21-20.19.22:496][  0]LogD3D11RHI:     Description : NVIDIA GeForce GTX 1070
[2022.02.21-20.19.22:496][  0]LogD3D11RHI:     VendorId    : 10de
[2022.02.21-20.19.22:496][  0]LogD3D11RHI:     DeviceId    : 1b81
[2022.02.21-20.19.22:496][  0]LogD3D11RHI:     SubSysId    : 82fb103c
[2022.02.21-20.19.22:496][  0]LogD3D11RHI:     Revision    : 00a1
[2022.02.21-20.19.22:496][  0]LogD3D11RHI:     DedicatedVideoMemory : 8480882688 bytes
[2022.02.21-20.19.22:496][  0]LogD3D11RHI:     DedicatedSystemMemory : 0 bytes
[2022.02.21-20.19.22:496][  0]LogD3D11RHI:     SharedSystemMemory : 8532705280 bytes
[2022.02.21-20.19.22:496][  0]LogD3D11RHI:     AdapterLuid : 0 89200
[2022.02.21-20.19.22:504][  0]LogD3D11RHI: Creating new Direct3DDevice
[2022.02.21-20.19.22:505][  0]LogD3D11RHI:     GPU DeviceId: 0x1b81 (for the marketing name, search the web for "GPU Device Id")
[2022.02.21-20.19.22:505][  0]LogWindows: EnumDisplayDevices:
[2022.02.21-20.19.22:505][  0]LogWindows:    0. 'NVIDIA GeForce GTX 1070' (P:1 D:1)
[2022.02.21-20.19.22:505][  0]LogWindows:    1. 'NVIDIA GeForce GTX 1070' (P:0 D:1)
[2022.02.21-20.19.22:505][  0]LogWindows:    2. 'NVIDIA GeForce GTX 1070' (P:0 D:0)
[2022.02.21-20.19.22:506][  0]LogWindows:    3. 'NVIDIA GeForce GTX 1070' (P:0 D:0)
[2022.02.21-20.19.22:506][  0]LogWindows: DebugString: FoundDriverCount:4 
[2022.02.21-20.19.22:506][  0]LogD3D11RHI:     Adapter Name: NVIDIA GeForce GTX 1070
[2022.02.21-20.19.22:506][  0]LogD3D11RHI:   Driver Version: 472.08 (internal:30.0.14.7208, unified:472.08)
[2022.02.21-20.19.22:506][  0]LogD3D11RHI:      Driver Date: 9-13-2021
[2022.02.21-20.19.22:506][  0]LogRHI: Texture pool is 5661 MB (70% of 8088 MB)
[2022.02.21-20.19.22:506][  0]LogD3D11RHI: Creating D3DDevice using adapter:
[2022.02.21-20.19.22:506][  0]LogD3D11RHI:     Description : NVIDIA GeForce GTX 1070
[2022.02.21-20.19.22:506][  0]LogD3D11RHI:     VendorId    : 10de
[2022.02.21-20.19.22:506][  0]LogD3D11RHI:     DeviceId    : 1b81
[2022.02.21-20.19.22:506][  0]LogD3D11RHI:     SubSysId    : 82fb103c
[2022.02.21-20.19.22:506][  0]LogD3D11RHI:     Revision    : 00a1
[2022.02.21-20.19.22:506][  0]LogD3D11RHI:     DedicatedVideoMemory : 8480882688 bytes
[2022.02.21-20.19.22:506][  0]LogD3D11RHI:     DedicatedSystemMemory : 0 bytes
[2022.02.21-20.19.22:506][  0]LogD3D11RHI:     SharedSystemMemory : 8532705280 bytes
[2022.02.21-20.19.22:506][  0]LogD3D11RHI:     AdapterLuid : 0 89200
[2022.02.21-20.19.22:579][  0]LogD3D11RHI: RHI has support for 64 bit atomics
[2022.02.21-20.19.22:579][  0]LogD3D11RHI: Async texture creation enabled
[2022.02.21-20.19.22:579][  0]LogD3D11RHI: Array index from any shader is supported
[2022.02.21-20.19.22:580][  0]LogD3D11RHI: HDR output is supported on display 0 (NvId: 0x80061082).
[2022.02.21-20.19.22:594][  0]LogD3D11RHI: GPU Timing Frequency: 1000.000000 (Debug: 2 1)
[2022.02.21-20.19.22:621][  0]LogRHI: GeForceNow SDK initialized: 1
[2022.02.21-20.19.22:891][  0]LogTargetPlatformManager: Display: Loaded TargetPlatform 'WindowsNoEditor'
[2022.02.21-20.19.22:894][  0]LogTargetPlatformManager: Display: Loaded TargetPlatform 'Windows'
[2022.02.21-20.19.22:896][  0]LogTargetPlatformManager: Display: Loaded TargetPlatform 'WindowsClient'
[2022.02.21-20.19.22:898][  0]LogTargetPlatformManager: Display: Loaded TargetPlatform 'WindowsServer'
[2022.02.21-20.19.22:898][  0]LogTargetPlatformManager: Display: Building Assets For Windows
[2022.02.21-20.19.22:901][  0]LogAudioDebug: Display: Lib vorbis DLL was dynamically loaded.
[2022.02.21-20.19.22:913][  0]LogTextureFormatOodle: Display: Oodle Texture 2.9.0 init RDO Off
[2022.02.21-20.19.22:927][  0]LogRendererCore: Ray tracing is disabled. Reason: r.RayTracing=0.
[2022.02.21-20.19.22:927][  0]LogShaderCompilers: Guid format shader working directory is -2 characters bigger than the processId version (../../../../GitHub/GAME259-2022-A/GAME259_A_URE/Intermediate/Shaders/WorkingDirectory/11440/).
[2022.02.21-20.19.22:927][  0]LogShaderCompilers: Cleaned the shader compiler working directory 'C:/Users/James/AppData/Local/Temp/UnrealShaderWorkingDir/FE696A1949AD35A84A93FFAF5AEA1BC4/'.
[2022.02.21-20.19.22:927][  0]LogXGEController: Cannot use XGE Controller as Incredibuild is not installed on this machine.
[2022.02.21-20.19.22:927][  0]LogShaderCompilers: Cannot use XGE Shader Compiler as Incredibuild is not installed on this machine.
[2022.02.21-20.19.22:927][  0]LogShaderCompilers: Display: Using Local Shader Compiler.
[2022.02.21-20.19.23:614][  0]LogDerivedDataCache: Display: Max Cache Size: 512 MB
[2022.02.21-20.19.23:687][  0]LogDerivedDataCache: Loaded boot cache 0.07s 103MB C:/Users/James/AppData/Local/UnrealEngine/4.27/DerivedDataCache/Boot.ddc.
[2022.02.21-20.19.23:687][  0]LogDerivedDataCache: Display: Loaded Boot cache: C:/Users/James/AppData/Local/UnrealEngine/4.27/DerivedDataCache/Boot.ddc
[2022.02.21-20.19.23:687][  0]LogDerivedDataCache: FDerivedDataBackendGraph:  Pak pak cache file ../../../../GitHub/GAME259-2022-A/GAME259_A_URE/DerivedDataCache/DDC.ddp not found, will not use a pak cache.
[2022.02.21-20.19.23:687][  0]LogDerivedDataCache: Unable to find inner node Pak for hierarchical cache Hierarchy.
[2022.02.21-20.19.23:687][  0]LogDerivedDataCache: FDerivedDataBackendGraph:  CompressedPak pak cache file ../../../../GitHub/GAME259-2022-A/GAME259_A_URE/DerivedDataCache/Compressed.ddp not found, will not use a pak cache.
[2022.02.21-20.19.23:687][  0]LogDerivedDataCache: Unable to find inner node CompressedPak for hierarchical cache Hierarchy.
[2022.02.21-20.19.23:703][  0]LogDerivedDataCache: Display: Pak cache opened for reading ../../../Engine/DerivedDataCache/Compressed.ddp.
[2022.02.21-20.19.23:703][  0]LogDerivedDataCache: FDerivedDataBackendGraph:  EnterprisePak pak cache file ../../../Enterprise/DerivedDataCache/Compressed.ddp not found, will not use a pak cache.
[2022.02.21-20.19.23:703][  0]LogDerivedDataCache: Unable to find inner node EnterprisePak for hierarchical cache Hierarchy.
[2022.02.21-20.19.23:710][  0]LogDerivedDataCache: Speed tests for C:/Users/James/AppData/Local/UnrealEngine/Common/DerivedDataCache took 0.01 seconds
[2022.02.21-20.19.23:710][  0]LogDerivedDataCache: Display: Performance to C:/Users/James/AppData/Local/UnrealEngine/Common/DerivedDataCache: Latency=0.03ms. RandomReadSpeed=1409.47MBs, RandomWriteSpeed=158.39MBs. Assigned SpeedClass 'Local'
[2022.02.21-20.19.23:711][  0]LogDerivedDataCache: Using Local data cache path C:/Users/James/AppData/Local/UnrealEngine/Common/DerivedDataCache: Writable
[2022.02.21-20.19.23:711][  0]LogDerivedDataCache: Shared data cache path not found in *engine.ini, will not use an Shared cache.
[2022.02.21-20.19.23:711][  0]LogDerivedDataCache: Unable to find inner node Shared for hierarchical cache Hierarchy.
[2022.02.21-20.19.23:759][  0]LogSlate: Using FreeType 2.10.0
[2022.02.21-20.19.23:759][  0]LogSlate: SlateFontServices - WITH_FREETYPE: 1, WITH_HARFBUZZ: 1
[2022.02.21-20.19.24:260][  0]LogHMD: Failed to get an OpenXR system, result is XR_ERROR_FORM_FACTOR_UNAVAILABLE. Please check that your runtime supports VR headsets.
[2022.02.21-20.19.24:349][  0]LogInit: Using OS detected language (en-US).
[2022.02.21-20.19.24:349][  0]LogInit: Using OS detected locale (en-US).
[2022.02.21-20.19.24:349][  0]LogTextLocalizationManager: No localization for 'en-US' exists, so 'en' will be used for the language.
[2022.02.21-20.19.24:349][  0]LogTextLocalizationManager: No localization for 'en-US' exists, so 'en' will be used for the locale.
[2022.02.21-20.19.24:349][  0]LogSlate: FontCache flush requested. Reason: Culture for localization was changed
[2022.02.21-20.19.24:349][  0]LogSlate: FontCache flush requested. Reason: Culture for localization was changed
[2022.02.21-20.19.24:364][  0]LogTextLocalizationManager: Compacting localization data took   0.00ms
[2022.02.21-20.19.24:364][  0]LogAssetRegistry: FAssetRegistry took 0.0015 seconds to start up
[2022.02.21-20.19.24:518][  0]LogPackageLocalizationCache: Processed 27 localized package path(s) for 1 prioritized culture(s) in 0.001654 seconds
[2022.02.21-20.19.24:578][  0]LogInit: Selected Device Profile: [Windows]
[2022.02.21-20.19.24:578][  0]LogInit: Active device profile: [00000249C2800A00][00000249B8E375C0 49] Windows
[2022.02.21-20.19.24:578][  0]LogInit: Profiles: [00000249C2800A00][00000249B8E375C0 49] Windows, [00000249C27C9A00][00000249BA4DF700 49] WindowsNoEditor, [00000249C2803500][00000249BA4E7880 49] WindowsServer, [00000249C27CBD00][00000249BA4EBA00 49] WindowsClient, [00000249C2803300][00000249B8BF3B80 49] IOS, [00000249C27CBF00][00000249B8BF6180 49] iPadAir, [00000249C2802000][00000249B8BFA300 49] iPadAir2, [00000249C276CC00][00000249B8C025C0 49] IPadPro, [00000249C276CD00][00000249B8BFE600 49] iPadAir3, [00000249C27CB300][00000249B8C06780 49] iPadAir4, [00000249C276F200][00000249B8C0A900 49] iPadMini2, [00000249C27CAA00][00000249B8C0EA80 49] iPadMini3, [00000249C276D700][00000249B8C12C00 49] iPadMini4, [00000249C27CA300][00000249B8C16D80 49] iPadMini5, [00000249C2780500][00000249B8C1F040 49] iPhone6, [00000249C2780600][00000249B8C1B080 49] iPodTouch6, [00000249C276F800][00000249B8C27340 49] iPhone7, [00000249C276DC00][00000249B8C23380 49] iPodTouch7, [00000249C2780400][00000249BA4E34C0 49] iPhone5S, [00000249C27CA100][00000249B8D83600 49] iPhone6Plus, [00000249C2782F00][00000249B8D87740 49] iPhone6S, [00000249C276CA00][00000249B8D8B880 49] iPhone6SPlus, [00000249C2782300][00000249B8D93A00 49] iPhone7Plus, [00000249C276C100][00000249B8D97B80 49] iPhoneSE, [00000249C2780800][00000249B8D9A180 49] iPhone8, [00000249C276DF00][00000249B8D9E300 49] iPhone8Plus, [00000249C2780700][00000249B8DA2480 49] iPhoneX, [00000249C276E200][00000249B8DA6600 49] iPhoneXS, [00000249C2783800][00000249B8DAA780 49] iPhoneXSMax, [00000249C276C900][00000249B8DAE900 49] iPhoneXR, [00000249C2781900][00000249B8DB2A80 49] iPhone11, [00000249C276E800][00000249B8DB6C00 49] iPhone11Pro, [00000249C2781000][00000249B8DBAD80 49] iPhone11ProMax, [00000249C276D500][00000249B8DBEF00 49] iPhoneSE2, [00000249C2783500][00000249B8DC3080 49] iPhone12Mini, [00000249C276FD00][00000249B8DC7200 49] iPhone12, [00000249C2781F00][00000249B8DCB380 49] iPhone12Pro, [00000249C276F000][00000249C2A31500 49] iPhone12ProMax, [00000249C2781400][00000249C2A35680 49] iPadPro105, [00000249C276E700][00000249B8D8F7C0 49] iPadPro129, [00000249C2783400][00000249C2A39900 49] iPadPro97, [00000249C276E600][00000249C2A3DA40 49] iPadPro2_129, [00000249C2781E00][00000249C2A45BC0 49] iPad5, [00000249C276C200][00000249C2A481C0 49] iPad6, [00000249C2783B00][00000249C2A4C340 49] iPad7, [00000249C276FB00][00000249C2A504C0 49] iPad8, [00000249C2783A00][00000249C2A54640 49] iPadPro11, [00000249C276E900][00000249C2A587C0 49] iPadPro2_11, [00000249C2781C00][00000249C2A5C940 49] iPadPro3_129, [00000249C276CF00][00000249C2A60AC0 49] iPadPro4_129, [00000249C2780100][00000249C2A64C40 49] AppleTV, [00000249C276D000][00000249C2A68DC0 49] AppleTV4K, [00000249C2783D00][00000249C2A6CF40 49] TVOS, [00000249C276C700][00000249C2A710C0 49] Mac, [00000249C2780300][00000249C2A75240 49] MacClient, [00000249C276C600][00000249C2A793C0 49] MacNoEditor, [00000249C2781700][00000249C2A7D540 49] MacServer, [00000249C276D600][00000249C2A816C0 49] Linux, [00000249C2783000][00000249C2A85840 49] LinuxAArch64, [00000249C276F400][00000249C2A41980 49] LinuxNoEditor, [00000249C2782E00][00000249C2A89AC0 49] LinuxAArch64NoEditor, [00000249C276F700][00000249C2A8DC00 49] LinuxClient, [00000249C2780C00][00000249C2A901C0 49] LinuxAArch64Client, [00000249C276E400][00000249C2A98340 49] LinuxServer, [00000249C2783E00][00000249C2A9C4C0 49] LinuxAArch64Server, [00000249C276F900][00000249C2AA0640 49] Android, [00000249C2780B00][00000249C2AA47C0 49] Android_Low, [00000249C276F500][00000249C2AA8940 49] Android_Mid, [00000249C2782800][00000249C2AACAC0 49] Android_High, [00000249C27CB800][00000249C2AB0C40 49] Android_Default, [00000249C2802100][00000249C2AB4DC0 49] Android_Adreno4xx, [00000249C27CBE00][00000249C2AB8F40 49] Android_Adreno5xx_Low, [00000249C2802B00][00000249C2ABD0C0 49] Android_Adreno5xx, [00000249C27CB200][00000249C2AC1240 49] Android_Adreno6xx, [00000249C2802800][00000249C2AC53C0 49] Android_Adreno6xx_Vulkan, [00000249C27C9900][00000249C2AC9540 49] Android_Mali_T6xx, [00000249C2803B00][00000249C2ACD6C0 49] Android_Mali_T7xx, [00000249C27C8B00][00000249C2AD1840 49] Android_Mali_T8xx, [00000249C2803E00][00000249C2AD59C0 49] Android_Mali_G71, [00000249C27C8A00][00000249C2A95B00 49] Android_Mali_G72, [00000249C2801800][00000249C2AD80C0 49] Android_Mali_G72_Vulkan, [00000249C27CB600][00000249C2ADC200 49] Android_Mali_G76, [00000249C2801B00][00000249C2AE0340 49] Android_Mali_G76_Vulkan, [00000249C27C9F00][00000249C2AE84C0 49] Android_Mali_G77, [00000249C2801000][00000249C2AEC640 49] Android_Mali_G77_Vulkan, [00000249C27C9700][00000249C2AF07C0 49] Android_Mali_G78, [00000249C2802900][00000249C2AF4940 49] Android_Mali_G78_Vulkan, [00000249C27CA800][00000249C2AF8AC0 49] Android_Mali_G710, [00000249C2800700][00000249C2AFCC40 49] Android_Mali_G710_Vulkan, [00000249C27C9100][00000249C2B00DC0 49] Android_Vulkan_SM5, [00000249C2801600][00000249C2B04F40 49] Android_PowerVR_G6xxx, [00000249C27C9500][00000249C2B090C0 49] Android_PowerVR_GT7xxx, [00000249C2802F00][00000249C2B0D240 49] Android_PowerVR_GE8xxx, [00000249C27C9400][00000249C2B113C0 49] Android_PowerVR_GM9xxx, [00000249C2800300][00000249C2B15540 49] Android_PowerVR_GM9xxx_Vulkan, [00000249C27C8400][00000249C2B196C0 49] Android_TegraK1, [00000249C2802C00][00000249C2B1D840 49] Android_Unknown_Vulkan, [00000249C27C8300][00000249C2B219C0 49] Lumin, [00000249C276D900][00000249C2B25B40 49] Lumin_Desktop, [00000249C27CAE00][00000249C2B28140 49] HoloLens, 
[2022.02.21-20.19.24:613][  0]LogMeshReduction: Using QuadricMeshReduction for automatic static mesh reduction
[2022.02.21-20.19.24:613][  0]LogMeshReduction: Using SimplygonMeshReduction for automatic skeletal mesh reduction
[2022.02.21-20.19.24:613][  0]LogMeshReduction: Using ProxyLODMeshReduction for automatic mesh merging
[2022.02.21-20.19.24:613][  0]LogMeshReduction: No distributed automatic mesh merging module available
[2022.02.21-20.19.24:613][  0]LogMeshMerging: No distributed automatic mesh merging module available
[2022.02.21-20.19.24:750][  0]LogNetVersion: GAME259_A_URE 1.0.0, NetCL: 17155196, EngineNetVer: 17, GameNetVer: 0 (Checksum: 2250587433)
[2022.02.21-20.19.24:985][  0]LogTexture: Default maximum texture size for cubemaps generated from long-lat sources has been changed from 512 to unlimited. In order to preserve old behaiour for '/Engine/MapTemplates/Sky/DaylightAmbientCubemap.DaylightAmbientCubemap', its maximum texture size has been explicitly set to 512.
[2022.02.21-20.19.25:043][  0]LogHMD: PokeAHoleMaterial loaded successfully
[2022.02.21-20.19.25:136][  0]LogMoviePlayer: Initializing movie player
[2022.02.21-20.19.25:275][  0]LogNiagaraDebuggerClient: Niagara Debugger Client Initialized | Session: DA62628C4C941C657BE77498D7D07E24 | Instance: 151238274E64291DEA9B95B8B811FE28 (OMEN-11440).
[2022.02.21-20.19.25:289][  0]LogCollectionManager: Loaded 0 collections in 0.001002 seconds
[2022.02.21-20.19.25:291][  0]LogFileCache: Scanning file cache for directory 'D:/GitHub/GAME259-2022-A/GAME259_A_URE/Saved/Collections/' took 0.00s
[2022.02.21-20.19.25:291][  0]LogFileCache: Scanning file cache for directory 'D:/GitHub/GAME259-2022-A/GAME259_A_URE/Content/Developers/James/Collections/' took 0.00s
[2022.02.21-20.19.25:292][  0]LogFileCache: Scanning file cache for directory 'D:/GitHub/GAME259-2022-A/GAME259_A_URE/Content/Collections/' took 0.00s
[2022.02.21-20.19.25:292][  0]LogCollectionManager: Fixed up redirectors for 0 collections in 0.000001 seconds (updated 0 objects)
[2022.02.21-20.19.25:307][  0]LogPython: Using Python 3.7.7
[2022.02.21-20.19.25:803][  0]LogUdpMessaging: Initializing bridge on interface 0.0.0.0:0 to multicast group 230.0.0.1:6666.
[2022.02.21-20.19.25:806][  0]LogTcpMessaging: Initializing TcpMessaging bridge
[2022.02.21-20.19.25:838][  0]LogSteamShared: Display: Loading Steam SDK 1.51
[2022.02.21-20.19.25:839][  0]LogSteamShared: Steam SDK Loaded!
[2022.02.21-20.19.26:026][  0]SourceControl: Source control is disabled
[2022.02.21-20.19.26:026][  0]SourceControl: Source control is disabled
[2022.02.21-20.19.26:028][  0]SourceControl: Source control is disabled
[2022.02.21-20.19.26:034][  0]LogUProjectInfo: Found projects:
[2022.02.21-20.19.26:099][  0]LogOpenImageDenoise: OIDN starting up
[2022.02.21-20.19.26:124][  0]LogAndroidPermission: UAndroidPermissionCallbackProxy::GetInstance
[2022.02.21-20.19.26:138][  0]LogAudioCaptureCore: Display: No Audio Capture implementations found. Audio input will be silent.
[2022.02.21-20.19.26:138][  0]LogAudioCaptureCore: Display: No Audio Capture implementations found. Audio input will be silent.
[2022.02.21-20.19.26:202][  0]LogOcInput: OculusInput pre-init called
[2022.02.21-20.19.26:210][  0]LogUObjectArray: 23049 objects as part of root set at end of initial load.
[2022.02.21-20.19.26:210][  0]LogUObjectAllocator: 6399616 out of 0 bytes used by permanent object pool.
[2022.02.21-20.19.26:211][  0]LogUObjectArray: CloseDisregardForGC: 0/0 objects in disregard for GC pool
[2022.02.21-20.19.26:251][  0]LogClass: Display: IntProperty FServerInfo::CurrentPlayers is not initialized properly. Module:GAME259_A_URE File:GameInstance_GAME259_A_URE.h
[2022.02.21-20.19.26:251][  0]LogClass: Display: IntProperty FServerInfo::MaxPlayers is not initialized properly. Module:GAME259_A_URE File:GameInstance_GAME259_A_URE.h
[2022.02.21-20.19.26:251][  0]LogClass: Display: IntProperty FServerInfo::ServerArrayIndex is not initialized properly. Module:GAME259_A_URE File:GameInstance_GAME259_A_URE.h
[2022.02.21-20.19.26:251][  0]LogClass: Display: 3 Uninitialized script struct members found including 0 object properties
[2022.02.21-20.19.26:252][  0]LogEngine: Initializing Engine...
[2022.02.21-20.19.26:754][  0]LogHMD: Failed to get an OpenXR system, result is XR_ERROR_FORM_FACTOR_UNAVAILABLE. Please check that your runtime supports VR headsets.
[2022.02.21-20.19.26:754][  0]LogMagicLeap: Warning: VR disabled because ZI is not enabled.  To enable, in the editor, Edit -> Project Settings -> Plugins -> Magic Leap Plugin -> Enable Zero Iteration
[2022.02.21-20.19.26:755][  0]LogStats: UGameplayTagsManager::InitializeManager -  0.000 s
[2022.02.21-20.19.26:855][  0]LogInit: Initializing FReadOnlyCVARCache
[2022.02.21-20.19.26:855][  0]LogAudio: Display: Initializing Audio Device Manager...
[2022.02.21-20.19.26:859][  0]LogAudio: Display: Loading Default Audio Settings Objects...
[2022.02.21-20.19.26:859][  0]LogAudio: Display: No default SoundConcurrencyObject specified (or failed to load).
[2022.02.21-20.19.26:860][  0]LogAudio: Display: Audio Device Manager Initialized
[2022.02.21-20.19.26:860][  0]LogAudio: Display: Creating Audio Device:                 Id: 1, Scope: Shared, Realtime: True
[2022.02.21-20.19.26:860][  0]LogAudioMixer: Display: Audio Mixer Platform Settings:
[2022.02.21-20.19.26:860][  0]LogAudioMixer: Display: 	Sample Rate:						  48000
[2022.02.21-20.19.26:860][  0]LogAudioMixer: Display: 	Callback Buffer Frame Size Requested: 1024
[2022.02.21-20.19.26:860][  0]LogAudioMixer: Display: 	Callback Buffer Frame Size To Use:	  1024
[2022.02.21-20.19.26:860][  0]LogAudioMixer: Display: 	Number of buffers to queue:			  2
[2022.02.21-20.19.26:860][  0]LogAudioMixer: Display: 	Max Channels (voices):				  32
[2022.02.21-20.19.26:860][  0]LogAudioMixer: Display: 	Number of Async Source Workers:		  0
[2022.02.21-20.19.26:860][  0]LogAudio: Display: AudioDevice MaxSources: 32
[2022.02.21-20.19.26:861][  0]LogAudio: Display: Audio Spatialization Plugin: None (built-in).
[2022.02.21-20.19.26:861][  0]LogAudio: Display: Audio Reverb Plugin: None (built-in).
[2022.02.21-20.19.26:861][  0]LogAudio: Display: Audio Occlusion Plugin: None (built-in).
[2022.02.21-20.19.26:861][  0]LogAudioMixer: Display: Initializing audio mixer.
[2022.02.21-20.19.26:887][  0]LogAudioMixer: Display: 0: FrontLeft
[2022.02.21-20.19.26:887][  0]LogAudioMixer: Display: 1: FrontRight
[2022.02.21-20.19.26:940][  0]LogAudioMixer: Display: Using Audio Device Headphones (Arctis 7 Game)
[2022.02.21-20.19.26:946][  0]LogAudioMixer: Display: Initializing Sound Submixes...
[2022.02.21-20.19.26:949][  0]LogAudioMixer: Display: Creating Master Submix 'MasterSubmixDefault'
[2022.02.21-20.19.26:949][  0]LogAudioMixer: Display: Creating Master Submix 'MasterReverbSubmixDefault'
[2022.02.21-20.19.26:950][  0]LogAudioMixer: Display: Creating Master Submix 'MasterEQSubmixDefault'
[2022.02.21-20.19.26:950][  0]LogAudioMixer: FMixerPlatformXAudio2::StartAudioStream() called
[2022.02.21-20.19.26:950][  0]LogAudioMixer: Display: Output buffers initialized: Frames=1024, Channels=2, Samples=2048
[2022.02.21-20.19.26:951][  0]LogAudioMixer: Display: Starting AudioMixerPlatformInterface::RunInternal()
[2022.02.21-20.19.26:951][  0]LogAudioMixer: Display: FMixerPlatformXAudio2::SubmitBuffer() called for the first time
[2022.02.21-20.19.26:951][  0]LogInit: FAudioDevice initialized.
[2022.02.21-20.19.26:961][  0]LogNetVersion: Set ProjectVersion to 1.0.0.0. Version Checksum will be recalculated on next use.
[2022.02.21-20.19.26:966][  0]LogInit: Texture streaming: Enabled
[2022.02.21-20.19.27:030][  0]LogAudio: Display: Audio Device (ID: 1) registered with world 'Untitled'.
[2022.02.21-20.19.27:030][  0]LogSlate: Updating window title bar state: overlay mode, drag disabled, window buttons hidden, title bar hidden
[2022.02.21-20.19.27:056][  0]LogInit: Display: Game Engine Initialized.
[2022.02.21-20.19.27:067][  0]LogNiagaraEditor: GEditor isn't valid! Particle reset commands will not work for Niagara components!
[2022.02.21-20.19.27:124][  0]LogInit: Display: Starting Game.
[2022.02.21-20.19.27:135][  0]LogNet: Browse: /Game/LobbySystem/Levels/Networking_GameTestMap?Name=Player?Listen
[2022.02.21-20.19.27:135][  0]LogLoad: LoadMap: /Game/LobbySystem/Levels/Networking_GameTestMap?Name=Player?Listen
[2022.02.21-20.19.27:135][  0]LogWorld: BeginTearingDown for /Temp/Untitled_0
[2022.02.21-20.19.27:137][  0]LogWorld: UWorld::CleanupWorld for Untitled, bSessionEnded=true, bCleanupResources=true
[2022.02.21-20.19.27:137][  0]LogSlate: InvalidateAllWidgets triggered.  All widgets were invalidated
[2022.02.21-20.19.27:142][  0]LogAudio: Display: Audio Device unregistered from world 'None'.
[2022.02.21-20.19.27:156][  0]LogUObjectHash: Compacting FUObjectHashTables data took   0.69ms
[2022.02.21-20.19.27:202][  0]LogAudio: Display: Audio Device (ID: 1) registered with world 'Networking_GameTestMap'.
[2022.02.21-20.19.27:208][  0]LogAIModule: Creating AISystem for world Networking_GameTestMap
[2022.02.21-20.19.27:208][  0]LogLoad: Game class is 'GAME259_A_UREGameMode'
[2022.02.21-20.19.27:209][  0]LogNet: ReplicationDriverClass is null! Not using ReplicationDriver.
[2022.02.21-20.19.27:209][  0]LogNetCore: DDoS detection status: detection enabled: 0 analytics enabled: 0
[2022.02.21-20.19.27:209][  0]LogInit: WinSock: Socket queue. Rx: 131072 (config 131072) Tx: 131072 (config 131072)
[2022.02.21-20.19.27:209][  0]LogNet: Created socket for bind address: 0.0.0.0 on port 17777
[2022.02.21-20.19.27:209][  0]PacketHandlerLog: Loaded PacketHandler component: Engine.EngineHandlerComponentFactory (StatelessConnectHandlerComponent)
[2022.02.21-20.19.27:209][  0]LogNet: GameNetDriver IpNetDriver_0 IpNetDriver listening on port 17777
[2022.02.21-20.19.27:211][  0]LogWorld: Bringing World /Game/LobbySystem/Levels/Networking_GameTestMap.Networking_GameTestMap up for play (max tick rate 0) at 2022.02.21-15.19.27
[2022.02.21-20.19.27:222][  0]LogWorld: Bringing up level for play took: 0.012509
[2022.02.21-20.19.27:223][  0]LogOnlineSession: Warning: OSS: No game present to join for session (GameSession)
[2022.02.21-20.19.27:225][  0]LogViewport: Display: Viewport MouseCaptureMode Changed, CapturePermanently_IncludingInitialMouseDown -> CapturePermanently
[2022.02.21-20.19.27:225][  0]LogLoad: Took 0.089665 seconds to LoadMap(/Game/LobbySystem/Levels/Networking_GameTestMap)
[2022.02.21-20.19.27:424][  0]LogSlate: Took 0.000184 seconds to synchronously load lazily loaded font '../../../Engine/Content/Slate/Fonts/Roboto-Regular.ttf' (155K)
[2022.02.21-20.19.27:481][  0]LogRenderer: Reallocating scene render targets to support 640x480 Format 10 NumSamples 1 (Frame:1).
[2022.02.21-20.19.27:481][  0]LogInit: Display: Engine is initialized. Leaving FEngineLoop::Init()
[2022.02.21-20.19.27:481][  0]LogLoad: (Engine Initialization) Total time: 8.01 seconds
[2022.02.21-20.19.27:481][  0]LogLoad: (Engine Initialization) Total Blueprint compile time: 0.00 seconds
[2022.02.21-20.19.27:485][  0]LogContentStreaming: Texture pool size now 1000 MB
[2022.02.21-20.19.27:487][  0]LogSlate: InvalidateAllWidgets triggered.  All widgets were invalidated
[2022.02.21-20.19.27:519][  1]LogSlate: Took 0.000195 seconds to synchronously load lazily loaded font '../../../Engine/Content/Slate/Fonts/Roboto-Regular.ttf' (155K)
[2022.02.21-20.19.28:144][ 72]LogNet: NotifyAcceptingConnection accepted from: 127.0.0.1:57310
[2022.02.21-20.19.28:144][ 72]LogHandshake: SendConnectChallenge. Timestamp: 0.662925, Cookie: 204048143230189236141200032107014050187207067120102077027192
[2022.02.21-20.19.28:153][ 73]LogNet: NotifyAcceptingConnection accepted from: 127.0.0.1:57310
[2022.02.21-20.19.28:153][ 73]LogHandshake: SendChallengeAck. InCookie: 204048143230189236141200032107014050187207067120102077027192
[2022.02.21-20.19.28:153][ 73]LogNet: Server accepting post-challenge connection from: 127.0.0.1:57310
[2022.02.21-20.19.28:153][ 73]PacketHandlerLog: Loaded PacketHandler component: Engine.EngineHandlerComponentFactory (StatelessConnectHandlerComponent)
[2022.02.21-20.19.28:153][ 73]LogNet: NotifyAcceptedConnection: Name: Networking_GameTestMap, TimeStamp: 02/21/22 15:19:28, [UNetConnection] RemoteAddr: 127.0.0.1:57310, Name: IpConnection_0, Driver: GameNetDriver IpNetDriver_0, IsServer: YES, PC: NULL, Owner: NULL, UniqueId: INVALID
[2022.02.21-20.19.28:153][ 73]LogNet: AddClientConnection: Added client connection: [UNetConnection] RemoteAddr: 127.0.0.1:57310, Name: IpConnection_0, Driver: GameNetDriver IpNetDriver_0, IsServer: YES, PC: NULL, Owner: NULL, UniqueId: INVALID
[2022.02.21-20.19.28:163][ 74]LogNet: NotifyAcceptingChannel Control 0 server World /Game/LobbySystem/Levels/Networking_GameTestMap.Networking_GameTestMap: Accepted
[2022.02.21-20.19.28:163][ 74]LogNet: Remote platform little endian=1
[2022.02.21-20.19.28:163][ 74]LogNet: This platform little endian=1
[2022.02.21-20.19.28:163][ 74]LogNetVersion: GAME259_A_URE 1.0.0.0, NetCL: 17155196, EngineNetVer: 17, GameNetVer: 0 (Checksum: 1639948920)
[2022.02.21-20.19.28:172][ 75]LogNet: Login request: ?Name=OMEN-E0964EA84B43420420ECC09D6B480F31 userId: NULL:OMEN-E0964EA84B43420420ECC09D6B480F31 platform: NULL
[2022.02.21-20.19.28:238][100]LogNet: Client netspeed is 100000
[2022.02.21-20.19.28:238][100]LogNet: Join request: /Game/LobbySystem/Levels/LobbyMainMenu?Name=OMEN-E0964EA84B43420420ECC09D6B480F31?SplitscreenCount=1
[2022.02.21-20.19.28:238][100]LogOnlineSession: Warning: OSS: No game present to join for session (GameSession)
[2022.02.21-20.19.28:336][100]LogNet: Join succeeded: OMEN-E0964EA84B43420
[2022.02.21-20.19.31:592][ 43]LogNet: UChannel::ReceivedSequencedBunch: Bunch.bClose == true. ChIndex == 0. Calling ConditionalCleanUp.
[2022.02.21-20.19.31:592][ 43]LogNet: UChannel::CleanUp: ChIndex == 0. Closing connection. [UChannel] ChIndex: 0, Closing: 0 [UNetConnection] RemoteAddr: 127.0.0.1:57310, Name: IpConnection_0, Driver: GameNetDriver IpNetDriver_0, IsServer: YES, PC: PlayerController_1, Owner: PlayerController_1, UniqueId: NULL:OMEN-E0964EA84B43420420ECC09D6B480F31
[2022.02.21-20.19.31:592][ 43]LogNet: UNetConnection::Close: [UNetConnection] RemoteAddr: 127.0.0.1:57310, Name: IpConnection_0, Driver: GameNetDriver IpNetDriver_0, IsServer: YES, PC: PlayerController_1, Owner: PlayerController_1, UniqueId: NULL:OMEN-E0964EA84B43420420ECC09D6B480F31, Channels: 10, Time: 2022.02.21-20.19.31
[2022.02.21-20.19.31:592][ 43]LogNet: UChannel::Close: Sending CloseBunch. ChIndex == 0. Name: [UChannel] ChIndex: 0, Closing: 0 [UNetConnection] RemoteAddr: 127.0.0.1:57310, Name: IpConnection_0, Driver: GameNetDriver IpNetDriver_0, IsServer: YES, PC: PlayerController_1, Owner: PlayerController_1, UniqueId: NULL:OMEN-E0964EA84B43420420ECC09D6B480F31
[2022.02.21-20.19.31:592][ 43]LogOnlineSession: Warning: OSS: No game present to leave for session (GameSession)
[2022.02.21-20.19.33:913][ 81]LogSlate: Window 'GAME259_A_URE (64-bit Development PCD3D_SM5) ' being destroyed
[2022.02.21-20.19.33:915][ 81]LogWindowsTextInputMethodSystem: Display: IME system deactivated.
[2022.02.21-20.19.33:920][ 81]LogOnlineSession: Warning: OSS: No game present to leave for session (GameSession)
[2022.02.21-20.19.33:920][ 81]LogSlate: Updating window title bar state: overlay mode, drag disabled, window buttons hidden, title bar hidden
[2022.02.21-20.19.33:920][ 81]LogEngine: All Windows Closed
[2022.02.21-20.19.33:920][ 81]LogWindows: FPlatformMisc::RequestExit(0)
[2022.02.21-20.19.33:920][ 81]LogWindows: FPlatformMisc::RequestExitWithStatus(0, 0)
[2022.02.21-20.19.33:920][ 81]LogCore: Engine exit requested (reason: Win RequestExit)
[2022.02.21-20.19.33:920][ 82]LogCore: Engine exit requested (reason: EngineExit() was called; note: exit was already requested)
[2022.02.21-20.19.33:920][ 82]LogInit: Display: PreExit Game.
[2022.02.21-20.19.33:932][ 82]LogWorld: BeginTearingDown for /Game/LobbySystem/Levels/Networking_GameTestMap
[2022.02.21-20.19.33:932][ 82]LogNet: World NetDriver shutdown IpNetDriver_0 [GameNetDriver]
[2022.02.21-20.19.33:932][ 82]LogNet: DestroyNamedNetDriver IpNetDriver_0 [GameNetDriver]
[2022.02.21-20.19.33:932][ 82]LogExit: GameNetDriver IpNetDriver_0 shut down
[2022.02.21-20.19.33:932][ 82]LogWorld: UWorld::CleanupWorld for Networking_GameTestMap, bSessionEnded=true, bCleanupResources=true
[2022.02.21-20.19.33:933][ 82]LogSlate: InvalidateAllWidgets triggered.  All widgets were invalidated
[2022.02.21-20.19.34:760][ 82]LogAudio: Display: Beginning Audio Device Manager Shutdown (Module: AudioMixerXAudio2)...
[2022.02.21-20.19.34:760][ 82]LogAudio: Display: Destroying 1 Remaining Audio Device(s)...
[2022.02.21-20.19.34:760][ 82]LogAudio: Display: Audio Device unregistered from world 'Networking_GameTestMap'.
[2022.02.21-20.19.34:803][ 82]LogAudioMixer: FMixerPlatformXAudio2::StopAudioStream() called
[2022.02.21-20.19.34:804][ 82]LogAudioMixer: FMixerPlatformXAudio2::StopAudioStream() called
[2022.02.21-20.19.34:808][ 82]LogAudio: Display: Audio Device Manager Shutdown
[2022.02.21-20.19.34:810][ 82]LogExit: Preparing to exit.
[2022.02.21-20.19.35:816][ 82]LogSlate: Updating window title bar state: overlay mode, drag disabled, window buttons hidden, title bar hidden
[2022.02.21-20.19.35:817][ 82]LogUObjectHash: Compacting FUObjectHashTables data took   0.69ms
[2022.02.21-20.19.35:867][ 82]LogMoviePlayer: Shutting down movie player
[2022.02.21-20.19.35:977][ 82]LogDemo: Cleaned up 0 splitscreen connections with owner deletion
[2022.02.21-20.19.35:979][ 82]LogExit: Game engine shut down
[2022.02.21-20.19.36:058][ 82]LogExit: Object subsystem successfully closed.
[2022.02.21-20.19.36:070][ 82]LogShaderCompilers: Display: === FShaderJobCache stats ===
[2022.02.21-20.19.36:070][ 82]LogShaderCompilers: Display: Total job queries 0, among them cache hits 0 (0.00%)
[2022.02.21-20.19.36:070][ 82]LogShaderCompilers: Display: Tracking 0 distinct input hashes that result in 0 distinct outputs (0.00%)
[2022.02.21-20.19.36:070][ 82]LogShaderCompilers: Display: RAM used: 0.00 MB (0.00 GB) of 819.20 MB (0.80 GB) budget. Usage: 0.00%
[2022.02.21-20.19.36:070][ 82]LogShaderCompilers: Display: ================================================
[2022.02.21-20.19.36:077][ 82]LogShaderCompilers: Display: Shaders left to compile 0
[2022.02.21-20.19.36:849][ 82]LogModuleManager: Shutting down and abandoning module SequenceRecorderSections (566)
[2022.02.21-20.19.36:858][ 82]LogModuleManager: Shutting down and abandoning module SequenceRecorder (564)
[2022.02.21-20.19.36:858][ 82]LogModuleManager: Shutting down and abandoning module AutomationController (562)
[2022.02.21-20.19.36:864][ 82]LogModuleManager: Shutting down and abandoning module AutomationWorker (560)
[2022.02.21-20.19.36:874][ 82]LogModuleManager: Shutting down and abandoning module Voice (558)
[2022.02.21-20.19.36:874][ 82]LogModuleManager: Shutting down and abandoning module AIModule (556)
[2022.02.21-20.19.36:886][ 82]LogModuleManager: Shutting down and abandoning module GameplayDebugger (555)
[2022.02.21-20.19.36:886][ 82]LogModuleManager: Shutting down and abandoning module AITestSuite (553)
[2022.02.21-20.19.36:887][ 82]LogModuleManager: Shutting down and abandoning module NavigationSystem (551)
[2022.02.21-20.19.36:887][ 82]LogModuleManager: Shutting down and abandoning module OculusMR (548)
[2022.02.21-20.19.36:887][ 82]LogModuleManager: Shutting down and abandoning module TakeRecorderSources (546)
[2022.02.21-20.19.36:895][ 82]LogModuleManager: Shutting down and abandoning module TakeRecorder (545)
[2022.02.21-20.19.36:911][ 82]LogModuleManager: Shutting down and abandoning module TakeTrackRecorders (542)
[2022.02.21-20.19.36:919][ 82]LogModuleManager: Shutting down and abandoning module TakesCore (540)
[2022.02.21-20.19.36:919][ 82]LogModuleManager: Shutting down and abandoning module OpenXRInput (538)
[2022.02.21-20.19.36:919][ 82]LogModuleManager: Shutting down and abandoning module WmfMediaFactory (536)
[2022.02.21-20.19.36:919][ 82]LogModuleManager: Shutting down and abandoning module WebMMediaFactory (534)
[2022.02.21-20.19.36:919][ 82]LogModuleManager: Shutting down and abandoning module WebMMedia (532)
[2022.02.21-20.19.36:937][ 82]LogModuleManager: Shutting down and abandoning module OpenExrWrapper (530)
[2022.02.21-20.19.36:937][ 82]LogModuleManager: Shutting down and abandoning module ImgMediaFactory (528)
[2022.02.21-20.19.36:937][ 82]LogModuleManager: Shutting down and abandoning module AvfMediaFactory (526)
[2022.02.21-20.19.36:937][ 82]LogModuleManager: Shutting down and abandoning module MagicLeapMediaCodecFactory (524)
[2022.02.21-20.19.36:937][ 82]LogModuleManager: Shutting down and abandoning module MagicLeapMediaFactory (522)
[2022.02.21-20.19.36:937][ 82]LogModuleManager: Shutting down and abandoning module PlanarCut (520)
[2022.02.21-20.19.36:943][ 82]LogModuleManager: Shutting down and abandoning module CharacterAI (518)
[2022.02.21-20.19.36:943][ 82]LogModuleManager: Shutting down and abandoning module SessionServices (516)
[2022.02.21-20.19.36:943][ 82]LogModuleManager: Shutting down and abandoning module MovieSceneCapture (514)
[2022.02.21-20.19.36:959][ 82]LogModuleManager: Shutting down and abandoning module LiveCoding (512)
[2022.02.21-20.19.36:971][ 82]LogModuleManager: Shutting down and abandoning module LevelSequence (510)
[2022.02.21-20.19.36:971][ 82]LogModuleManager: Shutting down and abandoning module MovieSceneTracks (508)
[2022.02.21-20.19.36:971][ 82]LogModuleManager: Shutting down and abandoning module MovieScene (506)
[2022.02.21-20.19.37:004][ 82]LogModuleManager: Shutting down and abandoning module StreamingPauseRendering (504)
[2022.02.21-20.19.37:038][ 82]LogModuleManager: Shutting down and abandoning module PortalServices (502)
[2022.02.21-20.19.37:038][ 82]LogModuleManager: Shutting down and abandoning module PortalRpc (500)
[2022.02.21-20.19.37:038][ 82]LogModuleManager: Shutting down and abandoning module MessagingRpc (498)
[2022.02.21-20.19.37:038][ 82]LogModuleManager: Shutting down and abandoning module AudioMixerXAudio2 (496)
[2022.02.21-20.19.37:038][ 82]LogModuleManager: Shutting down and abandoning module AudioMixerCore (495)
[2022.02.21-20.19.37:038][ 82]LogModuleManager: Shutting down and abandoning module ImageWriteQueue (492)
[2022.02.21-20.19.37:041][ 82]LogModuleManager: Shutting down and abandoning module ProfilerService (490)
[2022.02.21-20.19.37:241][ 82]LogModuleManager: Shutting down and abandoning module TaskGraph (488)
[2022.02.21-20.19.37:263][ 82]LogModuleManager: Shutting down and abandoning module EOSVoiceChat (486)
[2022.02.21-20.19.37:277][ 82]LogModuleManager: Shutting down and abandoning module OculusInput (484)
[2022.02.21-20.19.37:277][ 82]LogModuleManager: Shutting down and abandoning module SQLiteSupport (482)
[2022.02.21-20.19.37:277][ 82]LogModuleManager: Shutting down and abandoning module DatabaseSupport (480)
[2022.02.21-20.19.37:277][ 82]LogModuleManager: Shutting down and abandoning module TakeMovieScene (478)
[2022.02.21-20.19.37:277][ 82]LogModuleManager: Shutting down and abandoning module Synthesis (476)
[2022.02.21-20.19.37:326][ 82]LogModuleManager: Shutting down and abandoning module ProceduralMeshComponent (472)
[2022.02.21-20.19.37:326][ 82]LogModuleManager: Shutting down and abandoning module MobilePatchingUtils (470)
[2022.02.21-20.19.37:326][ 82]LogModuleManager: Shutting down and abandoning module GooglePAD (468)
[2022.02.21-20.19.37:326][ 82]LogModuleManager: Shutting down and abandoning module CableComponent (466)
[2022.02.21-20.19.37:326][ 82]LogModuleManager: Shutting down and abandoning module EditableMesh (464)
[2022.02.21-20.19.37:343][ 82]LogModuleManager: Shutting down and abandoning module CustomMeshComponent (462)
[2022.02.21-20.19.37:343][ 82]LogModuleManager: Shutting down and abandoning module AudioCapture (460)
[2022.02.21-20.19.37:343][ 82]LogModuleManager: Shutting down and abandoning module AudioCaptureRtAudio (459)
[2022.02.21-20.19.37:355][ 82]LogModuleManager: Shutting down and abandoning module AssetTags (456)
[2022.02.21-20.19.37:355][ 82]LogModuleManager: Shutting down and abandoning module ArchVisCharacter (454)
[2022.02.21-20.19.37:355][ 82]LogModuleManager: Shutting down and abandoning module AppleImageUtilsBlueprintSupport (452)
[2022.02.21-20.19.37:355][ 82]LogModuleManager: Shutting down and abandoning module AppleImageUtils (450)
[2022.02.21-20.19.37:355][ 82]LogModuleManager: Shutting down and abandoning module AndroidPermission (448)
[2022.02.21-20.19.37:355][ 82]LogModuleManager: Shutting down and abandoning module ActorLayerUtilities (446)
[2022.02.21-20.19.37:355][ 82]LogModuleManager: Shutting down and abandoning module TemplateSequence (444)
[2022.02.21-20.19.37:376][ 82]LogModuleManager: Shutting down and abandoning module MediaCompositing (442)
[2022.02.21-20.19.37:376][ 82]LogModuleManager: Shutting down and abandoning module ImgMedia (440)
[2022.02.21-20.19.37:376][ 82]LogModuleManager: Shutting down and abandoning module MagicLeapSharedWorld (438)
[2022.02.21-20.19.37:376][ 82]LogModuleManager: Shutting down and abandoning module MagicLeapLightEstimation (436)
[2022.02.21-20.19.37:376][ 82]LogModuleManager: Shutting down and abandoning module MagicLeapHelperVulkan (434)
[2022.02.21-20.19.37:376][ 82]LogModuleManager: Shutting down and abandoning module MagicLeapHelperOpenGL (432)
[2022.02.21-20.19.37:376][ 82]LogModuleManager: Shutting down and abandoning module MagicLeapAudio (430)
[2022.02.21-20.19.37:386][ 82]LogModuleManager: Shutting down and abandoning module OpenImageDenoise (428)
[2022.02.21-20.19.37:386][ 82]LogOpenImageDenoise: OIDN shutting down
[2022.02.21-20.19.37:386][ 82]LogModuleManager: Shutting down and abandoning module MotoSynth (426)
[2022.02.21-20.19.37:386][ 82]LogModuleManager: Shutting down and abandoning module GeometryCollectionTracks (424)
[2022.02.21-20.19.37:386][ 82]LogModuleManager: Shutting down and abandoning module GeometryCollectionSequencer (423)
[2022.02.21-20.19.37:386][ 82]LogModuleManager: Shutting down and abandoning module MeshConversion (420)
[2022.02.21-20.19.37:392][ 82]LogModuleManager: Shutting down and abandoning module DynamicMesh (418)
[2022.02.21-20.19.37:415][ 82]LogModuleManager: Shutting down and abandoning module GeometryAlgorithms (416)
[2022.02.21-20.19.37:425][ 82]LogModuleManager: Shutting down and abandoning module GeometricObjects (414)
[2022.02.21-20.19.37:441][ 82]LogModuleManager: Shutting down and abandoning module GeometryCacheTracks (412)
[2022.02.21-20.19.37:441][ 82]LogModuleManager: Shutting down and abandoning module GeometryCacheSequencer (411)
[2022.02.21-20.19.37:441][ 82]LogModuleManager: Shutting down and abandoning module GeometryCache (408)
[2022.02.21-20.19.37:441][ 82]LogModuleManager: Shutting down and abandoning module GeometryCacheEd (407)
[2022.02.21-20.19.37:441][ 82]LogModuleManager: Shutting down and abandoning module ChaosNiagara (404)
[2022.02.21-20.19.37:448][ 82]LogModuleManager: Shutting down and abandoning module FieldSystemEngine (403)
[2022.02.21-20.19.37:448][ 82]LogModuleManager: Shutting down and abandoning module BackChannel (400)
[2022.02.21-20.19.37:468][ 82]LogModuleManager: Shutting down and abandoning module AutomationUtils (398)
[2022.02.21-20.19.37:468][ 82]LogModuleManager: Shutting down and abandoning module UObjectPlugin (396)
[2022.02.21-20.19.37:468][ 82]LogModuleManager: Shutting down and abandoning module VisualStudioCodeSourceCodeAccess (394)
[2022.02.21-20.19.37:468][ 82]LogModuleManager: Shutting down and abandoning module VisualStudioSourceCodeAccess (392)
[2022.02.21-20.19.37:484][ 82]LogModuleManager: Shutting down and abandoning module HotReload (391)
[2022.02.21-20.19.37:525][ 82]LogModuleManager: Shutting down and abandoning module SubversionSourceControl (388)
[2022.02.21-20.19.37:599][ 82]LogModuleManager: Shutting down and abandoning module PerforceSourceControl (386)
[2022.02.21-20.19.37:633][ 82]LogModuleManager: Shutting down and abandoning module SourceControl (385)
[2022.02.21-20.19.37:645][ 82]LogModuleManager: Shutting down and abandoning module CLionSourceCodeAccess (382)
[2022.02.21-20.19.37:645][ 82]LogModuleManager: Shutting down and abandoning module OodleNetworkHandlerComponent (380)
[2022.02.21-20.19.37:645][ 82]LogModuleManager: Shutting down and abandoning module LiveLinkSequencer (378)
[2022.02.21-20.19.37:645][ 82]LogModuleManager: Shutting down and abandoning module LiveLinkMovieScene (376)
[2022.02.21-20.19.37:645][ 82]LogModuleManager: Shutting down and abandoning module LiveLinkGraphNode (374)
[2022.02.21-20.19.37:645][ 82]LogModuleManager: Shutting down and abandoning module LiveLinkComponents (372)
[2022.02.21-20.19.37:645][ 82]LogModuleManager: Shutting down and abandoning module LiveLink (370)
[2022.02.21-20.19.37:998][ 82]LogModuleManager: Shutting down and abandoning module GAME259_A_URE (368)
[2022.02.21-20.19.37:998][ 82]LogModuleManager: Shutting down and abandoning module AnimGraph (367)
[2022.02.21-20.19.38:002][ 82]LogModuleManager: Shutting down and abandoning module SteamShared (364)
[2022.02.21-20.19.38:003][ 82]LogSteamShared: Freeing the Steam Loaded Modules...
[2022.02.21-20.19.38:026][ 82]LogModuleManager: Shutting down and abandoning module SQLiteCore (362)
[2022.02.21-20.19.38:046][ 82]LogModuleManager: Shutting down and abandoning module LightPropagationVolumeRuntime (360)
[2022.02.21-20.19.38:046][ 82]LogModuleManager: Shutting down and abandoning module SoundFields (358)
[2022.02.21-20.19.38:046][ 82]LogModuleManager: Shutting down and abandoning module SignificanceManager (356)
[2022.02.21-20.19.38:046][ 82]LogModuleManager: Shutting down and abandoning module RuntimePhysXCooking (354)
[2022.02.21-20.19.38:046][ 82]LogModuleManager: Shutting down and abandoning module PropertyAccessEditor (352)
[2022.02.21-20.19.38:095][ 82]LogModuleManager: Shutting down and abandoning module PhysXVehiclesEditor (350)
[2022.02.21-20.19.38:095][ 82]LogModuleManager: Shutting down and abandoning module LocationServicesBPLibrary (346)
[2022.02.21-20.19.38:095][ 82]LogModuleManager: Shutting down and abandoning module AudioSynesthesia (344)
[2022.02.21-20.19.38:121][ 82]LogModuleManager: Shutting down and abandoning module AudioSynesthesiaCore (342)
[2022.02.21-20.19.38:121][ 82]LogModuleManager: Shutting down and abandoning module TcpMessaging (340)
[2022.02.21-20.19.38:231][ 82]LogModuleManager: Shutting down and abandoning module UdpMessaging (338)
[2022.02.21-20.19.38:332][ 82]LogModuleManager: Shutting down and abandoning module ActorSequence (336)
[2022.02.21-20.19.38:332][ 82]LogModuleManager: Shutting down and abandoning module ImgMediaEngine (334)
[2022.02.21-20.19.38:332][ 82]LogModuleManager: Shutting down and abandoning module MagicLeapARPin (332)
[2022.02.21-20.19.38:332][ 82]LogModuleManager: Shutting down and abandoning module MagicLeapHandMeshing (330)
[2022.02.21-20.19.38:332][ 82]LogModuleManager: Shutting down and abandoning module MagicLeapSecureStorage (328)
[2022.02.21-20.19.38:332][ 82]LogModuleManager: Shutting down and abandoning module MagicLeapPrivileges (326)
[2022.02.21-20.19.38:346][ 82]LogModuleManager: Shutting down and abandoning module MagicLeapPlanes (324)
[2022.02.21-20.19.38:384][ 82]LogMagicLeapPlanes: Planes tracker already destroyed.
[2022.02.21-20.19.38:384][ 82]LogModuleManager: Shutting down and abandoning module MagicLeapImageTracker (322)
[2022.02.21-20.19.38:384][ 82]LogModuleManager: Shutting down and abandoning module MagicLeapIdentity (320)
[2022.02.21-20.19.38:384][ 82]LogModuleManager: Shutting down and abandoning module MagicLeapHandTracking (318)
[2022.02.21-20.19.38:393][ 82]LogModuleManager: Shutting down and abandoning module MagicLeapEyeTracker (316)
[2022.02.21-20.19.38:393][ 82]LogModuleManager: Shutting down and abandoning module MagicLeapController (314)
[2022.02.21-20.19.38:393][ 82]LogModuleManager: Shutting down and abandoning module MagicLeapARPinImpl (312)
[2022.02.21-20.19.38:393][ 82]LogModuleManager: Shutting down and abandoning module MagicLeapAR (310)
[2022.02.21-20.19.38:393][ 82]LogModuleManager: Shutting down and abandoning module PythonScriptPlugin (308)
[2022.02.21-20.19.38:393][ 82]LogModuleManager: Shutting down and abandoning module NiagaraAnimNotifies (306)
[2022.02.21-20.19.38:393][ 82]LogModuleManager: Shutting down and abandoning module Niagara (304)
