Log file open, 02/26/22 19:33:56
LogWindows: Failed to load 'aqProf.dll' (GetLastError=126)
LogWindows: File 'aqProf.dll' does not exist
LogWindows: Failed to load 'VtuneApi.dll' (GetLastError=126)
LogWindows: File 'VtuneApi.dll' does not exist
LogWindows: Failed to load 'VtuneApi32e.dll' (GetLastError=126)
LogWindows: File 'VtuneApi32e.dll' does not exist
LogConsoleResponse: Display: Failed to find resolution value strings in scalability ini. Falling back to default.
LogConsoleResponse: Display: Failed to find resolution value strings in scalability ini. Falling back to default.
LogInit: Display: Running engine for game: GAME259_A_URE
LogPlatformFile: Not using cached read wrapper
LogTaskGraph: Started task graph with 5 named threads and 35 total threads with 3 sets of task threads.
LogStats: Stats thread started at 0.309881
LogICUInternationalization: ICU TimeZone Detection - Raw Offset: -5:00, Platform Override: ''
LogInit: Display: Loading text-based GConfig....
LogPluginManager: Mounting plugin MegascansPlugin
LogPluginManager: Mounting plugin MeshPainting
LogPluginManager: Mounting plugin XGEController
LogPluginManager: Mounting plugin LightPropagationVolume
LogPluginManager: Mounting plugin Paper2D
LogPluginManager: Mounting plugin LiveLink
LogPluginManager: Mounting plugin AISupport
LogPluginManager: Mounting plugin EnvironmentQueryEditor
LogPluginManager: Mounting plugin OodleData
LogPluginManager: Mounting plugin CLionSourceCodeAccess
LogPluginManager: Mounting plugin OodleNetwork
LogPluginManager: Mounting plugin CodeLiteSourceCodeAccess
LogPluginManager: Mounting plugin AnimationSharing
LogPluginManager: Mounting plugin GitSourceControl
LogPluginManager: Mounting plugin KDevelopSourceCodeAccess
LogPluginManager: Mounting plugin NullSourceCodeAccess
LogPluginManager: Mounting plugin PerforceSourceControl
LogPluginManager: Mounting plugin PixWinPlugin
LogPluginManager: Mounting plugin PlasticSourceControl
LogPluginManager: Mounting plugin PluginUtils
LogPluginManager: Mounting plugin PropertyAccessNode
LogPluginManager: Mounting plugin RiderLink
LogPluginManager: Mounting plugin RiderSourceCodeAccess
LogPluginManager: Mounting plugin SubversionSourceControl
LogPluginManager: Mounting plugin TextureFormatOodle
LogPluginManager: Mounting plugin VisualStudioCodeSourceCodeAccess
LogPluginManager: Mounting plugin UObjectPlugin
LogPluginManager: Mounting plugin VisualStudioSourceCodeAccess
LogPluginManager: Mounting plugin XCodeSourceCodeAccess
LogPluginManager: Mounting plugin AssetManagerEditor
LogPluginManager: Mounting plugin DatasmithContent
LogPluginManager: Mounting plugin VariantManagerContent
LogPluginManager: Mounting plugin CryptoKeys
LogPluginManager: Mounting plugin CurveEditorTools
LogPluginManager: Mounting plugin FacialAnimation
LogPluginManager: Mounting plugin EditorScriptingUtilities
LogPluginManager: Mounting plugin DataValidation
LogPluginManager: Mounting plugin GameplayTagsEditor
LogPluginManager: Mounting plugin GeometryMode
LogPluginManager: Mounting plugin MaterialAnalyzer
LogPluginManager: Mounting plugin MacGraphicsSwitching
LogPluginManager: Mounting plugin PluginBrowser
LogPluginManager: Mounting plugin SpeedTreeImporter
LogPluginManager: Mounting plugin MobileLauncherProfileWizard
LogPluginManager: Mounting plugin AlembicImporter
LogPluginManager: Mounting plugin AutomationUtils
LogPluginManager: Mounting plugin BackChannel
LogPluginManager: Mounting plugin ChaosCloth
LogPluginManager: Mounting plugin ChaosClothEditor
LogPluginManager: Mounting plugin ChaosNiagara
LogPluginManager: Mounting plugin CharacterAI
LogPluginManager: Mounting plugin ChaosEditor
LogPluginManager: Mounting plugin ChaosSolverPlugin
LogPluginManager: Mounting plugin Niagara
LogPluginManager: Mounting plugin GeometryCache
LogPluginManager: Mounting plugin GeometryCollectionPlugin
LogPluginManager: Mounting plugin GeometryProcessing
LogPluginManager: Mounting plugin MotoSynth
LogPluginManager: Mounting plugin OpenImageDenoise
LogPluginManager: Mounting plugin AndroidMedia
LogPluginManager: Mounting plugin PlanarCut
LogPluginManager: Mounting plugin ProxyLODPlugin
LogPluginManager: Mounting plugin PythonScriptPlugin
LogPluginManager: Mounting plugin SkeletalReduction
LogPluginManager: Mounting plugin PlatformCrypto
LogPluginManager: Mounting plugin AvfMedia
LogPluginManager: Mounting plugin ImgMedia
LogPluginManager: Mounting plugin MediaCompositing
LogPluginManager: Mounting plugin MediaPlayerEditor
LogPluginManager: Mounting plugin WebMMedia
LogPluginManager: Mounting plugin WmfMedia
LogPluginManager: Mounting plugin LuminPlatformFeatures
LogPluginManager: Mounting plugin MagicLeap
LogPluginManager: Mounting plugin MagicLeapLightEstimation
LogPluginManager: Mounting plugin MagicLeapMedia
LogPluginManager: Mounting plugin MagicLeapPassableWorld
LogPluginManager: Mounting plugin MLSDK
LogPluginManager: Mounting plugin ActorSequence
LogPluginManager: Mounting plugin LevelSequenceEditor
LogPluginManager: Mounting plugin MatineeToLevelSequence
LogPluginManager: Mounting plugin TemplateSequence
LogPluginManager: Mounting plugin EOSShared
LogPluginManager: Mounting plugin OnlineSubsystem
LogPluginManager: Mounting plugin OnlineSubsystemNull
LogPluginManager: Mounting plugin ActorLayerUtilities
LogPluginManager: Mounting plugin OnlineSubsystemUtils
LogPluginManager: Mounting plugin OnlineSubsystemSteam
LogPluginManager: Mounting plugin AndroidMoviePlayer
LogPluginManager: Mounting plugin AndroidDeviceProfileSelector
LogPluginManager: Mounting plugin AndroidPermission
LogPluginManager: Mounting plugin AppleImageUtils
LogPluginManager: Mounting plugin AppleMoviePlayer
LogPluginManager: Mounting plugin ArchVisCharacter
LogPluginManager: Mounting plugin AssetTags
LogPluginManager: Mounting plugin AudioCapture
LogPluginManager: Mounting plugin AudioSynesthesia
LogPluginManager: Mounting plugin CableComponent
LogPluginManager: Mounting plugin ChunkDownloader
LogPluginManager: Mounting plugin CustomMeshComponent
LogPluginManager: Mounting plugin EditableMesh
LogPluginManager: Mounting plugin ExampleDeviceProfileSelector
LogPluginManager: Mounting plugin GoogleCloudMessaging
LogPluginManager: Mounting plugin GooglePAD
LogPluginManager: Mounting plugin UdpMessaging
LogPluginManager: Mounting plugin TcpMessaging
LogPluginManager: Mounting plugin IOSDeviceProfileSelector
LogPluginManager: Mounting plugin LinuxDeviceProfileSelector
LogPluginManager: Mounting plugin LocationServicesBPLibrary
LogPluginManager: Mounting plugin MobilePatchingUtils
LogPluginManager: Mounting plugin OpenXREyeTracker
LogPluginManager: Mounting plugin OpenXRHandTracking
LogPluginManager: Mounting plugin LauncherChunkInstaller
LogPluginManager: Mounting plugin PhysXVehicles
LogPluginManager: Mounting plugin OpenXR
LogPluginManager: Mounting plugin PostSplashScreen
LogPluginManager: Mounting plugin ProceduralMeshComponent
LogPluginManager: Mounting plugin PropertyAccessEditor
LogPluginManager: Mounting plugin RuntimePhysXCooking
LogPluginManager: Mounting plugin SignificanceManager
LogPluginManager: Mounting plugin SoundFields
LogPluginManager: Mounting plugin Synthesis
LogPluginManager: Mounting plugin WebMMoviePlayer
LogPluginManager: Mounting plugin WindowsMoviePlayer
LogPluginManager: Mounting plugin ScreenshotTools
LogPluginManager: Mounting plugin Takes
LogPluginManager: Mounting plugin CameraShakePreviewer
LogPluginManager: Mounting plugin GameplayCameras
LogPluginManager: Mounting plugin ContentBrowserClassDataSource
LogPluginManager: Mounting plugin ContentBrowserAssetDataSource
LogPluginManager: Mounting plugin ContentBrowserFileDataSource
LogPluginManager: Mounting plugin OnlineSubsystemGooglePlay
LogPluginManager: Mounting plugin OnlineSubsystemIOS
LogPluginManager: Mounting plugin EOSVoiceChat
LogPluginManager: Mounting plugin DatabaseSupport
LogPluginManager: Mounting plugin SQLiteCore
LogPluginManager: Mounting plugin SQLiteSupport
LogPluginManager: Mounting plugin OculusVR
LogPluginManager: Mounting plugin SteamShared
PixWinPlugin: PIX capture plugin failed to initialize! Check that the process is launched from PIX.
LogInit: Using libcurl 7.55.1-DEV
LogInit:  - built for x86_64-pc-win32
LogInit:  - supports SSL with OpenSSL/1.1.1
LogInit:  - supports HTTP deflate (compression) using libz 1.2.8
LogInit:  - other features:
LogInit:      CURL_VERSION_SSL
LogInit:      CURL_VERSION_LIBZ
LogInit:      CURL_VERSION_IPV6
LogInit:      CURL_VERSION_ASYNCHDNS
LogInit:      CURL_VERSION_LARGEFILE
LogInit:      CURL_VERSION_IDN
LogInit:  CurlRequestOptions (configurable via config and command line):
LogInit:  - bVerifyPeer = true  - Libcurl will verify peer certificate
LogInit:  - bUseHttpProxy = false  - Libcurl will NOT use HTTP proxy
LogInit:  - bDontReuseConnections = false  - Libcurl will reuse connections
LogInit:  - MaxHostConnections = 16  - Libcurl will limit the number of connections to a host
LogInit:  - LocalHostAddr = Default
LogInit:  - BufferSize = 65536
LogOnline: OSS: Creating online subsystem instance for: NULL
LogInit: WinSock: version 1.1 (2.2), MaxSocks=32767, MaxUdp=65467
LogOnline: OSS: TryLoadSubsystemAndSetDefault: Loaded subsystem for module [NULL]
LogOculusPluginWrapper: OculusPlugin initialized successfully
LogHMD: Failed initializing OVRPlugin 1.59.0
LogInit: Build: ++UE4+Release-4.27-CL-18319896
LogInit: Engine Version: 4.27.2-18319896+++UE4+Release-4.27
LogInit: Compatible Engine Version: 4.27.0-17155196+++UE4+Release-4.27
LogInit: Net CL: 17155196
LogInit: OS: Windows 10 (Release 2009) (), CPU: Intel(R) Core(TM) i7-8700 CPU @ 3.20GHz, GPU: NVIDIA GeForce GTX 1070
LogInit: Compiled (64-bit): Nov 30 2021 07:12:08
LogInit: Compiled with Visual C++: 19.24.28315.00
LogInit: Build Configuration: Development
LogInit: Branch Name: ++UE4+Release-4.27
LogInit: Command Line:  /Game/LobbySystem/Levels/LobbyMainMenu -game -PIEVIACONSOLE -Multiprocess GameUserSettingsINI=D:/GitHub/GAME259-2022-A/GAME259_A_URE/Saved/Config/Windows/PIEGameUserSettings1.ini -MultiprocessSaveConfig -forcepassthrough -messaging -SessionName="Play in Standalone Game" -windowed -ResX=1280 -ResY=720
LogInit: Base Directory: D:/UE_4.27/Engine/Binaries/Win64/
LogInit: Allocator: TBB
LogInit: Installed Engine Build: 1
LogDevObjectVersion: Number of dev versions registered: 29
LogDevObjectVersion:   Dev-Blueprints (B0D832E4-1F89-4F0D-ACCF-7EB736FD4AA2): 10
LogDevObjectVersion:   Dev-Build (E1C64328-A22C-4D53-A36C-8E866417BD8C): 0
LogDevObjectVersion:   Dev-Core (375EC13C-06E4-48FB-B500-84F0262A717E): 4
LogDevObjectVersion:   Dev-Editor (E4B068ED-F494-42E9-A231-DA0B2E46BB41): 40
LogDevObjectVersion:   Dev-Framework (CFFC743F-43B0-4480-9391-14DF171D2073): 37
LogDevObjectVersion:   Dev-Mobile (B02B49B5-BB20-44E9-A304-32B752E40360): 3
LogDevObjectVersion:   Dev-Networking (A4E4105C-59A1-49B5-A7C5-40C4547EDFEE): 0
LogDevObjectVersion:   Dev-Online (39C831C9-5AE6-47DC-9A44-9C173E1C8E7C): 0
LogDevObjectVersion:   Dev-Physics (78F01B33-EBEA-4F98-B9B4-84EACCB95AA2): 14
LogDevObjectVersion:   Dev-Platform (6631380F-2D4D-43E0-8009-CF276956A95A): 0
LogDevObjectVersion:   Dev-Rendering (12F88B9F-8875-4AFC-A67C-D90C383ABD29): 45
LogDevObjectVersion:   Dev-Sequencer (7B5AE74C-D270-4C10-A958-57980B212A5A): 13
LogDevObjectVersion:   Dev-VR (D7296918-1DD6-4BDD-9DE2-64A83CC13884): 3
LogDevObjectVersion:   Dev-LoadTimes (C2A15278-BFE7-4AFE-6C17-90FF531DF755): 1
LogDevObjectVersion:   Private-Geometry (6EACA3D4-40EC-4CC1-B786-8BED09428FC5): 3
LogDevObjectVersion:   Dev-AnimPhys (29E575DD-E0A3-4627-9D10-D276232CDCEA): 17
LogDevObjectVersion:   Dev-Anim (AF43A65D-7FD3-4947-9873-3E8ED9C1BB05): 15
LogDevObjectVersion:   Dev-ReflectionCapture (6B266CEC-1EC7-4B8F-A30B-E4D90942FC07): 1
LogDevObjectVersion:   Dev-Automation (0DF73D61-A23F-47EA-B727-89E90C41499A): 1
LogDevObjectVersion:   FortniteMain (601D1886-AC64-4F84-AA16-D3DE0DEAC7D6): 47
LogDevObjectVersion:   FortniteRelease (E7086368-6B23-4C58-8439-1B7016265E91): 1
LogDevObjectVersion:   Dev-Enterprise (9DFFBCD6-494F-0158-E221-12823C92A888): 10
LogDevObjectVersion:   Dev-Niagara (F2AED0AC-9AFE-416F-8664-AA7FFA26D6FC): 1
LogDevObjectVersion:   Dev-Destruction (174F1F0B-B4C6-45A5-B13F-2EE8D0FB917D): 10
LogDevObjectVersion:   Dev-Physics-Ext (35F94A83-E258-406C-A318-09F59610247C): 41
LogDevObjectVersion:   Dev-PhysicsMaterial-Chaos (B68FC16E-8B1B-42E2-B453-215C058844FE): 1
LogDevObjectVersion:   Dev-CineCamera (B2E18506-4273-CFC2-A54E-F4BB758BBA07): 1
LogDevObjectVersion:   Dev-VirtualProduction (64F58936-FD1B-42BA-BA96-7289D5D0FA4E): 1
LogDevObjectVersion:   Dev-MediaFramework (6F0ED827-A609-4895-9C91-998D90180EA4): 2
LogInit: Presizing for max 25165824 objects, including 0 objects not considered by GC, pre-allocating 0 bytes for permanent pool.
LogConfig: Applying CVar settings from Section [/Script/Engine.StreamingSettings] File [D:/GitHub/GAME259-2022-A/GAME259_A_URE/Saved/Config/Windows/Engine.ini]
LogConfig: Setting CVar [[s.MinBulkDataSizeForAsyncLoading:131072]]
LogConfig: Setting CVar [[s.AsyncLoadingThreadEnabled:0]]
LogConfig: Setting CVar [[s.EventDrivenLoaderEnabled:1]]
LogConfig: Setting CVar [[s.WarnIfTimeLimitExceeded:0]]
LogConfig: Setting CVar [[s.TimeLimitExceededMultiplier:1.5]]
LogConfig: Setting CVar [[s.TimeLimitExceededMinTime:0.005]]
LogConfig: Setting CVar [[s.UseBackgroundLevelStreaming:1]]
LogConfig: Setting CVar [[s.PriorityAsyncLoadingExtraTime:15.0]]
LogConfig: Setting CVar [[s.LevelStreamingActorsUpdateTimeLimit:5.0]]
LogConfig: Setting CVar [[s.PriorityLevelStreamingActorsUpdateExtraTime:5.0]]
LogConfig: Setting CVar [[s.LevelStreamingComponentsRegistrationGranularity:10]]
LogConfig: Setting CVar [[s.UnregisterComponentsTimeLimit:1.0]]
LogConfig: Setting CVar [[s.LevelStreamingComponentsUnregistrationGranularity:5]]
LogConfig: Setting CVar [[s.FlushStreamingOnExit:1]]
LogInit: Object subsystem initialized
LogConfig: Setting CVar [[con.DebugEarlyDefault:1]]
LogConfig: Setting CVar [[r.setres:1280x720]]
[2022.02.27-00.33.57:952][  0]LogConfig: Setting CVar [[con.DebugEarlyDefault:1]]
[2022.02.27-00.33.57:952][  0]LogConfig: Setting CVar [[r.setres:1280x720]]
[2022.02.27-00.33.57:952][  0]LogConfig: Applying CVar settings from Section [/Script/Engine.RendererSettings] File [D:/GitHub/GAME259-2022-A/GAME259_A_URE/Saved/Config/Windows/Engine.ini]
[2022.02.27-00.33.57:952][  0]LogConfig: Setting CVar [[r.GPUCrashDebugging:0]]
[2022.02.27-00.33.57:952][  0]LogConfig: Applying CVar settings from Section [/Script/Engine.RendererOverrideSettings] File [D:/GitHub/GAME259-2022-A/GAME259_A_URE/Saved/Config/Windows/Engine.ini]
[2022.02.27-00.33.57:952][  0]LogConfig: Applying CVar settings from Section [/Script/Engine.StreamingSettings] File [D:/GitHub/GAME259-2022-A/GAME259_A_URE/Saved/Config/Windows/Engine.ini]
[2022.02.27-00.33.57:952][  0]LogConfig: Setting CVar [[s.MinBulkDataSizeForAsyncLoading:131072]]
[2022.02.27-00.33.57:952][  0]LogConfig: Setting CVar [[s.AsyncLoadingThreadEnabled:0]]
[2022.02.27-00.33.57:952][  0]LogConfig: Setting CVar [[s.EventDrivenLoaderEnabled:1]]
[2022.02.27-00.33.57:952][  0]LogConfig: Setting CVar [[s.WarnIfTimeLimitExceeded:0]]
[2022.02.27-00.33.57:952][  0]LogConfig: Setting CVar [[s.TimeLimitExceededMultiplier:1.5]]
[2022.02.27-00.33.57:952][  0]LogConfig: Setting CVar [[s.TimeLimitExceededMinTime:0.005]]
[2022.02.27-00.33.57:952][  0]LogConfig: Setting CVar [[s.UseBackgroundLevelStreaming:1]]
[2022.02.27-00.33.57:952][  0]LogConfig: Setting CVar [[s.PriorityAsyncLoadingExtraTime:15.0]]
[2022.02.27-00.33.57:952][  0]LogConfig: Setting CVar [[s.LevelStreamingActorsUpdateTimeLimit:5.0]]
[2022.02.27-00.33.57:952][  0]LogConfig: Setting CVar [[s.PriorityLevelStreamingActorsUpdateExtraTime:5.0]]
[2022.02.27-00.33.57:952][  0]LogConfig: Setting CVar [[s.LevelStreamingComponentsRegistrationGranularity:10]]
[2022.02.27-00.33.57:952][  0]LogConfig: Setting CVar [[s.UnregisterComponentsTimeLimit:1.0]]
[2022.02.27-00.33.57:952][  0]LogConfig: Setting CVar [[s.LevelStreamingComponentsUnregistrationGranularity:5]]
[2022.02.27-00.33.57:952][  0]LogConfig: Setting CVar [[s.FlushStreamingOnExit:1]]
[2022.02.27-00.33.57:952][  0]LogConfig: Applying CVar settings from Section [/Script/Engine.GarbageCollectionSettings] File [D:/GitHub/GAME259-2022-A/GAME259_A_URE/Saved/Config/Windows/Engine.ini]
[2022.02.27-00.33.57:952][  0]LogConfig: Setting CVar [[gc.MaxObjectsNotConsideredByGC:1]]
[2022.02.27-00.33.57:952][  0]LogConfig: Setting CVar [[gc.SizeOfPermanentObjectPool:0]]
[2022.02.27-00.33.57:952][  0]LogConfig: Setting CVar [[gc.FlushStreamingOnGC:0]]
[2022.02.27-00.33.57:952][  0]LogConfig: Setting CVar [[gc.NumRetriesBeforeForcingGC:10]]
[2022.02.27-00.33.57:952][  0]LogConfig: Setting CVar [[gc.AllowParallelGC:1]]
[2022.02.27-00.33.57:952][  0]LogConfig: Setting CVar [[gc.TimeBetweenPurgingPendingKillObjects:61.1]]
[2022.02.27-00.33.57:952][  0]LogConfig: Setting CVar [[gc.MaxObjectsInEditor:25165824]]
[2022.02.27-00.33.57:952][  0]LogConfig: Setting CVar [[gc.IncrementalBeginDestroyEnabled:1]]
[2022.02.27-00.33.57:952][  0]LogConfig: Setting CVar [[gc.CreateGCClusters:1]]
[2022.02.27-00.33.57:952][  0]LogConfig: Setting CVar [[gc.MinGCClusterSize:5]]
[2022.02.27-00.33.57:952][  0]LogConfig: Setting CVar [[gc.ActorClusteringEnabled:0]]
[2022.02.27-00.33.57:952][  0]LogConfig: Setting CVar [[gc.BlueprintClusteringEnabled:0]]
[2022.02.27-00.33.57:952][  0]LogConfig: Setting CVar [[gc.UseDisregardForGCOnDedicatedServers:0]]
[2022.02.27-00.33.57:952][  0]LogConfig: Setting CVar [[gc.MultithreadedDestructionEnabled:1]]
[2022.02.27-00.33.57:952][  0]LogConfig: Applying CVar settings from Section [/Script/Engine.NetworkSettings] File [D:/GitHub/GAME259-2022-A/GAME259_A_URE/Saved/Config/Windows/Engine.ini]
[2022.02.27-00.33.57:952][  0]LogConfig: Applying CVar settings from Section [/Script/UnrealEd.CookerSettings] File [D:/GitHub/GAME259-2022-A/GAME259_A_URE/Saved/Config/Windows/Engine.ini]
[2022.02.27-00.33.58:016][  0]LogConfig: Applying CVar settings from Section [ViewDistanceQuality@3] File [D:/GitHub/GAME259-2022-A/GAME259_A_URE/Saved/Config/Windows/Scalability.ini]
[2022.02.27-00.33.58:017][  0]LogConfig: Setting CVar [[r.SkeletalMeshLODBias:0]]
[2022.02.27-00.33.58:017][  0]LogConfig: Setting CVar [[r.ViewDistanceScale:1.0]]
[2022.02.27-00.33.58:017][  0]LogConfig: Applying CVar settings from Section [AntiAliasingQuality@3] File [D:/GitHub/GAME259-2022-A/GAME259_A_URE/Saved/Config/Windows/Scalability.ini]
[2022.02.27-00.33.58:017][  0]LogConfig: Setting CVar [[r.PostProcessAAQuality:4]]
[2022.02.27-00.33.58:017][  0]LogConfig: Applying CVar settings from Section [ShadowQuality@3] File [D:/GitHub/GAME259-2022-A/GAME259_A_URE/Saved/Config/Windows/Scalability.ini]
[2022.02.27-00.33.58:017][  0]LogConfig: Setting CVar [[r.LightFunctionQuality:1]]
[2022.02.27-00.33.58:017][  0]LogConfig: Setting CVar [[r.ShadowQuality:5]]
[2022.02.27-00.33.58:017][  0]LogConfig: Setting CVar [[r.Shadow.CSM.MaxCascades:10]]
[2022.02.27-00.33.58:017][  0]LogConfig: Setting CVar [[r.Shadow.MaxResolution:2048]]
[2022.02.27-00.33.58:017][  0]LogConfig: Setting CVar [[r.Shadow.MaxCSMResolution:2048]]
[2022.02.27-00.33.58:017][  0]LogConfig: Setting CVar [[r.Shadow.RadiusThreshold:0.01]]
[2022.02.27-00.33.58:017][  0]LogConfig: Setting CVar [[r.Shadow.DistanceScale:1.0]]
[2022.02.27-00.33.58:017][  0]LogConfig: Setting CVar [[r.Shadow.CSM.TransitionScale:1.0]]
[2022.02.27-00.33.58:017][  0]LogConfig: Setting CVar [[r.Shadow.PreShadowResolutionFactor:1.0]]
[2022.02.27-00.33.58:017][  0]LogConfig: Setting CVar [[r.DistanceFieldShadowing:1]]
[2022.02.27-00.33.58:017][  0]LogConfig: Setting CVar [[r.DistanceFieldAO:1]]
[2022.02.27-00.33.58:017][  0]LogConfig: Setting CVar [[r.AOQuality:2]]
[2022.02.27-00.33.58:017][  0]LogConfig: Setting CVar [[r.VolumetricFog:1]]
[2022.02.27-00.33.58:017][  0]LogConfig: Setting CVar [[r.VolumetricFog.GridPixelSize:8]]
[2022.02.27-00.33.58:017][  0]LogConfig: Setting CVar [[r.VolumetricFog.GridSizeZ:128]]
[2022.02.27-00.33.58:017][  0]LogConfig: Setting CVar [[r.VolumetricFog.HistoryMissSupersampleCount:4]]
[2022.02.27-00.33.58:017][  0]LogConfig: Setting CVar [[r.LightMaxDrawDistanceScale:1]]
[2022.02.27-00.33.58:017][  0]LogConfig: Setting CVar [[r.CapsuleShadows:1]]
[2022.02.27-00.33.58:017][  0]LogConfig: Applying CVar settings from Section [PostProcessQuality@3] File [D:/GitHub/GAME259-2022-A/GAME259_A_URE/Saved/Config/Windows/Scalability.ini]
[2022.02.27-00.33.58:017][  0]LogConfig: Setting CVar [[r.MotionBlurQuality:4]]
[2022.02.27-00.33.58:017][  0]LogConfig: Setting CVar [[r.AmbientOcclusionMipLevelFactor:0.4]]
[2022.02.27-00.33.58:017][  0]LogConfig: Setting CVar [[r.AmbientOcclusionMaxQuality:100]]
[2022.02.27-00.33.58:017][  0]LogConfig: Setting CVar [[r.AmbientOcclusionLevels:-1]]
[2022.02.27-00.33.58:017][  0]LogConfig: Setting CVar [[r.AmbientOcclusionRadiusScale:1.0]]
[2022.02.27-00.33.58:017][  0]LogConfig: Setting CVar [[r.DepthOfFieldQuality:2]]
[2022.02.27-00.33.58:017][  0]LogConfig: Setting CVar [[r.RenderTargetPoolMin:400]]
[2022.02.27-00.33.58:017][  0]LogConfig: Setting CVar [[r.LensFlareQuality:2]]
[2022.02.27-00.33.58:017][  0]LogConfig: Setting CVar [[r.SceneColorFringeQuality:1]]
[2022.02.27-00.33.58:017][  0]LogConfig: Setting CVar [[r.EyeAdaptationQuality:2]]
[2022.02.27-00.33.58:017][  0]LogConfig: Setting CVar [[r.BloomQuality:5]]
[2022.02.27-00.33.58:017][  0]LogConfig: Setting CVar [[r.FastBlurThreshold:100]]
[2022.02.27-00.33.58:017][  0]LogConfig: Setting CVar [[r.Upscale.Quality:3]]
[2022.02.27-00.33.58:017][  0]LogConfig: Setting CVar [[r.Tonemapper.GrainQuantization:1]]
[2022.02.27-00.33.58:017][  0]LogConfig: Setting CVar [[r.LightShaftQuality:1]]
[2022.02.27-00.33.58:017][  0]LogConfig: Setting CVar [[r.Filter.SizeScale:1]]
[2022.02.27-00.33.58:017][  0]LogConfig: Setting CVar [[r.Tonemapper.Quality:5]]
[2022.02.27-00.33.58:017][  0]LogConfig: Setting CVar [[r.DOF.Gather.AccumulatorQuality:1        ; higher gathering accumulator quality]]
[2022.02.27-00.33.58:017][  0]LogConfig: Setting CVar [[r.DOF.Gather.PostfilterMethod:1          ; Median3x3 postfilering method]]
[2022.02.27-00.33.58:017][  0]LogConfig: Setting CVar [[r.DOF.Gather.EnableBokehSettings:0       ; no bokeh simulation when gathering]]
[2022.02.27-00.33.58:017][  0]LogConfig: Setting CVar [[r.DOF.Gather.RingCount:4                 ; medium number of samples when gathering]]
[2022.02.27-00.33.58:017][  0]LogConfig: Setting CVar [[r.DOF.Scatter.ForegroundCompositing:1    ; additive foreground scattering]]
[2022.02.27-00.33.58:017][  0]LogConfig: Setting CVar [[r.DOF.Scatter.BackgroundCompositing:2    ; additive background scattering]]
[2022.02.27-00.33.58:017][  0]LogConfig: Setting CVar [[r.DOF.Scatter.EnableBokehSettings:1      ; bokeh simulation when scattering]]
[2022.02.27-00.33.58:017][  0]LogConfig: Setting CVar [[r.DOF.Scatter.MaxSpriteRatio:0.1         ; only a maximum of 10% of scattered bokeh]]
[2022.02.27-00.33.58:017][  0]LogConfig: Setting CVar [[r.DOF.Recombine.Quality:1                ; cheap slight out of focus]]
[2022.02.27-00.33.58:017][  0]LogConfig: Setting CVar [[r.DOF.Recombine.EnableBokehSettings:0    ; no bokeh simulation on slight out of focus]]
[2022.02.27-00.33.58:017][  0]LogConfig: Setting CVar [[r.DOF.TemporalAAQuality:1                ; more stable temporal accumulation]]
[2022.02.27-00.33.58:017][  0]LogConfig: Setting CVar [[r.DOF.Kernel.MaxForegroundRadius:0.025]]
[2022.02.27-00.33.58:017][  0]LogConfig: Setting CVar [[r.DOF.Kernel.MaxBackgroundRadius:0.025]]
[2022.02.27-00.33.58:017][  0]LogConfig: Applying CVar settings from Section [TextureQuality@3] File [D:/GitHub/GAME259-2022-A/GAME259_A_URE/Saved/Config/Windows/Scalability.ini]
[2022.02.27-00.33.58:017][  0]LogConfig: Setting CVar [[r.Streaming.MipBias:0]]
[2022.02.27-00.33.58:017][  0]LogConfig: Setting CVar [[r.Streaming.AmortizeCPUToGPUCopy:0]]
[2022.02.27-00.33.58:017][  0]LogConfig: Setting CVar [[r.Streaming.MaxNumTexturesToStreamPerFrame:0]]
[2022.02.27-00.33.58:017][  0]LogConfig: Setting CVar [[r.Streaming.Boost:1]]
[2022.02.27-00.33.58:017][  0]LogConfig: Setting CVar [[r.MaxAnisotropy:8]]
[2022.02.27-00.33.58:017][  0]LogConfig: Setting CVar [[r.VT.MaxAnisotropy:8]]
[2022.02.27-00.33.58:018][  0]LogConfig: Setting CVar [[r.Streaming.LimitPoolSizeToVRAM:0]]
[2022.02.27-00.33.58:018][  0]LogConfig: Setting CVar [[r.Streaming.PoolSize:1000]]
[2022.02.27-00.33.58:018][  0]LogConfig: Setting CVar [[r.Streaming.MaxEffectiveScreenSize:0]]
[2022.02.27-00.33.58:018][  0]LogConfig: Applying CVar settings from Section [EffectsQuality@3] File [D:/GitHub/GAME259-2022-A/GAME259_A_URE/Saved/Config/Windows/Scalability.ini]
[2022.02.27-00.33.58:018][  0]LogConfig: Setting CVar [[r.TranslucencyLightingVolumeDim:64]]
[2022.02.27-00.33.58:018][  0]LogConfig: Setting CVar [[r.RefractionQuality:2]]
[2022.02.27-00.33.58:018][  0]LogConfig: Setting CVar [[r.SSR.Quality:3]]
[2022.02.27-00.33.58:018][  0]LogConfig: Setting CVar [[r.SSR.HalfResSceneColor:0]]
[2022.02.27-00.33.58:018][  0]LogConfig: Setting CVar [[r.SceneColorFormat:4]]
[2022.02.27-00.33.58:018][  0]LogConfig: Setting CVar [[r.DetailMode:2]]
[2022.02.27-00.33.58:018][  0]LogConfig: Setting CVar [[r.TranslucencyVolumeBlur:1]]
[2022.02.27-00.33.58:018][  0]LogConfig: Setting CVar [[r.MaterialQualityLevel:1 ; High quality]]
[2022.02.27-00.33.58:018][  0]LogConfig: Setting CVar [[r.AnisotropicMaterials:1]]
[2022.02.27-00.33.58:018][  0]LogConfig: Setting CVar [[r.SSS.Scale:1]]
[2022.02.27-00.33.58:018][  0]LogConfig: Setting CVar [[r.SSS.SampleSet:2]]
[2022.02.27-00.33.58:018][  0]LogConfig: Setting CVar [[r.SSS.Quality:1]]
[2022.02.27-00.33.58:018][  0]LogConfig: Setting CVar [[r.SSS.HalfRes:0]]
[2022.02.27-00.33.58:018][  0]LogConfig: Setting CVar [[r.SSGI.Quality:3]]
[2022.02.27-00.33.58:018][  0]LogConfig: Setting CVar [[r.EmitterSpawnRateScale:1.0]]
[2022.02.27-00.33.58:018][  0]LogConfig: Setting CVar [[r.ParticleLightQuality:2]]
[2022.02.27-00.33.58:018][  0]LogConfig: Setting CVar [[r.SkyAtmosphere.AerialPerspectiveLUT.FastApplyOnOpaque:1 ; Always have FastSkyLUT 1 in this case to avoid wrong sky]]
[2022.02.27-00.33.58:018][  0]LogConfig: Setting CVar [[r.SkyAtmosphere.AerialPerspectiveLUT.SampleCountMaxPerSlice:4]]
[2022.02.27-00.33.58:018][  0]LogConfig: Setting CVar [[r.SkyAtmosphere.AerialPerspectiveLUT.DepthResolution:16.0]]
[2022.02.27-00.33.58:018][  0]LogConfig: Setting CVar [[r.SkyAtmosphere.FastSkyLUT:1]]
[2022.02.27-00.33.58:018][  0]LogConfig: Setting CVar [[r.SkyAtmosphere.FastSkyLUT.SampleCountMin:4.0]]
[2022.02.27-00.33.58:018][  0]LogConfig: Setting CVar [[r.SkyAtmosphere.FastSkyLUT.SampleCountMax:128.0]]
[2022.02.27-00.33.58:018][  0]LogConfig: Setting CVar [[r.SkyAtmosphere.SampleCountMin:4.0]]
[2022.02.27-00.33.58:018][  0]LogConfig: Setting CVar [[r.SkyAtmosphere.SampleCountMax:128.0]]
[2022.02.27-00.33.58:018][  0]LogConfig: Setting CVar [[r.SkyAtmosphere.TransmittanceLUT.UseSmallFormat:0]]
[2022.02.27-00.33.58:018][  0]LogConfig: Setting CVar [[r.SkyAtmosphere.TransmittanceLUT.SampleCount:10.0]]
[2022.02.27-00.33.58:018][  0]LogConfig: Setting CVar [[r.SkyAtmosphere.MultiScatteringLUT.SampleCount:15.0]]
[2022.02.27-00.33.58:019][  0]LogConfig: Setting CVar [[r.SkyLight.RealTimeReflectionCapture:1]]
[2022.02.27-00.33.58:019][  0]LogConfig: Applying CVar settings from Section [FoliageQuality@3] File [D:/GitHub/GAME259-2022-A/GAME259_A_URE/Saved/Config/Windows/Scalability.ini]
[2022.02.27-00.33.58:019][  0]LogConfig: Setting CVar [[foliage.DensityScale:1.0]]
[2022.02.27-00.33.58:019][  0]LogConfig: Setting CVar [[grass.DensityScale:1.0]]
[2022.02.27-00.33.58:019][  0]LogConfig: Applying CVar settings from Section [ShadingQuality@3] File [D:/GitHub/GAME259-2022-A/GAME259_A_URE/Saved/Config/Windows/Scalability.ini]
[2022.02.27-00.33.58:019][  0]LogConfig: Setting CVar [[r.HairStrands.SkyLighting.IntegrationType:2]]
[2022.02.27-00.33.58:019][  0]LogConfig: Setting CVar [[r.HairStrands.SkyAO.SampleCount:4]]
[2022.02.27-00.33.58:019][  0]LogConfig: Setting CVar [[r.HairStrands.Visibility.MSAA.SamplePerPixel:4]]
[2022.02.27-00.33.58:019][  0]LogInit: Selected Device Profile: [Windows]
[2022.02.27-00.33.58:019][  0]LogInit: Applying CVar settings loaded from the selected device profile: [Windows]
[2022.02.27-00.33.58:019][  0]LogHAL: Display: Platform has ~ 16 GB [17065410560 / 17179869184 / 16], which maps to Larger [LargestMinGB=32, LargerMinGB=12, DefaultMinGB=8, SmallerMinGB=6, SmallestMinGB=0)
[2022.02.27-00.33.58:019][  0]LogInit: Going up to parent DeviceProfile []
[2022.02.27-00.33.58:019][  0]LogConfig: Applying CVar settings from Section [ViewDistanceQuality@3] File [D:/GitHub/GAME259-2022-A/GAME259_A_URE/Saved/Config/Windows/Scalability.ini]
[2022.02.27-00.33.58:019][  0]LogConfig: Setting CVar [[r.SkeletalMeshLODBias:0]]
[2022.02.27-00.33.58:019][  0]LogConfig: Setting CVar [[r.ViewDistanceScale:1.0]]
[2022.02.27-00.33.58:019][  0]LogConfig: Applying CVar settings from Section [AntiAliasingQuality@3] File [D:/GitHub/GAME259-2022-A/GAME259_A_URE/Saved/Config/Windows/Scalability.ini]
[2022.02.27-00.33.58:019][  0]LogConfig: Setting CVar [[r.PostProcessAAQuality:4]]
[2022.02.27-00.33.58:019][  0]LogConfig: Applying CVar settings from Section [ShadowQuality@3] File [D:/GitHub/GAME259-2022-A/GAME259_A_URE/Saved/Config/Windows/Scalability.ini]
[2022.02.27-00.33.58:019][  0]LogConfig: Setting CVar [[r.LightFunctionQuality:1]]
[2022.02.27-00.33.58:019][  0]LogConfig: Setting CVar [[r.ShadowQuality:5]]
[2022.02.27-00.33.58:019][  0]LogConfig: Setting CVar [[r.Shadow.CSM.MaxCascades:10]]
[2022.02.27-00.33.58:019][  0]LogConfig: Setting CVar [[r.Shadow.MaxResolution:2048]]
[2022.02.27-00.33.58:019][  0]LogConfig: Setting CVar [[r.Shadow.MaxCSMResolution:2048]]
[2022.02.27-00.33.58:019][  0]LogConfig: Setting CVar [[r.Shadow.RadiusThreshold:0.01]]
[2022.02.27-00.33.58:019][  0]LogConfig: Setting CVar [[r.Shadow.DistanceScale:1.0]]
[2022.02.27-00.33.58:019][  0]LogConfig: Setting CVar [[r.Shadow.CSM.TransitionScale:1.0]]
[2022.02.27-00.33.58:019][  0]LogConfig: Setting CVar [[r.Shadow.PreShadowResolutionFactor:1.0]]
[2022.02.27-00.33.58:019][  0]LogConfig: Setting CVar [[r.DistanceFieldShadowing:1]]
[2022.02.27-00.33.58:019][  0]LogConfig: Setting CVar [[r.DistanceFieldAO:1]]
[2022.02.27-00.33.58:019][  0]LogConfig: Setting CVar [[r.AOQuality:2]]
[2022.02.27-00.33.58:019][  0]LogConfig: Setting CVar [[r.VolumetricFog:1]]
[2022.02.27-00.33.58:019][  0]LogConfig: Setting CVar [[r.VolumetricFog.GridPixelSize:8]]
[2022.02.27-00.33.58:019][  0]LogConfig: Setting CVar [[r.VolumetricFog.GridSizeZ:128]]
[2022.02.27-00.33.58:019][  0]LogConfig: Setting CVar [[r.VolumetricFog.HistoryMissSupersampleCount:4]]
[2022.02.27-00.33.58:019][  0]LogConfig: Setting CVar [[r.LightMaxDrawDistanceScale:1]]
[2022.02.27-00.33.58:019][  0]LogConfig: Setting CVar [[r.CapsuleShadows:1]]
[2022.02.27-00.33.58:019][  0]LogConfig: Applying CVar settings from Section [PostProcessQuality@3] File [D:/GitHub/GAME259-2022-A/GAME259_A_URE/Saved/Config/Windows/Scalability.ini]
[2022.02.27-00.33.58:019][  0]LogConfig: Setting CVar [[r.MotionBlurQuality:4]]
[2022.02.27-00.33.58:019][  0]LogConfig: Setting CVar [[r.AmbientOcclusionMipLevelFactor:0.4]]
[2022.02.27-00.33.58:019][  0]LogConfig: Setting CVar [[r.AmbientOcclusionMaxQuality:100]]
[2022.02.27-00.33.58:019][  0]LogConfig: Setting CVar [[r.AmbientOcclusionLevels:-1]]
[2022.02.27-00.33.58:019][  0]LogConfig: Setting CVar [[r.AmbientOcclusionRadiusScale:1.0]]
[2022.02.27-00.33.58:019][  0]LogConfig: Setting CVar [[r.DepthOfFieldQuality:2]]
[2022.02.27-00.33.58:019][  0]LogConfig: Setting CVar [[r.RenderTargetPoolMin:400]]
[2022.02.27-00.33.58:019][  0]LogConfig: Setting CVar [[r.LensFlareQuality:2]]
[2022.02.27-00.33.58:019][  0]LogConfig: Setting CVar [[r.SceneColorFringeQuality:1]]
[2022.02.27-00.33.58:019][  0]LogConfig: Setting CVar [[r.EyeAdaptationQuality:2]]
[2022.02.27-00.33.58:019][  0]LogConfig: Setting CVar [[r.BloomQuality:5]]
[2022.02.27-00.33.58:019][  0]LogConfig: Setting CVar [[r.FastBlurThreshold:100]]
[2022.02.27-00.33.58:019][  0]LogConfig: Setting CVar [[r.Upscale.Quality:3]]
[2022.02.27-00.33.58:019][  0]LogConfig: Setting CVar [[r.Tonemapper.GrainQuantization:1]]
[2022.02.27-00.33.58:019][  0]LogConfig: Setting CVar [[r.LightShaftQuality:1]]
[2022.02.27-00.33.58:019][  0]LogConfig: Setting CVar [[r.Filter.SizeScale:1]]
[2022.02.27-00.33.58:019][  0]LogConfig: Setting CVar [[r.Tonemapper.Quality:5]]
[2022.02.27-00.33.58:019][  0]LogConfig: Setting CVar [[r.DOF.Gather.AccumulatorQuality:1        ; higher gathering accumulator quality]]
[2022.02.27-00.33.58:019][  0]LogConfig: Setting CVar [[r.DOF.Gather.PostfilterMethod:1          ; Median3x3 postfilering method]]
[2022.02.27-00.33.58:019][  0]LogConfig: Setting CVar [[r.DOF.Gather.EnableBokehSettings:0       ; no bokeh simulation when gathering]]
[2022.02.27-00.33.58:019][  0]LogConfig: Setting CVar [[r.DOF.Gather.RingCount:4                 ; medium number of samples when gathering]]
[2022.02.27-00.33.58:019][  0]LogConfig: Setting CVar [[r.DOF.Scatter.ForegroundCompositing:1    ; additive foreground scattering]]
[2022.02.27-00.33.58:020][  0]LogConfig: Setting CVar [[r.DOF.Scatter.BackgroundCompositing:2    ; additive background scattering]]
[2022.02.27-00.33.58:020][  0]LogConfig: Setting CVar [[r.DOF.Scatter.EnableBokehSettings:1      ; bokeh simulation when scattering]]
[2022.02.27-00.33.58:020][  0]LogConfig: Setting CVar [[r.DOF.Scatter.MaxSpriteRatio:0.1         ; only a maximum of 10% of scattered bokeh]]
[2022.02.27-00.33.58:020][  0]LogConfig: Setting CVar [[r.DOF.Recombine.Quality:1                ; cheap slight out of focus]]
[2022.02.27-00.33.58:020][  0]LogConfig: Setting CVar [[r.DOF.Recombine.EnableBokehSettings:0    ; no bokeh simulation on slight out of focus]]
[2022.02.27-00.33.58:020][  0]LogConfig: Setting CVar [[r.DOF.TemporalAAQuality:1                ; more stable temporal accumulation]]
[2022.02.27-00.33.58:020][  0]LogConfig: Setting CVar [[r.DOF.Kernel.MaxForegroundRadius:0.025]]
[2022.02.27-00.33.58:020][  0]LogConfig: Setting CVar [[r.DOF.Kernel.MaxBackgroundRadius:0.025]]
[2022.02.27-00.33.58:020][  0]LogConfig: Applying CVar settings from Section [TextureQuality@3] File [D:/GitHub/GAME259-2022-A/GAME259_A_URE/Saved/Config/Windows/Scalability.ini]
[2022.02.27-00.33.58:020][  0]LogConfig: Setting CVar [[r.Streaming.MipBias:0]]
[2022.02.27-00.33.58:020][  0]LogConfig: Setting CVar [[r.Streaming.AmortizeCPUToGPUCopy:0]]
[2022.02.27-00.33.58:020][  0]LogConfig: Setting CVar [[r.Streaming.MaxNumTexturesToStreamPerFrame:0]]
[2022.02.27-00.33.58:020][  0]LogConfig: Setting CVar [[r.Streaming.Boost:1]]
[2022.02.27-00.33.58:020][  0]LogConfig: Setting CVar [[r.MaxAnisotropy:8]]
[2022.02.27-00.33.58:020][  0]LogConfig: Setting CVar [[r.VT.MaxAnisotropy:8]]
[2022.02.27-00.33.58:020][  0]LogConfig: Setting CVar [[r.Streaming.LimitPoolSizeToVRAM:0]]
[2022.02.27-00.33.58:020][  0]LogConfig: Setting CVar [[r.Streaming.PoolSize:1000]]
[2022.02.27-00.33.58:020][  0]LogConfig: Setting CVar [[r.Streaming.MaxEffectiveScreenSize:0]]
[2022.02.27-00.33.58:020][  0]LogConfig: Applying CVar settings from Section [EffectsQuality@3] File [D:/GitHub/GAME259-2022-A/GAME259_A_URE/Saved/Config/Windows/Scalability.ini]
[2022.02.27-00.33.58:020][  0]LogConfig: Setting CVar [[r.TranslucencyLightingVolumeDim:64]]
[2022.02.27-00.33.58:020][  0]LogConfig: Setting CVar [[r.RefractionQuality:2]]
[2022.02.27-00.33.58:020][  0]LogConfig: Setting CVar [[r.SSR.Quality:3]]
[2022.02.27-00.33.58:020][  0]LogConfig: Setting CVar [[r.SSR.HalfResSceneColor:0]]
[2022.02.27-00.33.58:020][  0]LogConfig: Setting CVar [[r.SceneColorFormat:4]]
[2022.02.27-00.33.58:020][  0]LogConfig: Setting CVar [[r.DetailMode:2]]
[2022.02.27-00.33.58:020][  0]LogConfig: Setting CVar [[r.TranslucencyVolumeBlur:1]]
[2022.02.27-00.33.58:020][  0]LogConfig: Setting CVar [[r.MaterialQualityLevel:1 ; High quality]]
[2022.02.27-00.33.58:020][  0]LogConfig: Setting CVar [[r.AnisotropicMaterials:1]]
[2022.02.27-00.33.58:020][  0]LogConfig: Setting CVar [[r.SSS.Scale:1]]
[2022.02.27-00.33.58:020][  0]LogConfig: Setting CVar [[r.SSS.SampleSet:2]]
[2022.02.27-00.33.58:020][  0]LogConfig: Setting CVar [[r.SSS.Quality:1]]
[2022.02.27-00.33.58:020][  0]LogConfig: Setting CVar [[r.SSS.HalfRes:0]]
[2022.02.27-00.33.58:020][  0]LogConfig: Setting CVar [[r.SSGI.Quality:3]]
[2022.02.27-00.33.58:020][  0]LogConfig: Setting CVar [[r.EmitterSpawnRateScale:1.0]]
[2022.02.27-00.33.58:020][  0]LogConfig: Setting CVar [[r.ParticleLightQuality:2]]
[2022.02.27-00.33.58:020][  0]LogConfig: Setting CVar [[r.SkyAtmosphere.AerialPerspectiveLUT.FastApplyOnOpaque:1 ; Always have FastSkyLUT 1 in this case to avoid wrong sky]]
[2022.02.27-00.33.58:020][  0]LogConfig: Setting CVar [[r.SkyAtmosphere.AerialPerspectiveLUT.SampleCountMaxPerSlice:4]]
[2022.02.27-00.33.58:020][  0]LogConfig: Setting CVar [[r.SkyAtmosphere.AerialPerspectiveLUT.DepthResolution:16.0]]
[2022.02.27-00.33.58:020][  0]LogConfig: Setting CVar [[r.SkyAtmosphere.FastSkyLUT:1]]
[2022.02.27-00.33.58:020][  0]LogConfig: Setting CVar [[r.SkyAtmosphere.FastSkyLUT.SampleCountMin:4.0]]
[2022.02.27-00.33.58:020][  0]LogConfig: Setting CVar [[r.SkyAtmosphere.FastSkyLUT.SampleCountMax:128.0]]
[2022.02.27-00.33.58:020][  0]LogConfig: Setting CVar [[r.SkyAtmosphere.SampleCountMin:4.0]]
[2022.02.27-00.33.58:020][  0]LogConfig: Setting CVar [[r.SkyAtmosphere.SampleCountMax:128.0]]
[2022.02.27-00.33.58:020][  0]LogConfig: Setting CVar [[r.SkyAtmosphere.TransmittanceLUT.UseSmallFormat:0]]
[2022.02.27-00.33.58:020][  0]LogConfig: Setting CVar [[r.SkyAtmosphere.TransmittanceLUT.SampleCount:10.0]]
[2022.02.27-00.33.58:020][  0]LogConfig: Setting CVar [[r.SkyAtmosphere.MultiScatteringLUT.SampleCount:15.0]]
[2022.02.27-00.33.58:020][  0]LogConfig: Setting CVar [[r.SkyLight.RealTimeReflectionCapture:1]]
[2022.02.27-00.33.58:020][  0]LogConfig: Applying CVar settings from Section [FoliageQuality@3] File [D:/GitHub/GAME259-2022-A/GAME259_A_URE/Saved/Config/Windows/Scalability.ini]
[2022.02.27-00.33.58:020][  0]LogConfig: Setting CVar [[foliage.DensityScale:1.0]]
[2022.02.27-00.33.58:020][  0]LogConfig: Setting CVar [[grass.DensityScale:1.0]]
[2022.02.27-00.33.58:020][  0]LogConfig: Applying CVar settings from Section [ShadingQuality@3] File [D:/GitHub/GAME259-2022-A/GAME259_A_URE/Saved/Config/Windows/Scalability.ini]
[2022.02.27-00.33.58:020][  0]LogConfig: Setting CVar [[r.HairStrands.SkyLighting.IntegrationType:2]]
[2022.02.27-00.33.58:020][  0]LogConfig: Setting CVar [[r.HairStrands.SkyAO.SampleCount:4]]
[2022.02.27-00.33.58:020][  0]LogConfig: Setting CVar [[r.HairStrands.Visibility.MSAA.SamplePerPixel:4]]
[2022.02.27-00.33.58:020][  0]LogConfig: Applying CVar settings from Section [Startup] File [../../../Engine/Config/ConsoleVariables.ini]
[2022.02.27-00.33.58:021][  0]LogConfig: Setting CVar [[net.UseAdaptiveNetUpdateFrequency:0]]
[2022.02.27-00.33.58:021][  0]LogConfig: Setting CVar [[p.chaos.AllowCreatePhysxBodies:1]]
[2022.02.27-00.33.58:021][  0]LogConfig: Setting CVar [[fx.SkipVectorVMBackendOptimizations:1]]
[2022.02.27-00.33.58:021][  0]LogConfig: Applying CVar settings from Section [ConsoleVariables] File [D:/GitHub/GAME259-2022-A/GAME259_A_URE/Saved/Config/Windows/Engine.ini]
[2022.02.27-00.33.58:021][  0]LogConfig: Applying CVar settings from Section [ConsoleVariables] File [D:/GitHub/GAME259-2022-A/GAME259_A_URE/Saved/Config/Windows/Editor.ini]
[2022.02.27-00.33.58:021][  0]LogInit: Computer: OMEN
[2022.02.27-00.33.58:021][  0]LogInit: User: James
[2022.02.27-00.33.58:021][  0]LogInit: CPU Page size=4096, Cores=6
[2022.02.27-00.33.58:021][  0]LogInit: High frequency timer resolution =10.000000 MHz
[2022.02.27-00.33.58:021][  0]LogMemory: Memory total: Physical=15.9GB (16GB approx)
[2022.02.27-00.33.58:021][  0]LogMemory: Platform Memory Stats for Windows
[2022.02.27-00.33.58:021][  0]LogMemory: Process Physical Memory: 147.32 MB used, 147.32 MB peak
[2022.02.27-00.33.58:021][  0]LogMemory: Process Virtual Memory: 128.74 MB used, 128.74 MB peak
[2022.02.27-00.33.58:021][  0]LogMemory: Physical Memory: 14069.49 MB used,  2205.36 MB free, 16274.84 MB total
[2022.02.27-00.33.58:021][  0]LogMemory: Virtual Memory: 134212696.00 MB used,  5030.39 MB free, 134217728.00 MB total
[2022.02.27-00.33.58:026][  0]LogWindows: WindowsPlatformFeatures enabled
[2022.02.27-00.33.58:080][  0]LogInit: Physics initialised using underlying interface: PhysX
[2022.02.27-00.33.58:081][  0]LogInit: Using OS detected language (en-US).
[2022.02.27-00.33.58:081][  0]LogInit: Using OS detected locale (en-US).
[2022.02.27-00.33.58:084][  0]LogTextLocalizationManager: No specific localization for 'en-US' exists, so the 'en' localization will be used.
[2022.02.27-00.33.58:375][  0]LogWindowsTextInputMethodSystem: Display: IME system deactivated.
[2022.02.27-00.33.58:468][  0]LogSlate: New Slate User Created.  User Index 0, Is Virtual User: 0
[2022.02.27-00.33.58:468][  0]LogSlate: Slate User Registered.  User Index 0, Is Virtual User: 0
[2022.02.27-00.33.58:524][  0]LogD3D11RHI: Loaded GFSDK_Aftermath_Lib.x64.dll
[2022.02.27-00.33.58:585][  0]LogHMD: Optional extension XR_VARJO_quad_views is not available
[2022.02.27-00.33.58:586][  0]LogHMD: Warning: Required extension XR_EXT_eye_gaze_interaction is not available
[2022.02.27-00.33.58:586][  0]LogHMD: Could not enable all required OpenXR extensions for OpenXREyeTracker on current system. This plugin will be loaded but ignored, but will be enabled on a target platform that supports the required extension.
[2022.02.27-00.33.59:089][  0]LogHMD: Failed to get an OpenXR system, result is XR_ERROR_FORM_FACTOR_UNAVAILABLE. Please check that your runtime supports VR headsets.
[2022.02.27-00.33.59:089][  0]LogD3D11RHI: D3D11 min allowed feature level: 11_0
[2022.02.27-00.33.59:089][  0]LogD3D11RHI: D3D11 max allowed feature level: 11_0
[2022.02.27-00.33.59:089][  0]LogD3D11RHI: D3D11 adapters:
[2022.02.27-00.33.59:201][  0]LogD3D11RHI:    0. 'NVIDIA GeForce GTX 1070' (Feature Level 11_0)
[2022.02.27-00.33.59:201][  0]LogD3D11RHI:       8088/0/8137 MB DedicatedVideo/DedicatedSystem/SharedSystem, Outputs:2, VendorId:0x10de
[2022.02.27-00.33.59:204][  0]LogD3D11RHI:    1. 'Microsoft Basic Render Driver' (Feature Level 11_0)
[2022.02.27-00.33.59:204][  0]LogD3D11RHI:       0/0/8137 MB DedicatedVideo/DedicatedSystem/SharedSystem, Outputs:0, VendorId:0x1414
[2022.02.27-00.33.59:204][  0]LogD3D11RHI: Chosen D3D11 Adapter:
[2022.02.27-00.33.59:204][  0]LogD3D11RHI:     Description : NVIDIA GeForce GTX 1070
[2022.02.27-00.33.59:204][  0]LogD3D11RHI:     VendorId    : 10de
[2022.02.27-00.33.59:204][  0]LogD3D11RHI:     DeviceId    : 1b81
[2022.02.27-00.33.59:204][  0]LogD3D11RHI:     SubSysId    : 82fb103c
[2022.02.27-00.33.59:204][  0]LogD3D11RHI:     Revision    : 00a1
[2022.02.27-00.33.59:204][  0]LogD3D11RHI:     DedicatedVideoMemory : 8480882688 bytes
[2022.02.27-00.33.59:204][  0]LogD3D11RHI:     DedicatedSystemMemory : 0 bytes
[2022.02.27-00.33.59:204][  0]LogD3D11RHI:     SharedSystemMemory : 8532705280 bytes
[2022.02.27-00.33.59:204][  0]LogD3D11RHI:     AdapterLuid : 0 89407
[2022.02.27-00.33.59:214][  0]LogD3D11RHI: Creating new Direct3DDevice
[2022.02.27-00.33.59:214][  0]LogD3D11RHI:     GPU DeviceId: 0x1b81 (for the marketing name, search the web for "GPU Device Id")
[2022.02.27-00.33.59:214][  0]LogWindows: EnumDisplayDevices:
[2022.02.27-00.33.59:214][  0]LogWindows:    0. 'NVIDIA GeForce GTX 1070' (P:1 D:1)
[2022.02.27-00.33.59:215][  0]LogWindows:    1. 'NVIDIA GeForce GTX 1070' (P:0 D:1)
[2022.02.27-00.33.59:215][  0]LogWindows:    2. 'NVIDIA GeForce GTX 1070' (P:0 D:0)
[2022.02.27-00.33.59:215][  0]LogWindows:    3. 'NVIDIA GeForce GTX 1070' (P:0 D:0)
[2022.02.27-00.33.59:215][  0]LogWindows: DebugString: FoundDriverCount:4 
[2022.02.27-00.33.59:215][  0]LogD3D11RHI:     Adapter Name: NVIDIA GeForce GTX 1070
[2022.02.27-00.33.59:215][  0]LogD3D11RHI:   Driver Version: 472.08 (internal:30.0.14.7208, unified:472.08)
[2022.02.27-00.33.59:215][  0]LogD3D11RHI:      Driver Date: 9-13-2021
[2022.02.27-00.33.59:215][  0]LogRHI: Texture pool is 5661 MB (70% of 8088 MB)
[2022.02.27-00.33.59:215][  0]LogD3D11RHI: Creating D3DDevice using adapter:
[2022.02.27-00.33.59:215][  0]LogD3D11RHI:     Description : NVIDIA GeForce GTX 1070
[2022.02.27-00.33.59:215][  0]LogD3D11RHI:     VendorId    : 10de
[2022.02.27-00.33.59:215][  0]LogD3D11RHI:     DeviceId    : 1b81
[2022.02.27-00.33.59:215][  0]LogD3D11RHI:     SubSysId    : 82fb103c
[2022.02.27-00.33.59:215][  0]LogD3D11RHI:     Revision    : 00a1
[2022.02.27-00.33.59:215][  0]LogD3D11RHI:     DedicatedVideoMemory : 8480882688 bytes
[2022.02.27-00.33.59:215][  0]LogD3D11RHI:     DedicatedSystemMemory : 0 bytes
[2022.02.27-00.33.59:215][  0]LogD3D11RHI:     SharedSystemMemory : 8532705280 bytes
[2022.02.27-00.33.59:215][  0]LogD3D11RHI:     AdapterLuid : 0 89407
[2022.02.27-00.33.59:303][  0]LogD3D11RHI: RHI has support for 64 bit atomics
[2022.02.27-00.33.59:303][  0]LogD3D11RHI: Async texture creation enabled
[2022.02.27-00.33.59:303][  0]LogD3D11RHI: Array index from any shader is supported
[2022.02.27-00.33.59:305][  0]LogD3D11RHI: HDR output is supported on display 0 (NvId: 0x80061082).
[2022.02.27-00.33.59:321][  0]LogD3D11RHI: GPU Timing Frequency: 1000.000000 (Debug: 2 1)
[2022.02.27-00.33.59:350][  0]LogRHI: GeForceNow SDK initialized: 1
[2022.02.27-00.33.59:853][  0]LogTargetPlatformManager: Display: Loaded TargetPlatform 'WindowsNoEditor'
[2022.02.27-00.33.59:855][  0]LogTargetPlatformManager: Display: Loaded TargetPlatform 'Windows'
[2022.02.27-00.33.59:858][  0]LogTargetPlatformManager: Display: Loaded TargetPlatform 'WindowsClient'
[2022.02.27-00.33.59:861][  0]LogTargetPlatformManager: Display: Loaded TargetPlatform 'WindowsServer'
[2022.02.27-00.33.59:861][  0]LogTargetPlatformManager: Display: Building Assets For Windows
[2022.02.27-00.33.59:865][  0]LogAudioDebug: Display: Lib vorbis DLL was dynamically loaded.
[2022.02.27-00.33.59:876][  0]LogTextureFormatOodle: Display: Oodle Texture 2.9.0 init RDO Off
[2022.02.27-00.33.59:890][  0]LogRendererCore: Ray tracing is disabled. Reason: r.RayTracing=0.
[2022.02.27-00.33.59:890][  0]LogShaderCompilers: Guid format shader working directory is -2 characters bigger than the processId version (../../../../GitHub/GAME259-2022-A/GAME259_A_URE/Intermediate/Shaders/WorkingDirectory/16492/).
[2022.02.27-00.33.59:890][  0]LogShaderCompilers: Cleaned the shader compiler working directory 'C:/Users/James/AppData/Local/Temp/UnrealShaderWorkingDir/D1522EE145FFB23A94285EBBA40D7B27/'.
[2022.02.27-00.33.59:890][  0]LogXGEController: Cannot use XGE Controller as Incredibuild is not installed on this machine.
[2022.02.27-00.33.59:890][  0]LogShaderCompilers: Cannot use XGE Shader Compiler as Incredibuild is not installed on this machine.
[2022.02.27-00.33.59:891][  0]LogShaderCompilers: Display: Using Local Shader Compiler.
[2022.02.27-00.34.00:687][  0]LogDerivedDataCache: Display: Max Cache Size: 512 MB
[2022.02.27-00.34.00:781][  0]LogDerivedDataCache: Loaded boot cache 0.09s 103MB C:/Users/James/AppData/Local/UnrealEngine/4.27/DerivedDataCache/Boot.ddc.
[2022.02.27-00.34.00:781][  0]LogDerivedDataCache: Display: Loaded Boot cache: C:/Users/James/AppData/Local/UnrealEngine/4.27/DerivedDataCache/Boot.ddc
[2022.02.27-00.34.00:781][  0]LogDerivedDataCache: FDerivedDataBackendGraph:  Pak pak cache file ../../../../GitHub/GAME259-2022-A/GAME259_A_URE/DerivedDataCache/DDC.ddp not found, will not use a pak cache.
[2022.02.27-00.34.00:781][  0]LogDerivedDataCache: Unable to find inner node Pak for hierarchical cache Hierarchy.
[2022.02.27-00.34.00:781][  0]LogDerivedDataCache: FDerivedDataBackendGraph:  CompressedPak pak cache file ../../../../GitHub/GAME259-2022-A/GAME259_A_URE/DerivedDataCache/Compressed.ddp not found, will not use a pak cache.
[2022.02.27-00.34.00:782][  0]LogDerivedDataCache: Unable to find inner node CompressedPak for hierarchical cache Hierarchy.
[2022.02.27-00.34.00:796][  0]LogDerivedDataCache: Display: Pak cache opened for reading ../../../Engine/DerivedDataCache/Compressed.ddp.
[2022.02.27-00.34.00:797][  0]LogDerivedDataCache: FDerivedDataBackendGraph:  EnterprisePak pak cache file ../../../Enterprise/DerivedDataCache/Compressed.ddp not found, will not use a pak cache.
[2022.02.27-00.34.00:797][  0]LogDerivedDataCache: Unable to find inner node EnterprisePak for hierarchical cache Hierarchy.
[2022.02.27-00.34.00:804][  0]LogDerivedDataCache: Speed tests for C:/Users/James/AppData/Local/UnrealEngine/Common/DerivedDataCache took 0.01 seconds
[2022.02.27-00.34.00:804][  0]LogDerivedDataCache: Display: Performance to C:/Users/James/AppData/Local/UnrealEngine/Common/DerivedDataCache: Latency=0.04ms. RandomReadSpeed=1285.16MBs, RandomWriteSpeed=144.68MBs. Assigned SpeedClass 'Local'
[2022.02.27-00.34.00:806][  0]LogDerivedDataCache: Using Local data cache path C:/Users/James/AppData/Local/UnrealEngine/Common/DerivedDataCache: Writable
[2022.02.27-00.34.00:806][  0]LogDerivedDataCache: Shared data cache path not found in *engine.ini, will not use an Shared cache.
[2022.02.27-00.34.00:807][  0]LogDerivedDataCache: Unable to find inner node Shared for hierarchical cache Hierarchy.
[2022.02.27-00.34.00:850][  0]LogSlate: Using FreeType 2.10.0
[2022.02.27-00.34.00:850][  0]LogSlate: SlateFontServices - WITH_FREETYPE: 1, WITH_HARFBUZZ: 1
[2022.02.27-00.34.01:351][  0]LogHMD: Failed to get an OpenXR system, result is XR_ERROR_FORM_FACTOR_UNAVAILABLE. Please check that your runtime supports VR headsets.
[2022.02.27-00.34.01:447][  0]LogInit: Using OS detected language (en-US).
[2022.02.27-00.34.01:447][  0]LogInit: Using OS detected locale (en-US).
[2022.02.27-00.34.01:447][  0]LogTextLocalizationManager: No localization for 'en-US' exists, so 'en' will be used for the language.
[2022.02.27-00.34.01:447][  0]LogTextLocalizationManager: No localization for 'en-US' exists, so 'en' will be used for the locale.
[2022.02.27-00.34.01:447][  0]LogSlate: FontCache flush requested. Reason: Culture for localization was changed
[2022.02.27-00.34.01:447][  0]LogSlate: FontCache flush requested. Reason: Culture for localization was changed
[2022.02.27-00.34.01:450][  0]LogTextLocalizationManager: Compacting localization data took   0.00ms
[2022.02.27-00.34.01:450][  0]LogAssetRegistry: FAssetRegistry took 0.0016 seconds to start up
[2022.02.27-00.34.01:608][  0]LogPackageLocalizationCache: Processed 27 localized package path(s) for 1 prioritized culture(s) in 0.001394 seconds
[2022.02.27-00.34.01:681][  0]LogInit: Selected Device Profile: [Windows]
[2022.02.27-00.34.01:681][  0]LogInit: Active device profile: [0000028522B3F600][00000285197BF4C0 49] Windows
[2022.02.27-00.34.01:681][  0]LogInit: Profiles: [0000028522B3F600][00000285197BF4C0 49] Windows, [0000028522AE4C00][0000028519CD3600 49] WindowsNoEditor, [0000028522B3CC00][0000028519CD7740 49] WindowsServer, [0000028522AE6C00][0000028519CDF8C0 49] WindowsClient, [0000028522B3EB00][00000285196C1A40 49] IOS, [0000028522AE7F00][00000285196C5BC0 49] iPadAir, [0000028522B3D500][00000285196C81C0 49] iPadAir2, [0000028522A93800][00000285196D0480 49] IPadPro, [0000028522A93900][00000285196CC4C0 49] iPadAir3, [0000028522B3E400][00000285196D4640 49] iPadAir4, [0000028522A91100][00000285196D87C0 49] iPadMini2, [0000028522B3D800][00000285196DC940 49] iPadMini3, [0000028522A92600][00000285196E0AC0 49] iPadMini4, [0000028522B3DF00][00000285196E4C40 49] iPadMini5, [0000028522AE3100][00000285196ECF00 49] iPhone6, [0000028522AE3200][00000285196E8F40 49] iPodTouch6, [0000028522A92100][00000285196F5200 49] iPhone7, [0000028522A92200][00000285196F1240 49] iPodTouch7, [0000028522AE1000][00000285196F93C0 49] iPhone5S, [0000028522A90D00][0000028519CDB500 49] iPhone6Plus, [0000028522AE2700][00000285196FD640 49] iPhone6S, [0000028522A92800][0000028519701780 49] iPhone6SPlus, [0000028522AE3D00][00000285197058C0 49] iPhone7Plus, [0000028522A93300][00000285232CDA40 49] iPhoneSE, [0000028522AE0300][00000285232D1BC0 49] iPhone8, [0000028522A93100][00000285232D41C0 49] iPhone8Plus, [0000028522AE1B00][00000285232D8340 49] iPhoneX, [0000028522A91400][00000285232DC4C0 49] iPhoneXS, [0000028522AE1F00][00000285232E0640 49] iPhoneXSMax, [0000028522A93F00][00000285232E47C0 49] iPhoneXR, [0000028522AE1900][00000285232E8940 49] iPhone11, [0000028522A91C00][00000285232ECAC0 49] iPhone11Pro, [0000028522AE3400][00000285232F0C40 49] iPhone11ProMax, [0000028522A90100][00000285232F4DC0 49] iPhoneSE2, [0000028522AE0900][00000285232F8F40 49] iPhone12Mini, [0000028522A91D00][00000285232FD0C0 49] iPhone12, [0000028522AE2D00][0000028523301240 49] iPhone12Pro, [0000028522A92C00][00000285233053C0 49] iPhone12ProMax, [0000028522AE2100][0000028523309540 49] iPadPro105, [0000028522A90200][000002852330D6C0 49] iPadPro129, [0000028522AE1500][0000028519709800 49] iPadPro97, [0000028522A92A00][0000028523311940 49] iPadPro2_129, [0000028522AE3600][0000028523315A80 49] iPad5, [0000028522A90900][000002852331DC00 49] iPad6, [0000028522AE1C00][0000028523320200 49] iPad7, [0000028522A91B00][0000028523324380 49] iPad8, [0000028522AE1E00][0000028523328500 49] iPadPro11, [0000028522A90F00][000002852332C680 49] iPadPro2_11, [0000028522AE2400][0000028523330800 49] iPadPro3_129, [0000028522A93E00][0000028523334980 49] iPadPro4_129, [0000028522AE1700][0000028523338B00 49] AppleTV, [0000028522A90300][000002852333CC80 49] AppleTV4K, [0000028522AE3300][0000028523340E00 49] TVOS, [0000028522A92B00][0000028523344F80 49] Mac, [0000028522AE4500][0000028523349100 49] MacClient, [0000028522B70F00][000002852334D280 49] MacNoEditor, [0000028522AE7200][0000028523351400 49] MacServer, [0000028522B71C00][0000028523355580 49] Linux, [0000028522AE4F00][0000028523359700 49] LinuxAArch64, [0000028522B71500][000002852335D880 49] LinuxNoEditor, [0000028522AE7800][00000285233199C0 49] LinuxAArch64NoEditor, [0000028522B70700][0000028523361B00 49] LinuxClient, [0000028522AE5900][00000285233640C0 49] LinuxAArch64Client, [0000028522B70A00][000002852336C240 49] LinuxServer, [0000028522AE7C00][00000285233703C0 49] LinuxAArch64Server, [0000028522B72C00][0000028523374540 49] Android, [0000028522AE7300][00000285233786C0 49] Android_Low, [0000028522B70300][000002852337C840 49] Android_Mid, [0000028522AE6800][00000285233809C0 49] Android_High, [0000028522B70600][0000028523384B40 49] Android_Default, [0000028522AE5600][0000028523388CC0 49] Android_Adreno4xx, [0000028522B72300][000002852338CE40 49] Android_Adreno5xx_Low, [0000028522AE5D00][0000028523390FC0 49] Android_Adreno5xx, [0000028522B70400][0000028523395140 49] Android_Adreno6xx, [0000028522AE7D00][00000285233992C0 49] Android_Adreno6xx_Vulkan, [0000028522B72400][000002852339D440 49] Android_Mali_T6xx, [0000028522AE6F00][00000285233A15C0 49] Android_Mali_T7xx, [0000028522B72800][00000285233A5740 49] Android_Mali_T8xx, [0000028522A91800][00000285233A98C0 49] Android_Mali_G71, [0000028522AE2A00][00000285233ADA40 49] Android_Mali_G72, [0000028522A92900][0000028523369B80 49] Android_Mali_G72_Vulkan, [0000028522AE0E00][00000285233B0140 49] Android_Mali_G76, [0000028522A90B00][00000285233B4280 49] Android_Mali_G76_Vulkan, [0000028522B71F00][00000285233B83C0 49] Android_Mali_G77, [0000028522A91A00][00000285233C0540 49] Android_Mali_G77_Vulkan, [0000028522B72200][00000285233C46C0 49] Android_Mali_G78, [0000028522A90A00][00000285233C8840 49] Android_Mali_G78_Vulkan, [0000028522B71A00][00000285233CC9C0 49] Android_Mali_G710, [0000028522A91500][00000285233D0B40 49] Android_Mali_G710_Vulkan, [0000028522B71200][00000285233D4CC0 49] Android_Vulkan_SM5, [0000028522A93600][00000285233D8E40 49] Android_PowerVR_G6xxx, [0000028522B71900][00000285233DCFC0 49] Android_PowerVR_GT7xxx, [0000028522A93A00][00000285233E1140 49] Android_PowerVR_GE8xxx, [0000028522B70E00][00000285233E52C0 49] Android_PowerVR_GM9xxx, [0000028522A92E00][00000285233E9440 49] Android_PowerVR_GM9xxx_Vulkan, [0000028522B72700][00000285233ED5C0 49] Android_TegraK1, [0000028522A90E00][00000285233F1740 49] Android_Unknown_Vulkan, [0000028522B70800][00000285233F58C0 49] Lumin, [0000028522A91200][00000285233F9A40 49] Lumin_Desktop, [0000028522B71D00][00000285233FDBC0 49] HoloLens, 
[2022.02.27-00.34.01:710][  0]LogMeshReduction: Using QuadricMeshReduction for automatic static mesh reduction
[2022.02.27-00.34.01:710][  0]LogMeshReduction: Using SimplygonMeshReduction for automatic skeletal mesh reduction
[2022.02.27-00.34.01:710][  0]LogMeshReduction: Using ProxyLODMeshReduction for automatic mesh merging
[2022.02.27-00.34.01:710][  0]LogMeshReduction: No distributed automatic mesh merging module available
[2022.02.27-00.34.01:710][  0]LogMeshMerging: No distributed automatic mesh merging module available
[2022.02.27-00.34.01:859][  0]LogNetVersion: GAME259_A_URE 1.0.0, NetCL: 17155196, EngineNetVer: 17, GameNetVer: 0 (Checksum: 2250587433)
[2022.02.27-00.34.02:134][  0]LogTexture: Default maximum texture size for cubemaps generated from long-lat sources has been changed from 512 to unlimited. In order to preserve old behaiour for '/Engine/MapTemplates/Sky/DaylightAmbientCubemap.DaylightAmbientCubemap', its maximum texture size has been explicitly set to 512.
[2022.02.27-00.34.02:204][  0]LogHMD: PokeAHoleMaterial loaded successfully
[2022.02.27-00.34.02:252][  0]LogMoviePlayer: Initializing movie player
[2022.02.27-00.34.02:349][  0]LogNiagaraDebuggerClient: Niagara Debugger Client Initialized | Session: A757915342527302385660AB2C916DC0 | Instance: 51031FD9499DBF0D8FC91F9547DA7641 (OMEN-16492).
[2022.02.27-00.34.02:367][  0]LogCollectionManager: Loaded 0 collections in 0.000953 seconds
[2022.02.27-00.34.02:369][  0]LogFileCache: Scanning file cache for directory 'D:/GitHub/GAME259-2022-A/GAME259_A_URE/Saved/Collections/' took 0.00s
[2022.02.27-00.34.02:369][  0]LogFileCache: Scanning file cache for directory 'D:/GitHub/GAME259-2022-A/GAME259_A_URE/Content/Developers/James/Collections/' took 0.00s
[2022.02.27-00.34.02:369][  0]LogFileCache: Scanning file cache for directory 'D:/GitHub/GAME259-2022-A/GAME259_A_URE/Content/Collections/' took 0.00s
[2022.02.27-00.34.02:369][  0]LogCollectionManager: Fixed up redirectors for 0 collections in 0.000003 seconds (updated 0 objects)
[2022.02.27-00.34.02:386][  0]LogPython: Using Python 3.7.7
[2022.02.27-00.34.02:954][  0]LogUdpMessaging: Initializing bridge on interface 0.0.0.0:0 to multicast group 230.0.0.1:6666.
[2022.02.27-00.34.02:958][  0]LogTcpMessaging: Initializing TcpMessaging bridge
[2022.02.27-00.34.02:976][  0]LogSteamShared: Display: Loading Steam SDK 1.51
[2022.02.27-00.34.02:977][  0]LogSteamShared: Steam SDK Loaded!
[2022.02.27-00.34.03:166][  0]SourceControl: Source control is disabled
[2022.02.27-00.34.03:166][  0]SourceControl: Source control is disabled
[2022.02.27-00.34.03:169][  0]SourceControl: Source control is disabled
[2022.02.27-00.34.03:172][  0]LogUProjectInfo: Found projects:
[2022.02.27-00.34.03:241][  0]LogOpenImageDenoise: OIDN starting up
[2022.02.27-00.34.03:258][  0]LogAndroidPermission: UAndroidPermissionCallbackProxy::GetInstance
[2022.02.27-00.34.03:268][  0]LogAudioCaptureCore: Display: No Audio Capture implementations found. Audio input will be silent.
[2022.02.27-00.34.03:268][  0]LogAudioCaptureCore: Display: No Audio Capture implementations found. Audio input will be silent.
[2022.02.27-00.34.03:360][  0]LogOcInput: OculusInput pre-init called
[2022.02.27-00.34.03:371][  0]LogUObjectArray: 23057 objects as part of root set at end of initial load.
[2022.02.27-00.34.03:371][  0]LogUObjectAllocator: 6401856 out of 0 bytes used by permanent object pool.
[2022.02.27-00.34.03:371][  0]LogUObjectArray: CloseDisregardForGC: 0/0 objects in disregard for GC pool
[2022.02.27-00.34.03:420][  0]LogClass: Display: IntProperty FServerInfo::CurrentPlayers is not initialized properly. Module:GAME259_A_URE File:GameInstance_GAME259_A_URE.h
[2022.02.27-00.34.03:420][  0]LogClass: Display: IntProperty FServerInfo::MaxPlayers is not initialized properly. Module:GAME259_A_URE File:GameInstance_GAME259_A_URE.h
[2022.02.27-00.34.03:420][  0]LogClass: Display: IntProperty FServerInfo::ServerArrayIndex is not initialized properly. Module:GAME259_A_URE File:GameInstance_GAME259_A_URE.h
[2022.02.27-00.34.03:420][  0]LogClass: Display: 3 Uninitialized script struct members found including 0 object properties
[2022.02.27-00.34.03:420][  0]LogEngine: Initializing Engine...
[2022.02.27-00.34.03:922][  0]LogHMD: Failed to get an OpenXR system, result is XR_ERROR_FORM_FACTOR_UNAVAILABLE. Please check that your runtime supports VR headsets.
[2022.02.27-00.34.03:922][  0]LogMagicLeap: Warning: VR disabled because ZI is not enabled.  To enable, in the editor, Edit -> Project Settings -> Plugins -> Magic Leap Plugin -> Enable Zero Iteration
[2022.02.27-00.34.03:923][  0]LogStats: UGameplayTagsManager::InitializeManager -  0.000 s
[2022.02.27-00.34.04:052][  0]LogInit: Initializing FReadOnlyCVARCache
[2022.02.27-00.34.04:052][  0]LogAudio: Display: Initializing Audio Device Manager...
[2022.02.27-00.34.04:055][  0]LogAudio: Display: Loading Default Audio Settings Objects...
[2022.02.27-00.34.04:056][  0]LogAudio: Display: No default SoundConcurrencyObject specified (or failed to load).
[2022.02.27-00.34.04:057][  0]LogAudio: Display: Audio Device Manager Initialized
[2022.02.27-00.34.04:057][  0]LogAudio: Display: Creating Audio Device:                 Id: 1, Scope: Shared, Realtime: True
[2022.02.27-00.34.04:057][  0]LogAudioMixer: Display: Audio Mixer Platform Settings:
[2022.02.27-00.34.04:057][  0]LogAudioMixer: Display: 	Sample Rate:						  48000
[2022.02.27-00.34.04:057][  0]LogAudioMixer: Display: 	Callback Buffer Frame Size Requested: 1024
[2022.02.27-00.34.04:057][  0]LogAudioMixer: Display: 	Callback Buffer Frame Size To Use:	  1024
[2022.02.27-00.34.04:057][  0]LogAudioMixer: Display: 	Number of buffers to queue:			  2
[2022.02.27-00.34.04:057][  0]LogAudioMixer: Display: 	Max Channels (voices):				  32
[2022.02.27-00.34.04:057][  0]LogAudioMixer: Display: 	Number of Async Source Workers:		  0
[2022.02.27-00.34.04:057][  0]LogAudio: Display: AudioDevice MaxSources: 32
[2022.02.27-00.34.04:058][  0]LogAudio: Display: Audio Spatialization Plugin: None (built-in).
[2022.02.27-00.34.04:058][  0]LogAudio: Display: Audio Reverb Plugin: None (built-in).
[2022.02.27-00.34.04:058][  0]LogAudio: Display: Audio Occlusion Plugin: None (built-in).
[2022.02.27-00.34.04:058][  0]LogAudioMixer: Display: Initializing audio mixer.
[2022.02.27-00.34.04:092][  0]LogAudioMixer: Display: 0: FrontLeft
[2022.02.27-00.34.04:092][  0]LogAudioMixer: Display: 1: FrontRight
[2022.02.27-00.34.04:184][  0]LogAudioMixer: Display: Using Audio Device Headphones (2- Arctis 7 Game)
[2022.02.27-00.34.04:190][  0]LogAudioMixer: Display: Initializing Sound Submixes...
[2022.02.27-00.34.04:191][  0]LogAudioMixer: Display: Creating Master Submix 'MasterSubmixDefault'
[2022.02.27-00.34.04:192][  0]LogAudioMixer: Display: Creating Master Submix 'MasterReverbSubmixDefault'
[2022.02.27-00.34.04:193][  0]LogAudioMixer: Display: Creating Master Submix 'MasterEQSubmixDefault'
[2022.02.27-00.34.04:193][  0]LogAudioMixer: FMixerPlatformXAudio2::StartAudioStream() called
[2022.02.27-00.34.04:193][  0]LogAudioMixer: Display: Output buffers initialized: Frames=1024, Channels=2, Samples=2048
[2022.02.27-00.34.04:194][  0]LogAudioMixer: Display: Starting AudioMixerPlatformInterface::RunInternal()
[2022.02.27-00.34.04:194][  0]LogAudioMixer: Display: FMixerPlatformXAudio2::SubmitBuffer() called for the first time
[2022.02.27-00.34.04:194][  0]LogInit: FAudioDevice initialized.
[2022.02.27-00.34.04:195][  0]LogNetVersion: Set ProjectVersion to 1.0.0.0. Version Checksum will be recalculated on next use.
[2022.02.27-00.34.04:199][  0]LogInit: Texture streaming: Enabled
[2022.02.27-00.34.04:259][  0]LogAudio: Display: Audio Device (ID: 1) registered with world 'Untitled'.
[2022.02.27-00.34.04:259][  0]LogSlate: Updating window title bar state: overlay mode, drag disabled, window buttons hidden, title bar hidden
[2022.02.27-00.34.04:259][  0]LogInit: Display: Game Engine Initialized.
[2022.02.27-00.34.04:260][  0]LogNiagaraEditor: GEditor isn't valid! Particle reset commands will not work for Niagara components!
[2022.02.27-00.34.04:305][  0]LogInit: Display: Starting Game.
[2022.02.27-00.34.04:305][  0]LogNet: Browse: /Game/LobbySystem/Levels/LobbyMainMenu?Name=Player
[2022.02.27-00.34.04:305][  0]LogLoad: LoadMap: /Game/LobbySystem/Levels/LobbyMainMenu?Name=Player
[2022.02.27-00.34.04:305][  0]LogWorld: BeginTearingDown for /Temp/Untitled_0
[2022.02.27-00.34.04:307][  0]LogWorld: UWorld::CleanupWorld for Untitled, bSessionEnded=true, bCleanupResources=true
[2022.02.27-00.34.04:307][  0]LogSlate: InvalidateAllWidgets triggered.  All widgets were invalidated
[2022.02.27-00.34.04:312][  0]LogAudio: Display: Audio Device unregistered from world 'None'.
[2022.02.27-00.34.04:314][  0]LogUObjectHash: Compacting FUObjectHashTables data took   0.76ms
[2022.02.27-00.34.04:343][  0]LogAudio: Display: Audio Device (ID: 1) registered with world 'LobbyMainMenu'.
[2022.02.27-00.34.04:349][  0]LogAIModule: Creating AISystem for world LobbyMainMenu
[2022.02.27-00.34.04:349][  0]LogLoad: Game class is 'BP_LobbyGameMode_C'
[2022.02.27-00.34.04:350][  0]LogWorld: Bringing World /Game/LobbySystem/Levels/LobbyMainMenu.LobbyMainMenu up for play (max tick rate 0) at 2022.02.26-19.34.04
[2022.02.27-00.34.04:350][  0]LogWorld: Bringing up level for play took: 0.000377
[2022.02.27-00.34.04:351][  0]LogGameMode: FindPlayerStart: PATHS NOT DEFINED or NO PLAYERSTART with positive rating
[2022.02.27-00.34.04:486][  0]LogViewport: Display: Viewport MouseLockMode Changed, LockOnCapture -> DoNotLock
[2022.02.27-00.34.04:486][  0]LogViewport: Display: Viewport MouseCaptureMode Changed, CapturePermanently_IncludingInitialMouseDown -> NoCapture
[2022.02.27-00.34.04:486][  0]LogLoad: Took 0.180901 seconds to LoadMap(/Game/LobbySystem/Levels/LobbyMainMenu)
[2022.02.27-00.34.04:741][  0]LogSlate: Took 0.000195 seconds to synchronously load lazily loaded font '../../../Engine/Content/Slate/Fonts/Roboto-Regular.ttf' (155K)
[2022.02.27-00.34.04:877][  0]LogRenderer: Reallocating scene render targets to support 1280x720 Format 10 NumSamples 1 (Frame:1).
[2022.02.27-00.34.04:877][  0]LogInit: Display: Engine is initialized. Leaving FEngineLoop::Init()
[2022.02.27-00.34.04:877][  0]LogLoad: (Engine Initialization) Total time: 9.17 seconds
[2022.02.27-00.34.04:877][  0]LogLoad: (Engine Initialization) Total Blueprint compile time: 0.00 seconds
[2022.02.27-00.34.04:883][  0]LogContentStreaming: Texture pool size now 1000 MB
[2022.02.27-00.34.04:915][  0]LogSlate: InvalidateAllWidgets triggered.  All widgets were invalidated
[2022.02.27-00.34.04:924][  1]LogSlate: Took 0.000337 seconds to synchronously load lazily loaded font '../../../Engine/Content/Slate/Fonts/Roboto-Regular.ttf' (155K)
[2022.02.27-00.34.17:806][601]LogTemp: Warning: Create Server Called
[2022.02.27-00.34.17:881][601]LogTemp: Warning: OnCreateSessionComplete, Succeeded: 1
[2022.02.27-00.34.17:881][601]LogGameMode: ProcessServerTravel: /Game/LobbySystem/Levels/Networking_GameTestMap?listen
[2022.02.27-00.34.17:883][601]LogEngine: Server switch level: /Game/LobbySystem/Levels/Networking_GameTestMap?Name=Player?listen
[2022.02.27-00.34.17:883][601]LogNet: Browse: /Game/LobbySystem/Levels/Networking_GameTestMap?Name=Player?listen
[2022.02.27-00.34.17:883][601]LogLoad: LoadMap: /Game/LobbySystem/Levels/Networking_GameTestMap?Name=Player?listen
[2022.02.27-00.34.17:883][601]LogWorld: BeginTearingDown for /Game/LobbySystem/Levels/LobbyMainMenu
[2022.02.27-00.34.17:902][601]LogWorld: UWorld::CleanupWorld for LobbyMainMenu, bSessionEnded=true, bCleanupResources=true
[2022.02.27-00.34.17:903][601]LogSlate: InvalidateAllWidgets triggered.  All widgets were invalidated
[2022.02.27-00.34.17:944][601]LogAudio: Display: Audio Device unregistered from world 'None'.
[2022.02.27-00.34.17:947][601]LogUObjectHash: Compacting FUObjectHashTables data took   0.85ms
[2022.02.27-00.34.18:003][601]LogAudio: Display: Audio Device (ID: 1) registered with world 'Networking_GameTestMap'.
[2022.02.27-00.34.18:004][601]LogAIModule: Creating AISystem for world Networking_GameTestMap
[2022.02.27-00.34.18:004][601]LogLoad: Game class is 'GAME259_A_UREGameMode'
[2022.02.27-00.34.18:024][601]LogNet: ReplicationDriverClass is null! Not using ReplicationDriver.
[2022.02.27-00.34.18:042][601]LogNetCore: DDoS detection status: detection enabled: 0 analytics enabled: 0
[2022.02.27-00.34.18:047][601]LogInit: WinSock: Socket queue. Rx: 131072 (config 131072) Tx: 131072 (config 131072)
[2022.02.27-00.34.18:055][601]LogNet: Created socket for bind address: 0.0.0.0 on port 7777
[2022.02.27-00.34.18:061][601]PacketHandlerLog: Loaded PacketHandler component: Engine.EngineHandlerComponentFactory (StatelessConnectHandlerComponent)
[2022.02.27-00.34.18:133][601]LogNet: GameNetDriver IpNetDriver_0 IpNetDriver listening on port 7777
[2022.02.27-00.34.18:135][601]LogWorld: Bringing World /Game/LobbySystem/Levels/Networking_GameTestMap.Networking_GameTestMap up for play (max tick rate 0) at 2022.02.26-19.34.18
[2022.02.27-00.34.18:135][601]LogWorld: Bringing up level for play took: 0.001749
[2022.02.27-00.34.18:136][601]LogOnlineSession: Warning: OSS: No game present to join for session (GameSession)
[2022.02.27-00.34.18:139][601]LogViewport: Display: Viewport MouseLockMode Changed, DoNotLock -> LockOnCapture
[2022.02.27-00.34.18:139][601]LogViewport: Display: Viewport MouseCaptureMode Changed, NoCapture -> CapturePermanently
[2022.02.27-00.34.18:139][601]LogLoad: Took 0.255794 seconds to LoadMap(/Game/LobbySystem/Levels/Networking_GameTestMap)
[2022.02.27-00.34.27:860][970]LogNet: NotifyAcceptingConnection accepted from: 192.168.56.1:51851
[2022.02.27-00.34.27:860][970]LogHandshake: SendConnectChallenge. Timestamp: 10.078204, Cookie: 207021053149128216238101017108130089207175189186094193074227
[2022.02.27-00.34.27:870][971]LogNet: NotifyAcceptingConnection accepted from: 192.168.56.1:51851
[2022.02.27-00.34.27:870][971]LogHandshake: SendChallengeAck. InCookie: 207021053149128216238101017108130089207175189186094193074227
[2022.02.27-00.34.27:870][971]LogNet: Server accepting post-challenge connection from: 192.168.56.1:51851
[2022.02.27-00.34.27:870][971]PacketHandlerLog: Loaded PacketHandler component: Engine.EngineHandlerComponentFactory (StatelessConnectHandlerComponent)
[2022.02.27-00.34.27:870][971]LogNet: NotifyAcceptedConnection: Name: Networking_GameTestMap, TimeStamp: 02/26/22 19:34:27, [UNetConnection] RemoteAddr: 192.168.56.1:51851, Name: IpConnection_0, Driver: GameNetDriver IpNetDriver_0, IsServer: YES, PC: NULL, Owner: NULL, UniqueId: INVALID
[2022.02.27-00.34.27:870][971]LogNet: AddClientConnection: Added client connection: [UNetConnection] RemoteAddr: 192.168.56.1:51851, Name: IpConnection_0, Driver: GameNetDriver IpNetDriver_0, IsServer: YES, PC: NULL, Owner: NULL, UniqueId: INVALID
[2022.02.27-00.34.27:940][974]LogNet: NotifyAcceptingChannel Control 0 server World /Game/LobbySystem/Levels/Networking_GameTestMap.Networking_GameTestMap: Accepted
[2022.02.27-00.34.27:977][974]LogNet: Remote platform little endian=1
[2022.02.27-00.34.27:977][974]LogNet: This platform little endian=1
[2022.02.27-00.34.27:978][974]LogNetVersion: GAME259_A_URE 1.0.0.0, NetCL: 17155196, EngineNetVer: 17, GameNetVer: 0 (Checksum: 1639948920)
[2022.02.27-00.34.27:979][975]LogNet: Login request: ?Name=OMEN-6F4E1BE74A7CFA65AFE3CDBED87BBB9D userId: NULL:OMEN-6F4E1BE74A7CFA65AFE3CDBED87BBB9D platform: NULL
[2022.02.27-00.34.27:993][978]LogNet: Client netspeed is 100000
[2022.02.27-00.34.28:096][  6]LogNet: Join request: /Game/LobbySystem/Levels/LobbyMainMenu?Name=OMEN-6F4E1BE74A7CFA65AFE3CDBED87BBB9D?SplitscreenCount=1
[2022.02.27-00.34.28:097][  6]LogOnlineSession: Warning: OSS: No game present to join for session (GameSession)
[2022.02.27-00.34.28:279][  6]LogNet: Join succeeded: OMEN-6F4E1BE74A7CFA6
[2022.02.27-00.34.39:514][255]LogBlueprintUserMessages: [DamageTestActor_2] Current Health: 90.0
[2022.02.27-00.34.40:057][376]LogBlueprintUserMessages: [DamageTestActor_2] Current Health: 80.0
[2022.02.27-00.34.40:061][377]LogBlueprintUserMessages: [DamageTestActor_2] Current Health: 70.0
[2022.02.27-00.34.40:856][551]LogBlueprintUserMessages: [DamageTestActor_2] Current Health: 60.0
[2022.02.27-00.34.41:690][723]LogBlueprintUserMessages: [DamageTestActor_2] Current Health: 50.0
[2022.02.27-00.34.42:649][936]LogBlueprintUserMessages: [DamageTestActor_2] Current Health: 40.0
[2022.02.27-00.34.43:180][ 56]LogBlueprintUserMessages: [DamageTestActor_2] Current Health: 30.0
[2022.02.27-00.34.44:780][415]LogBlueprintUserMessages: [DamageTestActor_2] Current Health: 20.0
[2022.02.27-00.34.45:256][518]LogBlueprintUserMessages: [DamageTestActor_2] Current Health: 10.0
[2022.02.27-00.34.45:909][664]LogBlueprintUserMessages: [DamageTestActor_2] Current Health: 0.0
[2022.02.27-00.34.45:914][665]LogBlueprintUserMessages: [DamageTestActor_2] Current Health: 0.0
[2022.02.27-00.34.49:492][322]LogNet: UChannel::ReceivedSequencedBunch: Bunch.bClose == true. ChIndex == 0. Calling ConditionalCleanUp.
[2022.02.27-00.34.49:493][322]LogNet: UChannel::CleanUp: ChIndex == 0. Closing connection. [UChannel] ChIndex: 0, Closing: 0 [UNetConnection] RemoteAddr: 192.168.56.1:51851, Name: IpConnection_0, Driver: GameNetDriver IpNetDriver_0, IsServer: YES, PC: PlayerController_1, Owner: PlayerController_1, UniqueId: NULL:OMEN-6F4E1BE74A7CFA65AFE3CDBED87BBB9D
[2022.02.27-00.34.49:493][322]LogNet: UNetConnection::Close: [UNetConnection] RemoteAddr: 192.168.56.1:51851, Name: IpConnection_0, Driver: GameNetDriver IpNetDriver_0, IsServer: YES, PC: PlayerController_1, Owner: PlayerController_1, UniqueId: NULL:OMEN-6F4E1BE74A7CFA65AFE3CDBED87BBB9D, Channels: 11, Time: 2022.02.27-00.34.49
[2022.02.27-00.34.49:493][322]LogNet: UChannel::Close: Sending CloseBunch. ChIndex == 0. Name: [UChannel] ChIndex: 0, Closing: 0 [UNetConnection] RemoteAddr: 192.168.56.1:51851, Name: IpConnection_0, Driver: GameNetDriver IpNetDriver_0, IsServer: YES, PC: PlayerController_1, Owner: PlayerController_1, UniqueId: NULL:OMEN-6F4E1BE74A7CFA65AFE3CDBED87BBB9D
[2022.02.27-00.34.49:499][323]LogOnlineSession: Warning: OSS: No game present to leave for session (GameSession)
[2022.02.27-00.34.51:307][702]LogSlate: Window 'GAME259_A_URE (64-bit Development PCD3D_SM5) ' being destroyed
[2022.02.27-00.34.51:314][702]LogOnlineSession: Warning: OSS: No game present to leave for session (GameSession)
[2022.02.27-00.34.51:314][702]LogSlate: Updating window title bar state: overlay mode, drag disabled, window buttons hidden, title bar hidden
[2022.02.27-00.34.51:314][702]LogEngine: All Windows Closed
[2022.02.27-00.34.51:314][702]LogWindows: FPlatformMisc::RequestExit(0)
[2022.02.27-00.34.51:314][702]LogWindows: FPlatformMisc::RequestExitWithStatus(0, 0)
[2022.02.27-00.34.51:314][702]LogCore: Engine exit requested (reason: Win RequestExit)
[2022.02.27-00.34.51:315][703]LogCore: Engine exit requested (reason: EngineExit() was called; note: exit was already requested)
[2022.02.27-00.34.51:315][703]LogInit: Display: PreExit Game.
[2022.02.27-00.34.51:327][703]LogWorld: BeginTearingDown for /Game/LobbySystem/Levels/Networking_GameTestMap
[2022.02.27-00.34.51:327][703]LogNet: World NetDriver shutdown IpNetDriver_0 [GameNetDriver]
[2022.02.27-00.34.51:327][703]LogNet: DestroyNamedNetDriver IpNetDriver_0 [GameNetDriver]
[2022.02.27-00.34.51:327][703]LogExit: GameNetDriver IpNetDriver_0 shut down
[2022.02.27-00.34.51:328][703]LogWorld: UWorld::CleanupWorld for Networking_GameTestMap, bSessionEnded=true, bCleanupResources=true
[2022.02.27-00.34.51:328][703]LogSlate: InvalidateAllWidgets triggered.  All widgets were invalidated
[2022.02.27-00.34.51:950][703]LogAudio: Display: Beginning Audio Device Manager Shutdown (Module: AudioMixerXAudio2)...
[2022.02.27-00.34.51:950][703]LogAudio: Display: Destroying 1 Remaining Audio Device(s)...
[2022.02.27-00.34.51:950][703]LogAudio: Display: Audio Device unregistered from world 'Networking_GameTestMap'.
[2022.02.27-00.34.51:975][703]LogAudioMixer: FMixerPlatformXAudio2::StopAudioStream() called
[2022.02.27-00.34.51:976][703]LogAudioMixer: FMixerPlatformXAudio2::StopAudioStream() called
[2022.02.27-00.34.51:983][703]LogAudio: Display: Audio Device Manager Shutdown
[2022.02.27-00.34.51:986][703]LogExit: Preparing to exit.
[2022.02.27-00.34.52:988][703]LogSlate: Updating window title bar state: overlay mode, drag disabled, window buttons hidden, title bar hidden
[2022.02.27-00.34.52:990][703]LogUObjectHash: Compacting FUObjectHashTables data took   0.70ms
[2022.02.27-00.34.53:050][703]LogMoviePlayer: Shutting down movie player
[2022.02.27-00.34.53:102][703]LogDemo: Cleaned up 0 splitscreen connections with owner deletion
[2022.02.27-00.34.53:106][703]LogExit: Game engine shut down
[2022.02.27-00.34.53:142][703]LogExit: Object subsystem successfully closed.
[2022.02.27-00.34.53:155][703]LogShaderCompilers: Display: === FShaderJobCache stats ===
[2022.02.27-00.34.53:155][703]LogShaderCompilers: Display: Total job queries 0, among them cache hits 0 (0.00%)
[2022.02.27-00.34.53:155][703]LogShaderCompilers: Display: Tracking 0 distinct input hashes that result in 0 distinct outputs (0.00%)
[2022.02.27-00.34.53:155][703]LogShaderCompilers: Display: RAM used: 0.00 MB (0.00 GB) of 819.20 MB (0.80 GB) budget. Usage: 0.00%
[2022.02.27-00.34.53:155][703]LogShaderCompilers: Display: ================================================
[2022.02.27-00.34.53:162][703]LogShaderCompilers: Display: Shaders left to compile 0
[2022.02.27-00.34.53:171][703]LogModuleManager: Shutting down and abandoning module SequenceRecorderSections (566)
[2022.02.27-00.34.53:171][703]LogModuleManager: Shutting down and abandoning module SequenceRecorder (564)
[2022.02.27-00.34.53:171][703]LogModuleManager: Shutting down and abandoning module AutomationController (562)
[2022.02.27-00.34.53:171][703]LogModuleManager: Shutting down and abandoning module AutomationWorker (560)
[2022.02.27-00.34.53:171][703]LogModuleManager: Shutting down and abandoning module Voice (558)
[2022.02.27-00.34.53:171][703]LogModuleManager: Shutting down and abandoning module AIModule (556)
[2022.02.27-00.34.53:171][703]LogModuleManager: Shutting down and abandoning module GameplayDebugger (555)
[2022.02.27-00.34.53:171][703]LogModuleManager: Shutting down and abandoning module AITestSuite (553)
[2022.02.27-00.34.53:171][703]LogModuleManager: Shutting down and abandoning module NavigationSystem (551)
[2022.02.27-00.34.53:171][703]LogModuleManager: Shutting down and abandoning module OculusMR (548)
[2022.02.27-00.34.53:171][703]LogModuleManager: Shutting down and abandoning module TakeRecorderSources (546)
[2022.02.27-00.34.53:171][703]LogModuleManager: Shutting down and abandoning module TakeRecorder (545)
[2022.02.27-00.34.53:171][703]LogModuleManager: Shutting down and abandoning module TakeTrackRecorders (542)
[2022.02.27-00.34.53:171][703]LogModuleManager: Shutting down and abandoning module TakesCore (540)
[2022.02.27-00.34.53:171][703]LogModuleManager: Shutting down and abandoning module OpenXRInput (538)
[2022.02.27-00.34.53:171][703]LogModuleManager: Shutting down and abandoning module MagicLeapMediaCodecFactory (536)
[2022.02.27-00.34.53:171][703]LogModuleManager: Shutting down and abandoning module MagicLeapMediaFactory (534)
[2022.02.27-00.34.53:171][703]LogModuleManager: Shutting down and abandoning module WmfMediaFactory (532)
[2022.02.27-00.34.53:171][703]LogModuleManager: Shutting down and abandoning module WebMMediaFactory (530)
[2022.02.27-00.34.53:171][703]LogModuleManager: Shutting down and abandoning module WebMMedia (528)
[2022.02.27-00.34.53:171][703]LogModuleManager: Shutting down and abandoning module OpenExrWrapper (526)
[2022.02.27-00.34.53:171][703]LogModuleManager: Shutting down and abandoning module ImgMediaFactory (524)
[2022.02.27-00.34.53:171][703]LogModuleManager: Shutting down and abandoning module AvfMediaFactory (522)
[2022.02.27-00.34.53:171][703]LogModuleManager: Shutting down and abandoning module PlanarCut (520)
[2022.02.27-00.34.53:171][703]LogModuleManager: Shutting down and abandoning module CharacterAI (518)
[2022.02.27-00.34.53:171][703]LogModuleManager: Shutting down and abandoning module SessionServices (516)
[2022.02.27-00.34.53:171][703]LogModuleManager: Shutting down and abandoning module MovieSceneCapture (514)
[2022.02.27-00.34.53:171][703]LogModuleManager: Shutting down and abandoning module LiveCoding (512)
[2022.02.27-00.34.53:172][703]LogModuleManager: Shutting down and abandoning module LevelSequence (510)
[2022.02.27-00.34.53:172][703]LogModuleManager: Shutting down and abandoning module MovieSceneTracks (508)
[2022.02.27-00.34.53:172][703]LogModuleManager: Shutting down and abandoning module MovieScene (506)
[2022.02.27-00.34.53:172][703]LogModuleManager: Shutting down and abandoning module StreamingPauseRendering (504)
[2022.02.27-00.34.53:172][703]LogModuleManager: Shutting down and abandoning module PortalServices (502)
[2022.02.27-00.34.53:172][703]LogModuleManager: Shutting down and abandoning module PortalRpc (500)
[2022.02.27-00.34.53:172][703]LogModuleManager: Shutting down and abandoning module MessagingRpc (498)
[2022.02.27-00.34.53:172][703]LogModuleManager: Shutting down and abandoning module AudioMixerXAudio2 (496)
[2022.02.27-00.34.53:172][703]LogModuleManager: Shutting down and abandoning module AudioMixerCore (495)
[2022.02.27-00.34.53:172][703]LogModuleManager: Shutting down and abandoning module ImageWriteQueue (492)
[2022.02.27-00.34.53:174][703]LogModuleManager: Shutting down and abandoning module ProfilerService (490)
