Log file open, 02/21/22 15:01:41
LogWindows: Failed to load 'aqProf.dll' (GetLastError=126)
LogWindows: File 'aqProf.dll' does not exist
LogWindows: Failed to load 'VtuneApi.dll' (GetLastError=126)
LogWindows: File 'VtuneApi.dll' does not exist
LogWindows: Failed to load 'VtuneApi32e.dll' (GetLastError=126)
LogWindows: File 'VtuneApi32e.dll' does not exist
LogConsoleResponse: Display: Failed to find resolution value strings in scalability ini. Falling back to default.
LogConsoleResponse: Display: Failed to find resolution value strings in scalability ini. Falling back to default.
LogInit: Display: Running engine for game: GAME259_A_URE
LogPlatformFile: Not using cached read wrapper
LogTaskGraph: Started task graph with 5 named threads and 35 total threads with 3 sets of task threads.
LogStats: Stats thread started at 0.373799
LogICUInternationalization: ICU TimeZone Detection - Raw Offset: -5:00, Platform Override: ''
LogInit: Display: Loading text-based GConfig....
LogPluginManager: Mounting plugin MegascansPlugin
LogPluginManager: Mounting plugin MeshPainting
LogPluginManager: Mounting plugin XGEController
LogPluginManager: Mounting plugin LightPropagationVolume
LogPluginManager: Mounting plugin Paper2D
LogPluginManager: Mounting plugin LiveLink
LogPluginManager: Mounting plugin AISupport
LogPluginManager: Mounting plugin OodleData
LogPluginManager: Mounting plugin OodleNetwork
LogPluginManager: Mounting plugin EnvironmentQueryEditor
LogPluginManager: Mounting plugin CurveEditorTools
LogPluginManager: Mounting plugin FacialAnimation
LogPluginManager: Mounting plugin AssetManagerEditor
LogPluginManager: Mounting plugin EditorScriptingUtilities
LogPluginManager: Mounting plugin GameplayTagsEditor
LogPluginManager: Mounting plugin CryptoKeys
LogPluginManager: Mounting plugin GeometryMode
LogPluginManager: Mounting plugin MaterialAnalyzer
LogPluginManager: Mounting plugin PluginBrowser
LogPluginManager: Mounting plugin SpeedTreeImporter
LogPluginManager: Mounting plugin GameplayCameras
LogPluginManager: Mounting plugin DataValidation
LogPluginManager: Mounting plugin CameraShakePreviewer
LogPluginManager: Mounting plugin DatasmithContent
LogPluginManager: Mounting plugin Niagara
LogPluginManager: Mounting plugin MacGraphicsSwitching
LogPluginManager: Mounting plugin VariantManagerContent
LogPluginManager: Mounting plugin AlembicImporter
LogPluginManager: Mounting plugin BackChannel
LogPluginManager: Mounting plugin AutomationUtils
LogPluginManager: Mounting plugin LuminPlatformFeatures
LogPluginManager: Mounting plugin MagicLeap
LogPluginManager: Mounting plugin MobileLauncherProfileWizard
LogPluginManager: Mounting plugin ChaosClothEditor
LogPluginManager: Mounting plugin ChaosCloth
LogPluginManager: Mounting plugin ChaosNiagara
LogPluginManager: Mounting plugin ChaosSolverPlugin
LogPluginManager: Mounting plugin MagicLeapPassableWorld
LogPluginManager: Mounting plugin CharacterAI
LogPluginManager: Mounting plugin ChaosEditor
LogPluginManager: Mounting plugin MagicLeapLightEstimation
LogPluginManager: Mounting plugin MLSDK
LogPluginManager: Mounting plugin MagicLeapMedia
LogPluginManager: Mounting plugin AndroidMedia
LogPluginManager: Mounting plugin GeometryProcessing
LogPluginManager: Mounting plugin AvfMedia
LogPluginManager: Mounting plugin GeometryCache
LogPluginManager: Mounting plugin GeometryCollectionPlugin
LogPluginManager: Mounting plugin AnimationSharing
LogPluginManager: Mounting plugin PlanarCut
LogPluginManager: Mounting plugin CLionSourceCodeAccess
LogPluginManager: Mounting plugin PythonScriptPlugin
LogPluginManager: Mounting plugin OpenImageDenoise
LogPluginManager: Mounting plugin ProxyLODPlugin
LogPluginManager: Mounting plugin CodeLiteSourceCodeAccess
LogPluginManager: Mounting plugin KDevelopSourceCodeAccess
LogPluginManager: Mounting plugin GitSourceControl
LogPluginManager: Mounting plugin NullSourceCodeAccess
LogPluginManager: Mounting plugin SkeletalReduction
LogPluginManager: Mounting plugin PerforceSourceControl
LogPluginManager: Mounting plugin PlasticSourceControl
LogPluginManager: Mounting plugin MotoSynth
LogPluginManager: Mounting plugin PropertyAccessNode
LogPluginManager: Mounting plugin PixWinPlugin
LogPluginManager: Mounting plugin RiderSourceCodeAccess
LogPluginManager: Mounting plugin TextureFormatOodle
LogPluginManager: Mounting plugin VisualStudioCodeSourceCodeAccess
LogPluginManager: Mounting plugin VisualStudioSourceCodeAccess
LogPluginManager: Mounting plugin UObjectPlugin
LogPluginManager: Mounting plugin XCodeSourceCodeAccess
LogPluginManager: Mounting plugin RiderLink
LogPluginManager: Mounting plugin PluginUtils
LogPluginManager: Mounting plugin SubversionSourceControl
LogPluginManager: Mounting plugin MediaCompositing
LogPluginManager: Mounting plugin ImgMedia
LogPluginManager: Mounting plugin MediaPlayerEditor
LogPluginManager: Mounting plugin WebMMedia
LogPluginManager: Mounting plugin ActorSequence
LogPluginManager: Mounting plugin WmfMedia
LogPluginManager: Mounting plugin LevelSequenceEditor
LogPluginManager: Mounting plugin TcpMessaging
LogPluginManager: Mounting plugin MatineeToLevelSequence
LogPluginManager: Mounting plugin UdpMessaging
LogPluginManager: Mounting plugin EOSShared
LogPluginManager: Mounting plugin PlatformCrypto
LogPluginManager: Mounting plugin OnlineSubsystemNull
LogPluginManager: Mounting plugin OnlineSubsystem
LogPluginManager: Mounting plugin OnlineSubsystemUtils
LogPluginManager: Mounting plugin OnlineSubsystemSteam
LogPluginManager: Mounting plugin TemplateSequence
LogPluginManager: Mounting plugin LauncherChunkInstaller
LogPluginManager: Mounting plugin Takes
LogPluginManager: Mounting plugin ActorLayerUtilities
LogPluginManager: Mounting plugin AndroidDeviceProfileSelector
LogPluginManager: Mounting plugin ScreenshotTools
LogPluginManager: Mounting plugin AndroidMoviePlayer
LogPluginManager: Mounting plugin AndroidPermission
LogPluginManager: Mounting plugin AppleImageUtils
LogPluginManager: Mounting plugin AudioSynesthesia
LogPluginManager: Mounting plugin ArchVisCharacter
LogPluginManager: Mounting plugin AssetTags
LogPluginManager: Mounting plugin ChunkDownloader
LogPluginManager: Mounting plugin CableComponent
LogPluginManager: Mounting plugin CustomMeshComponent
LogPluginManager: Mounting plugin AppleMoviePlayer
LogPluginManager: Mounting plugin EditableMesh
LogPluginManager: Mounting plugin GoogleCloudMessaging
LogPluginManager: Mounting plugin GooglePAD
LogPluginManager: Mounting plugin ExampleDeviceProfileSelector
LogPluginManager: Mounting plugin IOSDeviceProfileSelector
LogPluginManager: Mounting plugin LinuxDeviceProfileSelector
LogPluginManager: Mounting plugin LocationServicesBPLibrary
LogPluginManager: Mounting plugin AudioCapture
LogPluginManager: Mounting plugin MobilePatchingUtils
LogPluginManager: Mounting plugin OpenXR
LogPluginManager: Mounting plugin OpenXREyeTracker
LogPluginManager: Mounting plugin OpenXRHandTracking
LogPluginManager: Mounting plugin ProceduralMeshComponent
LogPluginManager: Mounting plugin PostSplashScreen
LogPluginManager: Mounting plugin PropertyAccessEditor
LogPluginManager: Mounting plugin SignificanceManager
LogPluginManager: Mounting plugin SoundFields
LogPluginManager: Mounting plugin RuntimePhysXCooking
LogPluginManager: Mounting plugin Synthesis
LogPluginManager: Mounting plugin WebMMoviePlayer
LogPluginManager: Mounting plugin WindowsMoviePlayer
LogPluginManager: Mounting plugin PhysXVehicles
LogPluginManager: Mounting plugin ContentBrowserAssetDataSource
LogPluginManager: Mounting plugin ContentBrowserClassDataSource
LogPluginManager: Mounting plugin ContentBrowserFileDataSource
LogPluginManager: Mounting plugin OnlineSubsystemGooglePlay
LogPluginManager: Mounting plugin OnlineSubsystemIOS
LogPluginManager: Mounting plugin EOSVoiceChat
LogPluginManager: Mounting plugin SQLiteCore
LogPluginManager: Mounting plugin DatabaseSupport
LogPluginManager: Mounting plugin SQLiteSupport
LogPluginManager: Mounting plugin SteamShared
LogPluginManager: Mounting plugin OculusVR
PixWinPlugin: PIX capture plugin failed to initialize! Check that the process is launched from PIX.
LogInit: Using libcurl 7.55.1-DEV
LogInit:  - built for x86_64-pc-win32
LogInit:  - supports SSL with OpenSSL/1.1.1
LogInit:  - supports HTTP deflate (compression) using libz 1.2.8
LogInit:  - other features:
LogInit:      CURL_VERSION_SSL
LogInit:      CURL_VERSION_LIBZ
LogInit:      CURL_VERSION_IPV6
LogInit:      CURL_VERSION_ASYNCHDNS
LogInit:      CURL_VERSION_LARGEFILE
LogInit:      CURL_VERSION_IDN
LogInit:  CurlRequestOptions (configurable via config and command line):
LogInit:  - bVerifyPeer = true  - Libcurl will verify peer certificate
LogInit:  - bUseHttpProxy = false  - Libcurl will NOT use HTTP proxy
LogInit:  - bDontReuseConnections = false  - Libcurl will reuse connections
LogInit:  - MaxHostConnections = 16  - Libcurl will limit the number of connections to a host
LogInit:  - LocalHostAddr = Default
LogInit:  - BufferSize = 65536
LogOnline: OSS: Creating online subsystem instance for: NULL
LogInit: WinSock: version 1.1 (2.2), MaxSocks=32767, MaxUdp=65467
LogOnline: OSS: TryLoadSubsystemAndSetDefault: Loaded subsystem for module [NULL]
LogOculusPluginWrapper: OculusPlugin initialized successfully
LogHMD: Failed initializing OVRPlugin 1.59.0
LogInit: Build: ++UE4+Release-4.27-CL-18319896
LogInit: Engine Version: 4.27.2-18319896+++UE4+Release-4.27
LogInit: Compatible Engine Version: 4.27.0-17155196+++UE4+Release-4.27
LogInit: Net CL: 17155196
LogInit: OS: Windows 10 (Release 2009) (), CPU: Intel(R) Core(TM) i7-8700 CPU @ 3.20GHz, GPU: NVIDIA GeForce GTX 1070
LogInit: Compiled (64-bit): Nov 30 2021 07:12:08
LogInit: Compiled with Visual C++: 19.24.28315.00
LogInit: Build Configuration: Development
LogInit: Branch Name: ++UE4+Release-4.27
LogInit: Command Line: -ResX=800 -ResY=900 -WinX=0 -WinY=20 -log -game
LogInit: Base Directory: D:/UE_4.27/Engine/Binaries/Win64/
LogInit: Allocator: TBB
LogInit: Installed Engine Build: 1
LogDevObjectVersion: Number of dev versions registered: 29
LogDevObjectVersion:   Dev-Blueprints (B0D832E4-1F89-4F0D-ACCF-7EB736FD4AA2): 10
LogDevObjectVersion:   Dev-Build (E1C64328-A22C-4D53-A36C-8E866417BD8C): 0
LogDevObjectVersion:   Dev-Core (375EC13C-06E4-48FB-B500-84F0262A717E): 4
LogDevObjectVersion:   Dev-Editor (E4B068ED-F494-42E9-A231-DA0B2E46BB41): 40
LogDevObjectVersion:   Dev-Framework (CFFC743F-43B0-4480-9391-14DF171D2073): 37
LogDevObjectVersion:   Dev-Mobile (B02B49B5-BB20-44E9-A304-32B752E40360): 3
LogDevObjectVersion:   Dev-Networking (A4E4105C-59A1-49B5-A7C5-40C4547EDFEE): 0
LogDevObjectVersion:   Dev-Online (39C831C9-5AE6-47DC-9A44-9C173E1C8E7C): 0
LogDevObjectVersion:   Dev-Physics (78F01B33-EBEA-4F98-B9B4-84EACCB95AA2): 14
LogDevObjectVersion:   Dev-Platform (6631380F-2D4D-43E0-8009-CF276956A95A): 0
LogDevObjectVersion:   Dev-Rendering (12F88B9F-8875-4AFC-A67C-D90C383ABD29): 45
LogDevObjectVersion:   Dev-Sequencer (7B5AE74C-D270-4C10-A958-57980B212A5A): 13
LogDevObjectVersion:   Dev-VR (D7296918-1DD6-4BDD-9DE2-64A83CC13884): 3
LogDevObjectVersion:   Dev-LoadTimes (C2A15278-BFE7-4AFE-6C17-90FF531DF755): 1
LogDevObjectVersion:   Private-Geometry (6EACA3D4-40EC-4CC1-B786-8BED09428FC5): 3
LogDevObjectVersion:   Dev-AnimPhys (29E575DD-E0A3-4627-9D10-D276232CDCEA): 17
LogDevObjectVersion:   Dev-Anim (AF43A65D-7FD3-4947-9873-3E8ED9C1BB05): 15
LogDevObjectVersion:   Dev-ReflectionCapture (6B266CEC-1EC7-4B8F-A30B-E4D90942FC07): 1
LogDevObjectVersion:   Dev-Automation (0DF73D61-A23F-47EA-B727-89E90C41499A): 1
LogDevObjectVersion:   FortniteMain (601D1886-AC64-4F84-AA16-D3DE0DEAC7D6): 47
LogDevObjectVersion:   FortniteRelease (E7086368-6B23-4C58-8439-1B7016265E91): 1
LogDevObjectVersion:   Dev-Enterprise (9DFFBCD6-494F-0158-E221-12823C92A888): 10
LogDevObjectVersion:   Dev-Niagara (F2AED0AC-9AFE-416F-8664-AA7FFA26D6FC): 1
LogDevObjectVersion:   Dev-Destruction (174F1F0B-B4C6-45A5-B13F-2EE8D0FB917D): 10
LogDevObjectVersion:   Dev-Physics-Ext (35F94A83-E258-406C-A318-09F59610247C): 41
LogDevObjectVersion:   Dev-PhysicsMaterial-Chaos (B68FC16E-8B1B-42E2-B453-215C058844FE): 1
LogDevObjectVersion:   Dev-CineCamera (B2E18506-4273-CFC2-A54E-F4BB758BBA07): 1
LogDevObjectVersion:   Dev-VirtualProduction (64F58936-FD1B-42BA-BA96-7289D5D0FA4E): 1
LogDevObjectVersion:   Dev-MediaFramework (6F0ED827-A609-4895-9C91-998D90180EA4): 2
LogInit: Presizing for max 25165824 objects, including 0 objects not considered by GC, pre-allocating 0 bytes for permanent pool.
LogConfig: Applying CVar settings from Section [/Script/Engine.StreamingSettings] File [D:/GitHub/GAME259-2022-A/GAME259_A_URE/Saved/Config/Windows/Engine.ini]
LogConfig: Setting CVar [[s.MinBulkDataSizeForAsyncLoading:131072]]
LogConfig: Setting CVar [[s.AsyncLoadingThreadEnabled:0]]
LogConfig: Setting CVar [[s.EventDrivenLoaderEnabled:1]]
LogConfig: Setting CVar [[s.WarnIfTimeLimitExceeded:0]]
LogConfig: Setting CVar [[s.TimeLimitExceededMultiplier:1.5]]
LogConfig: Setting CVar [[s.TimeLimitExceededMinTime:0.005]]
LogConfig: Setting CVar [[s.UseBackgroundLevelStreaming:1]]
LogConfig: Setting CVar [[s.PriorityAsyncLoadingExtraTime:15.0]]
LogConfig: Setting CVar [[s.LevelStreamingActorsUpdateTimeLimit:5.0]]
LogConfig: Setting CVar [[s.PriorityLevelStreamingActorsUpdateExtraTime:5.0]]
LogConfig: Setting CVar [[s.LevelStreamingComponentsRegistrationGranularity:10]]
LogConfig: Setting CVar [[s.UnregisterComponentsTimeLimit:1.0]]
LogConfig: Setting CVar [[s.LevelStreamingComponentsUnregistrationGranularity:5]]
LogConfig: Setting CVar [[s.FlushStreamingOnExit:1]]
LogInit: Object subsystem initialized
LogConfig: Setting CVar [[con.DebugEarlyDefault:1]]
LogConfig: Setting CVar [[r.setres:1280x720]]
[2022.02.21-20.01.42:940][  0]LogConfig: Setting CVar [[con.DebugEarlyDefault:1]]
[2022.02.21-20.01.42:941][  0]LogConfig: Setting CVar [[r.setres:1280x720]]
[2022.02.21-20.01.42:941][  0]LogConfig: Applying CVar settings from Section [/Script/Engine.RendererSettings] File [D:/GitHub/GAME259-2022-A/GAME259_A_URE/Saved/Config/Windows/Engine.ini]
[2022.02.21-20.01.42:942][  0]LogConfig: Setting CVar [[r.GPUCrashDebugging:0]]
[2022.02.21-20.01.42:943][  0]LogConfig: Applying CVar settings from Section [/Script/Engine.RendererOverrideSettings] File [D:/GitHub/GAME259-2022-A/GAME259_A_URE/Saved/Config/Windows/Engine.ini]
[2022.02.21-20.01.42:943][  0]LogConfig: Applying CVar settings from Section [/Script/Engine.StreamingSettings] File [D:/GitHub/GAME259-2022-A/GAME259_A_URE/Saved/Config/Windows/Engine.ini]
[2022.02.21-20.01.42:944][  0]LogConfig: Setting CVar [[s.MinBulkDataSizeForAsyncLoading:131072]]
[2022.02.21-20.01.42:945][  0]LogConfig: Setting CVar [[s.AsyncLoadingThreadEnabled:0]]
[2022.02.21-20.01.42:945][  0]LogConfig: Setting CVar [[s.EventDrivenLoaderEnabled:1]]
[2022.02.21-20.01.42:946][  0]LogConfig: Setting CVar [[s.WarnIfTimeLimitExceeded:0]]
[2022.02.21-20.01.42:952][  0]LogConfig: Setting CVar [[s.TimeLimitExceededMultiplier:1.5]]
[2022.02.21-20.01.42:953][  0]LogConfig: Setting CVar [[s.TimeLimitExceededMinTime:0.005]]
[2022.02.21-20.01.42:954][  0]LogConfig: Setting CVar [[s.UseBackgroundLevelStreaming:1]]
[2022.02.21-20.01.42:955][  0]LogConfig: Setting CVar [[s.PriorityAsyncLoadingExtraTime:15.0]]
[2022.02.21-20.01.42:955][  0]LogConfig: Setting CVar [[s.LevelStreamingActorsUpdateTimeLimit:5.0]]
[2022.02.21-20.01.42:956][  0]LogConfig: Setting CVar [[s.PriorityLevelStreamingActorsUpdateExtraTime:5.0]]
[2022.02.21-20.01.42:957][  0]LogConfig: Setting CVar [[s.LevelStreamingComponentsRegistrationGranularity:10]]
[2022.02.21-20.01.42:958][  0]LogConfig: Setting CVar [[s.UnregisterComponentsTimeLimit:1.0]]
[2022.02.21-20.01.42:958][  0]LogConfig: Setting CVar [[s.LevelStreamingComponentsUnregistrationGranularity:5]]
[2022.02.21-20.01.42:959][  0]LogConfig: Setting CVar [[s.FlushStreamingOnExit:1]]
[2022.02.21-20.01.42:960][  0]LogConfig: Applying CVar settings from Section [/Script/Engine.GarbageCollectionSettings] File [D:/GitHub/GAME259-2022-A/GAME259_A_URE/Saved/Config/Windows/Engine.ini]
[2022.02.21-20.01.42:965][  0]LogConfig: Setting CVar [[gc.MaxObjectsNotConsideredByGC:1]]
[2022.02.21-20.01.42:966][  0]LogConfig: Setting CVar [[gc.SizeOfPermanentObjectPool:0]]
[2022.02.21-20.01.42:968][  0]LogConfig: Setting CVar [[gc.FlushStreamingOnGC:0]]
[2022.02.21-20.01.42:969][  0]LogConfig: Setting CVar [[gc.NumRetriesBeforeForcingGC:10]]
[2022.02.21-20.01.42:970][  0]LogConfig: Setting CVar [[gc.AllowParallelGC:1]]
[2022.02.21-20.01.42:971][  0]LogConfig: Setting CVar [[gc.TimeBetweenPurgingPendingKillObjects:61.1]]
[2022.02.21-20.01.42:971][  0]LogConfig: Setting CVar [[gc.MaxObjectsInEditor:25165824]]
[2022.02.21-20.01.42:972][  0]LogConfig: Setting CVar [[gc.IncrementalBeginDestroyEnabled:1]]
[2022.02.21-20.01.42:973][  0]LogConfig: Setting CVar [[gc.CreateGCClusters:1]]
[2022.02.21-20.01.42:978][  0]LogConfig: Setting CVar [[gc.MinGCClusterSize:5]]
[2022.02.21-20.01.42:979][  0]LogConfig: Setting CVar [[gc.ActorClusteringEnabled:0]]
[2022.02.21-20.01.42:979][  0]LogConfig: Setting CVar [[gc.BlueprintClusteringEnabled:0]]
[2022.02.21-20.01.42:980][  0]LogConfig: Setting CVar [[gc.UseDisregardForGCOnDedicatedServers:0]]
[2022.02.21-20.01.42:981][  0]LogConfig: Setting CVar [[gc.MultithreadedDestructionEnabled:1]]
[2022.02.21-20.01.42:982][  0]LogConfig: Applying CVar settings from Section [/Script/Engine.NetworkSettings] File [D:/GitHub/GAME259-2022-A/GAME259_A_URE/Saved/Config/Windows/Engine.ini]
[2022.02.21-20.01.42:983][  0]LogConfig: Applying CVar settings from Section [/Script/UnrealEd.CookerSettings] File [D:/GitHub/GAME259-2022-A/GAME259_A_URE/Saved/Config/Windows/Engine.ini]
[2022.02.21-20.01.43:047][  0]LogConfig: Applying CVar settings from Section [ViewDistanceQuality@3] File [D:/GitHub/GAME259-2022-A/GAME259_A_URE/Saved/Config/Windows/Scalability.ini]
[2022.02.21-20.01.43:048][  0]LogConfig: Setting CVar [[r.SkeletalMeshLODBias:0]]
[2022.02.21-20.01.43:056][  0]LogConfig: Setting CVar [[r.ViewDistanceScale:1.0]]
[2022.02.21-20.01.43:062][  0]LogConfig: Applying CVar settings from Section [AntiAliasingQuality@3] File [D:/GitHub/GAME259-2022-A/GAME259_A_URE/Saved/Config/Windows/Scalability.ini]
[2022.02.21-20.01.43:068][  0]LogConfig: Setting CVar [[r.PostProcessAAQuality:4]]
[2022.02.21-20.01.43:069][  0]LogConfig: Applying CVar settings from Section [ShadowQuality@3] File [D:/GitHub/GAME259-2022-A/GAME259_A_URE/Saved/Config/Windows/Scalability.ini]
[2022.02.21-20.01.43:070][  0]LogConfig: Setting CVar [[r.LightFunctionQuality:1]]
[2022.02.21-20.01.43:071][  0]LogConfig: Setting CVar [[r.ShadowQuality:5]]
[2022.02.21-20.01.43:072][  0]LogConfig: Setting CVar [[r.Shadow.CSM.MaxCascades:10]]
[2022.02.21-20.01.43:072][  0]LogConfig: Setting CVar [[r.Shadow.MaxResolution:2048]]
[2022.02.21-20.01.43:073][  0]LogConfig: Setting CVar [[r.Shadow.MaxCSMResolution:2048]]
[2022.02.21-20.01.43:077][  0]LogConfig: Setting CVar [[r.Shadow.RadiusThreshold:0.01]]
[2022.02.21-20.01.43:078][  0]LogConfig: Setting CVar [[r.Shadow.DistanceScale:1.0]]
[2022.02.21-20.01.43:079][  0]LogConfig: Setting CVar [[r.Shadow.CSM.TransitionScale:1.0]]
[2022.02.21-20.01.43:080][  0]LogConfig: Setting CVar [[r.Shadow.PreShadowResolutionFactor:1.0]]
[2022.02.21-20.01.43:080][  0]LogConfig: Setting CVar [[r.DistanceFieldShadowing:1]]
[2022.02.21-20.01.43:081][  0]LogConfig: Setting CVar [[r.DistanceFieldAO:1]]
[2022.02.21-20.01.43:082][  0]LogConfig: Setting CVar [[r.AOQuality:2]]
[2022.02.21-20.01.43:083][  0]LogConfig: Setting CVar [[r.VolumetricFog:1]]
[2022.02.21-20.01.43:084][  0]LogConfig: Setting CVar [[r.VolumetricFog.GridPixelSize:8]]
[2022.02.21-20.01.43:085][  0]LogConfig: Setting CVar [[r.VolumetricFog.GridSizeZ:128]]
[2022.02.21-20.01.43:088][  0]LogConfig: Setting CVar [[r.VolumetricFog.HistoryMissSupersampleCount:4]]
[2022.02.21-20.01.43:089][  0]LogConfig: Setting CVar [[r.LightMaxDrawDistanceScale:1]]
[2022.02.21-20.01.43:091][  0]LogConfig: Setting CVar [[r.CapsuleShadows:1]]
[2022.02.21-20.01.43:091][  0]LogConfig: Applying CVar settings from Section [PostProcessQuality@3] File [D:/GitHub/GAME259-2022-A/GAME259_A_URE/Saved/Config/Windows/Scalability.ini]
[2022.02.21-20.01.43:092][  0]LogConfig: Setting CVar [[r.MotionBlurQuality:4]]
[2022.02.21-20.01.43:093][  0]LogConfig: Setting CVar [[r.AmbientOcclusionMipLevelFactor:0.4]]
[2022.02.21-20.01.43:094][  0]LogConfig: Setting CVar [[r.AmbientOcclusionMaxQuality:100]]
[2022.02.21-20.01.43:095][  0]LogConfig: Setting CVar [[r.AmbientOcclusionLevels:-1]]
[2022.02.21-20.01.43:096][  0]LogConfig: Setting CVar [[r.AmbientOcclusionRadiusScale:1.0]]
[2022.02.21-20.01.43:099][  0]LogConfig: Setting CVar [[r.DepthOfFieldQuality:2]]
[2022.02.21-20.01.43:100][  0]LogConfig: Setting CVar [[r.RenderTargetPoolMin:400]]
[2022.02.21-20.01.43:101][  0]LogConfig: Setting CVar [[r.LensFlareQuality:2]]
[2022.02.21-20.01.43:101][  0]LogConfig: Setting CVar [[r.SceneColorFringeQuality:1]]
[2022.02.21-20.01.43:101][  0]LogConfig: Setting CVar [[r.EyeAdaptationQuality:2]]
[2022.02.21-20.01.43:102][  0]LogConfig: Setting CVar [[r.BloomQuality:5]]
[2022.02.21-20.01.43:102][  0]LogConfig: Setting CVar [[r.FastBlurThreshold:100]]
[2022.02.21-20.01.43:103][  0]LogConfig: Setting CVar [[r.Upscale.Quality:3]]
[2022.02.21-20.01.43:104][  0]LogConfig: Setting CVar [[r.Tonemapper.GrainQuantization:1]]
[2022.02.21-20.01.43:104][  0]LogConfig: Setting CVar [[r.LightShaftQuality:1]]
[2022.02.21-20.01.43:105][  0]LogConfig: Setting CVar [[r.Filter.SizeScale:1]]
[2022.02.21-20.01.43:106][  0]LogConfig: Setting CVar [[r.Tonemapper.Quality:5]]
[2022.02.21-20.01.43:107][  0]LogConfig: Setting CVar [[r.DOF.Gather.AccumulatorQuality:1        ; higher gathering accumulator quality]]
[2022.02.21-20.01.43:107][  0]LogConfig: Setting CVar [[r.DOF.Gather.PostfilterMethod:1          ; Median3x3 postfilering method]]
[2022.02.21-20.01.43:108][  0]LogConfig: Setting CVar [[r.DOF.Gather.EnableBokehSettings:0       ; no bokeh simulation when gathering]]
[2022.02.21-20.01.43:113][  0]LogConfig: Setting CVar [[r.DOF.Gather.RingCount:4                 ; medium number of samples when gathering]]
[2022.02.21-20.01.43:113][  0]LogConfig: Setting CVar [[r.DOF.Scatter.ForegroundCompositing:1    ; additive foreground scattering]]
[2022.02.21-20.01.43:114][  0]LogConfig: Setting CVar [[r.DOF.Scatter.BackgroundCompositing:2    ; additive background scattering]]
[2022.02.21-20.01.43:115][  0]LogConfig: Setting CVar [[r.DOF.Scatter.EnableBokehSettings:1      ; bokeh simulation when scattering]]
[2022.02.21-20.01.43:116][  0]LogConfig: Setting CVar [[r.DOF.Scatter.MaxSpriteRatio:0.1         ; only a maximum of 10% of scattered bokeh]]
[2022.02.21-20.01.43:117][  0]LogConfig: Setting CVar [[r.DOF.Recombine.Quality:1                ; cheap slight out of focus]]
[2022.02.21-20.01.43:117][  0]LogConfig: Setting CVar [[r.DOF.Recombine.EnableBokehSettings:0    ; no bokeh simulation on slight out of focus]]
[2022.02.21-20.01.43:118][  0]LogConfig: Setting CVar [[r.DOF.TemporalAAQuality:1                ; more stable temporal accumulation]]
[2022.02.21-20.01.43:118][  0]LogConfig: Setting CVar [[r.DOF.Kernel.MaxForegroundRadius:0.025]]
[2022.02.21-20.01.43:120][  0]LogConfig: Setting CVar [[r.DOF.Kernel.MaxBackgroundRadius:0.025]]
[2022.02.21-20.01.43:121][  0]LogConfig: Applying CVar settings from Section [TextureQuality@3] File [D:/GitHub/GAME259-2022-A/GAME259_A_URE/Saved/Config/Windows/Scalability.ini]
[2022.02.21-20.01.43:127][  0]LogConfig: Setting CVar [[r.Streaming.MipBias:0]]
[2022.02.21-20.01.43:127][  0]LogConfig: Setting CVar [[r.Streaming.AmortizeCPUToGPUCopy:0]]
[2022.02.21-20.01.43:128][  0]LogConfig: Setting CVar [[r.Streaming.MaxNumTexturesToStreamPerFrame:0]]
[2022.02.21-20.01.43:130][  0]LogConfig: Setting CVar [[r.Streaming.Boost:1]]
[2022.02.21-20.01.43:131][  0]LogConfig: Setting CVar [[r.MaxAnisotropy:8]]
[2022.02.21-20.01.43:133][  0]LogConfig: Setting CVar [[r.VT.MaxAnisotropy:8]]
[2022.02.21-20.01.43:136][  0]LogConfig: Setting CVar [[r.Streaming.LimitPoolSizeToVRAM:0]]
[2022.02.21-20.01.43:137][  0]LogConfig: Setting CVar [[r.Streaming.PoolSize:1000]]
[2022.02.21-20.01.43:138][  0]LogConfig: Setting CVar [[r.Streaming.MaxEffectiveScreenSize:0]]
[2022.02.21-20.01.43:140][  0]LogConfig: Applying CVar settings from Section [EffectsQuality@3] File [D:/GitHub/GAME259-2022-A/GAME259_A_URE/Saved/Config/Windows/Scalability.ini]
[2022.02.21-20.01.43:140][  0]LogConfig: Setting CVar [[r.TranslucencyLightingVolumeDim:64]]
[2022.02.21-20.01.43:140][  0]LogConfig: Setting CVar [[r.RefractionQuality:2]]
[2022.02.21-20.01.43:141][  0]LogConfig: Setting CVar [[r.SSR.Quality:3]]
[2022.02.21-20.01.43:142][  0]LogConfig: Setting CVar [[r.SSR.HalfResSceneColor:0]]
[2022.02.21-20.01.43:143][  0]LogConfig: Setting CVar [[r.SceneColorFormat:4]]
[2022.02.21-20.01.43:143][  0]LogConfig: Setting CVar [[r.DetailMode:2]]
[2022.02.21-20.01.43:144][  0]LogConfig: Setting CVar [[r.TranslucencyVolumeBlur:1]]
[2022.02.21-20.01.43:148][  0]LogConfig: Setting CVar [[r.MaterialQualityLevel:1 ; High quality]]
[2022.02.21-20.01.43:148][  0]LogConfig: Setting CVar [[r.AnisotropicMaterials:1]]
[2022.02.21-20.01.43:149][  0]LogConfig: Setting CVar [[r.SSS.Scale:1]]
[2022.02.21-20.01.43:151][  0]LogConfig: Setting CVar [[r.SSS.SampleSet:2]]
[2022.02.21-20.01.43:151][  0]LogConfig: Setting CVar [[r.SSS.Quality:1]]
[2022.02.21-20.01.43:152][  0]LogConfig: Setting CVar [[r.SSS.HalfRes:0]]
[2022.02.21-20.01.43:152][  0]LogConfig: Setting CVar [[r.SSGI.Quality:3]]
[2022.02.21-20.01.43:153][  0]LogConfig: Setting CVar [[r.EmitterSpawnRateScale:1.0]]
[2022.02.21-20.01.43:154][  0]LogConfig: Setting CVar [[r.ParticleLightQuality:2]]
[2022.02.21-20.01.43:155][  0]LogConfig: Setting CVar [[r.SkyAtmosphere.AerialPerspectiveLUT.FastApplyOnOpaque:1 ; Always have FastSkyLUT 1 in this case to avoid wrong sky]]
[2022.02.21-20.01.43:155][  0]LogConfig: Setting CVar [[r.SkyAtmosphere.AerialPerspectiveLUT.SampleCountMaxPerSlice:4]]
[2022.02.21-20.01.43:156][  0]LogConfig: Setting CVar [[r.SkyAtmosphere.AerialPerspectiveLUT.DepthResolution:16.0]]
[2022.02.21-20.01.43:160][  0]LogConfig: Setting CVar [[r.SkyAtmosphere.FastSkyLUT:1]]
[2022.02.21-20.01.43:160][  0]LogConfig: Setting CVar [[r.SkyAtmosphere.FastSkyLUT.SampleCountMin:4.0]]
[2022.02.21-20.01.43:161][  0]LogConfig: Setting CVar [[r.SkyAtmosphere.FastSkyLUT.SampleCountMax:128.0]]
[2022.02.21-20.01.43:162][  0]LogConfig: Setting CVar [[r.SkyAtmosphere.SampleCountMin:4.0]]
[2022.02.21-20.01.43:163][  0]LogConfig: Setting CVar [[r.SkyAtmosphere.SampleCountMax:128.0]]
[2022.02.21-20.01.43:164][  0]LogConfig: Setting CVar [[r.SkyAtmosphere.TransmittanceLUT.UseSmallFormat:0]]
[2022.02.21-20.01.43:164][  0]LogConfig: Setting CVar [[r.SkyAtmosphere.TransmittanceLUT.SampleCount:10.0]]
[2022.02.21-20.01.43:165][  0]LogConfig: Setting CVar [[r.SkyAtmosphere.MultiScatteringLUT.SampleCount:15.0]]
[2022.02.21-20.01.43:165][  0]LogConfig: Setting CVar [[r.SkyLight.RealTimeReflectionCapture:1]]
[2022.02.21-20.01.43:166][  0]LogConfig: Applying CVar settings from Section [FoliageQuality@3] File [D:/GitHub/GAME259-2022-A/GAME259_A_URE/Saved/Config/Windows/Scalability.ini]
[2022.02.21-20.01.43:167][  0]LogConfig: Setting CVar [[foliage.DensityScale:1.0]]
[2022.02.21-20.01.43:168][  0]LogConfig: Setting CVar [[grass.DensityScale:1.0]]
[2022.02.21-20.01.43:170][  0]LogConfig: Applying CVar settings from Section [ShadingQuality@3] File [D:/GitHub/GAME259-2022-A/GAME259_A_URE/Saved/Config/Windows/Scalability.ini]
[2022.02.21-20.01.43:171][  0]LogConfig: Setting CVar [[r.HairStrands.SkyLighting.IntegrationType:2]]
[2022.02.21-20.01.43:172][  0]LogConfig: Setting CVar [[r.HairStrands.SkyAO.SampleCount:4]]
[2022.02.21-20.01.43:172][  0]LogConfig: Setting CVar [[r.HairStrands.Visibility.MSAA.SamplePerPixel:4]]
[2022.02.21-20.01.43:174][  0]LogInit: Selected Device Profile: [Windows]
[2022.02.21-20.01.43:175][  0]LogInit: Applying CVar settings loaded from the selected device profile: [Windows]
[2022.02.21-20.01.43:176][  0]LogHAL: Display: Platform has ~ 16 GB [17065410560 / 17179869184 / 16], which maps to Larger [LargestMinGB=32, LargerMinGB=12, DefaultMinGB=8, SmallerMinGB=6, SmallestMinGB=0)
[2022.02.21-20.01.43:176][  0]LogInit: Going up to parent DeviceProfile []
[2022.02.21-20.01.43:177][  0]LogConfig: Applying CVar settings from Section [ViewDistanceQuality@3] File [D:/GitHub/GAME259-2022-A/GAME259_A_URE/Saved/Config/Windows/Scalability.ini]
[2022.02.21-20.01.43:177][  0]LogConfig: Setting CVar [[r.SkeletalMeshLODBias:0]]
[2022.02.21-20.01.43:178][  0]LogConfig: Setting CVar [[r.ViewDistanceScale:1.0]]
[2022.02.21-20.01.43:178][  0]LogConfig: Applying CVar settings from Section [AntiAliasingQuality@3] File [D:/GitHub/GAME259-2022-A/GAME259_A_URE/Saved/Config/Windows/Scalability.ini]
[2022.02.21-20.01.43:179][  0]LogConfig: Setting CVar [[r.PostProcessAAQuality:4]]
[2022.02.21-20.01.43:183][  0]LogConfig: Applying CVar settings from Section [ShadowQuality@3] File [D:/GitHub/GAME259-2022-A/GAME259_A_URE/Saved/Config/Windows/Scalability.ini]
[2022.02.21-20.01.43:184][  0]LogConfig: Setting CVar [[r.LightFunctionQuality:1]]
[2022.02.21-20.01.43:184][  0]LogConfig: Setting CVar [[r.ShadowQuality:5]]
[2022.02.21-20.01.43:185][  0]LogConfig: Setting CVar [[r.Shadow.CSM.MaxCascades:10]]
[2022.02.21-20.01.43:186][  0]LogConfig: Setting CVar [[r.Shadow.MaxResolution:2048]]
[2022.02.21-20.01.43:187][  0]LogConfig: Setting CVar [[r.Shadow.MaxCSMResolution:2048]]
[2022.02.21-20.01.43:188][  0]LogConfig: Setting CVar [[r.Shadow.RadiusThreshold:0.01]]
[2022.02.21-20.01.43:189][  0]LogConfig: Setting CVar [[r.Shadow.DistanceScale:1.0]]
[2022.02.21-20.01.43:189][  0]LogConfig: Setting CVar [[r.Shadow.CSM.TransitionScale:1.0]]
[2022.02.21-20.01.43:189][  0]LogConfig: Setting CVar [[r.Shadow.PreShadowResolutionFactor:1.0]]
[2022.02.21-20.01.43:190][  0]LogConfig: Setting CVar [[r.DistanceFieldShadowing:1]]
[2022.02.21-20.01.43:190][  0]LogConfig: Setting CVar [[r.DistanceFieldAO:1]]
[2022.02.21-20.01.43:190][  0]LogConfig: Setting CVar [[r.AOQuality:2]]
[2022.02.21-20.01.43:191][  0]LogConfig: Setting CVar [[r.VolumetricFog:1]]
[2022.02.21-20.01.43:196][  0]LogConfig: Setting CVar [[r.VolumetricFog.GridPixelSize:8]]
[2022.02.21-20.01.43:196][  0]LogConfig: Setting CVar [[r.VolumetricFog.GridSizeZ:128]]
[2022.02.21-20.01.43:197][  0]LogConfig: Setting CVar [[r.VolumetricFog.HistoryMissSupersampleCount:4]]
[2022.02.21-20.01.43:202][  0]LogConfig: Setting CVar [[r.LightMaxDrawDistanceScale:1]]
[2022.02.21-20.01.43:203][  0]LogConfig: Setting CVar [[r.CapsuleShadows:1]]
[2022.02.21-20.01.43:204][  0]LogConfig: Applying CVar settings from Section [PostProcessQuality@3] File [D:/GitHub/GAME259-2022-A/GAME259_A_URE/Saved/Config/Windows/Scalability.ini]
[2022.02.21-20.01.43:206][  0]LogConfig: Setting CVar [[r.MotionBlurQuality:4]]
[2022.02.21-20.01.43:207][  0]LogConfig: Setting CVar [[r.AmbientOcclusionMipLevelFactor:0.4]]
[2022.02.21-20.01.43:208][  0]LogConfig: Setting CVar [[r.AmbientOcclusionMaxQuality:100]]
[2022.02.21-20.01.43:209][  0]LogConfig: Setting CVar [[r.AmbientOcclusionLevels:-1]]
[2022.02.21-20.01.43:210][  0]LogConfig: Setting CVar [[r.AmbientOcclusionRadiusScale:1.0]]
[2022.02.21-20.01.43:211][  0]LogConfig: Setting CVar [[r.DepthOfFieldQuality:2]]
[2022.02.21-20.01.43:212][  0]LogConfig: Setting CVar [[r.RenderTargetPoolMin:400]]
[2022.02.21-20.01.43:212][  0]LogConfig: Setting CVar [[r.LensFlareQuality:2]]
[2022.02.21-20.01.43:213][  0]LogConfig: Setting CVar [[r.SceneColorFringeQuality:1]]
[2022.02.21-20.01.43:214][  0]LogConfig: Setting CVar [[r.EyeAdaptationQuality:2]]
[2022.02.21-20.01.43:216][  0]LogConfig: Setting CVar [[r.BloomQuality:5]]
[2022.02.21-20.01.43:219][  0]LogConfig: Setting CVar [[r.FastBlurThreshold:100]]
[2022.02.21-20.01.43:220][  0]LogConfig: Setting CVar [[r.Upscale.Quality:3]]
[2022.02.21-20.01.43:221][  0]LogConfig: Setting CVar [[r.Tonemapper.GrainQuantization:1]]
[2022.02.21-20.01.43:221][  0]LogConfig: Setting CVar [[r.LightShaftQuality:1]]
[2022.02.21-20.01.43:222][  0]LogConfig: Setting CVar [[r.Filter.SizeScale:1]]
[2022.02.21-20.01.43:223][  0]LogConfig: Setting CVar [[r.Tonemapper.Quality:5]]
[2022.02.21-20.01.43:224][  0]LogConfig: Setting CVar [[r.DOF.Gather.AccumulatorQuality:1        ; higher gathering accumulator quality]]
[2022.02.21-20.01.43:224][  0]LogConfig: Setting CVar [[r.DOF.Gather.PostfilterMethod:1          ; Median3x3 postfilering method]]
[2022.02.21-20.01.43:225][  0]LogConfig: Setting CVar [[r.DOF.Gather.EnableBokehSettings:0       ; no bokeh simulation when gathering]]
[2022.02.21-20.01.43:226][  0]LogConfig: Setting CVar [[r.DOF.Gather.RingCount:4                 ; medium number of samples when gathering]]
[2022.02.21-20.01.43:227][  0]LogConfig: Setting CVar [[r.DOF.Scatter.ForegroundCompositing:1    ; additive foreground scattering]]
[2022.02.21-20.01.43:232][  0]LogConfig: Setting CVar [[r.DOF.Scatter.BackgroundCompositing:2    ; additive background scattering]]
[2022.02.21-20.01.43:233][  0]LogConfig: Setting CVar [[r.DOF.Scatter.EnableBokehSettings:1      ; bokeh simulation when scattering]]
[2022.02.21-20.01.43:234][  0]LogConfig: Setting CVar [[r.DOF.Scatter.MaxSpriteRatio:0.1         ; only a maximum of 10% of scattered bokeh]]
[2022.02.21-20.01.43:234][  0]LogConfig: Setting CVar [[r.DOF.Recombine.Quality:1                ; cheap slight out of focus]]
[2022.02.21-20.01.43:235][  0]LogConfig: Setting CVar [[r.DOF.Recombine.EnableBokehSettings:0    ; no bokeh simulation on slight out of focus]]
[2022.02.21-20.01.43:236][  0]LogConfig: Setting CVar [[r.DOF.TemporalAAQuality:1                ; more stable temporal accumulation]]
[2022.02.21-20.01.43:236][  0]LogConfig: Setting CVar [[r.DOF.Kernel.MaxForegroundRadius:0.025]]
[2022.02.21-20.01.43:237][  0]LogConfig: Setting CVar [[r.DOF.Kernel.MaxBackgroundRadius:0.025]]
[2022.02.21-20.01.43:238][  0]LogConfig: Applying CVar settings from Section [TextureQuality@3] File [D:/GitHub/GAME259-2022-A/GAME259_A_URE/Saved/Config/Windows/Scalability.ini]
[2022.02.21-20.01.43:239][  0]LogConfig: Setting CVar [[r.Streaming.MipBias:0]]
[2022.02.21-20.01.43:240][  0]LogConfig: Setting CVar [[r.Streaming.AmortizeCPUToGPUCopy:0]]
[2022.02.21-20.01.43:243][  0]LogConfig: Setting CVar [[r.Streaming.MaxNumTexturesToStreamPerFrame:0]]
[2022.02.21-20.01.43:244][  0]LogConfig: Setting CVar [[r.Streaming.Boost:1]]
[2022.02.21-20.01.43:245][  0]LogConfig: Setting CVar [[r.MaxAnisotropy:8]]
[2022.02.21-20.01.43:245][  0]LogConfig: Setting CVar [[r.VT.MaxAnisotropy:8]]
[2022.02.21-20.01.43:246][  0]LogConfig: Setting CVar [[r.Streaming.LimitPoolSizeToVRAM:0]]
[2022.02.21-20.01.43:247][  0]LogConfig: Setting CVar [[r.Streaming.PoolSize:1000]]
[2022.02.21-20.01.43:248][  0]LogConfig: Setting CVar [[r.Streaming.MaxEffectiveScreenSize:0]]
[2022.02.21-20.01.43:249][  0]LogConfig: Applying CVar settings from Section [EffectsQuality@3] File [D:/GitHub/GAME259-2022-A/GAME259_A_URE/Saved/Config/Windows/Scalability.ini]
[2022.02.21-20.01.43:251][  0]LogConfig: Setting CVar [[r.TranslucencyLightingVolumeDim:64]]
[2022.02.21-20.01.43:251][  0]LogConfig: Setting CVar [[r.RefractionQuality:2]]
[2022.02.21-20.01.43:256][  0]LogConfig: Setting CVar [[r.SSR.Quality:3]]
[2022.02.21-20.01.43:256][  0]LogConfig: Setting CVar [[r.SSR.HalfResSceneColor:0]]
[2022.02.21-20.01.43:257][  0]LogConfig: Setting CVar [[r.SceneColorFormat:4]]
[2022.02.21-20.01.43:258][  0]LogConfig: Setting CVar [[r.DetailMode:2]]
[2022.02.21-20.01.43:258][  0]LogConfig: Setting CVar [[r.TranslucencyVolumeBlur:1]]
[2022.02.21-20.01.43:259][  0]LogConfig: Setting CVar [[r.MaterialQualityLevel:1 ; High quality]]
[2022.02.21-20.01.43:260][  0]LogConfig: Setting CVar [[r.AnisotropicMaterials:1]]
[2022.02.21-20.01.43:261][  0]LogConfig: Setting CVar [[r.SSS.Scale:1]]
[2022.02.21-20.01.43:262][  0]LogConfig: Setting CVar [[r.SSS.SampleSet:2]]
[2022.02.21-20.01.43:263][  0]LogConfig: Setting CVar [[r.SSS.Quality:1]]
[2022.02.21-20.01.43:264][  0]LogConfig: Setting CVar [[r.SSS.HalfRes:0]]
[2022.02.21-20.01.43:269][  0]LogConfig: Setting CVar [[r.SSGI.Quality:3]]
[2022.02.21-20.01.43:270][  0]LogConfig: Setting CVar [[r.EmitterSpawnRateScale:1.0]]
[2022.02.21-20.01.43:270][  0]LogConfig: Setting CVar [[r.ParticleLightQuality:2]]
[2022.02.21-20.01.43:271][  0]LogConfig: Setting CVar [[r.SkyAtmosphere.AerialPerspectiveLUT.FastApplyOnOpaque:1 ; Always have FastSkyLUT 1 in this case to avoid wrong sky]]
[2022.02.21-20.01.43:272][  0]LogConfig: Setting CVar [[r.SkyAtmosphere.AerialPerspectiveLUT.SampleCountMaxPerSlice:4]]
[2022.02.21-20.01.43:273][  0]LogConfig: Setting CVar [[r.SkyAtmosphere.AerialPerspectiveLUT.DepthResolution:16.0]]
[2022.02.21-20.01.43:273][  0]LogConfig: Setting CVar [[r.SkyAtmosphere.FastSkyLUT:1]]
[2022.02.21-20.01.43:274][  0]LogConfig: Setting CVar [[r.SkyAtmosphere.FastSkyLUT.SampleCountMin:4.0]]
[2022.02.21-20.01.43:275][  0]LogConfig: Setting CVar [[r.SkyAtmosphere.FastSkyLUT.SampleCountMax:128.0]]
[2022.02.21-20.01.43:277][  0]LogConfig: Setting CVar [[r.SkyAtmosphere.SampleCountMin:4.0]]
[2022.02.21-20.01.43:309][  0]LogConfig: Setting CVar [[r.SkyAtmosphere.SampleCountMax:128.0]]
[2022.02.21-20.01.43:312][  0]LogConfig: Setting CVar [[r.SkyAtmosphere.TransmittanceLUT.UseSmallFormat:0]]
[2022.02.21-20.01.43:314][  0]LogConfig: Setting CVar [[r.SkyAtmosphere.TransmittanceLUT.SampleCount:10.0]]
[2022.02.21-20.01.43:314][  0]LogConfig: Setting CVar [[r.SkyAtmosphere.MultiScatteringLUT.SampleCount:15.0]]
[2022.02.21-20.01.43:315][  0]LogConfig: Setting CVar [[r.SkyLight.RealTimeReflectionCapture:1]]
[2022.02.21-20.01.43:316][  0]LogConfig: Applying CVar settings from Section [FoliageQuality@3] File [D:/GitHub/GAME259-2022-A/GAME259_A_URE/Saved/Config/Windows/Scalability.ini]
[2022.02.21-20.01.43:318][  0]LogConfig: Setting CVar [[foliage.DensityScale:1.0]]
[2022.02.21-20.01.43:319][  0]LogConfig: Setting CVar [[grass.DensityScale:1.0]]
[2022.02.21-20.01.43:320][  0]LogConfig: Applying CVar settings from Section [ShadingQuality@3] File [D:/GitHub/GAME259-2022-A/GAME259_A_URE/Saved/Config/Windows/Scalability.ini]
[2022.02.21-20.01.43:324][  0]LogConfig: Setting CVar [[r.HairStrands.SkyLighting.IntegrationType:2]]
[2022.02.21-20.01.43:325][  0]LogConfig: Setting CVar [[r.HairStrands.SkyAO.SampleCount:4]]
[2022.02.21-20.01.43:326][  0]LogConfig: Setting CVar [[r.HairStrands.Visibility.MSAA.SamplePerPixel:4]]
[2022.02.21-20.01.43:327][  0]LogConfig: Applying CVar settings from Section [Startup] File [../../../Engine/Config/ConsoleVariables.ini]
[2022.02.21-20.01.43:328][  0]LogConfig: Setting CVar [[net.UseAdaptiveNetUpdateFrequency:0]]
[2022.02.21-20.01.43:328][  0]LogConfig: Setting CVar [[p.chaos.AllowCreatePhysxBodies:1]]
[2022.02.21-20.01.43:329][  0]LogConfig: Setting CVar [[fx.SkipVectorVMBackendOptimizations:1]]
[2022.02.21-20.01.43:330][  0]LogConfig: Applying CVar settings from Section [ConsoleVariables] File [D:/GitHub/GAME259-2022-A/GAME259_A_URE/Saved/Config/Windows/Engine.ini]
[2022.02.21-20.01.43:330][  0]LogConfig: Applying CVar settings from Section [ConsoleVariables] File [D:/GitHub/GAME259-2022-A/GAME259_A_URE/Saved/Config/Windows/Editor.ini]
[2022.02.21-20.01.43:331][  0]LogInit: Computer: OMEN
[2022.02.21-20.01.43:332][  0]LogInit: User: James
[2022.02.21-20.01.43:337][  0]LogInit: CPU Page size=4096, Cores=6
[2022.02.21-20.01.43:337][  0]LogInit: High frequency timer resolution =10.000000 MHz
[2022.02.21-20.01.43:338][  0]LogMemory: Memory total: Physical=15.9GB (16GB approx)
[2022.02.21-20.01.43:339][  0]LogMemory: Platform Memory Stats for Windows
[2022.02.21-20.01.43:339][  0]LogMemory: Process Physical Memory: 147.67 MB used, 147.68 MB peak
[2022.02.21-20.01.43:340][  0]LogMemory: Process Virtual Memory: 131.02 MB used, 131.02 MB peak
[2022.02.21-20.01.43:341][  0]LogMemory: Physical Memory: 14510.28 MB used,  1764.56 MB free, 16274.84 MB total
[2022.02.21-20.01.43:342][  0]LogMemory: Virtual Memory: 134214208.00 MB used,  3516.37 MB free, 134217728.00 MB total
[2022.02.21-20.01.43:352][  0]LogWindows: WindowsPlatformFeatures enabled
[2022.02.21-20.01.43:418][  0]LogInit: Physics initialised using underlying interface: PhysX
[2022.02.21-20.01.43:419][  0]LogInit: Using OS detected language (en-US).
[2022.02.21-20.01.43:422][  0]LogInit: Using OS detected locale (en-US).
[2022.02.21-20.01.43:428][  0]LogTextLocalizationManager: No specific localization for 'en-US' exists, so the 'en' localization will be used.
[2022.02.21-20.01.43:768][  0]LogWindowsTextInputMethodSystem: Display: IME system deactivated.
[2022.02.21-20.01.43:876][  0]LogSlate: New Slate User Created.  User Index 0, Is Virtual User: 0
[2022.02.21-20.01.43:877][  0]LogSlate: Slate User Registered.  User Index 0, Is Virtual User: 0
[2022.02.21-20.01.43:974][  0]LogD3D11RHI: Loaded GFSDK_Aftermath_Lib.x64.dll
[2022.02.21-20.01.44:061][  0]LogHMD: Optional extension XR_VARJO_quad_views is not available
[2022.02.21-20.01.44:062][  0]LogHMD: Warning: Required extension XR_EXT_eye_gaze_interaction is not available
[2022.02.21-20.01.44:065][  0]LogHMD: Could not enable all required OpenXR extensions for OpenXREyeTracker on current system. This plugin will be loaded but ignored, but will be enabled on a target platform that supports the required extension.
[2022.02.21-20.01.44:569][  0]LogHMD: Failed to get an OpenXR system, result is XR_ERROR_FORM_FACTOR_UNAVAILABLE. Please check that your runtime supports VR headsets.
[2022.02.21-20.01.44:569][  0]LogD3D11RHI: D3D11 min allowed feature level: 11_0
[2022.02.21-20.01.44:572][  0]LogD3D11RHI: D3D11 max allowed feature level: 11_0
[2022.02.21-20.01.44:573][  0]LogD3D11RHI: D3D11 adapters:
[2022.02.21-20.01.44:699][  0]LogD3D11RHI:    0. 'NVIDIA GeForce GTX 1070' (Feature Level 11_0)
[2022.02.21-20.01.44:699][  0]LogD3D11RHI:       8088/0/8137 MB DedicatedVideo/DedicatedSystem/SharedSystem, Outputs:2, VendorId:0x10de
[2022.02.21-20.01.44:703][  0]LogD3D11RHI:    1. 'Microsoft Basic Render Driver' (Feature Level 11_0)
[2022.02.21-20.01.44:703][  0]LogD3D11RHI:       0/0/8137 MB DedicatedVideo/DedicatedSystem/SharedSystem, Outputs:0, VendorId:0x1414
[2022.02.21-20.01.44:704][  0]LogD3D11RHI: Chosen D3D11 Adapter:
[2022.02.21-20.01.44:704][  0]LogD3D11RHI:     Description : NVIDIA GeForce GTX 1070
[2022.02.21-20.01.44:705][  0]LogD3D11RHI:     VendorId    : 10de
[2022.02.21-20.01.44:705][  0]LogD3D11RHI:     DeviceId    : 1b81
[2022.02.21-20.01.44:706][  0]LogD3D11RHI:     SubSysId    : 82fb103c
[2022.02.21-20.01.44:706][  0]LogD3D11RHI:     Revision    : 00a1
[2022.02.21-20.01.44:707][  0]LogD3D11RHI:     DedicatedVideoMemory : 8480882688 bytes
[2022.02.21-20.01.44:707][  0]LogD3D11RHI:     DedicatedSystemMemory : 0 bytes
[2022.02.21-20.01.44:708][  0]LogD3D11RHI:     SharedSystemMemory : 8532705280 bytes
[2022.02.21-20.01.44:708][  0]LogD3D11RHI:     AdapterLuid : 0 89200
[2022.02.21-20.01.44:723][  0]LogD3D11RHI: Creating new Direct3DDevice
[2022.02.21-20.01.44:724][  0]LogD3D11RHI:     GPU DeviceId: 0x1b81 (for the marketing name, search the web for "GPU Device Id")
[2022.02.21-20.01.44:726][  0]LogWindows: EnumDisplayDevices:
[2022.02.21-20.01.44:727][  0]LogWindows:    0. 'NVIDIA GeForce GTX 1070' (P:1 D:1)
[2022.02.21-20.01.44:728][  0]LogWindows:    1. 'NVIDIA GeForce GTX 1070' (P:0 D:1)
[2022.02.21-20.01.44:729][  0]LogWindows:    2. 'NVIDIA GeForce GTX 1070' (P:0 D:0)
[2022.02.21-20.01.44:730][  0]LogWindows:    3. 'NVIDIA GeForce GTX 1070' (P:0 D:0)
[2022.02.21-20.01.44:730][  0]LogWindows: DebugString: FoundDriverCount:4 
[2022.02.21-20.01.44:731][  0]LogD3D11RHI:     Adapter Name: NVIDIA GeForce GTX 1070
[2022.02.21-20.01.44:731][  0]LogD3D11RHI:   Driver Version: 472.08 (internal:30.0.14.7208, unified:472.08)
[2022.02.21-20.01.44:731][  0]LogD3D11RHI:      Driver Date: 9-13-2021
[2022.02.21-20.01.44:732][  0]LogRHI: Texture pool is 5661 MB (70% of 8088 MB)
[2022.02.21-20.01.44:732][  0]LogD3D11RHI: Creating D3DDevice using adapter:
[2022.02.21-20.01.44:733][  0]LogD3D11RHI:     Description : NVIDIA GeForce GTX 1070
[2022.02.21-20.01.44:733][  0]LogD3D11RHI:     VendorId    : 10de
[2022.02.21-20.01.44:733][  0]LogD3D11RHI:     DeviceId    : 1b81
[2022.02.21-20.01.44:734][  0]LogD3D11RHI:     SubSysId    : 82fb103c
[2022.02.21-20.01.44:738][  0]LogD3D11RHI:     Revision    : 00a1
[2022.02.21-20.01.44:738][  0]LogD3D11RHI:     DedicatedVideoMemory : 8480882688 bytes
[2022.02.21-20.01.44:739][  0]LogD3D11RHI:     DedicatedSystemMemory : 0 bytes
[2022.02.21-20.01.44:739][  0]LogD3D11RHI:     SharedSystemMemory : 8532705280 bytes
[2022.02.21-20.01.44:740][  0]LogD3D11RHI:     AdapterLuid : 0 89200
[2022.02.21-20.01.44:850][  0]LogD3D11RHI: RHI has support for 64 bit atomics
[2022.02.21-20.01.44:850][  0]LogD3D11RHI: Async texture creation enabled
[2022.02.21-20.01.44:852][  0]LogD3D11RHI: Array index from any shader is supported
[2022.02.21-20.01.44:854][  0]LogD3D11RHI: HDR output is supported on display 0 (NvId: 0x80061082).
[2022.02.21-20.01.44:877][  0]LogD3D11RHI: GPU Timing Frequency: 1000.000000 (Debug: 2 1)
[2022.02.21-20.01.44:914][  0]LogRHI: GeForceNow SDK initialized: 1
[2022.02.21-20.01.45:336][  0]LogTargetPlatformManager: Display: Loaded TargetPlatform 'WindowsNoEditor'
[2022.02.21-20.01.45:342][  0]LogTargetPlatformManager: Display: Loaded TargetPlatform 'Windows'
[2022.02.21-20.01.45:350][  0]LogTargetPlatformManager: Display: Loaded TargetPlatform 'WindowsClient'
[2022.02.21-20.01.45:355][  0]LogTargetPlatformManager: Display: Loaded TargetPlatform 'WindowsServer'
[2022.02.21-20.01.45:356][  0]LogTargetPlatformManager: Display: Building Assets For Windows
[2022.02.21-20.01.45:368][  0]LogAudioDebug: Display: Lib vorbis DLL was dynamically loaded.
[2022.02.21-20.01.45:412][  0]LogTextureFormatOodle: Display: Oodle Texture 2.9.0 init RDO Off
[2022.02.21-20.01.45:460][  0]LogRendererCore: Ray tracing is disabled. Reason: r.RayTracing=0.
[2022.02.21-20.01.45:461][  0]LogShaderCompilers: Guid format shader working directory is -2 characters bigger than the processId version (../../../../GitHub/GAME259-2022-A/GAME259_A_URE/Intermediate/Shaders/WorkingDirectory/31112/).
[2022.02.21-20.01.45:463][  0]LogShaderCompilers: Cleaned the shader compiler working directory 'C:/Users/James/AppData/Local/Temp/UnrealShaderWorkingDir/4375C5CF4A7F9B283083D0B1C4168C60/'.
[2022.02.21-20.01.45:464][  0]LogXGEController: Cannot use XGE Controller as Incredibuild is not installed on this machine.
[2022.02.21-20.01.45:464][  0]LogShaderCompilers: Cannot use XGE Shader Compiler as Incredibuild is not installed on this machine.
[2022.02.21-20.01.45:465][  0]LogShaderCompilers: Display: Using Local Shader Compiler.
[2022.02.21-20.01.46:563][  0]LogDerivedDataCache: Display: Max Cache Size: 512 MB
[2022.02.21-20.01.46:674][  0]LogDerivedDataCache: Loaded boot cache 0.11s 86MB C:/Users/James/AppData/Local/UnrealEngine/4.27/DerivedDataCache/Boot.ddc.
[2022.02.21-20.01.46:675][  0]LogDerivedDataCache: Display: Loaded Boot cache: C:/Users/James/AppData/Local/UnrealEngine/4.27/DerivedDataCache/Boot.ddc
[2022.02.21-20.01.46:677][  0]LogDerivedDataCache: FDerivedDataBackendGraph:  Pak pak cache file ../../../../GitHub/GAME259-2022-A/GAME259_A_URE/DerivedDataCache/DDC.ddp not found, will not use a pak cache.
[2022.02.21-20.01.46:677][  0]LogDerivedDataCache: Unable to find inner node Pak for hierarchical cache Hierarchy.
[2022.02.21-20.01.46:678][  0]LogDerivedDataCache: FDerivedDataBackendGraph:  CompressedPak pak cache file ../../../../GitHub/GAME259-2022-A/GAME259_A_URE/DerivedDataCache/Compressed.ddp not found, will not use a pak cache.
[2022.02.21-20.01.46:678][  0]LogDerivedDataCache: Unable to find inner node CompressedPak for hierarchical cache Hierarchy.
[2022.02.21-20.01.46:699][  0]LogDerivedDataCache: Display: Pak cache opened for reading ../../../Engine/DerivedDataCache/Compressed.ddp.
[2022.02.21-20.01.46:699][  0]LogDerivedDataCache: FDerivedDataBackendGraph:  EnterprisePak pak cache file ../../../Enterprise/DerivedDataCache/Compressed.ddp not found, will not use a pak cache.
[2022.02.21-20.01.46:701][  0]LogDerivedDataCache: Unable to find inner node EnterprisePak for hierarchical cache Hierarchy.
[2022.02.21-20.01.46:711][  0]LogDerivedDataCache: Speed tests for C:/Users/James/AppData/Local/UnrealEngine/Common/DerivedDataCache took 0.01 seconds
[2022.02.21-20.01.46:712][  0]LogDerivedDataCache: Display: Performance to C:/Users/James/AppData/Local/UnrealEngine/Common/DerivedDataCache: Latency=0.04ms. RandomReadSpeed=782.30MBs, RandomWriteSpeed=122.30MBs. Assigned SpeedClass 'Local'
[2022.02.21-20.01.46:713][  0]LogDerivedDataCache: Using Local data cache path C:/Users/James/AppData/Local/UnrealEngine/Common/DerivedDataCache: Writable
[2022.02.21-20.01.46:714][  0]LogDerivedDataCache: Shared data cache path not found in *engine.ini, will not use an Shared cache.
[2022.02.21-20.01.46:715][  0]LogDerivedDataCache: Unable to find inner node Shared for hierarchical cache Hierarchy.
[2022.02.21-20.01.46:783][  0]LogSlate: Using FreeType 2.10.0
[2022.02.21-20.01.46:785][  0]LogSlate: SlateFontServices - WITH_FREETYPE: 1, WITH_HARFBUZZ: 1
[2022.02.21-20.01.47:287][  0]LogHMD: Failed to get an OpenXR system, result is XR_ERROR_FORM_FACTOR_UNAVAILABLE. Please check that your runtime supports VR headsets.
[2022.02.21-20.01.47:405][  0]LogInit: Using OS detected language (en-US).
[2022.02.21-20.01.47:405][  0]LogInit: Using OS detected locale (en-US).
[2022.02.21-20.01.47:411][  0]LogTextLocalizationManager: No localization for 'en-US' exists, so 'en' will be used for the language.
[2022.02.21-20.01.47:412][  0]LogTextLocalizationManager: No localization for 'en-US' exists, so 'en' will be used for the locale.
[2022.02.21-20.01.47:412][  0]LogSlate: FontCache flush requested. Reason: Culture for localization was changed
[2022.02.21-20.01.47:412][  0]LogSlate: FontCache flush requested. Reason: Culture for localization was changed
[2022.02.21-20.01.47:418][  0]LogTextLocalizationManager: Compacting localization data took   0.01ms
[2022.02.21-20.01.47:418][  0]LogAssetRegistry: FAssetRegistry took 0.0031 seconds to start up
[2022.02.21-20.01.47:680][  0]LogPackageLocalizationCache: Processed 27 localized package path(s) for 1 prioritized culture(s) in 0.047367 seconds
[2022.02.21-20.01.47:781][  0]LogInit: Selected Device Profile: [Windows]
[2022.02.21-20.01.47:782][  0]LogInit: Active device profile: [0000024C17E2EB00][0000024C0EE646C0 49] Windows
[2022.02.21-20.01.47:784][  0]LogInit: Profiles: [0000024C17E2EB00][0000024C0EE646C0 49] Windows, [0000024C17DF2E00][0000024C0EE6C840 49] WindowsNoEditor, [0000024C17E2F400][0000024C0EE709C0 49] WindowsServer, [0000024C17DF0D00][0000024C0F080B40 49] WindowsClient, [0000024C17E2CC00][0000024C0F084CC0 49] IOS, [0000024C17DF3700][0000024C0F088E40 49] iPadAir, [0000024C17E2FC00][0000024C0F08CFC0 49] iPadAir2, [0000024C17D8A700][0000024C0F095280 49] IPadPro, [0000024C17D8A800][0000024C0F0912C0 49] iPadAir3, [0000024C17E2C500][0000024C0EE69400 49] iPadAir4, [0000024C17D88200][0000024C0F099540 49] iPadMini2, [0000024C17E2C300][0000024C0F09D680 49] iPadMini3, [0000024C17D8B000][0000024C0F0A5800 49] iPadMini4, [0000024C17E2DE00][0000024C0F0A9980 49] iPadMini5, [0000024C17DDA000][0000024C0F0B00C0 49] iPhone6, [0000024C17DDA100][0000024C0F0AC100 49] iPodTouch6, [0000024C17D89D00][0000024C0F0B83C0 49] iPhone7, [0000024C17D89100][0000024C0F0B4400 49] iPodTouch7, [0000024C17DDAE00][0000024C0F0BC580 49] iPhone5S, [0000024C17D88900][0000024C0F0C0700 49] iPhone6Plus, [0000024C17DDAC00][0000024C0F0C4880 49] iPhone6S, [0000024C17D8BC00][0000024C0F0C8A00 49] iPhone6SPlus, [0000024C17DD9300][0000024C7A248B80 49] iPhone7Plus, [0000024C17D8B600][0000024C7A24CD00 49] iPhoneSE, [0000024C17DDB800][0000024C7A250E80 49] iPhone8, [0000024C17D88500][0000024C7A255000 49] iPhone8Plus, [0000024C17DD9000][0000024C7A259180 49] iPhoneX, [0000024C17D8A000][0000024C7A25D300 49] iPhoneXS, [0000024C17DD9D00][0000024C7A261480 49] iPhoneXSMax, [0000024C17D89000][0000024C0F0A15C0 49] iPhoneXR, [0000024C17DDB600][0000024C7A265700 49] iPhone11, [0000024C17D8AC00][0000024C7A269840 49] iPhone11Pro, [0000024C17DDA400][0000024C7A2719C0 49] iPhone11ProMax, [0000024C17D8A100][0000024C7A275B40 49] iPhoneSE2, [0000024C17DD8700][0000024C16F5E140 49] iPhone12Mini, [0000024C17D8AF00][0000024C16F622C0 49] iPhone12, [0000024C17DD8600][0000024C16F66440 49] iPhone12Pro, [0000024C17D8B300][0000024C16F6A5C0 49] iPhone12ProMax, [0000024C17DDA700][0000024C16F6E740 49] iPadPro105, [0000024C17D8B800][0000024C16F728C0 49] iPadPro129, [0000024C17DDAB00][0000024C16F76A40 49] iPadPro97, [0000024C17D88800][0000024C16F7ABC0 49] iPadPro2_129, [0000024C17DD8C00][0000024C16F7ED40 49] iPad5, [0000024C17D89A00][0000024C16F82EC0 49] iPad6, [0000024C17DD8900][0000024C16F87040 49] iPad7, [0000024C17D8BA00][0000024C16F8B1C0 49] iPad8, [0000024C17DD9400][0000024C16F8F340 49] iPadPro11, [0000024C17D88A00][0000024C16F934C0 49] iPadPro2_11, [0000024C17DDB400][0000024C16F97640 49] iPadPro3_129, [0000024C17E5CB00][0000024C7A26D780 49] iPadPro4_129, [0000024C17DF0300][0000024C16F9B8C0 49] AppleTV, [0000024C17E5CC00][0000024C16F9FA00 49] AppleTV4K, [0000024C17DF0400][0000024C16FA3B40 49] TVOS, [0000024C17E5D200][0000024C16FAA140 49] Mac, [0000024C17DF3E00][0000024C16FAE2C0 49] MacClient, [0000024C17E5C800][0000024C16FB2440 49] MacNoEditor, [0000024C17DF1D00][0000024C16FB65C0 49] MacServer, [0000024C17E5C400][0000024C16FBA740 49] Linux, [0000024C17DF1C00][0000024C16FBE8C0 49] LinuxAArch64, [0000024C17E5CE00][0000024C16FC2A40 49] LinuxNoEditor, [0000024C17DF0F00][0000024C16FC6BC0 49] LinuxAArch64NoEditor, [0000024C17E5C500][0000024C16FCAD40 49] LinuxClient, [0000024C17DF3B00][0000024C16FCEEC0 49] LinuxAArch64Client, [0000024C17E5D800][0000024C16FD3040 49] LinuxServer, [0000024C17D88700][0000024C16FD71C0 49] LinuxAArch64Server, [0000024C17DDB300][0000024C16FDB340 49] Android, [0000024C17D8B400][0000024C16FDF4C0 49] Android_Low, [0000024C17DDBB00][0000024C16FE3640 49] Android_Mid, [0000024C17D89E00][0000024C16FE77C0 49] Android_High, [0000024C17DDB100][0000024C16FA7900 49] Android_Default, [0000024C17D8B700][0000024C16FEBA40 49] Android_Adreno4xx, [0000024C17DDA500][0000024C16FEFB80 49] Android_Adreno5xx_Low, [0000024C17D8AE00][0000024C16FF2140 49] Android_Adreno5xx, [0000024C17DD8500][0000024C16FFA2C0 49] Android_Adreno6xx, [0000024C17D89500][0000024C16FFE440 49] Android_Adreno6xx_Vulkan, [0000024C17DDB000][0000024C170025C0 49] Android_Mali_T6xx, [0000024C17D88400][0000024C17006740 49] Android_Mali_T7xx, [0000024C17DDAD00][0000024C1700A8C0 49] Android_Mali_T8xx, [0000024C17D89600][0000024C1700EA40 49] Android_Mali_G71, [0000024C17DD9F00][0000024C17012BC0 49] Android_Mali_G72, [0000024C17D89400][0000024C17016D40 49] Android_Mali_G72_Vulkan, [0000024C17E5E000][0000024C1701AEC0 49] Android_Mali_G76, [0000024C17D8BF00][0000024C0F0CD040 49] Android_Mali_G76_Vulkan, [0000024C17E5D500][0000024C0F0D11C0 49] Android_Mali_G77, [0000024C17D88300][0000024C0F0D5340 49] Android_Mali_G77_Vulkan, [0000024C17E5C100][0000024C0F0D94C0 49] Android_Mali_G78, [0000024C17D89700][0000024C0F0DD640 49] Android_Mali_G78_Vulkan, [0000024C17E5DE00][0000024C0F0E17C0 49] Android_Mali_G710, [0000024C17D8A200][0000024C0F0E5940 49] Android_Mali_G710_Vulkan, [0000024C17DDA600][0000024C0F0E9AC0 49] Android_Vulkan_SM5, [0000024C17D89F00][0000024C16FF7C00 49] Android_PowerVR_G6xxx, [0000024C17DD9500][0000024C0F0EC1C0 49] Android_PowerVR_GT7xxx, [0000024C17D8AB00][0000024C0F0F0300 49] Android_PowerVR_GE8xxx, [0000024C17DDAF00][0000024C18034480 49] Android_PowerVR_GM9xxx, [0000024C17D8B200][0000024C18038600 49] Android_PowerVR_GM9xxx_Vulkan, [0000024C17DDA900][0000024C1803C780 49] Android_TegraK1, [0000024C17D89200][0000024C18040900 49] Android_Unknown_Vulkan, [0000024C17DDBC00][0000024C18044A80 49] Lumin, [0000024C17D88B00][0000024C18048C00 49] Lumin_Desktop, [0000024C17DD8100][0000024C1804CD80 49] HoloLens, 
[2022.02.21-20.01.47:840][  0]LogMeshReduction: Using QuadricMeshReduction for automatic static mesh reduction
[2022.02.21-20.01.47:840][  0]LogMeshReduction: Using SimplygonMeshReduction for automatic skeletal mesh reduction
[2022.02.21-20.01.47:843][  0]LogMeshReduction: Using ProxyLODMeshReduction for automatic mesh merging
[2022.02.21-20.01.47:844][  0]LogMeshReduction: No distributed automatic mesh merging module available
[2022.02.21-20.01.47:844][  0]LogMeshMerging: No distributed automatic mesh merging module available
[2022.02.21-20.01.48:044][  0]LogNetVersion: GAME259_A_URE 1.0.0, NetCL: 17155196, EngineNetVer: 17, GameNetVer: 0 (Checksum: 2250587433)
[2022.02.21-20.01.48:395][  0]LogTexture: Default maximum texture size for cubemaps generated from long-lat sources has been changed from 512 to unlimited. In order to preserve old behaiour for '/Engine/MapTemplates/Sky/DaylightAmbientCubemap.DaylightAmbientCubemap', its maximum texture size has been explicitly set to 512.
[2022.02.21-20.01.48:480][  0]LogHMD: PokeAHoleMaterial loaded successfully
[2022.02.21-20.01.48:580][  0]LogMoviePlayer: Initializing movie player
[2022.02.21-20.01.48:692][  0]LogNiagaraDebuggerClient: Niagara Debugger Client Initialized | Session: C53FD479452A5847DF750B8AC7ECD212 | Instance: B0278B57476F1EA88EAA5F8D6E1A0ED1 (OMEN-31112).
[2022.02.21-20.01.48:718][  0]LogCollectionManager: Loaded 0 collections in 0.001334 seconds
[2022.02.21-20.01.48:723][  0]LogFileCache: Scanning file cache for directory 'D:/GitHub/GAME259-2022-A/GAME259_A_URE/Saved/Collections/' took 0.00s
[2022.02.21-20.01.48:723][  0]LogFileCache: Scanning file cache for directory 'D:/GitHub/GAME259-2022-A/GAME259_A_URE/Content/Developers/James/Collections/' took 0.00s
[2022.02.21-20.01.48:724][  0]LogFileCache: Scanning file cache for directory 'D:/GitHub/GAME259-2022-A/GAME259_A_URE/Content/Collections/' took 0.00s
[2022.02.21-20.01.48:724][  0]LogCollectionManager: Fixed up redirectors for 0 collections in 0.000003 seconds (updated 0 objects)
[2022.02.21-20.01.48:865][  0]LogPython: Using Python 3.7.7
[2022.02.21-20.01.49:639][  0]LogSteamShared: Display: Loading Steam SDK 1.51
[2022.02.21-20.01.49:640][  0]LogSteamShared: Steam SDK Loaded!
[2022.02.21-20.01.50:064][  0]LogOpenImageDenoise: OIDN starting up
[2022.02.21-20.01.50:069][  0]SourceControl: Source control is disabled
[2022.02.21-20.01.50:069][  0]SourceControl: Source control is disabled
[2022.02.21-20.01.50:075][  0]LogUProjectInfo: Found projects:
[2022.02.21-20.01.50:090][  0]SourceControl: Source control is disabled
[2022.02.21-20.01.50:118][  0]LogAndroidPermission: UAndroidPermissionCallbackProxy::GetInstance
[2022.02.21-20.01.50:178][  0]LogAudioCaptureCore: Display: No Audio Capture implementations found. Audio input will be silent.
[2022.02.21-20.01.50:178][  0]LogAudioCaptureCore: Display: No Audio Capture implementations found. Audio input will be silent.
[2022.02.21-20.01.50:243][  0]LogOcInput: OculusInput pre-init called
[2022.02.21-20.01.50:260][  0]LogUObjectArray: 23049 objects as part of root set at end of initial load.
[2022.02.21-20.01.50:260][  0]LogUObjectAllocator: 6399616 out of 0 bytes used by permanent object pool.
[2022.02.21-20.01.50:260][  0]LogUObjectArray: CloseDisregardForGC: 0/0 objects in disregard for GC pool
[2022.02.21-20.01.50:317][  0]LogClass: Display: IntProperty FServerInfo::CurrentPlayers is not initialized properly. Module:GAME259_A_URE File:GameInstance_GAME259_A_URE.h
[2022.02.21-20.01.50:318][  0]LogClass: Display: IntProperty FServerInfo::MaxPlayers is not initialized properly. Module:GAME259_A_URE File:GameInstance_GAME259_A_URE.h
[2022.02.21-20.01.50:319][  0]LogClass: Display: IntProperty FServerInfo::ServerArrayIndex is not initialized properly. Module:GAME259_A_URE File:GameInstance_GAME259_A_URE.h
[2022.02.21-20.01.50:320][  0]LogClass: Display: 3 Uninitialized script struct members found including 0 object properties
[2022.02.21-20.01.50:321][  0]LogEngine: Initializing Engine...
[2022.02.21-20.01.50:822][  0]LogHMD: Failed to get an OpenXR system, result is XR_ERROR_FORM_FACTOR_UNAVAILABLE. Please check that your runtime supports VR headsets.
[2022.02.21-20.01.50:822][  0]LogMagicLeap: Warning: VR disabled because ZI is not enabled.  To enable, in the editor, Edit -> Project Settings -> Plugins -> Magic Leap Plugin -> Enable Zero Iteration
[2022.02.21-20.01.50:826][  0]LogStats: UGameplayTagsManager::InitializeManager -  0.000 s
[2022.02.21-20.01.50:980][  0]LogInit: Initializing FReadOnlyCVARCache
[2022.02.21-20.01.50:984][  0]LogAudio: Display: Initializing Audio Device Manager...
[2022.02.21-20.01.50:993][  0]LogAudio: Display: Loading Default Audio Settings Objects...
[2022.02.21-20.01.50:995][  0]LogAudio: Display: No default SoundConcurrencyObject specified (or failed to load).
[2022.02.21-20.01.51:000][  0]LogAudio: Display: Audio Device Manager Initialized
[2022.02.21-20.01.51:002][  0]LogAudio: Display: Creating Audio Device:                 Id: 1, Scope: Shared, Realtime: True
[2022.02.21-20.01.51:003][  0]LogAudioMixer: Display: Audio Mixer Platform Settings:
[2022.02.21-20.01.51:004][  0]LogAudioMixer: Display: 	Sample Rate:						  48000
[2022.02.21-20.01.51:005][  0]LogAudioMixer: Display: 	Callback Buffer Frame Size Requested: 1024
[2022.02.21-20.01.51:006][  0]LogAudioMixer: Display: 	Callback Buffer Frame Size To Use:	  1024
[2022.02.21-20.01.51:007][  0]LogAudioMixer: Display: 	Number of buffers to queue:			  2
[2022.02.21-20.01.51:013][  0]LogAudioMixer: Display: 	Max Channels (voices):				  32
[2022.02.21-20.01.51:014][  0]LogAudioMixer: Display: 	Number of Async Source Workers:		  0
[2022.02.21-20.01.51:016][  0]LogAudio: Display: AudioDevice MaxSources: 32
[2022.02.21-20.01.51:018][  0]LogAudio: Display: Audio Spatialization Plugin: None (built-in).
[2022.02.21-20.01.51:018][  0]LogAudio: Display: Audio Reverb Plugin: None (built-in).
[2022.02.21-20.01.51:019][  0]LogAudio: Display: Audio Occlusion Plugin: None (built-in).
[2022.02.21-20.01.51:020][  0]LogAudioMixer: Display: Initializing audio mixer.
[2022.02.21-20.01.51:067][  0]LogAudioMixer: Display: 0: FrontLeft
[2022.02.21-20.01.51:067][  0]LogAudioMixer: Display: 1: FrontRight
[2022.02.21-20.01.51:098][  0]LogAudioMixer: Display: Using Audio Device Headphones (Arctis 7 Game)
[2022.02.21-20.01.51:107][  0]LogAudioMixer: Display: Initializing Sound Submixes...
[2022.02.21-20.01.51:110][  0]LogAudioMixer: Display: Creating Master Submix 'MasterSubmixDefault'
[2022.02.21-20.01.51:110][  0]LogAudioMixer: Display: Creating Master Submix 'MasterReverbSubmixDefault'
[2022.02.21-20.01.51:112][  0]LogAudioMixer: Display: Creating Master Submix 'MasterEQSubmixDefault'
[2022.02.21-20.01.51:112][  0]LogAudioMixer: FMixerPlatformXAudio2::StartAudioStream() called
[2022.02.21-20.01.51:113][  0]LogAudioMixer: Display: Output buffers initialized: Frames=1024, Channels=2, Samples=2048
[2022.02.21-20.01.51:116][  0]LogAudioMixer: Display: Starting AudioMixerPlatformInterface::RunInternal()
[2022.02.21-20.01.51:117][  0]LogAudioMixer: Display: FMixerPlatformXAudio2::SubmitBuffer() called for the first time
[2022.02.21-20.01.51:117][  0]LogInit: FAudioDevice initialized.
[2022.02.21-20.01.51:121][  0]LogNetVersion: Set ProjectVersion to 1.0.0.0. Version Checksum will be recalculated on next use.
[2022.02.21-20.01.51:131][  0]LogDerivedDataCache: Error: Could not save memory cache C:/Users/James/AppData/Local/UnrealEngine/4.27/DerivedDataCache/Boot.ddc.
[2022.02.21-20.01.51:133][  0]LogInit: Texture streaming: Enabled
[2022.02.21-20.01.51:233][  0]LogAudio: Display: Audio Device (ID: 1) registered with world 'Untitled'.
[2022.02.21-20.01.51:233][  0]LogSlate: Updating window title bar state: overlay mode, drag disabled, window buttons hidden, title bar hidden
[2022.02.21-20.01.51:235][  0]LogInit: Display: Game Engine Initialized.
[2022.02.21-20.01.51:236][  0]LogNiagaraEditor: GEditor isn't valid! Particle reset commands will not work for Niagara components!
[2022.02.21-20.01.51:323][  0]LogInit: Display: Starting Game.
[2022.02.21-20.01.51:323][  0]LogNet: Browse: /Game/LobbySystem/Levels/LobbyMainMenu?Name=Player
[2022.02.21-20.01.51:325][  0]LogLoad: LoadMap: /Game/LobbySystem/Levels/LobbyMainMenu?Name=Player
[2022.02.21-20.01.51:326][  0]LogWorld: BeginTearingDown for /Temp/Untitled_0
[2022.02.21-20.01.51:327][  0]LogWorld: UWorld::CleanupWorld for Untitled, bSessionEnded=true, bCleanupResources=true
[2022.02.21-20.01.51:327][  0]LogSlate: InvalidateAllWidgets triggered.  All widgets were invalidated
[2022.02.21-20.01.51:333][  0]LogAudio: Display: Audio Device unregistered from world 'None'.
[2022.02.21-20.01.51:338][  0]LogUObjectHash: Compacting FUObjectHashTables data took   1.38ms
[2022.02.21-20.01.51:386][  0]LogAudio: Display: Audio Device (ID: 1) registered with world 'LobbyMainMenu'.
[2022.02.21-20.01.51:397][  0]LogAIModule: Creating AISystem for world LobbyMainMenu
[2022.02.21-20.01.51:399][  0]LogLoad: Game class is 'BP_LobbyGameMode_C'
[2022.02.21-20.01.51:401][  0]LogWorld: Bringing World /Game/LobbySystem/Levels/LobbyMainMenu.LobbyMainMenu up for play (max tick rate 0) at 2022.02.21-15.01.51
[2022.02.21-20.01.51:402][  0]LogWorld: Bringing up level for play took: 0.001175
[2022.02.21-20.01.51:403][  0]LogGameMode: FindPlayerStart: PATHS NOT DEFINED or NO PLAYERSTART with positive rating
[2022.02.21-20.01.51:407][  0]LogViewport: Display: Viewport MouseLockMode Changed, LockOnCapture -> DoNotLock
[2022.02.21-20.01.51:408][  0]LogViewport: Display: Viewport MouseCaptureMode Changed, CapturePermanently_IncludingInitialMouseDown -> NoCapture
[2022.02.21-20.01.51:409][  0]LogLoad: Took 0.083713 seconds to LoadMap(/Game/LobbySystem/Levels/LobbyMainMenu)
[2022.02.21-20.01.51:748][  0]LogSlate: Took 0.000370 seconds to synchronously load lazily loaded font '../../../Engine/Content/Slate/Fonts/Roboto-Regular.ttf' (155K)
[2022.02.21-20.01.51:925][  0]LogRenderer: Reallocating scene render targets to support 800x900 Format 10 NumSamples 1 (Frame:1).
[2022.02.21-20.01.51:925][  0]LogInit: Display: Engine is initialized. Leaving FEngineLoop::Init()
[2022.02.21-20.01.51:927][  0]LogLoad: (Engine Initialization) Total time: 12.33 seconds
[2022.02.21-20.01.51:934][  0]LogLoad: (Engine Initialization) Total Blueprint compile time: 0.00 seconds
[2022.02.21-20.01.51:948][  0]LogContentStreaming: Texture pool size now 1000 MB
[2022.02.21-20.01.51:953][  0]LogSlate: InvalidateAllWidgets triggered.  All widgets were invalidated
[2022.02.21-20.01.51:983][  1]LogSlate: Took 0.000209 seconds to synchronously load lazily loaded font '../../../Engine/Content/Slate/Fonts/Roboto-Regular.ttf' (155K)
[2022.02.21-20.01.55:437][365]LogTemp: Warning: Find Servers Called
[2022.02.21-20.02.00:438][549]LogTemp: Warning: OnFindSessionComplete, Succeeded: 1
[2022.02.21-20.02.00:440][549]LogTemp: Warning: SearchResults, Server Count: 1
[2022.02.21-20.02.01:462][ 19]LogTemp: Warning: JOINING SERVER at index: 0
[2022.02.21-20.02.01:463][ 19]LogTemp: Warning: OnJoinSessionComplete, SessionName: My Session
[2022.02.21-20.02.01:464][ 19]LogNet: Browse: 192.168.56.1/Game/LobbySystem/Levels/LobbyMainMenu
[2022.02.21-20.02.01:465][ 19]LogInit: WinSock: Socket queue. Rx: 32768 (config 32768) Tx: 32768 (config 32768)
[2022.02.21-20.02.01:465][ 19]LogNet: Created socket for bind address: 0.0.0.0 on port 0
[2022.02.21-20.02.01:465][ 19]PacketHandlerLog: Loaded PacketHandler component: Engine.EngineHandlerComponentFactory (StatelessConnectHandlerComponent)
[2022.02.21-20.02.01:466][ 19]LogNet: Game client on port 7777, rate 100000
[2022.02.21-20.02.02:490][501]LogHandshake: SendChallengeResponse. Timestamp: 63.764292, Cookie: 247008222009152000245017158223154057075039242025041157155050
[2022.02.21-20.02.02:496][503]LogNetVersion: GAME259_A_URE 1.0.0.0, NetCL: 17155196, EngineNetVer: 17, GameNetVer: 0 (Checksum: 1639948920)
[2022.02.21-20.02.02:496][503]LogNet: UPendingNetGame::SendInitialJoin: Sending hello. [UNetConnection] RemoteAddr: 192.168.56.1:7777, Name: IpConnection_0, Driver: PendingNetDriver IpNetDriver_0, IsServer: NO, PC: NULL, Owner: NULL, UniqueId: INVALID
[2022.02.21-20.02.02:531][518]LogNet: Welcomed by server (Level: /Game/LobbySystem/Levels/Networking_GameTestMap, Game: /Script/GAME259_A_URE.GAME259_A_UREGameMode)
[2022.02.21-20.02.02:532][518]LogLoad: LoadMap: 192.168.56.1/Game/LobbySystem/Levels/Networking_GameTestMap?game=/Script/GAME259_A_URE.GAME259_A_UREGameMode
[2022.02.21-20.02.02:536][518]LogWorld: BeginTearingDown for /Game/LobbySystem/Levels/LobbyMainMenu
[2022.02.21-20.02.02:537][518]LogWorld: UWorld::CleanupWorld for LobbyMainMenu, bSessionEnded=true, bCleanupResources=true
[2022.02.21-20.02.02:538][518]LogSlate: InvalidateAllWidgets triggered.  All widgets were invalidated
[2022.02.21-20.02.02:574][518]LogAudio: Display: Waited 35.690502 ms for audio thread.
[2022.02.21-20.02.02:581][518]LogAudio: Display: Audio Device unregistered from world 'None'.
[2022.02.21-20.02.02:585][518]LogUObjectHash: Compacting FUObjectHashTables data took   1.22ms
[2022.02.21-20.02.02:638][518]LogAudio: Display: Audio Device (ID: 1) registered with world 'Networking_GameTestMap'.
[2022.02.21-20.02.02:643][518]LogWorld: Bringing World /Game/LobbySystem/Levels/Networking_GameTestMap.Networking_GameTestMap up for play (max tick rate 0) at 2022.02.21-15.02.02
[2022.02.21-20.02.02:643][518]LogWorld: Bringing up level for play took: 0.002217
[2022.02.21-20.02.02:645][518]LogLoad: Took 0.113246 seconds to LoadMap(/Game/LobbySystem/Levels/Networking_GameTestMap)
[2022.02.21-20.02.02:646][518]LogNavigation: Warning: NavData RegistrationFailed_DataPendingKill.
[2022.02.21-20.02.02:748][540]LogOnlineSession: Warning: OSS: No game present to join for session (GameSession)
[2022.02.21-20.02.02:750][540]LogViewport: Display: Viewport MouseLockMode Changed, DoNotLock -> LockOnCapture
[2022.02.21-20.02.02:750][540]LogViewport: Display: Viewport MouseCaptureMode Changed, NoCapture -> CapturePermanently
[2022.02.21-20.02.03:207][666]LogOnlineSession: Warning: OSS: No game present to join for session (GameSession)
[2022.02.21-20.02.03:208][666]LogOnlineSession: Warning: OSS: No game present to join for session (GameSession)
[2022.02.21-20.02.03:521][756]LogOnlineSession: Warning: OSS: No game present to join for session (GameSession)
[2022.02.21-20.02.07:455][388]LogOnlineSession: Warning: OSS: No game present to join for session (GameSession)
[2022.02.21-20.02.55:255][728]LogOnlineSession: Warning: OSS: No game present to join for session (GameSession)
[2022.02.21-20.02.55:831][753]LogOnlineSession: Warning: OSS: No game present to join for session (GameSession)
[2022.02.21-20.03.07:676][174]LogCore: Engine exit requested (reason: ConsoleCtrl RequestExit)
[2022.02.21-20.03.07:677][174]LogCore: Engine exit requested (reason: EngineExit() was called; note: exit was already requested)
