Log file open, 02/21/22 13:27:00
LogWindows: Failed to load 'aqProf.dll' (GetLastError=126)
LogWindows: File 'aqProf.dll' does not exist
LogWindows: Failed to load 'VtuneApi.dll' (GetLastError=126)
LogWindows: File 'VtuneApi.dll' does not exist
LogWindows: Failed to load 'VtuneApi32e.dll' (GetLastError=126)
LogWindows: File 'VtuneApi32e.dll' does not exist
LogConsoleResponse: Display: Failed to find resolution value strings in scalability ini. Falling back to default.
LogConsoleResponse: Display: Failed to find resolution value strings in scalability ini. Falling back to default.
LogInit: Display: Running engine for game: GAME259_A_URE
LogPlatformFile: Not using cached read wrapper
LogTaskGraph: Started task graph with 5 named threads and 35 total threads with 3 sets of task threads.
LogStats: Stats thread started at 0.205063
LogICUInternationalization: ICU TimeZone Detection - Raw Offset: -5:00, Platform Override: ''
LogInit: Display: Loading text-based GConfig....
LogPluginManager: Mounting plugin MeshPainting
LogPluginManager: Mounting plugin MegascansPlugin
LogPluginManager: Mounting plugin XGEController
LogPluginManager: Mounting plugin Paper2D
LogPluginManager: Mounting plugin LiveLink
LogPluginManager: Mounting plugin AISupport
LogPluginManager: Mounting plugin EnvironmentQueryEditor
LogPluginManager: Mounting plugin LightPropagationVolume
LogPluginManager: Mounting plugin CameraShakePreviewer
LogPluginManager: Mounting plugin GameplayCameras
LogPluginManager: Mounting plugin OodleNetwork
LogPluginManager: Mounting plugin OodleData
LogPluginManager: Mounting plugin AssetManagerEditor
LogPluginManager: Mounting plugin AnimationSharing
LogPluginManager: Mounting plugin CLionSourceCodeAccess
LogPluginManager: Mounting plugin CodeLiteSourceCodeAccess
LogPluginManager: Mounting plugin GitSourceControl
LogPluginManager: Mounting plugin KDevelopSourceCodeAccess
LogPluginManager: Mounting plugin NullSourceCodeAccess
LogPluginManager: Mounting plugin PerforceSourceControl
LogPluginManager: Mounting plugin PlasticSourceControl
LogPluginManager: Mounting plugin PixWinPlugin
LogPluginManager: Mounting plugin PluginUtils
LogPluginManager: Mounting plugin DatasmithContent
LogPluginManager: Mounting plugin PropertyAccessNode
LogPluginManager: Mounting plugin RiderLink
LogPluginManager: Mounting plugin RiderSourceCodeAccess
LogPluginManager: Mounting plugin CryptoKeys
LogPluginManager: Mounting plugin SubversionSourceControl
LogPluginManager: Mounting plugin CurveEditorTools
LogPluginManager: Mounting plugin TextureFormatOodle
LogPluginManager: Mounting plugin DataValidation
LogPluginManager: Mounting plugin EditorScriptingUtilities
LogPluginManager: Mounting plugin UObjectPlugin
LogPluginManager: Mounting plugin VisualStudioCodeSourceCodeAccess
LogPluginManager: Mounting plugin VisualStudioSourceCodeAccess
LogPluginManager: Mounting plugin XCodeSourceCodeAccess
LogPluginManager: Mounting plugin FacialAnimation
LogPluginManager: Mounting plugin GeometryMode
LogPluginManager: Mounting plugin GameplayTagsEditor
LogPluginManager: Mounting plugin VariantManagerContent
LogPluginManager: Mounting plugin MacGraphicsSwitching
LogPluginManager: Mounting plugin MaterialAnalyzer
LogPluginManager: Mounting plugin MobileLauncherProfileWizard
LogPluginManager: Mounting plugin AlembicImporter
LogPluginManager: Mounting plugin PluginBrowser
LogPluginManager: Mounting plugin SpeedTreeImporter
LogPluginManager: Mounting plugin AutomationUtils
LogPluginManager: Mounting plugin BackChannel
LogPluginManager: Mounting plugin ChaosCloth
LogPluginManager: Mounting plugin ChaosClothEditor
LogPluginManager: Mounting plugin ChaosEditor
LogPluginManager: Mounting plugin ChaosNiagara
LogPluginManager: Mounting plugin ChaosSolverPlugin
LogPluginManager: Mounting plugin CharacterAI
LogPluginManager: Mounting plugin LuminPlatformFeatures
LogPluginManager: Mounting plugin MagicLeap
LogPluginManager: Mounting plugin GeometryCache
LogPluginManager: Mounting plugin GeometryCollectionPlugin
LogPluginManager: Mounting plugin MagicLeapLightEstimation
LogPluginManager: Mounting plugin MagicLeapMedia
LogPluginManager: Mounting plugin MagicLeapPassableWorld
LogPluginManager: Mounting plugin GeometryProcessing
LogPluginManager: Mounting plugin MLSDK
LogPluginManager: Mounting plugin Niagara
LogPluginManager: Mounting plugin MotoSynth
LogPluginManager: Mounting plugin OpenImageDenoise
LogPluginManager: Mounting plugin PlanarCut
LogPluginManager: Mounting plugin PlatformCrypto
LogPluginManager: Mounting plugin ProxyLODPlugin
LogPluginManager: Mounting plugin PythonScriptPlugin
LogPluginManager: Mounting plugin SkeletalReduction
LogPluginManager: Mounting plugin AndroidMedia
LogPluginManager: Mounting plugin AvfMedia
LogPluginManager: Mounting plugin ImgMedia
LogPluginManager: Mounting plugin MediaCompositing
LogPluginManager: Mounting plugin MediaPlayerEditor
LogPluginManager: Mounting plugin WmfMedia
LogPluginManager: Mounting plugin WebMMedia
LogPluginManager: Mounting plugin TcpMessaging
LogPluginManager: Mounting plugin UdpMessaging
LogPluginManager: Mounting plugin ActorSequence
LogPluginManager: Mounting plugin EOSShared
LogPluginManager: Mounting plugin MatineeToLevelSequence
LogPluginManager: Mounting plugin LevelSequenceEditor
LogPluginManager: Mounting plugin TemplateSequence
LogPluginManager: Mounting plugin OnlineSubsystem
LogPluginManager: Mounting plugin OnlineSubsystemNull
LogPluginManager: Mounting plugin OnlineSubsystemSteam
LogPluginManager: Mounting plugin OnlineSubsystemUtils
LogPluginManager: Mounting plugin ActorLayerUtilities
LogPluginManager: Mounting plugin AndroidDeviceProfileSelector
LogPluginManager: Mounting plugin AndroidMoviePlayer
LogPluginManager: Mounting plugin AndroidPermission
LogPluginManager: Mounting plugin AppleImageUtils
LogPluginManager: Mounting plugin AppleMoviePlayer
LogPluginManager: Mounting plugin ArchVisCharacter
LogPluginManager: Mounting plugin AssetTags
LogPluginManager: Mounting plugin AudioCapture
LogPluginManager: Mounting plugin AudioSynesthesia
LogPluginManager: Mounting plugin CableComponent
LogPluginManager: Mounting plugin ChunkDownloader
LogPluginManager: Mounting plugin CustomMeshComponent
LogPluginManager: Mounting plugin EditableMesh
LogPluginManager: Mounting plugin ExampleDeviceProfileSelector
LogPluginManager: Mounting plugin GoogleCloudMessaging
LogPluginManager: Mounting plugin GooglePAD
LogPluginManager: Mounting plugin IOSDeviceProfileSelector
LogPluginManager: Mounting plugin LinuxDeviceProfileSelector
LogPluginManager: Mounting plugin LocationServicesBPLibrary
LogPluginManager: Mounting plugin MobilePatchingUtils
LogPluginManager: Mounting plugin OpenXR
LogPluginManager: Mounting plugin OpenXREyeTracker
LogPluginManager: Mounting plugin OpenXRHandTracking
LogPluginManager: Mounting plugin PhysXVehicles
LogPluginManager: Mounting plugin PostSplashScreen
LogPluginManager: Mounting plugin ProceduralMeshComponent
LogPluginManager: Mounting plugin PropertyAccessEditor
LogPluginManager: Mounting plugin RuntimePhysXCooking
LogPluginManager: Mounting plugin SignificanceManager
LogPluginManager: Mounting plugin SoundFields
LogPluginManager: Mounting plugin Synthesis
LogPluginManager: Mounting plugin WebMMoviePlayer
LogPluginManager: Mounting plugin LauncherChunkInstaller
LogPluginManager: Mounting plugin WindowsMoviePlayer
LogPluginManager: Mounting plugin ScreenshotTools
LogPluginManager: Mounting plugin Takes
LogPluginManager: Mounting plugin ContentBrowserAssetDataSource
LogPluginManager: Mounting plugin ContentBrowserClassDataSource
LogPluginManager: Mounting plugin ContentBrowserFileDataSource
LogPluginManager: Mounting plugin OnlineSubsystemGooglePlay
LogPluginManager: Mounting plugin OnlineSubsystemIOS
LogPluginManager: Mounting plugin EOSVoiceChat
LogPluginManager: Mounting plugin DatabaseSupport
LogPluginManager: Mounting plugin SQLiteSupport
LogPluginManager: Mounting plugin SQLiteCore
LogPluginManager: Mounting plugin OculusVR
LogPluginManager: Mounting plugin SteamShared
PixWinPlugin: PIX capture plugin failed to initialize! Check that the process is launched from PIX.
LogInit: Using libcurl 7.55.1-DEV
LogInit:  - built for x86_64-pc-win32
LogInit:  - supports SSL with OpenSSL/1.1.1
LogInit:  - supports HTTP deflate (compression) using libz 1.2.8
LogInit:  - other features:
LogInit:      CURL_VERSION_SSL
LogInit:      CURL_VERSION_LIBZ
LogInit:      CURL_VERSION_IPV6
LogInit:      CURL_VERSION_ASYNCHDNS
LogInit:      CURL_VERSION_LARGEFILE
LogInit:      CURL_VERSION_IDN
LogInit:  CurlRequestOptions (configurable via config and command line):
LogInit:  - bVerifyPeer = true  - Libcurl will verify peer certificate
LogInit:  - bUseHttpProxy = false  - Libcurl will NOT use HTTP proxy
LogInit:  - bDontReuseConnections = false  - Libcurl will reuse connections
LogInit:  - MaxHostConnections = 16  - Libcurl will limit the number of connections to a host
LogInit:  - LocalHostAddr = Default
LogInit:  - BufferSize = 65536
LogOnline: OSS: Creating online subsystem instance for: NULL
LogInit: WinSock: version 1.1 (2.2), MaxSocks=32767, MaxUdp=65467
LogOnline: OSS: TryLoadSubsystemAndSetDefault: Loaded subsystem for module [NULL]
LogOculusPluginWrapper: OculusPlugin initialized successfully
LogHMD: Failed initializing OVRPlugin 1.59.0
LogInit: Build: ++UE4+Release-4.27-CL-18319896
LogInit: Engine Version: 4.27.2-18319896+++UE4+Release-4.27
LogInit: Compatible Engine Version: 4.27.0-17155196+++UE4+Release-4.27
LogInit: Net CL: 17155196
LogInit: OS: Windows 10 (Release 2009) (), CPU: Intel(R) Core(TM) i7-8700 CPU @ 3.20GHz, GPU: NVIDIA GeForce GTX 1070
LogInit: Compiled (64-bit): Nov 30 2021 07:12:08
LogInit: Compiled with Visual C++: 19.24.28315.00
LogInit: Build Configuration: Development
LogInit: Branch Name: ++UE4+Release-4.27
LogInit: Command Line: -ResX=800 -ResY=900 -WinX=0 -WinY=20 -log -game
LogInit: Base Directory: D:/UE_4.27/Engine/Binaries/Win64/
LogInit: Allocator: TBB
LogInit: Installed Engine Build: 1
LogDevObjectVersion: Number of dev versions registered: 29
LogDevObjectVersion:   Dev-Blueprints (B0D832E4-1F89-4F0D-ACCF-7EB736FD4AA2): 10
LogDevObjectVersion:   Dev-Build (E1C64328-A22C-4D53-A36C-8E866417BD8C): 0
LogDevObjectVersion:   Dev-Core (375EC13C-06E4-48FB-B500-84F0262A717E): 4
LogDevObjectVersion:   Dev-Editor (E4B068ED-F494-42E9-A231-DA0B2E46BB41): 40
LogDevObjectVersion:   Dev-Framework (CFFC743F-43B0-4480-9391-14DF171D2073): 37
LogDevObjectVersion:   Dev-Mobile (B02B49B5-BB20-44E9-A304-32B752E40360): 3
LogDevObjectVersion:   Dev-Networking (A4E4105C-59A1-49B5-A7C5-40C4547EDFEE): 0
LogDevObjectVersion:   Dev-Online (39C831C9-5AE6-47DC-9A44-9C173E1C8E7C): 0
LogDevObjectVersion:   Dev-Physics (78F01B33-EBEA-4F98-B9B4-84EACCB95AA2): 14
LogDevObjectVersion:   Dev-Platform (6631380F-2D4D-43E0-8009-CF276956A95A): 0
LogDevObjectVersion:   Dev-Rendering (12F88B9F-8875-4AFC-A67C-D90C383ABD29): 45
LogDevObjectVersion:   Dev-Sequencer (7B5AE74C-D270-4C10-A958-57980B212A5A): 13
LogDevObjectVersion:   Dev-VR (D7296918-1DD6-4BDD-9DE2-64A83CC13884): 3
LogDevObjectVersion:   Dev-LoadTimes (C2A15278-BFE7-4AFE-6C17-90FF531DF755): 1
LogDevObjectVersion:   Private-Geometry (6EACA3D4-40EC-4CC1-B786-8BED09428FC5): 3
LogDevObjectVersion:   Dev-AnimPhys (29E575DD-E0A3-4627-9D10-D276232CDCEA): 17
LogDevObjectVersion:   Dev-Anim (AF43A65D-7FD3-4947-9873-3E8ED9C1BB05): 15
LogDevObjectVersion:   Dev-ReflectionCapture (6B266CEC-1EC7-4B8F-A30B-E4D90942FC07): 1
LogDevObjectVersion:   Dev-Automation (0DF73D61-A23F-47EA-B727-89E90C41499A): 1
LogDevObjectVersion:   FortniteMain (601D1886-AC64-4F84-AA16-D3DE0DEAC7D6): 47
LogDevObjectVersion:   FortniteRelease (E7086368-6B23-4C58-8439-1B7016265E91): 1
LogDevObjectVersion:   Dev-Enterprise (9DFFBCD6-494F-0158-E221-12823C92A888): 10
LogDevObjectVersion:   Dev-Niagara (F2AED0AC-9AFE-416F-8664-AA7FFA26D6FC): 1
LogDevObjectVersion:   Dev-Destruction (174F1F0B-B4C6-45A5-B13F-2EE8D0FB917D): 10
LogDevObjectVersion:   Dev-Physics-Ext (35F94A83-E258-406C-A318-09F59610247C): 41
LogDevObjectVersion:   Dev-PhysicsMaterial-Chaos (B68FC16E-8B1B-42E2-B453-215C058844FE): 1
LogDevObjectVersion:   Dev-CineCamera (B2E18506-4273-CFC2-A54E-F4BB758BBA07): 1
LogDevObjectVersion:   Dev-VirtualProduction (64F58936-FD1B-42BA-BA96-7289D5D0FA4E): 1
LogDevObjectVersion:   Dev-MediaFramework (6F0ED827-A609-4895-9C91-998D90180EA4): 2
LogInit: Presizing for max 25165824 objects, including 0 objects not considered by GC, pre-allocating 0 bytes for permanent pool.
LogConfig: Applying CVar settings from Section [/Script/Engine.StreamingSettings] File [D:/GitHub/GAME259-2022-A/GAME259_A_URE/Saved/Config/Windows/Engine.ini]
LogConfig: Setting CVar [[s.MinBulkDataSizeForAsyncLoading:131072]]
LogConfig: Setting CVar [[s.AsyncLoadingThreadEnabled:0]]
LogConfig: Setting CVar [[s.EventDrivenLoaderEnabled:1]]
LogConfig: Setting CVar [[s.WarnIfTimeLimitExceeded:0]]
LogConfig: Setting CVar [[s.TimeLimitExceededMultiplier:1.5]]
LogConfig: Setting CVar [[s.TimeLimitExceededMinTime:0.005]]
LogConfig: Setting CVar [[s.UseBackgroundLevelStreaming:1]]
LogConfig: Setting CVar [[s.PriorityAsyncLoadingExtraTime:15.0]]
LogConfig: Setting CVar [[s.LevelStreamingActorsUpdateTimeLimit:5.0]]
LogConfig: Setting CVar [[s.PriorityLevelStreamingActorsUpdateExtraTime:5.0]]
LogConfig: Setting CVar [[s.LevelStreamingComponentsRegistrationGranularity:10]]
LogConfig: Setting CVar [[s.UnregisterComponentsTimeLimit:1.0]]
LogConfig: Setting CVar [[s.LevelStreamingComponentsUnregistrationGranularity:5]]
LogConfig: Setting CVar [[s.FlushStreamingOnExit:1]]
LogInit: Object subsystem initialized
LogConfig: Setting CVar [[con.DebugEarlyDefault:1]]
LogConfig: Setting CVar [[r.setres:1280x720]]
[2022.02.21-18.27.01:498][  0]LogConfig: Setting CVar [[con.DebugEarlyDefault:1]]
[2022.02.21-18.27.01:498][  0]LogConfig: Setting CVar [[r.setres:1280x720]]
[2022.02.21-18.27.01:499][  0]LogConfig: Applying CVar settings from Section [/Script/Engine.RendererSettings] File [D:/GitHub/GAME259-2022-A/GAME259_A_URE/Saved/Config/Windows/Engine.ini]
[2022.02.21-18.27.01:499][  0]LogConfig: Setting CVar [[r.GPUCrashDebugging:0]]
[2022.02.21-18.27.01:499][  0]LogConfig: Applying CVar settings from Section [/Script/Engine.RendererOverrideSettings] File [D:/GitHub/GAME259-2022-A/GAME259_A_URE/Saved/Config/Windows/Engine.ini]
[2022.02.21-18.27.01:500][  0]LogConfig: Applying CVar settings from Section [/Script/Engine.StreamingSettings] File [D:/GitHub/GAME259-2022-A/GAME259_A_URE/Saved/Config/Windows/Engine.ini]
[2022.02.21-18.27.01:500][  0]LogConfig: Setting CVar [[s.MinBulkDataSizeForAsyncLoading:131072]]
[2022.02.21-18.27.01:500][  0]LogConfig: Setting CVar [[s.AsyncLoadingThreadEnabled:0]]
[2022.02.21-18.27.01:501][  0]LogConfig: Setting CVar [[s.EventDrivenLoaderEnabled:1]]
[2022.02.21-18.27.01:501][  0]LogConfig: Setting CVar [[s.WarnIfTimeLimitExceeded:0]]
[2022.02.21-18.27.01:501][  0]LogConfig: Setting CVar [[s.TimeLimitExceededMultiplier:1.5]]
[2022.02.21-18.27.01:502][  0]LogConfig: Setting CVar [[s.TimeLimitExceededMinTime:0.005]]
[2022.02.21-18.27.01:502][  0]LogConfig: Setting CVar [[s.UseBackgroundLevelStreaming:1]]
[2022.02.21-18.27.01:502][  0]LogConfig: Setting CVar [[s.PriorityAsyncLoadingExtraTime:15.0]]
[2022.02.21-18.27.01:503][  0]LogConfig: Setting CVar [[s.LevelStreamingActorsUpdateTimeLimit:5.0]]
[2022.02.21-18.27.01:505][  0]LogConfig: Setting CVar [[s.PriorityLevelStreamingActorsUpdateExtraTime:5.0]]
[2022.02.21-18.27.01:506][  0]LogConfig: Setting CVar [[s.LevelStreamingComponentsRegistrationGranularity:10]]
[2022.02.21-18.27.01:506][  0]LogConfig: Setting CVar [[s.UnregisterComponentsTimeLimit:1.0]]
[2022.02.21-18.27.01:506][  0]LogConfig: Setting CVar [[s.LevelStreamingComponentsUnregistrationGranularity:5]]
[2022.02.21-18.27.01:507][  0]LogConfig: Setting CVar [[s.FlushStreamingOnExit:1]]
[2022.02.21-18.27.01:507][  0]LogConfig: Applying CVar settings from Section [/Script/Engine.GarbageCollectionSettings] File [D:/GitHub/GAME259-2022-A/GAME259_A_URE/Saved/Config/Windows/Engine.ini]
[2022.02.21-18.27.01:507][  0]LogConfig: Setting CVar [[gc.MaxObjectsNotConsideredByGC:1]]
[2022.02.21-18.27.01:508][  0]LogConfig: Setting CVar [[gc.SizeOfPermanentObjectPool:0]]
[2022.02.21-18.27.01:508][  0]LogConfig: Setting CVar [[gc.FlushStreamingOnGC:0]]
[2022.02.21-18.27.01:508][  0]LogConfig: Setting CVar [[gc.NumRetriesBeforeForcingGC:10]]
[2022.02.21-18.27.01:508][  0]LogConfig: Setting CVar [[gc.AllowParallelGC:1]]
[2022.02.21-18.27.01:509][  0]LogConfig: Setting CVar [[gc.TimeBetweenPurgingPendingKillObjects:61.1]]
[2022.02.21-18.27.01:509][  0]LogConfig: Setting CVar [[gc.MaxObjectsInEditor:25165824]]
[2022.02.21-18.27.01:509][  0]LogConfig: Setting CVar [[gc.IncrementalBeginDestroyEnabled:1]]
[2022.02.21-18.27.01:510][  0]LogConfig: Setting CVar [[gc.CreateGCClusters:1]]
[2022.02.21-18.27.01:510][  0]LogConfig: Setting CVar [[gc.MinGCClusterSize:5]]
[2022.02.21-18.27.01:510][  0]LogConfig: Setting CVar [[gc.ActorClusteringEnabled:0]]
[2022.02.21-18.27.01:510][  0]LogConfig: Setting CVar [[gc.BlueprintClusteringEnabled:0]]
[2022.02.21-18.27.01:511][  0]LogConfig: Setting CVar [[gc.UseDisregardForGCOnDedicatedServers:0]]
[2022.02.21-18.27.01:511][  0]LogConfig: Setting CVar [[gc.MultithreadedDestructionEnabled:1]]
[2022.02.21-18.27.01:511][  0]LogConfig: Applying CVar settings from Section [/Script/Engine.NetworkSettings] File [D:/GitHub/GAME259-2022-A/GAME259_A_URE/Saved/Config/Windows/Engine.ini]
[2022.02.21-18.27.01:512][  0]LogConfig: Applying CVar settings from Section [/Script/UnrealEd.CookerSettings] File [D:/GitHub/GAME259-2022-A/GAME259_A_URE/Saved/Config/Windows/Engine.ini]
[2022.02.21-18.27.01:537][  0]LogConfig: Applying CVar settings from Section [ViewDistanceQuality@3] File [D:/GitHub/GAME259-2022-A/GAME259_A_URE/Saved/Config/Windows/Scalability.ini]
[2022.02.21-18.27.01:537][  0]LogConfig: Setting CVar [[r.SkeletalMeshLODBias:0]]
[2022.02.21-18.27.01:538][  0]LogConfig: Setting CVar [[r.ViewDistanceScale:1.0]]
[2022.02.21-18.27.01:539][  0]LogConfig: Applying CVar settings from Section [AntiAliasingQuality@3] File [D:/GitHub/GAME259-2022-A/GAME259_A_URE/Saved/Config/Windows/Scalability.ini]
[2022.02.21-18.27.01:539][  0]LogConfig: Setting CVar [[r.PostProcessAAQuality:4]]
[2022.02.21-18.27.01:539][  0]LogConfig: Applying CVar settings from Section [ShadowQuality@3] File [D:/GitHub/GAME259-2022-A/GAME259_A_URE/Saved/Config/Windows/Scalability.ini]
[2022.02.21-18.27.01:540][  0]LogConfig: Setting CVar [[r.LightFunctionQuality:1]]
[2022.02.21-18.27.01:540][  0]LogConfig: Setting CVar [[r.ShadowQuality:5]]
[2022.02.21-18.27.01:540][  0]LogConfig: Setting CVar [[r.Shadow.CSM.MaxCascades:10]]
[2022.02.21-18.27.01:540][  0]LogConfig: Setting CVar [[r.Shadow.MaxResolution:2048]]
[2022.02.21-18.27.01:541][  0]LogConfig: Setting CVar [[r.Shadow.MaxCSMResolution:2048]]
[2022.02.21-18.27.01:541][  0]LogConfig: Setting CVar [[r.Shadow.RadiusThreshold:0.01]]
[2022.02.21-18.27.01:541][  0]LogConfig: Setting CVar [[r.Shadow.DistanceScale:1.0]]
[2022.02.21-18.27.01:542][  0]LogConfig: Setting CVar [[r.Shadow.CSM.TransitionScale:1.0]]
[2022.02.21-18.27.01:542][  0]LogConfig: Setting CVar [[r.Shadow.PreShadowResolutionFactor:1.0]]
[2022.02.21-18.27.01:542][  0]LogConfig: Setting CVar [[r.DistanceFieldShadowing:1]]
[2022.02.21-18.27.01:543][  0]LogConfig: Setting CVar [[r.DistanceFieldAO:1]]
[2022.02.21-18.27.01:543][  0]LogConfig: Setting CVar [[r.AOQuality:2]]
[2022.02.21-18.27.01:543][  0]LogConfig: Setting CVar [[r.VolumetricFog:1]]
[2022.02.21-18.27.01:544][  0]LogConfig: Setting CVar [[r.VolumetricFog.GridPixelSize:8]]
[2022.02.21-18.27.01:544][  0]LogConfig: Setting CVar [[r.VolumetricFog.GridSizeZ:128]]
[2022.02.21-18.27.01:544][  0]LogConfig: Setting CVar [[r.VolumetricFog.HistoryMissSupersampleCount:4]]
[2022.02.21-18.27.01:545][  0]LogConfig: Setting CVar [[r.LightMaxDrawDistanceScale:1]]
[2022.02.21-18.27.01:545][  0]LogConfig: Setting CVar [[r.CapsuleShadows:1]]
[2022.02.21-18.27.01:545][  0]LogConfig: Applying CVar settings from Section [PostProcessQuality@3] File [D:/GitHub/GAME259-2022-A/GAME259_A_URE/Saved/Config/Windows/Scalability.ini]
[2022.02.21-18.27.01:545][  0]LogConfig: Setting CVar [[r.MotionBlurQuality:4]]
[2022.02.21-18.27.01:546][  0]LogConfig: Setting CVar [[r.AmbientOcclusionMipLevelFactor:0.4]]
[2022.02.21-18.27.01:546][  0]LogConfig: Setting CVar [[r.AmbientOcclusionMaxQuality:100]]
[2022.02.21-18.27.01:546][  0]LogConfig: Setting CVar [[r.AmbientOcclusionLevels:-1]]
[2022.02.21-18.27.01:547][  0]LogConfig: Setting CVar [[r.AmbientOcclusionRadiusScale:1.0]]
[2022.02.21-18.27.01:551][  0]LogConfig: Setting CVar [[r.DepthOfFieldQuality:2]]
[2022.02.21-18.27.01:551][  0]LogConfig: Setting CVar [[r.RenderTargetPoolMin:400]]
[2022.02.21-18.27.01:552][  0]LogConfig: Setting CVar [[r.LensFlareQuality:2]]
[2022.02.21-18.27.01:552][  0]LogConfig: Setting CVar [[r.SceneColorFringeQuality:1]]
[2022.02.21-18.27.01:552][  0]LogConfig: Setting CVar [[r.EyeAdaptationQuality:2]]
[2022.02.21-18.27.01:553][  0]LogConfig: Setting CVar [[r.BloomQuality:5]]
[2022.02.21-18.27.01:553][  0]LogConfig: Setting CVar [[r.FastBlurThreshold:100]]
[2022.02.21-18.27.01:553][  0]LogConfig: Setting CVar [[r.Upscale.Quality:3]]
[2022.02.21-18.27.01:554][  0]LogConfig: Setting CVar [[r.Tonemapper.GrainQuantization:1]]
[2022.02.21-18.27.01:554][  0]LogConfig: Setting CVar [[r.LightShaftQuality:1]]
[2022.02.21-18.27.01:554][  0]LogConfig: Setting CVar [[r.Filter.SizeScale:1]]
[2022.02.21-18.27.01:555][  0]LogConfig: Setting CVar [[r.Tonemapper.Quality:5]]
[2022.02.21-18.27.01:555][  0]LogConfig: Setting CVar [[r.DOF.Gather.AccumulatorQuality:1        ; higher gathering accumulator quality]]
[2022.02.21-18.27.01:555][  0]LogConfig: Setting CVar [[r.DOF.Gather.PostfilterMethod:1          ; Median3x3 postfilering method]]
[2022.02.21-18.27.01:556][  0]LogConfig: Setting CVar [[r.DOF.Gather.EnableBokehSettings:0       ; no bokeh simulation when gathering]]
[2022.02.21-18.27.01:556][  0]LogConfig: Setting CVar [[r.DOF.Gather.RingCount:4                 ; medium number of samples when gathering]]
[2022.02.21-18.27.01:556][  0]LogConfig: Setting CVar [[r.DOF.Scatter.ForegroundCompositing:1    ; additive foreground scattering]]
[2022.02.21-18.27.01:557][  0]LogConfig: Setting CVar [[r.DOF.Scatter.BackgroundCompositing:2    ; additive background scattering]]
[2022.02.21-18.27.01:557][  0]LogConfig: Setting CVar [[r.DOF.Scatter.EnableBokehSettings:1      ; bokeh simulation when scattering]]
[2022.02.21-18.27.01:557][  0]LogConfig: Setting CVar [[r.DOF.Scatter.MaxSpriteRatio:0.1         ; only a maximum of 10% of scattered bokeh]]
[2022.02.21-18.27.01:559][  0]LogConfig: Setting CVar [[r.DOF.Recombine.Quality:1                ; cheap slight out of focus]]
[2022.02.21-18.27.01:559][  0]LogConfig: Setting CVar [[r.DOF.Recombine.EnableBokehSettings:0    ; no bokeh simulation on slight out of focus]]
[2022.02.21-18.27.01:559][  0]LogConfig: Setting CVar [[r.DOF.TemporalAAQuality:1                ; more stable temporal accumulation]]
[2022.02.21-18.27.01:559][  0]LogConfig: Setting CVar [[r.DOF.Kernel.MaxForegroundRadius:0.025]]
[2022.02.21-18.27.01:560][  0]LogConfig: Setting CVar [[r.DOF.Kernel.MaxBackgroundRadius:0.025]]
[2022.02.21-18.27.01:563][  0]LogConfig: Applying CVar settings from Section [TextureQuality@3] File [D:/GitHub/GAME259-2022-A/GAME259_A_URE/Saved/Config/Windows/Scalability.ini]
[2022.02.21-18.27.01:563][  0]LogConfig: Setting CVar [[r.Streaming.MipBias:0]]
[2022.02.21-18.27.01:564][  0]LogConfig: Setting CVar [[r.Streaming.AmortizeCPUToGPUCopy:0]]
[2022.02.21-18.27.01:564][  0]LogConfig: Setting CVar [[r.Streaming.MaxNumTexturesToStreamPerFrame:0]]
[2022.02.21-18.27.01:564][  0]LogConfig: Setting CVar [[r.Streaming.Boost:1]]
[2022.02.21-18.27.01:565][  0]LogConfig: Setting CVar [[r.MaxAnisotropy:8]]
[2022.02.21-18.27.01:566][  0]LogConfig: Setting CVar [[r.VT.MaxAnisotropy:8]]
[2022.02.21-18.27.01:566][  0]LogConfig: Setting CVar [[r.Streaming.LimitPoolSizeToVRAM:0]]
[2022.02.21-18.27.01:567][  0]LogConfig: Setting CVar [[r.Streaming.PoolSize:1000]]
[2022.02.21-18.27.01:567][  0]LogConfig: Setting CVar [[r.Streaming.MaxEffectiveScreenSize:0]]
[2022.02.21-18.27.01:568][  0]LogConfig: Applying CVar settings from Section [EffectsQuality@3] File [D:/GitHub/GAME259-2022-A/GAME259_A_URE/Saved/Config/Windows/Scalability.ini]
[2022.02.21-18.27.01:568][  0]LogConfig: Setting CVar [[r.TranslucencyLightingVolumeDim:64]]
[2022.02.21-18.27.01:568][  0]LogConfig: Setting CVar [[r.RefractionQuality:2]]
[2022.02.21-18.27.01:569][  0]LogConfig: Setting CVar [[r.SSR.Quality:3]]
[2022.02.21-18.27.01:569][  0]LogConfig: Setting CVar [[r.SSR.HalfResSceneColor:0]]
[2022.02.21-18.27.01:570][  0]LogConfig: Setting CVar [[r.SceneColorFormat:4]]
[2022.02.21-18.27.01:570][  0]LogConfig: Setting CVar [[r.DetailMode:2]]
[2022.02.21-18.27.01:570][  0]LogConfig: Setting CVar [[r.TranslucencyVolumeBlur:1]]
[2022.02.21-18.27.01:571][  0]LogConfig: Setting CVar [[r.MaterialQualityLevel:1 ; High quality]]
[2022.02.21-18.27.01:571][  0]LogConfig: Setting CVar [[r.AnisotropicMaterials:1]]
[2022.02.21-18.27.01:572][  0]LogConfig: Setting CVar [[r.SSS.Scale:1]]
[2022.02.21-18.27.01:575][  0]LogConfig: Setting CVar [[r.SSS.SampleSet:2]]
[2022.02.21-18.27.01:576][  0]LogConfig: Setting CVar [[r.SSS.Quality:1]]
[2022.02.21-18.27.01:576][  0]LogConfig: Setting CVar [[r.SSS.HalfRes:0]]
[2022.02.21-18.27.01:576][  0]LogConfig: Setting CVar [[r.SSGI.Quality:3]]
[2022.02.21-18.27.01:577][  0]LogConfig: Setting CVar [[r.EmitterSpawnRateScale:1.0]]
[2022.02.21-18.27.01:577][  0]LogConfig: Setting CVar [[r.ParticleLightQuality:2]]
[2022.02.21-18.27.01:577][  0]LogConfig: Setting CVar [[r.SkyAtmosphere.AerialPerspectiveLUT.FastApplyOnOpaque:1 ; Always have FastSkyLUT 1 in this case to avoid wrong sky]]
[2022.02.21-18.27.01:578][  0]LogConfig: Setting CVar [[r.SkyAtmosphere.AerialPerspectiveLUT.SampleCountMaxPerSlice:4]]
[2022.02.21-18.27.01:578][  0]LogConfig: Setting CVar [[r.SkyAtmosphere.AerialPerspectiveLUT.DepthResolution:16.0]]
[2022.02.21-18.27.01:578][  0]LogConfig: Setting CVar [[r.SkyAtmosphere.FastSkyLUT:1]]
[2022.02.21-18.27.01:579][  0]LogConfig: Setting CVar [[r.SkyAtmosphere.FastSkyLUT.SampleCountMin:4.0]]
[2022.02.21-18.27.01:579][  0]LogConfig: Setting CVar [[r.SkyAtmosphere.FastSkyLUT.SampleCountMax:128.0]]
[2022.02.21-18.27.01:579][  0]LogConfig: Setting CVar [[r.SkyAtmosphere.SampleCountMin:4.0]]
[2022.02.21-18.27.01:579][  0]LogConfig: Setting CVar [[r.SkyAtmosphere.SampleCountMax:128.0]]
[2022.02.21-18.27.01:580][  0]LogConfig: Setting CVar [[r.SkyAtmosphere.TransmittanceLUT.UseSmallFormat:0]]
[2022.02.21-18.27.01:581][  0]LogConfig: Setting CVar [[r.SkyAtmosphere.TransmittanceLUT.SampleCount:10.0]]
[2022.02.21-18.27.01:581][  0]LogConfig: Setting CVar [[r.SkyAtmosphere.MultiScatteringLUT.SampleCount:15.0]]
[2022.02.21-18.27.01:581][  0]LogConfig: Setting CVar [[r.SkyLight.RealTimeReflectionCapture:1]]
[2022.02.21-18.27.01:582][  0]LogConfig: Applying CVar settings from Section [FoliageQuality@3] File [D:/GitHub/GAME259-2022-A/GAME259_A_URE/Saved/Config/Windows/Scalability.ini]
[2022.02.21-18.27.01:582][  0]LogConfig: Setting CVar [[foliage.DensityScale:1.0]]
[2022.02.21-18.27.01:583][  0]LogConfig: Setting CVar [[grass.DensityScale:1.0]]
[2022.02.21-18.27.01:583][  0]LogConfig: Applying CVar settings from Section [ShadingQuality@3] File [D:/GitHub/GAME259-2022-A/GAME259_A_URE/Saved/Config/Windows/Scalability.ini]
[2022.02.21-18.27.01:583][  0]LogConfig: Setting CVar [[r.HairStrands.SkyLighting.IntegrationType:2]]
[2022.02.21-18.27.01:584][  0]LogConfig: Setting CVar [[r.HairStrands.SkyAO.SampleCount:4]]
[2022.02.21-18.27.01:587][  0]LogConfig: Setting CVar [[r.HairStrands.Visibility.MSAA.SamplePerPixel:4]]
[2022.02.21-18.27.01:588][  0]LogInit: Selected Device Profile: [Windows]
[2022.02.21-18.27.01:588][  0]LogInit: Applying CVar settings loaded from the selected device profile: [Windows]
[2022.02.21-18.27.01:588][  0]LogHAL: Display: Platform has ~ 16 GB [17065410560 / 17179869184 / 16], which maps to Larger [LargestMinGB=32, LargerMinGB=12, DefaultMinGB=8, SmallerMinGB=6, SmallestMinGB=0)
[2022.02.21-18.27.01:589][  0]LogInit: Going up to parent DeviceProfile []
[2022.02.21-18.27.01:589][  0]LogConfig: Applying CVar settings from Section [ViewDistanceQuality@3] File [D:/GitHub/GAME259-2022-A/GAME259_A_URE/Saved/Config/Windows/Scalability.ini]
[2022.02.21-18.27.01:589][  0]LogConfig: Setting CVar [[r.SkeletalMeshLODBias:0]]
[2022.02.21-18.27.01:590][  0]LogConfig: Setting CVar [[r.ViewDistanceScale:1.0]]
[2022.02.21-18.27.01:590][  0]LogConfig: Applying CVar settings from Section [AntiAliasingQuality@3] File [D:/GitHub/GAME259-2022-A/GAME259_A_URE/Saved/Config/Windows/Scalability.ini]
[2022.02.21-18.27.01:590][  0]LogConfig: Setting CVar [[r.PostProcessAAQuality:4]]
[2022.02.21-18.27.01:592][  0]LogConfig: Applying CVar settings from Section [ShadowQuality@3] File [D:/GitHub/GAME259-2022-A/GAME259_A_URE/Saved/Config/Windows/Scalability.ini]
[2022.02.21-18.27.01:593][  0]LogConfig: Setting CVar [[r.LightFunctionQuality:1]]
[2022.02.21-18.27.01:593][  0]LogConfig: Setting CVar [[r.ShadowQuality:5]]
[2022.02.21-18.27.01:594][  0]LogConfig: Setting CVar [[r.Shadow.CSM.MaxCascades:10]]
[2022.02.21-18.27.01:594][  0]LogConfig: Setting CVar [[r.Shadow.MaxResolution:2048]]
[2022.02.21-18.27.01:595][  0]LogConfig: Setting CVar [[r.Shadow.MaxCSMResolution:2048]]
[2022.02.21-18.27.01:596][  0]LogConfig: Setting CVar [[r.Shadow.RadiusThreshold:0.01]]
[2022.02.21-18.27.01:599][  0]LogConfig: Setting CVar [[r.Shadow.DistanceScale:1.0]]
[2022.02.21-18.27.01:599][  0]LogConfig: Setting CVar [[r.Shadow.CSM.TransitionScale:1.0]]
[2022.02.21-18.27.01:599][  0]LogConfig: Setting CVar [[r.Shadow.PreShadowResolutionFactor:1.0]]
[2022.02.21-18.27.01:600][  0]LogConfig: Setting CVar [[r.DistanceFieldShadowing:1]]
[2022.02.21-18.27.01:600][  0]LogConfig: Setting CVar [[r.DistanceFieldAO:1]]
[2022.02.21-18.27.01:600][  0]LogConfig: Setting CVar [[r.AOQuality:2]]
[2022.02.21-18.27.01:601][  0]LogConfig: Setting CVar [[r.VolumetricFog:1]]
[2022.02.21-18.27.01:601][  0]LogConfig: Setting CVar [[r.VolumetricFog.GridPixelSize:8]]
[2022.02.21-18.27.01:601][  0]LogConfig: Setting CVar [[r.VolumetricFog.GridSizeZ:128]]
[2022.02.21-18.27.01:602][  0]LogConfig: Setting CVar [[r.VolumetricFog.HistoryMissSupersampleCount:4]]
[2022.02.21-18.27.01:602][  0]LogConfig: Setting CVar [[r.LightMaxDrawDistanceScale:1]]
[2022.02.21-18.27.01:603][  0]LogConfig: Setting CVar [[r.CapsuleShadows:1]]
[2022.02.21-18.27.01:603][  0]LogConfig: Applying CVar settings from Section [PostProcessQuality@3] File [D:/GitHub/GAME259-2022-A/GAME259_A_URE/Saved/Config/Windows/Scalability.ini]
[2022.02.21-18.27.01:603][  0]LogConfig: Setting CVar [[r.MotionBlurQuality:4]]
[2022.02.21-18.27.01:604][  0]LogConfig: Setting CVar [[r.AmbientOcclusionMipLevelFactor:0.4]]
[2022.02.21-18.27.01:604][  0]LogConfig: Setting CVar [[r.AmbientOcclusionMaxQuality:100]]
[2022.02.21-18.27.01:605][  0]LogConfig: Setting CVar [[r.AmbientOcclusionLevels:-1]]
[2022.02.21-18.27.01:605][  0]LogConfig: Setting CVar [[r.AmbientOcclusionRadiusScale:1.0]]
[2022.02.21-18.27.01:605][  0]LogConfig: Setting CVar [[r.DepthOfFieldQuality:2]]
[2022.02.21-18.27.01:606][  0]LogConfig: Setting CVar [[r.RenderTargetPoolMin:400]]
[2022.02.21-18.27.01:606][  0]LogConfig: Setting CVar [[r.LensFlareQuality:2]]
[2022.02.21-18.27.01:606][  0]LogConfig: Setting CVar [[r.SceneColorFringeQuality:1]]
[2022.02.21-18.27.01:606][  0]LogConfig: Setting CVar [[r.EyeAdaptationQuality:2]]
[2022.02.21-18.27.01:607][  0]LogConfig: Setting CVar [[r.BloomQuality:5]]
[2022.02.21-18.27.01:610][  0]LogConfig: Setting CVar [[r.FastBlurThreshold:100]]
[2022.02.21-18.27.01:610][  0]LogConfig: Setting CVar [[r.Upscale.Quality:3]]
[2022.02.21-18.27.01:610][  0]LogConfig: Setting CVar [[r.Tonemapper.GrainQuantization:1]]
[2022.02.21-18.27.01:611][  0]LogConfig: Setting CVar [[r.LightShaftQuality:1]]
[2022.02.21-18.27.01:612][  0]LogConfig: Setting CVar [[r.Filter.SizeScale:1]]
[2022.02.21-18.27.01:613][  0]LogConfig: Setting CVar [[r.Tonemapper.Quality:5]]
[2022.02.21-18.27.01:614][  0]LogConfig: Setting CVar [[r.DOF.Gather.AccumulatorQuality:1        ; higher gathering accumulator quality]]
[2022.02.21-18.27.01:614][  0]LogConfig: Setting CVar [[r.DOF.Gather.PostfilterMethod:1          ; Median3x3 postfilering method]]
[2022.02.21-18.27.01:615][  0]LogConfig: Setting CVar [[r.DOF.Gather.EnableBokehSettings:0       ; no bokeh simulation when gathering]]
[2022.02.21-18.27.01:615][  0]LogConfig: Setting CVar [[r.DOF.Gather.RingCount:4                 ; medium number of samples when gathering]]
[2022.02.21-18.27.01:615][  0]LogConfig: Setting CVar [[r.DOF.Scatter.ForegroundCompositing:1    ; additive foreground scattering]]
[2022.02.21-18.27.01:616][  0]LogConfig: Setting CVar [[r.DOF.Scatter.BackgroundCompositing:2    ; additive background scattering]]
[2022.02.21-18.27.01:616][  0]LogConfig: Setting CVar [[r.DOF.Scatter.EnableBokehSettings:1      ; bokeh simulation when scattering]]
[2022.02.21-18.27.01:616][  0]LogConfig: Setting CVar [[r.DOF.Scatter.MaxSpriteRatio:0.1         ; only a maximum of 10% of scattered bokeh]]
[2022.02.21-18.27.01:617][  0]LogConfig: Setting CVar [[r.DOF.Recombine.Quality:1                ; cheap slight out of focus]]
[2022.02.21-18.27.01:617][  0]LogConfig: Setting CVar [[r.DOF.Recombine.EnableBokehSettings:0    ; no bokeh simulation on slight out of focus]]
[2022.02.21-18.27.01:617][  0]LogConfig: Setting CVar [[r.DOF.TemporalAAQuality:1                ; more stable temporal accumulation]]
[2022.02.21-18.27.01:617][  0]LogConfig: Setting CVar [[r.DOF.Kernel.MaxForegroundRadius:0.025]]
[2022.02.21-18.27.01:618][  0]LogConfig: Setting CVar [[r.DOF.Kernel.MaxBackgroundRadius:0.025]]
[2022.02.21-18.27.01:618][  0]LogConfig: Applying CVar settings from Section [TextureQuality@3] File [D:/GitHub/GAME259-2022-A/GAME259_A_URE/Saved/Config/Windows/Scalability.ini]
[2022.02.21-18.27.01:618][  0]LogConfig: Setting CVar [[r.Streaming.MipBias:0]]
[2022.02.21-18.27.01:619][  0]LogConfig: Setting CVar [[r.Streaming.AmortizeCPUToGPUCopy:0]]
[2022.02.21-18.27.01:622][  0]LogConfig: Setting CVar [[r.Streaming.MaxNumTexturesToStreamPerFrame:0]]
[2022.02.21-18.27.01:622][  0]LogConfig: Setting CVar [[r.Streaming.Boost:1]]
[2022.02.21-18.27.01:623][  0]LogConfig: Setting CVar [[r.MaxAnisotropy:8]]
[2022.02.21-18.27.01:623][  0]LogConfig: Setting CVar [[r.VT.MaxAnisotropy:8]]
[2022.02.21-18.27.01:623][  0]LogConfig: Setting CVar [[r.Streaming.LimitPoolSizeToVRAM:0]]
[2022.02.21-18.27.01:624][  0]LogConfig: Setting CVar [[r.Streaming.PoolSize:1000]]
[2022.02.21-18.27.01:624][  0]LogConfig: Setting CVar [[r.Streaming.MaxEffectiveScreenSize:0]]
[2022.02.21-18.27.01:624][  0]LogConfig: Applying CVar settings from Section [EffectsQuality@3] File [D:/GitHub/GAME259-2022-A/GAME259_A_URE/Saved/Config/Windows/Scalability.ini]
[2022.02.21-18.27.01:625][  0]LogConfig: Setting CVar [[r.TranslucencyLightingVolumeDim:64]]
[2022.02.21-18.27.01:625][  0]LogConfig: Setting CVar [[r.RefractionQuality:2]]
[2022.02.21-18.27.01:625][  0]LogConfig: Setting CVar [[r.SSR.Quality:3]]
[2022.02.21-18.27.01:626][  0]LogConfig: Setting CVar [[r.SSR.HalfResSceneColor:0]]
[2022.02.21-18.27.01:626][  0]LogConfig: Setting CVar [[r.SceneColorFormat:4]]
[2022.02.21-18.27.01:627][  0]LogConfig: Setting CVar [[r.DetailMode:2]]
[2022.02.21-18.27.01:627][  0]LogConfig: Setting CVar [[r.TranslucencyVolumeBlur:1]]
[2022.02.21-18.27.01:627][  0]LogConfig: Setting CVar [[r.MaterialQualityLevel:1 ; High quality]]
[2022.02.21-18.27.01:628][  0]LogConfig: Setting CVar [[r.AnisotropicMaterials:1]]
[2022.02.21-18.27.01:628][  0]LogConfig: Setting CVar [[r.SSS.Scale:1]]
[2022.02.21-18.27.01:628][  0]LogConfig: Setting CVar [[r.SSS.SampleSet:2]]
[2022.02.21-18.27.01:629][  0]LogConfig: Setting CVar [[r.SSS.Quality:1]]
[2022.02.21-18.27.01:629][  0]LogConfig: Setting CVar [[r.SSS.HalfRes:0]]
[2022.02.21-18.27.01:629][  0]LogConfig: Setting CVar [[r.SSGI.Quality:3]]
[2022.02.21-18.27.01:629][  0]LogConfig: Setting CVar [[r.EmitterSpawnRateScale:1.0]]
[2022.02.21-18.27.01:630][  0]LogConfig: Setting CVar [[r.ParticleLightQuality:2]]
[2022.02.21-18.27.01:630][  0]LogConfig: Setting CVar [[r.SkyAtmosphere.AerialPerspectiveLUT.FastApplyOnOpaque:1 ; Always have FastSkyLUT 1 in this case to avoid wrong sky]]
[2022.02.21-18.27.01:631][  0]LogConfig: Setting CVar [[r.SkyAtmosphere.AerialPerspectiveLUT.SampleCountMaxPerSlice:4]]
[2022.02.21-18.27.01:637][  0]LogConfig: Setting CVar [[r.SkyAtmosphere.AerialPerspectiveLUT.DepthResolution:16.0]]
[2022.02.21-18.27.01:638][  0]LogConfig: Setting CVar [[r.SkyAtmosphere.FastSkyLUT:1]]
[2022.02.21-18.27.01:638][  0]LogConfig: Setting CVar [[r.SkyAtmosphere.FastSkyLUT.SampleCountMin:4.0]]
[2022.02.21-18.27.01:638][  0]LogConfig: Setting CVar [[r.SkyAtmosphere.FastSkyLUT.SampleCountMax:128.0]]
[2022.02.21-18.27.01:639][  0]LogConfig: Setting CVar [[r.SkyAtmosphere.SampleCountMin:4.0]]
[2022.02.21-18.27.01:639][  0]LogConfig: Setting CVar [[r.SkyAtmosphere.SampleCountMax:128.0]]
[2022.02.21-18.27.01:639][  0]LogConfig: Setting CVar [[r.SkyAtmosphere.TransmittanceLUT.UseSmallFormat:0]]
[2022.02.21-18.27.01:640][  0]LogConfig: Setting CVar [[r.SkyAtmosphere.TransmittanceLUT.SampleCount:10.0]]
[2022.02.21-18.27.01:640][  0]LogConfig: Setting CVar [[r.SkyAtmosphere.MultiScatteringLUT.SampleCount:15.0]]
[2022.02.21-18.27.01:642][  0]LogConfig: Setting CVar [[r.SkyLight.RealTimeReflectionCapture:1]]
[2022.02.21-18.27.01:642][  0]LogConfig: Applying CVar settings from Section [FoliageQuality@3] File [D:/GitHub/GAME259-2022-A/GAME259_A_URE/Saved/Config/Windows/Scalability.ini]
[2022.02.21-18.27.01:643][  0]LogConfig: Setting CVar [[foliage.DensityScale:1.0]]
[2022.02.21-18.27.01:644][  0]LogConfig: Setting CVar [[grass.DensityScale:1.0]]
[2022.02.21-18.27.01:644][  0]LogConfig: Applying CVar settings from Section [ShadingQuality@3] File [D:/GitHub/GAME259-2022-A/GAME259_A_URE/Saved/Config/Windows/Scalability.ini]
[2022.02.21-18.27.01:644][  0]LogConfig: Setting CVar [[r.HairStrands.SkyLighting.IntegrationType:2]]
[2022.02.21-18.27.01:645][  0]LogConfig: Setting CVar [[r.HairStrands.SkyAO.SampleCount:4]]
[2022.02.21-18.27.01:645][  0]LogConfig: Setting CVar [[r.HairStrands.Visibility.MSAA.SamplePerPixel:4]]
[2022.02.21-18.27.01:646][  0]LogConfig: Applying CVar settings from Section [Startup] File [../../../Engine/Config/ConsoleVariables.ini]
[2022.02.21-18.27.01:649][  0]LogConfig: Setting CVar [[net.UseAdaptiveNetUpdateFrequency:0]]
[2022.02.21-18.27.01:649][  0]LogConfig: Setting CVar [[p.chaos.AllowCreatePhysxBodies:1]]
[2022.02.21-18.27.01:649][  0]LogConfig: Setting CVar [[fx.SkipVectorVMBackendOptimizations:1]]
[2022.02.21-18.27.01:650][  0]LogConfig: Applying CVar settings from Section [ConsoleVariables] File [D:/GitHub/GAME259-2022-A/GAME259_A_URE/Saved/Config/Windows/Engine.ini]
[2022.02.21-18.27.01:650][  0]LogConfig: Applying CVar settings from Section [ConsoleVariables] File [D:/GitHub/GAME259-2022-A/GAME259_A_URE/Saved/Config/Windows/Editor.ini]
[2022.02.21-18.27.01:650][  0]LogInit: Computer: OMEN
[2022.02.21-18.27.01:651][  0]LogInit: User: James
[2022.02.21-18.27.01:651][  0]LogInit: CPU Page size=4096, Cores=6
[2022.02.21-18.27.01:651][  0]LogInit: High frequency timer resolution =10.000000 MHz
[2022.02.21-18.27.01:652][  0]LogMemory: Memory total: Physical=15.9GB (16GB approx)
[2022.02.21-18.27.01:652][  0]LogMemory: Platform Memory Stats for Windows
[2022.02.21-18.27.01:653][  0]LogMemory: Process Physical Memory: 148.83 MB used, 148.84 MB peak
[2022.02.21-18.27.01:653][  0]LogMemory: Process Virtual Memory: 131.94 MB used, 131.94 MB peak
[2022.02.21-18.27.01:654][  0]LogMemory: Physical Memory: 11765.85 MB used,  4508.99 MB free, 16274.84 MB total
[2022.02.21-18.27.01:655][  0]LogMemory: Virtual Memory: 134211584.00 MB used,  6146.25 MB free, 134217728.00 MB total
[2022.02.21-18.27.01:660][  0]LogWindows: WindowsPlatformFeatures enabled
[2022.02.21-18.27.01:702][  0]LogInit: Physics initialised using underlying interface: PhysX
[2022.02.21-18.27.01:702][  0]LogInit: Using OS detected language (en-US).
[2022.02.21-18.27.01:703][  0]LogInit: Using OS detected locale (en-US).
[2022.02.21-18.27.01:706][  0]LogTextLocalizationManager: No specific localization for 'en-US' exists, so the 'en' localization will be used.
[2022.02.21-18.27.01:891][  0]LogWindowsTextInputMethodSystem: Display: IME system deactivated.
[2022.02.21-18.27.01:940][  0]LogSlate: New Slate User Created.  User Index 0, Is Virtual User: 0
[2022.02.21-18.27.01:940][  0]LogSlate: Slate User Registered.  User Index 0, Is Virtual User: 0
[2022.02.21-18.27.01:980][  0]LogD3D11RHI: Loaded GFSDK_Aftermath_Lib.x64.dll
[2022.02.21-18.27.02:033][  0]LogHMD: Optional extension XR_VARJO_quad_views is not available
[2022.02.21-18.27.02:033][  0]LogHMD: Warning: Required extension XR_EXT_eye_gaze_interaction is not available
[2022.02.21-18.27.02:034][  0]LogHMD: Could not enable all required OpenXR extensions for OpenXREyeTracker on current system. This plugin will be loaded but ignored, but will be enabled on a target platform that supports the required extension.
[2022.02.21-18.27.02:536][  0]LogHMD: Failed to get an OpenXR system, result is XR_ERROR_FORM_FACTOR_UNAVAILABLE. Please check that your runtime supports VR headsets.
[2022.02.21-18.27.02:536][  0]LogD3D11RHI: D3D11 min allowed feature level: 11_0
[2022.02.21-18.27.02:536][  0]LogD3D11RHI: D3D11 max allowed feature level: 11_0
[2022.02.21-18.27.02:537][  0]LogD3D11RHI: D3D11 adapters:
[2022.02.21-18.27.02:623][  0]LogD3D11RHI:    0. 'NVIDIA GeForce GTX 1070' (Feature Level 11_0)
[2022.02.21-18.27.02:623][  0]LogD3D11RHI:       8088/0/8137 MB DedicatedVideo/DedicatedSystem/SharedSystem, Outputs:2, VendorId:0x10de
[2022.02.21-18.27.02:626][  0]LogD3D11RHI:    1. 'Microsoft Basic Render Driver' (Feature Level 11_0)
[2022.02.21-18.27.02:626][  0]LogD3D11RHI:       0/0/8137 MB DedicatedVideo/DedicatedSystem/SharedSystem, Outputs:0, VendorId:0x1414
[2022.02.21-18.27.02:627][  0]LogD3D11RHI: Chosen D3D11 Adapter:
[2022.02.21-18.27.02:627][  0]LogD3D11RHI:     Description : NVIDIA GeForce GTX 1070
[2022.02.21-18.27.02:627][  0]LogD3D11RHI:     VendorId    : 10de
[2022.02.21-18.27.02:628][  0]LogD3D11RHI:     DeviceId    : 1b81
[2022.02.21-18.27.02:628][  0]LogD3D11RHI:     SubSysId    : 82fb103c
[2022.02.21-18.27.02:628][  0]LogD3D11RHI:     Revision    : 00a1
[2022.02.21-18.27.02:629][  0]LogD3D11RHI:     DedicatedVideoMemory : 8480882688 bytes
[2022.02.21-18.27.02:629][  0]LogD3D11RHI:     DedicatedSystemMemory : 0 bytes
[2022.02.21-18.27.02:629][  0]LogD3D11RHI:     SharedSystemMemory : 8532705280 bytes
[2022.02.21-18.27.02:630][  0]LogD3D11RHI:     AdapterLuid : 0 89200
[2022.02.21-18.27.02:638][  0]LogD3D11RHI: Creating new Direct3DDevice
[2022.02.21-18.27.02:638][  0]LogD3D11RHI:     GPU DeviceId: 0x1b81 (for the marketing name, search the web for "GPU Device Id")
[2022.02.21-18.27.02:638][  0]LogWindows: EnumDisplayDevices:
[2022.02.21-18.27.02:639][  0]LogWindows:    0. 'NVIDIA GeForce GTX 1070' (P:1 D:1)
[2022.02.21-18.27.02:639][  0]LogWindows:    1. 'NVIDIA GeForce GTX 1070' (P:0 D:1)
[2022.02.21-18.27.02:640][  0]LogWindows:    2. 'NVIDIA GeForce GTX 1070' (P:0 D:0)
[2022.02.21-18.27.02:640][  0]LogWindows:    3. 'NVIDIA GeForce GTX 1070' (P:0 D:0)
[2022.02.21-18.27.02:641][  0]LogWindows: DebugString: FoundDriverCount:4 
[2022.02.21-18.27.02:641][  0]LogD3D11RHI:     Adapter Name: NVIDIA GeForce GTX 1070
[2022.02.21-18.27.02:641][  0]LogD3D11RHI:   Driver Version: 472.08 (internal:30.0.14.7208, unified:472.08)
[2022.02.21-18.27.02:641][  0]LogD3D11RHI:      Driver Date: 9-13-2021
[2022.02.21-18.27.02:642][  0]LogRHI: Texture pool is 5661 MB (70% of 8088 MB)
[2022.02.21-18.27.02:642][  0]LogD3D11RHI: Creating D3DDevice using adapter:
[2022.02.21-18.27.02:642][  0]LogD3D11RHI:     Description : NVIDIA GeForce GTX 1070
[2022.02.21-18.27.02:645][  0]LogD3D11RHI:     VendorId    : 10de
[2022.02.21-18.27.02:646][  0]LogD3D11RHI:     DeviceId    : 1b81
[2022.02.21-18.27.02:646][  0]LogD3D11RHI:     SubSysId    : 82fb103c
[2022.02.21-18.27.02:646][  0]LogD3D11RHI:     Revision    : 00a1
[2022.02.21-18.27.02:646][  0]LogD3D11RHI:     DedicatedVideoMemory : 8480882688 bytes
[2022.02.21-18.27.02:647][  0]LogD3D11RHI:     DedicatedSystemMemory : 0 bytes
[2022.02.21-18.27.02:647][  0]LogD3D11RHI:     SharedSystemMemory : 8532705280 bytes
[2022.02.21-18.27.02:647][  0]LogD3D11RHI:     AdapterLuid : 0 89200
[2022.02.21-18.27.02:717][  0]LogD3D11RHI: RHI has support for 64 bit atomics
[2022.02.21-18.27.02:717][  0]LogD3D11RHI: Async texture creation enabled
[2022.02.21-18.27.02:718][  0]LogD3D11RHI: Array index from any shader is supported
[2022.02.21-18.27.02:719][  0]LogD3D11RHI: HDR output is supported on display 0 (NvId: 0x80061082).
[2022.02.21-18.27.02:733][  0]LogD3D11RHI: GPU Timing Frequency: 1000.000000 (Debug: 2 1)
[2022.02.21-18.27.02:760][  0]LogRHI: GeForceNow SDK initialized: 1
[2022.02.21-18.27.03:116][  0]LogTargetPlatformManager: Display: Loaded TargetPlatform 'WindowsNoEditor'
[2022.02.21-18.27.03:120][  0]LogTargetPlatformManager: Display: Loaded TargetPlatform 'Windows'
[2022.02.21-18.27.03:124][  0]LogTargetPlatformManager: Display: Loaded TargetPlatform 'WindowsClient'
[2022.02.21-18.27.03:128][  0]LogTargetPlatformManager: Display: Loaded TargetPlatform 'WindowsServer'
[2022.02.21-18.27.03:128][  0]LogTargetPlatformManager: Display: Building Assets For Windows
[2022.02.21-18.27.03:134][  0]LogAudioDebug: Display: Lib vorbis DLL was dynamically loaded.
[2022.02.21-18.27.03:160][  0]LogTextureFormatOodle: Display: Oodle Texture 2.9.0 init RDO Off
[2022.02.21-18.27.03:188][  0]LogRendererCore: Ray tracing is disabled. Reason: r.RayTracing=0.
[2022.02.21-18.27.03:188][  0]LogShaderCompilers: Guid format shader working directory is -2 characters bigger than the processId version (../../../../GitHub/GAME259-2022-A/GAME259_A_URE/Intermediate/Shaders/WorkingDirectory/10872/).
[2022.02.21-18.27.03:191][  0]LogShaderCompilers: Cleaned the shader compiler working directory 'C:/Users/James/AppData/Local/Temp/UnrealShaderWorkingDir/E3E8E9C3431007F86824D2BC862C6BCA/'.
[2022.02.21-18.27.03:191][  0]LogXGEController: Cannot use XGE Controller as Incredibuild is not installed on this machine.
[2022.02.21-18.27.03:192][  0]LogShaderCompilers: Cannot use XGE Shader Compiler as Incredibuild is not installed on this machine.
[2022.02.21-18.27.03:192][  0]LogShaderCompilers: Display: Using Local Shader Compiler.
[2022.02.21-18.27.03:879][  0]LogDerivedDataCache: Display: Max Cache Size: 512 MB
[2022.02.21-18.27.03:931][  0]LogDerivedDataCache: Loaded boot cache 0.05s 103MB C:/Users/James/AppData/Local/UnrealEngine/4.27/DerivedDataCache/Boot.ddc.
[2022.02.21-18.27.03:931][  0]LogDerivedDataCache: Display: Loaded Boot cache: C:/Users/James/AppData/Local/UnrealEngine/4.27/DerivedDataCache/Boot.ddc
[2022.02.21-18.27.03:932][  0]LogDerivedDataCache: FDerivedDataBackendGraph:  Pak pak cache file ../../../../GitHub/GAME259-2022-A/GAME259_A_URE/DerivedDataCache/DDC.ddp not found, will not use a pak cache.
[2022.02.21-18.27.03:933][  0]LogDerivedDataCache: Unable to find inner node Pak for hierarchical cache Hierarchy.
[2022.02.21-18.27.03:933][  0]LogDerivedDataCache: FDerivedDataBackendGraph:  CompressedPak pak cache file ../../../../GitHub/GAME259-2022-A/GAME259_A_URE/DerivedDataCache/Compressed.ddp not found, will not use a pak cache.
[2022.02.21-18.27.03:934][  0]LogDerivedDataCache: Unable to find inner node CompressedPak for hierarchical cache Hierarchy.
[2022.02.21-18.27.03:949][  0]LogDerivedDataCache: Display: Pak cache opened for reading ../../../Engine/DerivedDataCache/Compressed.ddp.
[2022.02.21-18.27.03:949][  0]LogDerivedDataCache: FDerivedDataBackendGraph:  EnterprisePak pak cache file ../../../Enterprise/DerivedDataCache/Compressed.ddp not found, will not use a pak cache.
[2022.02.21-18.27.03:949][  0]LogDerivedDataCache: Unable to find inner node EnterprisePak for hierarchical cache Hierarchy.
[2022.02.21-18.27.03:957][  0]LogDerivedDataCache: Speed tests for C:/Users/James/AppData/Local/UnrealEngine/Common/DerivedDataCache took 0.01 seconds
[2022.02.21-18.27.03:957][  0]LogDerivedDataCache: Display: Performance to C:/Users/James/AppData/Local/UnrealEngine/Common/DerivedDataCache: Latency=0.03ms. RandomReadSpeed=1199.91MBs, RandomWriteSpeed=160.69MBs. Assigned SpeedClass 'Local'
[2022.02.21-18.27.03:959][  0]LogDerivedDataCache: Using Local data cache path C:/Users/James/AppData/Local/UnrealEngine/Common/DerivedDataCache: Writable
[2022.02.21-18.27.03:959][  0]LogDerivedDataCache: Shared data cache path not found in *engine.ini, will not use an Shared cache.
[2022.02.21-18.27.03:959][  0]LogDerivedDataCache: Unable to find inner node Shared for hierarchical cache Hierarchy.
[2022.02.21-18.27.03:993][  0]LogSlate: Using FreeType 2.10.0
[2022.02.21-18.27.03:994][  0]LogSlate: SlateFontServices - WITH_FREETYPE: 1, WITH_HARFBUZZ: 1
[2022.02.21-18.27.04:496][  0]LogHMD: Failed to get an OpenXR system, result is XR_ERROR_FORM_FACTOR_UNAVAILABLE. Please check that your runtime supports VR headsets.
[2022.02.21-18.27.04:570][  0]LogInit: Using OS detected language (en-US).
[2022.02.21-18.27.04:571][  0]LogInit: Using OS detected locale (en-US).
[2022.02.21-18.27.04:571][  0]LogTextLocalizationManager: No localization for 'en-US' exists, so 'en' will be used for the language.
[2022.02.21-18.27.04:572][  0]LogTextLocalizationManager: No localization for 'en-US' exists, so 'en' will be used for the locale.
[2022.02.21-18.27.04:572][  0]LogSlate: FontCache flush requested. Reason: Culture for localization was changed
[2022.02.21-18.27.04:572][  0]LogSlate: FontCache flush requested. Reason: Culture for localization was changed
[2022.02.21-18.27.04:575][  0]LogTextLocalizationManager: Compacting localization data took   0.00ms
[2022.02.21-18.27.04:575][  0]LogAssetRegistry: FAssetRegistry took 0.0014 seconds to start up
[2022.02.21-18.27.04:733][  0]LogPackageLocalizationCache: Processed 27 localized package path(s) for 1 prioritized culture(s) in 0.021621 seconds
[2022.02.21-18.27.04:789][  0]LogInit: Selected Device Profile: [Windows]
[2022.02.21-18.27.04:789][  0]LogInit: Active device profile: [00000215C38C1C00][00000215BC326880 49] Windows
[2022.02.21-18.27.04:790][  0]LogInit: Profiles: [00000215C38C1C00][00000215BC326880 49] Windows, [00000215C3883400][00000215BC32EA00 49] WindowsNoEditor, [00000215C38C3B00][00000215BC332B80 49] WindowsServer, [00000215C3880800][00000215BB204D00 49] WindowsClient, [00000215C38C0900][00000215BB208E80 49] IOS, [00000215C3882900][00000215BB20D000 49] iPadAir, [00000215C38C2F00][00000215BB211180 49] iPadAir2, [00000215C3829300][00000215BB2153C0 49] IPadPro, [00000215C3829400][00000215BC32B400 49] iPadAir3, [00000215C38C1400][00000215BB219540 49] iPadAir4, [00000215C382AB00][00000215BB21D680 49] iPadMini2, [00000215C38C2200][00000215BC4B9800 49] iPadMini3, [00000215C3829E00][00000215BC4BD980 49] iPadMini4, [00000215C38C0E00][00000215BC4C1B00 49] iPadMini5, [00000215C3849000][00000215BC4C8240 49] iPhone6, [00000215C3849100][00000215BC4C4280 49] iPodTouch6, [00000215C3881200][00000215BC4D0540 49] iPhone7, [00000215C3881300][00000215BC4CC580 49] iPodTouch7, [00000215C382A200][00000215BC4D4700 49] iPhone5S, [00000215C3829D00][00000215BC4D8880 49] iPhone6Plus, [00000215C384B100][00000215BC4DCA00 49] iPhone6S, [00000215C382A600][00000215BC4E0B80 49] iPhone6SPlus, [00000215C384B000][00000215BC4E4D00 49] iPhone7Plus, [00000215C384B500][00000215BC4E8E80 49] iPhoneSE, [00000215C3881E00][00000215BC4ED000 49] iPhone8, [00000215C3829700][00000215BC4F1180 49] iPhone8Plus, [00000215C3883900][00000215BC4F5300 49] iPhoneX, [00000215C382AE00][00000215BC4F9480 49] iPhoneXS, [00000215C3882200][00000215BC4B55C0 49] iPhoneXSMax, [00000215C3828700][00000215BC4FD700 49] iPhoneXR, [00000215C3880100][00000215C4339840 49] iPhone11, [00000215C382BB00][00000215C43419C0 49] iPhone11Pro, [00000215C3882800][00000215C4345B40 49] iPhone11ProMax, [00000215C382AC00][00000215C4348140 49] iPhoneSE2, [00000215C3880500][00000215C434C2C0 49] iPhone12Mini, [00000215C382A100][00000215C4350440 49] iPhone12, [00000215C3882C00][00000215C43545C0 49] iPhone12Pro, [00000215C382B700][00000215C4358740 49] iPhone12ProMax, [00000215C3882300][00000215C435C8C0 49] iPadPro105, [00000215C382B900][00000215C4360A40 49] iPadPro129, [00000215C3881900][00000215C4364BC0 49] iPadPro97, [00000215C3829000][00000215C4368D40 49] iPadPro2_129, [00000215C3882700][00000215C436CEC0 49] iPad5, [00000215C382B600][00000215C4371040 49] iPad6, [00000215C3882E00][00000215C43751C0 49] iPad7, [00000215C3828600][00000215C4379340 49] iPad8, [00000215C3881B00][00000215C437D4C0 49] iPadPro11, [00000215C3828100][00000215C4381640 49] iPadPro2_11, [00000215C3883100][00000215C433D780 49] iPadPro3_129, [00000215C382AD00][00000215C43858C0 49] iPadPro4_129, [00000215C3880D00][00000215C4389A00 49] AppleTV, [00000215C382B800][00000215C438DB40 49] AppleTV4K, [00000215C3881100][00000215C4394140 49] TVOS, [00000215C382BD00][00000215C43982C0 49] Mac, [00000215C3882100][00000215C439C440 49] MacClient, [00000215C3828B00][00000215A71285C0 49] MacNoEditor, [00000215C3881F00][00000215A712C740 49] MacServer, [00000215C3829F00][00000215A71308C0 49] Linux, [00000215C3883D00][00000215A7134A40 49] LinuxAArch64, [00000215C3828E00][00000215A7138BC0 49] LinuxNoEditor, [00000215C3882400][00000215A713CD40 49] LinuxAArch64NoEditor, [00000215C3828300][00000215A7140EC0 49] LinuxClient, [00000215C3880300][00000215A7145040 49] LinuxAArch64Client, [00000215C3828400][00000215A71491C0 49] LinuxServer, [00000215C3880700][00000215A714D340 49] LinuxAArch64Server, [00000215C382B300][00000215A71514C0 49] Android, [00000215C3883B00][00000215A7155640 49] Android_Low, [00000215C382A900][00000215C43B17C0 49] Android_Mid, [00000215C3881500][00000215C4391900 49] Android_High, [00000215C382B100][00000215C43B5A40 49] Android_Default, [00000215C3882F00][00000215C43B9B80 49] Android_Adreno4xx, [00000215C382B000][00000215C43BC140 49] Android_Adreno5xx_Low, [00000215C3881C00][00000215C43C42C0 49] Android_Adreno5xx, [00000215C3829600][00000215C43C8440 49] Android_Adreno6xx, [00000215C3882600][00000215C43CC5C0 49] Android_Adreno6xx_Vulkan, [00000215C382BF00][00000215C43D0740 49] Android_Mali_T6xx, [00000215C3882500][00000215C43D48C0 49] Android_Mali_T7xx, [00000215C3829800][00000215C43D8A40 49] Android_Mali_T8xx, [00000215C3883600][00000215C43DCBC0 49] Android_Mali_G71, [00000215C382BC00][00000215C43E0D40 49] Android_Mali_G72, [00000215C3880200][00000215C43E4EC0 49] Android_Mali_G72_Vulkan, [00000215C3829100][00000215C43E9040 49] Android_Mali_G76, [00000215C3883200][00000215C43ED1C0 49] Android_Mali_G76_Vulkan, [00000215C382B200][00000215C43F1340 49] Android_Mali_G77, [00000215C3881A00][00000215C43F54C0 49] Android_Mali_G77_Vulkan, [00000215C382A500][00000215C43F9640 49] Android_Mali_G78, [00000215C3881000][00000215C43FD7C0 49] Android_Mali_G78_Vulkan, [00000215C38C3E00][00000215C4401940 49] Android_Mali_G710, [00000215C3848B00][00000215C4405AC0 49] Android_Mali_G710_Vulkan, [00000215C38C0800][00000215C43C1C00 49] Android_Vulkan_SM5, [00000215C3848C00][00000215C44081C0 49] Android_PowerVR_G6xxx, [00000215C38C3400][00000215C440C300 49] Android_PowerVR_GT7xxx, [00000215C384AC00][00000215C4414480 49] Android_PowerVR_GE8xxx, [00000215C38C1E00][00000215C4418600 49] Android_PowerVR_GM9xxx, [00000215C3849200][00000215C441C780 49] Android_PowerVR_GM9xxx_Vulkan, [00000215C38C3F00][00000215C4420900 49] Android_TegraK1, [00000215C384BE00][00000215C4424A80 49] Android_Unknown_Vulkan, [00000215C38C2E00][00000215C4428C00 49] Lumin, [00000215C384A700][00000215C442CD80 49] Lumin_Desktop, [00000215C38C3900][00000215C4430F00 49] HoloLens, 
[2022.02.21-18.27.04:827][  0]LogMeshReduction: Using QuadricMeshReduction for automatic static mesh reduction
[2022.02.21-18.27.04:827][  0]LogMeshReduction: Using SimplygonMeshReduction for automatic skeletal mesh reduction
[2022.02.21-18.27.04:829][  0]LogMeshReduction: Using ProxyLODMeshReduction for automatic mesh merging
[2022.02.21-18.27.04:829][  0]LogMeshReduction: No distributed automatic mesh merging module available
[2022.02.21-18.27.04:829][  0]LogMeshMerging: No distributed automatic mesh merging module available
[2022.02.21-18.27.04:939][  0]LogNetVersion: GAME259_A_URE 1.0.0, NetCL: 17155196, EngineNetVer: 17, GameNetVer: 0 (Checksum: 2250587433)
[2022.02.21-18.27.05:154][  0]LogTexture: Default maximum texture size for cubemaps generated from long-lat sources has been changed from 512 to unlimited. In order to preserve old behaiour for '/Engine/MapTemplates/Sky/DaylightAmbientCubemap.DaylightAmbientCubemap', its maximum texture size has been explicitly set to 512.
[2022.02.21-18.27.05:205][  0]LogHMD: PokeAHoleMaterial loaded successfully
[2022.02.21-18.27.05:287][  0]LogMoviePlayer: Initializing movie player
[2022.02.21-18.27.05:453][  0]LogNiagaraDebuggerClient: Niagara Debugger Client Initialized | Session: 59E5DB32493BA6BCF942268DD66BDD2F | Instance: 2DB258074DFD74B53DBF1DB29DE85606 (OMEN-10872).
[2022.02.21-18.27.05:470][  0]LogCollectionManager: Loaded 0 collections in 0.000898 seconds
[2022.02.21-18.27.05:473][  0]LogFileCache: Scanning file cache for directory 'D:/GitHub/GAME259-2022-A/GAME259_A_URE/Saved/Collections/' took 0.00s
[2022.02.21-18.27.05:473][  0]LogFileCache: Scanning file cache for directory 'D:/GitHub/GAME259-2022-A/GAME259_A_URE/Content/Developers/James/Collections/' took 0.00s
[2022.02.21-18.27.05:474][  0]LogFileCache: Scanning file cache for directory 'D:/GitHub/GAME259-2022-A/GAME259_A_URE/Content/Collections/' took 0.00s
[2022.02.21-18.27.05:474][  0]LogCollectionManager: Fixed up redirectors for 0 collections in 0.000002 seconds (updated 0 objects)
[2022.02.21-18.27.05:489][  0]LogPython: Using Python 3.7.7
[2022.02.21-18.27.05:940][  0]LogSteamShared: Display: Loading Steam SDK 1.51
[2022.02.21-18.27.05:940][  0]LogSteamShared: Steam SDK Loaded!
[2022.02.21-18.27.06:112][  0]SourceControl: Source control is disabled
[2022.02.21-18.27.06:114][  0]SourceControl: Source control is disabled
[2022.02.21-18.27.06:117][  0]SourceControl: Source control is disabled
[2022.02.21-18.27.06:122][  0]LogUProjectInfo: Found projects:
[2022.02.21-18.27.06:200][  0]LogOpenImageDenoise: OIDN starting up
[2022.02.21-18.27.06:222][  0]LogAndroidPermission: UAndroidPermissionCallbackProxy::GetInstance
[2022.02.21-18.27.06:239][  0]LogAudioCaptureCore: Display: No Audio Capture implementations found. Audio input will be silent.
[2022.02.21-18.27.06:240][  0]LogAudioCaptureCore: Display: No Audio Capture implementations found. Audio input will be silent.
[2022.02.21-18.27.06:309][  0]LogOcInput: OculusInput pre-init called
[2022.02.21-18.27.06:317][  0]LogUObjectArray: 23049 objects as part of root set at end of initial load.
[2022.02.21-18.27.06:317][  0]LogUObjectAllocator: 6399616 out of 0 bytes used by permanent object pool.
[2022.02.21-18.27.06:318][  0]LogUObjectArray: CloseDisregardForGC: 0/0 objects in disregard for GC pool
[2022.02.21-18.27.06:357][  0]LogClass: Display: IntProperty FServerInfo::CurrentPlayers is not initialized properly. Module:GAME259_A_URE File:GameInstance_GAME259_A_URE.h
[2022.02.21-18.27.06:358][  0]LogClass: Display: IntProperty FServerInfo::MaxPlayers is not initialized properly. Module:GAME259_A_URE File:GameInstance_GAME259_A_URE.h
[2022.02.21-18.27.06:359][  0]LogClass: Display: IntProperty FServerInfo::ServerArrayIndex is not initialized properly. Module:GAME259_A_URE File:GameInstance_GAME259_A_URE.h
[2022.02.21-18.27.06:359][  0]LogClass: Display: 3 Uninitialized script struct members found including 0 object properties
[2022.02.21-18.27.06:360][  0]LogEngine: Initializing Engine...
[2022.02.21-18.27.06:863][  0]LogHMD: Failed to get an OpenXR system, result is XR_ERROR_FORM_FACTOR_UNAVAILABLE. Please check that your runtime supports VR headsets.
[2022.02.21-18.27.06:863][  0]LogMagicLeap: Warning: VR disabled because ZI is not enabled.  To enable, in the editor, Edit -> Project Settings -> Plugins -> Magic Leap Plugin -> Enable Zero Iteration
[2022.02.21-18.27.06:867][  0]LogStats: UGameplayTagsManager::InitializeManager -  0.000 s
[2022.02.21-18.27.06:945][  0]LogInit: Initializing FReadOnlyCVARCache
[2022.02.21-18.27.06:945][  0]LogAudio: Display: Initializing Audio Device Manager...
[2022.02.21-18.27.06:949][  0]LogAudio: Display: Loading Default Audio Settings Objects...
[2022.02.21-18.27.06:950][  0]LogAudio: Display: No default SoundConcurrencyObject specified (or failed to load).
[2022.02.21-18.27.06:951][  0]LogAudio: Display: Audio Device Manager Initialized
[2022.02.21-18.27.06:951][  0]LogAudio: Display: Creating Audio Device:                 Id: 1, Scope: Shared, Realtime: True
[2022.02.21-18.27.06:951][  0]LogAudioMixer: Display: Audio Mixer Platform Settings:
[2022.02.21-18.27.06:951][  0]LogAudioMixer: Display: 	Sample Rate:						  48000
[2022.02.21-18.27.06:952][  0]LogAudioMixer: Display: 	Callback Buffer Frame Size Requested: 1024
[2022.02.21-18.27.06:952][  0]LogAudioMixer: Display: 	Callback Buffer Frame Size To Use:	  1024
[2022.02.21-18.27.06:952][  0]LogAudioMixer: Display: 	Number of buffers to queue:			  2
[2022.02.21-18.27.06:953][  0]LogAudioMixer: Display: 	Max Channels (voices):				  32
[2022.02.21-18.27.06:953][  0]LogAudioMixer: Display: 	Number of Async Source Workers:		  0
[2022.02.21-18.27.06:953][  0]LogAudio: Display: AudioDevice MaxSources: 32
[2022.02.21-18.27.06:954][  0]LogAudio: Display: Audio Spatialization Plugin: None (built-in).
[2022.02.21-18.27.06:954][  0]LogAudio: Display: Audio Reverb Plugin: None (built-in).
[2022.02.21-18.27.06:955][  0]LogAudio: Display: Audio Occlusion Plugin: None (built-in).
[2022.02.21-18.27.06:957][  0]LogAudioMixer: Display: Initializing audio mixer.
[2022.02.21-18.27.06:978][  0]LogAudioMixer: Display: 0: FrontLeft
[2022.02.21-18.27.06:978][  0]LogAudioMixer: Display: 1: FrontRight
[2022.02.21-18.27.07:027][  0]LogAudioMixer: Display: Using Audio Device Headphones (Arctis 7 Game)
[2022.02.21-18.27.07:032][  0]LogAudioMixer: Display: Initializing Sound Submixes...
[2022.02.21-18.27.07:034][  0]LogAudioMixer: Display: Creating Master Submix 'MasterSubmixDefault'
[2022.02.21-18.27.07:034][  0]LogAudioMixer: Display: Creating Master Submix 'MasterReverbSubmixDefault'
[2022.02.21-18.27.07:036][  0]LogAudioMixer: Display: Creating Master Submix 'MasterEQSubmixDefault'
[2022.02.21-18.27.07:036][  0]LogAudioMixer: FMixerPlatformXAudio2::StartAudioStream() called
[2022.02.21-18.27.07:036][  0]LogAudioMixer: Display: Output buffers initialized: Frames=1024, Channels=2, Samples=2048
[2022.02.21-18.27.07:037][  0]LogAudioMixer: Display: Starting AudioMixerPlatformInterface::RunInternal()
[2022.02.21-18.27.07:038][  0]LogAudioMixer: Display: FMixerPlatformXAudio2::SubmitBuffer() called for the first time
[2022.02.21-18.27.07:039][  0]LogInit: FAudioDevice initialized.
[2022.02.21-18.27.07:041][  0]LogNetVersion: Set ProjectVersion to 1.0.0.0. Version Checksum will be recalculated on next use.
[2022.02.21-18.27.07:088][  0]LogDerivedDataCache: Saved boot cache 0.05s 86MB C:/Users/James/AppData/Local/UnrealEngine/4.27/DerivedDataCache/Boot.ddc.
[2022.02.21-18.27.07:089][  0]LogInit: Texture streaming: Enabled
[2022.02.21-18.27.07:144][  0]LogAudio: Display: Audio Device (ID: 1) registered with world 'Untitled'.
[2022.02.21-18.27.07:145][  0]LogSlate: Updating window title bar state: overlay mode, drag disabled, window buttons hidden, title bar hidden
[2022.02.21-18.27.07:146][  0]LogInit: Display: Game Engine Initialized.
[2022.02.21-18.27.07:146][  0]LogNiagaraEditor: GEditor isn't valid! Particle reset commands will not work for Niagara components!
[2022.02.21-18.27.07:204][  0]LogInit: Display: Starting Game.
[2022.02.21-18.27.07:204][  0]LogNet: Browse: /Game/LobbySystem/Levels/LobbyMainMenu?Name=Player
[2022.02.21-18.27.07:206][  0]LogLoad: LoadMap: /Game/LobbySystem/Levels/LobbyMainMenu?Name=Player
[2022.02.21-18.27.07:206][  0]LogWorld: BeginTearingDown for /Temp/Untitled_0
[2022.02.21-18.27.07:208][  0]LogWorld: UWorld::CleanupWorld for Untitled, bSessionEnded=true, bCleanupResources=true
[2022.02.21-18.27.07:208][  0]LogSlate: InvalidateAllWidgets triggered.  All widgets were invalidated
[2022.02.21-18.27.07:216][  0]LogAudio: Display: Audio Device unregistered from world 'None'.
[2022.02.21-18.27.07:218][  0]LogUObjectHash: Compacting FUObjectHashTables data took   0.73ms
[2022.02.21-18.27.07:242][  0]LogAudio: Display: Audio Device (ID: 1) registered with world 'LobbyMainMenu'.
[2022.02.21-18.27.07:248][  0]LogAIModule: Creating AISystem for world LobbyMainMenu
[2022.02.21-18.27.07:248][  0]LogLoad: Game class is 'BP_LobbyGameMode_C'
[2022.02.21-18.27.07:250][  0]LogWorld: Bringing World /Game/LobbySystem/Levels/LobbyMainMenu.LobbyMainMenu up for play (max tick rate 0) at 2022.02.21-13.27.07
[2022.02.21-18.27.07:250][  0]LogWorld: Bringing up level for play took: 0.000555
[2022.02.21-18.27.07:251][  0]LogGameMode: FindPlayerStart: PATHS NOT DEFINED or NO PLAYERSTART with positive rating
[2022.02.21-18.27.07:253][  0]LogViewport: Display: Viewport MouseLockMode Changed, LockOnCapture -> DoNotLock
[2022.02.21-18.27.07:253][  0]LogViewport: Display: Viewport MouseCaptureMode Changed, CapturePermanently_IncludingInitialMouseDown -> NoCapture
[2022.02.21-18.27.07:254][  0]LogLoad: Took 0.047825 seconds to LoadMap(/Game/LobbySystem/Levels/LobbyMainMenu)
[2022.02.21-18.27.07:376][  0]LogSlate: Took 0.000192 seconds to synchronously load lazily loaded font '../../../Engine/Content/Slate/Fonts/Roboto-Regular.ttf' (155K)
[2022.02.21-18.27.07:432][  0]LogRenderer: Reallocating scene render targets to support 800x900 Format 10 NumSamples 1 (Frame:1).
[2022.02.21-18.27.07:432][  0]LogInit: Display: Engine is initialized. Leaving FEngineLoop::Init()
[2022.02.21-18.27.07:433][  0]LogLoad: (Engine Initialization) Total time: 7.68 seconds
[2022.02.21-18.27.07:433][  0]LogLoad: (Engine Initialization) Total Blueprint compile time: 0.00 seconds
[2022.02.21-18.27.07:436][  0]LogContentStreaming: Texture pool size now 1000 MB
[2022.02.21-18.27.07:438][  0]LogSlate: InvalidateAllWidgets triggered.  All widgets were invalidated
[2022.02.21-18.27.07:463][  1]LogSlate: Took 0.000163 seconds to synchronously load lazily loaded font '../../../Engine/Content/Slate/Fonts/Roboto-Regular.ttf' (155K)
[2022.02.21-18.27.16:586][844]LogTemp: Warning: Create Server Called
[2022.02.21-18.27.16:591][844]LogTemp: Warning: OnCreateSessionComplete, Succeeded: 1
[2022.02.21-18.27.16:591][844]LogGameMode: ProcessServerTravel: /Game/LobbySystem/Levels/Networking_GameTest?listen
[2022.02.21-18.27.16:592][844]LogEngine: Server switch level: /Game/LobbySystem/Levels/Networking_GameTest?Name=Player?listen
[2022.02.21-18.27.16:593][844]LogNet: Browse: /Game/LobbySystem/Levels/Networking_GameTest?Name=Player?listen
[2022.02.21-18.27.16:593][844]LogLoad: LoadMap: /Game/LobbySystem/Levels/Networking_GameTest?Name=Player?listen
[2022.02.21-18.27.16:593][844]LogWorld: BeginTearingDown for /Game/LobbySystem/Levels/LobbyMainMenu
[2022.02.21-18.27.16:593][844]LogWorld: UWorld::CleanupWorld for LobbyMainMenu, bSessionEnded=true, bCleanupResources=true
[2022.02.21-18.27.16:593][844]LogSlate: InvalidateAllWidgets triggered.  All widgets were invalidated
[2022.02.21-18.27.16:629][844]LogAudio: Display: Waited 35.514500 ms for audio thread.
[2022.02.21-18.27.16:631][844]LogAudio: Display: Waited 37.788998 ms for audio thread.
[2022.02.21-18.27.16:635][844]LogAudio: Display: Audio Device unregistered from world 'None'.
[2022.02.21-18.27.16:637][844]LogUObjectHash: Compacting FUObjectHashTables data took   0.67ms
[2022.02.21-18.27.16:668][844]LogAudio: Display: Audio Device (ID: 1) registered with world 'Networking_GameTest'.
[2022.02.21-18.27.16:669][844]LogAIModule: Creating AISystem for world Networking_GameTest
[2022.02.21-18.27.16:670][844]LogLoad: Game class is 'GAME259_A_UREGameMode'
[2022.02.21-18.27.16:670][844]LogNet: ReplicationDriverClass is null! Not using ReplicationDriver.
[2022.02.21-18.27.16:670][844]LogNetCore: DDoS detection status: detection enabled: 0 analytics enabled: 0
[2022.02.21-18.27.16:671][844]LogInit: WinSock: Socket queue. Rx: 131072 (config 131072) Tx: 131072 (config 131072)
[2022.02.21-18.27.16:671][844]LogNet: Created socket for bind address: 0.0.0.0 on port 7777
[2022.02.21-18.27.16:671][844]PacketHandlerLog: Loaded PacketHandler component: Engine.EngineHandlerComponentFactory (StatelessConnectHandlerComponent)
[2022.02.21-18.27.16:672][844]LogNet: GameNetDriver IpNetDriver_0 IpNetDriver listening on port 7777
[2022.02.21-18.27.16:673][844]LogWorld: Bringing World /Game/LobbySystem/Levels/Networking_GameTest.Networking_GameTest up for play (max tick rate 0) at 2022.02.21-13.27.16
[2022.02.21-18.27.16:673][844]LogWorld: Bringing up level for play took: 0.000925
[2022.02.21-18.27.16:674][844]LogOnlineSession: Warning: OSS: No game present to join for session (GameSession)
[2022.02.21-18.27.16:676][844]LogLoad: Took 0.083797 seconds to LoadMap(/Game/LobbySystem/Levels/Networking_GameTest)
[2022.02.21-18.27.25:606][536]LogSlate: Window 'GAME259_A_URE (64-bit Development PCD3D_SM5) ' being destroyed
