Log file open, 02/28/22 21:53:10
LogWindows: Failed to load 'aqProf.dll' (GetLastError=126)
LogWindows: File 'aqProf.dll' does not exist
LogWindows: Failed to load 'VtuneApi.dll' (GetLastError=126)
LogWindows: File 'VtuneApi.dll' does not exist
LogWindows: Failed to load 'VtuneApi32e.dll' (GetLastError=126)
LogWindows: File 'VtuneApi32e.dll' does not exist
LogConsoleResponse: Display: Failed to find resolution value strings in scalability ini. Falling back to default.
LogConsoleResponse: Display: Failed to find resolution value strings in scalability ini. Falling back to default.
LogInit: Display: Running engine for game: GAME259_A_URE
LogPlatformFile: Not using cached read wrapper
LogTaskGraph: Started task graph with 5 named threads and 47 total threads with 3 sets of task threads.
LogStats: Stats thread started at 0.186418
LogICUInternationalization: ICU TimeZone Detection - Raw Offset: -5:00, Platform Override: ''
LogInit: Display: Loading text-based GConfig....
LogPluginManager: Mounting plugin MeshPainting
LogPluginManager: Mounting plugin XGEController
LogPluginManager: Mounting plugin Paper2D
LogPluginManager: Mounting plugin LiveLink
LogPluginManager: Mounting plugin AISupport
LogPluginManager: Mounting plugin EnvironmentQueryEditor
LogPluginManager: Mounting plugin LightPropagationVolume
LogPluginManager: Mounting plugin CameraShakePreviewer
LogPluginManager: Mounting plugin GameplayCameras
LogPluginManager: Mounting plugin OodleNetwork
LogPluginManager: Mounting plugin OodleData
LogPluginManager: Mounting plugin AnimationSharing
LogPluginManager: Mounting plugin CodeLiteSourceCodeAccess
LogPluginManager: Mounting plugin KDevelopSourceCodeAccess
LogPluginManager: Mounting plugin NullSourceCodeAccess
LogPluginManager: Mounting plugin CLionSourceCodeAccess
LogPluginManager: Mounting plugin PixWinPlugin
LogPluginManager: Mounting plugin PlasticSourceControl
LogPluginManager: Mounting plugin PerforceSourceControl
LogPluginManager: Mounting plugin PropertyAccessNode
LogPluginManager: Mounting plugin SubversionSourceControl
LogPluginManager: Mounting plugin GitSourceControl
LogPluginManager: Mounting plugin RiderSourceCodeAccess
LogPluginManager: Mounting plugin TextureFormatOodle
LogPluginManager: Mounting plugin UObjectPlugin
LogPluginManager: Mounting plugin VisualStudioCodeSourceCodeAccess
LogPluginManager: Mounting plugin VisualStudioSourceCodeAccess
LogPluginManager: Mounting plugin PluginUtils
LogPluginManager: Mounting plugin XCodeSourceCodeAccess
LogPluginManager: Mounting plugin AssetManagerEditor
LogPluginManager: Mounting plugin CryptoKeys
LogPluginManager: Mounting plugin CurveEditorTools
LogPluginManager: Mounting plugin DataValidation
LogPluginManager: Mounting plugin GameplayTagsEditor
LogPluginManager: Mounting plugin MacGraphicsSwitching
LogPluginManager: Mounting plugin GeometryMode
LogPluginManager: Mounting plugin MaterialAnalyzer
LogPluginManager: Mounting plugin FacialAnimation
LogPluginManager: Mounting plugin PluginBrowser
LogPluginManager: Mounting plugin SpeedTreeImporter
LogPluginManager: Mounting plugin MobileLauncherProfileWizard
LogPluginManager: Mounting plugin DatasmithContent
LogPluginManager: Mounting plugin VariantManagerContent
LogPluginManager: Mounting plugin Niagara
LogPluginManager: Mounting plugin LuminPlatformFeatures
LogPluginManager: Mounting plugin MagicLeap
LogPluginManager: Mounting plugin MagicLeapLightEstimation
LogPluginManager: Mounting plugin MagicLeapMedia
LogPluginManager: Mounting plugin MagicLeapPassableWorld
LogPluginManager: Mounting plugin MLSDK
LogPluginManager: Mounting plugin AlembicImporter
LogPluginManager: Mounting plugin AutomationUtils
LogPluginManager: Mounting plugin BackChannel
LogPluginManager: Mounting plugin ChaosCloth
LogPluginManager: Mounting plugin ChaosClothEditor
LogPluginManager: Mounting plugin ChaosEditor
LogPluginManager: Mounting plugin ChaosNiagara
LogPluginManager: Mounting plugin AndroidMedia
LogPluginManager: Mounting plugin ChaosSolverPlugin
LogPluginManager: Mounting plugin AvfMedia
LogPluginManager: Mounting plugin ImgMedia
LogPluginManager: Mounting plugin MediaCompositing
LogPluginManager: Mounting plugin MediaPlayerEditor
LogPluginManager: Mounting plugin TcpMessaging
LogPluginManager: Mounting plugin UdpMessaging
LogPluginManager: Mounting plugin WebMMedia
LogPluginManager: Mounting plugin WmfMedia
LogPluginManager: Mounting plugin CharacterAI
LogPluginManager: Mounting plugin GeometryCache
LogPluginManager: Mounting plugin ActorSequence
LogPluginManager: Mounting plugin GeometryCollectionPlugin
LogPluginManager: Mounting plugin LevelSequenceEditor
LogPluginManager: Mounting plugin MatineeToLevelSequence
LogPluginManager: Mounting plugin TemplateSequence
LogPluginManager: Mounting plugin GeometryProcessing
LogPluginManager: Mounting plugin MotoSynth
LogPluginManager: Mounting plugin OpenImageDenoise
LogPluginManager: Mounting plugin PlatformCrypto
LogPluginManager: Mounting plugin PlanarCut
LogPluginManager: Mounting plugin ProxyLODPlugin
LogPluginManager: Mounting plugin PythonScriptPlugin
LogPluginManager: Mounting plugin SkeletalReduction
LogPluginManager: Mounting plugin EOSShared
LogPluginManager: Mounting plugin OnlineSubsystem
LogPluginManager: Mounting plugin OnlineSubsystemNull
LogPluginManager: Mounting plugin OnlineSubsystemSteam
LogPluginManager: Mounting plugin OnlineSubsystemUtils
LogPluginManager: Mounting plugin ActorLayerUtilities
LogPluginManager: Mounting plugin LauncherChunkInstaller
LogPluginManager: Mounting plugin AndroidMoviePlayer
LogPluginManager: Mounting plugin AndroidDeviceProfileSelector
LogPluginManager: Mounting plugin AndroidPermission
LogPluginManager: Mounting plugin AppleImageUtils
LogPluginManager: Mounting plugin AppleMoviePlayer
LogPluginManager: Mounting plugin ArchVisCharacter
LogPluginManager: Mounting plugin AssetTags
LogPluginManager: Mounting plugin AudioCapture
LogPluginManager: Mounting plugin AudioSynesthesia
LogPluginManager: Mounting plugin CableComponent
LogPluginManager: Mounting plugin ChunkDownloader
LogPluginManager: Mounting plugin CustomMeshComponent
LogPluginManager: Mounting plugin EditableMesh
LogPluginManager: Mounting plugin ExampleDeviceProfileSelector
LogPluginManager: Mounting plugin GoogleCloudMessaging
LogPluginManager: Mounting plugin GooglePAD
LogPluginManager: Mounting plugin IOSDeviceProfileSelector
LogPluginManager: Mounting plugin LocationServicesBPLibrary
LogPluginManager: Mounting plugin LinuxDeviceProfileSelector
LogPluginManager: Mounting plugin MobilePatchingUtils
LogPluginManager: Mounting plugin OpenXR
LogPluginManager: Mounting plugin OpenXREyeTracker
LogPluginManager: Mounting plugin OpenXRHandTracking
LogPluginManager: Mounting plugin PhysXVehicles
LogPluginManager: Mounting plugin ScreenshotTools
LogPluginManager: Mounting plugin PostSplashScreen
LogPluginManager: Mounting plugin PropertyAccessEditor
LogPluginManager: Mounting plugin ProceduralMeshComponent
LogPluginManager: Mounting plugin RuntimePhysXCooking
LogPluginManager: Mounting plugin SignificanceManager
LogPluginManager: Mounting plugin SoundFields
LogPluginManager: Mounting plugin Synthesis
LogPluginManager: Mounting plugin WebMMoviePlayer
LogPluginManager: Mounting plugin WindowsMoviePlayer
LogPluginManager: Mounting plugin Takes
LogPluginManager: Mounting plugin ContentBrowserAssetDataSource
LogPluginManager: Mounting plugin ContentBrowserFileDataSource
LogPluginManager: Mounting plugin ContentBrowserClassDataSource
LogPluginManager: Mounting plugin OnlineSubsystemIOS
LogPluginManager: Mounting plugin OnlineSubsystemGooglePlay
LogPluginManager: Mounting plugin EOSVoiceChat
LogPluginManager: Mounting plugin OculusVR
LogPluginManager: Mounting plugin SteamShared
PixWinPlugin: PIX capture plugin failed to initialize! Check that the process is launched from PIX.
LogInit: Using libcurl 7.55.1-DEV
LogInit:  - built for x86_64-pc-win32
LogInit:  - supports SSL with OpenSSL/1.1.1
LogInit:  - supports HTTP deflate (compression) using libz 1.2.8
LogInit:  - other features:
LogInit:      CURL_VERSION_SSL
LogInit:      CURL_VERSION_LIBZ
LogInit:      CURL_VERSION_IPV6
LogInit:      CURL_VERSION_ASYNCHDNS
LogInit:      CURL_VERSION_LARGEFILE
LogInit:      CURL_VERSION_IDN
LogInit:  CurlRequestOptions (configurable via config and command line):
LogInit:  - bVerifyPeer = true  - Libcurl will verify peer certificate
LogInit:  - bUseHttpProxy = false  - Libcurl will NOT use HTTP proxy
LogInit:  - bDontReuseConnections = false  - Libcurl will reuse connections
LogInit:  - MaxHostConnections = 16  - Libcurl will limit the number of connections to a host
LogInit:  - LocalHostAddr = Default
LogInit:  - BufferSize = 65536
LogOnline: OSS: Creating online subsystem instance for: NULL
LogInit: WinSock: version 1.1 (2.2), MaxSocks=32767, MaxUdp=65467
LogOnline: OSS: TryLoadSubsystemAndSetDefault: Loaded subsystem for module [NULL]
LogOculusPluginWrapper: OculusPlugin initialized successfully
LogHMD: Failed initializing OVRPlugin 1.59.0
LogInit: Build: ++UE4+Release-4.27-CL-18319896
LogInit: Engine Version: 4.27.2-18319896+++UE4+Release-4.27
LogInit: Compatible Engine Version: 4.27.0-17155196+++UE4+Release-4.27
LogInit: Net CL: 17155196
LogInit: OS: Windows 10 (Release 2009) (), CPU: Intel(R) Core(TM) i7-10700K CPU @ 3.80GHz, GPU: NVIDIA GeForce RTX 2070 SUPER
LogInit: Compiled (64-bit): Nov 30 2021 07:12:08
LogInit: Compiled with Visual C++: 19.24.28315.00
LogInit: Build Configuration: Development
LogInit: Branch Name: ++UE4+Release-4.27
LogInit: Command Line:  /Game/UI/Maps/L_MainMenu -game -PIEVIACONSOLE -Multiprocess GameUserSettingsINI=D:/GitHub/GAME259-2022-A/GAME259_A_URE/Saved/Config/Windows/PIEGameUserSettings0.ini -MultiprocessSaveConfig -forcepassthrough -messaging -SessionName="Play in Standalone Game" -windowed -WinX=320 -WinY=184 SAVEWINPOS=1 -ResX=1270 -ResY=686
LogInit: Base Directory: D:/Unreal Engine/UE_4.27/Engine/Binaries/Win64/
LogInit: Allocator: TBB
LogInit: Installed Engine Build: 1
LogDevObjectVersion: Number of dev versions registered: 29
LogDevObjectVersion:   Dev-Blueprints (B0D832E4-1F89-4F0D-ACCF-7EB736FD4AA2): 10
LogDevObjectVersion:   Dev-Build (E1C64328-A22C-4D53-A36C-8E866417BD8C): 0
LogDevObjectVersion:   Dev-Core (375EC13C-06E4-48FB-B500-84F0262A717E): 4
LogDevObjectVersion:   Dev-Editor (E4B068ED-F494-42E9-A231-DA0B2E46BB41): 40
LogDevObjectVersion:   Dev-Framework (CFFC743F-43B0-4480-9391-14DF171D2073): 37
LogDevObjectVersion:   Dev-Mobile (B02B49B5-BB20-44E9-A304-32B752E40360): 3
LogDevObjectVersion:   Dev-Networking (A4E4105C-59A1-49B5-A7C5-40C4547EDFEE): 0
LogDevObjectVersion:   Dev-Online (39C831C9-5AE6-47DC-9A44-9C173E1C8E7C): 0
LogDevObjectVersion:   Dev-Physics (78F01B33-EBEA-4F98-B9B4-84EACCB95AA2): 14
LogDevObjectVersion:   Dev-Platform (6631380F-2D4D-43E0-8009-CF276956A95A): 0
LogDevObjectVersion:   Dev-Rendering (12F88B9F-8875-4AFC-A67C-D90C383ABD29): 45
LogDevObjectVersion:   Dev-Sequencer (7B5AE74C-D270-4C10-A958-57980B212A5A): 13
LogDevObjectVersion:   Dev-VR (D7296918-1DD6-4BDD-9DE2-64A83CC13884): 3
LogDevObjectVersion:   Dev-LoadTimes (C2A15278-BFE7-4AFE-6C17-90FF531DF755): 1
LogDevObjectVersion:   Private-Geometry (6EACA3D4-40EC-4CC1-B786-8BED09428FC5): 3
LogDevObjectVersion:   Dev-AnimPhys (29E575DD-E0A3-4627-9D10-D276232CDCEA): 17
LogDevObjectVersion:   Dev-Anim (AF43A65D-7FD3-4947-9873-3E8ED9C1BB05): 15
LogDevObjectVersion:   Dev-ReflectionCapture (6B266CEC-1EC7-4B8F-A30B-E4D90942FC07): 1
LogDevObjectVersion:   Dev-Automation (0DF73D61-A23F-47EA-B727-89E90C41499A): 1
LogDevObjectVersion:   FortniteMain (601D1886-AC64-4F84-AA16-D3DE0DEAC7D6): 47
LogDevObjectVersion:   FortniteRelease (E7086368-6B23-4C58-8439-1B7016265E91): 1
LogDevObjectVersion:   Dev-Enterprise (9DFFBCD6-494F-0158-E221-12823C92A888): 10
LogDevObjectVersion:   Dev-Niagara (F2AED0AC-9AFE-416F-8664-AA7FFA26D6FC): 1
LogDevObjectVersion:   Dev-Destruction (174F1F0B-B4C6-45A5-B13F-2EE8D0FB917D): 10
LogDevObjectVersion:   Dev-Physics-Ext (35F94A83-E258-406C-A318-09F59610247C): 41
LogDevObjectVersion:   Dev-PhysicsMaterial-Chaos (B68FC16E-8B1B-42E2-B453-215C058844FE): 1
LogDevObjectVersion:   Dev-CineCamera (B2E18506-4273-CFC2-A54E-F4BB758BBA07): 1
LogDevObjectVersion:   Dev-VirtualProduction (64F58936-FD1B-42BA-BA96-7289D5D0FA4E): 1
LogDevObjectVersion:   Dev-MediaFramework (6F0ED827-A609-4895-9C91-998D90180EA4): 2
LogInit: Presizing for max 25165824 objects, including 0 objects not considered by GC, pre-allocating 0 bytes for permanent pool.
LogConfig: Applying CVar settings from Section [/Script/Engine.StreamingSettings] File [D:/GitHub/GAME259-2022-A/GAME259_A_URE/Saved/Config/Windows/Engine.ini]
LogConfig: Setting CVar [[s.MinBulkDataSizeForAsyncLoading:131072]]
LogConfig: Setting CVar [[s.AsyncLoadingThreadEnabled:0]]
LogConfig: Setting CVar [[s.EventDrivenLoaderEnabled:1]]
LogConfig: Setting CVar [[s.WarnIfTimeLimitExceeded:0]]
LogConfig: Setting CVar [[s.TimeLimitExceededMultiplier:1.5]]
LogConfig: Setting CVar [[s.TimeLimitExceededMinTime:0.005]]
LogConfig: Setting CVar [[s.UseBackgroundLevelStreaming:1]]
LogConfig: Setting CVar [[s.PriorityAsyncLoadingExtraTime:15.0]]
LogConfig: Setting CVar [[s.LevelStreamingActorsUpdateTimeLimit:5.0]]
LogConfig: Setting CVar [[s.PriorityLevelStreamingActorsUpdateExtraTime:5.0]]
LogConfig: Setting CVar [[s.LevelStreamingComponentsRegistrationGranularity:10]]
LogConfig: Setting CVar [[s.UnregisterComponentsTimeLimit:1.0]]
LogConfig: Setting CVar [[s.LevelStreamingComponentsUnregistrationGranularity:5]]
LogConfig: Setting CVar [[s.FlushStreamingOnExit:1]]
LogInit: Object subsystem initialized
LogConfig: Setting CVar [[con.DebugEarlyDefault:1]]
LogConfig: Setting CVar [[r.setres:1280x720]]
[2022.03.01-02.53.10:604][  0]LogConfig: Setting CVar [[con.DebugEarlyDefault:1]]
[2022.03.01-02.53.10:604][  0]LogConfig: Setting CVar [[r.setres:1280x720]]
[2022.03.01-02.53.10:604][  0]LogConfig: Applying CVar settings from Section [/Script/Engine.RendererSettings] File [D:/GitHub/GAME259-2022-A/GAME259_A_URE/Saved/Config/Windows/Engine.ini]
[2022.03.01-02.53.10:604][  0]LogConfig: Setting CVar [[r.GPUCrashDebugging:0]]
[2022.03.01-02.53.10:604][  0]LogConfig: Applying CVar settings from Section [/Script/Engine.RendererOverrideSettings] File [D:/GitHub/GAME259-2022-A/GAME259_A_URE/Saved/Config/Windows/Engine.ini]
[2022.03.01-02.53.10:604][  0]LogConfig: Applying CVar settings from Section [/Script/Engine.StreamingSettings] File [D:/GitHub/GAME259-2022-A/GAME259_A_URE/Saved/Config/Windows/Engine.ini]
[2022.03.01-02.53.10:604][  0]LogConfig: Setting CVar [[s.MinBulkDataSizeForAsyncLoading:131072]]
[2022.03.01-02.53.10:604][  0]LogConfig: Setting CVar [[s.AsyncLoadingThreadEnabled:0]]
[2022.03.01-02.53.10:604][  0]LogConfig: Setting CVar [[s.EventDrivenLoaderEnabled:1]]
[2022.03.01-02.53.10:604][  0]LogConfig: Setting CVar [[s.WarnIfTimeLimitExceeded:0]]
[2022.03.01-02.53.10:604][  0]LogConfig: Setting CVar [[s.TimeLimitExceededMultiplier:1.5]]
[2022.03.01-02.53.10:604][  0]LogConfig: Setting CVar [[s.TimeLimitExceededMinTime:0.005]]
[2022.03.01-02.53.10:604][  0]LogConfig: Setting CVar [[s.UseBackgroundLevelStreaming:1]]
[2022.03.01-02.53.10:604][  0]LogConfig: Setting CVar [[s.PriorityAsyncLoadingExtraTime:15.0]]
[2022.03.01-02.53.10:604][  0]LogConfig: Setting CVar [[s.LevelStreamingActorsUpdateTimeLimit:5.0]]
[2022.03.01-02.53.10:604][  0]LogConfig: Setting CVar [[s.PriorityLevelStreamingActorsUpdateExtraTime:5.0]]
[2022.03.01-02.53.10:604][  0]LogConfig: Setting CVar [[s.LevelStreamingComponentsRegistrationGranularity:10]]
[2022.03.01-02.53.10:604][  0]LogConfig: Setting CVar [[s.UnregisterComponentsTimeLimit:1.0]]
[2022.03.01-02.53.10:604][  0]LogConfig: Setting CVar [[s.LevelStreamingComponentsUnregistrationGranularity:5]]
[2022.03.01-02.53.10:604][  0]LogConfig: Setting CVar [[s.FlushStreamingOnExit:1]]
[2022.03.01-02.53.10:604][  0]LogConfig: Applying CVar settings from Section [/Script/Engine.GarbageCollectionSettings] File [D:/GitHub/GAME259-2022-A/GAME259_A_URE/Saved/Config/Windows/Engine.ini]
[2022.03.01-02.53.10:604][  0]LogConfig: Setting CVar [[gc.MaxObjectsNotConsideredByGC:1]]
[2022.03.01-02.53.10:604][  0]LogConfig: Setting CVar [[gc.SizeOfPermanentObjectPool:0]]
[2022.03.01-02.53.10:604][  0]LogConfig: Setting CVar [[gc.FlushStreamingOnGC:0]]
[2022.03.01-02.53.10:604][  0]LogConfig: Setting CVar [[gc.NumRetriesBeforeForcingGC:10]]
[2022.03.01-02.53.10:604][  0]LogConfig: Setting CVar [[gc.AllowParallelGC:1]]
[2022.03.01-02.53.10:604][  0]LogConfig: Setting CVar [[gc.TimeBetweenPurgingPendingKillObjects:61.1]]
[2022.03.01-02.53.10:604][  0]LogConfig: Setting CVar [[gc.MaxObjectsInEditor:25165824]]
[2022.03.01-02.53.10:604][  0]LogConfig: Setting CVar [[gc.IncrementalBeginDestroyEnabled:1]]
[2022.03.01-02.53.10:604][  0]LogConfig: Setting CVar [[gc.CreateGCClusters:1]]
[2022.03.01-02.53.10:604][  0]LogConfig: Setting CVar [[gc.MinGCClusterSize:5]]
[2022.03.01-02.53.10:604][  0]LogConfig: Setting CVar [[gc.ActorClusteringEnabled:0]]
[2022.03.01-02.53.10:604][  0]LogConfig: Setting CVar [[gc.BlueprintClusteringEnabled:0]]
[2022.03.01-02.53.10:604][  0]LogConfig: Setting CVar [[gc.UseDisregardForGCOnDedicatedServers:0]]
[2022.03.01-02.53.10:604][  0]LogConfig: Setting CVar [[gc.MultithreadedDestructionEnabled:1]]
[2022.03.01-02.53.10:604][  0]LogConfig: Applying CVar settings from Section [/Script/Engine.NetworkSettings] File [D:/GitHub/GAME259-2022-A/GAME259_A_URE/Saved/Config/Windows/Engine.ini]
[2022.03.01-02.53.10:604][  0]LogConfig: Applying CVar settings from Section [/Script/UnrealEd.CookerSettings] File [D:/GitHub/GAME259-2022-A/GAME259_A_URE/Saved/Config/Windows/Engine.ini]
[2022.03.01-02.53.10:618][  0]LogConfig: Applying CVar settings from Section [ViewDistanceQuality@3] File [D:/GitHub/GAME259-2022-A/GAME259_A_URE/Saved/Config/Windows/Scalability.ini]
[2022.03.01-02.53.10:618][  0]LogConfig: Setting CVar [[r.SkeletalMeshLODBias:0]]
[2022.03.01-02.53.10:618][  0]LogConfig: Setting CVar [[r.ViewDistanceScale:1.0]]
[2022.03.01-02.53.10:618][  0]LogConfig: Applying CVar settings from Section [AntiAliasingQuality@3] File [D:/GitHub/GAME259-2022-A/GAME259_A_URE/Saved/Config/Windows/Scalability.ini]
[2022.03.01-02.53.10:618][  0]LogConfig: Setting CVar [[r.PostProcessAAQuality:4]]
[2022.03.01-02.53.10:618][  0]LogConfig: Applying CVar settings from Section [ShadowQuality@3] File [D:/GitHub/GAME259-2022-A/GAME259_A_URE/Saved/Config/Windows/Scalability.ini]
[2022.03.01-02.53.10:618][  0]LogConfig: Setting CVar [[r.LightFunctionQuality:1]]
[2022.03.01-02.53.10:618][  0]LogConfig: Setting CVar [[r.ShadowQuality:5]]
[2022.03.01-02.53.10:618][  0]LogConfig: Setting CVar [[r.Shadow.CSM.MaxCascades:10]]
[2022.03.01-02.53.10:618][  0]LogConfig: Setting CVar [[r.Shadow.MaxResolution:2048]]
[2022.03.01-02.53.10:618][  0]LogConfig: Setting CVar [[r.Shadow.MaxCSMResolution:2048]]
[2022.03.01-02.53.10:618][  0]LogConfig: Setting CVar [[r.Shadow.RadiusThreshold:0.01]]
[2022.03.01-02.53.10:618][  0]LogConfig: Setting CVar [[r.Shadow.DistanceScale:1.0]]
[2022.03.01-02.53.10:618][  0]LogConfig: Setting CVar [[r.Shadow.CSM.TransitionScale:1.0]]
[2022.03.01-02.53.10:618][  0]LogConfig: Setting CVar [[r.Shadow.PreShadowResolutionFactor:1.0]]
[2022.03.01-02.53.10:618][  0]LogConfig: Setting CVar [[r.DistanceFieldShadowing:1]]
[2022.03.01-02.53.10:618][  0]LogConfig: Setting CVar [[r.DistanceFieldAO:1]]
[2022.03.01-02.53.10:618][  0]LogConfig: Setting CVar [[r.AOQuality:2]]
[2022.03.01-02.53.10:618][  0]LogConfig: Setting CVar [[r.VolumetricFog:1]]
[2022.03.01-02.53.10:618][  0]LogConfig: Setting CVar [[r.VolumetricFog.GridPixelSize:8]]
[2022.03.01-02.53.10:618][  0]LogConfig: Setting CVar [[r.VolumetricFog.GridSizeZ:128]]
[2022.03.01-02.53.10:618][  0]LogConfig: Setting CVar [[r.VolumetricFog.HistoryMissSupersampleCount:4]]
[2022.03.01-02.53.10:618][  0]LogConfig: Setting CVar [[r.LightMaxDrawDistanceScale:1]]
[2022.03.01-02.53.10:618][  0]LogConfig: Setting CVar [[r.CapsuleShadows:1]]
[2022.03.01-02.53.10:618][  0]LogConfig: Applying CVar settings from Section [PostProcessQuality@3] File [D:/GitHub/GAME259-2022-A/GAME259_A_URE/Saved/Config/Windows/Scalability.ini]
[2022.03.01-02.53.10:618][  0]LogConfig: Setting CVar [[r.MotionBlurQuality:4]]
[2022.03.01-02.53.10:618][  0]LogConfig: Setting CVar [[r.AmbientOcclusionMipLevelFactor:0.4]]
[2022.03.01-02.53.10:619][  0]LogConfig: Setting CVar [[r.AmbientOcclusionMaxQuality:100]]
[2022.03.01-02.53.10:619][  0]LogConfig: Setting CVar [[r.AmbientOcclusionLevels:-1]]
[2022.03.01-02.53.10:619][  0]LogConfig: Setting CVar [[r.AmbientOcclusionRadiusScale:1.0]]
[2022.03.01-02.53.10:619][  0]LogConfig: Setting CVar [[r.DepthOfFieldQuality:2]]
[2022.03.01-02.53.10:619][  0]LogConfig: Setting CVar [[r.RenderTargetPoolMin:400]]
[2022.03.01-02.53.10:619][  0]LogConfig: Setting CVar [[r.LensFlareQuality:2]]
[2022.03.01-02.53.10:619][  0]LogConfig: Setting CVar [[r.SceneColorFringeQuality:1]]
[2022.03.01-02.53.10:619][  0]LogConfig: Setting CVar [[r.EyeAdaptationQuality:2]]
[2022.03.01-02.53.10:619][  0]LogConfig: Setting CVar [[r.BloomQuality:5]]
[2022.03.01-02.53.10:619][  0]LogConfig: Setting CVar [[r.FastBlurThreshold:100]]
[2022.03.01-02.53.10:619][  0]LogConfig: Setting CVar [[r.Upscale.Quality:3]]
[2022.03.01-02.53.10:619][  0]LogConfig: Setting CVar [[r.Tonemapper.GrainQuantization:1]]
[2022.03.01-02.53.10:619][  0]LogConfig: Setting CVar [[r.LightShaftQuality:1]]
[2022.03.01-02.53.10:619][  0]LogConfig: Setting CVar [[r.Filter.SizeScale:1]]
[2022.03.01-02.53.10:619][  0]LogConfig: Setting CVar [[r.Tonemapper.Quality:5]]
[2022.03.01-02.53.10:619][  0]LogConfig: Setting CVar [[r.DOF.Gather.AccumulatorQuality:1        ; higher gathering accumulator quality]]
[2022.03.01-02.53.10:619][  0]LogConfig: Setting CVar [[r.DOF.Gather.PostfilterMethod:1          ; Median3x3 postfilering method]]
[2022.03.01-02.53.10:619][  0]LogConfig: Setting CVar [[r.DOF.Gather.EnableBokehSettings:0       ; no bokeh simulation when gathering]]
[2022.03.01-02.53.10:619][  0]LogConfig: Setting CVar [[r.DOF.Gather.RingCount:4                 ; medium number of samples when gathering]]
[2022.03.01-02.53.10:619][  0]LogConfig: Setting CVar [[r.DOF.Scatter.ForegroundCompositing:1    ; additive foreground scattering]]
[2022.03.01-02.53.10:619][  0]LogConfig: Setting CVar [[r.DOF.Scatter.BackgroundCompositing:2    ; additive background scattering]]
[2022.03.01-02.53.10:619][  0]LogConfig: Setting CVar [[r.DOF.Scatter.EnableBokehSettings:1      ; bokeh simulation when scattering]]
[2022.03.01-02.53.10:619][  0]LogConfig: Setting CVar [[r.DOF.Scatter.MaxSpriteRatio:0.1         ; only a maximum of 10% of scattered bokeh]]
[2022.03.01-02.53.10:619][  0]LogConfig: Setting CVar [[r.DOF.Recombine.Quality:1                ; cheap slight out of focus]]
[2022.03.01-02.53.10:619][  0]LogConfig: Setting CVar [[r.DOF.Recombine.EnableBokehSettings:0    ; no bokeh simulation on slight out of focus]]
[2022.03.01-02.53.10:619][  0]LogConfig: Setting CVar [[r.DOF.TemporalAAQuality:1                ; more stable temporal accumulation]]
[2022.03.01-02.53.10:619][  0]LogConfig: Setting CVar [[r.DOF.Kernel.MaxForegroundRadius:0.025]]
[2022.03.01-02.53.10:619][  0]LogConfig: Setting CVar [[r.DOF.Kernel.MaxBackgroundRadius:0.025]]
[2022.03.01-02.53.10:619][  0]LogConfig: Applying CVar settings from Section [TextureQuality@3] File [D:/GitHub/GAME259-2022-A/GAME259_A_URE/Saved/Config/Windows/Scalability.ini]
[2022.03.01-02.53.10:619][  0]LogConfig: Setting CVar [[r.Streaming.MipBias:0]]
[2022.03.01-02.53.10:619][  0]LogConfig: Setting CVar [[r.Streaming.AmortizeCPUToGPUCopy:0]]
[2022.03.01-02.53.10:619][  0]LogConfig: Setting CVar [[r.Streaming.MaxNumTexturesToStreamPerFrame:0]]
[2022.03.01-02.53.10:619][  0]LogConfig: Setting CVar [[r.Streaming.Boost:1]]
[2022.03.01-02.53.10:619][  0]LogConfig: Setting CVar [[r.MaxAnisotropy:8]]
[2022.03.01-02.53.10:619][  0]LogConfig: Setting CVar [[r.VT.MaxAnisotropy:8]]
[2022.03.01-02.53.10:619][  0]LogConfig: Setting CVar [[r.Streaming.LimitPoolSizeToVRAM:0]]
[2022.03.01-02.53.10:619][  0]LogConfig: Setting CVar [[r.Streaming.PoolSize:1000]]
[2022.03.01-02.53.10:619][  0]LogConfig: Setting CVar [[r.Streaming.MaxEffectiveScreenSize:0]]
[2022.03.01-02.53.10:619][  0]LogConfig: Applying CVar settings from Section [EffectsQuality@3] File [D:/GitHub/GAME259-2022-A/GAME259_A_URE/Saved/Config/Windows/Scalability.ini]
[2022.03.01-02.53.10:619][  0]LogConfig: Setting CVar [[r.TranslucencyLightingVolumeDim:64]]
[2022.03.01-02.53.10:619][  0]LogConfig: Setting CVar [[r.RefractionQuality:2]]
[2022.03.01-02.53.10:619][  0]LogConfig: Setting CVar [[r.SSR.Quality:3]]
[2022.03.01-02.53.10:619][  0]LogConfig: Setting CVar [[r.SSR.HalfResSceneColor:0]]
[2022.03.01-02.53.10:619][  0]LogConfig: Setting CVar [[r.SceneColorFormat:4]]
[2022.03.01-02.53.10:619][  0]LogConfig: Setting CVar [[r.DetailMode:2]]
[2022.03.01-02.53.10:619][  0]LogConfig: Setting CVar [[r.TranslucencyVolumeBlur:1]]
[2022.03.01-02.53.10:619][  0]LogConfig: Setting CVar [[r.MaterialQualityLevel:1 ; High quality]]
[2022.03.01-02.53.10:619][  0]LogConfig: Setting CVar [[r.AnisotropicMaterials:1]]
[2022.03.01-02.53.10:619][  0]LogConfig: Setting CVar [[r.SSS.Scale:1]]
[2022.03.01-02.53.10:619][  0]LogConfig: Setting CVar [[r.SSS.SampleSet:2]]
[2022.03.01-02.53.10:619][  0]LogConfig: Setting CVar [[r.SSS.Quality:1]]
[2022.03.01-02.53.10:619][  0]LogConfig: Setting CVar [[r.SSS.HalfRes:0]]
[2022.03.01-02.53.10:619][  0]LogConfig: Setting CVar [[r.SSGI.Quality:3]]
[2022.03.01-02.53.10:619][  0]LogConfig: Setting CVar [[r.EmitterSpawnRateScale:1.0]]
[2022.03.01-02.53.10:619][  0]LogConfig: Setting CVar [[r.ParticleLightQuality:2]]
[2022.03.01-02.53.10:619][  0]LogConfig: Setting CVar [[r.SkyAtmosphere.AerialPerspectiveLUT.FastApplyOnOpaque:1 ; Always have FastSkyLUT 1 in this case to avoid wrong sky]]
[2022.03.01-02.53.10:619][  0]LogConfig: Setting CVar [[r.SkyAtmosphere.AerialPerspectiveLUT.SampleCountMaxPerSlice:4]]
[2022.03.01-02.53.10:619][  0]LogConfig: Setting CVar [[r.SkyAtmosphere.AerialPerspectiveLUT.DepthResolution:16.0]]
[2022.03.01-02.53.10:619][  0]LogConfig: Setting CVar [[r.SkyAtmosphere.FastSkyLUT:1]]
[2022.03.01-02.53.10:619][  0]LogConfig: Setting CVar [[r.SkyAtmosphere.FastSkyLUT.SampleCountMin:4.0]]
[2022.03.01-02.53.10:619][  0]LogConfig: Setting CVar [[r.SkyAtmosphere.FastSkyLUT.SampleCountMax:128.0]]
[2022.03.01-02.53.10:619][  0]LogConfig: Setting CVar [[r.SkyAtmosphere.SampleCountMin:4.0]]
[2022.03.01-02.53.10:619][  0]LogConfig: Setting CVar [[r.SkyAtmosphere.SampleCountMax:128.0]]
[2022.03.01-02.53.10:619][  0]LogConfig: Setting CVar [[r.SkyAtmosphere.TransmittanceLUT.UseSmallFormat:0]]
[2022.03.01-02.53.10:619][  0]LogConfig: Setting CVar [[r.SkyAtmosphere.TransmittanceLUT.SampleCount:10.0]]
[2022.03.01-02.53.10:619][  0]LogConfig: Setting CVar [[r.SkyAtmosphere.MultiScatteringLUT.SampleCount:15.0]]
[2022.03.01-02.53.10:619][  0]LogConfig: Setting CVar [[r.SkyLight.RealTimeReflectionCapture:1]]
[2022.03.01-02.53.10:619][  0]LogConfig: Applying CVar settings from Section [FoliageQuality@3] File [D:/GitHub/GAME259-2022-A/GAME259_A_URE/Saved/Config/Windows/Scalability.ini]
[2022.03.01-02.53.10:619][  0]LogConfig: Setting CVar [[foliage.DensityScale:1.0]]
[2022.03.01-02.53.10:619][  0]LogConfig: Setting CVar [[grass.DensityScale:1.0]]
[2022.03.01-02.53.10:619][  0]LogConfig: Applying CVar settings from Section [ShadingQuality@3] File [D:/GitHub/GAME259-2022-A/GAME259_A_URE/Saved/Config/Windows/Scalability.ini]
[2022.03.01-02.53.10:619][  0]LogConfig: Setting CVar [[r.HairStrands.SkyLighting.IntegrationType:2]]
[2022.03.01-02.53.10:619][  0]LogConfig: Setting CVar [[r.HairStrands.SkyAO.SampleCount:4]]
[2022.03.01-02.53.10:619][  0]LogConfig: Setting CVar [[r.HairStrands.Visibility.MSAA.SamplePerPixel:4]]
[2022.03.01-02.53.10:619][  0]LogInit: Selected Device Profile: [Windows]
[2022.03.01-02.53.10:619][  0]LogInit: Applying CVar settings loaded from the selected device profile: [Windows]
[2022.03.01-02.53.10:619][  0]LogHAL: Display: Platform has ~ 16 GB [17089699840 / 17179869184 / 16], which maps to Larger [LargestMinGB=32, LargerMinGB=12, DefaultMinGB=8, SmallerMinGB=6, SmallestMinGB=0)
[2022.03.01-02.53.10:619][  0]LogInit: Going up to parent DeviceProfile []
[2022.03.01-02.53.10:619][  0]LogConfig: Applying CVar settings from Section [ViewDistanceQuality@3] File [D:/GitHub/GAME259-2022-A/GAME259_A_URE/Saved/Config/Windows/Scalability.ini]
[2022.03.01-02.53.10:619][  0]LogConfig: Setting CVar [[r.SkeletalMeshLODBias:0]]
[2022.03.01-02.53.10:619][  0]LogConfig: Setting CVar [[r.ViewDistanceScale:1.0]]
[2022.03.01-02.53.10:619][  0]LogConfig: Applying CVar settings from Section [AntiAliasingQuality@3] File [D:/GitHub/GAME259-2022-A/GAME259_A_URE/Saved/Config/Windows/Scalability.ini]
[2022.03.01-02.53.10:619][  0]LogConfig: Setting CVar [[r.PostProcessAAQuality:4]]
[2022.03.01-02.53.10:619][  0]LogConfig: Applying CVar settings from Section [ShadowQuality@0] File [D:/GitHub/GAME259-2022-A/GAME259_A_URE/Saved/Config/Windows/Scalability.ini]
[2022.03.01-02.53.10:619][  0]LogConfig: Setting CVar [[r.LightFunctionQuality:0]]
[2022.03.01-02.53.10:619][  0]LogConfig: Setting CVar [[r.ShadowQuality:0]]
[2022.03.01-02.53.10:619][  0]LogConfig: Setting CVar [[r.Shadow.CSM.MaxCascades:1]]
[2022.03.01-02.53.10:619][  0]LogConfig: Setting CVar [[r.Shadow.MaxResolution:512]]
[2022.03.01-02.53.10:619][  0]LogConfig: Setting CVar [[r.Shadow.MaxCSMResolution:512]]
[2022.03.01-02.53.10:619][  0]LogConfig: Setting CVar [[r.Shadow.RadiusThreshold:0.06]]
[2022.03.01-02.53.10:619][  0]LogConfig: Setting CVar [[r.Shadow.DistanceScale:0.6]]
[2022.03.01-02.53.10:619][  0]LogConfig: Setting CVar [[r.Shadow.CSM.TransitionScale:0]]
[2022.03.01-02.53.10:619][  0]LogConfig: Setting CVar [[r.Shadow.PreShadowResolutionFactor:0.5]]
[2022.03.01-02.53.10:619][  0]LogConfig: Setting CVar [[r.DistanceFieldShadowing:0]]
[2022.03.01-02.53.10:619][  0]LogConfig: Setting CVar [[r.DistanceFieldAO:0]]
[2022.03.01-02.53.10:619][  0]LogConfig: Setting CVar [[r.VolumetricFog:0]]
[2022.03.01-02.53.10:619][  0]LogConfig: Setting CVar [[r.LightMaxDrawDistanceScale:0]]
[2022.03.01-02.53.10:619][  0]LogConfig: Setting CVar [[r.CapsuleShadows:0]]
[2022.03.01-02.53.10:619][  0]LogConfig: Applying CVar settings from Section [PostProcessQuality@3] File [D:/GitHub/GAME259-2022-A/GAME259_A_URE/Saved/Config/Windows/Scalability.ini]
[2022.03.01-02.53.10:619][  0]LogConfig: Setting CVar [[r.MotionBlurQuality:4]]
[2022.03.01-02.53.10:620][  0]LogConfig: Setting CVar [[r.AmbientOcclusionMipLevelFactor:0.4]]
[2022.03.01-02.53.10:620][  0]LogConfig: Setting CVar [[r.AmbientOcclusionMaxQuality:100]]
[2022.03.01-02.53.10:620][  0]LogConfig: Setting CVar [[r.AmbientOcclusionLevels:-1]]
[2022.03.01-02.53.10:620][  0]LogConfig: Setting CVar [[r.AmbientOcclusionRadiusScale:1.0]]
[2022.03.01-02.53.10:620][  0]LogConfig: Setting CVar [[r.DepthOfFieldQuality:2]]
[2022.03.01-02.53.10:620][  0]LogConfig: Setting CVar [[r.RenderTargetPoolMin:400]]
[2022.03.01-02.53.10:620][  0]LogConfig: Setting CVar [[r.LensFlareQuality:2]]
[2022.03.01-02.53.10:620][  0]LogConfig: Setting CVar [[r.SceneColorFringeQuality:1]]
[2022.03.01-02.53.10:620][  0]LogConfig: Setting CVar [[r.EyeAdaptationQuality:2]]
[2022.03.01-02.53.10:620][  0]LogConfig: Setting CVar [[r.BloomQuality:5]]
[2022.03.01-02.53.10:620][  0]LogConfig: Setting CVar [[r.FastBlurThreshold:100]]
[2022.03.01-02.53.10:620][  0]LogConfig: Setting CVar [[r.Upscale.Quality:3]]
[2022.03.01-02.53.10:620][  0]LogConfig: Setting CVar [[r.Tonemapper.GrainQuantization:1]]
[2022.03.01-02.53.10:620][  0]LogConfig: Setting CVar [[r.LightShaftQuality:1]]
[2022.03.01-02.53.10:620][  0]LogConfig: Setting CVar [[r.Filter.SizeScale:1]]
[2022.03.01-02.53.10:620][  0]LogConfig: Setting CVar [[r.Tonemapper.Quality:5]]
[2022.03.01-02.53.10:620][  0]LogConfig: Setting CVar [[r.DOF.Gather.AccumulatorQuality:1        ; higher gathering accumulator quality]]
[2022.03.01-02.53.10:620][  0]LogConfig: Setting CVar [[r.DOF.Gather.PostfilterMethod:1          ; Median3x3 postfilering method]]
[2022.03.01-02.53.10:620][  0]LogConfig: Setting CVar [[r.DOF.Gather.EnableBokehSettings:0       ; no bokeh simulation when gathering]]
[2022.03.01-02.53.10:620][  0]LogConfig: Setting CVar [[r.DOF.Gather.RingCount:4                 ; medium number of samples when gathering]]
[2022.03.01-02.53.10:620][  0]LogConfig: Setting CVar [[r.DOF.Scatter.ForegroundCompositing:1    ; additive foreground scattering]]
[2022.03.01-02.53.10:620][  0]LogConfig: Setting CVar [[r.DOF.Scatter.BackgroundCompositing:2    ; additive background scattering]]
[2022.03.01-02.53.10:620][  0]LogConfig: Setting CVar [[r.DOF.Scatter.EnableBokehSettings:1      ; bokeh simulation when scattering]]
[2022.03.01-02.53.10:620][  0]LogConfig: Setting CVar [[r.DOF.Scatter.MaxSpriteRatio:0.1         ; only a maximum of 10% of scattered bokeh]]
[2022.03.01-02.53.10:620][  0]LogConfig: Setting CVar [[r.DOF.Recombine.Quality:1                ; cheap slight out of focus]]
[2022.03.01-02.53.10:620][  0]LogConfig: Setting CVar [[r.DOF.Recombine.EnableBokehSettings:0    ; no bokeh simulation on slight out of focus]]
[2022.03.01-02.53.10:620][  0]LogConfig: Setting CVar [[r.DOF.TemporalAAQuality:1                ; more stable temporal accumulation]]
[2022.03.01-02.53.10:620][  0]LogConfig: Setting CVar [[r.DOF.Kernel.MaxForegroundRadius:0.025]]
[2022.03.01-02.53.10:620][  0]LogConfig: Setting CVar [[r.DOF.Kernel.MaxBackgroundRadius:0.025]]
[2022.03.01-02.53.10:620][  0]LogConfig: Applying CVar settings from Section [TextureQuality@0] File [D:/GitHub/GAME259-2022-A/GAME259_A_URE/Saved/Config/Windows/Scalability.ini]
[2022.03.01-02.53.10:620][  0]LogConfig: Setting CVar [[r.Streaming.MipBias:16]]
[2022.03.01-02.53.10:620][  0]LogConfig: Setting CVar [[r.Streaming.AmortizeCPUToGPUCopy:1]]
[2022.03.01-02.53.10:620][  0]LogConfig: Setting CVar [[r.Streaming.MaxNumTexturesToStreamPerFrame:1]]
[2022.03.01-02.53.10:620][  0]LogConfig: Setting CVar [[r.Streaming.Boost:0.3]]
[2022.03.01-02.53.10:620][  0]LogConfig: Setting CVar [[r.MaxAnisotropy:0]]
[2022.03.01-02.53.10:620][  0]LogConfig: Setting CVar [[r.VT.MaxAnisotropy:4]]
[2022.03.01-02.53.10:620][  0]LogConfig: Setting CVar [[r.Streaming.LimitPoolSizeToVRAM:1]]
[2022.03.01-02.53.10:620][  0]LogConfig: Setting CVar [[r.Streaming.PoolSize:400]]
[2022.03.01-02.53.10:620][  0]LogConfig: Setting CVar [[r.Streaming.MaxEffectiveScreenSize:0]]
[2022.03.01-02.53.10:620][  0]LogConfig: Applying CVar settings from Section [EffectsQuality@3] File [D:/GitHub/GAME259-2022-A/GAME259_A_URE/Saved/Config/Windows/Scalability.ini]
[2022.03.01-02.53.10:620][  0]LogConfig: Setting CVar [[r.TranslucencyLightingVolumeDim:64]]
[2022.03.01-02.53.10:620][  0]LogConfig: Setting CVar [[r.RefractionQuality:2]]
[2022.03.01-02.53.10:620][  0]LogConfig: Setting CVar [[r.SSR.Quality:3]]
[2022.03.01-02.53.10:620][  0]LogConfig: Setting CVar [[r.SSR.HalfResSceneColor:0]]
[2022.03.01-02.53.10:620][  0]LogConfig: Setting CVar [[r.SceneColorFormat:4]]
[2022.03.01-02.53.10:620][  0]LogConfig: Setting CVar [[r.DetailMode:2]]
[2022.03.01-02.53.10:620][  0]LogConfig: Setting CVar [[r.TranslucencyVolumeBlur:1]]
[2022.03.01-02.53.10:620][  0]LogConfig: Setting CVar [[r.MaterialQualityLevel:1 ; High quality]]
[2022.03.01-02.53.10:620][  0]LogConfig: Setting CVar [[r.AnisotropicMaterials:1]]
[2022.03.01-02.53.10:620][  0]LogConfig: Setting CVar [[r.SSS.Scale:1]]
[2022.03.01-02.53.10:620][  0]LogConfig: Setting CVar [[r.SSS.SampleSet:2]]
[2022.03.01-02.53.10:620][  0]LogConfig: Setting CVar [[r.SSS.Quality:1]]
[2022.03.01-02.53.10:620][  0]LogConfig: Setting CVar [[r.SSS.HalfRes:0]]
[2022.03.01-02.53.10:620][  0]LogConfig: Setting CVar [[r.SSGI.Quality:3]]
[2022.03.01-02.53.10:620][  0]LogConfig: Setting CVar [[r.EmitterSpawnRateScale:1.0]]
[2022.03.01-02.53.10:620][  0]LogConfig: Setting CVar [[r.ParticleLightQuality:2]]
[2022.03.01-02.53.10:620][  0]LogConfig: Setting CVar [[r.SkyAtmosphere.AerialPerspectiveLUT.FastApplyOnOpaque:1 ; Always have FastSkyLUT 1 in this case to avoid wrong sky]]
[2022.03.01-02.53.10:620][  0]LogConfig: Setting CVar [[r.SkyAtmosphere.AerialPerspectiveLUT.SampleCountMaxPerSlice:4]]
[2022.03.01-02.53.10:620][  0]LogConfig: Setting CVar [[r.SkyAtmosphere.AerialPerspectiveLUT.DepthResolution:16.0]]
[2022.03.01-02.53.10:620][  0]LogConfig: Setting CVar [[r.SkyAtmosphere.FastSkyLUT:1]]
[2022.03.01-02.53.10:620][  0]LogConfig: Setting CVar [[r.SkyAtmosphere.FastSkyLUT.SampleCountMin:4.0]]
[2022.03.01-02.53.10:620][  0]LogConfig: Setting CVar [[r.SkyAtmosphere.FastSkyLUT.SampleCountMax:128.0]]
[2022.03.01-02.53.10:620][  0]LogConfig: Setting CVar [[r.SkyAtmosphere.SampleCountMin:4.0]]
[2022.03.01-02.53.10:620][  0]LogConfig: Setting CVar [[r.SkyAtmosphere.SampleCountMax:128.0]]
[2022.03.01-02.53.10:620][  0]LogConfig: Setting CVar [[r.SkyAtmosphere.TransmittanceLUT.UseSmallFormat:0]]
[2022.03.01-02.53.10:620][  0]LogConfig: Setting CVar [[r.SkyAtmosphere.TransmittanceLUT.SampleCount:10.0]]
[2022.03.01-02.53.10:620][  0]LogConfig: Setting CVar [[r.SkyAtmosphere.MultiScatteringLUT.SampleCount:15.0]]
[2022.03.01-02.53.10:620][  0]LogConfig: Setting CVar [[r.SkyLight.RealTimeReflectionCapture:1]]
[2022.03.01-02.53.10:620][  0]LogConfig: Applying CVar settings from Section [FoliageQuality@3] File [D:/GitHub/GAME259-2022-A/GAME259_A_URE/Saved/Config/Windows/Scalability.ini]
[2022.03.01-02.53.10:620][  0]LogConfig: Setting CVar [[foliage.DensityScale:1.0]]
[2022.03.01-02.53.10:620][  0]LogConfig: Setting CVar [[grass.DensityScale:1.0]]
[2022.03.01-02.53.10:620][  0]LogConfig: Applying CVar settings from Section [ShadingQuality@3] File [D:/GitHub/GAME259-2022-A/GAME259_A_URE/Saved/Config/Windows/Scalability.ini]
[2022.03.01-02.53.10:620][  0]LogConfig: Setting CVar [[r.HairStrands.SkyLighting.IntegrationType:2]]
[2022.03.01-02.53.10:620][  0]LogConfig: Setting CVar [[r.HairStrands.SkyAO.SampleCount:4]]
[2022.03.01-02.53.10:620][  0]LogConfig: Setting CVar [[r.HairStrands.Visibility.MSAA.SamplePerPixel:4]]
[2022.03.01-02.53.10:620][  0]LogConfig: Applying CVar settings from Section [Startup] File [../../../Engine/Config/ConsoleVariables.ini]
[2022.03.01-02.53.10:620][  0]LogConfig: Setting CVar [[net.UseAdaptiveNetUpdateFrequency:0]]
[2022.03.01-02.53.10:620][  0]LogConfig: Setting CVar [[p.chaos.AllowCreatePhysxBodies:1]]
[2022.03.01-02.53.10:620][  0]LogConfig: Setting CVar [[fx.SkipVectorVMBackendOptimizations:1]]
[2022.03.01-02.53.10:620][  0]LogConfig: Applying CVar settings from Section [ConsoleVariables] File [D:/GitHub/GAME259-2022-A/GAME259_A_URE/Saved/Config/Windows/Engine.ini]
[2022.03.01-02.53.10:620][  0]LogConfig: Applying CVar settings from Section [ConsoleVariables] File [D:/GitHub/GAME259-2022-A/GAME259_A_URE/Saved/Config/Windows/Editor.ini]
[2022.03.01-02.53.10:620][  0]LogInit: Computer: TREVORPC
[2022.03.01-02.53.10:620][  0]LogInit: User: Trevor
[2022.03.01-02.53.10:620][  0]LogInit: CPU Page size=4096, Cores=8
[2022.03.01-02.53.10:621][  0]LogInit: High frequency timer resolution =10.000000 MHz
[2022.03.01-02.53.10:621][  0]LogMemory: Memory total: Physical=15.9GB (16GB approx)
[2022.03.01-02.53.10:621][  0]LogMemory: Platform Memory Stats for Windows
[2022.03.01-02.53.10:621][  0]LogMemory: Process Physical Memory: 144.61 MB used, 144.62 MB peak
[2022.03.01-02.53.10:621][  0]LogMemory: Process Virtual Memory: 130.30 MB used, 130.30 MB peak
[2022.03.01-02.53.10:621][  0]LogMemory: Physical Memory: 7960.00 MB used,  8338.01 MB free, 16298.01 MB total
[2022.03.01-02.53.10:621][  0]LogMemory: Virtual Memory: 134212792.00 MB used,  4937.42 MB free, 134217728.00 MB total
[2022.03.01-02.53.10:624][  0]LogWindows: WindowsPlatformFeatures enabled
[2022.03.01-02.53.10:654][  0]LogInit: Physics initialised using underlying interface: PhysX
[2022.03.01-02.53.10:654][  0]LogInit: Using OS detected language (en-US).
[2022.03.01-02.53.10:654][  0]LogInit: Using OS detected locale (en-CA).
[2022.03.01-02.53.10:655][  0]LogTextLocalizationManager: No specific localization for 'en-US' exists, so the 'en' localization will be used.
[2022.03.01-02.53.10:796][  0]LogWindowsTextInputMethodSystem: Display: IME system deactivated.
[2022.03.01-02.53.10:823][  0]LogSlate: New Slate User Created.  User Index 0, Is Virtual User: 0
[2022.03.01-02.53.10:823][  0]LogSlate: Slate User Registered.  User Index 0, Is Virtual User: 0
[2022.03.01-02.53.10:841][  0]LogD3D11RHI: Loaded GFSDK_Aftermath_Lib.x64.dll
[2022.03.01-02.53.10:844][  0]LogHMD: Failed to enumerate extensions. Please check that you have a valid OpenXR runtime installed.
[2022.03.01-02.53.10:844][  0]LogD3D11RHI: D3D11 min allowed feature level: 11_0
[2022.03.01-02.53.10:844][  0]LogD3D11RHI: D3D11 max allowed feature level: 11_0
[2022.03.01-02.53.10:844][  0]LogD3D11RHI: D3D11 adapters:
[2022.03.01-02.53.10:923][  0]LogD3D11RHI:    0. 'NVIDIA GeForce RTX 2070 SUPER' (Feature Level 11_0)
[2022.03.01-02.53.10:923][  0]LogD3D11RHI:       8011/0/8149 MB DedicatedVideo/DedicatedSystem/SharedSystem, Outputs:2, VendorId:0x10de
[2022.03.01-02.53.10:924][  0]LogD3D11RHI:    1. 'Microsoft Basic Render Driver' (Feature Level 11_0)
[2022.03.01-02.53.10:924][  0]LogD3D11RHI:       0/0/8149 MB DedicatedVideo/DedicatedSystem/SharedSystem, Outputs:0, VendorId:0x1414
[2022.03.01-02.53.10:924][  0]LogD3D11RHI: Chosen D3D11 Adapter:
[2022.03.01-02.53.10:924][  0]LogD3D11RHI:     Description : NVIDIA GeForce RTX 2070 SUPER
[2022.03.01-02.53.10:924][  0]LogD3D11RHI:     VendorId    : 10de
[2022.03.01-02.53.10:924][  0]LogD3D11RHI:     DeviceId    : 1e84
[2022.03.01-02.53.10:924][  0]LogD3D11RHI:     SubSysId    : 373e1462
[2022.03.01-02.53.10:924][  0]LogD3D11RHI:     Revision    : 00a1
[2022.03.01-02.53.10:924][  0]LogD3D11RHI:     DedicatedVideoMemory : 8400142336 bytes
[2022.03.01-02.53.10:924][  0]LogD3D11RHI:     DedicatedSystemMemory : 0 bytes
[2022.03.01-02.53.10:924][  0]LogD3D11RHI:     SharedSystemMemory : 8544849920 bytes
[2022.03.01-02.53.10:924][  0]LogD3D11RHI:     AdapterLuid : 0 47873
[2022.03.01-02.53.10:928][  0]LogD3D11RHI: Creating new Direct3DDevice
[2022.03.01-02.53.10:928][  0]LogD3D11RHI:     GPU DeviceId: 0x1e84 (for the marketing name, search the web for "GPU Device Id")
[2022.03.01-02.53.10:928][  0]LogWindows: EnumDisplayDevices:
[2022.03.01-02.53.10:928][  0]LogWindows:    0. 'NVIDIA GeForce RTX 2070 SUPER' (P:1 D:1)
[2022.03.01-02.53.10:929][  0]LogWindows:    1. 'NVIDIA GeForce RTX 2070 SUPER' (P:0 D:1)
[2022.03.01-02.53.10:929][  0]LogWindows:    2. 'NVIDIA GeForce RTX 2070 SUPER' (P:0 D:0)
[2022.03.01-02.53.10:929][  0]LogWindows:    3. 'NVIDIA GeForce RTX 2070 SUPER' (P:0 D:0)
[2022.03.01-02.53.10:929][  0]LogWindows: DebugString: FoundDriverCount:4 
[2022.03.01-02.53.10:929][  0]LogD3D11RHI:     Adapter Name: NVIDIA GeForce RTX 2070 SUPER
[2022.03.01-02.53.10:929][  0]LogD3D11RHI:   Driver Version: 472.12 (internal:30.0.14.7212, unified:472.12)
[2022.03.01-02.53.10:929][  0]LogD3D11RHI:      Driver Date: 9-13-2021
[2022.03.01-02.53.10:929][  0]LogRHI: Texture pool is 5607 MB (70% of 8011 MB)
[2022.03.01-02.53.10:929][  0]LogD3D11RHI: Creating D3DDevice using adapter:
[2022.03.01-02.53.10:929][  0]LogD3D11RHI:     Description : NVIDIA GeForce RTX 2070 SUPER
[2022.03.01-02.53.10:929][  0]LogD3D11RHI:     VendorId    : 10de
[2022.03.01-02.53.10:929][  0]LogD3D11RHI:     DeviceId    : 1e84
[2022.03.01-02.53.10:929][  0]LogD3D11RHI:     SubSysId    : 373e1462
[2022.03.01-02.53.10:929][  0]LogD3D11RHI:     Revision    : 00a1
[2022.03.01-02.53.10:929][  0]LogD3D11RHI:     DedicatedVideoMemory : 8400142336 bytes
[2022.03.01-02.53.10:929][  0]LogD3D11RHI:     DedicatedSystemMemory : 0 bytes
[2022.03.01-02.53.10:929][  0]LogD3D11RHI:     SharedSystemMemory : 8544849920 bytes
[2022.03.01-02.53.10:929][  0]LogD3D11RHI:     AdapterLuid : 0 47873
[2022.03.01-02.53.10:996][  0]LogD3D11RHI: RHI has support for 64 bit atomics
[2022.03.01-02.53.10:996][  0]LogD3D11RHI: Async texture creation enabled
[2022.03.01-02.53.10:996][  0]LogD3D11RHI: Array index from any shader is supported
[2022.03.01-02.53.11:017][  0]LogD3D11RHI: GPU Timing Frequency: 1000.000000 (Debug: 2 2)
[2022.03.01-02.53.11:047][  0]LogRHI: GeForceNow SDK initialized: 1
[2022.03.01-02.53.11:263][  0]LogTargetPlatformManager: Display: Loaded TargetPlatform 'WindowsNoEditor'
[2022.03.01-02.53.11:266][  0]LogTargetPlatformManager: Display: Loaded TargetPlatform 'Windows'
[2022.03.01-02.53.11:269][  0]LogTargetPlatformManager: Display: Loaded TargetPlatform 'WindowsClient'
[2022.03.01-02.53.11:272][  0]LogTargetPlatformManager: Display: Loaded TargetPlatform 'WindowsServer'
[2022.03.01-02.53.11:272][  0]LogTargetPlatformManager: Display: Building Assets For Windows
[2022.03.01-02.53.11:276][  0]LogAudioDebug: Display: Lib vorbis DLL was dynamically loaded.
[2022.03.01-02.53.11:295][  0]LogTextureFormatOodle: Display: Oodle Texture 2.9.0 init RDO Off
[2022.03.01-02.53.11:314][  0]LogRendererCore: Ray tracing is disabled. Reason: r.RayTracing=0.
[2022.03.01-02.53.11:314][  0]LogShaderCompilers: Guid format shader working directory is -4 characters bigger than the processId version (../../../../../GitHub/GAME259-2022-A/GAME259_A_URE/Intermediate/Shaders/WorkingDirectory/11604/).
[2022.03.01-02.53.11:314][  0]LogShaderCompilers: Cleaned the shader compiler working directory 'C:/Users/Trevor/AppData/Local/Temp/UnrealShaderWorkingDir/3B9AF2CA4692ACF6ABB87BBC992CC7C0/'.
[2022.03.01-02.53.11:314][  0]LogXGEController: Cannot use XGE Controller as Incredibuild is not installed on this machine.
[2022.03.01-02.53.11:314][  0]LogShaderCompilers: Cannot use XGE Shader Compiler as Incredibuild is not installed on this machine.
[2022.03.01-02.53.11:314][  0]LogShaderCompilers: Display: Using Local Shader Compiler.
[2022.03.01-02.53.11:898][  0]LogDerivedDataCache: Display: Max Cache Size: 512 MB
[2022.03.01-02.53.11:945][  0]LogDerivedDataCache: Loaded boot cache 0.05s 103MB C:/Users/Trevor/AppData/Local/UnrealEngine/4.27/DerivedDataCache/Boot.ddc.
[2022.03.01-02.53.11:945][  0]LogDerivedDataCache: Display: Loaded Boot cache: C:/Users/Trevor/AppData/Local/UnrealEngine/4.27/DerivedDataCache/Boot.ddc
[2022.03.01-02.53.11:945][  0]LogDerivedDataCache: FDerivedDataBackendGraph:  Pak pak cache file ../../../../../GitHub/GAME259-2022-A/GAME259_A_URE/DerivedDataCache/DDC.ddp not found, will not use a pak cache.
[2022.03.01-02.53.11:945][  0]LogDerivedDataCache: Unable to find inner node Pak for hierarchical cache Hierarchy.
[2022.03.01-02.53.11:945][  0]LogDerivedDataCache: FDerivedDataBackendGraph:  CompressedPak pak cache file ../../../../../GitHub/GAME259-2022-A/GAME259_A_URE/DerivedDataCache/Compressed.ddp not found, will not use a pak cache.
[2022.03.01-02.53.11:945][  0]LogDerivedDataCache: Unable to find inner node CompressedPak for hierarchical cache Hierarchy.
[2022.03.01-02.53.11:958][  0]LogDerivedDataCache: Display: Pak cache opened for reading ../../../Engine/DerivedDataCache/Compressed.ddp.
[2022.03.01-02.53.11:958][  0]LogDerivedDataCache: FDerivedDataBackendGraph:  EnterprisePak pak cache file ../../../Enterprise/DerivedDataCache/Compressed.ddp not found, will not use a pak cache.
[2022.03.01-02.53.11:958][  0]LogDerivedDataCache: Unable to find inner node EnterprisePak for hierarchical cache Hierarchy.
[2022.03.01-02.53.11:968][  0]LogDerivedDataCache: Speed tests for C:/Users/Trevor/AppData/Local/UnrealEngine/Common/DerivedDataCache took 0.01 seconds
[2022.03.01-02.53.11:968][  0]LogDerivedDataCache: Display: Performance to C:/Users/Trevor/AppData/Local/UnrealEngine/Common/DerivedDataCache: Latency=0.02ms. RandomReadSpeed=1611.80MBs, RandomWriteSpeed=101.14MBs. Assigned SpeedClass 'Local'
[2022.03.01-02.53.11:968][  0]LogDerivedDataCache: Using Local data cache path C:/Users/Trevor/AppData/Local/UnrealEngine/Common/DerivedDataCache: Writable
[2022.03.01-02.53.11:969][  0]LogDerivedDataCache: Shared data cache path not found in *engine.ini, will not use an Shared cache.
[2022.03.01-02.53.11:969][  0]LogDerivedDataCache: Unable to find inner node Shared for hierarchical cache Hierarchy.
[2022.03.01-02.53.11:997][  0]LogSlate: Using FreeType 2.10.0
[2022.03.01-02.53.11:997][  0]LogSlate: SlateFontServices - WITH_FREETYPE: 1, WITH_HARFBUZZ: 1
[2022.03.01-02.53.11:997][  0]LogHMD: Failed to enumerate extensions. Please check that you have a valid OpenXR runtime installed.
[2022.03.01-02.53.12:050][  0]LogInit: Using OS detected language (en-US).
[2022.03.01-02.53.12:050][  0]LogInit: Using OS detected locale (en-CA).
[2022.03.01-02.53.12:050][  0]LogTextLocalizationManager: No localization for 'en-US' exists, so 'en' will be used for the language.
[2022.03.01-02.53.12:050][  0]LogTextLocalizationManager: No localization for 'en-CA' exists, so 'en' will be used for the locale.
[2022.03.01-02.53.12:050][  0]LogSlate: FontCache flush requested. Reason: Culture for localization was changed
[2022.03.01-02.53.12:050][  0]LogSlate: FontCache flush requested. Reason: Culture for localization was changed
[2022.03.01-02.53.12:052][  0]LogTextLocalizationManager: Compacting localization data took   0.00ms
[2022.03.01-02.53.12:052][  0]LogAssetRegistry: FAssetRegistry took 0.0012 seconds to start up
[2022.03.01-02.53.12:171][  0]LogPackageLocalizationCache: Processed 26 localized package path(s) for 1 prioritized culture(s) in 0.000722 seconds
[2022.03.01-02.53.12:215][  0]LogInit: Selected Device Profile: [Windows]
[2022.03.01-02.53.12:215][  0]LogInit: Active device profile: [000001CABCC69400][000001CAB867B940 49] Windows
[2022.03.01-02.53.12:215][  0]LogInit: Profiles: [000001CABCC69400][000001CAB867B940 49] Windows, [000001CABCBF4100][000001CAB8683AC0 49] WindowsNoEditor, [000001CABCC28200][000001CAB86860C0 49] WindowsServer, [000001CABCBF6300][000001CAB85E2240 49] WindowsClient, [000001CABCC29D00][000001CAB85E63C0 49] IOS, [000001CABCBF6100][000001CAB85EA540 49] iPadAir, [000001CABCC2A000][000001CAB85EE6C0 49] iPadAir2, [000001CABCBA4600][000001CAB85F6980 49] IPadPro, [000001CABCBA4700][000001CAB85F29C0 49] iPadAir3, [000001CABCC2BA00][000001CAB85FAB40 49] iPadAir4, [000001CABCBA7F00][000001CAB85FECC0 49] iPadMini2, [000001CABCC28700][000001CAB8602E40 49] iPadMini3, [000001CABCBA5400][000001CAB8606FC0 49] iPadMini4, [000001CABCC2B200][000001CAB860B140 49] iPadMini5, [000001CABCB9BE00][000001CAB8613400 49] iPhone6, [000001CABCB9BF00][000001CAB860F440 49] iPodTouch6, [000001CABCBF4D00][000001CAB8617680 49] iPhone7, [000001CABCBF7C00][000001CAB867F6C0 49] iPodTouch7, [000001CABCB98700][000001CAB861B800 49] iPhone5S, [000001CABCBF5200][000001CAB861F940 49] iPhone6Plus, [000001CABCB9B100][000001CAB45CFAC0 49] iPhone6S, [000001CABCBF7400][000001CAB45D20C0 49] iPhone6SPlus, [000001CABCB99000][000001CAB45D6240 49] iPhone7Plus, [000001CABCBF5D00][000001CAB45DA3C0 49] iPhoneSE, [000001CABCB9A800][000001CAB45DE540 49] iPhone8, [000001CABCBF6200][000001CAB45E26C0 49] iPhone8Plus, [000001CABCB99900][000001CAB45E6840 49] iPhoneX, [000001CABCBF6F00][000001CAB45EA9C0 49] iPhoneXS, [000001CABCB98600][000001CAB45EEB40 49] iPhoneXSMax, [000001CABCBF5C00][000001CAB45F2CC0 49] iPhoneXR, [000001CABCB9AF00][000001CAB45F6E40 49] iPhone11, [000001CABCBF6800][000001CAB45FAFC0 49] iPhone11Pro, [000001CABCB99200][000001CAB45FF140 49] iPhone11ProMax, [000001CABCBF7300][000001CAB46032C0 49] iPhoneSE2, [000001CABCB9A100][000001CAB4607440 49] iPhone12Mini, [000001CABCBF4800][000001CAB460B5C0 49] iPhone12, [000001CABCB99F00][000001CAB8623700 49] iPhone12Pro, [000001CABCBF6700][000001CAB460F840 49] iPhone12ProMax, [000001CABCB98400][000001CAB4613980 49] iPadPro105, [000001CABCBF7800][000001CAB4617AC0 49] iPadPro129, [000001CABCB99500][000001CABC14C0C0 49] iPadPro97, [000001CABCBF7500][000001CABC150240 49] iPadPro2_129, [000001CABCB9BC00][000001CABC1543C0 49] iPad5, [000001CABCBF5E00][000001CABC158540 49] iPad6, [000001CABCB9AC00][000001CABC15C6C0 49] iPad7, [000001CABCBF6D00][000001CABC160840 49] iPad8, [000001CABCB9B500][000001CABC1649C0 49] iPadPro11, [000001CABCBF4B00][000001CABC168B40 49] iPadPro2_11, [000001CABCB9B300][000001CABC16CCC0 49] iPadPro3_129, [000001CABCBF5000][000001CABC170E40 49] iPadPro4_129, [000001CABCB9BB00][000001CABC174FC0 49] AppleTV, [000001CABCBF7900][000001CABC179140 49] AppleTV4K, [000001CABCB98E00][000001CABC17D2C0 49] TVOS, [000001CABCBF5900][000001CABC181440 49] Mac, [000001CABCB98900][000001CABC1855C0 49] MacClient, [000001CABCBF5500][000001CABC189740 49] MacNoEditor, [000001CABCB9A500][000001CABC18D8C0 49] MacServer, [000001CABCBF7700][000001CABC149A00 49] Linux, [000001CABCB99800][000001CABC191B40 49] LinuxAArch64, [000001CABCBF6400][000001CABC194100 49] LinuxNoEditor, [000001CABCB9B700][000001CABC19C280 49] LinuxAArch64NoEditor, [000001CABCBF5F00][000001CABC1A0400 49] LinuxClient, [000001CABCB9A200][000001CABC1A4580 49] LinuxAArch64Client, [000001CABCBF6900][000001CABC1A8700 49] LinuxServer, [000001CABCB9A300][000001CABC1AC880 49] LinuxAArch64Server, [000001CABCBF5700][000001CABD1C0A00 49] Android, [000001CABCB9BD00][000001CABD1C4B80 49] Android_Low, [000001CABCC28D00][000001CABD1C8D00 49] Android_Mid, [000001CABCC69600][000001CABD1CCE80 49] Android_High, [000001CABCC28F00][000001CABD1D1000 49] Android_Default, [000001CABCC69B00][000001CABD1D5180 49] Android_Adreno4xx, [000001CABCC2AF00][000001CABD1D9300 49] Android_Adreno5xx_Low, [000001CABCC6AA00][000001CABD1DD480 49] Android_Adreno5xx, [000001CABCC29300][000001CABD1E1600 49] Android_Adreno6xx, [000001CABCC6A500][000001CABD1E5780 49] Android_Adreno6xx_Vulkan, [000001CABCC2A300][000001CABD1E9900 49] Android_Mali_T6xx, [000001CABCC69700][000001CABD1EDA80 49] Android_Mali_T7xx, [000001CABCC29900][000001CABC199BC0 49] Android_Mali_T8xx, [000001CABCC68E00][000001CABD1F0180 49] Android_Mali_G71, [000001CABCC2B800][000001CABD1F42C0 49] Android_Mali_G72, [000001CABCC6A000][000001CABD1FC440 49] Android_Mali_G72_Vulkan, [000001CABCC2B600][000001CABD2005C0 49] Android_Mali_G76, [000001CABCC69800][000001CABD204740 49] Android_Mali_G76_Vulkan, [000001CABCC29000][000001CABD2088C0 49] Android_Mali_G77, [000001CABCC68100][000001CABD20CA40 49] Android_Mali_G77_Vulkan, [000001CABCC2AE00][000001CABD210BC0 49] Android_Mali_G78, [000001CABCC68700][000001CABD214D40 49] Android_Mali_G78_Vulkan, [000001CABCC2B100][000001CABD218EC0 49] Android_Mali_G710, [000001CABCC6AF00][000001CABD21D040 49] Android_Mali_G710_Vulkan, [000001CABCB9AA00][000001CABD2211C0 49] Android_Vulkan_SM5, [000001CABCC6B100][000001CABD225340 49] Android_PowerVR_G6xxx, [000001CABCB99C00][000001CABD2294C0 49] Android_PowerVR_GT7xxx, [000001CABCC68800][000001CABD22D640 49] Android_PowerVR_GE8xxx, [000001CABCB99B00][000001CABD2317C0 49] Android_PowerVR_GM9xxx, [000001CABCC68900][000001CABD235940 49] Android_PowerVR_GM9xxx_Vulkan, [000001CABCB9A400][000001CABD239AC0 49] Android_TegraK1, [000001CABCC69000][000001CABD23C0C0 49] Android_Unknown_Vulkan, [000001CABCB99100][000001CABD1F8200 49] Lumin, [000001CABCC68F00][000001CABD240340 49] Lumin_Desktop, [000001CABCB9A000][000001CABD244480 49] HoloLens, 
[2022.03.01-02.53.12:305][  0]LogMeshReduction: Using QuadricMeshReduction for automatic static mesh reduction
[2022.03.01-02.53.12:305][  0]LogMeshReduction: Using SimplygonMeshReduction for automatic skeletal mesh reduction
[2022.03.01-02.53.12:305][  0]LogMeshReduction: Using ProxyLODMeshReduction for automatic mesh merging
[2022.03.01-02.53.12:305][  0]LogMeshReduction: No distributed automatic mesh merging module available
[2022.03.01-02.53.12:305][  0]LogMeshMerging: No distributed automatic mesh merging module available
[2022.03.01-02.53.12:326][  0]LogNetVersion: GAME259_A_URE 1.0.0, NetCL: 17155196, EngineNetVer: 17, GameNetVer: 0 (Checksum: 2250587433)
[2022.03.01-02.53.12:482][  0]LogTexture: Default maximum texture size for cubemaps generated from long-lat sources has been changed from 512 to unlimited. In order to preserve old behaiour for '/Engine/MapTemplates/Sky/DaylightAmbientCubemap.DaylightAmbientCubemap', its maximum texture size has been explicitly set to 512.
[2022.03.01-02.53.12:518][  0]LogHMD: PokeAHoleMaterial loaded successfully
[2022.03.01-02.53.12:581][  0]LogMoviePlayer: Initializing movie player
[2022.03.01-02.53.12:664][  0]LogNiagaraDebuggerClient: Niagara Debugger Client Initialized | Session: 7B65CBCC492425607C0617AB0E856BC4 | Instance: 9348E6384A88C3B9DEBC6F981F192099 (TREVORPC-11604).
[2022.03.01-02.53.12:678][  0]LogCollectionManager: Loaded 0 collections in 0.000628 seconds
[2022.03.01-02.53.12:680][  0]LogFileCache: Scanning file cache for directory 'D:/GitHub/GAME259-2022-A/GAME259_A_URE/Saved/Collections/' took 0.00s
[2022.03.01-02.53.12:680][  0]LogFileCache: Scanning file cache for directory 'D:/GitHub/GAME259-2022-A/GAME259_A_URE/Content/Developers/Trevor/Collections/' took 0.00s
[2022.03.01-02.53.12:680][  0]LogCollectionManager: Fixed up redirectors for 0 collections in 0.000001 seconds (updated 0 objects)
[2022.03.01-02.53.12:746][  0]LogFileCache: Scanning file cache for directory 'D:/GitHub/GAME259-2022-A/GAME259_A_URE/Content/Collections/' took 0.00s
[2022.03.01-02.53.12:746][  0]LogTcpMessaging: Initializing TcpMessaging bridge
[2022.03.01-02.53.12:749][  0]LogUdpMessaging: Initializing bridge on interface 0.0.0.0:0 to multicast group 230.0.0.1:6666.
[2022.03.01-02.53.12:758][  0]LogPython: Using Python 3.7.7
[2022.03.01-02.53.13:098][  0]LogSteamShared: Display: Loading Steam SDK 1.51
[2022.03.01-02.53.13:098][  0]LogSteamShared: Steam SDK Loaded!
[2022.03.01-02.53.13:236][  0]SourceControl: Source control is disabled
[2022.03.01-02.53.13:236][  0]SourceControl: Source control is disabled
[2022.03.01-02.53.13:238][  0]SourceControl: Source control is disabled
[2022.03.01-02.53.13:241][  0]LogUProjectInfo: Found projects:
[2022.03.01-02.53.13:309][  0]LogOpenImageDenoise: OIDN starting up
[2022.03.01-02.53.13:315][  0]LogAndroidPermission: UAndroidPermissionCallbackProxy::GetInstance
[2022.03.01-02.53.13:327][  0]LogAudioCaptureCore: Display: No Audio Capture implementations found. Audio input will be silent.
[2022.03.01-02.53.13:327][  0]LogAudioCaptureCore: Display: No Audio Capture implementations found. Audio input will be silent.
[2022.03.01-02.53.13:379][  0]LogOcInput: OculusInput pre-init called
[2022.03.01-02.53.13:386][  0]LogUObjectArray: 23037 objects as part of root set at end of initial load.
[2022.03.01-02.53.13:386][  0]LogUObjectAllocator: 6396240 out of 0 bytes used by permanent object pool.
[2022.03.01-02.53.13:386][  0]LogUObjectArray: CloseDisregardForGC: 0/0 objects in disregard for GC pool
[2022.03.01-02.53.13:420][  0]LogEngine: Initializing Engine...
[2022.03.01-02.53.13:421][  0]LogHMD: Failed to enumerate extensions. Please check that you have a valid OpenXR runtime installed.
[2022.03.01-02.53.13:421][  0]LogMagicLeap: Warning: VR disabled because ZI is not enabled.  To enable, in the editor, Edit -> Project Settings -> Plugins -> Magic Leap Plugin -> Enable Zero Iteration
[2022.03.01-02.53.13:422][  0]LogStats: UGameplayTagsManager::InitializeManager -  0.000 s
[2022.03.01-02.53.13:491][  0]LogInit: Initializing FReadOnlyCVARCache
[2022.03.01-02.53.13:491][  0]LogAudio: Display: Initializing Audio Device Manager...
[2022.03.01-02.53.13:493][  0]LogAudio: Display: Loading Default Audio Settings Objects...
[2022.03.01-02.53.13:493][  0]LogAudio: Display: No default SoundConcurrencyObject specified (or failed to load).
[2022.03.01-02.53.13:494][  0]LogAudio: Display: Audio Device Manager Initialized
[2022.03.01-02.53.13:494][  0]LogAudio: Display: Creating Audio Device:                 Id: 1, Scope: Shared, Realtime: True
[2022.03.01-02.53.13:494][  0]LogAudioMixer: Display: Audio Mixer Platform Settings:
[2022.03.01-02.53.13:494][  0]LogAudioMixer: Display: 	Sample Rate:						  48000
[2022.03.01-02.53.13:494][  0]LogAudioMixer: Display: 	Callback Buffer Frame Size Requested: 1024
[2022.03.01-02.53.13:494][  0]LogAudioMixer: Display: 	Callback Buffer Frame Size To Use:	  1024
[2022.03.01-02.53.13:494][  0]LogAudioMixer: Display: 	Number of buffers to queue:			  2
[2022.03.01-02.53.13:494][  0]LogAudioMixer: Display: 	Max Channels (voices):				  32
[2022.03.01-02.53.13:494][  0]LogAudioMixer: Display: 	Number of Async Source Workers:		  0
[2022.03.01-02.53.13:494][  0]LogAudio: Display: AudioDevice MaxSources: 32
[2022.03.01-02.53.13:494][  0]LogAudio: Display: Audio Spatialization Plugin: None (built-in).
[2022.03.01-02.53.13:494][  0]LogAudio: Display: Audio Reverb Plugin: None (built-in).
[2022.03.01-02.53.13:494][  0]LogAudio: Display: Audio Occlusion Plugin: None (built-in).
[2022.03.01-02.53.13:494][  0]LogAudioMixer: Display: Initializing audio mixer.
[2022.03.01-02.53.13:503][  0]LogAudioMixer: Display: 0: FrontLeft
[2022.03.01-02.53.13:503][  0]LogAudioMixer: Display: 1: FrontRight
[2022.03.01-02.53.13:514][  0]LogAudioMixer: Display: Using Audio Device Speakers (HyperX Cloud Alpha S Game)
[2022.03.01-02.53.13:519][  0]LogAudioMixer: Display: Initializing Sound Submixes...
[2022.03.01-02.53.13:520][  0]LogAudioMixer: Display: Creating Master Submix 'MasterSubmixDefault'
[2022.03.01-02.53.13:520][  0]LogAudioMixer: Display: Creating Master Submix 'MasterReverbSubmixDefault'
[2022.03.01-02.53.13:521][  0]LogAudioMixer: Display: Creating Master Submix 'MasterEQSubmixDefault'
[2022.03.01-02.53.13:521][  0]LogAudioMixer: FMixerPlatformXAudio2::StartAudioStream() called
[2022.03.01-02.53.13:521][  0]LogAudioMixer: Display: Output buffers initialized: Frames=1024, Channels=2, Samples=2048
[2022.03.01-02.53.13:521][  0]LogAudioMixer: Display: Starting AudioMixerPlatformInterface::RunInternal()
[2022.03.01-02.53.13:521][  0]LogAudioMixer: Display: FMixerPlatformXAudio2::SubmitBuffer() called for the first time
[2022.03.01-02.53.13:521][  0]LogInit: FAudioDevice initialized.
[2022.03.01-02.53.13:522][  0]LogNetVersion: Set ProjectVersion to 1.0.0.0. Version Checksum will be recalculated on next use.
[2022.03.01-02.53.13:523][  0]LogInit: Texture streaming: Enabled
[2022.03.01-02.53.13:565][  0]LogAudio: Display: Audio Device (ID: 1) registered with world 'Untitled'.
[2022.03.01-02.53.13:565][  0]LogSlate: Updating window title bar state: overlay mode, drag disabled, window buttons hidden, title bar hidden
[2022.03.01-02.53.13:566][  0]LogInit: Display: Game Engine Initialized.
[2022.03.01-02.53.13:566][  0]LogNiagaraEditor: GEditor isn't valid! Particle reset commands will not work for Niagara components!
[2022.03.01-02.53.13:607][  0]LogInit: Display: Starting Game.
[2022.03.01-02.53.13:607][  0]LogNet: Browse: /Game/UI/Maps/L_MainMenu?Name=Player
[2022.03.01-02.53.13:607][  0]LogLoad: LoadMap: /Game/UI/Maps/L_MainMenu?Name=Player
[2022.03.01-02.53.13:607][  0]LogWorld: BeginTearingDown for /Temp/Untitled_0
[2022.03.01-02.53.13:608][  0]LogWorld: UWorld::CleanupWorld for Untitled, bSessionEnded=true, bCleanupResources=true
[2022.03.01-02.53.13:608][  0]LogSlate: InvalidateAllWidgets triggered.  All widgets were invalidated
[2022.03.01-02.53.13:613][  0]LogAudio: Display: Audio Device unregistered from world 'None'.
[2022.03.01-02.53.13:615][  0]LogUObjectHash: Compacting FUObjectHashTables data took   0.63ms
[2022.03.01-02.53.13:671][  0]LogAudio: Display: Audio Device (ID: 1) registered with world 'L_MainMenu'.
[2022.03.01-02.53.13:675][  0]LogAIModule: Creating AISystem for world L_MainMenu
[2022.03.01-02.53.13:676][  0]LogLoad: Game class is 'GM_MainMenu_C'
[2022.03.01-02.53.13:676][  0]LogWorld: Bringing World /Game/UI/Maps/L_MainMenu.L_MainMenu up for play (max tick rate 0) at 2022.02.28-21.53.13
[2022.03.01-02.53.13:676][  0]LogWorld: Bringing up level for play took: 0.000284
[2022.03.01-02.53.13:677][  0]LogGameMode: FindPlayerStart: PATHS NOT DEFINED or NO PLAYERSTART with positive rating
[2022.03.01-02.53.13:679][  0]r.SetRes = "1920x1080"
[2022.03.01-02.53.13:679][  0]r.ViewDistanceScale = "1"
[2022.03.01-02.53.13:679][  0]r.PostProcessAAQuality = "6"
[2022.03.01-02.53.13:679][  0]LogConfig: Applying CVar settings from Section [ShadowQuality@0] File [D:/GitHub/GAME259-2022-A/GAME259_A_URE/Saved/Config/Windows/Scalability.ini]
[2022.03.01-02.53.13:679][  0]LogConfig: Setting CVar [[r.LightFunctionQuality:0]]
[2022.03.01-02.53.13:679][  0]LogConfig: Setting CVar [[r.ShadowQuality:0]]
[2022.03.01-02.53.13:679][  0]LogConfig: Setting CVar [[r.Shadow.CSM.MaxCascades:1]]
[2022.03.01-02.53.13:679][  0]LogConfig: Setting CVar [[r.Shadow.MaxResolution:512]]
[2022.03.01-02.53.13:679][  0]LogConfig: Setting CVar [[r.Shadow.MaxCSMResolution:512]]
[2022.03.01-02.53.13:679][  0]LogConfig: Setting CVar [[r.Shadow.RadiusThreshold:0.06]]
[2022.03.01-02.53.13:679][  0]LogConfig: Setting CVar [[r.Shadow.DistanceScale:0.6]]
[2022.03.01-02.53.13:679][  0]LogConfig: Setting CVar [[r.Shadow.CSM.TransitionScale:0]]
[2022.03.01-02.53.13:679][  0]LogConfig: Setting CVar [[r.Shadow.PreShadowResolutionFactor:0.5]]
[2022.03.01-02.53.13:679][  0]LogConfig: Setting CVar [[r.DistanceFieldShadowing:0]]
[2022.03.01-02.53.13:679][  0]LogConfig: Setting CVar [[r.DistanceFieldAO:0]]
[2022.03.01-02.53.13:679][  0]LogConfig: Setting CVar [[r.VolumetricFog:0]]
[2022.03.01-02.53.13:679][  0]LogConfig: Setting CVar [[r.LightMaxDrawDistanceScale:0]]
[2022.03.01-02.53.13:679][  0]LogConfig: Setting CVar [[r.CapsuleShadows:0]]
[2022.03.01-02.53.13:679][  0]sg.ShadowQuality = "0"
[2022.03.01-02.53.13:679][  0]LogConfig: Applying CVar settings from Section [TextureQuality@0] File [D:/GitHub/GAME259-2022-A/GAME259_A_URE/Saved/Config/Windows/Scalability.ini]
[2022.03.01-02.53.13:679][  0]LogConfig: Setting CVar [[r.Streaming.MipBias:16]]
[2022.03.01-02.53.13:679][  0]LogConfig: Setting CVar [[r.Streaming.AmortizeCPUToGPUCopy:1]]
[2022.03.01-02.53.13:679][  0]LogConfig: Setting CVar [[r.Streaming.MaxNumTexturesToStreamPerFrame:1]]
[2022.03.01-02.53.13:679][  0]LogConfig: Setting CVar [[r.Streaming.Boost:0.3]]
[2022.03.01-02.53.13:679][  0]LogConfig: Setting CVar [[r.MaxAnisotropy:0]]
[2022.03.01-02.53.13:679][  0]LogConfig: Setting CVar [[r.VT.MaxAnisotropy:4]]
[2022.03.01-02.53.13:679][  0]LogConfig: Setting CVar [[r.Streaming.LimitPoolSizeToVRAM:1]]
[2022.03.01-02.53.13:679][  0]LogConfig: Setting CVar [[r.Streaming.PoolSize:400]]
[2022.03.01-02.53.13:679][  0]LogConfig: Setting CVar [[r.Streaming.MaxEffectiveScreenSize:0]]
[2022.03.01-02.53.13:679][  0]sg.TextureQuality = "0"
[2022.03.01-02.53.13:679][  0]LogLoad: Took 0.072687 seconds to LoadMap(/Game/UI/Maps/L_MainMenu)
[2022.03.01-02.53.13:754][  0]LogSlate: Took 0.000118 seconds to synchronously load lazily loaded font '../../../Engine/Content/Slate/Fonts/Roboto-Regular.ttf' (155K)
[2022.03.01-02.53.13:786][  0]LogRenderer: Reallocating scene render targets to support 720x480 Format 10 NumSamples 1 (Frame:1).
[2022.03.01-02.53.13:786][  0]LogInit: Display: Engine is initialized. Leaving FEngineLoop::Init()
[2022.03.01-02.53.13:786][  0]LogLoad: (Engine Initialization) Total time: 3.80 seconds
[2022.03.01-02.53.13:786][  0]LogLoad: (Engine Initialization) Total Blueprint compile time: 0.00 seconds
[2022.03.01-02.53.13:788][  0]LogContentStreaming: Texture pool size now 400 MB
[2022.03.01-02.53.13:790][  0]LogSlate: InvalidateAllWidgets triggered.  All widgets were invalidated
[2022.03.01-02.53.13:847][  1]LogSlate: Took 0.000093 seconds to synchronously load lazily loaded font '../../../Engine/Content/Slate/Fonts/Roboto-Regular.ttf' (155K)
[2022.03.01-02.53.15:183][253]r.SetRes = "1920x1080"
[2022.03.01-02.53.15:294][253]LogRenderer: Reallocating scene render targets to support 1920x1080 Format 10 NumSamples 1 (Frame:1255).
[2022.03.01-02.53.15:294][253]r.ViewDistanceScale = "1"
[2022.03.01-02.53.15:294][253]r.PostProcessAAQuality = "6"
[2022.03.01-02.53.15:294][253]LogConfig: Applying CVar settings from Section [ShadowQuality@0] File [D:/GitHub/GAME259-2022-A/GAME259_A_URE/Saved/Config/Windows/Scalability.ini]
[2022.03.01-02.53.15:294][253]LogConfig: Setting CVar [[r.LightFunctionQuality:0]]
[2022.03.01-02.53.15:295][253]LogConfig: Setting CVar [[r.ShadowQuality:0]]
[2022.03.01-02.53.15:295][253]LogConfig: Setting CVar [[r.Shadow.CSM.MaxCascades:1]]
[2022.03.01-02.53.15:295][253]LogConfig: Setting CVar [[r.Shadow.MaxResolution:512]]
[2022.03.01-02.53.15:295][253]LogConfig: Setting CVar [[r.Shadow.MaxCSMResolution:512]]
[2022.03.01-02.53.15:295][253]LogConfig: Setting CVar [[r.Shadow.RadiusThreshold:0.06]]
[2022.03.01-02.53.15:295][253]LogConfig: Setting CVar [[r.Shadow.DistanceScale:0.6]]
[2022.03.01-02.53.15:295][253]LogConfig: Setting CVar [[r.Shadow.CSM.TransitionScale:0]]
[2022.03.01-02.53.15:295][253]LogConfig: Setting CVar [[r.Shadow.PreShadowResolutionFactor:0.5]]
[2022.03.01-02.53.15:295][253]LogConfig: Setting CVar [[r.DistanceFieldShadowing:0]]
[2022.03.01-02.53.15:295][253]LogConfig: Setting CVar [[r.DistanceFieldAO:0]]
[2022.03.01-02.53.15:295][253]LogConfig: Setting CVar [[r.VolumetricFog:0]]
[2022.03.01-02.53.15:295][253]LogConfig: Setting CVar [[r.LightMaxDrawDistanceScale:0]]
[2022.03.01-02.53.15:295][253]LogConfig: Setting CVar [[r.CapsuleShadows:0]]
[2022.03.01-02.53.15:295][253]sg.ShadowQuality = "0"
[2022.03.01-02.53.15:295][253]LogConfig: Applying CVar settings from Section [TextureQuality@0] File [D:/GitHub/GAME259-2022-A/GAME259_A_URE/Saved/Config/Windows/Scalability.ini]
[2022.03.01-02.53.15:295][253]LogConfig: Setting CVar [[r.Streaming.MipBias:16]]
[2022.03.01-02.53.15:295][253]LogConfig: Setting CVar [[r.Streaming.AmortizeCPUToGPUCopy:1]]
[2022.03.01-02.53.15:295][253]LogConfig: Setting CVar [[r.Streaming.MaxNumTexturesToStreamPerFrame:1]]
[2022.03.01-02.53.15:295][253]LogConfig: Setting CVar [[r.Streaming.Boost:0.3]]
[2022.03.01-02.53.15:295][253]LogConfig: Setting CVar [[r.MaxAnisotropy:0]]
[2022.03.01-02.53.15:295][253]LogConfig: Setting CVar [[r.VT.MaxAnisotropy:4]]
[2022.03.01-02.53.15:295][253]LogConfig: Setting CVar [[r.Streaming.LimitPoolSizeToVRAM:1]]
[2022.03.01-02.53.15:295][253]LogConfig: Setting CVar [[r.Streaming.PoolSize:400]]
[2022.03.01-02.53.15:295][253]LogConfig: Setting CVar [[r.Streaming.MaxEffectiveScreenSize:0]]
[2022.03.01-02.53.15:295][253]sg.TextureQuality = "0"
[2022.03.01-02.53.16:554][914]r.SetRes = "1920x1080"
[2022.03.01-02.53.16:555][914]r.ViewDistanceScale = "1"
[2022.03.01-02.53.16:555][914]r.PostProcessAAQuality = "6"
[2022.03.01-02.53.16:555][914]LogConfig: Applying CVar settings from Section [ShadowQuality@0] File [D:/GitHub/GAME259-2022-A/GAME259_A_URE/Saved/Config/Windows/Scalability.ini]
[2022.03.01-02.53.16:555][914]LogConfig: Setting CVar [[r.LightFunctionQuality:0]]
[2022.03.01-02.53.16:555][914]LogConfig: Setting CVar [[r.ShadowQuality:0]]
[2022.03.01-02.53.16:555][914]LogConfig: Setting CVar [[r.Shadow.CSM.MaxCascades:1]]
[2022.03.01-02.53.16:555][914]LogConfig: Setting CVar [[r.Shadow.MaxResolution:512]]
[2022.03.01-02.53.16:555][914]LogConfig: Setting CVar [[r.Shadow.MaxCSMResolution:512]]
[2022.03.01-02.53.16:555][914]LogConfig: Setting CVar [[r.Shadow.RadiusThreshold:0.06]]
[2022.03.01-02.53.16:555][914]LogConfig: Setting CVar [[r.Shadow.DistanceScale:0.6]]
[2022.03.01-02.53.16:555][914]LogConfig: Setting CVar [[r.Shadow.CSM.TransitionScale:0]]
[2022.03.01-02.53.16:555][914]LogConfig: Setting CVar [[r.Shadow.PreShadowResolutionFactor:0.5]]
[2022.03.01-02.53.16:555][914]LogConfig: Setting CVar [[r.DistanceFieldShadowing:0]]
[2022.03.01-02.53.16:555][914]LogConfig: Setting CVar [[r.DistanceFieldAO:0]]
[2022.03.01-02.53.16:555][914]LogConfig: Setting CVar [[r.VolumetricFog:0]]
[2022.03.01-02.53.16:555][914]LogConfig: Setting CVar [[r.LightMaxDrawDistanceScale:0]]
[2022.03.01-02.53.16:555][914]LogConfig: Setting CVar [[r.CapsuleShadows:0]]
[2022.03.01-02.53.16:555][914]sg.ShadowQuality = "0"
[2022.03.01-02.53.16:555][914]LogConfig: Applying CVar settings from Section [TextureQuality@0] File [D:/GitHub/GAME259-2022-A/GAME259_A_URE/Saved/Config/Windows/Scalability.ini]
[2022.03.01-02.53.16:555][914]LogConfig: Setting CVar [[r.Streaming.MipBias:16]]
[2022.03.01-02.53.16:555][914]LogConfig: Setting CVar [[r.Streaming.AmortizeCPUToGPUCopy:1]]
[2022.03.01-02.53.16:555][914]LogConfig: Setting CVar [[r.Streaming.MaxNumTexturesToStreamPerFrame:1]]
[2022.03.01-02.53.16:555][914]LogConfig: Setting CVar [[r.Streaming.Boost:0.3]]
[2022.03.01-02.53.16:555][914]LogConfig: Setting CVar [[r.MaxAnisotropy:0]]
[2022.03.01-02.53.16:555][914]LogConfig: Setting CVar [[r.VT.MaxAnisotropy:4]]
[2022.03.01-02.53.16:555][914]LogConfig: Setting CVar [[r.Streaming.LimitPoolSizeToVRAM:1]]
[2022.03.01-02.53.16:555][914]LogConfig: Setting CVar [[r.Streaming.PoolSize:400]]
[2022.03.01-02.53.16:555][914]LogConfig: Setting CVar [[r.Streaming.MaxEffectiveScreenSize:0]]
[2022.03.01-02.53.16:555][914]sg.TextureQuality = "0"
[2022.03.01-02.53.17:142][234]r.SetRes = "1920x1080"
[2022.03.01-02.53.17:142][234]r.ViewDistanceScale = "1"
[2022.03.01-02.53.17:142][234]r.PostProcessAAQuality = "6"
[2022.03.01-02.53.17:142][234]LogConfig: Applying CVar settings from Section [ShadowQuality@0] File [D:/GitHub/GAME259-2022-A/GAME259_A_URE/Saved/Config/Windows/Scalability.ini]
[2022.03.01-02.53.17:142][234]LogConfig: Setting CVar [[r.LightFunctionQuality:0]]
[2022.03.01-02.53.17:142][234]LogConfig: Setting CVar [[r.ShadowQuality:0]]
[2022.03.01-02.53.17:142][234]LogConfig: Setting CVar [[r.Shadow.CSM.MaxCascades:1]]
[2022.03.01-02.53.17:142][234]LogConfig: Setting CVar [[r.Shadow.MaxResolution:512]]
[2022.03.01-02.53.17:142][234]LogConfig: Setting CVar [[r.Shadow.MaxCSMResolution:512]]
[2022.03.01-02.53.17:142][234]LogConfig: Setting CVar [[r.Shadow.RadiusThreshold:0.06]]
[2022.03.01-02.53.17:142][234]LogConfig: Setting CVar [[r.Shadow.DistanceScale:0.6]]
[2022.03.01-02.53.17:142][234]LogConfig: Setting CVar [[r.Shadow.CSM.TransitionScale:0]]
[2022.03.01-02.53.17:142][234]LogConfig: Setting CVar [[r.Shadow.PreShadowResolutionFactor:0.5]]
[2022.03.01-02.53.17:142][234]LogConfig: Setting CVar [[r.DistanceFieldShadowing:0]]
[2022.03.01-02.53.17:142][234]LogConfig: Setting CVar [[r.DistanceFieldAO:0]]
[2022.03.01-02.53.17:142][234]LogConfig: Setting CVar [[r.VolumetricFog:0]]
[2022.03.01-02.53.17:142][234]LogConfig: Setting CVar [[r.LightMaxDrawDistanceScale:0]]
[2022.03.01-02.53.17:142][234]LogConfig: Setting CVar [[r.CapsuleShadows:0]]
[2022.03.01-02.53.17:142][234]sg.ShadowQuality = "0"
[2022.03.01-02.53.17:142][234]LogConfig: Applying CVar settings from Section [TextureQuality@0] File [D:/GitHub/GAME259-2022-A/GAME259_A_URE/Saved/Config/Windows/Scalability.ini]
[2022.03.01-02.53.17:142][234]LogConfig: Setting CVar [[r.Streaming.MipBias:16]]
[2022.03.01-02.53.17:142][234]LogConfig: Setting CVar [[r.Streaming.AmortizeCPUToGPUCopy:1]]
[2022.03.01-02.53.17:142][234]LogConfig: Setting CVar [[r.Streaming.MaxNumTexturesToStreamPerFrame:1]]
[2022.03.01-02.53.17:142][234]LogConfig: Setting CVar [[r.Streaming.Boost:0.3]]
[2022.03.01-02.53.17:142][234]LogConfig: Setting CVar [[r.MaxAnisotropy:0]]
[2022.03.01-02.53.17:142][234]LogConfig: Setting CVar [[r.VT.MaxAnisotropy:4]]
[2022.03.01-02.53.17:142][234]LogConfig: Setting CVar [[r.Streaming.LimitPoolSizeToVRAM:1]]
[2022.03.01-02.53.17:142][234]LogConfig: Setting CVar [[r.Streaming.PoolSize:400]]
[2022.03.01-02.53.17:142][234]LogConfig: Setting CVar [[r.Streaming.MaxEffectiveScreenSize:0]]
[2022.03.01-02.53.17:142][234]sg.TextureQuality = "0"
[2022.03.01-02.53.19:493][538]Closing by request
[2022.03.01-02.53.19:493][538]LogWindows: FPlatformMisc::RequestExit(0)
[2022.03.01-02.53.19:493][538]LogWindows: FPlatformMisc::RequestExitWithStatus(0, 0)
[2022.03.01-02.53.19:493][538]LogCore: Engine exit requested (reason: Win RequestExit)
[2022.03.01-02.53.19:495][539]LogCore: Engine exit requested (reason: EngineExit() was called; note: exit was already requested)
[2022.03.01-02.53.19:495][539]LogInit: Display: PreExit Game.
[2022.03.01-02.53.19:495][539]LogWorld: BeginTearingDown for /Game/UI/Maps/L_MainMenu
[2022.03.01-02.53.19:496][539]LogWorld: UWorld::CleanupWorld for L_MainMenu, bSessionEnded=true, bCleanupResources=true
[2022.03.01-02.53.19:496][539]LogSlate: InvalidateAllWidgets triggered.  All widgets were invalidated
[2022.03.01-02.53.20:425][539]LogAudio: Display: Beginning Audio Device Manager Shutdown (Module: AudioMixerXAudio2)...
[2022.03.01-02.53.20:425][539]LogAudio: Display: Destroying 1 Remaining Audio Device(s)...
[2022.03.01-02.53.20:425][539]LogAudio: Display: Audio Device unregistered from world 'L_MainMenu'.
[2022.03.01-02.53.20:450][539]LogAudioMixer: FMixerPlatformXAudio2::StopAudioStream() called
[2022.03.01-02.53.20:451][539]LogAudioMixer: FMixerPlatformXAudio2::StopAudioStream() called
[2022.03.01-02.53.20:453][539]LogAudio: Display: Audio Device Manager Shutdown
[2022.03.01-02.53.20:458][539]LogSlate: Window 'GAME259_A_URE (64-bit Development PCD3D_SM5) ' being destroyed
[2022.03.01-02.53.20:458][539]LogWindowsTextInputMethodSystem: Display: IME system deactivated.
[2022.03.01-02.53.20:461][539]LogWindowsTextInputMethodSystem: Display: IME system deactivated.
[2022.03.01-02.53.20:465][539]LogExit: Preparing to exit.
[2022.03.01-02.53.20:471][539]LogUObjectHash: Compacting FUObjectHashTables data took   0.97ms
