Log file open, 02/21/22 12:45:20
LogWindows: Failed to load 'aqProf.dll' (GetLastError=126)
LogWindows: File 'aqProf.dll' does not exist
LogWindows: Failed to load 'VtuneApi.dll' (GetLastError=126)
LogWindows: File 'VtuneApi.dll' does not exist
LogWindows: Failed to load 'VtuneApi32e.dll' (GetLastError=126)
LogWindows: File 'VtuneApi32e.dll' does not exist
LogConsoleResponse: Display: Failed to find resolution value strings in scalability ini. Falling back to default.
LogConsoleResponse: Display: Failed to find resolution value strings in scalability ini. Falling back to default.
LogInit: Display: Running engine for game: GAME259_A_URE
LogPlatformFile: Not using cached read wrapper
LogTaskGraph: Started task graph with 5 named threads and 35 total threads with 3 sets of task threads.
LogStats: Stats thread started at 0.282621
LogICUInternationalization: ICU TimeZone Detection - Raw Offset: -5:00, Platform Override: ''
LogInit: Display: Loading text-based GConfig....
LogPluginManager: Mounting plugin MegascansPlugin
LogPluginManager: Mounting plugin MeshPainting
LogPluginManager: Mounting plugin XGEController
LogPluginManager: Mounting plugin Paper2D
LogPluginManager: Mounting plugin AISupport
LogPluginManager: Mounting plugin LightPropagationVolume
LogPluginManager: Mounting plugin EnvironmentQueryEditor
LogPluginManager: Mounting plugin LiveLink
LogPluginManager: Mounting plugin CameraShakePreviewer
LogPluginManager: Mounting plugin GameplayCameras
LogPluginManager: Mounting plugin AnimationSharing
LogPluginManager: Mounting plugin CodeLiteSourceCodeAccess
LogPluginManager: Mounting plugin CLionSourceCodeAccess
LogPluginManager: Mounting plugin GitSourceControl
LogPluginManager: Mounting plugin KDevelopSourceCodeAccess
LogPluginManager: Mounting plugin NullSourceCodeAccess
LogPluginManager: Mounting plugin PerforceSourceControl
LogPluginManager: Mounting plugin PixWinPlugin
LogPluginManager: Mounting plugin PlasticSourceControl
LogPluginManager: Mounting plugin PluginUtils
LogPluginManager: Mounting plugin PropertyAccessNode
LogPluginManager: Mounting plugin RiderLink
LogPluginManager: Mounting plugin RiderSourceCodeAccess
LogPluginManager: Mounting plugin SubversionSourceControl
LogPluginManager: Mounting plugin TextureFormatOodle
LogPluginManager: Mounting plugin VisualStudioSourceCodeAccess
LogPluginManager: Mounting plugin AssetManagerEditor
LogPluginManager: Mounting plugin VisualStudioCodeSourceCodeAccess
LogPluginManager: Mounting plugin XCodeSourceCodeAccess
LogPluginManager: Mounting plugin UObjectPlugin
LogPluginManager: Mounting plugin CryptoKeys
LogPluginManager: Mounting plugin CurveEditorTools
LogPluginManager: Mounting plugin EditorScriptingUtilities
LogPluginManager: Mounting plugin DataValidation
LogPluginManager: Mounting plugin FacialAnimation
LogPluginManager: Mounting plugin GameplayTagsEditor
LogPluginManager: Mounting plugin GeometryMode
LogPluginManager: Mounting plugin MacGraphicsSwitching
LogPluginManager: Mounting plugin MaterialAnalyzer
LogPluginManager: Mounting plugin MobileLauncherProfileWizard
LogPluginManager: Mounting plugin PluginBrowser
LogPluginManager: Mounting plugin SpeedTreeImporter
LogPluginManager: Mounting plugin DatasmithContent
LogPluginManager: Mounting plugin AlembicImporter
LogPluginManager: Mounting plugin AutomationUtils
LogPluginManager: Mounting plugin BackChannel
LogPluginManager: Mounting plugin ChaosCloth
LogPluginManager: Mounting plugin ChaosClothEditor
LogPluginManager: Mounting plugin ChaosNiagara
LogPluginManager: Mounting plugin ChaosSolverPlugin
LogPluginManager: Mounting plugin CharacterAI
LogPluginManager: Mounting plugin VariantManagerContent
LogPluginManager: Mounting plugin ChaosEditor
LogPluginManager: Mounting plugin GeometryCache
LogPluginManager: Mounting plugin GeometryCollectionPlugin
LogPluginManager: Mounting plugin LuminPlatformFeatures
LogPluginManager: Mounting plugin GeometryProcessing
LogPluginManager: Mounting plugin MagicLeap
LogPluginManager: Mounting plugin MotoSynth
LogPluginManager: Mounting plugin OpenImageDenoise
LogPluginManager: Mounting plugin Niagara
LogPluginManager: Mounting plugin MagicLeapLightEstimation
LogPluginManager: Mounting plugin PlanarCut
LogPluginManager: Mounting plugin PlatformCrypto
LogPluginManager: Mounting plugin ProxyLODPlugin
LogPluginManager: Mounting plugin MagicLeapMedia
LogPluginManager: Mounting plugin MagicLeapPassableWorld
LogPluginManager: Mounting plugin PythonScriptPlugin
LogPluginManager: Mounting plugin MLSDK
LogPluginManager: Mounting plugin SkeletalReduction
LogPluginManager: Mounting plugin ActorSequence
LogPluginManager: Mounting plugin MatineeToLevelSequence
LogPluginManager: Mounting plugin LevelSequenceEditor
LogPluginManager: Mounting plugin TemplateSequence
LogPluginManager: Mounting plugin EOSShared
LogPluginManager: Mounting plugin OnlineSubsystem
LogPluginManager: Mounting plugin AndroidMedia
LogPluginManager: Mounting plugin OnlineSubsystemNull
LogPluginManager: Mounting plugin OnlineSubsystemSteam
LogPluginManager: Mounting plugin AvfMedia
LogPluginManager: Mounting plugin OnlineSubsystemUtils
LogPluginManager: Mounting plugin ImgMedia
LogPluginManager: Mounting plugin MediaCompositing
LogPluginManager: Mounting plugin MediaPlayerEditor
LogPluginManager: Mounting plugin WebMMedia
LogPluginManager: Mounting plugin WmfMedia
LogPluginManager: Mounting plugin LauncherChunkInstaller
LogPluginManager: Mounting plugin ActorLayerUtilities
LogPluginManager: Mounting plugin TcpMessaging
LogPluginManager: Mounting plugin AndroidDeviceProfileSelector
LogPluginManager: Mounting plugin AndroidPermission
LogPluginManager: Mounting plugin UdpMessaging
LogPluginManager: Mounting plugin AndroidMoviePlayer
LogPluginManager: Mounting plugin AssetTags
LogPluginManager: Mounting plugin ArchVisCharacter
LogPluginManager: Mounting plugin AppleImageUtils
LogPluginManager: Mounting plugin AppleMoviePlayer
LogPluginManager: Mounting plugin AudioSynesthesia
LogPluginManager: Mounting plugin CableComponent
LogPluginManager: Mounting plugin CustomMeshComponent
LogPluginManager: Mounting plugin ExampleDeviceProfileSelector
LogPluginManager: Mounting plugin EditableMesh
LogPluginManager: Mounting plugin AudioCapture
LogPluginManager: Mounting plugin GoogleCloudMessaging
LogPluginManager: Mounting plugin ChunkDownloader
LogPluginManager: Mounting plugin GooglePAD
LogPluginManager: Mounting plugin LinuxDeviceProfileSelector
LogPluginManager: Mounting plugin LocationServicesBPLibrary
LogPluginManager: Mounting plugin IOSDeviceProfileSelector
LogPluginManager: Mounting plugin MobilePatchingUtils
LogPluginManager: Mounting plugin OpenXR
LogPluginManager: Mounting plugin OpenXRHandTracking
LogPluginManager: Mounting plugin OpenXREyeTracker
LogPluginManager: Mounting plugin ScreenshotTools
LogPluginManager: Mounting plugin PhysXVehicles
LogPluginManager: Mounting plugin ProceduralMeshComponent
LogPluginManager: Mounting plugin PropertyAccessEditor
LogPluginManager: Mounting plugin PostSplashScreen
LogPluginManager: Mounting plugin Takes
LogPluginManager: Mounting plugin RuntimePhysXCooking
LogPluginManager: Mounting plugin SignificanceManager
LogPluginManager: Mounting plugin SoundFields
LogPluginManager: Mounting plugin Synthesis
LogPluginManager: Mounting plugin WebMMoviePlayer
LogPluginManager: Mounting plugin WindowsMoviePlayer
LogPluginManager: Mounting plugin OodleData
LogPluginManager: Mounting plugin OodleNetwork
LogPluginManager: Mounting plugin ContentBrowserClassDataSource
LogPluginManager: Mounting plugin ContentBrowserFileDataSource
LogPluginManager: Mounting plugin ContentBrowserAssetDataSource
LogPluginManager: Mounting plugin OnlineSubsystemGooglePlay
LogPluginManager: Mounting plugin OnlineSubsystemIOS
LogPluginManager: Mounting plugin EOSVoiceChat
LogPluginManager: Mounting plugin DatabaseSupport
LogPluginManager: Mounting plugin SQLiteCore
LogPluginManager: Mounting plugin SQLiteSupport
LogPluginManager: Mounting plugin OculusVR
LogPluginManager: Mounting plugin SteamShared
PixWinPlugin: PIX capture plugin failed to initialize! Check that the process is launched from PIX.
LogInit: Using libcurl 7.55.1-DEV
LogInit:  - built for x86_64-pc-win32
LogInit:  - supports SSL with OpenSSL/1.1.1
LogInit:  - supports HTTP deflate (compression) using libz 1.2.8
LogInit:  - other features:
LogInit:      CURL_VERSION_SSL
LogInit:      CURL_VERSION_LIBZ
LogInit:      CURL_VERSION_IPV6
LogInit:      CURL_VERSION_ASYNCHDNS
LogInit:      CURL_VERSION_LARGEFILE
LogInit:      CURL_VERSION_IDN
LogInit:  CurlRequestOptions (configurable via config and command line):
LogInit:  - bVerifyPeer = true  - Libcurl will verify peer certificate
LogInit:  - bUseHttpProxy = false  - Libcurl will NOT use HTTP proxy
LogInit:  - bDontReuseConnections = false  - Libcurl will reuse connections
LogInit:  - MaxHostConnections = 16  - Libcurl will limit the number of connections to a host
LogInit:  - LocalHostAddr = Default
LogInit:  - BufferSize = 65536
LogOnline: OSS: Creating online subsystem instance for: NULL
LogInit: WinSock: version 1.1 (2.2), MaxSocks=32767, MaxUdp=65467
LogOnline: OSS: TryLoadSubsystemAndSetDefault: Loaded subsystem for module [NULL]
LogOculusPluginWrapper: OculusPlugin initialized successfully
LogHMD: Failed initializing OVRPlugin 1.59.0
LogInit: Build: ++UE4+Release-4.27-CL-18319896
LogInit: Engine Version: 4.27.2-18319896+++UE4+Release-4.27
LogInit: Compatible Engine Version: 4.27.0-17155196+++UE4+Release-4.27
LogInit: Net CL: 17155196
LogInit: OS: Windows 10 (Release 2009) (), CPU: Intel(R) Core(TM) i7-8700 CPU @ 3.20GHz, GPU: NVIDIA GeForce GTX 1070
LogInit: Compiled (64-bit): Nov 30 2021 07:12:08
LogInit: Compiled with Visual C++: 19.24.28315.00
LogInit: Build Configuration: Development
LogInit: Branch Name: ++UE4+Release-4.27
LogInit: Command Line: -ResX=800 -ResY=900 -WinX=0 -WinY=20 -log -game
LogInit: Base Directory: D:/UE_4.27/Engine/Binaries/Win64/
LogInit: Allocator: TBB
LogInit: Installed Engine Build: 1
LogDevObjectVersion: Number of dev versions registered: 29
LogDevObjectVersion:   Dev-Blueprints (B0D832E4-1F89-4F0D-ACCF-7EB736FD4AA2): 10
LogDevObjectVersion:   Dev-Build (E1C64328-A22C-4D53-A36C-8E866417BD8C): 0
LogDevObjectVersion:   Dev-Core (375EC13C-06E4-48FB-B500-84F0262A717E): 4
LogDevObjectVersion:   Dev-Editor (E4B068ED-F494-42E9-A231-DA0B2E46BB41): 40
LogDevObjectVersion:   Dev-Framework (CFFC743F-43B0-4480-9391-14DF171D2073): 37
LogDevObjectVersion:   Dev-Mobile (B02B49B5-BB20-44E9-A304-32B752E40360): 3
LogDevObjectVersion:   Dev-Networking (A4E4105C-59A1-49B5-A7C5-40C4547EDFEE): 0
LogDevObjectVersion:   Dev-Online (39C831C9-5AE6-47DC-9A44-9C173E1C8E7C): 0
LogDevObjectVersion:   Dev-Physics (78F01B33-EBEA-4F98-B9B4-84EACCB95AA2): 14
LogDevObjectVersion:   Dev-Platform (6631380F-2D4D-43E0-8009-CF276956A95A): 0
LogDevObjectVersion:   Dev-Rendering (12F88B9F-8875-4AFC-A67C-D90C383ABD29): 45
LogDevObjectVersion:   Dev-Sequencer (7B5AE74C-D270-4C10-A958-57980B212A5A): 13
LogDevObjectVersion:   Dev-VR (D7296918-1DD6-4BDD-9DE2-64A83CC13884): 3
LogDevObjectVersion:   Dev-LoadTimes (C2A15278-BFE7-4AFE-6C17-90FF531DF755): 1
LogDevObjectVersion:   Private-Geometry (6EACA3D4-40EC-4CC1-B786-8BED09428FC5): 3
LogDevObjectVersion:   Dev-AnimPhys (29E575DD-E0A3-4627-9D10-D276232CDCEA): 17
LogDevObjectVersion:   Dev-Anim (AF43A65D-7FD3-4947-9873-3E8ED9C1BB05): 15
LogDevObjectVersion:   Dev-ReflectionCapture (6B266CEC-1EC7-4B8F-A30B-E4D90942FC07): 1
LogDevObjectVersion:   Dev-Automation (0DF73D61-A23F-47EA-B727-89E90C41499A): 1
LogDevObjectVersion:   FortniteMain (601D1886-AC64-4F84-AA16-D3DE0DEAC7D6): 47
LogDevObjectVersion:   FortniteRelease (E7086368-6B23-4C58-8439-1B7016265E91): 1
LogDevObjectVersion:   Dev-Enterprise (9DFFBCD6-494F-0158-E221-12823C92A888): 10
LogDevObjectVersion:   Dev-Niagara (F2AED0AC-9AFE-416F-8664-AA7FFA26D6FC): 1
LogDevObjectVersion:   Dev-Destruction (174F1F0B-B4C6-45A5-B13F-2EE8D0FB917D): 10
LogDevObjectVersion:   Dev-Physics-Ext (35F94A83-E258-406C-A318-09F59610247C): 41
LogDevObjectVersion:   Dev-PhysicsMaterial-Chaos (B68FC16E-8B1B-42E2-B453-215C058844FE): 1
LogDevObjectVersion:   Dev-CineCamera (B2E18506-4273-CFC2-A54E-F4BB758BBA07): 1
LogDevObjectVersion:   Dev-VirtualProduction (64F58936-FD1B-42BA-BA96-7289D5D0FA4E): 1
LogDevObjectVersion:   Dev-MediaFramework (6F0ED827-A609-4895-9C91-998D90180EA4): 2
LogInit: Presizing for max 25165824 objects, including 0 objects not considered by GC, pre-allocating 0 bytes for permanent pool.
LogConfig: Applying CVar settings from Section [/Script/Engine.StreamingSettings] File [D:/GitHub/GAME259-2022-A/GAME259_A_URE/Saved/Config/Windows/Engine.ini]
LogConfig: Setting CVar [[s.MinBulkDataSizeForAsyncLoading:131072]]
LogConfig: Setting CVar [[s.AsyncLoadingThreadEnabled:0]]
LogConfig: Setting CVar [[s.EventDrivenLoaderEnabled:1]]
LogConfig: Setting CVar [[s.WarnIfTimeLimitExceeded:0]]
LogConfig: Setting CVar [[s.TimeLimitExceededMultiplier:1.5]]
LogConfig: Setting CVar [[s.TimeLimitExceededMinTime:0.005]]
LogConfig: Setting CVar [[s.UseBackgroundLevelStreaming:1]]
LogConfig: Setting CVar [[s.PriorityAsyncLoadingExtraTime:15.0]]
LogConfig: Setting CVar [[s.LevelStreamingActorsUpdateTimeLimit:5.0]]
LogConfig: Setting CVar [[s.PriorityLevelStreamingActorsUpdateExtraTime:5.0]]
LogConfig: Setting CVar [[s.LevelStreamingComponentsRegistrationGranularity:10]]
LogConfig: Setting CVar [[s.UnregisterComponentsTimeLimit:1.0]]
LogConfig: Setting CVar [[s.LevelStreamingComponentsUnregistrationGranularity:5]]
LogConfig: Setting CVar [[s.FlushStreamingOnExit:1]]
LogInit: Object subsystem initialized
LogConfig: Setting CVar [[con.DebugEarlyDefault:1]]
LogConfig: Setting CVar [[r.setres:1280x720]]
[2022.02.21-17.45.21:756][  0]LogConfig: Setting CVar [[con.DebugEarlyDefault:1]]
[2022.02.21-17.45.21:757][  0]LogConfig: Setting CVar [[r.setres:1280x720]]
[2022.02.21-17.45.21:757][  0]LogConfig: Applying CVar settings from Section [/Script/Engine.RendererSettings] File [D:/GitHub/GAME259-2022-A/GAME259_A_URE/Saved/Config/Windows/Engine.ini]
[2022.02.21-17.45.21:757][  0]LogConfig: Setting CVar [[r.GPUCrashDebugging:0]]
[2022.02.21-17.45.21:758][  0]LogConfig: Applying CVar settings from Section [/Script/Engine.RendererOverrideSettings] File [D:/GitHub/GAME259-2022-A/GAME259_A_URE/Saved/Config/Windows/Engine.ini]
[2022.02.21-17.45.21:758][  0]LogConfig: Applying CVar settings from Section [/Script/Engine.StreamingSettings] File [D:/GitHub/GAME259-2022-A/GAME259_A_URE/Saved/Config/Windows/Engine.ini]
[2022.02.21-17.45.21:758][  0]LogConfig: Setting CVar [[s.MinBulkDataSizeForAsyncLoading:131072]]
[2022.02.21-17.45.21:758][  0]LogConfig: Setting CVar [[s.AsyncLoadingThreadEnabled:0]]
[2022.02.21-17.45.21:759][  0]LogConfig: Setting CVar [[s.EventDrivenLoaderEnabled:1]]
[2022.02.21-17.45.21:759][  0]LogConfig: Setting CVar [[s.WarnIfTimeLimitExceeded:0]]
[2022.02.21-17.45.21:759][  0]LogConfig: Setting CVar [[s.TimeLimitExceededMultiplier:1.5]]
[2022.02.21-17.45.21:760][  0]LogConfig: Setting CVar [[s.TimeLimitExceededMinTime:0.005]]
[2022.02.21-17.45.21:760][  0]LogConfig: Setting CVar [[s.UseBackgroundLevelStreaming:1]]
[2022.02.21-17.45.21:760][  0]LogConfig: Setting CVar [[s.PriorityAsyncLoadingExtraTime:15.0]]
[2022.02.21-17.45.21:761][  0]LogConfig: Setting CVar [[s.LevelStreamingActorsUpdateTimeLimit:5.0]]
[2022.02.21-17.45.21:761][  0]LogConfig: Setting CVar [[s.PriorityLevelStreamingActorsUpdateExtraTime:5.0]]
[2022.02.21-17.45.21:761][  0]LogConfig: Setting CVar [[s.LevelStreamingComponentsRegistrationGranularity:10]]
[2022.02.21-17.45.21:762][  0]LogConfig: Setting CVar [[s.UnregisterComponentsTimeLimit:1.0]]
[2022.02.21-17.45.21:762][  0]LogConfig: Setting CVar [[s.LevelStreamingComponentsUnregistrationGranularity:5]]
[2022.02.21-17.45.21:762][  0]LogConfig: Setting CVar [[s.FlushStreamingOnExit:1]]
[2022.02.21-17.45.21:763][  0]LogConfig: Applying CVar settings from Section [/Script/Engine.GarbageCollectionSettings] File [D:/GitHub/GAME259-2022-A/GAME259_A_URE/Saved/Config/Windows/Engine.ini]
[2022.02.21-17.45.21:763][  0]LogConfig: Setting CVar [[gc.MaxObjectsNotConsideredByGC:1]]
[2022.02.21-17.45.21:763][  0]LogConfig: Setting CVar [[gc.SizeOfPermanentObjectPool:0]]
[2022.02.21-17.45.21:764][  0]LogConfig: Setting CVar [[gc.FlushStreamingOnGC:0]]
[2022.02.21-17.45.21:767][  0]LogConfig: Setting CVar [[gc.NumRetriesBeforeForcingGC:10]]
[2022.02.21-17.45.21:768][  0]LogConfig: Setting CVar [[gc.AllowParallelGC:1]]
[2022.02.21-17.45.21:768][  0]LogConfig: Setting CVar [[gc.TimeBetweenPurgingPendingKillObjects:61.1]]
[2022.02.21-17.45.21:768][  0]LogConfig: Setting CVar [[gc.MaxObjectsInEditor:25165824]]
[2022.02.21-17.45.21:769][  0]LogConfig: Setting CVar [[gc.IncrementalBeginDestroyEnabled:1]]
[2022.02.21-17.45.21:769][  0]LogConfig: Setting CVar [[gc.CreateGCClusters:1]]
[2022.02.21-17.45.21:769][  0]LogConfig: Setting CVar [[gc.MinGCClusterSize:5]]
[2022.02.21-17.45.21:770][  0]LogConfig: Setting CVar [[gc.ActorClusteringEnabled:0]]
[2022.02.21-17.45.21:770][  0]LogConfig: Setting CVar [[gc.BlueprintClusteringEnabled:0]]
[2022.02.21-17.45.21:770][  0]LogConfig: Setting CVar [[gc.UseDisregardForGCOnDedicatedServers:0]]
[2022.02.21-17.45.21:770][  0]LogConfig: Setting CVar [[gc.MultithreadedDestructionEnabled:1]]
[2022.02.21-17.45.21:771][  0]LogConfig: Applying CVar settings from Section [/Script/Engine.NetworkSettings] File [D:/GitHub/GAME259-2022-A/GAME259_A_URE/Saved/Config/Windows/Engine.ini]
[2022.02.21-17.45.21:771][  0]LogConfig: Applying CVar settings from Section [/Script/UnrealEd.CookerSettings] File [D:/GitHub/GAME259-2022-A/GAME259_A_URE/Saved/Config/Windows/Engine.ini]
[2022.02.21-17.45.21:797][  0]LogConfig: Applying CVar settings from Section [ViewDistanceQuality@3] File [D:/GitHub/GAME259-2022-A/GAME259_A_URE/Saved/Config/Windows/Scalability.ini]
[2022.02.21-17.45.21:797][  0]LogConfig: Setting CVar [[r.SkeletalMeshLODBias:0]]
[2022.02.21-17.45.21:799][  0]LogConfig: Setting CVar [[r.ViewDistanceScale:1.0]]
[2022.02.21-17.45.21:799][  0]LogConfig: Applying CVar settings from Section [AntiAliasingQuality@3] File [D:/GitHub/GAME259-2022-A/GAME259_A_URE/Saved/Config/Windows/Scalability.ini]
[2022.02.21-17.45.21:799][  0]LogConfig: Setting CVar [[r.PostProcessAAQuality:4]]
[2022.02.21-17.45.21:800][  0]LogConfig: Applying CVar settings from Section [ShadowQuality@3] File [D:/GitHub/GAME259-2022-A/GAME259_A_URE/Saved/Config/Windows/Scalability.ini]
[2022.02.21-17.45.21:800][  0]LogConfig: Setting CVar [[r.LightFunctionQuality:1]]
[2022.02.21-17.45.21:800][  0]LogConfig: Setting CVar [[r.ShadowQuality:5]]
[2022.02.21-17.45.21:801][  0]LogConfig: Setting CVar [[r.Shadow.CSM.MaxCascades:10]]
[2022.02.21-17.45.21:801][  0]LogConfig: Setting CVar [[r.Shadow.MaxResolution:2048]]
[2022.02.21-17.45.21:801][  0]LogConfig: Setting CVar [[r.Shadow.MaxCSMResolution:2048]]
[2022.02.21-17.45.21:802][  0]LogConfig: Setting CVar [[r.Shadow.RadiusThreshold:0.01]]
[2022.02.21-17.45.21:802][  0]LogConfig: Setting CVar [[r.Shadow.DistanceScale:1.0]]
[2022.02.21-17.45.21:802][  0]LogConfig: Setting CVar [[r.Shadow.CSM.TransitionScale:1.0]]
[2022.02.21-17.45.21:802][  0]LogConfig: Setting CVar [[r.Shadow.PreShadowResolutionFactor:1.0]]
[2022.02.21-17.45.21:803][  0]LogConfig: Setting CVar [[r.DistanceFieldShadowing:1]]
[2022.02.21-17.45.21:803][  0]LogConfig: Setting CVar [[r.DistanceFieldAO:1]]
[2022.02.21-17.45.21:803][  0]LogConfig: Setting CVar [[r.AOQuality:2]]
[2022.02.21-17.45.21:804][  0]LogConfig: Setting CVar [[r.VolumetricFog:1]]
[2022.02.21-17.45.21:804][  0]LogConfig: Setting CVar [[r.VolumetricFog.GridPixelSize:8]]
[2022.02.21-17.45.21:804][  0]LogConfig: Setting CVar [[r.VolumetricFog.GridSizeZ:128]]
[2022.02.21-17.45.21:805][  0]LogConfig: Setting CVar [[r.VolumetricFog.HistoryMissSupersampleCount:4]]
[2022.02.21-17.45.21:805][  0]LogConfig: Setting CVar [[r.LightMaxDrawDistanceScale:1]]
[2022.02.21-17.45.21:805][  0]LogConfig: Setting CVar [[r.CapsuleShadows:1]]
[2022.02.21-17.45.21:806][  0]LogConfig: Applying CVar settings from Section [PostProcessQuality@3] File [D:/GitHub/GAME259-2022-A/GAME259_A_URE/Saved/Config/Windows/Scalability.ini]
[2022.02.21-17.45.21:806][  0]LogConfig: Setting CVar [[r.MotionBlurQuality:4]]
[2022.02.21-17.45.21:807][  0]LogConfig: Setting CVar [[r.AmbientOcclusionMipLevelFactor:0.4]]
[2022.02.21-17.45.21:811][  0]LogConfig: Setting CVar [[r.AmbientOcclusionMaxQuality:100]]
[2022.02.21-17.45.21:812][  0]LogConfig: Setting CVar [[r.AmbientOcclusionLevels:-1]]
[2022.02.21-17.45.21:812][  0]LogConfig: Setting CVar [[r.AmbientOcclusionRadiusScale:1.0]]
[2022.02.21-17.45.21:813][  0]LogConfig: Setting CVar [[r.DepthOfFieldQuality:2]]
[2022.02.21-17.45.21:814][  0]LogConfig: Setting CVar [[r.RenderTargetPoolMin:400]]
[2022.02.21-17.45.21:814][  0]LogConfig: Setting CVar [[r.LensFlareQuality:2]]
[2022.02.21-17.45.21:815][  0]LogConfig: Setting CVar [[r.SceneColorFringeQuality:1]]
[2022.02.21-17.45.21:815][  0]LogConfig: Setting CVar [[r.EyeAdaptationQuality:2]]
[2022.02.21-17.45.21:816][  0]LogConfig: Setting CVar [[r.BloomQuality:5]]
[2022.02.21-17.45.21:817][  0]LogConfig: Setting CVar [[r.FastBlurThreshold:100]]
[2022.02.21-17.45.21:817][  0]LogConfig: Setting CVar [[r.Upscale.Quality:3]]
[2022.02.21-17.45.21:817][  0]LogConfig: Setting CVar [[r.Tonemapper.GrainQuantization:1]]
[2022.02.21-17.45.21:818][  0]LogConfig: Setting CVar [[r.LightShaftQuality:1]]
[2022.02.21-17.45.21:818][  0]LogConfig: Setting CVar [[r.Filter.SizeScale:1]]
[2022.02.21-17.45.21:818][  0]LogConfig: Setting CVar [[r.Tonemapper.Quality:5]]
[2022.02.21-17.45.21:819][  0]LogConfig: Setting CVar [[r.DOF.Gather.AccumulatorQuality:1        ; higher gathering accumulator quality]]
[2022.02.21-17.45.21:821][  0]LogConfig: Setting CVar [[r.DOF.Gather.PostfilterMethod:1          ; Median3x3 postfilering method]]
[2022.02.21-17.45.21:821][  0]LogConfig: Setting CVar [[r.DOF.Gather.EnableBokehSettings:0       ; no bokeh simulation when gathering]]
[2022.02.21-17.45.21:822][  0]LogConfig: Setting CVar [[r.DOF.Gather.RingCount:4                 ; medium number of samples when gathering]]
[2022.02.21-17.45.21:822][  0]LogConfig: Setting CVar [[r.DOF.Scatter.ForegroundCompositing:1    ; additive foreground scattering]]
[2022.02.21-17.45.21:822][  0]LogConfig: Setting CVar [[r.DOF.Scatter.BackgroundCompositing:2    ; additive background scattering]]
[2022.02.21-17.45.21:823][  0]LogConfig: Setting CVar [[r.DOF.Scatter.EnableBokehSettings:1      ; bokeh simulation when scattering]]
[2022.02.21-17.45.21:823][  0]LogConfig: Setting CVar [[r.DOF.Scatter.MaxSpriteRatio:0.1         ; only a maximum of 10% of scattered bokeh]]
[2022.02.21-17.45.21:824][  0]LogConfig: Setting CVar [[r.DOF.Recombine.Quality:1                ; cheap slight out of focus]]
[2022.02.21-17.45.21:824][  0]LogConfig: Setting CVar [[r.DOF.Recombine.EnableBokehSettings:0    ; no bokeh simulation on slight out of focus]]
[2022.02.21-17.45.21:824][  0]LogConfig: Setting CVar [[r.DOF.TemporalAAQuality:1                ; more stable temporal accumulation]]
[2022.02.21-17.45.21:825][  0]LogConfig: Setting CVar [[r.DOF.Kernel.MaxForegroundRadius:0.025]]
[2022.02.21-17.45.21:825][  0]LogConfig: Setting CVar [[r.DOF.Kernel.MaxBackgroundRadius:0.025]]
[2022.02.21-17.45.21:826][  0]LogConfig: Applying CVar settings from Section [TextureQuality@3] File [D:/GitHub/GAME259-2022-A/GAME259_A_URE/Saved/Config/Windows/Scalability.ini]
[2022.02.21-17.45.21:826][  0]LogConfig: Setting CVar [[r.Streaming.MipBias:0]]
[2022.02.21-17.45.21:826][  0]LogConfig: Setting CVar [[r.Streaming.AmortizeCPUToGPUCopy:0]]
[2022.02.21-17.45.21:827][  0]LogConfig: Setting CVar [[r.Streaming.MaxNumTexturesToStreamPerFrame:0]]
[2022.02.21-17.45.21:827][  0]LogConfig: Setting CVar [[r.Streaming.Boost:1]]
[2022.02.21-17.45.21:827][  0]LogConfig: Setting CVar [[r.MaxAnisotropy:8]]
[2022.02.21-17.45.21:828][  0]LogConfig: Setting CVar [[r.VT.MaxAnisotropy:8]]
[2022.02.21-17.45.21:828][  0]LogConfig: Setting CVar [[r.Streaming.LimitPoolSizeToVRAM:0]]
[2022.02.21-17.45.21:829][  0]LogConfig: Setting CVar [[r.Streaming.PoolSize:1000]]
[2022.02.21-17.45.21:829][  0]LogConfig: Setting CVar [[r.Streaming.MaxEffectiveScreenSize:0]]
[2022.02.21-17.45.21:830][  0]LogConfig: Applying CVar settings from Section [EffectsQuality@3] File [D:/GitHub/GAME259-2022-A/GAME259_A_URE/Saved/Config/Windows/Scalability.ini]
[2022.02.21-17.45.21:834][  0]LogConfig: Setting CVar [[r.TranslucencyLightingVolumeDim:64]]
[2022.02.21-17.45.21:834][  0]LogConfig: Setting CVar [[r.RefractionQuality:2]]
[2022.02.21-17.45.21:834][  0]LogConfig: Setting CVar [[r.SSR.Quality:3]]
[2022.02.21-17.45.21:835][  0]LogConfig: Setting CVar [[r.SSR.HalfResSceneColor:0]]
[2022.02.21-17.45.21:835][  0]LogConfig: Setting CVar [[r.SceneColorFormat:4]]
[2022.02.21-17.45.21:835][  0]LogConfig: Setting CVar [[r.DetailMode:2]]
[2022.02.21-17.45.21:836][  0]LogConfig: Setting CVar [[r.TranslucencyVolumeBlur:1]]
[2022.02.21-17.45.21:836][  0]LogConfig: Setting CVar [[r.MaterialQualityLevel:1 ; High quality]]
[2022.02.21-17.45.21:836][  0]LogConfig: Setting CVar [[r.AnisotropicMaterials:1]]
[2022.02.21-17.45.21:836][  0]LogConfig: Setting CVar [[r.SSS.Scale:1]]
[2022.02.21-17.45.21:837][  0]LogConfig: Setting CVar [[r.SSS.SampleSet:2]]
[2022.02.21-17.45.21:837][  0]LogConfig: Setting CVar [[r.SSS.Quality:1]]
[2022.02.21-17.45.21:837][  0]LogConfig: Setting CVar [[r.SSS.HalfRes:0]]
[2022.02.21-17.45.21:838][  0]LogConfig: Setting CVar [[r.SSGI.Quality:3]]
[2022.02.21-17.45.21:838][  0]LogConfig: Setting CVar [[r.EmitterSpawnRateScale:1.0]]
[2022.02.21-17.45.21:838][  0]LogConfig: Setting CVar [[r.ParticleLightQuality:2]]
[2022.02.21-17.45.21:839][  0]LogConfig: Setting CVar [[r.SkyAtmosphere.AerialPerspectiveLUT.FastApplyOnOpaque:1 ; Always have FastSkyLUT 1 in this case to avoid wrong sky]]
[2022.02.21-17.45.21:839][  0]LogConfig: Setting CVar [[r.SkyAtmosphere.AerialPerspectiveLUT.SampleCountMaxPerSlice:4]]
[2022.02.21-17.45.21:839][  0]LogConfig: Setting CVar [[r.SkyAtmosphere.AerialPerspectiveLUT.DepthResolution:16.0]]
[2022.02.21-17.45.21:840][  0]LogConfig: Setting CVar [[r.SkyAtmosphere.FastSkyLUT:1]]
[2022.02.21-17.45.21:840][  0]LogConfig: Setting CVar [[r.SkyAtmosphere.FastSkyLUT.SampleCountMin:4.0]]
[2022.02.21-17.45.21:840][  0]LogConfig: Setting CVar [[r.SkyAtmosphere.FastSkyLUT.SampleCountMax:128.0]]
[2022.02.21-17.45.21:841][  0]LogConfig: Setting CVar [[r.SkyAtmosphere.SampleCountMin:4.0]]
[2022.02.21-17.45.21:841][  0]LogConfig: Setting CVar [[r.SkyAtmosphere.SampleCountMax:128.0]]
[2022.02.21-17.45.21:841][  0]LogConfig: Setting CVar [[r.SkyAtmosphere.TransmittanceLUT.UseSmallFormat:0]]
[2022.02.21-17.45.21:842][  0]LogConfig: Setting CVar [[r.SkyAtmosphere.TransmittanceLUT.SampleCount:10.0]]
[2022.02.21-17.45.21:848][  0]LogConfig: Setting CVar [[r.SkyAtmosphere.MultiScatteringLUT.SampleCount:15.0]]
[2022.02.21-17.45.21:849][  0]LogConfig: Setting CVar [[r.SkyLight.RealTimeReflectionCapture:1]]
[2022.02.21-17.45.21:849][  0]LogConfig: Applying CVar settings from Section [FoliageQuality@3] File [D:/GitHub/GAME259-2022-A/GAME259_A_URE/Saved/Config/Windows/Scalability.ini]
[2022.02.21-17.45.21:850][  0]LogConfig: Setting CVar [[foliage.DensityScale:1.0]]
[2022.02.21-17.45.21:850][  0]LogConfig: Setting CVar [[grass.DensityScale:1.0]]
[2022.02.21-17.45.21:851][  0]LogConfig: Applying CVar settings from Section [ShadingQuality@3] File [D:/GitHub/GAME259-2022-A/GAME259_A_URE/Saved/Config/Windows/Scalability.ini]
[2022.02.21-17.45.21:851][  0]LogConfig: Setting CVar [[r.HairStrands.SkyLighting.IntegrationType:2]]
[2022.02.21-17.45.21:852][  0]LogConfig: Setting CVar [[r.HairStrands.SkyAO.SampleCount:4]]
[2022.02.21-17.45.21:852][  0]LogConfig: Setting CVar [[r.HairStrands.Visibility.MSAA.SamplePerPixel:4]]
[2022.02.21-17.45.21:852][  0]LogInit: Selected Device Profile: [Windows]
[2022.02.21-17.45.21:853][  0]LogInit: Applying CVar settings loaded from the selected device profile: [Windows]
[2022.02.21-17.45.21:853][  0]LogHAL: Display: Platform has ~ 16 GB [17065410560 / 17179869184 / 16], which maps to Larger [LargestMinGB=32, LargerMinGB=12, DefaultMinGB=8, SmallerMinGB=6, SmallestMinGB=0)
[2022.02.21-17.45.21:853][  0]LogInit: Going up to parent DeviceProfile []
[2022.02.21-17.45.21:854][  0]LogConfig: Applying CVar settings from Section [ViewDistanceQuality@3] File [D:/GitHub/GAME259-2022-A/GAME259_A_URE/Saved/Config/Windows/Scalability.ini]
[2022.02.21-17.45.21:856][  0]LogConfig: Setting CVar [[r.SkeletalMeshLODBias:0]]
[2022.02.21-17.45.21:857][  0]LogConfig: Setting CVar [[r.ViewDistanceScale:1.0]]
[2022.02.21-17.45.21:857][  0]LogConfig: Applying CVar settings from Section [AntiAliasingQuality@3] File [D:/GitHub/GAME259-2022-A/GAME259_A_URE/Saved/Config/Windows/Scalability.ini]
[2022.02.21-17.45.21:857][  0]LogConfig: Setting CVar [[r.PostProcessAAQuality:4]]
[2022.02.21-17.45.21:858][  0]LogConfig: Applying CVar settings from Section [ShadowQuality@3] File [D:/GitHub/GAME259-2022-A/GAME259_A_URE/Saved/Config/Windows/Scalability.ini]
[2022.02.21-17.45.21:858][  0]LogConfig: Setting CVar [[r.LightFunctionQuality:1]]
[2022.02.21-17.45.21:858][  0]LogConfig: Setting CVar [[r.ShadowQuality:5]]
[2022.02.21-17.45.21:859][  0]LogConfig: Setting CVar [[r.Shadow.CSM.MaxCascades:10]]
[2022.02.21-17.45.21:859][  0]LogConfig: Setting CVar [[r.Shadow.MaxResolution:2048]]
[2022.02.21-17.45.21:859][  0]LogConfig: Setting CVar [[r.Shadow.MaxCSMResolution:2048]]
[2022.02.21-17.45.21:860][  0]LogConfig: Setting CVar [[r.Shadow.RadiusThreshold:0.01]]
[2022.02.21-17.45.21:860][  0]LogConfig: Setting CVar [[r.Shadow.DistanceScale:1.0]]
[2022.02.21-17.45.21:860][  0]LogConfig: Setting CVar [[r.Shadow.CSM.TransitionScale:1.0]]
[2022.02.21-17.45.21:861][  0]LogConfig: Setting CVar [[r.Shadow.PreShadowResolutionFactor:1.0]]
[2022.02.21-17.45.21:861][  0]LogConfig: Setting CVar [[r.DistanceFieldShadowing:1]]
[2022.02.21-17.45.21:862][  0]LogConfig: Setting CVar [[r.DistanceFieldAO:1]]
[2022.02.21-17.45.21:862][  0]LogConfig: Setting CVar [[r.AOQuality:2]]
[2022.02.21-17.45.21:863][  0]LogConfig: Setting CVar [[r.VolumetricFog:1]]
[2022.02.21-17.45.21:863][  0]LogConfig: Setting CVar [[r.VolumetricFog.GridPixelSize:8]]
[2022.02.21-17.45.21:864][  0]LogConfig: Setting CVar [[r.VolumetricFog.GridSizeZ:128]]
[2022.02.21-17.45.21:864][  0]LogConfig: Setting CVar [[r.VolumetricFog.HistoryMissSupersampleCount:4]]
[2022.02.21-17.45.21:864][  0]LogConfig: Setting CVar [[r.LightMaxDrawDistanceScale:1]]
[2022.02.21-17.45.21:865][  0]LogConfig: Setting CVar [[r.CapsuleShadows:1]]
[2022.02.21-17.45.21:868][  0]LogConfig: Applying CVar settings from Section [PostProcessQuality@3] File [D:/GitHub/GAME259-2022-A/GAME259_A_URE/Saved/Config/Windows/Scalability.ini]
[2022.02.21-17.45.21:869][  0]LogConfig: Setting CVar [[r.MotionBlurQuality:4]]
[2022.02.21-17.45.21:869][  0]LogConfig: Setting CVar [[r.AmbientOcclusionMipLevelFactor:0.4]]
[2022.02.21-17.45.21:869][  0]LogConfig: Setting CVar [[r.AmbientOcclusionMaxQuality:100]]
[2022.02.21-17.45.21:869][  0]LogConfig: Setting CVar [[r.AmbientOcclusionLevels:-1]]
[2022.02.21-17.45.21:870][  0]LogConfig: Setting CVar [[r.AmbientOcclusionRadiusScale:1.0]]
[2022.02.21-17.45.21:870][  0]LogConfig: Setting CVar [[r.DepthOfFieldQuality:2]]
[2022.02.21-17.45.21:870][  0]LogConfig: Setting CVar [[r.RenderTargetPoolMin:400]]
[2022.02.21-17.45.21:871][  0]LogConfig: Setting CVar [[r.LensFlareQuality:2]]
[2022.02.21-17.45.21:871][  0]LogConfig: Setting CVar [[r.SceneColorFringeQuality:1]]
[2022.02.21-17.45.21:871][  0]LogConfig: Setting CVar [[r.EyeAdaptationQuality:2]]
[2022.02.21-17.45.21:872][  0]LogConfig: Setting CVar [[r.BloomQuality:5]]
[2022.02.21-17.45.21:872][  0]LogConfig: Setting CVar [[r.FastBlurThreshold:100]]
[2022.02.21-17.45.21:872][  0]LogConfig: Setting CVar [[r.Upscale.Quality:3]]
[2022.02.21-17.45.21:873][  0]LogConfig: Setting CVar [[r.Tonemapper.GrainQuantization:1]]
[2022.02.21-17.45.21:873][  0]LogConfig: Setting CVar [[r.LightShaftQuality:1]]
[2022.02.21-17.45.21:873][  0]LogConfig: Setting CVar [[r.Filter.SizeScale:1]]
[2022.02.21-17.45.21:874][  0]LogConfig: Setting CVar [[r.Tonemapper.Quality:5]]
[2022.02.21-17.45.21:874][  0]LogConfig: Setting CVar [[r.DOF.Gather.AccumulatorQuality:1        ; higher gathering accumulator quality]]
[2022.02.21-17.45.21:874][  0]LogConfig: Setting CVar [[r.DOF.Gather.PostfilterMethod:1          ; Median3x3 postfilering method]]
[2022.02.21-17.45.21:875][  0]LogConfig: Setting CVar [[r.DOF.Gather.EnableBokehSettings:0       ; no bokeh simulation when gathering]]
[2022.02.21-17.45.21:875][  0]LogConfig: Setting CVar [[r.DOF.Gather.RingCount:4                 ; medium number of samples when gathering]]
[2022.02.21-17.45.21:875][  0]LogConfig: Setting CVar [[r.DOF.Scatter.ForegroundCompositing:1    ; additive foreground scattering]]
[2022.02.21-17.45.21:876][  0]LogConfig: Setting CVar [[r.DOF.Scatter.BackgroundCompositing:2    ; additive background scattering]]
[2022.02.21-17.45.21:876][  0]LogConfig: Setting CVar [[r.DOF.Scatter.EnableBokehSettings:1      ; bokeh simulation when scattering]]
[2022.02.21-17.45.21:876][  0]LogConfig: Setting CVar [[r.DOF.Scatter.MaxSpriteRatio:0.1         ; only a maximum of 10% of scattered bokeh]]
[2022.02.21-17.45.21:877][  0]LogConfig: Setting CVar [[r.DOF.Recombine.Quality:1                ; cheap slight out of focus]]
[2022.02.21-17.45.21:881][  0]LogConfig: Setting CVar [[r.DOF.Recombine.EnableBokehSettings:0    ; no bokeh simulation on slight out of focus]]
[2022.02.21-17.45.21:881][  0]LogConfig: Setting CVar [[r.DOF.TemporalAAQuality:1                ; more stable temporal accumulation]]
[2022.02.21-17.45.21:881][  0]LogConfig: Setting CVar [[r.DOF.Kernel.MaxForegroundRadius:0.025]]
[2022.02.21-17.45.21:882][  0]LogConfig: Setting CVar [[r.DOF.Kernel.MaxBackgroundRadius:0.025]]
[2022.02.21-17.45.21:882][  0]LogConfig: Applying CVar settings from Section [TextureQuality@3] File [D:/GitHub/GAME259-2022-A/GAME259_A_URE/Saved/Config/Windows/Scalability.ini]
[2022.02.21-17.45.21:883][  0]LogConfig: Setting CVar [[r.Streaming.MipBias:0]]
[2022.02.21-17.45.21:883][  0]LogConfig: Setting CVar [[r.Streaming.AmortizeCPUToGPUCopy:0]]
[2022.02.21-17.45.21:883][  0]LogConfig: Setting CVar [[r.Streaming.MaxNumTexturesToStreamPerFrame:0]]
[2022.02.21-17.45.21:884][  0]LogConfig: Setting CVar [[r.Streaming.Boost:1]]
[2022.02.21-17.45.21:884][  0]LogConfig: Setting CVar [[r.MaxAnisotropy:8]]
[2022.02.21-17.45.21:884][  0]LogConfig: Setting CVar [[r.VT.MaxAnisotropy:8]]
[2022.02.21-17.45.21:885][  0]LogConfig: Setting CVar [[r.Streaming.LimitPoolSizeToVRAM:0]]
[2022.02.21-17.45.21:885][  0]LogConfig: Setting CVar [[r.Streaming.PoolSize:1000]]
[2022.02.21-17.45.21:885][  0]LogConfig: Setting CVar [[r.Streaming.MaxEffectiveScreenSize:0]]
[2022.02.21-17.45.21:886][  0]LogConfig: Applying CVar settings from Section [EffectsQuality@3] File [D:/GitHub/GAME259-2022-A/GAME259_A_URE/Saved/Config/Windows/Scalability.ini]
[2022.02.21-17.45.21:886][  0]LogConfig: Setting CVar [[r.TranslucencyLightingVolumeDim:64]]
[2022.02.21-17.45.21:886][  0]LogConfig: Setting CVar [[r.RefractionQuality:2]]
[2022.02.21-17.45.21:887][  0]LogConfig: Setting CVar [[r.SSR.Quality:3]]
[2022.02.21-17.45.21:887][  0]LogConfig: Setting CVar [[r.SSR.HalfResSceneColor:0]]
[2022.02.21-17.45.21:887][  0]LogConfig: Setting CVar [[r.SceneColorFormat:4]]
[2022.02.21-17.45.21:888][  0]LogConfig: Setting CVar [[r.DetailMode:2]]
[2022.02.21-17.45.21:888][  0]LogConfig: Setting CVar [[r.TranslucencyVolumeBlur:1]]
[2022.02.21-17.45.21:888][  0]LogConfig: Setting CVar [[r.MaterialQualityLevel:1 ; High quality]]
[2022.02.21-17.45.21:889][  0]LogConfig: Setting CVar [[r.AnisotropicMaterials:1]]
[2022.02.21-17.45.21:892][  0]LogConfig: Setting CVar [[r.SSS.Scale:1]]
[2022.02.21-17.45.21:892][  0]LogConfig: Setting CVar [[r.SSS.SampleSet:2]]
[2022.02.21-17.45.21:893][  0]LogConfig: Setting CVar [[r.SSS.Quality:1]]
[2022.02.21-17.45.21:893][  0]LogConfig: Setting CVar [[r.SSS.HalfRes:0]]
[2022.02.21-17.45.21:893][  0]LogConfig: Setting CVar [[r.SSGI.Quality:3]]
[2022.02.21-17.45.21:894][  0]LogConfig: Setting CVar [[r.EmitterSpawnRateScale:1.0]]
[2022.02.21-17.45.21:894][  0]LogConfig: Setting CVar [[r.ParticleLightQuality:2]]
[2022.02.21-17.45.21:894][  0]LogConfig: Setting CVar [[r.SkyAtmosphere.AerialPerspectiveLUT.FastApplyOnOpaque:1 ; Always have FastSkyLUT 1 in this case to avoid wrong sky]]
[2022.02.21-17.45.21:895][  0]LogConfig: Setting CVar [[r.SkyAtmosphere.AerialPerspectiveLUT.SampleCountMaxPerSlice:4]]
[2022.02.21-17.45.21:895][  0]LogConfig: Setting CVar [[r.SkyAtmosphere.AerialPerspectiveLUT.DepthResolution:16.0]]
[2022.02.21-17.45.21:896][  0]LogConfig: Setting CVar [[r.SkyAtmosphere.FastSkyLUT:1]]
[2022.02.21-17.45.21:896][  0]LogConfig: Setting CVar [[r.SkyAtmosphere.FastSkyLUT.SampleCountMin:4.0]]
[2022.02.21-17.45.21:897][  0]LogConfig: Setting CVar [[r.SkyAtmosphere.FastSkyLUT.SampleCountMax:128.0]]
[2022.02.21-17.45.21:897][  0]LogConfig: Setting CVar [[r.SkyAtmosphere.SampleCountMin:4.0]]
[2022.02.21-17.45.21:897][  0]LogConfig: Setting CVar [[r.SkyAtmosphere.SampleCountMax:128.0]]
[2022.02.21-17.45.21:898][  0]LogConfig: Setting CVar [[r.SkyAtmosphere.TransmittanceLUT.UseSmallFormat:0]]
[2022.02.21-17.45.21:898][  0]LogConfig: Setting CVar [[r.SkyAtmosphere.TransmittanceLUT.SampleCount:10.0]]
[2022.02.21-17.45.21:898][  0]LogConfig: Setting CVar [[r.SkyAtmosphere.MultiScatteringLUT.SampleCount:15.0]]
[2022.02.21-17.45.21:899][  0]LogConfig: Setting CVar [[r.SkyLight.RealTimeReflectionCapture:1]]
[2022.02.21-17.45.21:899][  0]LogConfig: Applying CVar settings from Section [FoliageQuality@3] File [D:/GitHub/GAME259-2022-A/GAME259_A_URE/Saved/Config/Windows/Scalability.ini]
[2022.02.21-17.45.21:899][  0]LogConfig: Setting CVar [[foliage.DensityScale:1.0]]
[2022.02.21-17.45.21:900][  0]LogConfig: Setting CVar [[grass.DensityScale:1.0]]
[2022.02.21-17.45.21:900][  0]LogConfig: Applying CVar settings from Section [ShadingQuality@3] File [D:/GitHub/GAME259-2022-A/GAME259_A_URE/Saved/Config/Windows/Scalability.ini]
[2022.02.21-17.45.21:900][  0]LogConfig: Setting CVar [[r.HairStrands.SkyLighting.IntegrationType:2]]
[2022.02.21-17.45.21:901][  0]LogConfig: Setting CVar [[r.HairStrands.SkyAO.SampleCount:4]]
[2022.02.21-17.45.21:904][  0]LogConfig: Setting CVar [[r.HairStrands.Visibility.MSAA.SamplePerPixel:4]]
[2022.02.21-17.45.21:904][  0]LogConfig: Applying CVar settings from Section [Startup] File [../../../Engine/Config/ConsoleVariables.ini]
[2022.02.21-17.45.21:905][  0]LogConfig: Setting CVar [[net.UseAdaptiveNetUpdateFrequency:0]]
[2022.02.21-17.45.21:905][  0]LogConfig: Setting CVar [[p.chaos.AllowCreatePhysxBodies:1]]
[2022.02.21-17.45.21:905][  0]LogConfig: Setting CVar [[fx.SkipVectorVMBackendOptimizations:1]]
[2022.02.21-17.45.21:906][  0]LogConfig: Applying CVar settings from Section [ConsoleVariables] File [D:/GitHub/GAME259-2022-A/GAME259_A_URE/Saved/Config/Windows/Engine.ini]
[2022.02.21-17.45.21:906][  0]LogConfig: Applying CVar settings from Section [ConsoleVariables] File [D:/GitHub/GAME259-2022-A/GAME259_A_URE/Saved/Config/Windows/Editor.ini]
[2022.02.21-17.45.21:906][  0]LogInit: Computer: OMEN
[2022.02.21-17.45.21:907][  0]LogInit: User: James
[2022.02.21-17.45.21:907][  0]LogInit: CPU Page size=4096, Cores=6
[2022.02.21-17.45.21:907][  0]LogInit: High frequency timer resolution =10.000000 MHz
[2022.02.21-17.45.21:908][  0]LogMemory: Memory total: Physical=15.9GB (16GB approx)
[2022.02.21-17.45.21:908][  0]LogMemory: Platform Memory Stats for Windows
[2022.02.21-17.45.21:908][  0]LogMemory: Process Physical Memory: 148.50 MB used, 148.50 MB peak
[2022.02.21-17.45.21:908][  0]LogMemory: Process Virtual Memory: 130.97 MB used, 130.97 MB peak
[2022.02.21-17.45.21:909][  0]LogMemory: Physical Memory: 13824.47 MB used,  2450.37 MB free, 16274.84 MB total
[2022.02.21-17.45.21:909][  0]LogMemory: Virtual Memory: 134213576.00 MB used,  4153.48 MB free, 134217728.00 MB total
[2022.02.21-17.45.21:911][  0]LogWindows: WindowsPlatformFeatures enabled
[2022.02.21-17.45.21:946][  0]LogInit: Physics initialised using underlying interface: PhysX
[2022.02.21-17.45.21:947][  0]LogInit: Using OS detected language (en-US).
[2022.02.21-17.45.21:948][  0]LogInit: Using OS detected locale (en-US).
[2022.02.21-17.45.21:950][  0]LogTextLocalizationManager: No specific localization for 'en-US' exists, so the 'en' localization will be used.
[2022.02.21-17.45.22:167][  0]LogWindowsTextInputMethodSystem: Display: IME system deactivated.
[2022.02.21-17.45.22:226][  0]LogSlate: New Slate User Created.  User Index 0, Is Virtual User: 0
[2022.02.21-17.45.22:226][  0]LogSlate: Slate User Registered.  User Index 0, Is Virtual User: 0
[2022.02.21-17.45.22:271][  0]LogD3D11RHI: Loaded GFSDK_Aftermath_Lib.x64.dll
[2022.02.21-17.45.22:332][  0]LogHMD: Optional extension XR_VARJO_quad_views is not available
[2022.02.21-17.45.22:332][  0]LogHMD: Warning: Required extension XR_EXT_eye_gaze_interaction is not available
[2022.02.21-17.45.22:334][  0]LogHMD: Could not enable all required OpenXR extensions for OpenXREyeTracker on current system. This plugin will be loaded but ignored, but will be enabled on a target platform that supports the required extension.
[2022.02.21-17.45.22:836][  0]LogHMD: Failed to get an OpenXR system, result is XR_ERROR_FORM_FACTOR_UNAVAILABLE. Please check that your runtime supports VR headsets.
[2022.02.21-17.45.22:836][  0]LogD3D11RHI: D3D11 min allowed feature level: 11_0
[2022.02.21-17.45.22:837][  0]LogD3D11RHI: D3D11 max allowed feature level: 11_0
[2022.02.21-17.45.22:837][  0]LogD3D11RHI: D3D11 adapters:
[2022.02.21-17.45.22:950][  0]LogD3D11RHI:    0. 'NVIDIA GeForce GTX 1070' (Feature Level 11_0)
[2022.02.21-17.45.22:951][  0]LogD3D11RHI:       8088/0/8137 MB DedicatedVideo/DedicatedSystem/SharedSystem, Outputs:2, VendorId:0x10de
[2022.02.21-17.45.22:954][  0]LogD3D11RHI:    1. 'Microsoft Basic Render Driver' (Feature Level 11_0)
[2022.02.21-17.45.22:954][  0]LogD3D11RHI:       0/0/8137 MB DedicatedVideo/DedicatedSystem/SharedSystem, Outputs:0, VendorId:0x1414
[2022.02.21-17.45.22:955][  0]LogD3D11RHI: Chosen D3D11 Adapter:
[2022.02.21-17.45.22:955][  0]LogD3D11RHI:     Description : NVIDIA GeForce GTX 1070
[2022.02.21-17.45.22:955][  0]LogD3D11RHI:     VendorId    : 10de
[2022.02.21-17.45.22:956][  0]LogD3D11RHI:     DeviceId    : 1b81
[2022.02.21-17.45.22:956][  0]LogD3D11RHI:     SubSysId    : 82fb103c
[2022.02.21-17.45.22:956][  0]LogD3D11RHI:     Revision    : 00a1
[2022.02.21-17.45.22:956][  0]LogD3D11RHI:     DedicatedVideoMemory : 8480882688 bytes
[2022.02.21-17.45.22:957][  0]LogD3D11RHI:     DedicatedSystemMemory : 0 bytes
[2022.02.21-17.45.22:957][  0]LogD3D11RHI:     SharedSystemMemory : 8532705280 bytes
[2022.02.21-17.45.22:957][  0]LogD3D11RHI:     AdapterLuid : 0 89200
[2022.02.21-17.45.22:967][  0]LogD3D11RHI: Creating new Direct3DDevice
[2022.02.21-17.45.22:967][  0]LogD3D11RHI:     GPU DeviceId: 0x1b81 (for the marketing name, search the web for "GPU Device Id")
[2022.02.21-17.45.22:968][  0]LogWindows: EnumDisplayDevices:
[2022.02.21-17.45.22:968][  0]LogWindows:    0. 'NVIDIA GeForce GTX 1070' (P:1 D:1)
[2022.02.21-17.45.22:969][  0]LogWindows:    1. 'NVIDIA GeForce GTX 1070' (P:0 D:1)
[2022.02.21-17.45.22:969][  0]LogWindows:    2. 'NVIDIA GeForce GTX 1070' (P:0 D:0)
[2022.02.21-17.45.22:969][  0]LogWindows:    3. 'NVIDIA GeForce GTX 1070' (P:0 D:0)
[2022.02.21-17.45.22:970][  0]LogWindows: DebugString: FoundDriverCount:4 
[2022.02.21-17.45.22:970][  0]LogD3D11RHI:     Adapter Name: NVIDIA GeForce GTX 1070
[2022.02.21-17.45.22:970][  0]LogD3D11RHI:   Driver Version: 472.08 (internal:30.0.14.7208, unified:472.08)
[2022.02.21-17.45.22:970][  0]LogD3D11RHI:      Driver Date: 9-13-2021
[2022.02.21-17.45.22:971][  0]LogRHI: Texture pool is 5661 MB (70% of 8088 MB)
[2022.02.21-17.45.22:973][  0]LogD3D11RHI: Creating D3DDevice using adapter:
[2022.02.21-17.45.22:973][  0]LogD3D11RHI:     Description : NVIDIA GeForce GTX 1070
[2022.02.21-17.45.22:973][  0]LogD3D11RHI:     VendorId    : 10de
[2022.02.21-17.45.22:974][  0]LogD3D11RHI:     DeviceId    : 1b81
[2022.02.21-17.45.22:974][  0]LogD3D11RHI:     SubSysId    : 82fb103c
[2022.02.21-17.45.22:974][  0]LogD3D11RHI:     Revision    : 00a1
[2022.02.21-17.45.22:975][  0]LogD3D11RHI:     DedicatedVideoMemory : 8480882688 bytes
[2022.02.21-17.45.22:975][  0]LogD3D11RHI:     DedicatedSystemMemory : 0 bytes
[2022.02.21-17.45.22:975][  0]LogD3D11RHI:     SharedSystemMemory : 8532705280 bytes
[2022.02.21-17.45.22:976][  0]LogD3D11RHI:     AdapterLuid : 0 89200
[2022.02.21-17.45.23:060][  0]LogD3D11RHI: RHI has support for 64 bit atomics
[2022.02.21-17.45.23:060][  0]LogD3D11RHI: Async texture creation enabled
[2022.02.21-17.45.23:061][  0]LogD3D11RHI: Array index from any shader is supported
[2022.02.21-17.45.23:064][  0]LogD3D11RHI: HDR output is supported on display 0 (NvId: 0x80061082).
[2022.02.21-17.45.23:079][  0]LogD3D11RHI: GPU Timing Frequency: 1000.000000 (Debug: 2 1)
[2022.02.21-17.45.23:113][  0]LogRHI: GeForceNow SDK initialized: 1
[2022.02.21-17.45.23:421][  0]LogTargetPlatformManager: Display: Loaded TargetPlatform 'WindowsNoEditor'
[2022.02.21-17.45.23:424][  0]LogTargetPlatformManager: Display: Loaded TargetPlatform 'Windows'
[2022.02.21-17.45.23:427][  0]LogTargetPlatformManager: Display: Loaded TargetPlatform 'WindowsClient'
[2022.02.21-17.45.23:430][  0]LogTargetPlatformManager: Display: Loaded TargetPlatform 'WindowsServer'
[2022.02.21-17.45.23:430][  0]LogTargetPlatformManager: Display: Building Assets For Windows
[2022.02.21-17.45.23:434][  0]LogAudioDebug: Display: Lib vorbis DLL was dynamically loaded.
[2022.02.21-17.45.23:449][  0]LogTextureFormatOodle: Display: Oodle Texture 2.9.0 init RDO Off
[2022.02.21-17.45.23:468][  0]LogRendererCore: Ray tracing is disabled. Reason: r.RayTracing=0.
[2022.02.21-17.45.23:468][  0]LogShaderCompilers: Guid format shader working directory is -2 characters bigger than the processId version (../../../../GitHub/GAME259-2022-A/GAME259_A_URE/Intermediate/Shaders/WorkingDirectory/29040/).
[2022.02.21-17.45.23:468][  0]LogShaderCompilers: Cleaned the shader compiler working directory 'C:/Users/James/AppData/Local/Temp/UnrealShaderWorkingDir/103FE5BD4F9B9B2FB1B1808C8DB2F5CD/'.
[2022.02.21-17.45.23:469][  0]LogXGEController: Cannot use XGE Controller as Incredibuild is not installed on this machine.
[2022.02.21-17.45.23:469][  0]LogShaderCompilers: Cannot use XGE Shader Compiler as Incredibuild is not installed on this machine.
[2022.02.21-17.45.23:469][  0]LogShaderCompilers: Display: Using Local Shader Compiler.
[2022.02.21-17.45.24:340][  0]LogDerivedDataCache: Display: Max Cache Size: 512 MB
[2022.02.21-17.45.24:447][  0]LogDerivedDataCache: Loaded boot cache 0.11s 103MB C:/Users/James/AppData/Local/UnrealEngine/4.27/DerivedDataCache/Boot.ddc.
[2022.02.21-17.45.24:451][  0]LogDerivedDataCache: Display: Loaded Boot cache: C:/Users/James/AppData/Local/UnrealEngine/4.27/DerivedDataCache/Boot.ddc
[2022.02.21-17.45.24:457][  0]LogDerivedDataCache: FDerivedDataBackendGraph:  Pak pak cache file ../../../../GitHub/GAME259-2022-A/GAME259_A_URE/DerivedDataCache/DDC.ddp not found, will not use a pak cache.
[2022.02.21-17.45.24:462][  0]LogDerivedDataCache: Unable to find inner node Pak for hierarchical cache Hierarchy.
[2022.02.21-17.45.24:464][  0]LogDerivedDataCache: FDerivedDataBackendGraph:  CompressedPak pak cache file ../../../../GitHub/GAME259-2022-A/GAME259_A_URE/DerivedDataCache/Compressed.ddp not found, will not use a pak cache.
[2022.02.21-17.45.24:466][  0]LogDerivedDataCache: Unable to find inner node CompressedPak for hierarchical cache Hierarchy.
[2022.02.21-17.45.24:491][  0]LogDerivedDataCache: Display: Pak cache opened for reading ../../../Engine/DerivedDataCache/Compressed.ddp.
[2022.02.21-17.45.24:492][  0]LogDerivedDataCache: FDerivedDataBackendGraph:  EnterprisePak pak cache file ../../../Enterprise/DerivedDataCache/Compressed.ddp not found, will not use a pak cache.
[2022.02.21-17.45.24:493][  0]LogDerivedDataCache: Unable to find inner node EnterprisePak for hierarchical cache Hierarchy.
[2022.02.21-17.45.24:504][  0]LogDerivedDataCache: Speed tests for C:/Users/James/AppData/Local/UnrealEngine/Common/DerivedDataCache took 0.01 seconds
[2022.02.21-17.45.24:505][  0]LogDerivedDataCache: Display: Performance to C:/Users/James/AppData/Local/UnrealEngine/Common/DerivedDataCache: Latency=0.05ms. RandomReadSpeed=923.04MBs, RandomWriteSpeed=100.79MBs. Assigned SpeedClass 'Local'
[2022.02.21-17.45.24:509][  0]LogDerivedDataCache: Using Local data cache path C:/Users/James/AppData/Local/UnrealEngine/Common/DerivedDataCache: Writable
[2022.02.21-17.45.24:509][  0]LogDerivedDataCache: Shared data cache path not found in *engine.ini, will not use an Shared cache.
[2022.02.21-17.45.24:511][  0]LogDerivedDataCache: Unable to find inner node Shared for hierarchical cache Hierarchy.
[2022.02.21-17.45.24:587][  0]LogSlate: Using FreeType 2.10.0
[2022.02.21-17.45.24:588][  0]LogSlate: SlateFontServices - WITH_FREETYPE: 1, WITH_HARFBUZZ: 1
[2022.02.21-17.45.25:090][  0]LogHMD: Failed to get an OpenXR system, result is XR_ERROR_FORM_FACTOR_UNAVAILABLE. Please check that your runtime supports VR headsets.
[2022.02.21-17.45.25:176][  0]LogInit: Using OS detected language (en-US).
[2022.02.21-17.45.25:177][  0]LogInit: Using OS detected locale (en-US).
[2022.02.21-17.45.25:178][  0]LogTextLocalizationManager: No localization for 'en-US' exists, so 'en' will be used for the language.
[2022.02.21-17.45.25:179][  0]LogTextLocalizationManager: No localization for 'en-US' exists, so 'en' will be used for the locale.
[2022.02.21-17.45.25:181][  0]LogSlate: FontCache flush requested. Reason: Culture for localization was changed
[2022.02.21-17.45.25:182][  0]LogSlate: FontCache flush requested. Reason: Culture for localization was changed
[2022.02.21-17.45.25:187][  0]LogTextLocalizationManager: Compacting localization data took   0.00ms
[2022.02.21-17.45.25:187][  0]LogAssetRegistry: FAssetRegistry took 0.0022 seconds to start up
[2022.02.21-17.45.25:402][  0]LogPackageLocalizationCache: Processed 27 localized package path(s) for 1 prioritized culture(s) in 0.028484 seconds
[2022.02.21-17.45.25:473][  0]LogInit: Selected Device Profile: [Windows]
[2022.02.21-17.45.25:473][  0]LogInit: Active device profile: [000001DD0EC88A00][000001DD0575F880 49] Windows
[2022.02.21-17.45.25:475][  0]LogInit: Profiles: [000001DD0EC88A00][000001DD0575F880 49] Windows, [000001DD0EC45A00][000001DD05763A00 49] WindowsNoEditor, [000001DD0EC8B500][000001DD05767B80 49] WindowsServer, [000001DD0EC47D00][000001DD0576A180 49] WindowsClient, [000001DD0EC8B300][000001DD05212300 49] IOS, [000001DD0EC47F00][000001DD05216480 49] iPadAir, [000001DD0EC8A000][000001DD0521A600 49] iPadAir2, [000001DD0EBF4C00][000001DD052228C0 49] IPadPro, [000001DD0EBF4D00][000001DD0521E900 49] iPadAir3, [000001DD0EC47300][000001DD05226A80 49] iPadAir4, [000001DD0EBF7200][000001DD0522AC00 49] iPadMini2, [000001DD0EC46A00][000001DD0522ED80 49] iPadMini3, [000001DD0EBF5700][000001DD05232F00 49] iPadMini4, [000001DD0EC46300][000001DD05237080 49] iPadMini5, [000001DD0EC08500][000001DD0523F340 49] iPhone6, [000001DD0EC08600][000001DD0523B380 49] iPodTouch6, [000001DD0EBF7800][000001DD052435C0 49] iPhone7, [000001DD0EBF5C00][000001DD04CBB600 49] iPodTouch7, [000001DD0EC08400][000001DD05247740 49] iPhone5S, [000001DD0EC46100][000001DD0EE61880 49] iPhone6Plus, [000001DD0EC0AF00][000001DD0EE69A00 49] iPhone6S, [000001DD0EBF4A00][000001DD0EE6DB80 49] iPhone6SPlus, [000001DD0EC0A300][000001DD0EE70180 49] iPhone7Plus, [000001DD0EBF4100][000001DD0EE74300 49] iPhoneSE, [000001DD0EC08800][000001DD0EE78480 49] iPhone8, [000001DD0EBF5F00][000001DD0EE7C600 49] iPhone8Plus, [000001DD0EC08700][000001DD0EE80780 49] iPhoneX, [000001DD0EBF6200][000001DD0EE84900 49] iPhoneXS, [000001DD0EC0B800][000001DD0EE88A80 49] iPhoneXSMax, [000001DD0EBF4900][000001DD0EE8CC00 49] iPhoneXR, [000001DD0EC09900][000001DD0EE90D80 49] iPhone11, [000001DD0EBF6800][000001DD0EE94F00 49] iPhone11Pro, [000001DD0EC09000][000001DD0EE99080 49] iPhone11ProMax, [000001DD0EBF5500][000001DD0EE9D200 49] iPhoneSE2, [000001DD0EC0B500][000001DD0EEA1380 49] iPhone12Mini, [000001DD0EBF7D00][000001DD0EEA5500 49] iPhone12, [000001DD0EC09F00][000001DD0EEA9680 49] iPhone12Pro, [000001DD0EBF7000][000001DD0EE657C0 49] iPhone12ProMax, [000001DD0EC09400][000001DD0EEAD900 49] iPadPro105, [000001DD0EBF6700][000001DD0EEB1A40 49] iPadPro129, [000001DD0EC0B400][000001DD0EEB9BC0 49] iPadPro97, [000001DD0EBF6600][000001DD0EEBC1C0 49] iPadPro2_129, [000001DD0EC09E00][000001DD0EEC0340 49] iPad5, [000001DD0EBF4200][000001DD0EEC44C0 49] iPad6, [000001DD0EC0BB00][000001DD0EEC8640 49] iPad7, [000001DD0EBF7B00][000001DD0EECC7C0 49] iPad8, [000001DD0EC0BA00][000001DD0EED0940 49] iPadPro11, [000001DD0EBF6900][000001DD0EED4AC0 49] iPadPro2_11, [000001DD0EC09C00][000001DD0EED8C40 49] iPadPro3_129, [000001DD0EBF4F00][000001DD0EEDCDC0 49] iPadPro4_129, [000001DD0EC08100][000001DD0EEE0F40 49] AppleTV, [000001DD0EBF5000][000001DD0EEE50C0 49] AppleTV4K, [000001DD0EC0BD00][000001DD0EEE9240 49] TVOS, [000001DD0EBF4700][000001DD0EEED3C0 49] Mac, [000001DD0EC08300][000001DD0EEF1540 49] MacClient, [000001DD0EBF4600][000001DD0EEF56C0 49] MacNoEditor, [000001DD0EC09700][000001DD0EEF9840 49] MacServer, [000001DD0EBF5600][000001DD0EEB5980 49] Linux, [000001DD0EC0B000][000001DD0EEFDAC0 49] LinuxAArch64, [000001DD0EBF7400][000001DD0EF01C00 49] LinuxNoEditor, [000001DD0EC0AE00][000001DD0EF041C0 49] LinuxAArch64NoEditor, [000001DD0EBF7700][000001DD0EF0C340 49] LinuxClient, [000001DD0EC08C00][000001DD0EF104C0 49] LinuxAArch64Client, [000001DD0EBF6400][000001DD0EF14640 49] LinuxServer, [000001DD0EC0BE00][000001DD0EF187C0 49] LinuxAArch64Server, [000001DD0EBF7900][000001DD0EF1C940 49] Android, [000001DD0EC08B00][000001DD0EF20AC0 49] Android_Low, [000001DD0EBF7500][000001DD0EF24C40 49] Android_Mid, [000001DD0EC0A800][000001DD0EF28DC0 49] Android_High, [000001DD0EC47800][000001DD0EF2CF40 49] Android_Default, [000001DD0EC8A100][000001DD0EF310C0 49] Android_Adreno4xx, [000001DD0EC47E00][000001DD0EF35240 49] Android_Adreno5xx_Low, [000001DD0EC8AB00][000001DD0EF393C0 49] Android_Adreno5xx, [000001DD0EC47200][000001DD0EF3D540 49] Android_Adreno6xx, [000001DD0EC8A800][000001DD0EF416C0 49] Android_Adreno6xx_Vulkan, [000001DD0EC45900][000001DD0EF45840 49] Android_Mali_T6xx, [000001DD0EC8BB00][000001DD0EF499C0 49] Android_Mali_T7xx, [000001DD0EC44B00][000001DD0EF09B00 49] Android_Mali_T8xx, [000001DD0EC8BE00][000001DD0EF4C0C0 49] Android_Mali_G71, [000001DD0EC44A00][000001DD0EF50200 49] Android_Mali_G72, [000001DD0EC89800][000001DD0EF54340 49] Android_Mali_G72_Vulkan, [000001DD0EC47600][000001DD0EF5C4C0 49] Android_Mali_G76, [000001DD0EC89B00][000001DD0EF60640 49] Android_Mali_G76_Vulkan, [000001DD0EC45F00][000001DD0EF647C0 49] Android_Mali_G77, [000001DD0EC89000][000001DD0EF68940 49] Android_Mali_G77_Vulkan, [000001DD0EC45700][000001DD0EF6CAC0 49] Android_Mali_G78, [000001DD0EC8A900][000001DD0EF70C40 49] Android_Mali_G78_Vulkan, [000001DD0EC46800][000001DD0EF74DC0 49] Android_Mali_G710, [000001DD0EC88700][000001DD0EF78F40 49] Android_Mali_G710_Vulkan, [000001DD0EC45100][000001DD0EF7D0C0 49] Android_Vulkan_SM5, [000001DD0EC89600][000001DD0EF81240 49] Android_PowerVR_G6xxx, [000001DD0EC45500][000001DD0EF853C0 49] Android_PowerVR_GT7xxx, [000001DD0EC8AF00][000001DD0EF89540 49] Android_PowerVR_GE8xxx, [000001DD0EC45400][000001DD0EF8D6C0 49] Android_PowerVR_GM9xxx, [000001DD0EC88300][000001DD0EF91840 49] Android_PowerVR_GM9xxx_Vulkan, [000001DD0EC44400][000001DD0EF959C0 49] Android_TegraK1, [000001DD0EC8AC00][000001DD0EF99B40 49] Android_Unknown_Vulkan, [000001DD0EC44300][000001DD0EF9C140 49] Lumin, [000001DD0EBF5900][000001DD0EF58280 49] Lumin_Desktop, [000001DD0EC46E00][000001DD0EFA03C0 49] HoloLens, 
[2022.02.21-17.45.25:504][  0]LogMeshReduction: Using QuadricMeshReduction for automatic static mesh reduction
[2022.02.21-17.45.25:504][  0]LogMeshReduction: Using SimplygonMeshReduction for automatic skeletal mesh reduction
[2022.02.21-17.45.25:506][  0]LogMeshReduction: Using ProxyLODMeshReduction for automatic mesh merging
[2022.02.21-17.45.25:506][  0]LogMeshReduction: No distributed automatic mesh merging module available
[2022.02.21-17.45.25:506][  0]LogMeshMerging: No distributed automatic mesh merging module available
[2022.02.21-17.45.25:643][  0]LogNetVersion: GAME259_A_URE 1.0.0, NetCL: 17155196, EngineNetVer: 17, GameNetVer: 0 (Checksum: 2250587433)
[2022.02.21-17.45.25:896][  0]LogTexture: Default maximum texture size for cubemaps generated from long-lat sources has been changed from 512 to unlimited. In order to preserve old behaiour for '/Engine/MapTemplates/Sky/DaylightAmbientCubemap.DaylightAmbientCubemap', its maximum texture size has been explicitly set to 512.
[2022.02.21-17.45.25:956][  0]LogHMD: PokeAHoleMaterial loaded successfully
[2022.02.21-17.45.26:005][  0]LogMoviePlayer: Initializing movie player
[2022.02.21-17.45.26:174][  0]LogNiagaraDebuggerClient: Niagara Debugger Client Initialized | Session: 6AE717F0415DF74E4641BD91C1EF3DA7 | Instance: 3F5590C64656C900C7366BB2CBB77807 (OMEN-29040).
[2022.02.21-17.45.26:193][  0]LogCollectionManager: Loaded 0 collections in 0.000900 seconds
[2022.02.21-17.45.26:196][  0]LogFileCache: Scanning file cache for directory 'D:/GitHub/GAME259-2022-A/GAME259_A_URE/Saved/Collections/' took 0.00s
[2022.02.21-17.45.26:197][  0]LogFileCache: Scanning file cache for directory 'D:/GitHub/GAME259-2022-A/GAME259_A_URE/Content/Developers/James/Collections/' took 0.00s
[2022.02.21-17.45.26:197][  0]LogFileCache: Scanning file cache for directory 'D:/GitHub/GAME259-2022-A/GAME259_A_URE/Content/Collections/' took 0.00s
[2022.02.21-17.45.26:197][  0]LogCollectionManager: Fixed up redirectors for 0 collections in 0.000002 seconds (updated 0 objects)
[2022.02.21-17.45.26:210][  0]LogPython: Using Python 3.7.7
[2022.02.21-17.45.26:789][  0]LogSteamShared: Display: Loading Steam SDK 1.51
[2022.02.21-17.45.26:790][  0]LogSteamShared: Steam SDK Loaded!
[2022.02.21-17.45.26:985][  0]SourceControl: Source control is disabled
[2022.02.21-17.45.26:986][  0]SourceControl: Source control is disabled
[2022.02.21-17.45.26:987][  0]SourceControl: Source control is disabled
[2022.02.21-17.45.26:990][  0]LogUProjectInfo: Found projects:
[2022.02.21-17.45.27:037][  0]LogOpenImageDenoise: OIDN starting up
[2022.02.21-17.45.27:052][  0]LogAndroidPermission: UAndroidPermissionCallbackProxy::GetInstance
[2022.02.21-17.45.27:075][  0]LogAudioCaptureCore: Display: No Audio Capture implementations found. Audio input will be silent.
[2022.02.21-17.45.27:075][  0]LogAudioCaptureCore: Display: No Audio Capture implementations found. Audio input will be silent.
[2022.02.21-17.45.27:120][  0]LogOcInput: OculusInput pre-init called
[2022.02.21-17.45.27:130][  0]LogUObjectArray: 23049 objects as part of root set at end of initial load.
[2022.02.21-17.45.27:130][  0]LogUObjectAllocator: 6399616 out of 0 bytes used by permanent object pool.
[2022.02.21-17.45.27:131][  0]LogUObjectArray: CloseDisregardForGC: 0/0 objects in disregard for GC pool
[2022.02.21-17.45.27:176][  0]LogClass: Display: IntProperty FServerInfo::CurrentPlayers is not initialized properly. Module:GAME259_A_URE File:GameInstance_GAME259_A_URE.h
[2022.02.21-17.45.27:176][  0]LogClass: Display: IntProperty FServerInfo::MaxPlayers is not initialized properly. Module:GAME259_A_URE File:GameInstance_GAME259_A_URE.h
[2022.02.21-17.45.27:177][  0]LogClass: Display: IntProperty FServerInfo::ServerArrayIndex is not initialized properly. Module:GAME259_A_URE File:GameInstance_GAME259_A_URE.h
[2022.02.21-17.45.27:178][  0]LogClass: Display: 3 Uninitialized script struct members found including 0 object properties
[2022.02.21-17.45.27:179][  0]LogEngine: Initializing Engine...
[2022.02.21-17.45.27:680][  0]LogHMD: Failed to get an OpenXR system, result is XR_ERROR_FORM_FACTOR_UNAVAILABLE. Please check that your runtime supports VR headsets.
[2022.02.21-17.45.27:680][  0]LogMagicLeap: Warning: VR disabled because ZI is not enabled.  To enable, in the editor, Edit -> Project Settings -> Plugins -> Magic Leap Plugin -> Enable Zero Iteration
[2022.02.21-17.45.27:684][  0]LogStats: UGameplayTagsManager::InitializeManager -  0.000 s
[2022.02.21-17.45.27:798][  0]LogInit: Initializing FReadOnlyCVARCache
[2022.02.21-17.45.27:798][  0]LogAudio: Display: Initializing Audio Device Manager...
[2022.02.21-17.45.27:802][  0]LogAudio: Display: Loading Default Audio Settings Objects...
[2022.02.21-17.45.27:803][  0]LogAudio: Display: No default SoundConcurrencyObject specified (or failed to load).
[2022.02.21-17.45.27:803][  0]LogAudio: Display: Audio Device Manager Initialized
[2022.02.21-17.45.27:804][  0]LogAudio: Display: Creating Audio Device:                 Id: 1, Scope: Shared, Realtime: True
[2022.02.21-17.45.27:804][  0]LogAudioMixer: Display: Audio Mixer Platform Settings:
[2022.02.21-17.45.27:804][  0]LogAudioMixer: Display: 	Sample Rate:						  48000
[2022.02.21-17.45.27:805][  0]LogAudioMixer: Display: 	Callback Buffer Frame Size Requested: 1024
[2022.02.21-17.45.27:805][  0]LogAudioMixer: Display: 	Callback Buffer Frame Size To Use:	  1024
[2022.02.21-17.45.27:806][  0]LogAudioMixer: Display: 	Number of buffers to queue:			  2
[2022.02.21-17.45.27:806][  0]LogAudioMixer: Display: 	Max Channels (voices):				  32
[2022.02.21-17.45.27:806][  0]LogAudioMixer: Display: 	Number of Async Source Workers:		  0
[2022.02.21-17.45.27:807][  0]LogAudio: Display: AudioDevice MaxSources: 32
[2022.02.21-17.45.27:807][  0]LogAudio: Display: Audio Spatialization Plugin: None (built-in).
[2022.02.21-17.45.27:807][  0]LogAudio: Display: Audio Reverb Plugin: None (built-in).
[2022.02.21-17.45.27:808][  0]LogAudio: Display: Audio Occlusion Plugin: None (built-in).
[2022.02.21-17.45.27:808][  0]LogAudioMixer: Display: Initializing audio mixer.
[2022.02.21-17.45.27:833][  0]LogAudioMixer: Display: 0: FrontLeft
[2022.02.21-17.45.27:833][  0]LogAudioMixer: Display: 1: FrontRight
[2022.02.21-17.45.27:848][  0]LogAudioMixer: Display: Using Audio Device Headphones (Arctis 7 Game)
[2022.02.21-17.45.27:854][  0]LogAudioMixer: Display: Initializing Sound Submixes...
[2022.02.21-17.45.27:856][  0]LogAudioMixer: Display: Creating Master Submix 'MasterSubmixDefault'
[2022.02.21-17.45.27:856][  0]LogAudioMixer: Display: Creating Master Submix 'MasterReverbSubmixDefault'
[2022.02.21-17.45.27:858][  0]LogAudioMixer: Display: Creating Master Submix 'MasterEQSubmixDefault'
[2022.02.21-17.45.27:858][  0]LogAudioMixer: FMixerPlatformXAudio2::StartAudioStream() called
[2022.02.21-17.45.27:858][  0]LogAudioMixer: Display: Output buffers initialized: Frames=1024, Channels=2, Samples=2048
[2022.02.21-17.45.27:860][  0]LogAudioMixer: Display: Starting AudioMixerPlatformInterface::RunInternal()
[2022.02.21-17.45.27:860][  0]LogAudioMixer: Display: FMixerPlatformXAudio2::SubmitBuffer() called for the first time
[2022.02.21-17.45.27:860][  0]LogInit: FAudioDevice initialized.
[2022.02.21-17.45.27:867][  0]LogNetVersion: Set ProjectVersion to 1.0.0.0. Version Checksum will be recalculated on next use.
[2022.02.21-17.45.27:943][  0]LogDerivedDataCache: Saved boot cache 0.08s 103MB C:/Users/James/AppData/Local/UnrealEngine/4.27/DerivedDataCache/Boot.ddc.
[2022.02.21-17.45.27:949][  0]LogInit: Texture streaming: Enabled
[2022.02.21-17.45.28:097][  0]LogAudio: Display: Audio Device (ID: 1) registered with world 'Untitled'.
[2022.02.21-17.45.28:098][  0]LogSlate: Updating window title bar state: overlay mode, drag disabled, window buttons hidden, title bar hidden
[2022.02.21-17.45.28:100][  0]LogInit: Display: Game Engine Initialized.
[2022.02.21-17.45.28:109][  0]LogNiagaraEditor: GEditor isn't valid! Particle reset commands will not work for Niagara components!
[2022.02.21-17.45.28:174][  0]LogInit: Display: Starting Game.
[2022.02.21-17.45.28:265][  0]LogNet: Browse: /Game/ThirdPersonCPP/Maps/ThirdPersonExampleMap?Name=Player
[2022.02.21-17.45.28:266][  0]LogLoad: LoadMap: /Game/ThirdPersonCPP/Maps/ThirdPersonExampleMap?Name=Player
[2022.02.21-17.45.28:268][  0]LogWorld: BeginTearingDown for /Temp/Untitled_0
[2022.02.21-17.45.28:269][  0]LogWorld: UWorld::CleanupWorld for Untitled, bSessionEnded=true, bCleanupResources=true
[2022.02.21-17.45.28:270][  0]LogSlate: InvalidateAllWidgets triggered.  All widgets were invalidated
[2022.02.21-17.45.28:275][  0]LogAudio: Display: Audio Device unregistered from world 'None'.
[2022.02.21-17.45.28:280][  0]LogUObjectHash: Compacting FUObjectHashTables data took   1.34ms
[2022.02.21-17.45.28:297][  0]LogUObjectGlobals: Warning: Failed to load '/Game/ThirdPersonCPP/Maps/ThirdPersonExampleMap_BuiltData': Can't find file.
[2022.02.21-17.45.28:320][  0]LogUObjectGlobals: Warning: [AssetLog] D:\GitHub\GAME259-2022-A\GAME259_A_URE\Content\ThirdPersonCPP\Maps\ThirdPersonExampleMap.umap: Failed to load '/Game/ThirdPersonCPP/Maps/ThirdPersonExampleMap_BuiltData': Can't find file.
[2022.02.21-17.45.28:344][  0]LogAudio: Display: Audio Device (ID: 1) registered with world 'ThirdPersonExampleMap'.
[2022.02.21-17.45.28:355][  0]LogAIModule: Creating AISystem for world ThirdPersonExampleMap
[2022.02.21-17.45.28:367][  0]LogLoad: Game class is 'GAME259_A_UREGameMode'
[2022.02.21-17.45.28:425][  0]LogWorld: Bringing World /Game/ThirdPersonCPP/Maps/ThirdPersonExampleMap.ThirdPersonExampleMap up for play (max tick rate 0) at 2022.02.21-12.45.28
[2022.02.21-17.45.28:503][  0]LogWorld: Bringing up level for play took: 0.080530
[2022.02.21-17.45.28:791][  0]LogLoad: Took 0.511798 seconds to LoadMap(/Game/ThirdPersonCPP/Maps/ThirdPersonExampleMap)
[2022.02.21-17.45.29:069][  0]LogRenderer: Reallocating scene render targets to support 2560x1440 Format 10 NumSamples 1 (Frame:1).
[2022.02.21-17.45.29:069][  0]LogSlate: Took 0.000326 seconds to synchronously load lazily loaded font '../../../Engine/Content/Slate/Fonts/Roboto-Regular.ttf' (155K)
[2022.02.21-17.45.29:230][  0]LogInit: Display: Engine is initialized. Leaving FEngineLoop::Init()
[2022.02.21-17.45.29:231][  0]LogLoad: (Engine Initialization) Total time: 9.34 seconds
[2022.02.21-17.45.29:234][  0]LogLoad: (Engine Initialization) Total Blueprint compile time: 0.00 seconds
[2022.02.21-17.45.29:307][  0]LogRenderer: Reallocating scene render targets to support 128x128 Format 10 NumSamples 1 (Frame:1).
[2022.02.21-17.45.29:307][  0]LogContentStreaming: Texture pool size now 1000 MB
[2022.02.21-17.45.29:318][  0]LogRenderer: Reallocating scene render targets to support 2560x1440 Format 10 NumSamples 1 (Frame:2).
[2022.02.21-17.45.29:319][  0]LogSlate: InvalidateAllWidgets triggered.  All widgets were invalidated
[2022.02.21-17.45.29:487][  1]LogSlate: Took 0.000241 seconds to synchronously load lazily loaded font '../../../Engine/Content/Slate/Fonts/Roboto-Regular.ttf' (155K)
[2022.02.21-17.45.35:200][593]LogRenderer: Reallocating scene render targets to support 800x900 Format 10 NumSamples 1 (Frame:595).
[2022.02.21-17.45.35:200][593]LogConfig: Applying CVar settings from Section [ViewDistanceQuality@3] File [D:/GitHub/GAME259-2022-A/GAME259_A_URE/Saved/Config/Windows/Scalability.ini]
[2022.02.21-17.45.35:202][593]LogConfig: Setting CVar [[r.SkeletalMeshLODBias:0]]
[2022.02.21-17.45.35:202][593]LogConfig: Setting CVar [[r.ViewDistanceScale:1.0]]
[2022.02.21-17.45.35:202][593]LogConfig: Applying CVar settings from Section [AntiAliasingQuality@3] File [D:/GitHub/GAME259-2022-A/GAME259_A_URE/Saved/Config/Windows/Scalability.ini]
[2022.02.21-17.45.35:203][593]LogConfig: Setting CVar [[r.PostProcessAAQuality:4]]
[2022.02.21-17.45.35:203][593]LogConfig: Applying CVar settings from Section [ShadowQuality@3] File [D:/GitHub/GAME259-2022-A/GAME259_A_URE/Saved/Config/Windows/Scalability.ini]
[2022.02.21-17.45.35:203][593]LogConfig: Setting CVar [[r.LightFunctionQuality:1]]
[2022.02.21-17.45.35:204][593]LogConfig: Setting CVar [[r.ShadowQuality:5]]
[2022.02.21-17.45.35:204][593]LogConfig: Setting CVar [[r.Shadow.CSM.MaxCascades:10]]
[2022.02.21-17.45.35:204][593]LogConfig: Setting CVar [[r.Shadow.MaxResolution:2048]]
[2022.02.21-17.45.35:205][593]LogConfig: Setting CVar [[r.Shadow.MaxCSMResolution:2048]]
[2022.02.21-17.45.35:206][593]LogConfig: Setting CVar [[r.Shadow.RadiusThreshold:0.01]]
[2022.02.21-17.45.35:206][593]LogConfig: Setting CVar [[r.Shadow.DistanceScale:1.0]]
[2022.02.21-17.45.35:206][593]LogConfig: Setting CVar [[r.Shadow.CSM.TransitionScale:1.0]]
[2022.02.21-17.45.35:207][593]LogConfig: Setting CVar [[r.Shadow.PreShadowResolutionFactor:1.0]]
[2022.02.21-17.45.35:207][593]LogConfig: Setting CVar [[r.DistanceFieldShadowing:1]]
[2022.02.21-17.45.35:207][593]LogConfig: Setting CVar [[r.DistanceFieldAO:1]]
[2022.02.21-17.45.35:208][593]LogConfig: Setting CVar [[r.AOQuality:2]]
[2022.02.21-17.45.35:208][593]LogConfig: Setting CVar [[r.VolumetricFog:1]]
[2022.02.21-17.45.35:209][593]LogConfig: Setting CVar [[r.VolumetricFog.GridPixelSize:8]]
[2022.02.21-17.45.35:209][593]LogConfig: Setting CVar [[r.VolumetricFog.GridSizeZ:128]]
[2022.02.21-17.45.35:209][593]LogConfig: Setting CVar [[r.VolumetricFog.HistoryMissSupersampleCount:4]]
[2022.02.21-17.45.35:210][593]LogConfig: Setting CVar [[r.LightMaxDrawDistanceScale:1]]
[2022.02.21-17.45.35:213][593]LogConfig: Setting CVar [[r.CapsuleShadows:1]]
[2022.02.21-17.45.35:216][593]LogConfig: Applying CVar settings from Section [PostProcessQuality@3] File [D:/GitHub/GAME259-2022-A/GAME259_A_URE/Saved/Config/Windows/Scalability.ini]
[2022.02.21-17.45.35:216][593]LogConfig: Setting CVar [[r.MotionBlurQuality:4]]
[2022.02.21-17.45.35:217][593]LogConfig: Setting CVar [[r.AmbientOcclusionMipLevelFactor:0.4]]
[2022.02.21-17.45.35:217][593]LogConfig: Setting CVar [[r.AmbientOcclusionMaxQuality:100]]
[2022.02.21-17.45.35:217][593]LogConfig: Setting CVar [[r.AmbientOcclusionLevels:-1]]
[2022.02.21-17.45.35:218][593]LogConfig: Setting CVar [[r.AmbientOcclusionRadiusScale:1.0]]
[2022.02.21-17.45.35:218][593]LogConfig: Setting CVar [[r.DepthOfFieldQuality:2]]
[2022.02.21-17.45.35:218][593]LogConfig: Setting CVar [[r.RenderTargetPoolMin:400]]
[2022.02.21-17.45.35:219][593]LogConfig: Setting CVar [[r.LensFlareQuality:2]]
[2022.02.21-17.45.35:219][593]LogConfig: Setting CVar [[r.SceneColorFringeQuality:1]]
[2022.02.21-17.45.35:219][593]LogConfig: Setting CVar [[r.EyeAdaptationQuality:2]]
[2022.02.21-17.45.35:220][593]LogConfig: Setting CVar [[r.BloomQuality:5]]
[2022.02.21-17.45.35:220][593]LogConfig: Setting CVar [[r.FastBlurThreshold:100]]
[2022.02.21-17.45.35:220][593]LogConfig: Setting CVar [[r.Upscale.Quality:3]]
[2022.02.21-17.45.35:221][593]LogConfig: Setting CVar [[r.Tonemapper.GrainQuantization:1]]
[2022.02.21-17.45.35:221][593]LogConfig: Setting CVar [[r.LightShaftQuality:1]]
[2022.02.21-17.45.35:221][593]LogConfig: Setting CVar [[r.Filter.SizeScale:1]]
[2022.02.21-17.45.35:222][593]LogConfig: Setting CVar [[r.Tonemapper.Quality:5]]
[2022.02.21-17.45.35:224][593]LogConfig: Setting CVar [[r.DOF.Gather.AccumulatorQuality:1        ; higher gathering accumulator quality]]
[2022.02.21-17.45.35:225][593]LogConfig: Setting CVar [[r.DOF.Gather.PostfilterMethod:1          ; Median3x3 postfilering method]]
[2022.02.21-17.45.35:225][593]LogConfig: Setting CVar [[r.DOF.Gather.EnableBokehSettings:0       ; no bokeh simulation when gathering]]
[2022.02.21-17.45.35:226][593]LogConfig: Setting CVar [[r.DOF.Gather.RingCount:4                 ; medium number of samples when gathering]]
[2022.02.21-17.45.35:226][593]LogConfig: Setting CVar [[r.DOF.Scatter.ForegroundCompositing:1    ; additive foreground scattering]]
[2022.02.21-17.45.35:226][593]LogConfig: Setting CVar [[r.DOF.Scatter.BackgroundCompositing:2    ; additive background scattering]]
[2022.02.21-17.45.35:227][593]LogConfig: Setting CVar [[r.DOF.Scatter.EnableBokehSettings:1      ; bokeh simulation when scattering]]
[2022.02.21-17.45.35:227][593]LogConfig: Setting CVar [[r.DOF.Scatter.MaxSpriteRatio:0.1         ; only a maximum of 10% of scattered bokeh]]
[2022.02.21-17.45.35:228][593]LogConfig: Setting CVar [[r.DOF.Recombine.Quality:1                ; cheap slight out of focus]]
[2022.02.21-17.45.35:228][593]LogConfig: Setting CVar [[r.DOF.Recombine.EnableBokehSettings:0    ; no bokeh simulation on slight out of focus]]
[2022.02.21-17.45.35:228][593]LogConfig: Setting CVar [[r.DOF.TemporalAAQuality:1                ; more stable temporal accumulation]]
[2022.02.21-17.45.35:229][593]LogConfig: Setting CVar [[r.DOF.Kernel.MaxForegroundRadius:0.025]]
[2022.02.21-17.45.35:229][593]LogConfig: Setting CVar [[r.DOF.Kernel.MaxBackgroundRadius:0.025]]
[2022.02.21-17.45.35:229][593]LogConfig: Applying CVar settings from Section [TextureQuality@3] File [D:/GitHub/GAME259-2022-A/GAME259_A_URE/Saved/Config/Windows/Scalability.ini]
[2022.02.21-17.45.35:230][593]LogConfig: Setting CVar [[r.Streaming.MipBias:0]]
[2022.02.21-17.45.35:230][593]LogConfig: Setting CVar [[r.Streaming.AmortizeCPUToGPUCopy:0]]
[2022.02.21-17.45.35:231][593]LogConfig: Setting CVar [[r.Streaming.MaxNumTexturesToStreamPerFrame:0]]
[2022.02.21-17.45.35:231][593]LogConfig: Setting CVar [[r.Streaming.Boost:1]]
[2022.02.21-17.45.35:231][593]LogConfig: Setting CVar [[r.MaxAnisotropy:8]]
[2022.02.21-17.45.35:232][593]LogConfig: Setting CVar [[r.VT.MaxAnisotropy:8]]
[2022.02.21-17.45.35:232][593]LogConfig: Setting CVar [[r.Streaming.LimitPoolSizeToVRAM:0]]
[2022.02.21-17.45.35:232][593]LogConfig: Setting CVar [[r.Streaming.PoolSize:1000]]
[2022.02.21-17.45.35:233][593]LogConfig: Setting CVar [[r.Streaming.MaxEffectiveScreenSize:0]]
[2022.02.21-17.45.35:236][593]LogConfig: Applying CVar settings from Section [EffectsQuality@3] File [D:/GitHub/GAME259-2022-A/GAME259_A_URE/Saved/Config/Windows/Scalability.ini]
[2022.02.21-17.45.35:236][593]LogConfig: Setting CVar [[r.TranslucencyLightingVolumeDim:64]]
[2022.02.21-17.45.35:236][593]LogConfig: Setting CVar [[r.RefractionQuality:2]]
[2022.02.21-17.45.35:237][593]LogConfig: Setting CVar [[r.SSR.Quality:3]]
[2022.02.21-17.45.35:237][593]LogConfig: Setting CVar [[r.SSR.HalfResSceneColor:0]]
[2022.02.21-17.45.35:237][593]LogConfig: Setting CVar [[r.SceneColorFormat:4]]
[2022.02.21-17.45.35:238][593]LogConfig: Setting CVar [[r.DetailMode:2]]
[2022.02.21-17.45.35:238][593]LogConfig: Setting CVar [[r.TranslucencyVolumeBlur:1]]
[2022.02.21-17.45.35:238][593]LogConfig: Setting CVar [[r.MaterialQualityLevel:1 ; High quality]]
[2022.02.21-17.45.35:239][593]LogConfig: Setting CVar [[r.AnisotropicMaterials:1]]
[2022.02.21-17.45.35:239][593]LogConfig: Setting CVar [[r.SSS.Scale:1]]
[2022.02.21-17.45.35:240][593]LogConfig: Setting CVar [[r.SSS.SampleSet:2]]
[2022.02.21-17.45.35:240][593]LogConfig: Setting CVar [[r.SSS.Quality:1]]
[2022.02.21-17.45.35:240][593]LogConfig: Setting CVar [[r.SSS.HalfRes:0]]
[2022.02.21-17.45.35:241][593]LogConfig: Setting CVar [[r.SSGI.Quality:3]]
[2022.02.21-17.45.35:241][593]LogConfig: Setting CVar [[r.EmitterSpawnRateScale:1.0]]
[2022.02.21-17.45.35:241][593]LogConfig: Setting CVar [[r.ParticleLightQuality:2]]
[2022.02.21-17.45.35:242][593]LogConfig: Setting CVar [[r.SkyAtmosphere.AerialPerspectiveLUT.FastApplyOnOpaque:1 ; Always have FastSkyLUT 1 in this case to avoid wrong sky]]
[2022.02.21-17.45.35:242][593]LogConfig: Setting CVar [[r.SkyAtmosphere.AerialPerspectiveLUT.SampleCountMaxPerSlice:4]]
[2022.02.21-17.45.35:242][593]LogConfig: Setting CVar [[r.SkyAtmosphere.AerialPerspectiveLUT.DepthResolution:16.0]]
[2022.02.21-17.45.35:243][593]LogConfig: Setting CVar [[r.SkyAtmosphere.FastSkyLUT:1]]
[2022.02.21-17.45.35:243][593]LogConfig: Setting CVar [[r.SkyAtmosphere.FastSkyLUT.SampleCountMin:4.0]]
[2022.02.21-17.45.35:243][593]LogConfig: Setting CVar [[r.SkyAtmosphere.FastSkyLUT.SampleCountMax:128.0]]
[2022.02.21-17.45.35:243][593]LogConfig: Setting CVar [[r.SkyAtmosphere.SampleCountMin:4.0]]
[2022.02.21-17.45.35:244][593]LogConfig: Setting CVar [[r.SkyAtmosphere.SampleCountMax:128.0]]
[2022.02.21-17.45.35:248][593]LogConfig: Setting CVar [[r.SkyAtmosphere.TransmittanceLUT.UseSmallFormat:0]]
[2022.02.21-17.45.35:249][593]LogConfig: Setting CVar [[r.SkyAtmosphere.TransmittanceLUT.SampleCount:10.0]]
[2022.02.21-17.45.35:249][593]LogConfig: Setting CVar [[r.SkyAtmosphere.MultiScatteringLUT.SampleCount:15.0]]
[2022.02.21-17.45.35:250][593]LogConfig: Setting CVar [[r.SkyLight.RealTimeReflectionCapture:1]]
[2022.02.21-17.45.35:250][593]LogConfig: Setting CVar [[fx.Niagara.QualityLevel:3]]
[2022.02.21-17.45.35:250][593]LogConfig: Applying CVar settings from Section [FoliageQuality@3] File [D:/GitHub/GAME259-2022-A/GAME259_A_URE/Saved/Config/Windows/Scalability.ini]
[2022.02.21-17.45.35:251][593]LogConfig: Setting CVar [[foliage.DensityScale:1.0]]
[2022.02.21-17.45.35:251][593]LogConfig: Setting CVar [[grass.DensityScale:1.0]]
[2022.02.21-17.45.35:251][593]LogConfig: Applying CVar settings from Section [ShadingQuality@3] File [D:/GitHub/GAME259-2022-A/GAME259_A_URE/Saved/Config/Windows/Scalability.ini]
[2022.02.21-17.45.35:252][593]LogConfig: Setting CVar [[r.HairStrands.SkyLighting.IntegrationType:2]]
[2022.02.21-17.45.35:252][593]LogConfig: Setting CVar [[r.HairStrands.SkyAO.SampleCount:4]]
[2022.02.21-17.45.35:252][593]LogConfig: Setting CVar [[r.HairStrands.Visibility.MSAA.SamplePerPixel:4]]
