Log file open, 02/17/22 17:42:05
LogWindows: Failed to load 'aqProf.dll' (GetLastError=126)
LogWindows: File 'aqProf.dll' does not exist
LogWindows: Failed to load 'VtuneApi.dll' (GetLastError=126)
LogWindows: File 'VtuneApi.dll' does not exist
LogWindows: Failed to load 'VtuneApi32e.dll' (GetLastError=126)
LogWindows: File 'VtuneApi32e.dll' does not exist
LogConsoleResponse: Display: Failed to find resolution value strings in scalability ini. Falling back to default.
LogConsoleResponse: Display: Failed to find resolution value strings in scalability ini. Falling back to default.
LogInit: Display: Running engine for game: GAME259_A_URE
LogPlatformFile: Not using cached read wrapper
LogTaskGraph: Started task graph with 5 named threads and 47 total threads with 3 sets of task threads.
LogStats: Stats thread started at 0.408107
LogICUInternationalization: ICU TimeZone Detection - Raw Offset: -5:00, Platform Override: ''
LogInit: Display: Loading text-based GConfig....
LogPluginManager: Mounting plugin MeshPainting
LogPluginManager: Mounting plugin XGEController
LogPluginManager: Mounting plugin Paper2D
LogPluginManager: Mounting plugin EnvironmentQueryEditor
LogPluginManager: Mounting plugin AISupport
LogPluginManager: Mounting plugin LightPropagationVolume
LogPluginManager: Mounting plugin LiveLink
LogPluginManager: Mounting plugin OodleNetwork
LogPluginManager: Mounting plugin OodleData
LogPluginManager: Mounting plugin GameplayCameras
LogPluginManager: Mounting plugin AnimationSharing
LogPluginManager: Mounting plugin CodeLiteSourceCodeAccess
LogPluginManager: Mounting plugin CameraShakePreviewer
LogPluginManager: Mounting plugin CLionSourceCodeAccess
LogPluginManager: Mounting plugin KDevelopSourceCodeAccess
LogPluginManager: Mounting plugin NullSourceCodeAccess
LogPluginManager: Mounting plugin PerforceSourceControl
LogPluginManager: Mounting plugin PluginUtils
LogPluginManager: Mounting plugin PixWinPlugin
LogPluginManager: Mounting plugin PropertyAccessNode
LogPluginManager: Mounting plugin GitSourceControl
LogPluginManager: Mounting plugin RiderSourceCodeAccess
LogPluginManager: Mounting plugin SubversionSourceControl
LogPluginManager: Mounting plugin PlasticSourceControl
LogPluginManager: Mounting plugin TextureFormatOodle
LogPluginManager: Mounting plugin UObjectPlugin
LogPluginManager: Mounting plugin AssetManagerEditor
LogPluginManager: Mounting plugin VisualStudioSourceCodeAccess
LogPluginManager: Mounting plugin CryptoKeys
LogPluginManager: Mounting plugin DataValidation
LogPluginManager: Mounting plugin VisualStudioCodeSourceCodeAccess
LogPluginManager: Mounting plugin CurveEditorTools
LogPluginManager: Mounting plugin FacialAnimation
LogPluginManager: Mounting plugin GameplayTagsEditor
LogPluginManager: Mounting plugin GeometryMode
LogPluginManager: Mounting plugin XCodeSourceCodeAccess
LogPluginManager: Mounting plugin MacGraphicsSwitching
LogPluginManager: Mounting plugin MaterialAnalyzer
LogPluginManager: Mounting plugin SpeedTreeImporter
LogPluginManager: Mounting plugin PluginBrowser
LogPluginManager: Mounting plugin AlembicImporter
LogPluginManager: Mounting plugin MobileLauncherProfileWizard
LogPluginManager: Mounting plugin ChaosCloth
LogPluginManager: Mounting plugin AutomationUtils
LogPluginManager: Mounting plugin ChaosNiagara
LogPluginManager: Mounting plugin ChaosEditor
LogPluginManager: Mounting plugin Niagara
LogPluginManager: Mounting plugin ChaosSolverPlugin
LogPluginManager: Mounting plugin CharacterAI
LogPluginManager: Mounting plugin BackChannel
LogPluginManager: Mounting plugin GeometryCache
LogPluginManager: Mounting plugin ChaosClothEditor
LogPluginManager: Mounting plugin GeometryCollectionPlugin
LogPluginManager: Mounting plugin GeometryProcessing
LogPluginManager: Mounting plugin MotoSynth
LogPluginManager: Mounting plugin OpenImageDenoise
LogPluginManager: Mounting plugin PlatformCrypto
LogPluginManager: Mounting plugin PlanarCut
LogPluginManager: Mounting plugin PythonScriptPlugin
LogPluginManager: Mounting plugin ProxyLODPlugin
LogPluginManager: Mounting plugin DatasmithContent
LogPluginManager: Mounting plugin SkeletalReduction
LogPluginManager: Mounting plugin VariantManagerContent
LogPluginManager: Mounting plugin AndroidMedia
LogPluginManager: Mounting plugin AvfMedia
LogPluginManager: Mounting plugin MediaCompositing
LogPluginManager: Mounting plugin ImgMedia
LogPluginManager: Mounting plugin MediaPlayerEditor
LogPluginManager: Mounting plugin WmfMedia
LogPluginManager: Mounting plugin LuminPlatformFeatures
LogPluginManager: Mounting plugin WebMMedia
LogPluginManager: Mounting plugin MagicLeap
LogPluginManager: Mounting plugin MagicLeapLightEstimation
LogPluginManager: Mounting plugin MagicLeapMedia
LogPluginManager: Mounting plugin MagicLeapPassableWorld
LogPluginManager: Mounting plugin MLSDK
LogPluginManager: Mounting plugin UdpMessaging
LogPluginManager: Mounting plugin TcpMessaging
LogPluginManager: Mounting plugin EOSShared
LogPluginManager: Mounting plugin OnlineSubsystem
LogPluginManager: Mounting plugin OnlineSubsystemNull
LogPluginManager: Mounting plugin OnlineSubsystemSteam
LogPluginManager: Mounting plugin OnlineSubsystemUtils
LogPluginManager: Mounting plugin ActorSequence
LogPluginManager: Mounting plugin LauncherChunkInstaller
LogPluginManager: Mounting plugin MatineeToLevelSequence
LogPluginManager: Mounting plugin LevelSequenceEditor
LogPluginManager: Mounting plugin ActorLayerUtilities
LogPluginManager: Mounting plugin TemplateSequence
LogPluginManager: Mounting plugin AndroidMoviePlayer
LogPluginManager: Mounting plugin AndroidDeviceProfileSelector
LogPluginManager: Mounting plugin AndroidPermission
LogPluginManager: Mounting plugin AppleImageUtils
LogPluginManager: Mounting plugin ArchVisCharacter
LogPluginManager: Mounting plugin AppleMoviePlayer
LogPluginManager: Mounting plugin AssetTags
LogPluginManager: Mounting plugin AudioCapture
LogPluginManager: Mounting plugin ChunkDownloader
LogPluginManager: Mounting plugin AudioSynesthesia
LogPluginManager: Mounting plugin CableComponent
LogPluginManager: Mounting plugin CustomMeshComponent
LogPluginManager: Mounting plugin EditableMesh
LogPluginManager: Mounting plugin GooglePAD
LogPluginManager: Mounting plugin GoogleCloudMessaging
LogPluginManager: Mounting plugin ExampleDeviceProfileSelector
LogPluginManager: Mounting plugin IOSDeviceProfileSelector
LogPluginManager: Mounting plugin LinuxDeviceProfileSelector
LogPluginManager: Mounting plugin LocationServicesBPLibrary
LogPluginManager: Mounting plugin MobilePatchingUtils
LogPluginManager: Mounting plugin OpenXREyeTracker
LogPluginManager: Mounting plugin ScreenshotTools
LogPluginManager: Mounting plugin OpenXR
LogPluginManager: Mounting plugin OpenXRHandTracking
LogPluginManager: Mounting plugin PhysXVehicles
LogPluginManager: Mounting plugin PostSplashScreen
LogPluginManager: Mounting plugin ProceduralMeshComponent
LogPluginManager: Mounting plugin PropertyAccessEditor
LogPluginManager: Mounting plugin SignificanceManager
LogPluginManager: Mounting plugin SoundFields
LogPluginManager: Mounting plugin RuntimePhysXCooking
LogPluginManager: Mounting plugin Synthesis
LogPluginManager: Mounting plugin Takes
LogPluginManager: Mounting plugin WebMMoviePlayer
LogPluginManager: Mounting plugin WindowsMoviePlayer
LogPluginManager: Mounting plugin ContentBrowserAssetDataSource
LogPluginManager: Mounting plugin ContentBrowserClassDataSource
LogPluginManager: Mounting plugin ContentBrowserFileDataSource
LogPluginManager: Mounting plugin OnlineSubsystemIOS
LogPluginManager: Mounting plugin OnlineSubsystemGooglePlay
LogPluginManager: Mounting plugin EOSVoiceChat
LogPluginManager: Mounting plugin OculusVR
LogPluginManager: Mounting plugin SteamShared
LogInit: Warning: Incompatible or missing module: GAME259_A_URE
Running D:/Unreal Engine/UE_4.27/Engine/Binaries/DotNET/UnrealBuildTool.exe Development Win64 -Project="D:/GitHub/GAME259-2022-A/GAME259_A_URE/GAME259_A_URE.uproject" -TargetType=Editor -Progress -NoEngineChanges -NoHotReloadFromIDE
Using 'git status' to determine working set for adaptive non-unity build (D:\GitHub\GAME259-2022-A).
Creating makefile for GAME259_A_UREEditor (config setting changed)
@progress push 5%
Parsing headers for GAME259_A_UREEditor
  Running UnrealHeaderTool "D:\GitHub\GAME259-2022-A\GAME259_A_URE\GAME259_A_URE.uproject" "D:\GitHub\GAME259-2022-A\GAME259_A_URE\Intermediate\Build\Win64\GAME259_A_UREEditor\Development\GAME259_A_UREEditor.uhtmanifest" -LogCmds="loginit warning, logexit warning, logdatabase error" -Unattended -WarningsAsErrors -abslog="C:\Users\Trevor\AppData\Local\UnrealBuildTool\Log_UHT.txt" -installed
LogInit: Display: Loading text-based GConfig....
Reflection code generated for GAME259_A_UREEditor in 23.1107752 seconds
@progress pop
Building GAME259_A_UREEditor...
Using Visual Studio 2019 14.29.30140 toolchain (C:\Program Files (x86)\Microsoft Visual Studio\2019\Community\VC\Tools\MSVC\14.29.30133) and Windows 10.0.18362.0 SDK (C:\Program Files (x86)\Windows Kits\10).
Building 15 actions with 16 processes...
  @progress 'Compiling C++ source code...' 0%
  @progress 'Compiling C++ source code...' 7%
  [1/15] Default.rc2
  @progress 'Compiling C++ source code...' 13%
  [2/15] SharedPCH.Engine.ShadowErrors.cpp
  @progress 'Compiling C++ source code...' 20%
  [3/15] GameInstance_GAME259_A_URE.cpp
  @progress 'Compiling C++ source code...' 27%
  [4/15] GAME259_A_URE.cpp
  @progress 'Compiling C++ source code...' 33%
  [5/15] GAME259_PlayerController.cpp
  @progress 'Compiling C++ source code...' 40%
  [6/15] GAME259_A_URE.init.gen.cpp
  @progress 'Compiling C++ source code...' 47%
  [7/15] GAME259_A_UREGameMode.cpp
  @progress 'Compiling C++ source code...' 53%
  [8/15] GAME259_PlayerController.gen.cpp
  @progress 'Compiling C++ source code...' 60%
  [9/15] GameInstance_GAME259_A_URE.gen.cpp
  @progress 'Compiling C++ source code...' 67%
  [10/15] GAME259_A_URECharacter.gen.cpp
  @progress 'Compiling C++ source code...' 73%
  [11/15] GAME259_A_UREGameMode.gen.cpp
  @progress 'Compiling C++ source code...' 80%
  [12/15] GAME259_A_URECharacter.cpp
  @progress 'Compiling C++ source code...' 87%
  [13/15] UE4Editor-GAME259_A_URE.lib
     Creating library D:\GitHub\GAME259-2022-A\GAME259_A_URE\Intermediate\Build\Win64\UE4Editor\Development\GAME259_A_URE\UE4Editor-GAME259_A_URE.lib and object D:\GitHub\GAME259-2022-A\GAME259_A_URE\Intermediate\Build\Win64\UE4Editor\Development\GAME259_A_URE\UE4Editor-GAME259_A_URE.exp
  @progress 'Compiling C++ source code...' 93%
  [14/15] UE4Editor-GAME259_A_URE.dll
     Creating library D:\GitHub\GAME259-2022-A\GAME259_A_URE\Intermediate\Build\Win64\UE4Editor\Development\GAME259_A_URE\UE4Editor-GAME259_A_URE.suppressed.lib and object D:\GitHub\GAME259-2022-A\GAME259_A_URE\Intermediate\Build\Win64\UE4Editor\Development\GAME259_A_URE\UE4Editor-GAME259_A_URE.suppressed.exp
  @progress 'Compiling C++ source code...' 100%
  [15/15] GAME259_A_UREEditor.target
Total time in Parallel executor: 26.82 seconds
Total execution time: 96.97 seconds
PixWinPlugin: PIX capture plugin failed to initialize! Check that the process is launched from PIX.
LogInit: Using libcurl 7.55.1-DEV
LogInit:  - built for x86_64-pc-win32
LogInit:  - supports SSL with OpenSSL/1.1.1
LogInit:  - supports HTTP deflate (compression) using libz 1.2.8
LogInit:  - other features:
LogInit:      CURL_VERSION_SSL
LogInit:      CURL_VERSION_LIBZ
LogInit:      CURL_VERSION_IPV6
LogInit:      CURL_VERSION_ASYNCHDNS
LogInit:      CURL_VERSION_LARGEFILE
LogInit:      CURL_VERSION_IDN
LogInit:  CurlRequestOptions (configurable via config and command line):
LogInit:  - bVerifyPeer = true  - Libcurl will verify peer certificate
LogInit:  - bUseHttpProxy = false  - Libcurl will NOT use HTTP proxy
LogInit:  - bDontReuseConnections = false  - Libcurl will reuse connections
LogInit:  - MaxHostConnections = 16  - Libcurl will limit the number of connections to a host
LogInit:  - LocalHostAddr = Default
LogInit:  - BufferSize = 65536
LogOnline: OSS: Creating online subsystem instance for: NULL
LogInit: WinSock: version 1.1 (2.2), MaxSocks=32767, MaxUdp=65467
LogOnline: OSS: TryLoadSubsystemAndSetDefault: Loaded subsystem for module [NULL]
LogOculusPluginWrapper: OculusPlugin initialized successfully
LogHMD: Failed initializing OVRPlugin 1.59.0
LogInit: Build: ++UE4+Release-4.27-CL-18319896
LogInit: Engine Version: 4.27.2-18319896+++UE4+Release-4.27
LogInit: Compatible Engine Version: 4.27.0-17155196+++UE4+Release-4.27
LogInit: Net CL: 17155196
LogInit: OS: Windows 10 (Release 2009) (), CPU: Intel(R) Core(TM) i7-10700K CPU @ 3.80GHz, GPU: NVIDIA GeForce RTX 2070 SUPER
LogInit: Compiled (64-bit): Nov 30 2021 07:12:08
LogInit: Compiled with Visual C++: 19.24.28315.00
LogInit: Build Configuration: Development
LogInit: Branch Name: ++UE4+Release-4.27
LogInit: Command Line: 
LogInit: Base Directory: D:/Unreal Engine/UE_4.27/Engine/Binaries/Win64/
LogInit: Allocator: TBB
LogInit: Installed Engine Build: 1
LogDevObjectVersion: Number of dev versions registered: 29
LogDevObjectVersion:   Dev-Blueprints (B0D832E4-1F89-4F0D-ACCF-7EB736FD4AA2): 10
LogDevObjectVersion:   Dev-Build (E1C64328-A22C-4D53-A36C-8E866417BD8C): 0
LogDevObjectVersion:   Dev-Core (375EC13C-06E4-48FB-B500-84F0262A717E): 4
LogDevObjectVersion:   Dev-Editor (E4B068ED-F494-42E9-A231-DA0B2E46BB41): 40
LogDevObjectVersion:   Dev-Framework (CFFC743F-43B0-4480-9391-14DF171D2073): 37
LogDevObjectVersion:   Dev-Mobile (B02B49B5-BB20-44E9-A304-32B752E40360): 3
LogDevObjectVersion:   Dev-Networking (A4E4105C-59A1-49B5-A7C5-40C4547EDFEE): 0
LogDevObjectVersion:   Dev-Online (39C831C9-5AE6-47DC-9A44-9C173E1C8E7C): 0
LogDevObjectVersion:   Dev-Physics (78F01B33-EBEA-4F98-B9B4-84EACCB95AA2): 14
LogDevObjectVersion:   Dev-Platform (6631380F-2D4D-43E0-8009-CF276956A95A): 0
LogDevObjectVersion:   Dev-Rendering (12F88B9F-8875-4AFC-A67C-D90C383ABD29): 45
LogDevObjectVersion:   Dev-Sequencer (7B5AE74C-D270-4C10-A958-57980B212A5A): 13
LogDevObjectVersion:   Dev-VR (D7296918-1DD6-4BDD-9DE2-64A83CC13884): 3
LogDevObjectVersion:   Dev-LoadTimes (C2A15278-BFE7-4AFE-6C17-90FF531DF755): 1
LogDevObjectVersion:   Private-Geometry (6EACA3D4-40EC-4CC1-B786-8BED09428FC5): 3
LogDevObjectVersion:   Dev-AnimPhys (29E575DD-E0A3-4627-9D10-D276232CDCEA): 17
LogDevObjectVersion:   Dev-Anim (AF43A65D-7FD3-4947-9873-3E8ED9C1BB05): 15
LogDevObjectVersion:   Dev-ReflectionCapture (6B266CEC-1EC7-4B8F-A30B-E4D90942FC07): 1
LogDevObjectVersion:   Dev-Automation (0DF73D61-A23F-47EA-B727-89E90C41499A): 1
LogDevObjectVersion:   FortniteMain (601D1886-AC64-4F84-AA16-D3DE0DEAC7D6): 47
LogDevObjectVersion:   FortniteRelease (E7086368-6B23-4C58-8439-1B7016265E91): 1
LogDevObjectVersion:   Dev-Enterprise (9DFFBCD6-494F-0158-E221-12823C92A888): 10
LogDevObjectVersion:   Dev-Niagara (F2AED0AC-9AFE-416F-8664-AA7FFA26D6FC): 1
LogDevObjectVersion:   Dev-Destruction (174F1F0B-B4C6-45A5-B13F-2EE8D0FB917D): 10
LogDevObjectVersion:   Dev-Physics-Ext (35F94A83-E258-406C-A318-09F59610247C): 41
LogDevObjectVersion:   Dev-PhysicsMaterial-Chaos (B68FC16E-8B1B-42E2-B453-215C058844FE): 1
LogDevObjectVersion:   Dev-CineCamera (B2E18506-4273-CFC2-A54E-F4BB758BBA07): 1
LogDevObjectVersion:   Dev-VirtualProduction (64F58936-FD1B-42BA-BA96-7289D5D0FA4E): 1
LogDevObjectVersion:   Dev-MediaFramework (6F0ED827-A609-4895-9C91-998D90180EA4): 2
LogInit: Presizing for max 25165824 objects, including 0 objects not considered by GC, pre-allocating 0 bytes for permanent pool.
LogConfig: Applying CVar settings from Section [/Script/Engine.StreamingSettings] File [D:/GitHub/GAME259-2022-A/GAME259_A_URE/Saved/Config/Windows/Engine.ini]
LogConfig: Setting CVar [[s.MinBulkDataSizeForAsyncLoading:131072]]
LogConfig: Setting CVar [[s.AsyncLoadingThreadEnabled:0]]
LogConfig: Setting CVar [[s.EventDrivenLoaderEnabled:1]]
LogConfig: Setting CVar [[s.WarnIfTimeLimitExceeded:0]]
LogConfig: Setting CVar [[s.TimeLimitExceededMultiplier:1.5]]
LogConfig: Setting CVar [[s.TimeLimitExceededMinTime:0.005]]
LogConfig: Setting CVar [[s.UseBackgroundLevelStreaming:1]]
LogConfig: Setting CVar [[s.PriorityAsyncLoadingExtraTime:15.0]]
LogConfig: Setting CVar [[s.LevelStreamingActorsUpdateTimeLimit:5.0]]
LogConfig: Setting CVar [[s.PriorityLevelStreamingActorsUpdateExtraTime:5.0]]
LogConfig: Setting CVar [[s.LevelStreamingComponentsRegistrationGranularity:10]]
LogConfig: Setting CVar [[s.UnregisterComponentsTimeLimit:1.0]]
LogConfig: Setting CVar [[s.LevelStreamingComponentsUnregistrationGranularity:5]]
LogConfig: Setting CVar [[s.FlushStreamingOnExit:1]]
LogInit: Object subsystem initialized
LogConfig: Setting CVar [[con.DebugEarlyDefault:1]]
LogConfig: Setting CVar [[r.setres:1280x720]]
[2022.02.17-22.43.46:013][  0]LogConfig: Setting CVar [[r.VSync:0]]
[2022.02.17-22.43.46:013][  0]LogConfig: Setting CVar [[r.RHICmdBypass:0]]
[2022.02.17-22.43.46:013][  0]LogConfig: Applying CVar settings from Section [/Script/Engine.RendererSettings] File [D:/GitHub/GAME259-2022-A/GAME259_A_URE/Saved/Config/Windows/Engine.ini]
[2022.02.17-22.43.46:013][  0]LogConfig: Setting CVar [[r.GPUCrashDebugging:0]]
[2022.02.17-22.43.46:013][  0]LogConfig: Applying CVar settings from Section [/Script/Engine.RendererOverrideSettings] File [D:/GitHub/GAME259-2022-A/GAME259_A_URE/Saved/Config/Windows/Engine.ini]
[2022.02.17-22.43.46:013][  0]LogConfig: Applying CVar settings from Section [/Script/Engine.StreamingSettings] File [D:/GitHub/GAME259-2022-A/GAME259_A_URE/Saved/Config/Windows/Engine.ini]
[2022.02.17-22.43.46:013][  0]LogConfig: Setting CVar [[s.MinBulkDataSizeForAsyncLoading:131072]]
[2022.02.17-22.43.46:013][  0]LogConfig: Setting CVar [[s.AsyncLoadingThreadEnabled:0]]
[2022.02.17-22.43.46:013][  0]LogConfig: Setting CVar [[s.EventDrivenLoaderEnabled:1]]
[2022.02.17-22.43.46:013][  0]LogConfig: Setting CVar [[s.WarnIfTimeLimitExceeded:0]]
[2022.02.17-22.43.46:013][  0]LogConfig: Setting CVar [[s.TimeLimitExceededMultiplier:1.5]]
[2022.02.17-22.43.46:013][  0]LogConfig: Setting CVar [[s.TimeLimitExceededMinTime:0.005]]
[2022.02.17-22.43.46:013][  0]LogConfig: Setting CVar [[s.UseBackgroundLevelStreaming:1]]
[2022.02.17-22.43.46:013][  0]LogConfig: Setting CVar [[s.PriorityAsyncLoadingExtraTime:15.0]]
[2022.02.17-22.43.46:013][  0]LogConfig: Setting CVar [[s.LevelStreamingActorsUpdateTimeLimit:5.0]]
[2022.02.17-22.43.46:013][  0]LogConfig: Setting CVar [[s.PriorityLevelStreamingActorsUpdateExtraTime:5.0]]
[2022.02.17-22.43.46:013][  0]LogConfig: Setting CVar [[s.LevelStreamingComponentsRegistrationGranularity:10]]
[2022.02.17-22.43.46:013][  0]LogConfig: Setting CVar [[s.UnregisterComponentsTimeLimit:1.0]]
[2022.02.17-22.43.46:013][  0]LogConfig: Setting CVar [[s.LevelStreamingComponentsUnregistrationGranularity:5]]
[2022.02.17-22.43.46:013][  0]LogConfig: Setting CVar [[s.FlushStreamingOnExit:1]]
[2022.02.17-22.43.46:013][  0]LogConfig: Applying CVar settings from Section [/Script/Engine.GarbageCollectionSettings] File [D:/GitHub/GAME259-2022-A/GAME259_A_URE/Saved/Config/Windows/Engine.ini]
[2022.02.17-22.43.46:013][  0]LogConfig: Setting CVar [[gc.MaxObjectsNotConsideredByGC:1]]
[2022.02.17-22.43.46:013][  0]LogConfig: Setting CVar [[gc.SizeOfPermanentObjectPool:0]]
[2022.02.17-22.43.46:013][  0]LogConfig: Setting CVar [[gc.FlushStreamingOnGC:0]]
[2022.02.17-22.43.46:013][  0]LogConfig: Setting CVar [[gc.NumRetriesBeforeForcingGC:10]]
[2022.02.17-22.43.46:013][  0]LogConfig: Setting CVar [[gc.AllowParallelGC:1]]
[2022.02.17-22.43.46:013][  0]LogConfig: Setting CVar [[gc.TimeBetweenPurgingPendingKillObjects:61.1]]
[2022.02.17-22.43.46:013][  0]LogConfig: Setting CVar [[gc.MaxObjectsInEditor:25165824]]
[2022.02.17-22.43.46:013][  0]LogConfig: Setting CVar [[gc.IncrementalBeginDestroyEnabled:1]]
[2022.02.17-22.43.46:013][  0]LogConfig: Setting CVar [[gc.CreateGCClusters:1]]
[2022.02.17-22.43.46:013][  0]LogConfig: Setting CVar [[gc.MinGCClusterSize:5]]
[2022.02.17-22.43.46:013][  0]LogConfig: Setting CVar [[gc.ActorClusteringEnabled:0]]
[2022.02.17-22.43.46:013][  0]LogConfig: Setting CVar [[gc.BlueprintClusteringEnabled:0]]
[2022.02.17-22.43.46:014][  0]LogConfig: Setting CVar [[gc.UseDisregardForGCOnDedicatedServers:0]]
[2022.02.17-22.43.46:014][  0]LogConfig: Setting CVar [[gc.MultithreadedDestructionEnabled:1]]
[2022.02.17-22.43.46:014][  0]LogConfig: Applying CVar settings from Section [/Script/Engine.NetworkSettings] File [D:/GitHub/GAME259-2022-A/GAME259_A_URE/Saved/Config/Windows/Engine.ini]
[2022.02.17-22.43.46:014][  0]LogConfig: Applying CVar settings from Section [/Script/UnrealEd.CookerSettings] File [D:/GitHub/GAME259-2022-A/GAME259_A_URE/Saved/Config/Windows/Engine.ini]
[2022.02.17-22.43.46:028][  0]LogConfig: Applying CVar settings from Section [ViewDistanceQuality@3] File [D:/GitHub/GAME259-2022-A/GAME259_A_URE/Saved/Config/Windows/Scalability.ini]
[2022.02.17-22.43.46:028][  0]LogConfig: Setting CVar [[r.SkeletalMeshLODBias:0]]
[2022.02.17-22.43.46:028][  0]LogConfig: Setting CVar [[r.ViewDistanceScale:1.0]]
[2022.02.17-22.43.46:028][  0]LogConfig: Applying CVar settings from Section [AntiAliasingQuality@3] File [D:/GitHub/GAME259-2022-A/GAME259_A_URE/Saved/Config/Windows/Scalability.ini]
[2022.02.17-22.43.46:028][  0]LogConfig: Setting CVar [[r.PostProcessAAQuality:4]]
[2022.02.17-22.43.46:028][  0]LogConfig: Applying CVar settings from Section [ShadowQuality@3] File [D:/GitHub/GAME259-2022-A/GAME259_A_URE/Saved/Config/Windows/Scalability.ini]
[2022.02.17-22.43.46:028][  0]LogConfig: Setting CVar [[r.LightFunctionQuality:1]]
[2022.02.17-22.43.46:028][  0]LogConfig: Setting CVar [[r.ShadowQuality:5]]
[2022.02.17-22.43.46:028][  0]LogConfig: Setting CVar [[r.Shadow.CSM.MaxCascades:10]]
[2022.02.17-22.43.46:028][  0]LogConfig: Setting CVar [[r.Shadow.MaxResolution:2048]]
[2022.02.17-22.43.46:028][  0]LogConfig: Setting CVar [[r.Shadow.MaxCSMResolution:2048]]
[2022.02.17-22.43.46:028][  0]LogConfig: Setting CVar [[r.Shadow.RadiusThreshold:0.01]]
[2022.02.17-22.43.46:028][  0]LogConfig: Setting CVar [[r.Shadow.DistanceScale:1.0]]
[2022.02.17-22.43.46:028][  0]LogConfig: Setting CVar [[r.Shadow.CSM.TransitionScale:1.0]]
[2022.02.17-22.43.46:028][  0]LogConfig: Setting CVar [[r.Shadow.PreShadowResolutionFactor:1.0]]
[2022.02.17-22.43.46:028][  0]LogConfig: Setting CVar [[r.DistanceFieldShadowing:1]]
[2022.02.17-22.43.46:028][  0]LogConfig: Setting CVar [[r.DistanceFieldAO:1]]
[2022.02.17-22.43.46:028][  0]LogConfig: Setting CVar [[r.AOQuality:2]]
[2022.02.17-22.43.46:028][  0]LogConfig: Setting CVar [[r.VolumetricFog:1]]
[2022.02.17-22.43.46:028][  0]LogConfig: Setting CVar [[r.VolumetricFog.GridPixelSize:8]]
[2022.02.17-22.43.46:028][  0]LogConfig: Setting CVar [[r.VolumetricFog.GridSizeZ:128]]
[2022.02.17-22.43.46:028][  0]LogConfig: Setting CVar [[r.VolumetricFog.HistoryMissSupersampleCount:4]]
[2022.02.17-22.43.46:028][  0]LogConfig: Setting CVar [[r.LightMaxDrawDistanceScale:1]]
[2022.02.17-22.43.46:028][  0]LogConfig: Setting CVar [[r.CapsuleShadows:1]]
[2022.02.17-22.43.46:028][  0]LogConfig: Applying CVar settings from Section [PostProcessQuality@3] File [D:/GitHub/GAME259-2022-A/GAME259_A_URE/Saved/Config/Windows/Scalability.ini]
[2022.02.17-22.43.46:028][  0]LogConfig: Setting CVar [[r.MotionBlurQuality:4]]
[2022.02.17-22.43.46:028][  0]LogConfig: Setting CVar [[r.AmbientOcclusionMipLevelFactor:0.4]]
[2022.02.17-22.43.46:028][  0]LogConfig: Setting CVar [[r.AmbientOcclusionMaxQuality:100]]
[2022.02.17-22.43.46:028][  0]LogConfig: Setting CVar [[r.AmbientOcclusionLevels:-1]]
[2022.02.17-22.43.46:028][  0]LogConfig: Setting CVar [[r.AmbientOcclusionRadiusScale:1.0]]
[2022.02.17-22.43.46:028][  0]LogConfig: Setting CVar [[r.DepthOfFieldQuality:2]]
[2022.02.17-22.43.46:028][  0]LogConfig: Setting CVar [[r.RenderTargetPoolMin:400]]
[2022.02.17-22.43.46:028][  0]LogConfig: Setting CVar [[r.LensFlareQuality:2]]
[2022.02.17-22.43.46:028][  0]LogConfig: Setting CVar [[r.SceneColorFringeQuality:1]]
[2022.02.17-22.43.46:028][  0]LogConfig: Setting CVar [[r.EyeAdaptationQuality:2]]
[2022.02.17-22.43.46:028][  0]LogConfig: Setting CVar [[r.BloomQuality:5]]
[2022.02.17-22.43.46:028][  0]LogConfig: Setting CVar [[r.FastBlurThreshold:100]]
[2022.02.17-22.43.46:028][  0]LogConfig: Setting CVar [[r.Upscale.Quality:3]]
[2022.02.17-22.43.46:028][  0]LogConfig: Setting CVar [[r.Tonemapper.GrainQuantization:1]]
[2022.02.17-22.43.46:028][  0]LogConfig: Setting CVar [[r.LightShaftQuality:1]]
[2022.02.17-22.43.46:028][  0]LogConfig: Setting CVar [[r.Filter.SizeScale:1]]
[2022.02.17-22.43.46:028][  0]LogConfig: Setting CVar [[r.Tonemapper.Quality:5]]
[2022.02.17-22.43.46:028][  0]LogConfig: Setting CVar [[r.DOF.Gather.AccumulatorQuality:1        ; higher gathering accumulator quality]]
[2022.02.17-22.43.46:028][  0]LogConfig: Setting CVar [[r.DOF.Gather.PostfilterMethod:1          ; Median3x3 postfilering method]]
[2022.02.17-22.43.46:028][  0]LogConfig: Setting CVar [[r.DOF.Gather.EnableBokehSettings:0       ; no bokeh simulation when gathering]]
[2022.02.17-22.43.46:028][  0]LogConfig: Setting CVar [[r.DOF.Gather.RingCount:4                 ; medium number of samples when gathering]]
[2022.02.17-22.43.46:028][  0]LogConfig: Setting CVar [[r.DOF.Scatter.ForegroundCompositing:1    ; additive foreground scattering]]
[2022.02.17-22.43.46:028][  0]LogConfig: Setting CVar [[r.DOF.Scatter.BackgroundCompositing:2    ; additive background scattering]]
[2022.02.17-22.43.46:028][  0]LogConfig: Setting CVar [[r.DOF.Scatter.EnableBokehSettings:1      ; bokeh simulation when scattering]]
[2022.02.17-22.43.46:028][  0]LogConfig: Setting CVar [[r.DOF.Scatter.MaxSpriteRatio:0.1         ; only a maximum of 10% of scattered bokeh]]
[2022.02.17-22.43.46:028][  0]LogConfig: Setting CVar [[r.DOF.Recombine.Quality:1                ; cheap slight out of focus]]
[2022.02.17-22.43.46:028][  0]LogConfig: Setting CVar [[r.DOF.Recombine.EnableBokehSettings:0    ; no bokeh simulation on slight out of focus]]
[2022.02.17-22.43.46:028][  0]LogConfig: Setting CVar [[r.DOF.TemporalAAQuality:1                ; more stable temporal accumulation]]
[2022.02.17-22.43.46:028][  0]LogConfig: Setting CVar [[r.DOF.Kernel.MaxForegroundRadius:0.025]]
[2022.02.17-22.43.46:028][  0]LogConfig: Setting CVar [[r.DOF.Kernel.MaxBackgroundRadius:0.025]]
[2022.02.17-22.43.46:028][  0]LogConfig: Applying CVar settings from Section [TextureQuality@3] File [D:/GitHub/GAME259-2022-A/GAME259_A_URE/Saved/Config/Windows/Scalability.ini]
[2022.02.17-22.43.46:028][  0]LogConfig: Setting CVar [[r.Streaming.MipBias:0]]
[2022.02.17-22.43.46:028][  0]LogConfig: Setting CVar [[r.Streaming.AmortizeCPUToGPUCopy:0]]
[2022.02.17-22.43.46:028][  0]LogConfig: Setting CVar [[r.Streaming.MaxNumTexturesToStreamPerFrame:0]]
[2022.02.17-22.43.46:028][  0]LogConfig: Setting CVar [[r.Streaming.Boost:1]]
[2022.02.17-22.43.46:028][  0]LogConfig: Setting CVar [[r.MaxAnisotropy:8]]
[2022.02.17-22.43.46:028][  0]LogConfig: Setting CVar [[r.VT.MaxAnisotropy:8]]
[2022.02.17-22.43.46:028][  0]LogConfig: Setting CVar [[r.Streaming.LimitPoolSizeToVRAM:0]]
[2022.02.17-22.43.46:028][  0]LogConfig: Setting CVar [[r.Streaming.PoolSize:1000]]
[2022.02.17-22.43.46:028][  0]LogConfig: Setting CVar [[r.Streaming.MaxEffectiveScreenSize:0]]
[2022.02.17-22.43.46:028][  0]LogConfig: Applying CVar settings from Section [EffectsQuality@3] File [D:/GitHub/GAME259-2022-A/GAME259_A_URE/Saved/Config/Windows/Scalability.ini]
[2022.02.17-22.43.46:028][  0]LogConfig: Setting CVar [[r.TranslucencyLightingVolumeDim:64]]
[2022.02.17-22.43.46:028][  0]LogConfig: Setting CVar [[r.RefractionQuality:2]]
[2022.02.17-22.43.46:028][  0]LogConfig: Setting CVar [[r.SSR.Quality:3]]
[2022.02.17-22.43.46:028][  0]LogConfig: Setting CVar [[r.SSR.HalfResSceneColor:0]]
[2022.02.17-22.43.46:028][  0]LogConfig: Setting CVar [[r.SceneColorFormat:4]]
[2022.02.17-22.43.46:028][  0]LogConfig: Setting CVar [[r.DetailMode:2]]
[2022.02.17-22.43.46:028][  0]LogConfig: Setting CVar [[r.TranslucencyVolumeBlur:1]]
[2022.02.17-22.43.46:028][  0]LogConfig: Setting CVar [[r.MaterialQualityLevel:1 ; High quality]]
[2022.02.17-22.43.46:028][  0]LogConfig: Setting CVar [[r.AnisotropicMaterials:1]]
[2022.02.17-22.43.46:028][  0]LogConfig: Setting CVar [[r.SSS.Scale:1]]
[2022.02.17-22.43.46:028][  0]LogConfig: Setting CVar [[r.SSS.SampleSet:2]]
[2022.02.17-22.43.46:028][  0]LogConfig: Setting CVar [[r.SSS.Quality:1]]
[2022.02.17-22.43.46:028][  0]LogConfig: Setting CVar [[r.SSS.HalfRes:0]]
[2022.02.17-22.43.46:028][  0]LogConfig: Setting CVar [[r.SSGI.Quality:3]]
[2022.02.17-22.43.46:028][  0]LogConfig: Setting CVar [[r.EmitterSpawnRateScale:1.0]]
[2022.02.17-22.43.46:028][  0]LogConfig: Setting CVar [[r.ParticleLightQuality:2]]
[2022.02.17-22.43.46:028][  0]LogConfig: Setting CVar [[r.SkyAtmosphere.AerialPerspectiveLUT.FastApplyOnOpaque:1 ; Always have FastSkyLUT 1 in this case to avoid wrong sky]]
[2022.02.17-22.43.46:028][  0]LogConfig: Setting CVar [[r.SkyAtmosphere.AerialPerspectiveLUT.SampleCountMaxPerSlice:4]]
[2022.02.17-22.43.46:028][  0]LogConfig: Setting CVar [[r.SkyAtmosphere.AerialPerspectiveLUT.DepthResolution:16.0]]
[2022.02.17-22.43.46:028][  0]LogConfig: Setting CVar [[r.SkyAtmosphere.FastSkyLUT:1]]
[2022.02.17-22.43.46:029][  0]LogConfig: Setting CVar [[r.SkyAtmosphere.FastSkyLUT.SampleCountMin:4.0]]
[2022.02.17-22.43.46:029][  0]LogConfig: Setting CVar [[r.SkyAtmosphere.FastSkyLUT.SampleCountMax:128.0]]
[2022.02.17-22.43.46:029][  0]LogConfig: Setting CVar [[r.SkyAtmosphere.SampleCountMin:4.0]]
[2022.02.17-22.43.46:029][  0]LogConfig: Setting CVar [[r.SkyAtmosphere.SampleCountMax:128.0]]
[2022.02.17-22.43.46:029][  0]LogConfig: Setting CVar [[r.SkyAtmosphere.TransmittanceLUT.UseSmallFormat:0]]
[2022.02.17-22.43.46:029][  0]LogConfig: Setting CVar [[r.SkyAtmosphere.TransmittanceLUT.SampleCount:10.0]]
[2022.02.17-22.43.46:029][  0]LogConfig: Setting CVar [[r.SkyAtmosphere.MultiScatteringLUT.SampleCount:15.0]]
[2022.02.17-22.43.46:029][  0]LogConfig: Setting CVar [[r.SkyLight.RealTimeReflectionCapture:1]]
[2022.02.17-22.43.46:029][  0]LogConfig: Applying CVar settings from Section [FoliageQuality@3] File [D:/GitHub/GAME259-2022-A/GAME259_A_URE/Saved/Config/Windows/Scalability.ini]
[2022.02.17-22.43.46:029][  0]LogConfig: Setting CVar [[foliage.DensityScale:1.0]]
[2022.02.17-22.43.46:029][  0]LogConfig: Setting CVar [[grass.DensityScale:1.0]]
[2022.02.17-22.43.46:029][  0]LogConfig: Applying CVar settings from Section [ShadingQuality@3] File [D:/GitHub/GAME259-2022-A/GAME259_A_URE/Saved/Config/Windows/Scalability.ini]
[2022.02.17-22.43.46:029][  0]LogConfig: Setting CVar [[r.HairStrands.SkyLighting.IntegrationType:2]]
[2022.02.17-22.43.46:029][  0]LogConfig: Setting CVar [[r.HairStrands.SkyAO.SampleCount:4]]
[2022.02.17-22.43.46:029][  0]LogConfig: Setting CVar [[r.HairStrands.Visibility.MSAA.SamplePerPixel:4]]
[2022.02.17-22.43.46:029][  0]LogInit: Selected Device Profile: [Windows]
[2022.02.17-22.43.46:029][  0]LogInit: Applying CVar settings loaded from the selected device profile: [Windows]
[2022.02.17-22.43.46:029][  0]LogHAL: Display: Platform has ~ 16 GB [17089699840 / 17179869184 / 16], which maps to Larger [LargestMinGB=32, LargerMinGB=12, DefaultMinGB=8, SmallerMinGB=6, SmallestMinGB=0)
[2022.02.17-22.43.46:029][  0]LogInit: Going up to parent DeviceProfile []
[2022.02.17-22.43.46:029][  0]LogConfig: Applying CVar settings from Section [ViewDistanceQuality@3] File [D:/GitHub/GAME259-2022-A/GAME259_A_URE/Saved/Config/Windows/Scalability.ini]
[2022.02.17-22.43.46:029][  0]LogConfig: Setting CVar [[r.SkeletalMeshLODBias:0]]
[2022.02.17-22.43.46:029][  0]LogConfig: Setting CVar [[r.ViewDistanceScale:1.0]]
[2022.02.17-22.43.46:029][  0]LogConfig: Applying CVar settings from Section [AntiAliasingQuality@3] File [D:/GitHub/GAME259-2022-A/GAME259_A_URE/Saved/Config/Windows/Scalability.ini]
[2022.02.17-22.43.46:029][  0]LogConfig: Setting CVar [[r.PostProcessAAQuality:4]]
[2022.02.17-22.43.46:029][  0]LogConfig: Applying CVar settings from Section [ShadowQuality@3] File [D:/GitHub/GAME259-2022-A/GAME259_A_URE/Saved/Config/Windows/Scalability.ini]
[2022.02.17-22.43.46:029][  0]LogConfig: Setting CVar [[r.LightFunctionQuality:1]]
[2022.02.17-22.43.46:029][  0]LogConfig: Setting CVar [[r.ShadowQuality:5]]
[2022.02.17-22.43.46:029][  0]LogConfig: Setting CVar [[r.Shadow.CSM.MaxCascades:10]]
[2022.02.17-22.43.46:029][  0]LogConfig: Setting CVar [[r.Shadow.MaxResolution:2048]]
[2022.02.17-22.43.46:029][  0]LogConfig: Setting CVar [[r.Shadow.MaxCSMResolution:2048]]
[2022.02.17-22.43.46:029][  0]LogConfig: Setting CVar [[r.Shadow.RadiusThreshold:0.01]]
[2022.02.17-22.43.46:029][  0]LogConfig: Setting CVar [[r.Shadow.DistanceScale:1.0]]
[2022.02.17-22.43.46:029][  0]LogConfig: Setting CVar [[r.Shadow.CSM.TransitionScale:1.0]]
[2022.02.17-22.43.46:029][  0]LogConfig: Setting CVar [[r.Shadow.PreShadowResolutionFactor:1.0]]
[2022.02.17-22.43.46:029][  0]LogConfig: Setting CVar [[r.DistanceFieldShadowing:1]]
[2022.02.17-22.43.46:029][  0]LogConfig: Setting CVar [[r.DistanceFieldAO:1]]
[2022.02.17-22.43.46:029][  0]LogConfig: Setting CVar [[r.AOQuality:2]]
[2022.02.17-22.43.46:029][  0]LogConfig: Setting CVar [[r.VolumetricFog:1]]
[2022.02.17-22.43.46:029][  0]LogConfig: Setting CVar [[r.VolumetricFog.GridPixelSize:8]]
[2022.02.17-22.43.46:029][  0]LogConfig: Setting CVar [[r.VolumetricFog.GridSizeZ:128]]
[2022.02.17-22.43.46:029][  0]LogConfig: Setting CVar [[r.VolumetricFog.HistoryMissSupersampleCount:4]]
[2022.02.17-22.43.46:029][  0]LogConfig: Setting CVar [[r.LightMaxDrawDistanceScale:1]]
[2022.02.17-22.43.46:029][  0]LogConfig: Setting CVar [[r.CapsuleShadows:1]]
[2022.02.17-22.43.46:029][  0]LogConfig: Applying CVar settings from Section [PostProcessQuality@3] File [D:/GitHub/GAME259-2022-A/GAME259_A_URE/Saved/Config/Windows/Scalability.ini]
[2022.02.17-22.43.46:029][  0]LogConfig: Setting CVar [[r.MotionBlurQuality:4]]
[2022.02.17-22.43.46:029][  0]LogConfig: Setting CVar [[r.AmbientOcclusionMipLevelFactor:0.4]]
[2022.02.17-22.43.46:029][  0]LogConfig: Setting CVar [[r.AmbientOcclusionMaxQuality:100]]
[2022.02.17-22.43.46:029][  0]LogConfig: Setting CVar [[r.AmbientOcclusionLevels:-1]]
[2022.02.17-22.43.46:029][  0]LogConfig: Setting CVar [[r.AmbientOcclusionRadiusScale:1.0]]
[2022.02.17-22.43.46:029][  0]LogConfig: Setting CVar [[r.DepthOfFieldQuality:2]]
[2022.02.17-22.43.46:029][  0]LogConfig: Setting CVar [[r.RenderTargetPoolMin:400]]
[2022.02.17-22.43.46:029][  0]LogConfig: Setting CVar [[r.LensFlareQuality:2]]
[2022.02.17-22.43.46:029][  0]LogConfig: Setting CVar [[r.SceneColorFringeQuality:1]]
[2022.02.17-22.43.46:029][  0]LogConfig: Setting CVar [[r.EyeAdaptationQuality:2]]
[2022.02.17-22.43.46:029][  0]LogConfig: Setting CVar [[r.BloomQuality:5]]
[2022.02.17-22.43.46:029][  0]LogConfig: Setting CVar [[r.FastBlurThreshold:100]]
[2022.02.17-22.43.46:029][  0]LogConfig: Setting CVar [[r.Upscale.Quality:3]]
[2022.02.17-22.43.46:029][  0]LogConfig: Setting CVar [[r.Tonemapper.GrainQuantization:1]]
[2022.02.17-22.43.46:029][  0]LogConfig: Setting CVar [[r.LightShaftQuality:1]]
[2022.02.17-22.43.46:029][  0]LogConfig: Setting CVar [[r.Filter.SizeScale:1]]
[2022.02.17-22.43.46:029][  0]LogConfig: Setting CVar [[r.Tonemapper.Quality:5]]
[2022.02.17-22.43.46:029][  0]LogConfig: Setting CVar [[r.DOF.Gather.AccumulatorQuality:1        ; higher gathering accumulator quality]]
[2022.02.17-22.43.46:029][  0]LogConfig: Setting CVar [[r.DOF.Gather.PostfilterMethod:1          ; Median3x3 postfilering method]]
[2022.02.17-22.43.46:029][  0]LogConfig: Setting CVar [[r.DOF.Gather.EnableBokehSettings:0       ; no bokeh simulation when gathering]]
[2022.02.17-22.43.46:029][  0]LogConfig: Setting CVar [[r.DOF.Gather.RingCount:4                 ; medium number of samples when gathering]]
[2022.02.17-22.43.46:029][  0]LogConfig: Setting CVar [[r.DOF.Scatter.ForegroundCompositing:1    ; additive foreground scattering]]
[2022.02.17-22.43.46:029][  0]LogConfig: Setting CVar [[r.DOF.Scatter.BackgroundCompositing:2    ; additive background scattering]]
[2022.02.17-22.43.46:029][  0]LogConfig: Setting CVar [[r.DOF.Scatter.EnableBokehSettings:1      ; bokeh simulation when scattering]]
[2022.02.17-22.43.46:029][  0]LogConfig: Setting CVar [[r.DOF.Scatter.MaxSpriteRatio:0.1         ; only a maximum of 10% of scattered bokeh]]
[2022.02.17-22.43.46:029][  0]LogConfig: Setting CVar [[r.DOF.Recombine.Quality:1                ; cheap slight out of focus]]
[2022.02.17-22.43.46:029][  0]LogConfig: Setting CVar [[r.DOF.Recombine.EnableBokehSettings:0    ; no bokeh simulation on slight out of focus]]
[2022.02.17-22.43.46:029][  0]LogConfig: Setting CVar [[r.DOF.TemporalAAQuality:1                ; more stable temporal accumulation]]
[2022.02.17-22.43.46:029][  0]LogConfig: Setting CVar [[r.DOF.Kernel.MaxForegroundRadius:0.025]]
[2022.02.17-22.43.46:029][  0]LogConfig: Setting CVar [[r.DOF.Kernel.MaxBackgroundRadius:0.025]]
[2022.02.17-22.43.46:029][  0]LogConfig: Applying CVar settings from Section [TextureQuality@3] File [D:/GitHub/GAME259-2022-A/GAME259_A_URE/Saved/Config/Windows/Scalability.ini]
[2022.02.17-22.43.46:029][  0]LogConfig: Setting CVar [[r.Streaming.MipBias:0]]
[2022.02.17-22.43.46:029][  0]LogConfig: Setting CVar [[r.Streaming.AmortizeCPUToGPUCopy:0]]
[2022.02.17-22.43.46:029][  0]LogConfig: Setting CVar [[r.Streaming.MaxNumTexturesToStreamPerFrame:0]]
[2022.02.17-22.43.46:029][  0]LogConfig: Setting CVar [[r.Streaming.Boost:1]]
[2022.02.17-22.43.46:029][  0]LogConfig: Setting CVar [[r.MaxAnisotropy:8]]
[2022.02.17-22.43.46:029][  0]LogConfig: Setting CVar [[r.VT.MaxAnisotropy:8]]
[2022.02.17-22.43.46:029][  0]LogConfig: Setting CVar [[r.Streaming.LimitPoolSizeToVRAM:0]]
[2022.02.17-22.43.46:029][  0]LogConfig: Setting CVar [[r.Streaming.PoolSize:1000]]
[2022.02.17-22.43.46:029][  0]LogConfig: Setting CVar [[r.Streaming.MaxEffectiveScreenSize:0]]
[2022.02.17-22.43.46:029][  0]LogConfig: Applying CVar settings from Section [EffectsQuality@3] File [D:/GitHub/GAME259-2022-A/GAME259_A_URE/Saved/Config/Windows/Scalability.ini]
[2022.02.17-22.43.46:029][  0]LogConfig: Setting CVar [[r.TranslucencyLightingVolumeDim:64]]
[2022.02.17-22.43.46:029][  0]LogConfig: Setting CVar [[r.RefractionQuality:2]]
[2022.02.17-22.43.46:029][  0]LogConfig: Setting CVar [[r.SSR.Quality:3]]
[2022.02.17-22.43.46:029][  0]LogConfig: Setting CVar [[r.SSR.HalfResSceneColor:0]]
[2022.02.17-22.43.46:029][  0]LogConfig: Setting CVar [[r.SceneColorFormat:4]]
[2022.02.17-22.43.46:029][  0]LogConfig: Setting CVar [[r.DetailMode:2]]
[2022.02.17-22.43.46:029][  0]LogConfig: Setting CVar [[r.TranslucencyVolumeBlur:1]]
[2022.02.17-22.43.46:029][  0]LogConfig: Setting CVar [[r.MaterialQualityLevel:1 ; High quality]]
[2022.02.17-22.43.46:029][  0]LogConfig: Setting CVar [[r.AnisotropicMaterials:1]]
[2022.02.17-22.43.46:029][  0]LogConfig: Setting CVar [[r.SSS.Scale:1]]
[2022.02.17-22.43.46:029][  0]LogConfig: Setting CVar [[r.SSS.SampleSet:2]]
[2022.02.17-22.43.46:029][  0]LogConfig: Setting CVar [[r.SSS.Quality:1]]
[2022.02.17-22.43.46:029][  0]LogConfig: Setting CVar [[r.SSS.HalfRes:0]]
[2022.02.17-22.43.46:029][  0]LogConfig: Setting CVar [[r.SSGI.Quality:3]]
[2022.02.17-22.43.46:029][  0]LogConfig: Setting CVar [[r.EmitterSpawnRateScale:1.0]]
[2022.02.17-22.43.46:029][  0]LogConfig: Setting CVar [[r.ParticleLightQuality:2]]
[2022.02.17-22.43.46:029][  0]LogConfig: Setting CVar [[r.SkyAtmosphere.AerialPerspectiveLUT.FastApplyOnOpaque:1 ; Always have FastSkyLUT 1 in this case to avoid wrong sky]]
[2022.02.17-22.43.46:029][  0]LogConfig: Setting CVar [[r.SkyAtmosphere.AerialPerspectiveLUT.SampleCountMaxPerSlice:4]]
[2022.02.17-22.43.46:029][  0]LogConfig: Setting CVar [[r.SkyAtmosphere.AerialPerspectiveLUT.DepthResolution:16.0]]
[2022.02.17-22.43.46:029][  0]LogConfig: Setting CVar [[r.SkyAtmosphere.FastSkyLUT:1]]
[2022.02.17-22.43.46:029][  0]LogConfig: Setting CVar [[r.SkyAtmosphere.FastSkyLUT.SampleCountMin:4.0]]
[2022.02.17-22.43.46:029][  0]LogConfig: Setting CVar [[r.SkyAtmosphere.FastSkyLUT.SampleCountMax:128.0]]
[2022.02.17-22.43.46:030][  0]LogConfig: Setting CVar [[r.SkyAtmosphere.SampleCountMin:4.0]]
[2022.02.17-22.43.46:030][  0]LogConfig: Setting CVar [[r.SkyAtmosphere.SampleCountMax:128.0]]
[2022.02.17-22.43.46:030][  0]LogConfig: Setting CVar [[r.SkyAtmosphere.TransmittanceLUT.UseSmallFormat:0]]
[2022.02.17-22.43.46:030][  0]LogConfig: Setting CVar [[r.SkyAtmosphere.TransmittanceLUT.SampleCount:10.0]]
[2022.02.17-22.43.46:030][  0]LogConfig: Setting CVar [[r.SkyAtmosphere.MultiScatteringLUT.SampleCount:15.0]]
[2022.02.17-22.43.46:030][  0]LogConfig: Setting CVar [[r.SkyLight.RealTimeReflectionCapture:1]]
[2022.02.17-22.43.46:030][  0]LogConfig: Applying CVar settings from Section [FoliageQuality@3] File [D:/GitHub/GAME259-2022-A/GAME259_A_URE/Saved/Config/Windows/Scalability.ini]
[2022.02.17-22.43.46:030][  0]LogConfig: Setting CVar [[foliage.DensityScale:1.0]]
[2022.02.17-22.43.46:030][  0]LogConfig: Setting CVar [[grass.DensityScale:1.0]]
[2022.02.17-22.43.46:030][  0]LogConfig: Applying CVar settings from Section [ShadingQuality@3] File [D:/GitHub/GAME259-2022-A/GAME259_A_URE/Saved/Config/Windows/Scalability.ini]
[2022.02.17-22.43.46:030][  0]LogConfig: Setting CVar [[r.HairStrands.SkyLighting.IntegrationType:2]]
[2022.02.17-22.43.46:030][  0]LogConfig: Setting CVar [[r.HairStrands.SkyAO.SampleCount:4]]
[2022.02.17-22.43.46:030][  0]LogConfig: Setting CVar [[r.HairStrands.Visibility.MSAA.SamplePerPixel:4]]
[2022.02.17-22.43.46:030][  0]LogConfig: Applying CVar settings from Section [Startup] File [../../../Engine/Config/ConsoleVariables.ini]
[2022.02.17-22.43.46:030][  0]LogConfig: Setting CVar [[net.UseAdaptiveNetUpdateFrequency:0]]
[2022.02.17-22.43.46:030][  0]LogConfig: Setting CVar [[p.chaos.AllowCreatePhysxBodies:1]]
[2022.02.17-22.43.46:030][  0]LogConfig: Setting CVar [[fx.SkipVectorVMBackendOptimizations:1]]
[2022.02.17-22.43.46:030][  0]LogConfig: Applying CVar settings from Section [ConsoleVariables] File [D:/GitHub/GAME259-2022-A/GAME259_A_URE/Saved/Config/Windows/Engine.ini]
[2022.02.17-22.43.46:030][  0]LogConfig: Applying CVar settings from Section [ConsoleVariables] File [D:/GitHub/GAME259-2022-A/GAME259_A_URE/Saved/Config/Windows/Editor.ini]
[2022.02.17-22.43.46:030][  0]LogInit: Computer: TREVORPC
[2022.02.17-22.43.46:030][  0]LogInit: User: Trevor
[2022.02.17-22.43.46:030][  0]LogInit: CPU Page size=4096, Cores=8
[2022.02.17-22.43.46:030][  0]LogInit: High frequency timer resolution =10.000000 MHz
[2022.02.17-22.43.46:030][  0]LogMemory: Memory total: Physical=15.9GB (16GB approx)
[2022.02.17-22.43.46:030][  0]LogMemory: Platform Memory Stats for Windows
[2022.02.17-22.43.46:030][  0]LogMemory: Process Physical Memory: 148.15 MB used, 148.16 MB peak
[2022.02.17-22.43.46:030][  0]LogMemory: Process Virtual Memory: 126.81 MB used, 126.81 MB peak
[2022.02.17-22.43.46:030][  0]LogMemory: Physical Memory: 7362.68 MB used,  8935.32 MB free, 16298.01 MB total
[2022.02.17-22.43.46:030][  0]LogMemory: Virtual Memory: 134209960.00 MB used,  7770.78 MB free, 134217728.00 MB total
[2022.02.17-22.43.46:034][  0]LogWindows: WindowsPlatformFeatures enabled
[2022.02.17-22.43.46:066][  0]LogInit: Physics initialised using underlying interface: PhysX
[2022.02.17-22.43.46:067][  0]LogInit: Using OS detected language (en-US).
[2022.02.17-22.43.46:067][  0]LogInit: Using OS detected locale (en-CA).
[2022.02.17-22.43.46:088][  0]LogTextLocalizationManager: No specific localization for 'en-US' exists, so the 'en' localization will be used.
[2022.02.17-22.43.46:253][  0]LogInit: Setting process to per monitor DPI aware
[2022.02.17-22.43.46:264][  0]LogWindowsTextInputMethodSystem: Display: IME system deactivated.
[2022.02.17-22.43.46:289][  0]LogSlate: New Slate User Created.  User Index 0, Is Virtual User: 0
[2022.02.17-22.43.46:289][  0]LogSlate: Slate User Registered.  User Index 0, Is Virtual User: 0
[2022.02.17-22.43.46:371][  0]LogD3D11RHI: Loaded GFSDK_Aftermath_Lib.x64.dll
[2022.02.17-22.43.46:509][  0]LogHMD: Failed to enumerate extensions. Please check that you have a valid OpenXR runtime installed.
[2022.02.17-22.43.46:509][  0]LogD3D11RHI: D3D11 min allowed feature level: 11_0
[2022.02.17-22.43.46:509][  0]LogD3D11RHI: D3D11 max allowed feature level: 11_0
[2022.02.17-22.43.46:509][  0]LogD3D11RHI: D3D11 adapters:
[2022.02.17-22.43.46:595][  0]LogD3D11RHI:    0. 'NVIDIA GeForce RTX 2070 SUPER' (Feature Level 11_0)
[2022.02.17-22.43.46:595][  0]LogD3D11RHI:       8011/0/8149 MB DedicatedVideo/DedicatedSystem/SharedSystem, Outputs:2, VendorId:0x10de
[2022.02.17-22.43.46:597][  0]LogD3D11RHI:    1. 'Microsoft Basic Render Driver' (Feature Level 11_0)
[2022.02.17-22.43.46:597][  0]LogD3D11RHI:       0/0/8149 MB DedicatedVideo/DedicatedSystem/SharedSystem, Outputs:0, VendorId:0x1414
[2022.02.17-22.43.46:597][  0]LogD3D11RHI: Chosen D3D11 Adapter:
[2022.02.17-22.43.46:597][  0]LogD3D11RHI:     Description : NVIDIA GeForce RTX 2070 SUPER
[2022.02.17-22.43.46:597][  0]LogD3D11RHI:     VendorId    : 10de
[2022.02.17-22.43.46:597][  0]LogD3D11RHI:     DeviceId    : 1e84
[2022.02.17-22.43.46:597][  0]LogD3D11RHI:     SubSysId    : 373e1462
[2022.02.17-22.43.46:597][  0]LogD3D11RHI:     Revision    : 00a1
[2022.02.17-22.43.46:597][  0]LogD3D11RHI:     DedicatedVideoMemory : 8400142336 bytes
[2022.02.17-22.43.46:597][  0]LogD3D11RHI:     DedicatedSystemMemory : 0 bytes
[2022.02.17-22.43.46:597][  0]LogD3D11RHI:     SharedSystemMemory : 8544849920 bytes
[2022.02.17-22.43.46:597][  0]LogD3D11RHI:     AdapterLuid : 0 47873
[2022.02.17-22.43.46:601][  0]LogD3D11RHI: Creating new Direct3DDevice
[2022.02.17-22.43.46:601][  0]LogD3D11RHI:     GPU DeviceId: 0x1e84 (for the marketing name, search the web for "GPU Device Id")
[2022.02.17-22.43.46:601][  0]LogWindows: EnumDisplayDevices:
[2022.02.17-22.43.46:601][  0]LogWindows:    0. 'NVIDIA GeForce RTX 2070 SUPER' (P:1 D:1)
[2022.02.17-22.43.46:601][  0]LogWindows:    1. 'NVIDIA GeForce RTX 2070 SUPER' (P:0 D:1)
[2022.02.17-22.43.46:601][  0]LogWindows:    2. 'NVIDIA GeForce RTX 2070 SUPER' (P:0 D:0)
[2022.02.17-22.43.46:601][  0]LogWindows:    3. 'NVIDIA GeForce RTX 2070 SUPER' (P:0 D:0)
[2022.02.17-22.43.46:601][  0]LogWindows: DebugString: FoundDriverCount:4 
[2022.02.17-22.43.46:601][  0]LogD3D11RHI:     Adapter Name: NVIDIA GeForce RTX 2070 SUPER
[2022.02.17-22.43.46:601][  0]LogD3D11RHI:   Driver Version: 472.12 (internal:30.0.14.7212, unified:472.12)
[2022.02.17-22.43.46:601][  0]LogD3D11RHI:      Driver Date: 9-13-2021
[2022.02.17-22.43.46:601][  0]LogRHI: Texture pool is 5607 MB (70% of 8011 MB)
[2022.02.17-22.43.46:601][  0]LogD3D11RHI: Creating D3DDevice using adapter:
[2022.02.17-22.43.46:601][  0]LogD3D11RHI:     Description : NVIDIA GeForce RTX 2070 SUPER
[2022.02.17-22.43.46:601][  0]LogD3D11RHI:     VendorId    : 10de
[2022.02.17-22.43.46:601][  0]LogD3D11RHI:     DeviceId    : 1e84
[2022.02.17-22.43.46:601][  0]LogD3D11RHI:     SubSysId    : 373e1462
[2022.02.17-22.43.46:601][  0]LogD3D11RHI:     Revision    : 00a1
[2022.02.17-22.43.46:601][  0]LogD3D11RHI:     DedicatedVideoMemory : 8400142336 bytes
[2022.02.17-22.43.46:601][  0]LogD3D11RHI:     DedicatedSystemMemory : 0 bytes
[2022.02.17-22.43.46:601][  0]LogD3D11RHI:     SharedSystemMemory : 8544849920 bytes
[2022.02.17-22.43.46:601][  0]LogD3D11RHI:     AdapterLuid : 0 47873
[2022.02.17-22.43.46:666][  0]LogD3D11RHI: RHI has support for 64 bit atomics
[2022.02.17-22.43.46:666][  0]LogD3D11RHI: Async texture creation enabled
[2022.02.17-22.43.46:666][  0]LogD3D11RHI: Array index from any shader is supported
[2022.02.17-22.43.46:684][  0]LogD3D11RHI: GPU Timing Frequency: 1000.000000 (Debug: 2 1)
[2022.02.17-22.43.46:713][  0]LogRHI: GeForceNow SDK initialized: 1
[2022.02.17-22.43.46:931][  0]LogTargetPlatformManager: Display: Loaded TargetPlatform 'AllDesktop'
[2022.02.17-22.43.46:946][  0]LogTargetPlatformManager: Display: Loaded TargetPlatform 'Android'
[2022.02.17-22.43.46:946][  0]LogTargetPlatformManager: Display: Loaded TargetPlatform 'Android_ASTC'
[2022.02.17-22.43.46:946][  0]LogTargetPlatformManager: Display: Loaded TargetPlatform 'Android_DXT'
[2022.02.17-22.43.46:946][  0]LogTargetPlatformManager: Display: Loaded TargetPlatform 'Android_ETC2'
[2022.02.17-22.43.46:946][  0]LogTargetPlatformManager: Display: Loaded TargetPlatform 'AndroidClient'
[2022.02.17-22.43.46:946][  0]LogTargetPlatformManager: Display: Loaded TargetPlatform 'Android_ASTCClient'
[2022.02.17-22.43.46:946][  0]LogTargetPlatformManager: Display: Loaded TargetPlatform 'Android_DXTClient'
[2022.02.17-22.43.46:946][  0]LogTargetPlatformManager: Display: Loaded TargetPlatform 'Android_ETC2Client'
[2022.02.17-22.43.46:946][  0]LogTargetPlatformManager: Display: Loaded TargetPlatform 'Android_Multi'
[2022.02.17-22.43.46:946][  0]LogTargetPlatformManager: Display: Loaded TargetPlatform 'Android_MultiClient'
[2022.02.17-22.43.46:960][  0]LogTargetPlatformManager: Display: Loaded TargetPlatform 'IOSClient'
[2022.02.17-22.43.46:960][  0]LogTargetPlatformManager: Display: Loaded TargetPlatform 'IOS'
[2022.02.17-22.43.46:967][  0]LogTargetPlatformManager: Display: Loaded TargetPlatform 'Linux'
[2022.02.17-22.43.46:971][  0]LogTargetPlatformManager: Display: Loaded TargetPlatform 'LinuxNoEditor'
[2022.02.17-22.43.46:974][  0]LogTargetPlatformManager: Display: Loaded TargetPlatform 'LinuxClient'
[2022.02.17-22.43.46:978][  0]LogTargetPlatformManager: Display: Loaded TargetPlatform 'LinuxServer'
[2022.02.17-22.43.46:984][  0]LogTargetPlatformManager: Display: Loaded TargetPlatform 'LinuxAArch64NoEditor'
[2022.02.17-22.43.46:988][  0]LogTargetPlatformManager: Display: Loaded TargetPlatform 'LinuxAArch64Client'
[2022.02.17-22.43.46:992][  0]LogTargetPlatformManager: Display: Loaded TargetPlatform 'LinuxAArch64Server'
[2022.02.17-22.43.47:009][  0]LogTargetPlatformManager: Display: Loaded TargetPlatform 'Lumin'
[2022.02.17-22.43.47:009][  0]LogTargetPlatformManager: Display: Loaded TargetPlatform 'LuminClient'
[2022.02.17-22.43.47:015][  0]LogTargetPlatformManager: Display: Loaded TargetPlatform 'MacNoEditor'
[2022.02.17-22.43.47:019][  0]LogTargetPlatformManager: Display: Loaded TargetPlatform 'Mac'
[2022.02.17-22.43.47:022][  0]LogTargetPlatformManager: Display: Loaded TargetPlatform 'MacClient'
[2022.02.17-22.43.47:026][  0]LogTargetPlatformManager: Display: Loaded TargetPlatform 'MacServer'
[2022.02.17-22.43.47:033][  0]LogTargetPlatformManager: Display: Loaded TargetPlatform 'TVOSClient'
[2022.02.17-22.43.47:033][  0]LogTargetPlatformManager: Display: Loaded TargetPlatform 'TVOS'
[2022.02.17-22.43.47:040][  0]LogTargetPlatformManager: Display: Loaded TargetPlatform 'WindowsNoEditor'
[2022.02.17-22.43.47:044][  0]LogTargetPlatformManager: Display: Loaded TargetPlatform 'Windows'
[2022.02.17-22.43.47:048][  0]LogTargetPlatformManager: Display: Loaded TargetPlatform 'WindowsClient'
[2022.02.17-22.43.47:051][  0]LogTargetPlatformManager: Display: Loaded TargetPlatform 'WindowsServer'
[2022.02.17-22.43.47:051][  0]LogTargetPlatformManager: Display: Building Assets For Windows
[2022.02.17-22.43.47:057][  0]LogAudioDebug: Display: Lib vorbis DLL was dynamically loaded.
[2022.02.17-22.43.47:080][  0]LogTextureFormatOodle: Display: Oodle Texture 2.9.0 init RDO Off
[2022.02.17-22.43.47:107][  0]LogRendererCore: Ray tracing is disabled. Reason: r.RayTracing=0.
[2022.02.17-22.43.47:107][  0]LogShaderCompilers: Guid format shader working directory is -4 characters bigger than the processId version (../../../../../GitHub/GAME259-2022-A/GAME259_A_URE/Intermediate/Shaders/WorkingDirectory/12400/).
[2022.02.17-22.43.47:107][  0]LogShaderCompilers: Cleaned the shader compiler working directory 'C:/Users/Trevor/AppData/Local/Temp/UnrealShaderWorkingDir/A817733349130968F50570A6EA77DB59/'.
[2022.02.17-22.43.47:107][  0]LogXGEController: Cannot use XGE Controller as Incredibuild is not installed on this machine.
[2022.02.17-22.43.47:107][  0]LogShaderCompilers: Cannot use XGE Shader Compiler as Incredibuild is not installed on this machine.
[2022.02.17-22.43.47:107][  0]LogShaderCompilers: Display: Using Local Shader Compiler.
[2022.02.17-22.43.47:690][  0]LogDerivedDataCache: Display: Max Cache Size: 512 MB
[2022.02.17-22.43.47:741][  0]LogDerivedDataCache: Loaded boot cache 0.05s 103MB C:/Users/Trevor/AppData/Local/UnrealEngine/4.27/DerivedDataCache/Boot.ddc.
[2022.02.17-22.43.47:741][  0]LogDerivedDataCache: Display: Loaded Boot cache: C:/Users/Trevor/AppData/Local/UnrealEngine/4.27/DerivedDataCache/Boot.ddc
[2022.02.17-22.43.47:742][  0]LogDerivedDataCache: FDerivedDataBackendGraph:  Pak pak cache file ../../../../../GitHub/GAME259-2022-A/GAME259_A_URE/DerivedDataCache/DDC.ddp not found, will not use a pak cache.
[2022.02.17-22.43.47:742][  0]LogDerivedDataCache: Unable to find inner node Pak for hierarchical cache Hierarchy.
[2022.02.17-22.43.47:742][  0]LogDerivedDataCache: FDerivedDataBackendGraph:  CompressedPak pak cache file ../../../../../GitHub/GAME259-2022-A/GAME259_A_URE/DerivedDataCache/Compressed.ddp not found, will not use a pak cache.
[2022.02.17-22.43.47:742][  0]LogDerivedDataCache: Unable to find inner node CompressedPak for hierarchical cache Hierarchy.
[2022.02.17-22.43.47:754][  0]LogDerivedDataCache: Display: Pak cache opened for reading ../../../Engine/DerivedDataCache/Compressed.ddp.
[2022.02.17-22.43.47:754][  0]LogDerivedDataCache: FDerivedDataBackendGraph:  EnterprisePak pak cache file ../../../Enterprise/DerivedDataCache/Compressed.ddp not found, will not use a pak cache.
[2022.02.17-22.43.47:754][  0]LogDerivedDataCache: Unable to find inner node EnterprisePak for hierarchical cache Hierarchy.
[2022.02.17-22.43.47:765][  0]LogDerivedDataCache: Speed tests for C:/Users/Trevor/AppData/Local/UnrealEngine/Common/DerivedDataCache took 0.01 seconds
[2022.02.17-22.43.47:765][  0]LogDerivedDataCache: Display: Performance to C:/Users/Trevor/AppData/Local/UnrealEngine/Common/DerivedDataCache: Latency=0.03ms. RandomReadSpeed=1650.43MBs, RandomWriteSpeed=97.45MBs. Assigned SpeedClass 'Local'
[2022.02.17-22.43.47:766][  0]LogDerivedDataCache: Using Local data cache path C:/Users/Trevor/AppData/Local/UnrealEngine/Common/DerivedDataCache: Writable
[2022.02.17-22.43.47:766][  0]LogDerivedDataCache: Shared data cache path not found in *engine.ini, will not use an Shared cache.
[2022.02.17-22.43.47:766][  0]LogDerivedDataCache: Unable to find inner node Shared for hierarchical cache Hierarchy.
[2022.02.17-22.43.47:804][  0]LogSlate: Using FreeType 2.10.0
[2022.02.17-22.43.47:804][  0]LogSlate: SlateFontServices - WITH_FREETYPE: 1, WITH_HARFBUZZ: 1
[2022.02.17-22.43.47:805][  0]LogHMD: Failed to enumerate extensions. Please check that you have a valid OpenXR runtime installed.
[2022.02.17-22.43.47:821][  0]LogAssetRegistry: FAssetRegistry took 0.0022 seconds to start up
[2022.02.17-22.43.47:991][  0]LogInit: Selected Device Profile: [Windows]
[2022.02.17-22.43.47:991][  0]LogInit: Active device profile: [0000020E93F67500][0000020E87FAF880 49] Windows
[2022.02.17-22.43.47:991][  0]LogInit: Profiles: [0000020E93F67500][0000020E87FAF880 49] Windows, [0000020E93F20D00][0000020E87FB7A00 49] WindowsNoEditor, [0000020E93F64D00][0000020E907FFB80 49] WindowsServer, [0000020E93F22C00][0000020E90802180 49] WindowsClient, [0000020E93F66B00][0000020E90806300 49] IOS, [0000020E93F21700][0000020E9080A480 49] iPadAir, [0000020E93F65600][0000020E87FB25C0 49] iPadAir2, [0000020E94E73A00][0000020E90812800 49] IPadPro, [0000020E94E73B00][0000020E9080E840 49] iPadAir3, [0000020E93F66400][0000020E90816980 49] iPadAir4, [0000020E94E71200][0000020E9081EB00 49] iPadMini2, [0000020E93F67C00][0000020E90822C80 49] iPadMini3, [0000020E94E72600][0000020E90826E00 49] iPadMini4, [0000020E93F64200][0000020E9082AF80 49] iPadMini5, [0000020E93EBF300][0000020E90833240 49] iPhone6, [0000020E93EBF400][0000020E9082F280 49] iPodTouch6, [0000020E94E70300][0000020E9083B540 49] iPhone7, [0000020E94E70200][0000020E90837580 49] iPodTouch7, [0000020E93EBD100][0000020E9083F700 49] iPhone5S, [0000020E94E71B00][0000020E90843880 49] iPhone6Plus, [0000020E93EBE700][0000020E90847A00 49] iPhone6S, [0000020E94E73800][0000020E921ADB80 49] iPhone6SPlus, [0000020E93EBF500][0000020E921B0180 49] iPhone7Plus, [0000020E94E70100][0000020E921B4300 49] iPhoneSE, [0000020E93EBC900][0000020E921B8480 49] iPhone8, [0000020E94E72C00][0000020E921BC600 49] iPhone8Plus, [0000020E93EBF100][0000020E9081A740 49] iPhoneX, [0000020E94E72300][0000020E921C0880 49] iPhoneXS, [0000020E93EBF000][0000020E921C49C0 49] iPhoneXSMax, [0000020E94E71800][0000020E921C8B00 49] iPhoneXR, [0000020E93EBCD00][0000020E921D0C80 49] iPhone11, [0000020E94E71400][0000020E921D4E00 49] iPhone11Pro, [0000020E93EBCC00][0000020E921D8F80 49] iPhone11ProMax, [0000020E94E71D00][0000020E921DD100 49] iPhoneSE2, [0000020E93EBFB00][0000020E921E1280 49] iPhone12Mini, [0000020E94E72800][0000020E921E5400 49] iPhone12, [0000020E93EBEB00][0000020E921E9580 49] iPhone12Pro, [0000020E94E71500][0000020E921ED700 49] iPhone12ProMax, [0000020E93EBCE00][0000020E921F1880 49] iPadPro105, [0000020E94E73300][0000020E921F5A00 49] iPadPro129, [0000020E93EBEF00][0000020E921F9B80 49] iPadPro97, [0000020E94E72100][0000020E921FC180 49] iPadPro2_129, [0000020E93EBD800][0000020E92200300 49] iPad5, [0000020E94E71300][0000020E92204480 49] iPad6, [0000020E93EBC700][0000020E92208600 49] iPad7, [0000020E94E71A00][0000020E9220C780 49] iPad8, [0000020E93EBCB00][0000020E92210900 49] iPadPro11, [0000020E94E72700][0000020E921CCA40 49] iPadPro2_11, [0000020E93EBE000][0000020E92214B80 49] iPadPro3_129, [0000020E94E73000][0000020E92218CC0 49] iPadPro4_129, [0000020E93EBD300][0000020E92220E40 49] AppleTV, [0000020E94E72F00][0000020E92224FC0 49] AppleTV4K, [0000020E93EBC200][0000020E92229140 49] TVOS, [0000020E94E71E00][0000020E9222D2C0 49] Mac, [0000020E93EBD000][0000020E92231440 49] MacClient, [0000020E94E73900][0000020E922355C0 49] MacNoEditor, [0000020E93EBF700][0000020E92239740 49] MacServer, [0000020E94E70700][0000020E9223D8C0 49] Linux, [0000020E93EBDD00][0000020E92241A40 49] LinuxAArch64, [0000020E94E72B00][0000020E92245BC0 49] LinuxNoEditor, [0000020E93F22700][0000020E922481C0 49] LinuxAArch64NoEditor, [0000020E94004E00][0000020E9224C340 49] LinuxClient, [0000020E93F20300][0000020E92C3E4C0 49] LinuxAArch64Client, [0000020E94004800][0000020E92C42640 49] LinuxServer, [0000020E93F20B00][0000020E92C467C0 49] LinuxAArch64Server, [0000020E94005700][0000020E92C4A940 49] Android, [0000020E93F20700][0000020E92C4EAC0 49] Android_Low, [0000020E94005200][0000020E9221CC00 49] Android_Mid, [0000020E93F23800][0000020E92C52D40 49] Android_High, [0000020E94005900][0000020E92C56E80 49] Android_Default, [0000020E93F23C00][0000020E92C5AFC0 49] Android_Adreno4xx, [0000020E94006000][0000020E92C63140 49] Android_Adreno5xx_Low, [0000020E93F23000][0000020E92C672C0 49] Android_Adreno5xx, [0000020E94006700][0000020E92C6B440 49] Android_Adreno6xx, [0000020E93F21D00][0000020E92C6F5C0 49] Android_Adreno6xx_Vulkan, [0000020E94005100][0000020E92C73740 49] Android_Mali_T6xx, [0000020E93F23F00][0000020E92C778C0 49] Android_Mali_T7xx, [0000020E94004100][0000020E92C7BA40 49] Android_Mali_T8xx, [0000020E93F22500][0000020E92C7FBC0 49] Android_Mali_G71, [0000020E94005F00][0000020E92C821C0 49] Android_Mali_G72, [0000020E93F22100][0000020E92C86340 49] Android_Mali_G72_Vulkan, [0000020E94004500][0000020E92C8A4C0 49] Android_Mali_G76, [0000020E94E71600][0000020E92C8E640 49] Android_Mali_G76_Vulkan, [0000020E93EBF600][0000020E92C927C0 49] Android_Mali_G77, [0000020E94E70F00][0000020E92C96940 49] Android_Mali_G77_Vulkan, [0000020E93EBE500][0000020E92C9AAC0 49] Android_Mali_G78, [0000020E94E73600][0000020E92C9EC40 49] Android_Mali_G78_Vulkan, [0000020E94004200][0000020E92C5ED80 49] Android_Mali_G710, [0000020E94E72E00][0000020E92CA2EC0 49] Android_Mali_G710_Vulkan, [0000020E94006200][0000020E92CA7000 49] Android_Vulkan_SM5, [0000020E94E71C00][0000020E92CAB140 49] Android_PowerVR_G6xxx, [0000020E94006500][0000020E92CB32C0 49] Android_PowerVR_GT7xxx, [0000020E94E72200][0000020E92CB7440 49] Android_PowerVR_GE8xxx, [0000020E94005A00][0000020E92CBB5C0 49] Android_PowerVR_GM9xxx, [0000020E94E70900][0000020E92CBF740 49] Android_PowerVR_GM9xxx_Vulkan, [0000020E94004300][0000020E92CC38C0 49] Android_TegraK1, [0000020E94E71F00][0000020E92CC7A40 49] Android_Unknown_Vulkan, [0000020E94005B00][0000020E92CCBBC0 49] Lumin, [0000020E94E73500][0000020E92CCE1C0 49] Lumin_Desktop, [0000020E94004F00][0000020E92CD2340 49] HoloLens, 
[2022.02.17-22.43.48:090][  0]LogMeshReduction: Using QuadricMeshReduction for automatic static mesh reduction
[2022.02.17-22.43.48:090][  0]LogMeshReduction: Using SimplygonMeshReduction for automatic skeletal mesh reduction
[2022.02.17-22.43.48:090][  0]LogMeshReduction: Using ProxyLODMeshReduction for automatic mesh merging
[2022.02.17-22.43.48:090][  0]LogMeshReduction: No distributed automatic mesh merging module available
[2022.02.17-22.43.48:090][  0]LogMeshMerging: No distributed automatic mesh merging module available
[2022.02.17-22.43.48:103][  0]LogNetVersion: GAME259_A_URE 1.0.0, NetCL: 17155196, EngineNetVer: 17, GameNetVer: 0 (Checksum: 2250587433)
[2022.02.17-22.43.48:359][  0]LogTexture: Default maximum texture size for cubemaps generated from long-lat sources has been changed from 512 to unlimited. In order to preserve old behaiour for '/Engine/MapTemplates/Sky/DaylightAmbientCubemap.DaylightAmbientCubemap', its maximum texture size has been explicitly set to 512.
[2022.02.17-22.43.48:412][  0]LogHMD: PokeAHoleMaterial loaded successfully
[2022.02.17-22.43.48:416][  0]LogUObjectArray: 17075 objects as part of root set at end of initial load.
[2022.02.17-22.43.48:416][  0]LogUObjectAllocator: 4275792 out of 0 bytes used by permanent object pool.
[2022.02.17-22.43.48:416][  0]LogUObjectArray: CloseDisregardForGC: 0/0 objects in disregard for GC pool
[2022.02.17-22.43.48:626][  0]LogNiagaraDebuggerClient: Niagara Debugger Client Initialized | Session: 431F442F46F8D43D2FF2CD95C9A4AC9B | Instance: 81ECF4D34DC47FAFB949A7902DE1818D (TREVORPC-12400).
[2022.02.17-22.43.48:652][  0]LogPython: Using Python 3.7.7
[2022.02.17-22.43.49:152][  0]LogUdpMessaging: Initializing bridge on interface 0.0.0.0:0 to multicast group 230.0.0.1:6666.
[2022.02.17-22.43.49:158][  0]LogTcpMessaging: Initializing TcpMessaging bridge
[2022.02.17-22.43.49:433][  0]LogSteamShared: Display: Loading Steam SDK 1.51
[2022.02.17-22.43.50:331][  0]LogSteamShared: Steam SDK Loaded!
[2022.02.17-22.44.07:695][  0]SourceControl: Source control is disabled
[2022.02.17-22.44.07:695][  0]SourceControl: Source control is disabled
[2022.02.17-22.44.07:700][  0]SourceControl: Source control is disabled
[2022.02.17-22.44.07:706][  0]SourceControl: Source control is disabled
[2022.02.17-22.44.07:708][  0]SourceControl: Source control is disabled
[2022.02.17-22.44.07:714][  0]LogUProjectInfo: Found projects:
[2022.02.17-22.44.08:145][  0]LogOpenImageDenoise: OIDN starting up
[2022.02.17-22.44.09:123][  0]LogAndroidPermission: UAndroidPermissionCallbackProxy::GetInstance
[2022.02.17-22.44.09:144][  0]LogAudioCaptureCore: Display: No Audio Capture implementations found. Audio input will be silent.
[2022.02.17-22.44.09:144][  0]LogAudioCaptureCore: Display: No Audio Capture implementations found. Audio input will be silent.
[2022.02.17-22.44.09:256][  0]LogCollectionManager: Loaded 0 collections in 0.000608 seconds
[2022.02.17-22.44.10:461][  0]LogFileCache: Scanning file cache for directory 'D:/GitHub/GAME259-2022-A/GAME259_A_URE/Saved/Collections/' took 0.00s
[2022.02.17-22.44.10:461][  0]LogFileCache: Scanning file cache for directory 'D:/GitHub/GAME259-2022-A/GAME259_A_URE/Content/Developers/Trevor/Collections/' took 0.00s
[2022.02.17-22.44.10:461][  0]LogFileCache: Scanning file cache for directory 'D:/GitHub/GAME259-2022-A/GAME259_A_URE/Content/Collections/' took 0.00s
[2022.02.17-22.44.10:475][  0]LogOcInput: OculusInput pre-init called
[2022.02.17-22.44.10:832][  0]LogEngine: Initializing Engine...
[2022.02.17-22.44.11:133][  0]LogHMD: Failed to enumerate extensions. Please check that you have a valid OpenXR runtime installed.
[2022.02.17-22.44.11:328][  0]LogMagicLeap: Warning: VR disabled because ZI is not enabled.  To enable, in the editor, Edit -> Project Settings -> Plugins -> Magic Leap Plugin -> Enable Zero Iteration
[2022.02.17-22.44.11:624][  0]LogStats: UGameplayTagsManager::InitializeManager -  0.000 s
[2022.02.17-22.44.11:716][  0]LogInit: Initializing FReadOnlyCVARCache
[2022.02.17-22.44.11:723][  0]LogAIModule: Creating AISystem for world Untitled
[2022.02.17-22.44.11:731][  0]LogAudio: Display: Initializing Audio Device Manager...
[2022.02.17-22.44.11:733][  0]LogAudio: Display: Loading Default Audio Settings Objects...
[2022.02.17-22.44.11:734][  0]LogAudio: Display: No default SoundConcurrencyObject specified (or failed to load).
[2022.02.17-22.44.11:734][  0]LogAudio: Display: Audio Device Manager Initialized
[2022.02.17-22.44.11:734][  0]LogAudio: Display: Creating Audio Device:                 Id: 1, Scope: Shared, Realtime: True
[2022.02.17-22.44.11:734][  0]LogAudioMixer: Display: Audio Mixer Platform Settings:
[2022.02.17-22.44.11:734][  0]LogAudioMixer: Display: 	Sample Rate:						  48000
[2022.02.17-22.44.11:734][  0]LogAudioMixer: Display: 	Callback Buffer Frame Size Requested: 1024
[2022.02.17-22.44.11:734][  0]LogAudioMixer: Display: 	Callback Buffer Frame Size To Use:	  1024
[2022.02.17-22.44.11:734][  0]LogAudioMixer: Display: 	Number of buffers to queue:			  2
[2022.02.17-22.44.11:734][  0]LogAudioMixer: Display: 	Max Channels (voices):				  32
[2022.02.17-22.44.11:734][  0]LogAudioMixer: Display: 	Number of Async Source Workers:		  0
[2022.02.17-22.44.11:734][  0]LogAudio: Display: AudioDevice MaxSources: 32
[2022.02.17-22.44.11:734][  0]LogAudio: Display: Audio Spatialization Plugin: None (built-in).
[2022.02.17-22.44.11:734][  0]LogAudio: Display: Audio Reverb Plugin: None (built-in).
[2022.02.17-22.44.11:734][  0]LogAudio: Display: Audio Occlusion Plugin: None (built-in).
[2022.02.17-22.44.11:734][  0]LogAudioMixer: Display: Initializing audio mixer.
[2022.02.17-22.44.11:743][  0]LogAudioMixer: Display: 0: FrontLeft
[2022.02.17-22.44.11:743][  0]LogAudioMixer: Display: 1: FrontRight
[2022.02.17-22.44.11:755][  0]LogAudioMixer: Display: Using Audio Device Speakers (HyperX Cloud Alpha S Game)
[2022.02.17-22.44.11:757][  0]LogAudioMixer: Display: Initializing Sound Submixes...
[2022.02.17-22.44.11:759][  0]LogAudioMixer: Display: Creating Master Submix 'MasterSubmixDefault'
[2022.02.17-22.44.11:759][  0]LogAudioMixer: Display: Creating Master Submix 'MasterReverbSubmixDefault'
[2022.02.17-22.44.11:759][  0]LogAudioMixer: Display: Creating Master Submix 'MasterEQSubmixDefault'
[2022.02.17-22.44.11:759][  0]LogAudioMixer: FMixerPlatformXAudio2::StartAudioStream() called
[2022.02.17-22.44.11:759][  0]LogAudioMixer: Display: Output buffers initialized: Frames=1024, Channels=2, Samples=2048
[2022.02.17-22.44.11:760][  0]LogAudioMixer: Display: Starting AudioMixerPlatformInterface::RunInternal()
[2022.02.17-22.44.11:760][  0]LogAudioMixer: Display: FMixerPlatformXAudio2::SubmitBuffer() called for the first time
[2022.02.17-22.44.11:760][  0]LogInit: FAudioDevice initialized.
[2022.02.17-22.44.11:760][  0]LogAudio: Display: Audio Device (ID: 1) registered with world 'Untitled'.
[2022.02.17-22.44.11:760][  0]LogNetVersion: Set ProjectVersion to 1.0.0.0. Version Checksum will be recalculated on next use.
[2022.02.17-22.44.11:833][  0]LogDerivedDataCache: Saved boot cache 0.07s 103MB C:/Users/Trevor/AppData/Local/UnrealEngine/4.27/DerivedDataCache/Boot.ddc.
[2022.02.17-22.44.11:836][  0]LogInit: Texture streaming: Enabled
[2022.02.17-22.44.11:845][  0]LogAnalytics: Display: [UEEditor.Rocket.Release] APIServer = https://datarouter.ol.epicgames.com/. AppVersion = 4.27.2-18319896+++UE4+Release-4.27
[2022.02.17-22.44.11:848][  0]LogEngineSessionManager: EngineSessionManager initialized
[2022.02.17-22.44.11:848][  0]LogEditorSessionSummary: Verbose: Initializing EditorSessionSummaryWriter for editor session tracking
[2022.02.17-22.44.11:849][  0]LogEditorSessionSummary: EditorSessionSummaryWriter initialized
[2022.02.17-22.44.11:868][  0]LogInit: Transaction tracking system initialized
[2022.02.17-22.44.11:884][  0]BlueprintLog: New page: Editor Load
[2022.02.17-22.44.11:932][  0]LocalizationService: Localization service is disabled
[2022.02.17-22.44.11:955][  0]TimingProfiler: Initialize
[2022.02.17-22.44.11:955][  0]TimingProfiler: OnSessionChanged
[2022.02.17-22.44.11:955][  0]LoadingProfiler: Initialize
[2022.02.17-22.44.11:955][  0]LoadingProfiler: OnSessionChanged
[2022.02.17-22.44.11:955][  0]NetworkingProfiler: Initialize
[2022.02.17-22.44.11:955][  0]NetworkingProfiler: OnSessionChanged
[2022.02.17-22.44.11:955][  0]MemoryProfiler: Initialize
[2022.02.17-22.44.11:955][  0]MemoryProfiler: OnSessionChanged
[2022.02.17-22.44.18:406][  0]LogFileCache: Scanning file cache for directory 'D:/GitHub/GAME259-2022-A/GAME259_A_URE/Content/' took 0.06s
[2022.02.17-22.44.18:406][  0]LogCook: Display: CookSettings for Memory: MemoryMaxUsedVirtual 0MiB, MemoryMaxUsedPhysical 16384MiB, MemoryMinFreeVirtual 0MiB, MemoryMinFreePhysical 1024MiB
[2022.02.17-22.44.18:406][  0]LogCook: Display: Mobile HDR setting 1
[2022.02.17-22.44.19:082][  0]LogInit: Display: Engine is initialized. Leaving FEngineLoop::Init()
[2022.02.17-22.44.19:084][  0]SourceControl: Source control is disabled
[2022.02.17-22.44.19:084][  0]LogUnrealEdMisc: Loading editor; pre map load, took 134.203
[2022.02.17-22.44.19:084][  0]Cmd: MAP LOAD FILE="../../../../../GitHub/GAME259-2022-A/GAME259_A_URE/Content/ThirdPersonCPP/Maps/ThirdPersonExampleMap.umap" TEMPLATE=0 SHOWPROGRESS=1 FEATURELEVEL=3
[2022.02.17-22.44.19:084][  0]LightingResults: New page: Lighting Build
[2022.02.17-22.44.19:085][  0]LogWorld: UWorld::CleanupWorld for Untitled, bSessionEnded=true, bCleanupResources=true
[2022.02.17-22.44.19:085][  0]LogSlate: InvalidateAllWidgets triggered.  All widgets were invalidated
[2022.02.17-22.44.19:085][  0]MapCheck: New page: Map Check
[2022.02.17-22.44.19:085][  0]LightingResults: New page: Lighting Build
[2022.02.17-22.44.21:926][  0]LogAudio: Display: Audio Device unregistered from world 'None'.
[2022.02.17-22.44.21:929][  0]LogUObjectHash: Compacting FUObjectHashTables data took   0.69ms
[2022.02.17-22.44.22:532][  0]LogAudio: Display: Audio Device (ID: 1) registered with world 'ThirdPersonExampleMap'.
[2022.02.17-22.44.22:533][  0]LogAIModule: Creating AISystem for world ThirdPersonExampleMap
[2022.02.17-22.44.22:911][  0]LogEditorServer: Finished looking for orphan Actors (0.000 secs)
[2022.02.17-22.44.22:945][  0]LogUObjectHash: Compacting FUObjectHashTables data took   0.71ms
[2022.02.17-22.44.22:945][  0]Cmd: MAP CHECKDEP NOCLEARLOG
[2022.02.17-22.44.22:945][  0]MapCheck: Map check complete: 0 Error(s), 0 Warning(s), took 0.079ms to complete.
[2022.02.17-22.44.22:945][  0]LogFileHelpers: Loading map 'ThirdPersonExampleMap' took 3.862
[2022.02.17-22.44.22:976][  0]LogUnrealEdMisc: Total Editor Startup Time, took 138.095
[2022.02.17-22.44.24:107][  0]LogSlate: Updating window title bar state: overlay mode, drag disabled, window buttons hidden, title bar hidden
[2022.02.17-22.44.24:133][  0]LogSlate: Updating window title bar state: overlay mode, drag disabled, window buttons hidden, title bar hidden
[2022.02.17-22.44.24:138][  0]LogSlate: Updating window title bar state: overlay mode, drag disabled, window buttons hidden, title bar hidden
[2022.02.17-22.44.24:143][  0]LogSlate: Updating window title bar state: overlay mode, drag disabled, window buttons hidden, title bar hidden
[2022.02.17-22.44.24:517][  0]LogNativeClassHierarchy: Verbose: Native class hierarchy populated in 0.0086 seconds. Added 3821 classes and 927 folders.
[2022.02.17-22.44.24:714][  0]LogNativeClassHierarchy: Verbose: Native class hierarchy updated for 'WidgetCarousel' in 0.0002 seconds. Added 0 classes and 0 folders.
[2022.02.17-22.44.24:944][  0]LogPakFile: PakFile PrimaryIndexSize=187
[2022.02.17-22.44.24:944][  0]LogPakFile: PakFile PathHashIndexSize=101
[2022.02.17-22.44.24:944][  0]LogPakFile: PakFile FullDirectoryIndexSize=148
[2022.02.17-22.44.24:983][  0]LogShaderLibrary: Display: ShaderCodeLibraryPakFileMountedCallback: PakFile 'D:/Unreal Engine/UE_4.27/FeaturePacks/FP_FirstPerson.upack' (chunk index -1, root 'root:/') mounted
[2022.02.17-22.44.24:983][  0]LogShaderLibrary: Display: ShaderCodeLibraryPakFileMountedCallback: pending pak file info (ChunkID:-1 Root:root:/ File:D:/Unreal Engine/UE_4.27/FeaturePacks/FP_FirstPerson.upack)
[2022.02.17-22.44.24:996][  0]LogPakFile: OnPakFileMounted2Time == 0.052207
[2022.02.17-22.44.25:042][  0]LogPakFile: PakFile PrimaryIndexSize=189
[2022.02.17-22.44.25:042][  0]LogPakFile: PakFile PathHashIndexSize=101
[2022.02.17-22.44.25:042][  0]LogPakFile: PakFile FullDirectoryIndexSize=152
[2022.02.17-22.44.25:042][  0]LogShaderLibrary: Display: ShaderCodeLibraryPakFileMountedCallback: PakFile 'D:/Unreal Engine/UE_4.27/FeaturePacks/FP_FirstPersonBP.upack' (chunk index -1, root 'root:/') mounted
[2022.02.17-22.44.25:042][  0]LogShaderLibrary: Display: ShaderCodeLibraryPakFileMountedCallback: pending pak file info (ChunkID:-1 Root:root:/ File:D:/Unreal Engine/UE_4.27/FeaturePacks/FP_FirstPersonBP.upack)
[2022.02.17-22.44.25:042][  0]LogPakFile: OnPakFileMounted2Time == 0.000038
[2022.02.17-22.44.25:061][  0]LogPakFile: PakFile PrimaryIndexSize=191
[2022.02.17-22.44.25:061][  0]LogPakFile: PakFile PathHashIndexSize=101
[2022.02.17-22.44.25:061][  0]LogPakFile: PakFile FullDirectoryIndexSize=160
[2022.02.17-22.44.25:061][  0]LogShaderLibrary: Display: ShaderCodeLibraryPakFileMountedCallback: PakFile 'D:/Unreal Engine/UE_4.27/FeaturePacks/MobileStarterContent.upack' (chunk index -1, root 'root:/') mounted
[2022.02.17-22.44.25:061][  0]LogShaderLibrary: Display: ShaderCodeLibraryPakFileMountedCallback: pending pak file info (ChunkID:-1 Root:root:/ File:D:/Unreal Engine/UE_4.27/FeaturePacks/MobileStarterContent.upack)
[2022.02.17-22.44.25:061][  0]LogPakFile: OnPakFileMounted2Time == 0.000039
[2022.02.17-22.44.25:074][  0]LogPakFile: PakFile PrimaryIndexSize=185
[2022.02.17-22.44.25:075][  0]LogPakFile: PakFile PathHashIndexSize=101
[2022.02.17-22.44.25:075][  0]LogPakFile: PakFile FullDirectoryIndexSize=148
[2022.02.17-22.44.25:075][  0]LogShaderLibrary: Display: ShaderCodeLibraryPakFileMountedCallback: PakFile 'D:/Unreal Engine/UE_4.27/FeaturePacks/StarterContent.upack' (chunk index -1, root 'root:/') mounted
[2022.02.17-22.44.25:075][  0]LogShaderLibrary: Display: ShaderCodeLibraryPakFileMountedCallback: pending pak file info (ChunkID:-1 Root:root:/ File:D:/Unreal Engine/UE_4.27/FeaturePacks/StarterContent.upack)
[2022.02.17-22.44.25:075][  0]LogPakFile: OnPakFileMounted2Time == 0.000034
[2022.02.17-22.44.25:091][  0]LogPakFile: PakFile PrimaryIndexSize=190
[2022.02.17-22.44.25:091][  0]LogPakFile: PakFile PathHashIndexSize=101
[2022.02.17-22.44.25:091][  0]LogPakFile: PakFile FullDirectoryIndexSize=154
[2022.02.17-22.44.25:091][  0]LogShaderLibrary: Display: ShaderCodeLibraryPakFileMountedCallback: PakFile 'D:/Unreal Engine/UE_4.27/FeaturePacks/TP_2DSideScroller.upack' (chunk index -1, root 'root:/') mounted
[2022.02.17-22.44.25:091][  0]LogShaderLibrary: Display: ShaderCodeLibraryPakFileMountedCallback: pending pak file info (ChunkID:-1 Root:root:/ File:D:/Unreal Engine/UE_4.27/FeaturePacks/TP_2DSideScroller.upack)
[2022.02.17-22.44.25:091][  0]LogPakFile: OnPakFileMounted2Time == 0.000032
[2022.02.17-22.44.25:114][  0]LogPakFile: PakFile PrimaryIndexSize=192
[2022.02.17-22.44.25:114][  0]LogPakFile: PakFile PathHashIndexSize=101
[2022.02.17-22.44.25:114][  0]LogPakFile: PakFile FullDirectoryIndexSize=158
[2022.02.17-22.44.25:114][  0]LogShaderLibrary: Display: ShaderCodeLibraryPakFileMountedCallback: PakFile 'D:/Unreal Engine/UE_4.27/FeaturePacks/TP_2DSideScrollerBP.upack' (chunk index -1, root 'root:/') mounted
[2022.02.17-22.44.25:114][  0]LogShaderLibrary: Display: ShaderCodeLibraryPakFileMountedCallback: pending pak file info (ChunkID:-1 Root:root:/ File:D:/Unreal Engine/UE_4.27/FeaturePacks/TP_2DSideScrollerBP.upack)
[2022.02.17-22.44.25:114][  0]LogPakFile: OnPakFileMounted2Time == 0.000038
[2022.02.17-22.44.25:129][  0]LogPakFile: PakFile PrimaryIndexSize=182
[2022.02.17-22.44.25:129][  0]LogPakFile: PakFile PathHashIndexSize=101
[2022.02.17-22.44.25:129][  0]LogPakFile: PakFile FullDirectoryIndexSize=138
[2022.02.17-22.44.25:129][  0]LogShaderLibrary: Display: ShaderCodeLibraryPakFileMountedCallback: PakFile 'D:/Unreal Engine/UE_4.27/FeaturePacks/TP_Flying.upack' (chunk index -1, root 'root:/') mounted
[2022.02.17-22.44.25:129][  0]LogShaderLibrary: Display: ShaderCodeLibraryPakFileMountedCallback: pending pak file info (ChunkID:-1 Root:root:/ File:D:/Unreal Engine/UE_4.27/FeaturePacks/TP_Flying.upack)
[2022.02.17-22.44.25:129][  0]LogPakFile: OnPakFileMounted2Time == 0.000032
[2022.02.17-22.44.25:152][  0]LogPakFile: PakFile PrimaryIndexSize=184
[2022.02.17-22.44.25:152][  0]LogPakFile: PakFile PathHashIndexSize=101
[2022.02.17-22.44.25:152][  0]LogPakFile: PakFile FullDirectoryIndexSize=142
[2022.02.17-22.44.25:152][  0]LogShaderLibrary: Display: ShaderCodeLibraryPakFileMountedCallback: PakFile 'D:/Unreal Engine/UE_4.27/FeaturePacks/TP_FlyingBP.upack' (chunk index -1, root 'root:/') mounted
[2022.02.17-22.44.25:152][  0]LogShaderLibrary: Display: ShaderCodeLibraryPakFileMountedCallback: pending pak file info (ChunkID:-1 Root:root:/ File:D:/Unreal Engine/UE_4.27/FeaturePacks/TP_FlyingBP.upack)
[2022.02.17-22.44.25:152][  0]LogPakFile: OnPakFileMounted2Time == 0.000034
[2022.02.17-22.44.25:180][  0]LogPakFile: PakFile PrimaryIndexSize=188
[2022.02.17-22.44.25:180][  0]LogPakFile: PakFile PathHashIndexSize=101
[2022.02.17-22.44.25:180][  0]LogPakFile: PakFile FullDirectoryIndexSize=150
[2022.02.17-22.44.25:180][  0]LogShaderLibrary: Display: ShaderCodeLibraryPakFileMountedCallback: PakFile 'D:/Unreal Engine/UE_4.27/FeaturePacks/TP_HandheldARBP.upack' (chunk index -1, root 'root:/') mounted
[2022.02.17-22.44.25:180][  0]LogShaderLibrary: Display: ShaderCodeLibraryPakFileMountedCallback: pending pak file info (ChunkID:-1 Root:root:/ File:D:/Unreal Engine/UE_4.27/FeaturePacks/TP_HandheldARBP.upack)
[2022.02.17-22.44.25:180][  0]LogPakFile: OnPakFileMounted2Time == 0.000038
[2022.02.17-22.44.25:220][  0]LogPakFile: PakFile PrimaryIndexSize=182
[2022.02.17-22.44.25:220][  0]LogPakFile: PakFile PathHashIndexSize=101
[2022.02.17-22.44.25:220][  0]LogPakFile: PakFile FullDirectoryIndexSize=138
[2022.02.17-22.44.25:220][  0]LogShaderLibrary: Display: ShaderCodeLibraryPakFileMountedCallback: PakFile 'D:/Unreal Engine/UE_4.27/FeaturePacks/TP_Puzzle.upack' (chunk index -1, root 'root:/') mounted
[2022.02.17-22.44.25:220][  0]LogShaderLibrary: Display: ShaderCodeLibraryPakFileMountedCallback: pending pak file info (ChunkID:-1 Root:root:/ File:D:/Unreal Engine/UE_4.27/FeaturePacks/TP_Puzzle.upack)
[2022.02.17-22.44.25:220][  0]LogPakFile: OnPakFileMounted2Time == 0.000032
[2022.02.17-22.44.25:268][  0]LogPakFile: PakFile PrimaryIndexSize=184
[2022.02.17-22.44.25:268][  0]LogPakFile: PakFile PathHashIndexSize=101
[2022.02.17-22.44.25:268][  0]LogPakFile: PakFile FullDirectoryIndexSize=142
[2022.02.17-22.44.25:268][  0]LogShaderLibrary: Display: ShaderCodeLibraryPakFileMountedCallback: PakFile 'D:/Unreal Engine/UE_4.27/FeaturePacks/TP_PuzzleBP.upack' (chunk index -1, root 'root:/') mounted
[2022.02.17-22.44.25:268][  0]LogShaderLibrary: Display: ShaderCodeLibraryPakFileMountedCallback: pending pak file info (ChunkID:-1 Root:root:/ File:D:/Unreal Engine/UE_4.27/FeaturePacks/TP_PuzzleBP.upack)
[2022.02.17-22.44.25:268][  0]LogPakFile: OnPakFileMounted2Time == 0.000043
[2022.02.17-22.44.25:286][  0]LogPakFile: PakFile PrimaryIndexSize=183
[2022.02.17-22.44.25:286][  0]LogPakFile: PakFile PathHashIndexSize=101
[2022.02.17-22.44.25:286][  0]LogPakFile: PakFile FullDirectoryIndexSize=140
[2022.02.17-22.44.25:286][  0]LogShaderLibrary: Display: ShaderCodeLibraryPakFileMountedCallback: PakFile 'D:/Unreal Engine/UE_4.27/FeaturePacks/TP_Rolling.upack' (chunk index -1, root 'root:/') mounted
[2022.02.17-22.44.25:286][  0]LogShaderLibrary: Display: ShaderCodeLibraryPakFileMountedCallback: pending pak file info (ChunkID:-1 Root:root:/ File:D:/Unreal Engine/UE_4.27/FeaturePacks/TP_Rolling.upack)
[2022.02.17-22.44.25:286][  0]LogPakFile: OnPakFileMounted2Time == 0.000032
[2022.02.17-22.44.25:290][  0]LogPakFile: PakFile PrimaryIndexSize=185
[2022.02.17-22.44.25:290][  0]LogPakFile: PakFile PathHashIndexSize=101
[2022.02.17-22.44.25:290][  0]LogPakFile: PakFile FullDirectoryIndexSize=144
[2022.02.17-22.44.25:290][  0]LogShaderLibrary: Display: ShaderCodeLibraryPakFileMountedCallback: PakFile 'D:/Unreal Engine/UE_4.27/FeaturePacks/TP_RollingBP.upack' (chunk index -1, root 'root:/') mounted
[2022.02.17-22.44.25:290][  0]LogShaderLibrary: Display: ShaderCodeLibraryPakFileMountedCallback: pending pak file info (ChunkID:-1 Root:root:/ File:D:/Unreal Engine/UE_4.27/FeaturePacks/TP_RollingBP.upack)
[2022.02.17-22.44.25:290][  0]LogPakFile: OnPakFileMounted2Time == 0.000027
[2022.02.17-22.44.25:295][  0]LogPakFile: PakFile PrimaryIndexSize=188
[2022.02.17-22.44.25:295][  0]LogPakFile: PakFile PathHashIndexSize=101
[2022.02.17-22.44.25:295][  0]LogPakFile: PakFile FullDirectoryIndexSize=150
[2022.02.17-22.44.25:295][  0]LogShaderLibrary: Display: ShaderCodeLibraryPakFileMountedCallback: PakFile 'D:/Unreal Engine/UE_4.27/FeaturePacks/TP_SideScroller.upack' (chunk index -1, root 'root:/') mounted
[2022.02.17-22.44.25:295][  0]LogShaderLibrary: Display: ShaderCodeLibraryPakFileMountedCallback: pending pak file info (ChunkID:-1 Root:root:/ File:D:/Unreal Engine/UE_4.27/FeaturePacks/TP_SideScroller.upack)
[2022.02.17-22.44.25:295][  0]LogPakFile: OnPakFileMounted2Time == 0.000032
[2022.02.17-22.44.25:304][  0]LogPakFile: PakFile PrimaryIndexSize=190
[2022.02.17-22.44.25:304][  0]LogPakFile: PakFile PathHashIndexSize=101
[2022.02.17-22.44.25:304][  0]LogPakFile: PakFile FullDirectoryIndexSize=154
[2022.02.17-22.44.25:304][  0]LogShaderLibrary: Display: ShaderCodeLibraryPakFileMountedCallback: PakFile 'D:/Unreal Engine/UE_4.27/FeaturePacks/TP_SideScrollerBP.upack' (chunk index -1, root 'root:/') mounted
[2022.02.17-22.44.25:304][  0]LogShaderLibrary: Display: ShaderCodeLibraryPakFileMountedCallback: pending pak file info (ChunkID:-1 Root:root:/ File:D:/Unreal Engine/UE_4.27/FeaturePacks/TP_SideScrollerBP.upack)
[2022.02.17-22.44.25:304][  0]LogPakFile: OnPakFileMounted2Time == 0.000032
[2022.02.17-22.44.25:309][  0]LogPakFile: PakFile PrimaryIndexSize=187
[2022.02.17-22.44.25:309][  0]LogPakFile: PakFile PathHashIndexSize=101
[2022.02.17-22.44.25:309][  0]LogPakFile: PakFile FullDirectoryIndexSize=148
[2022.02.17-22.44.25:309][  0]LogShaderLibrary: Display: ShaderCodeLibraryPakFileMountedCallback: PakFile 'D:/Unreal Engine/UE_4.27/FeaturePacks/TP_ThirdPerson.upack' (chunk index -1, root 'root:/') mounted
[2022.02.17-22.44.25:309][  0]LogShaderLibrary: Display: ShaderCodeLibraryPakFileMountedCallback: pending pak file info (ChunkID:-1 Root:root:/ File:D:/Unreal Engine/UE_4.27/FeaturePacks/TP_ThirdPerson.upack)
[2022.02.17-22.44.25:309][  0]LogPakFile: OnPakFileMounted2Time == 0.000031
[2022.02.17-22.44.25:329][  0]LogPakFile: PakFile PrimaryIndexSize=189
[2022.02.17-22.44.25:329][  0]LogPakFile: PakFile PathHashIndexSize=101
[2022.02.17-22.44.25:329][  0]LogPakFile: PakFile FullDirectoryIndexSize=152
[2022.02.17-22.44.25:329][  0]LogShaderLibrary: Display: ShaderCodeLibraryPakFileMountedCallback: PakFile 'D:/Unreal Engine/UE_4.27/FeaturePacks/TP_ThirdPersonBP.upack' (chunk index -1, root 'root:/') mounted
[2022.02.17-22.44.25:329][  0]LogShaderLibrary: Display: ShaderCodeLibraryPakFileMountedCallback: pending pak file info (ChunkID:-1 Root:root:/ File:D:/Unreal Engine/UE_4.27/FeaturePacks/TP_ThirdPersonBP.upack)
[2022.02.17-22.44.25:329][  0]LogPakFile: OnPakFileMounted2Time == 0.000032
[2022.02.17-22.44.25:344][  0]LogPakFile: PakFile PrimaryIndexSize=183
[2022.02.17-22.44.25:344][  0]LogPakFile: PakFile PathHashIndexSize=101
[2022.02.17-22.44.25:344][  0]LogPakFile: PakFile FullDirectoryIndexSize=140
[2022.02.17-22.44.25:344][  0]LogShaderLibrary: Display: ShaderCodeLibraryPakFileMountedCallback: PakFile 'D:/Unreal Engine/UE_4.27/FeaturePacks/TP_TopDown.upack' (chunk index -1, root 'root:/') mounted
[2022.02.17-22.44.25:344][  0]LogShaderLibrary: Display: ShaderCodeLibraryPakFileMountedCallback: pending pak file info (ChunkID:-1 Root:root:/ File:D:/Unreal Engine/UE_4.27/FeaturePacks/TP_TopDown.upack)
[2022.02.17-22.44.25:344][  0]LogPakFile: OnPakFileMounted2Time == 0.000038
[2022.02.17-22.44.25:351][  0]LogPakFile: PakFile PrimaryIndexSize=185
[2022.02.17-22.44.25:351][  0]LogPakFile: PakFile PathHashIndexSize=101
[2022.02.17-22.44.25:351][  0]LogPakFile: PakFile FullDirectoryIndexSize=144
[2022.02.17-22.44.25:351][  0]LogShaderLibrary: Display: ShaderCodeLibraryPakFileMountedCallback: PakFile 'D:/Unreal Engine/UE_4.27/FeaturePacks/TP_TopDownBP.upack' (chunk index -1, root 'root:/') mounted
[2022.02.17-22.44.25:351][  0]LogShaderLibrary: Display: ShaderCodeLibraryPakFileMountedCallback: pending pak file info (ChunkID:-1 Root:root:/ File:D:/Unreal Engine/UE_4.27/FeaturePacks/TP_TopDownBP.upack)
[2022.02.17-22.44.25:351][  0]LogPakFile: OnPakFileMounted2Time == 0.000037
[2022.02.17-22.44.25:363][  0]LogPakFile: PakFile PrimaryIndexSize=185
[2022.02.17-22.44.25:363][  0]LogPakFile: PakFile PathHashIndexSize=101
[2022.02.17-22.44.25:363][  0]LogPakFile: PakFile FullDirectoryIndexSize=144
[2022.02.17-22.44.25:363][  0]LogShaderLibrary: Display: ShaderCodeLibraryPakFileMountedCallback: PakFile 'D:/Unreal Engine/UE_4.27/FeaturePacks/TP_TwinStick.upack' (chunk index -1, root 'root:/') mounted
[2022.02.17-22.44.25:363][  0]LogShaderLibrary: Display: ShaderCodeLibraryPakFileMountedCallback: pending pak file info (ChunkID:-1 Root:root:/ File:D:/Unreal Engine/UE_4.27/FeaturePacks/TP_TwinStick.upack)
[2022.02.17-22.44.25:363][  0]LogPakFile: OnPakFileMounted2Time == 0.000036
[2022.02.17-22.44.25:379][  0]LogPakFile: PakFile PrimaryIndexSize=187
[2022.02.17-22.44.25:379][  0]LogPakFile: PakFile PathHashIndexSize=101
[2022.02.17-22.44.25:379][  0]LogPakFile: PakFile FullDirectoryIndexSize=148
[2022.02.17-22.44.25:379][  0]LogShaderLibrary: Display: ShaderCodeLibraryPakFileMountedCallback: PakFile 'D:/Unreal Engine/UE_4.27/FeaturePacks/TP_TwinStickBP.upack' (chunk index -1, root 'root:/') mounted
[2022.02.17-22.44.25:379][  0]LogShaderLibrary: Display: ShaderCodeLibraryPakFileMountedCallback: pending pak file info (ChunkID:-1 Root:root:/ File:D:/Unreal Engine/UE_4.27/FeaturePacks/TP_TwinStickBP.upack)
[2022.02.17-22.44.25:379][  0]LogPakFile: OnPakFileMounted2Time == 0.000032
[2022.02.17-22.44.25:401][  0]LogPakFile: PakFile PrimaryIndexSize=183
[2022.02.17-22.44.25:401][  0]LogPakFile: PakFile PathHashIndexSize=101
[2022.02.17-22.44.25:401][  0]LogPakFile: PakFile FullDirectoryIndexSize=140
[2022.02.17-22.44.25:401][  0]LogShaderLibrary: Display: ShaderCodeLibraryPakFileMountedCallback: PakFile 'D:/Unreal Engine/UE_4.27/FeaturePacks/TP_Vehicle.upack' (chunk index -1, root 'root:/') mounted
[2022.02.17-22.44.25:401][  0]LogShaderLibrary: Display: ShaderCodeLibraryPakFileMountedCallback: pending pak file info (ChunkID:-1 Root:root:/ File:D:/Unreal Engine/UE_4.27/FeaturePacks/TP_Vehicle.upack)
[2022.02.17-22.44.25:401][  0]LogPakFile: OnPakFileMounted2Time == 0.000031
[2022.02.17-22.44.25:423][  0]LogPakFile: PakFile PrimaryIndexSize=186
[2022.02.17-22.44.25:423][  0]LogPakFile: PakFile PathHashIndexSize=101
[2022.02.17-22.44.25:423][  0]LogPakFile: PakFile FullDirectoryIndexSize=146
[2022.02.17-22.44.25:423][  0]LogShaderLibrary: Display: ShaderCodeLibraryPakFileMountedCallback: PakFile 'D:/Unreal Engine/UE_4.27/FeaturePacks/TP_VehicleAdv.upack' (chunk index -1, root 'root:/') mounted
[2022.02.17-22.44.25:423][  0]LogShaderLibrary: Display: ShaderCodeLibraryPakFileMountedCallback: pending pak file info (ChunkID:-1 Root:root:/ File:D:/Unreal Engine/UE_4.27/FeaturePacks/TP_VehicleAdv.upack)
[2022.02.17-22.44.25:423][  0]LogPakFile: OnPakFileMounted2Time == 0.000033
[2022.02.17-22.44.25:437][  0]LogPakFile: PakFile PrimaryIndexSize=188
[2022.02.17-22.44.25:437][  0]LogPakFile: PakFile PathHashIndexSize=101
[2022.02.17-22.44.25:437][  0]LogPakFile: PakFile FullDirectoryIndexSize=150
[2022.02.17-22.44.25:437][  0]LogShaderLibrary: Display: ShaderCodeLibraryPakFileMountedCallback: PakFile 'D:/Unreal Engine/UE_4.27/FeaturePacks/TP_VehicleAdvBP.upack' (chunk index -1, root 'root:/') mounted
[2022.02.17-22.44.25:437][  0]LogShaderLibrary: Display: ShaderCodeLibraryPakFileMountedCallback: pending pak file info (ChunkID:-1 Root:root:/ File:D:/Unreal Engine/UE_4.27/FeaturePacks/TP_VehicleAdvBP.upack)
[2022.02.17-22.44.25:437][  0]LogPakFile: OnPakFileMounted2Time == 0.000034
[2022.02.17-22.44.25:443][  0]LogPakFile: PakFile PrimaryIndexSize=185
[2022.02.17-22.44.25:443][  0]LogPakFile: PakFile PathHashIndexSize=101
[2022.02.17-22.44.25:443][  0]LogPakFile: PakFile FullDirectoryIndexSize=144
[2022.02.17-22.44.25:443][  0]LogShaderLibrary: Display: ShaderCodeLibraryPakFileMountedCallback: PakFile 'D:/Unreal Engine/UE_4.27/FeaturePacks/TP_VehicleBP.upack' (chunk index -1, root 'root:/') mounted
[2022.02.17-22.44.25:443][  0]LogShaderLibrary: Display: ShaderCodeLibraryPakFileMountedCallback: pending pak file info (ChunkID:-1 Root:root:/ File:D:/Unreal Engine/UE_4.27/FeaturePacks/TP_VehicleBP.upack)
[2022.02.17-22.44.25:443][  0]LogPakFile: OnPakFileMounted2Time == 0.000032
[2022.02.17-22.44.25:459][  0]LogPakFile: PakFile PrimaryIndexSize=192
[2022.02.17-22.44.25:459][  0]LogPakFile: PakFile PathHashIndexSize=101
[2022.02.17-22.44.25:459][  0]LogPakFile: PakFile FullDirectoryIndexSize=158
[2022.02.17-22.44.25:459][  0]LogShaderLibrary: Display: ShaderCodeLibraryPakFileMountedCallback: PakFile 'D:/Unreal Engine/UE_4.27/FeaturePacks/TP_VirtualRealityBP.upack' (chunk index -1, root 'root:/') mounted
[2022.02.17-22.44.25:459][  0]LogShaderLibrary: Display: ShaderCodeLibraryPakFileMountedCallback: pending pak file info (ChunkID:-1 Root:root:/ File:D:/Unreal Engine/UE_4.27/FeaturePacks/TP_VirtualRealityBP.upack)
[2022.02.17-22.44.25:459][  0]LogPakFile: OnPakFileMounted2Time == 0.000036
[2022.02.17-22.44.26:762][  0]LogNativeClassHierarchy: Verbose: Native class hierarchy updated for 'AddContentDialog' in 0.0002 seconds. Added 0 classes and 0 folders.
[2022.02.17-22.44.26:813][  0]LogNativeClassHierarchy: Verbose: Native class hierarchy updated for 'SceneOutliner' in 0.0003 seconds. Added 2 classes and 0 folders.
[2022.02.17-22.44.30:080][  0]LogSlate: Only BGRA pngs, bmps or icos are supported in by External Image Picker
[2022.02.17-22.44.30:284][  0]LogSlate: Took 0.000169 seconds to synchronously load lazily loaded font '../../../Engine/Content/Slate/Fonts/Roboto-Regular.ttf' (155K)
[2022.02.17-22.44.30:358][  0]LogSlate: Took 0.039541 seconds to synchronously load lazily loaded font '../../../Engine/Content/Editor/Slate/Fonts/FontAwesome.ttf' (139K)
[2022.02.17-22.44.30:384][  0]LogSlate: Took 0.000116 seconds to synchronously load lazily loaded font '../../../Engine/Content/Slate/Fonts/Roboto-Bold.ttf' (160K)
[2022.02.17-22.44.31:072][  0]LogRenderer: Reallocating scene render targets to support 1152x480 Format 10 NumSamples 1 (Frame:1).
[2022.02.17-22.44.32:596][  0]LogSlate: Took 0.048172 seconds to synchronously load lazily loaded font '../../../Engine/Content/Slate/Fonts/Roboto-Light.ttf' (167K)
[2022.02.17-22.44.32:791][  0]LogNativeClassHierarchy: Verbose: Native class hierarchy updated for 'HierarchicalLODOutliner' in 0.0003 seconds. Added 0 classes and 0 folders.
[2022.02.17-22.44.32:791][  0]LogInput: Warning: Action Jump uses invalid key OculusGo_Left_Trigger_Click.
[2022.02.17-22.44.32:791][  0]LogInput: Warning: Action ResetVR uses invalid key OculusGo_Left_Trackpad_Click.
[2022.02.17-22.44.32:791][  0]LogInput: Warning: Use -RemoveInvalidKeys to remove instances of these keys from the action mapping.
[2022.02.17-22.44.32:791][  0]LogLoad: (Engine Initialization) Total time: 147.91 seconds
[2022.02.17-22.44.32:791][  0]LogLoad: (Engine Initialization) Total Blueprint compile time: 0.00 seconds
[2022.02.17-22.44.33:026][  0]LogAssetRegistry: Asset discovery search completed in 45.2057 seconds
[2022.02.17-22.44.33:030][  0]LogCollectionManager: Fixed up redirectors for 0 collections in 0.000003 seconds (updated 0 objects)
[2022.02.17-22.44.33:208][  0]LogContentStreaming: Texture pool size now 1000 MB
[2022.02.17-22.45.15:056][676]LogSlate: Window 'New Level' being destroyed
[2022.02.17-22.45.15:106][676]LightingResults: New page: Lighting Build
[2022.02.17-22.45.15:128][676]LogWorld: UWorld::CleanupWorld for ThirdPersonExampleMap, bSessionEnded=true, bCleanupResources=true
[2022.02.17-22.45.15:128][676]LogSlate: InvalidateAllWidgets triggered.  All widgets were invalidated
[2022.02.17-22.45.15:140][676]MapCheck: New page: Map Check
[2022.02.17-22.45.15:140][676]LightingResults: New page: Lighting Build
[2022.02.17-22.45.15:144][676]LogAudio: Display: Audio Device unregistered from world 'None'.
[2022.02.17-22.45.15:146][676]LogUObjectHash: Compacting FUObjectHashTables data took   0.59ms
[2022.02.17-22.45.15:188][676]LogAIModule: Creating AISystem for world Untitled
[2022.02.17-22.45.15:225][676]LogAudio: Display: Audio Device (ID: 1) registered with world 'Untitled'.
[2022.02.17-22.45.15:287][676]LoadErrors: New page: New Map
[2022.02.17-22.46.22:390][262]LogSlate: Window 'Save Level As' being destroyed
[2022.02.17-22.46.22:470][262]LogSlate: Took 0.000121 seconds to synchronously load lazily loaded font '../../../Engine/Content/Slate/Fonts/Roboto-Light.ttf' (167K)
[2022.02.17-22.46.22:562][262]Cmd: OBJ SAVEPACKAGE PACKAGE="/Game/Maps/L_MainMenu" FILE="../../../../../GitHub/GAME259-2022-A/GAME259_A_URE/Content/Maps/L_MainMenu.umap" SILENT=true AUTOSAVING=false KEEPDIRTY=false
[2022.02.17-22.46.22:593][262]LogUObjectHash: Compacting FUObjectHashTables data took   0.56ms
[2022.02.17-22.46.22:702][262]LogSavePackage: Moving '../../../../../GitHub/GAME259-2022-A/GAME259_A_URE/Saved/L_MainMenu1C3DAEEF4197678FDEFFD7AB0DBB512A.tmp' to '../../../../../GitHub/GAME259-2022-A/GAME259_A_URE/Content/Maps/L_MainMenu.umap'
[2022.02.17-22.46.22:730][262]LogFileHelpers: Saving map 'L_MainMenu' took 0.323
[2022.02.17-22.46.22:732][262]AssetCheck: New page: Asset Save: L_MainMenu
[2022.02.17-22.46.22:732][262]LogContentValidation: Display: Validating World /Game/Maps/L_MainMenu.L_MainMenu
[2022.02.17-22.46.59:524][644]LogD3D11RHI: Timed out while waiting for GPU to catch up. (0.5 s) (ErrorCode 00000001) (00000000)
[2022.02.17-22.47.04:657][645]LogD3D11RHI: GetQueryData is taking a very long time (5.0 s) (887a0006)
[2022.02.17-22.47.04:708][645]LogD3D11RHI: Error: Result failed 
 at D:/Build/++UE4/Sync/Engine/Source/Runtime/Windows/D3D11RHI/Private/D3D11Query.cpp:360 
 with error DXGI_ERROR_DEVICE_REMOVED DXGI_ERROR_DEVICE_HUNG
[2022.02.17-22.47.04:708][645]LogD3D11RHI: [Aftermath] GDynamicRHI=0000020EF5146F00, GDX11NVAfterMathEnabled=0, Result=0xFFFFFFFF, bDeviceActive=0
[2022.02.17-22.47.04:708][645]LogWindows: Windows GetLastError: The operation completed successfully. (0)
[2022.02.17-22.47.25:723][645]LogAudioMixer: Display: Audio Buffer Underrun (starvation) detected.
[2022.02.17-22.47.25:723][645]LogWindows: FPlatformMisc::RequestExit(0)
[2022.02.17-22.47.25:723][645]LogWindows: FPlatformMisc::RequestExitWithStatus(0, 0)
[2022.02.17-22.47.25:723][645]LogCore: Engine exit requested (reason: Win RequestExit)
[2022.02.17-22.47.25:723][645]LogWindows: FPlatformMisc::RequestExit(1)
[2022.02.17-22.47.25:723][645]LogWindows: FPlatformMisc::RequestExitWithStatus(1, 3)
[2022.02.17-22.47.25:723][645]LogCore: Engine exit requested (reason: Win RequestExit; note: exit was already requested)
[2022.02.17-22.47.25:774][645]Log file closed, 02/17/22 17:47:25
