Log file open, 02/28/22 21:53:22
LogWindows: Failed to load 'aqProf.dll' (GetLastError=126)
LogWindows: File 'aqProf.dll' does not exist
LogWindows: Failed to load 'VtuneApi.dll' (GetLastError=126)
LogWindows: File 'VtuneApi.dll' does not exist
LogWindows: Failed to load 'VtuneApi32e.dll' (GetLastError=126)
LogWindows: File 'VtuneApi32e.dll' does not exist
LogConsoleResponse: Display: Failed to find resolution value strings in scalability ini. Falling back to default.
LogConsoleResponse: Display: Failed to find resolution value strings in scalability ini. Falling back to default.
LogInit: Display: Running engine for game: GAME259_A_URE
LogPlatformFile: Not using cached read wrapper
LogTaskGraph: Started task graph with 5 named threads and 47 total threads with 3 sets of task threads.
LogStats: Stats thread started at 0.183443
LogICUInternationalization: ICU TimeZone Detection - Raw Offset: -5:00, Platform Override: ''
LogInit: Display: Loading text-based GConfig....
LogPluginManager: Mounting plugin MeshPainting
LogPluginManager: Mounting plugin XGEController
LogPluginManager: Mounting plugin LiveLink
LogPluginManager: Mounting plugin Paper2D
LogPluginManager: Mounting plugin EnvironmentQueryEditor
LogPluginManager: Mounting plugin AISupport
LogPluginManager: Mounting plugin LightPropagationVolume
LogPluginManager: Mounting plugin OodleNetwork
LogPluginManager: Mounting plugin OodleData
LogPluginManager: Mounting plugin CameraShakePreviewer
LogPluginManager: Mounting plugin AnimationSharing
LogPluginManager: Mounting plugin CodeLiteSourceCodeAccess
LogPluginManager: Mounting plugin GameplayCameras
LogPluginManager: Mounting plugin KDevelopSourceCodeAccess
LogPluginManager: Mounting plugin GitSourceControl
LogPluginManager: Mounting plugin NullSourceCodeAccess
LogPluginManager: Mounting plugin PerforceSourceControl
LogPluginManager: Mounting plugin PixWinPlugin
LogPluginManager: Mounting plugin PropertyAccessNode
LogPluginManager: Mounting plugin RiderSourceCodeAccess
LogPluginManager: Mounting plugin SubversionSourceControl
LogPluginManager: Mounting plugin PlasticSourceControl
LogPluginManager: Mounting plugin TextureFormatOodle
LogPluginManager: Mounting plugin AssetManagerEditor
LogPluginManager: Mounting plugin PluginUtils
LogPluginManager: Mounting plugin CryptoKeys
LogPluginManager: Mounting plugin CurveEditorTools
LogPluginManager: Mounting plugin DataValidation
LogPluginManager: Mounting plugin UObjectPlugin
LogPluginManager: Mounting plugin GeometryMode
LogPluginManager: Mounting plugin MaterialAnalyzer
LogPluginManager: Mounting plugin FacialAnimation
LogPluginManager: Mounting plugin MacGraphicsSwitching
LogPluginManager: Mounting plugin GameplayTagsEditor
LogPluginManager: Mounting plugin PluginBrowser
LogPluginManager: Mounting plugin MobileLauncherProfileWizard
LogPluginManager: Mounting plugin SpeedTreeImporter
LogPluginManager: Mounting plugin AlembicImporter
LogPluginManager: Mounting plugin CLionSourceCodeAccess
LogPluginManager: Mounting plugin AutomationUtils
LogPluginManager: Mounting plugin BackChannel
LogPluginManager: Mounting plugin ChaosClothEditor
LogPluginManager: Mounting plugin ChaosCloth
LogPluginManager: Mounting plugin ChaosEditor
LogPluginManager: Mounting plugin ChaosNiagara
LogPluginManager: Mounting plugin ChaosSolverPlugin
LogPluginManager: Mounting plugin CharacterAI
LogPluginManager: Mounting plugin GeometryCache
LogPluginManager: Mounting plugin GeometryProcessing
LogPluginManager: Mounting plugin GeometryCollectionPlugin
LogPluginManager: Mounting plugin MotoSynth
LogPluginManager: Mounting plugin OpenImageDenoise
LogPluginManager: Mounting plugin ProxyLODPlugin
LogPluginManager: Mounting plugin PlatformCrypto
LogPluginManager: Mounting plugin PythonScriptPlugin
LogPluginManager: Mounting plugin PlanarCut
LogPluginManager: Mounting plugin Niagara
LogPluginManager: Mounting plugin SkeletalReduction
LogPluginManager: Mounting plugin VisualStudioCodeSourceCodeAccess
LogPluginManager: Mounting plugin VisualStudioSourceCodeAccess
LogPluginManager: Mounting plugin XCodeSourceCodeAccess
LogPluginManager: Mounting plugin DatasmithContent
LogPluginManager: Mounting plugin LuminPlatformFeatures
LogPluginManager: Mounting plugin VariantManagerContent
LogPluginManager: Mounting plugin MagicLeap
LogPluginManager: Mounting plugin MagicLeapLightEstimation
LogPluginManager: Mounting plugin MagicLeapMedia
LogPluginManager: Mounting plugin MLSDK
LogPluginManager: Mounting plugin AndroidMedia
LogPluginManager: Mounting plugin AvfMedia
LogPluginManager: Mounting plugin ImgMedia
LogPluginManager: Mounting plugin MediaCompositing
LogPluginManager: Mounting plugin MediaPlayerEditor
LogPluginManager: Mounting plugin WebMMedia
LogPluginManager: Mounting plugin ActorSequence
LogPluginManager: Mounting plugin WmfMedia
LogPluginManager: Mounting plugin ScreenshotTools
LogPluginManager: Mounting plugin MatineeToLevelSequence
LogPluginManager: Mounting plugin LevelSequenceEditor
LogPluginManager: Mounting plugin ActorLayerUtilities
LogPluginManager: Mounting plugin MagicLeapPassableWorld
LogPluginManager: Mounting plugin TemplateSequence
LogPluginManager: Mounting plugin TcpMessaging
LogPluginManager: Mounting plugin EOSShared
LogPluginManager: Mounting plugin UdpMessaging
LogPluginManager: Mounting plugin OnlineSubsystem
LogPluginManager: Mounting plugin AndroidDeviceProfileSelector
LogPluginManager: Mounting plugin AndroidMoviePlayer
LogPluginManager: Mounting plugin AndroidPermission
LogPluginManager: Mounting plugin OnlineSubsystemNull
LogPluginManager: Mounting plugin AppleImageUtils
LogPluginManager: Mounting plugin AppleMoviePlayer
LogPluginManager: Mounting plugin OnlineSubsystemSteam
LogPluginManager: Mounting plugin ArchVisCharacter
LogPluginManager: Mounting plugin OnlineSubsystemUtils
LogPluginManager: Mounting plugin LauncherChunkInstaller
LogPluginManager: Mounting plugin AudioCapture
LogPluginManager: Mounting plugin AssetTags
LogPluginManager: Mounting plugin AudioSynesthesia
LogPluginManager: Mounting plugin CableComponent
LogPluginManager: Mounting plugin ChunkDownloader
LogPluginManager: Mounting plugin CustomMeshComponent
LogPluginManager: Mounting plugin EditableMesh
LogPluginManager: Mounting plugin ExampleDeviceProfileSelector
LogPluginManager: Mounting plugin GoogleCloudMessaging
LogPluginManager: Mounting plugin GooglePAD
LogPluginManager: Mounting plugin IOSDeviceProfileSelector
LogPluginManager: Mounting plugin LinuxDeviceProfileSelector
LogPluginManager: Mounting plugin LocationServicesBPLibrary
LogPluginManager: Mounting plugin MobilePatchingUtils
LogPluginManager: Mounting plugin OpenXR
LogPluginManager: Mounting plugin OpenXREyeTracker
LogPluginManager: Mounting plugin OpenXRHandTracking
LogPluginManager: Mounting plugin Takes
LogPluginManager: Mounting plugin PhysXVehicles
LogPluginManager: Mounting plugin PostSplashScreen
LogPluginManager: Mounting plugin PropertyAccessEditor
LogPluginManager: Mounting plugin ProceduralMeshComponent
LogPluginManager: Mounting plugin RuntimePhysXCooking
LogPluginManager: Mounting plugin Synthesis
LogPluginManager: Mounting plugin WebMMoviePlayer
LogPluginManager: Mounting plugin WindowsMoviePlayer
LogPluginManager: Mounting plugin SoundFields
LogPluginManager: Mounting plugin SignificanceManager
LogPluginManager: Mounting plugin ContentBrowserAssetDataSource
LogPluginManager: Mounting plugin ContentBrowserClassDataSource
LogPluginManager: Mounting plugin ContentBrowserFileDataSource
LogPluginManager: Mounting plugin OnlineSubsystemGooglePlay
LogPluginManager: Mounting plugin OnlineSubsystemIOS
LogPluginManager: Mounting plugin EOSVoiceChat
LogPluginManager: Mounting plugin OculusVR
LogPluginManager: Mounting plugin SteamShared
PixWinPlugin: PIX capture plugin failed to initialize! Check that the process is launched from PIX.
LogInit: Using libcurl 7.55.1-DEV
LogInit:  - built for x86_64-pc-win32
LogInit:  - supports SSL with OpenSSL/1.1.1
LogInit:  - supports HTTP deflate (compression) using libz 1.2.8
LogInit:  - other features:
LogInit:      CURL_VERSION_SSL
LogInit:      CURL_VERSION_LIBZ
LogInit:      CURL_VERSION_IPV6
LogInit:      CURL_VERSION_ASYNCHDNS
LogInit:      CURL_VERSION_LARGEFILE
LogInit:      CURL_VERSION_IDN
LogInit:  CurlRequestOptions (configurable via config and command line):
LogInit:  - bVerifyPeer = true  - Libcurl will verify peer certificate
LogInit:  - bUseHttpProxy = false  - Libcurl will NOT use HTTP proxy
LogInit:  - bDontReuseConnections = false  - Libcurl will reuse connections
LogInit:  - MaxHostConnections = 16  - Libcurl will limit the number of connections to a host
LogInit:  - LocalHostAddr = Default
LogInit:  - BufferSize = 65536
LogOnline: OSS: Creating online subsystem instance for: NULL
LogInit: WinSock: version 1.1 (2.2), MaxSocks=32767, MaxUdp=65467
LogOnline: OSS: TryLoadSubsystemAndSetDefault: Loaded subsystem for module [NULL]
LogOculusPluginWrapper: OculusPlugin initialized successfully
LogHMD: Failed initializing OVRPlugin 1.59.0
LogInit: Build: ++UE4+Release-4.27-CL-18319896
LogInit: Engine Version: 4.27.2-18319896+++UE4+Release-4.27
LogInit: Compatible Engine Version: 4.27.0-17155196+++UE4+Release-4.27
LogInit: Net CL: 17155196
LogInit: OS: Windows 10 (Release 2009) (), CPU: Intel(R) Core(TM) i7-10700K CPU @ 3.80GHz, GPU: NVIDIA GeForce RTX 2070 SUPER
LogInit: Compiled (64-bit): Nov 30 2021 07:12:08
LogInit: Compiled with Visual C++: 19.24.28315.00
LogInit: Build Configuration: Development
LogInit: Branch Name: ++UE4+Release-4.27
LogInit: Command Line:  /Game/UI/Maps/L_MainMenu -game -PIEVIACONSOLE -Multiprocess GameUserSettingsINI=D:/GitHub/GAME259-2022-A/GAME259_A_URE/Saved/Config/Windows/PIEGameUserSettings0.ini -MultiprocessSaveConfig -forcepassthrough -messaging -SessionName="Play in Standalone Game" -windowed -WinX=320 -WinY=184 SAVEWINPOS=1 -ResX=1270 -ResY=686
LogInit: Base Directory: D:/Unreal Engine/UE_4.27/Engine/Binaries/Win64/
LogInit: Allocator: TBB
LogInit: Installed Engine Build: 1
LogDevObjectVersion: Number of dev versions registered: 29
LogDevObjectVersion:   Dev-Blueprints (B0D832E4-1F89-4F0D-ACCF-7EB736FD4AA2): 10
LogDevObjectVersion:   Dev-Build (E1C64328-A22C-4D53-A36C-8E866417BD8C): 0
LogDevObjectVersion:   Dev-Core (375EC13C-06E4-48FB-B500-84F0262A717E): 4
LogDevObjectVersion:   Dev-Editor (E4B068ED-F494-42E9-A231-DA0B2E46BB41): 40
LogDevObjectVersion:   Dev-Framework (CFFC743F-43B0-4480-9391-14DF171D2073): 37
LogDevObjectVersion:   Dev-Mobile (B02B49B5-BB20-44E9-A304-32B752E40360): 3
LogDevObjectVersion:   Dev-Networking (A4E4105C-59A1-49B5-A7C5-40C4547EDFEE): 0
LogDevObjectVersion:   Dev-Online (39C831C9-5AE6-47DC-9A44-9C173E1C8E7C): 0
LogDevObjectVersion:   Dev-Physics (78F01B33-EBEA-4F98-B9B4-84EACCB95AA2): 14
LogDevObjectVersion:   Dev-Platform (6631380F-2D4D-43E0-8009-CF276956A95A): 0
LogDevObjectVersion:   Dev-Rendering (12F88B9F-8875-4AFC-A67C-D90C383ABD29): 45
LogDevObjectVersion:   Dev-Sequencer (7B5AE74C-D270-4C10-A958-57980B212A5A): 13
LogDevObjectVersion:   Dev-VR (D7296918-1DD6-4BDD-9DE2-64A83CC13884): 3
LogDevObjectVersion:   Dev-LoadTimes (C2A15278-BFE7-4AFE-6C17-90FF531DF755): 1
LogDevObjectVersion:   Private-Geometry (6EACA3D4-40EC-4CC1-B786-8BED09428FC5): 3
LogDevObjectVersion:   Dev-AnimPhys (29E575DD-E0A3-4627-9D10-D276232CDCEA): 17
LogDevObjectVersion:   Dev-Anim (AF43A65D-7FD3-4947-9873-3E8ED9C1BB05): 15
LogDevObjectVersion:   Dev-ReflectionCapture (6B266CEC-1EC7-4B8F-A30B-E4D90942FC07): 1
LogDevObjectVersion:   Dev-Automation (0DF73D61-A23F-47EA-B727-89E90C41499A): 1
LogDevObjectVersion:   FortniteMain (601D1886-AC64-4F84-AA16-D3DE0DEAC7D6): 47
LogDevObjectVersion:   FortniteRelease (E7086368-6B23-4C58-8439-1B7016265E91): 1
LogDevObjectVersion:   Dev-Enterprise (9DFFBCD6-494F-0158-E221-12823C92A888): 10
LogDevObjectVersion:   Dev-Niagara (F2AED0AC-9AFE-416F-8664-AA7FFA26D6FC): 1
LogDevObjectVersion:   Dev-Destruction (174F1F0B-B4C6-45A5-B13F-2EE8D0FB917D): 10
LogDevObjectVersion:   Dev-Physics-Ext (35F94A83-E258-406C-A318-09F59610247C): 41
LogDevObjectVersion:   Dev-PhysicsMaterial-Chaos (B68FC16E-8B1B-42E2-B453-215C058844FE): 1
LogDevObjectVersion:   Dev-CineCamera (B2E18506-4273-CFC2-A54E-F4BB758BBA07): 1
LogDevObjectVersion:   Dev-VirtualProduction (64F58936-FD1B-42BA-BA96-7289D5D0FA4E): 1
LogDevObjectVersion:   Dev-MediaFramework (6F0ED827-A609-4895-9C91-998D90180EA4): 2
LogInit: Presizing for max 25165824 objects, including 0 objects not considered by GC, pre-allocating 0 bytes for permanent pool.
LogConfig: Applying CVar settings from Section [/Script/Engine.StreamingSettings] File [D:/GitHub/GAME259-2022-A/GAME259_A_URE/Saved/Config/Windows/Engine.ini]
LogConfig: Setting CVar [[s.MinBulkDataSizeForAsyncLoading:131072]]
LogConfig: Setting CVar [[s.AsyncLoadingThreadEnabled:0]]
LogConfig: Setting CVar [[s.EventDrivenLoaderEnabled:1]]
LogConfig: Setting CVar [[s.WarnIfTimeLimitExceeded:0]]
LogConfig: Setting CVar [[s.TimeLimitExceededMultiplier:1.5]]
LogConfig: Setting CVar [[s.TimeLimitExceededMinTime:0.005]]
LogConfig: Setting CVar [[s.UseBackgroundLevelStreaming:1]]
LogConfig: Setting CVar [[s.PriorityAsyncLoadingExtraTime:15.0]]
LogConfig: Setting CVar [[s.LevelStreamingActorsUpdateTimeLimit:5.0]]
LogConfig: Setting CVar [[s.PriorityLevelStreamingActorsUpdateExtraTime:5.0]]
LogConfig: Setting CVar [[s.LevelStreamingComponentsRegistrationGranularity:10]]
LogConfig: Setting CVar [[s.UnregisterComponentsTimeLimit:1.0]]
LogConfig: Setting CVar [[s.LevelStreamingComponentsUnregistrationGranularity:5]]
LogConfig: Setting CVar [[s.FlushStreamingOnExit:1]]
LogInit: Object subsystem initialized
LogConfig: Setting CVar [[con.DebugEarlyDefault:1]]
LogConfig: Setting CVar [[r.setres:1280x720]]
[2022.03.01-02.53.23:463][  0]LogConfig: Setting CVar [[con.DebugEarlyDefault:1]]
[2022.03.01-02.53.23:463][  0]LogConfig: Setting CVar [[r.setres:1280x720]]
[2022.03.01-02.53.23:463][  0]LogConfig: Applying CVar settings from Section [/Script/Engine.RendererSettings] File [D:/GitHub/GAME259-2022-A/GAME259_A_URE/Saved/Config/Windows/Engine.ini]
[2022.03.01-02.53.23:463][  0]LogConfig: Setting CVar [[r.GPUCrashDebugging:0]]
[2022.03.01-02.53.23:463][  0]LogConfig: Applying CVar settings from Section [/Script/Engine.RendererOverrideSettings] File [D:/GitHub/GAME259-2022-A/GAME259_A_URE/Saved/Config/Windows/Engine.ini]
[2022.03.01-02.53.23:463][  0]LogConfig: Applying CVar settings from Section [/Script/Engine.StreamingSettings] File [D:/GitHub/GAME259-2022-A/GAME259_A_URE/Saved/Config/Windows/Engine.ini]
[2022.03.01-02.53.23:463][  0]LogConfig: Setting CVar [[s.MinBulkDataSizeForAsyncLoading:131072]]
[2022.03.01-02.53.23:463][  0]LogConfig: Setting CVar [[s.AsyncLoadingThreadEnabled:0]]
[2022.03.01-02.53.23:463][  0]LogConfig: Setting CVar [[s.EventDrivenLoaderEnabled:1]]
[2022.03.01-02.53.23:463][  0]LogConfig: Setting CVar [[s.WarnIfTimeLimitExceeded:0]]
[2022.03.01-02.53.23:463][  0]LogConfig: Setting CVar [[s.TimeLimitExceededMultiplier:1.5]]
[2022.03.01-02.53.23:463][  0]LogConfig: Setting CVar [[s.TimeLimitExceededMinTime:0.005]]
[2022.03.01-02.53.23:463][  0]LogConfig: Setting CVar [[s.UseBackgroundLevelStreaming:1]]
[2022.03.01-02.53.23:463][  0]LogConfig: Setting CVar [[s.PriorityAsyncLoadingExtraTime:15.0]]
[2022.03.01-02.53.23:463][  0]LogConfig: Setting CVar [[s.LevelStreamingActorsUpdateTimeLimit:5.0]]
[2022.03.01-02.53.23:463][  0]LogConfig: Setting CVar [[s.PriorityLevelStreamingActorsUpdateExtraTime:5.0]]
[2022.03.01-02.53.23:463][  0]LogConfig: Setting CVar [[s.LevelStreamingComponentsRegistrationGranularity:10]]
[2022.03.01-02.53.23:463][  0]LogConfig: Setting CVar [[s.UnregisterComponentsTimeLimit:1.0]]
[2022.03.01-02.53.23:463][  0]LogConfig: Setting CVar [[s.LevelStreamingComponentsUnregistrationGranularity:5]]
[2022.03.01-02.53.23:463][  0]LogConfig: Setting CVar [[s.FlushStreamingOnExit:1]]
[2022.03.01-02.53.23:463][  0]LogConfig: Applying CVar settings from Section [/Script/Engine.GarbageCollectionSettings] File [D:/GitHub/GAME259-2022-A/GAME259_A_URE/Saved/Config/Windows/Engine.ini]
[2022.03.01-02.53.23:464][  0]LogConfig: Setting CVar [[gc.MaxObjectsNotConsideredByGC:1]]
[2022.03.01-02.53.23:464][  0]LogConfig: Setting CVar [[gc.SizeOfPermanentObjectPool:0]]
[2022.03.01-02.53.23:464][  0]LogConfig: Setting CVar [[gc.FlushStreamingOnGC:0]]
[2022.03.01-02.53.23:464][  0]LogConfig: Setting CVar [[gc.NumRetriesBeforeForcingGC:10]]
[2022.03.01-02.53.23:464][  0]LogConfig: Setting CVar [[gc.AllowParallelGC:1]]
[2022.03.01-02.53.23:464][  0]LogConfig: Setting CVar [[gc.TimeBetweenPurgingPendingKillObjects:61.1]]
[2022.03.01-02.53.23:464][  0]LogConfig: Setting CVar [[gc.MaxObjectsInEditor:25165824]]
[2022.03.01-02.53.23:464][  0]LogConfig: Setting CVar [[gc.IncrementalBeginDestroyEnabled:1]]
[2022.03.01-02.53.23:464][  0]LogConfig: Setting CVar [[gc.CreateGCClusters:1]]
[2022.03.01-02.53.23:464][  0]LogConfig: Setting CVar [[gc.MinGCClusterSize:5]]
[2022.03.01-02.53.23:464][  0]LogConfig: Setting CVar [[gc.ActorClusteringEnabled:0]]
[2022.03.01-02.53.23:464][  0]LogConfig: Setting CVar [[gc.BlueprintClusteringEnabled:0]]
[2022.03.01-02.53.23:464][  0]LogConfig: Setting CVar [[gc.UseDisregardForGCOnDedicatedServers:0]]
[2022.03.01-02.53.23:464][  0]LogConfig: Setting CVar [[gc.MultithreadedDestructionEnabled:1]]
[2022.03.01-02.53.23:464][  0]LogConfig: Applying CVar settings from Section [/Script/Engine.NetworkSettings] File [D:/GitHub/GAME259-2022-A/GAME259_A_URE/Saved/Config/Windows/Engine.ini]
[2022.03.01-02.53.23:464][  0]LogConfig: Applying CVar settings from Section [/Script/UnrealEd.CookerSettings] File [D:/GitHub/GAME259-2022-A/GAME259_A_URE/Saved/Config/Windows/Engine.ini]
[2022.03.01-02.53.23:478][  0]LogConfig: Applying CVar settings from Section [ViewDistanceQuality@3] File [D:/GitHub/GAME259-2022-A/GAME259_A_URE/Saved/Config/Windows/Scalability.ini]
[2022.03.01-02.53.23:478][  0]LogConfig: Setting CVar [[r.SkeletalMeshLODBias:0]]
[2022.03.01-02.53.23:478][  0]LogConfig: Setting CVar [[r.ViewDistanceScale:1.0]]
[2022.03.01-02.53.23:478][  0]LogConfig: Applying CVar settings from Section [AntiAliasingQuality@3] File [D:/GitHub/GAME259-2022-A/GAME259_A_URE/Saved/Config/Windows/Scalability.ini]
[2022.03.01-02.53.23:478][  0]LogConfig: Setting CVar [[r.PostProcessAAQuality:4]]
[2022.03.01-02.53.23:478][  0]LogConfig: Applying CVar settings from Section [ShadowQuality@3] File [D:/GitHub/GAME259-2022-A/GAME259_A_URE/Saved/Config/Windows/Scalability.ini]
[2022.03.01-02.53.23:478][  0]LogConfig: Setting CVar [[r.LightFunctionQuality:1]]
[2022.03.01-02.53.23:478][  0]LogConfig: Setting CVar [[r.ShadowQuality:5]]
[2022.03.01-02.53.23:478][  0]LogConfig: Setting CVar [[r.Shadow.CSM.MaxCascades:10]]
[2022.03.01-02.53.23:478][  0]LogConfig: Setting CVar [[r.Shadow.MaxResolution:2048]]
[2022.03.01-02.53.23:478][  0]LogConfig: Setting CVar [[r.Shadow.MaxCSMResolution:2048]]
[2022.03.01-02.53.23:478][  0]LogConfig: Setting CVar [[r.Shadow.RadiusThreshold:0.01]]
[2022.03.01-02.53.23:478][  0]LogConfig: Setting CVar [[r.Shadow.DistanceScale:1.0]]
[2022.03.01-02.53.23:478][  0]LogConfig: Setting CVar [[r.Shadow.CSM.TransitionScale:1.0]]
[2022.03.01-02.53.23:478][  0]LogConfig: Setting CVar [[r.Shadow.PreShadowResolutionFactor:1.0]]
[2022.03.01-02.53.23:478][  0]LogConfig: Setting CVar [[r.DistanceFieldShadowing:1]]
[2022.03.01-02.53.23:478][  0]LogConfig: Setting CVar [[r.DistanceFieldAO:1]]
[2022.03.01-02.53.23:478][  0]LogConfig: Setting CVar [[r.AOQuality:2]]
[2022.03.01-02.53.23:478][  0]LogConfig: Setting CVar [[r.VolumetricFog:1]]
[2022.03.01-02.53.23:479][  0]LogConfig: Setting CVar [[r.VolumetricFog.GridPixelSize:8]]
[2022.03.01-02.53.23:479][  0]LogConfig: Setting CVar [[r.VolumetricFog.GridSizeZ:128]]
[2022.03.01-02.53.23:479][  0]LogConfig: Setting CVar [[r.VolumetricFog.HistoryMissSupersampleCount:4]]
[2022.03.01-02.53.23:479][  0]LogConfig: Setting CVar [[r.LightMaxDrawDistanceScale:1]]
[2022.03.01-02.53.23:479][  0]LogConfig: Setting CVar [[r.CapsuleShadows:1]]
[2022.03.01-02.53.23:479][  0]LogConfig: Applying CVar settings from Section [PostProcessQuality@3] File [D:/GitHub/GAME259-2022-A/GAME259_A_URE/Saved/Config/Windows/Scalability.ini]
[2022.03.01-02.53.23:479][  0]LogConfig: Setting CVar [[r.MotionBlurQuality:4]]
[2022.03.01-02.53.23:479][  0]LogConfig: Setting CVar [[r.AmbientOcclusionMipLevelFactor:0.4]]
[2022.03.01-02.53.23:479][  0]LogConfig: Setting CVar [[r.AmbientOcclusionMaxQuality:100]]
[2022.03.01-02.53.23:479][  0]LogConfig: Setting CVar [[r.AmbientOcclusionLevels:-1]]
[2022.03.01-02.53.23:479][  0]LogConfig: Setting CVar [[r.AmbientOcclusionRadiusScale:1.0]]
[2022.03.01-02.53.23:479][  0]LogConfig: Setting CVar [[r.DepthOfFieldQuality:2]]
[2022.03.01-02.53.23:479][  0]LogConfig: Setting CVar [[r.RenderTargetPoolMin:400]]
[2022.03.01-02.53.23:479][  0]LogConfig: Setting CVar [[r.LensFlareQuality:2]]
[2022.03.01-02.53.23:479][  0]LogConfig: Setting CVar [[r.SceneColorFringeQuality:1]]
[2022.03.01-02.53.23:479][  0]LogConfig: Setting CVar [[r.EyeAdaptationQuality:2]]
[2022.03.01-02.53.23:479][  0]LogConfig: Setting CVar [[r.BloomQuality:5]]
[2022.03.01-02.53.23:479][  0]LogConfig: Setting CVar [[r.FastBlurThreshold:100]]
[2022.03.01-02.53.23:479][  0]LogConfig: Setting CVar [[r.Upscale.Quality:3]]
[2022.03.01-02.53.23:479][  0]LogConfig: Setting CVar [[r.Tonemapper.GrainQuantization:1]]
[2022.03.01-02.53.23:479][  0]LogConfig: Setting CVar [[r.LightShaftQuality:1]]
[2022.03.01-02.53.23:479][  0]LogConfig: Setting CVar [[r.Filter.SizeScale:1]]
[2022.03.01-02.53.23:479][  0]LogConfig: Setting CVar [[r.Tonemapper.Quality:5]]
[2022.03.01-02.53.23:479][  0]LogConfig: Setting CVar [[r.DOF.Gather.AccumulatorQuality:1        ; higher gathering accumulator quality]]
[2022.03.01-02.53.23:479][  0]LogConfig: Setting CVar [[r.DOF.Gather.PostfilterMethod:1          ; Median3x3 postfilering method]]
[2022.03.01-02.53.23:479][  0]LogConfig: Setting CVar [[r.DOF.Gather.EnableBokehSettings:0       ; no bokeh simulation when gathering]]
[2022.03.01-02.53.23:479][  0]LogConfig: Setting CVar [[r.DOF.Gather.RingCount:4                 ; medium number of samples when gathering]]
[2022.03.01-02.53.23:479][  0]LogConfig: Setting CVar [[r.DOF.Scatter.ForegroundCompositing:1    ; additive foreground scattering]]
[2022.03.01-02.53.23:479][  0]LogConfig: Setting CVar [[r.DOF.Scatter.BackgroundCompositing:2    ; additive background scattering]]
[2022.03.01-02.53.23:479][  0]LogConfig: Setting CVar [[r.DOF.Scatter.EnableBokehSettings:1      ; bokeh simulation when scattering]]
[2022.03.01-02.53.23:479][  0]LogConfig: Setting CVar [[r.DOF.Scatter.MaxSpriteRatio:0.1         ; only a maximum of 10% of scattered bokeh]]
[2022.03.01-02.53.23:479][  0]LogConfig: Setting CVar [[r.DOF.Recombine.Quality:1                ; cheap slight out of focus]]
[2022.03.01-02.53.23:479][  0]LogConfig: Setting CVar [[r.DOF.Recombine.EnableBokehSettings:0    ; no bokeh simulation on slight out of focus]]
[2022.03.01-02.53.23:479][  0]LogConfig: Setting CVar [[r.DOF.TemporalAAQuality:1                ; more stable temporal accumulation]]
[2022.03.01-02.53.23:479][  0]LogConfig: Setting CVar [[r.DOF.Kernel.MaxForegroundRadius:0.025]]
[2022.03.01-02.53.23:479][  0]LogConfig: Setting CVar [[r.DOF.Kernel.MaxBackgroundRadius:0.025]]
[2022.03.01-02.53.23:479][  0]LogConfig: Applying CVar settings from Section [TextureQuality@3] File [D:/GitHub/GAME259-2022-A/GAME259_A_URE/Saved/Config/Windows/Scalability.ini]
[2022.03.01-02.53.23:479][  0]LogConfig: Setting CVar [[r.Streaming.MipBias:0]]
[2022.03.01-02.53.23:479][  0]LogConfig: Setting CVar [[r.Streaming.AmortizeCPUToGPUCopy:0]]
[2022.03.01-02.53.23:479][  0]LogConfig: Setting CVar [[r.Streaming.MaxNumTexturesToStreamPerFrame:0]]
[2022.03.01-02.53.23:479][  0]LogConfig: Setting CVar [[r.Streaming.Boost:1]]
[2022.03.01-02.53.23:479][  0]LogConfig: Setting CVar [[r.MaxAnisotropy:8]]
[2022.03.01-02.53.23:479][  0]LogConfig: Setting CVar [[r.VT.MaxAnisotropy:8]]
[2022.03.01-02.53.23:479][  0]LogConfig: Setting CVar [[r.Streaming.LimitPoolSizeToVRAM:0]]
[2022.03.01-02.53.23:479][  0]LogConfig: Setting CVar [[r.Streaming.PoolSize:1000]]
[2022.03.01-02.53.23:479][  0]LogConfig: Setting CVar [[r.Streaming.MaxEffectiveScreenSize:0]]
[2022.03.01-02.53.23:479][  0]LogConfig: Applying CVar settings from Section [EffectsQuality@3] File [D:/GitHub/GAME259-2022-A/GAME259_A_URE/Saved/Config/Windows/Scalability.ini]
[2022.03.01-02.53.23:479][  0]LogConfig: Setting CVar [[r.TranslucencyLightingVolumeDim:64]]
[2022.03.01-02.53.23:479][  0]LogConfig: Setting CVar [[r.RefractionQuality:2]]
[2022.03.01-02.53.23:479][  0]LogConfig: Setting CVar [[r.SSR.Quality:3]]
[2022.03.01-02.53.23:479][  0]LogConfig: Setting CVar [[r.SSR.HalfResSceneColor:0]]
[2022.03.01-02.53.23:479][  0]LogConfig: Setting CVar [[r.SceneColorFormat:4]]
[2022.03.01-02.53.23:479][  0]LogConfig: Setting CVar [[r.DetailMode:2]]
[2022.03.01-02.53.23:479][  0]LogConfig: Setting CVar [[r.TranslucencyVolumeBlur:1]]
[2022.03.01-02.53.23:479][  0]LogConfig: Setting CVar [[r.MaterialQualityLevel:1 ; High quality]]
[2022.03.01-02.53.23:479][  0]LogConfig: Setting CVar [[r.AnisotropicMaterials:1]]
[2022.03.01-02.53.23:479][  0]LogConfig: Setting CVar [[r.SSS.Scale:1]]
[2022.03.01-02.53.23:479][  0]LogConfig: Setting CVar [[r.SSS.SampleSet:2]]
[2022.03.01-02.53.23:479][  0]LogConfig: Setting CVar [[r.SSS.Quality:1]]
[2022.03.01-02.53.23:479][  0]LogConfig: Setting CVar [[r.SSS.HalfRes:0]]
[2022.03.01-02.53.23:479][  0]LogConfig: Setting CVar [[r.SSGI.Quality:3]]
[2022.03.01-02.53.23:479][  0]LogConfig: Setting CVar [[r.EmitterSpawnRateScale:1.0]]
[2022.03.01-02.53.23:479][  0]LogConfig: Setting CVar [[r.ParticleLightQuality:2]]
[2022.03.01-02.53.23:479][  0]LogConfig: Setting CVar [[r.SkyAtmosphere.AerialPerspectiveLUT.FastApplyOnOpaque:1 ; Always have FastSkyLUT 1 in this case to avoid wrong sky]]
[2022.03.01-02.53.23:479][  0]LogConfig: Setting CVar [[r.SkyAtmosphere.AerialPerspectiveLUT.SampleCountMaxPerSlice:4]]
[2022.03.01-02.53.23:479][  0]LogConfig: Setting CVar [[r.SkyAtmosphere.AerialPerspectiveLUT.DepthResolution:16.0]]
[2022.03.01-02.53.23:479][  0]LogConfig: Setting CVar [[r.SkyAtmosphere.FastSkyLUT:1]]
[2022.03.01-02.53.23:479][  0]LogConfig: Setting CVar [[r.SkyAtmosphere.FastSkyLUT.SampleCountMin:4.0]]
[2022.03.01-02.53.23:479][  0]LogConfig: Setting CVar [[r.SkyAtmosphere.FastSkyLUT.SampleCountMax:128.0]]
[2022.03.01-02.53.23:479][  0]LogConfig: Setting CVar [[r.SkyAtmosphere.SampleCountMin:4.0]]
[2022.03.01-02.53.23:479][  0]LogConfig: Setting CVar [[r.SkyAtmosphere.SampleCountMax:128.0]]
[2022.03.01-02.53.23:479][  0]LogConfig: Setting CVar [[r.SkyAtmosphere.TransmittanceLUT.UseSmallFormat:0]]
[2022.03.01-02.53.23:479][  0]LogConfig: Setting CVar [[r.SkyAtmosphere.TransmittanceLUT.SampleCount:10.0]]
[2022.03.01-02.53.23:479][  0]LogConfig: Setting CVar [[r.SkyAtmosphere.MultiScatteringLUT.SampleCount:15.0]]
[2022.03.01-02.53.23:479][  0]LogConfig: Setting CVar [[r.SkyLight.RealTimeReflectionCapture:1]]
[2022.03.01-02.53.23:479][  0]LogConfig: Applying CVar settings from Section [FoliageQuality@3] File [D:/GitHub/GAME259-2022-A/GAME259_A_URE/Saved/Config/Windows/Scalability.ini]
[2022.03.01-02.53.23:479][  0]LogConfig: Setting CVar [[foliage.DensityScale:1.0]]
[2022.03.01-02.53.23:479][  0]LogConfig: Setting CVar [[grass.DensityScale:1.0]]
[2022.03.01-02.53.23:479][  0]LogConfig: Applying CVar settings from Section [ShadingQuality@3] File [D:/GitHub/GAME259-2022-A/GAME259_A_URE/Saved/Config/Windows/Scalability.ini]
[2022.03.01-02.53.23:479][  0]LogConfig: Setting CVar [[r.HairStrands.SkyLighting.IntegrationType:2]]
[2022.03.01-02.53.23:479][  0]LogConfig: Setting CVar [[r.HairStrands.SkyAO.SampleCount:4]]
[2022.03.01-02.53.23:479][  0]LogConfig: Setting CVar [[r.HairStrands.Visibility.MSAA.SamplePerPixel:4]]
[2022.03.01-02.53.23:479][  0]LogInit: Selected Device Profile: [Windows]
[2022.03.01-02.53.23:479][  0]LogInit: Applying CVar settings loaded from the selected device profile: [Windows]
[2022.03.01-02.53.23:479][  0]LogHAL: Display: Platform has ~ 16 GB [17089699840 / 17179869184 / 16], which maps to Larger [LargestMinGB=32, LargerMinGB=12, DefaultMinGB=8, SmallerMinGB=6, SmallestMinGB=0)
[2022.03.01-02.53.23:479][  0]LogInit: Going up to parent DeviceProfile []
[2022.03.01-02.53.23:479][  0]LogConfig: Applying CVar settings from Section [ViewDistanceQuality@3] File [D:/GitHub/GAME259-2022-A/GAME259_A_URE/Saved/Config/Windows/Scalability.ini]
[2022.03.01-02.53.23:479][  0]LogConfig: Setting CVar [[r.SkeletalMeshLODBias:0]]
[2022.03.01-02.53.23:479][  0]LogConfig: Setting CVar [[r.ViewDistanceScale:1.0]]
[2022.03.01-02.53.23:479][  0]LogConfig: Applying CVar settings from Section [AntiAliasingQuality@3] File [D:/GitHub/GAME259-2022-A/GAME259_A_URE/Saved/Config/Windows/Scalability.ini]
[2022.03.01-02.53.23:479][  0]LogConfig: Setting CVar [[r.PostProcessAAQuality:4]]
[2022.03.01-02.53.23:479][  0]LogConfig: Applying CVar settings from Section [ShadowQuality@0] File [D:/GitHub/GAME259-2022-A/GAME259_A_URE/Saved/Config/Windows/Scalability.ini]
[2022.03.01-02.53.23:479][  0]LogConfig: Setting CVar [[r.LightFunctionQuality:0]]
[2022.03.01-02.53.23:479][  0]LogConfig: Setting CVar [[r.ShadowQuality:0]]
[2022.03.01-02.53.23:479][  0]LogConfig: Setting CVar [[r.Shadow.CSM.MaxCascades:1]]
[2022.03.01-02.53.23:479][  0]LogConfig: Setting CVar [[r.Shadow.MaxResolution:512]]
[2022.03.01-02.53.23:479][  0]LogConfig: Setting CVar [[r.Shadow.MaxCSMResolution:512]]
[2022.03.01-02.53.23:479][  0]LogConfig: Setting CVar [[r.Shadow.RadiusThreshold:0.06]]
[2022.03.01-02.53.23:480][  0]LogConfig: Setting CVar [[r.Shadow.DistanceScale:0.6]]
[2022.03.01-02.53.23:480][  0]LogConfig: Setting CVar [[r.Shadow.CSM.TransitionScale:0]]
[2022.03.01-02.53.23:480][  0]LogConfig: Setting CVar [[r.Shadow.PreShadowResolutionFactor:0.5]]
[2022.03.01-02.53.23:480][  0]LogConfig: Setting CVar [[r.DistanceFieldShadowing:0]]
[2022.03.01-02.53.23:480][  0]LogConfig: Setting CVar [[r.DistanceFieldAO:0]]
[2022.03.01-02.53.23:480][  0]LogConfig: Setting CVar [[r.VolumetricFog:0]]
[2022.03.01-02.53.23:480][  0]LogConfig: Setting CVar [[r.LightMaxDrawDistanceScale:0]]
[2022.03.01-02.53.23:480][  0]LogConfig: Setting CVar [[r.CapsuleShadows:0]]
[2022.03.01-02.53.23:480][  0]LogConfig: Applying CVar settings from Section [PostProcessQuality@3] File [D:/GitHub/GAME259-2022-A/GAME259_A_URE/Saved/Config/Windows/Scalability.ini]
[2022.03.01-02.53.23:480][  0]LogConfig: Setting CVar [[r.MotionBlurQuality:4]]
[2022.03.01-02.53.23:480][  0]LogConfig: Setting CVar [[r.AmbientOcclusionMipLevelFactor:0.4]]
[2022.03.01-02.53.23:480][  0]LogConfig: Setting CVar [[r.AmbientOcclusionMaxQuality:100]]
[2022.03.01-02.53.23:480][  0]LogConfig: Setting CVar [[r.AmbientOcclusionLevels:-1]]
[2022.03.01-02.53.23:480][  0]LogConfig: Setting CVar [[r.AmbientOcclusionRadiusScale:1.0]]
[2022.03.01-02.53.23:480][  0]LogConfig: Setting CVar [[r.DepthOfFieldQuality:2]]
[2022.03.01-02.53.23:480][  0]LogConfig: Setting CVar [[r.RenderTargetPoolMin:400]]
[2022.03.01-02.53.23:480][  0]LogConfig: Setting CVar [[r.LensFlareQuality:2]]
[2022.03.01-02.53.23:480][  0]LogConfig: Setting CVar [[r.SceneColorFringeQuality:1]]
[2022.03.01-02.53.23:480][  0]LogConfig: Setting CVar [[r.EyeAdaptationQuality:2]]
[2022.03.01-02.53.23:480][  0]LogConfig: Setting CVar [[r.BloomQuality:5]]
[2022.03.01-02.53.23:480][  0]LogConfig: Setting CVar [[r.FastBlurThreshold:100]]
[2022.03.01-02.53.23:480][  0]LogConfig: Setting CVar [[r.Upscale.Quality:3]]
[2022.03.01-02.53.23:480][  0]LogConfig: Setting CVar [[r.Tonemapper.GrainQuantization:1]]
[2022.03.01-02.53.23:480][  0]LogConfig: Setting CVar [[r.LightShaftQuality:1]]
[2022.03.01-02.53.23:480][  0]LogConfig: Setting CVar [[r.Filter.SizeScale:1]]
[2022.03.01-02.53.23:480][  0]LogConfig: Setting CVar [[r.Tonemapper.Quality:5]]
[2022.03.01-02.53.23:480][  0]LogConfig: Setting CVar [[r.DOF.Gather.AccumulatorQuality:1        ; higher gathering accumulator quality]]
[2022.03.01-02.53.23:480][  0]LogConfig: Setting CVar [[r.DOF.Gather.PostfilterMethod:1          ; Median3x3 postfilering method]]
[2022.03.01-02.53.23:480][  0]LogConfig: Setting CVar [[r.DOF.Gather.EnableBokehSettings:0       ; no bokeh simulation when gathering]]
[2022.03.01-02.53.23:480][  0]LogConfig: Setting CVar [[r.DOF.Gather.RingCount:4                 ; medium number of samples when gathering]]
[2022.03.01-02.53.23:480][  0]LogConfig: Setting CVar [[r.DOF.Scatter.ForegroundCompositing:1    ; additive foreground scattering]]
[2022.03.01-02.53.23:480][  0]LogConfig: Setting CVar [[r.DOF.Scatter.BackgroundCompositing:2    ; additive background scattering]]
[2022.03.01-02.53.23:480][  0]LogConfig: Setting CVar [[r.DOF.Scatter.EnableBokehSettings:1      ; bokeh simulation when scattering]]
[2022.03.01-02.53.23:480][  0]LogConfig: Setting CVar [[r.DOF.Scatter.MaxSpriteRatio:0.1         ; only a maximum of 10% of scattered bokeh]]
[2022.03.01-02.53.23:480][  0]LogConfig: Setting CVar [[r.DOF.Recombine.Quality:1                ; cheap slight out of focus]]
[2022.03.01-02.53.23:480][  0]LogConfig: Setting CVar [[r.DOF.Recombine.EnableBokehSettings:0    ; no bokeh simulation on slight out of focus]]
[2022.03.01-02.53.23:480][  0]LogConfig: Setting CVar [[r.DOF.TemporalAAQuality:1                ; more stable temporal accumulation]]
[2022.03.01-02.53.23:480][  0]LogConfig: Setting CVar [[r.DOF.Kernel.MaxForegroundRadius:0.025]]
[2022.03.01-02.53.23:480][  0]LogConfig: Setting CVar [[r.DOF.Kernel.MaxBackgroundRadius:0.025]]
[2022.03.01-02.53.23:480][  0]LogConfig: Applying CVar settings from Section [TextureQuality@0] File [D:/GitHub/GAME259-2022-A/GAME259_A_URE/Saved/Config/Windows/Scalability.ini]
[2022.03.01-02.53.23:480][  0]LogConfig: Setting CVar [[r.Streaming.MipBias:16]]
[2022.03.01-02.53.23:480][  0]LogConfig: Setting CVar [[r.Streaming.AmortizeCPUToGPUCopy:1]]
[2022.03.01-02.53.23:480][  0]LogConfig: Setting CVar [[r.Streaming.MaxNumTexturesToStreamPerFrame:1]]
[2022.03.01-02.53.23:480][  0]LogConfig: Setting CVar [[r.Streaming.Boost:0.3]]
[2022.03.01-02.53.23:480][  0]LogConfig: Setting CVar [[r.MaxAnisotropy:0]]
[2022.03.01-02.53.23:480][  0]LogConfig: Setting CVar [[r.VT.MaxAnisotropy:4]]
[2022.03.01-02.53.23:480][  0]LogConfig: Setting CVar [[r.Streaming.LimitPoolSizeToVRAM:1]]
[2022.03.01-02.53.23:480][  0]LogConfig: Setting CVar [[r.Streaming.PoolSize:400]]
[2022.03.01-02.53.23:480][  0]LogConfig: Setting CVar [[r.Streaming.MaxEffectiveScreenSize:0]]
[2022.03.01-02.53.23:480][  0]LogConfig: Applying CVar settings from Section [EffectsQuality@3] File [D:/GitHub/GAME259-2022-A/GAME259_A_URE/Saved/Config/Windows/Scalability.ini]
[2022.03.01-02.53.23:480][  0]LogConfig: Setting CVar [[r.TranslucencyLightingVolumeDim:64]]
[2022.03.01-02.53.23:480][  0]LogConfig: Setting CVar [[r.RefractionQuality:2]]
[2022.03.01-02.53.23:480][  0]LogConfig: Setting CVar [[r.SSR.Quality:3]]
[2022.03.01-02.53.23:480][  0]LogConfig: Setting CVar [[r.SSR.HalfResSceneColor:0]]
[2022.03.01-02.53.23:480][  0]LogConfig: Setting CVar [[r.SceneColorFormat:4]]
[2022.03.01-02.53.23:480][  0]LogConfig: Setting CVar [[r.DetailMode:2]]
[2022.03.01-02.53.23:480][  0]LogConfig: Setting CVar [[r.TranslucencyVolumeBlur:1]]
[2022.03.01-02.53.23:480][  0]LogConfig: Setting CVar [[r.MaterialQualityLevel:1 ; High quality]]
[2022.03.01-02.53.23:480][  0]LogConfig: Setting CVar [[r.AnisotropicMaterials:1]]
[2022.03.01-02.53.23:480][  0]LogConfig: Setting CVar [[r.SSS.Scale:1]]
[2022.03.01-02.53.23:480][  0]LogConfig: Setting CVar [[r.SSS.SampleSet:2]]
[2022.03.01-02.53.23:480][  0]LogConfig: Setting CVar [[r.SSS.Quality:1]]
[2022.03.01-02.53.23:480][  0]LogConfig: Setting CVar [[r.SSS.HalfRes:0]]
[2022.03.01-02.53.23:480][  0]LogConfig: Setting CVar [[r.SSGI.Quality:3]]
[2022.03.01-02.53.23:480][  0]LogConfig: Setting CVar [[r.EmitterSpawnRateScale:1.0]]
[2022.03.01-02.53.23:480][  0]LogConfig: Setting CVar [[r.ParticleLightQuality:2]]
[2022.03.01-02.53.23:480][  0]LogConfig: Setting CVar [[r.SkyAtmosphere.AerialPerspectiveLUT.FastApplyOnOpaque:1 ; Always have FastSkyLUT 1 in this case to avoid wrong sky]]
[2022.03.01-02.53.23:480][  0]LogConfig: Setting CVar [[r.SkyAtmosphere.AerialPerspectiveLUT.SampleCountMaxPerSlice:4]]
[2022.03.01-02.53.23:480][  0]LogConfig: Setting CVar [[r.SkyAtmosphere.AerialPerspectiveLUT.DepthResolution:16.0]]
[2022.03.01-02.53.23:480][  0]LogConfig: Setting CVar [[r.SkyAtmosphere.FastSkyLUT:1]]
[2022.03.01-02.53.23:480][  0]LogConfig: Setting CVar [[r.SkyAtmosphere.FastSkyLUT.SampleCountMin:4.0]]
[2022.03.01-02.53.23:480][  0]LogConfig: Setting CVar [[r.SkyAtmosphere.FastSkyLUT.SampleCountMax:128.0]]
[2022.03.01-02.53.23:480][  0]LogConfig: Setting CVar [[r.SkyAtmosphere.SampleCountMin:4.0]]
[2022.03.01-02.53.23:480][  0]LogConfig: Setting CVar [[r.SkyAtmosphere.SampleCountMax:128.0]]
[2022.03.01-02.53.23:480][  0]LogConfig: Setting CVar [[r.SkyAtmosphere.TransmittanceLUT.UseSmallFormat:0]]
[2022.03.01-02.53.23:480][  0]LogConfig: Setting CVar [[r.SkyAtmosphere.TransmittanceLUT.SampleCount:10.0]]
[2022.03.01-02.53.23:480][  0]LogConfig: Setting CVar [[r.SkyAtmosphere.MultiScatteringLUT.SampleCount:15.0]]
[2022.03.01-02.53.23:480][  0]LogConfig: Setting CVar [[r.SkyLight.RealTimeReflectionCapture:1]]
[2022.03.01-02.53.23:480][  0]LogConfig: Applying CVar settings from Section [FoliageQuality@3] File [D:/GitHub/GAME259-2022-A/GAME259_A_URE/Saved/Config/Windows/Scalability.ini]
[2022.03.01-02.53.23:480][  0]LogConfig: Setting CVar [[foliage.DensityScale:1.0]]
[2022.03.01-02.53.23:480][  0]LogConfig: Setting CVar [[grass.DensityScale:1.0]]
[2022.03.01-02.53.23:480][  0]LogConfig: Applying CVar settings from Section [ShadingQuality@3] File [D:/GitHub/GAME259-2022-A/GAME259_A_URE/Saved/Config/Windows/Scalability.ini]
[2022.03.01-02.53.23:480][  0]LogConfig: Setting CVar [[r.HairStrands.SkyLighting.IntegrationType:2]]
[2022.03.01-02.53.23:480][  0]LogConfig: Setting CVar [[r.HairStrands.SkyAO.SampleCount:4]]
[2022.03.01-02.53.23:480][  0]LogConfig: Setting CVar [[r.HairStrands.Visibility.MSAA.SamplePerPixel:4]]
[2022.03.01-02.53.23:480][  0]LogConfig: Applying CVar settings from Section [Startup] File [../../../Engine/Config/ConsoleVariables.ini]
[2022.03.01-02.53.23:480][  0]LogConfig: Setting CVar [[net.UseAdaptiveNetUpdateFrequency:0]]
[2022.03.01-02.53.23:480][  0]LogConfig: Setting CVar [[p.chaos.AllowCreatePhysxBodies:1]]
[2022.03.01-02.53.23:480][  0]LogConfig: Setting CVar [[fx.SkipVectorVMBackendOptimizations:1]]
[2022.03.01-02.53.23:480][  0]LogConfig: Applying CVar settings from Section [ConsoleVariables] File [D:/GitHub/GAME259-2022-A/GAME259_A_URE/Saved/Config/Windows/Engine.ini]
[2022.03.01-02.53.23:481][  0]LogConfig: Applying CVar settings from Section [ConsoleVariables] File [D:/GitHub/GAME259-2022-A/GAME259_A_URE/Saved/Config/Windows/Editor.ini]
[2022.03.01-02.53.23:481][  0]LogInit: Computer: TREVORPC
[2022.03.01-02.53.23:481][  0]LogInit: User: Trevor
[2022.03.01-02.53.23:481][  0]LogInit: CPU Page size=4096, Cores=8
[2022.03.01-02.53.23:481][  0]LogInit: High frequency timer resolution =10.000000 MHz
[2022.03.01-02.53.23:481][  0]LogMemory: Memory total: Physical=15.9GB (16GB approx)
[2022.03.01-02.53.23:481][  0]LogMemory: Platform Memory Stats for Windows
[2022.03.01-02.53.23:481][  0]LogMemory: Process Physical Memory: 144.27 MB used, 144.27 MB peak
[2022.03.01-02.53.23:481][  0]LogMemory: Process Virtual Memory: 127.27 MB used, 127.27 MB peak
[2022.03.01-02.53.23:481][  0]LogMemory: Physical Memory: 7968.70 MB used,  8329.31 MB free, 16298.01 MB total
[2022.03.01-02.53.23:481][  0]LogMemory: Virtual Memory: 134212800.00 MB used,  4923.98 MB free, 134217728.00 MB total
[2022.03.01-02.53.23:484][  0]LogWindows: WindowsPlatformFeatures enabled
[2022.03.01-02.53.23:514][  0]LogInit: Physics initialised using underlying interface: PhysX
[2022.03.01-02.53.23:514][  0]LogInit: Using OS detected language (en-US).
[2022.03.01-02.53.23:514][  0]LogInit: Using OS detected locale (en-CA).
[2022.03.01-02.53.23:516][  0]LogTextLocalizationManager: No specific localization for 'en-US' exists, so the 'en' localization will be used.
[2022.03.01-02.53.35:547][  0]LogWindowsTextInputMethodSystem: Display: IME system deactivated.
[2022.03.01-02.53.35:567][  0]LogSlate: New Slate User Created.  User Index 0, Is Virtual User: 0
[2022.03.01-02.53.35:567][  0]LogSlate: Slate User Registered.  User Index 0, Is Virtual User: 0
[2022.03.01-02.53.35:584][  0]LogD3D11RHI: Loaded GFSDK_Aftermath_Lib.x64.dll
[2022.03.01-02.53.35:586][  0]LogHMD: Failed to enumerate extensions. Please check that you have a valid OpenXR runtime installed.
[2022.03.01-02.53.35:586][  0]LogD3D11RHI: D3D11 min allowed feature level: 11_0
[2022.03.01-02.53.35:586][  0]LogD3D11RHI: D3D11 max allowed feature level: 11_0
[2022.03.01-02.53.35:586][  0]LogD3D11RHI: D3D11 adapters:
[2022.03.01-02.53.35:667][  0]LogD3D11RHI:    0. 'NVIDIA GeForce RTX 2070 SUPER' (Feature Level 11_0)
[2022.03.01-02.53.35:667][  0]LogD3D11RHI:       8011/0/8149 MB DedicatedVideo/DedicatedSystem/SharedSystem, Outputs:2, VendorId:0x10de
[2022.03.01-02.53.35:669][  0]LogD3D11RHI:    1. 'Microsoft Basic Render Driver' (Feature Level 11_0)
[2022.03.01-02.53.35:669][  0]LogD3D11RHI:       0/0/8149 MB DedicatedVideo/DedicatedSystem/SharedSystem, Outputs:0, VendorId:0x1414
[2022.03.01-02.53.35:669][  0]LogD3D11RHI: Chosen D3D11 Adapter:
[2022.03.01-02.53.35:669][  0]LogD3D11RHI:     Description : NVIDIA GeForce RTX 2070 SUPER
[2022.03.01-02.53.35:669][  0]LogD3D11RHI:     VendorId    : 10de
[2022.03.01-02.53.35:669][  0]LogD3D11RHI:     DeviceId    : 1e84
[2022.03.01-02.53.35:669][  0]LogD3D11RHI:     SubSysId    : 373e1462
[2022.03.01-02.53.35:669][  0]LogD3D11RHI:     Revision    : 00a1
[2022.03.01-02.53.35:669][  0]LogD3D11RHI:     DedicatedVideoMemory : 8400142336 bytes
[2022.03.01-02.53.35:669][  0]LogD3D11RHI:     DedicatedSystemMemory : 0 bytes
[2022.03.01-02.53.35:669][  0]LogD3D11RHI:     SharedSystemMemory : 8544849920 bytes
[2022.03.01-02.53.35:669][  0]LogD3D11RHI:     AdapterLuid : 0 47873
[2022.03.01-02.53.35:672][  0]LogD3D11RHI: Creating new Direct3DDevice
[2022.03.01-02.53.35:672][  0]LogD3D11RHI:     GPU DeviceId: 0x1e84 (for the marketing name, search the web for "GPU Device Id")
[2022.03.01-02.53.35:672][  0]LogWindows: EnumDisplayDevices:
[2022.03.01-02.53.35:672][  0]LogWindows:    0. 'NVIDIA GeForce RTX 2070 SUPER' (P:1 D:1)
[2022.03.01-02.53.35:673][  0]LogWindows:    1. 'NVIDIA GeForce RTX 2070 SUPER' (P:0 D:1)
[2022.03.01-02.53.35:673][  0]LogWindows:    2. 'NVIDIA GeForce RTX 2070 SUPER' (P:0 D:0)
[2022.03.01-02.53.35:673][  0]LogWindows:    3. 'NVIDIA GeForce RTX 2070 SUPER' (P:0 D:0)
[2022.03.01-02.53.35:673][  0]LogWindows: DebugString: FoundDriverCount:4 
[2022.03.01-02.53.35:673][  0]LogD3D11RHI:     Adapter Name: NVIDIA GeForce RTX 2070 SUPER
[2022.03.01-02.53.35:673][  0]LogD3D11RHI:   Driver Version: 472.12 (internal:30.0.14.7212, unified:472.12)
[2022.03.01-02.53.35:673][  0]LogD3D11RHI:      Driver Date: 9-13-2021
[2022.03.01-02.53.35:673][  0]LogRHI: Texture pool is 5607 MB (70% of 8011 MB)
[2022.03.01-02.53.35:673][  0]LogD3D11RHI: Creating D3DDevice using adapter:
[2022.03.01-02.53.35:673][  0]LogD3D11RHI:     Description : NVIDIA GeForce RTX 2070 SUPER
[2022.03.01-02.53.35:673][  0]LogD3D11RHI:     VendorId    : 10de
[2022.03.01-02.53.35:673][  0]LogD3D11RHI:     DeviceId    : 1e84
[2022.03.01-02.53.35:673][  0]LogD3D11RHI:     SubSysId    : 373e1462
[2022.03.01-02.53.35:673][  0]LogD3D11RHI:     Revision    : 00a1
[2022.03.01-02.53.35:673][  0]LogD3D11RHI:     DedicatedVideoMemory : 8400142336 bytes
[2022.03.01-02.53.35:673][  0]LogD3D11RHI:     DedicatedSystemMemory : 0 bytes
[2022.03.01-02.53.35:673][  0]LogD3D11RHI:     SharedSystemMemory : 8544849920 bytes
[2022.03.01-02.53.35:673][  0]LogD3D11RHI:     AdapterLuid : 0 47873
[2022.03.01-02.53.35:735][  0]LogD3D11RHI: RHI has support for 64 bit atomics
[2022.03.01-02.53.35:735][  0]LogD3D11RHI: Async texture creation enabled
[2022.03.01-02.53.35:735][  0]LogD3D11RHI: Array index from any shader is supported
[2022.03.01-02.53.35:750][  0]LogD3D11RHI: GPU Timing Frequency: 1000.000000 (Debug: 2 1)
[2022.03.01-02.53.35:782][  0]LogRHI: GeForceNow SDK initialized: 1
[2022.03.01-02.53.35:998][  0]LogTargetPlatformManager: Display: Loaded TargetPlatform 'WindowsNoEditor'
[2022.03.01-02.53.36:001][  0]LogTargetPlatformManager: Display: Loaded TargetPlatform 'Windows'
[2022.03.01-02.53.36:004][  0]LogTargetPlatformManager: Display: Loaded TargetPlatform 'WindowsClient'
[2022.03.01-02.53.36:007][  0]LogTargetPlatformManager: Display: Loaded TargetPlatform 'WindowsServer'
[2022.03.01-02.53.36:007][  0]LogTargetPlatformManager: Display: Building Assets For Windows
[2022.03.01-02.53.36:012][  0]LogAudioDebug: Display: Lib vorbis DLL was dynamically loaded.
[2022.03.01-02.53.36:031][  0]LogTextureFormatOodle: Display: Oodle Texture 2.9.0 init RDO Off
[2022.03.01-02.53.36:051][  0]LogRendererCore: Ray tracing is disabled. Reason: r.RayTracing=0.
[2022.03.01-02.53.36:051][  0]LogShaderCompilers: Guid format shader working directory is -3 characters bigger than the processId version (../../../../../GitHub/GAME259-2022-A/GAME259_A_URE/Intermediate/Shaders/WorkingDirectory/1484/).
[2022.03.01-02.53.36:051][  0]LogShaderCompilers: Cleaned the shader compiler working directory 'C:/Users/Trevor/AppData/Local/Temp/UnrealShaderWorkingDir/A8D659C447B6F2C543FCFEA5B8E1776B/'.
[2022.03.01-02.53.36:051][  0]LogXGEController: Cannot use XGE Controller as Incredibuild is not installed on this machine.
[2022.03.01-02.53.36:051][  0]LogShaderCompilers: Cannot use XGE Shader Compiler as Incredibuild is not installed on this machine.
[2022.03.01-02.53.36:051][  0]LogShaderCompilers: Display: Using Local Shader Compiler.
[2022.03.01-02.53.36:630][  0]LogDerivedDataCache: Display: Max Cache Size: 512 MB
[2022.03.01-02.53.36:676][  0]LogDerivedDataCache: Loaded boot cache 0.05s 103MB C:/Users/Trevor/AppData/Local/UnrealEngine/4.27/DerivedDataCache/Boot.ddc.
[2022.03.01-02.53.36:676][  0]LogDerivedDataCache: Display: Loaded Boot cache: C:/Users/Trevor/AppData/Local/UnrealEngine/4.27/DerivedDataCache/Boot.ddc
[2022.03.01-02.53.36:676][  0]LogDerivedDataCache: FDerivedDataBackendGraph:  Pak pak cache file ../../../../../GitHub/GAME259-2022-A/GAME259_A_URE/DerivedDataCache/DDC.ddp not found, will not use a pak cache.
[2022.03.01-02.53.36:676][  0]LogDerivedDataCache: Unable to find inner node Pak for hierarchical cache Hierarchy.
[2022.03.01-02.53.36:676][  0]LogDerivedDataCache: FDerivedDataBackendGraph:  CompressedPak pak cache file ../../../../../GitHub/GAME259-2022-A/GAME259_A_URE/DerivedDataCache/Compressed.ddp not found, will not use a pak cache.
[2022.03.01-02.53.36:676][  0]LogDerivedDataCache: Unable to find inner node CompressedPak for hierarchical cache Hierarchy.
[2022.03.01-02.53.36:689][  0]LogDerivedDataCache: Display: Pak cache opened for reading ../../../Engine/DerivedDataCache/Compressed.ddp.
[2022.03.01-02.53.36:689][  0]LogDerivedDataCache: FDerivedDataBackendGraph:  EnterprisePak pak cache file ../../../Enterprise/DerivedDataCache/Compressed.ddp not found, will not use a pak cache.
[2022.03.01-02.53.36:689][  0]LogDerivedDataCache: Unable to find inner node EnterprisePak for hierarchical cache Hierarchy.
[2022.03.01-02.53.36:693][  0]LogDerivedDataCache: Speed tests for C:/Users/Trevor/AppData/Local/UnrealEngine/Common/DerivedDataCache took 0.00 seconds
[2022.03.01-02.53.36:693][  0]LogDerivedDataCache: Display: Performance to C:/Users/Trevor/AppData/Local/UnrealEngine/Common/DerivedDataCache: Latency=0.02ms. RandomReadSpeed=1645.17MBs, RandomWriteSpeed=269.58MBs. Assigned SpeedClass 'Local'
[2022.03.01-02.53.36:694][  0]LogDerivedDataCache: Using Local data cache path C:/Users/Trevor/AppData/Local/UnrealEngine/Common/DerivedDataCache: Writable
[2022.03.01-02.53.36:694][  0]LogDerivedDataCache: Shared data cache path not found in *engine.ini, will not use an Shared cache.
[2022.03.01-02.53.36:694][  0]LogDerivedDataCache: Unable to find inner node Shared for hierarchical cache Hierarchy.
[2022.03.01-02.53.36:722][  0]LogSlate: Using FreeType 2.10.0
[2022.03.01-02.53.36:722][  0]LogSlate: SlateFontServices - WITH_FREETYPE: 1, WITH_HARFBUZZ: 1
[2022.03.01-02.53.36:722][  0]LogHMD: Failed to enumerate extensions. Please check that you have a valid OpenXR runtime installed.
[2022.03.01-02.53.36:774][  0]LogInit: Using OS detected language (en-US).
[2022.03.01-02.53.36:774][  0]LogInit: Using OS detected locale (en-CA).
[2022.03.01-02.53.36:774][  0]LogTextLocalizationManager: No localization for 'en-US' exists, so 'en' will be used for the language.
[2022.03.01-02.53.36:774][  0]LogTextLocalizationManager: No localization for 'en-CA' exists, so 'en' will be used for the locale.
[2022.03.01-02.53.36:774][  0]LogSlate: FontCache flush requested. Reason: Culture for localization was changed
[2022.03.01-02.53.36:774][  0]LogSlate: FontCache flush requested. Reason: Culture for localization was changed
[2022.03.01-02.53.36:776][  0]LogTextLocalizationManager: Compacting localization data took   0.00ms
[2022.03.01-02.53.36:776][  0]LogAssetRegistry: FAssetRegistry took 0.0012 seconds to start up
[2022.03.01-02.53.36:895][  0]LogPackageLocalizationCache: Processed 26 localized package path(s) for 1 prioritized culture(s) in 0.000696 seconds
[2022.03.01-02.53.36:939][  0]LogInit: Selected Device Profile: [Windows]
[2022.03.01-02.53.36:939][  0]LogInit: Active device profile: [0000016EC19F5400][0000016EBA4E4E80 49] Windows
[2022.03.01-02.53.36:939][  0]LogInit: Profiles: [0000016EC19F5400][0000016EBA4E4E80 49] Windows, [0000016EC1990100][0000016EBA4ED000 49] WindowsNoEditor, [0000016EC19B4200][0000016EBA4F1180 49] WindowsServer, [0000016EC1992300][0000016EBA4E92C0 49] WindowsClient, [0000016EC19B5D00][0000016EBA45B400 49] IOS, [0000016EC1992100][0000016EBA45F540 49] iPadAir, [0000016EC19B6000][0000016EBA463680 49] iPadAir2, [0000016EC193C600][0000016EBA46F940 49] IPadPro, [0000016EC193C700][0000016EBA46B980 49] iPadAir3, [0000016EC19B7A00][0000016EBAE5BB00 49] iPadAir4, [0000016EC193FF00][0000016EBAE5E100 49] iPadMini2, [0000016EC19B4700][0000016EBAE62280 49] iPadMini3, [0000016EC193D400][0000016EBAE66400 49] iPadMini4, [0000016EC19B7200][0000016EBAE6A580 49] iPadMini5, [0000016EC1933E00][0000016EBAE72840 49] iPhone6, [0000016EC1933F00][0000016EBAE6E880 49] iPodTouch6, [0000016EC1990D00][0000016EBAE7AB40 49] iPhone7, [0000016EC1993C00][0000016EBAE76B80 49] iPodTouch7, [0000016EC1930700][0000016EBE056D00 49] iPhone5S, [0000016EC1991200][0000016EBE05AE80 49] iPhone6Plus, [0000016EC1933100][0000016EBE05F000 49] iPhone6S, [0000016EC1993400][0000016EBE063180 49] iPhone6SPlus, [0000016EC1931000][0000016EBE067300 49] iPhone7Plus, [0000016EC1991D00][0000016EBE06B480 49] iPhoneSE, [0000016EC1932800][0000016EBA4675C0 49] iPhone8, [0000016EC1992200][0000016EBE06F700 49] iPhone8Plus, [0000016EC1931900][0000016EBE073840 49] iPhoneX, [0000016EC1992F00][0000016EBE07B9C0 49] iPhoneXS, [0000016EC1930600][0000016EBE07FB40 49] iPhoneXSMax, [0000016EC1991C00][0000016EBE082140 49] iPhoneXR, [0000016EC1932F00][0000016EBE0862C0 49] iPhone11, [0000016EC1992800][0000016EBE08A440 49] iPhone11Pro, [0000016EC1931200][0000016EBE08E5C0 49] iPhone11ProMax, [0000016EC1993300][0000016EBE092740 49] iPhoneSE2, [0000016EC1932100][0000016EBE0968C0 49] iPhone12Mini, [0000016EC1990800][0000016EBE09AA40 49] iPhone12, [0000016EC1931F00][0000016EBE09EBC0 49] iPhone12Pro, [0000016EC1992700][0000016EBA670D40 49] iPhone12ProMax, [0000016EC1930400][0000016EBA674EC0 49] iPadPro105, [0000016EC1993800][0000016EBA679040 49] iPadPro129, [0000016EC1931500][0000016EBA67D1C0 49] iPadPro97, [0000016EC1993500][0000016EBA681340 49] iPadPro2_129, [0000016EC1933C00][0000016EBA6854C0 49] iPad5, [0000016EC1991E00][0000016EBA689640 49] iPad6, [0000016EC1932C00][0000016EBE077780 49] iPad7, [0000016EC1992D00][0000016EBA68D8C0 49] iPad8, [0000016EC1933500][0000016EBA691A00 49] iPadPro11, [0000016EC1990B00][0000016EBA695B40 49] iPadPro2_11, [0000016EC1933300][0000016EBA69C140 49] iPadPro3_129, [0000016EC1991000][0000016EBA6A02C0 49] iPadPro4_129, [0000016EC1933B00][0000016EBA6A4440 49] AppleTV, [0000016EC1993900][0000016EBA6A85C0 49] AppleTV4K, [0000016EC1930E00][0000016EBA6AC740 49] TVOS, [0000016EC1991900][0000016EBA6B08C0 49] Mac, [0000016EC1930900][0000016EBA6B4A40 49] MacClient, [0000016EC1991500][0000016EBA6B8BC0 49] MacNoEditor, [0000016EC1932500][0000016EBA6BCD40 49] MacServer, [0000016EC1993700][0000016EBA6C0EC0 49] Linux, [0000016EC1931800][0000016EBA6C5040 49] LinuxAArch64, [0000016EC1992400][0000016EBA6C91C0 49] LinuxNoEditor, [0000016EC1933700][0000016EBA6CD340 49] LinuxAArch64NoEditor, [0000016EC1991F00][0000016EBA6D14C0 49] LinuxClient, [0000016EC1932200][0000016EBA6D5640 49] LinuxAArch64Client, [0000016EC1992900][0000016EBA6D97C0 49] LinuxServer, [0000016EC1932300][0000016EBA699900 49] LinuxAArch64Server, [0000016EC1991700][0000016EBA6DDA40 49] Android, [0000016EC1933D00][0000016EBA6E1B80 49] Android_Low, [0000016EC19B4D00][0000016EBA6E4140 49] Android_Mid, [0000016EC19F5600][0000016EBA6EC2C0 49] Android_High, [0000016EC19B4F00][0000016EBA6F0440 49] Android_Default, [0000016EC19F5B00][0000016EBA6F45C0 49] Android_Adreno4xx, [0000016EC19B6F00][0000016EBA6F8740 49] Android_Adreno5xx_Low, [0000016EC19F6A00][0000016EBA6FC8C0 49] Android_Adreno5xx, [0000016EC19B5300][0000016EBA700A40 49] Android_Adreno6xx, [0000016EC19F6500][0000016EBA704BC0 49] Android_Adreno6xx_Vulkan, [0000016EC19B6300][0000016EBA708D40 49] Android_Mali_T6xx, [0000016EC19F5700][0000016EBA70CEC0 49] Android_Mali_T7xx, [0000016EC19B5900][0000016EBA711040 49] Android_Mali_T8xx, [0000016EC19F4E00][0000016EBA7151C0 49] Android_Mali_G71, [0000016EC19B7800][0000016EBA719340 49] Android_Mali_G72, [0000016EC19F6000][0000016EBA71D4C0 49] Android_Mali_G72_Vulkan, [0000016EC19B7600][0000016EBA721640 49] Android_Mali_G76, [0000016EC19F5800][0000016EBA7257C0 49] Android_Mali_G76_Vulkan, [0000016EC19B5000][0000016EBA729940 49] Android_Mali_G77, [0000016EC19F4100][0000016EBA72DAC0 49] Android_Mali_G77_Vulkan, [0000016EC19B6E00][0000016EBA6E9C00 49] Android_Mali_G78, [0000016EC19F4700][0000016EBA7301C0 49] Android_Mali_G78_Vulkan, [0000016EC19B7100][0000016EBA734300 49] Android_Mali_G710, [0000016EC19F6F00][0000016EBA73C480 49] Android_Mali_G710_Vulkan, [0000016EC1932A00][0000016EBA740600 49] Android_Vulkan_SM5, [0000016EC19F7100][0000016EBA744780 49] Android_PowerVR_G6xxx, [0000016EC1931C00][0000016EBA748900 49] Android_PowerVR_GT7xxx, [0000016EC19F4800][0000016EBA74CA80 49] Android_PowerVR_GE8xxx, [0000016EC1931B00][0000016EBA750C00 49] Android_PowerVR_GM9xxx, [0000016EC19F4900][0000016EBA754D80 49] Android_PowerVR_GM9xxx_Vulkan, [0000016EC1932400][0000016EBA758F00 49] Android_TegraK1, [0000016EC19F5000][0000016EBA75D080 49] Android_Unknown_Vulkan, [0000016EC1931100][0000016EBA761200 49] Lumin, [0000016EC19F4F00][0000016EBA765380 49] Lumin_Desktop, [0000016EC1932000][0000016EBA769500 49] HoloLens, 
[2022.03.01-02.53.37:029][  0]LogMeshReduction: Using QuadricMeshReduction for automatic static mesh reduction
[2022.03.01-02.53.37:029][  0]LogMeshReduction: Using SimplygonMeshReduction for automatic skeletal mesh reduction
[2022.03.01-02.53.37:029][  0]LogMeshReduction: Using ProxyLODMeshReduction for automatic mesh merging
[2022.03.01-02.53.37:029][  0]LogMeshReduction: No distributed automatic mesh merging module available
[2022.03.01-02.53.37:029][  0]LogMeshMerging: No distributed automatic mesh merging module available
[2022.03.01-02.53.37:052][  0]LogNetVersion: GAME259_A_URE 1.0.0, NetCL: 17155196, EngineNetVer: 17, GameNetVer: 0 (Checksum: 2250587433)
[2022.03.01-02.53.37:208][  0]LogTexture: Default maximum texture size for cubemaps generated from long-lat sources has been changed from 512 to unlimited. In order to preserve old behaiour for '/Engine/MapTemplates/Sky/DaylightAmbientCubemap.DaylightAmbientCubemap', its maximum texture size has been explicitly set to 512.
[2022.03.01-02.53.37:248][  0]LogHMD: PokeAHoleMaterial loaded successfully
[2022.03.01-02.53.37:314][  0]LogMoviePlayer: Initializing movie player
[2022.03.01-02.53.37:402][  0]LogPython: Using Python 3.7.7
[2022.03.01-02.53.37:733][  0]LogNiagaraDebuggerClient: Niagara Debugger Client Initialized | Session: 3A836418495AD05CB8FD32BC5C948132 | Instance: 56FBD14D4CAA9CB9BEBB6CA256B0613D (TREVORPC-1484).
[2022.03.01-02.53.37:749][  0]LogCollectionManager: Loaded 0 collections in 0.000632 seconds
[2022.03.01-02.53.37:751][  0]LogFileCache: Scanning file cache for directory 'D:/GitHub/GAME259-2022-A/GAME259_A_URE/Saved/Collections/' took 0.00s
[2022.03.01-02.53.37:751][  0]LogFileCache: Scanning file cache for directory 'D:/GitHub/GAME259-2022-A/GAME259_A_URE/Content/Developers/Trevor/Collections/' took 0.00s
[2022.03.01-02.53.37:751][  0]LogFileCache: Scanning file cache for directory 'D:/GitHub/GAME259-2022-A/GAME259_A_URE/Content/Collections/' took 0.00s
[2022.03.01-02.53.37:751][  0]LogCollectionManager: Fixed up redirectors for 0 collections in 0.000001 seconds (updated 0 objects)
[2022.03.01-02.53.37:843][  0]LogTcpMessaging: Initializing TcpMessaging bridge
[2022.03.01-02.53.37:845][  0]LogUdpMessaging: Initializing bridge on interface 0.0.0.0:0 to multicast group 230.0.0.1:6666.
[2022.03.01-02.53.37:871][  0]LogSteamShared: Display: Loading Steam SDK 1.51
[2022.03.01-02.53.37:872][  0]LogSteamShared: Steam SDK Loaded!
[2022.03.01-02.53.38:016][  0]SourceControl: Source control is disabled
[2022.03.01-02.53.38:016][  0]SourceControl: Source control is disabled
[2022.03.01-02.53.38:018][  0]SourceControl: Source control is disabled
[2022.03.01-02.53.38:069][  0]LogOpenImageDenoise: OIDN starting up
[2022.03.01-02.53.38:071][  0]LogUProjectInfo: Found projects:
[2022.03.01-02.53.38:100][  0]LogAndroidPermission: UAndroidPermissionCallbackProxy::GetInstance
[2022.03.01-02.53.38:112][  0]LogAudioCaptureCore: Display: No Audio Capture implementations found. Audio input will be silent.
[2022.03.01-02.53.38:112][  0]LogAudioCaptureCore: Display: No Audio Capture implementations found. Audio input will be silent.
[2022.03.01-02.53.38:166][  0]LogOcInput: OculusInput pre-init called
[2022.03.01-02.53.38:174][  0]LogUObjectArray: 23037 objects as part of root set at end of initial load.
[2022.03.01-02.53.38:174][  0]LogUObjectAllocator: 6396240 out of 0 bytes used by permanent object pool.
[2022.03.01-02.53.38:174][  0]LogUObjectArray: CloseDisregardForGC: 0/0 objects in disregard for GC pool
[2022.03.01-02.53.38:209][  0]LogEngine: Initializing Engine...
[2022.03.01-02.53.38:210][  0]LogHMD: Failed to enumerate extensions. Please check that you have a valid OpenXR runtime installed.
[2022.03.01-02.53.38:210][  0]LogMagicLeap: Warning: VR disabled because ZI is not enabled.  To enable, in the editor, Edit -> Project Settings -> Plugins -> Magic Leap Plugin -> Enable Zero Iteration
[2022.03.01-02.53.38:211][  0]LogStats: UGameplayTagsManager::InitializeManager -  0.000 s
[2022.03.01-02.53.38:280][  0]LogInit: Initializing FReadOnlyCVARCache
[2022.03.01-02.53.38:280][  0]LogAudio: Display: Initializing Audio Device Manager...
[2022.03.01-02.53.38:282][  0]LogAudio: Display: Loading Default Audio Settings Objects...
[2022.03.01-02.53.38:283][  0]LogAudio: Display: No default SoundConcurrencyObject specified (or failed to load).
[2022.03.01-02.53.38:283][  0]LogAudio: Display: Audio Device Manager Initialized
[2022.03.01-02.53.38:283][  0]LogAudio: Display: Creating Audio Device:                 Id: 1, Scope: Shared, Realtime: True
[2022.03.01-02.53.38:283][  0]LogAudioMixer: Display: Audio Mixer Platform Settings:
[2022.03.01-02.53.38:283][  0]LogAudioMixer: Display: 	Sample Rate:						  48000
[2022.03.01-02.53.38:283][  0]LogAudioMixer: Display: 	Callback Buffer Frame Size Requested: 1024
[2022.03.01-02.53.38:283][  0]LogAudioMixer: Display: 	Callback Buffer Frame Size To Use:	  1024
[2022.03.01-02.53.38:283][  0]LogAudioMixer: Display: 	Number of buffers to queue:			  2
[2022.03.01-02.53.38:283][  0]LogAudioMixer: Display: 	Max Channels (voices):				  32
[2022.03.01-02.53.38:283][  0]LogAudioMixer: Display: 	Number of Async Source Workers:		  0
[2022.03.01-02.53.38:283][  0]LogAudio: Display: AudioDevice MaxSources: 32
[2022.03.01-02.53.38:283][  0]LogAudio: Display: Audio Spatialization Plugin: None (built-in).
[2022.03.01-02.53.38:283][  0]LogAudio: Display: Audio Reverb Plugin: None (built-in).
[2022.03.01-02.53.38:283][  0]LogAudio: Display: Audio Occlusion Plugin: None (built-in).
[2022.03.01-02.53.38:283][  0]LogAudioMixer: Display: Initializing audio mixer.
[2022.03.01-02.53.38:293][  0]LogAudioMixer: Display: 0: FrontLeft
[2022.03.01-02.53.38:293][  0]LogAudioMixer: Display: 1: FrontRight
[2022.03.01-02.53.38:304][  0]LogAudioMixer: Display: Using Audio Device Speakers (HyperX Cloud Alpha S Game)
[2022.03.01-02.53.38:308][  0]LogAudioMixer: Display: Initializing Sound Submixes...
[2022.03.01-02.53.38:309][  0]LogAudioMixer: Display: Creating Master Submix 'MasterSubmixDefault'
[2022.03.01-02.53.38:309][  0]LogAudioMixer: Display: Creating Master Submix 'MasterReverbSubmixDefault'
[2022.03.01-02.53.38:310][  0]LogAudioMixer: Display: Creating Master Submix 'MasterEQSubmixDefault'
[2022.03.01-02.53.38:310][  0]LogAudioMixer: FMixerPlatformXAudio2::StartAudioStream() called
[2022.03.01-02.53.38:310][  0]LogAudioMixer: Display: Output buffers initialized: Frames=1024, Channels=2, Samples=2048
[2022.03.01-02.53.38:311][  0]LogAudioMixer: Display: Starting AudioMixerPlatformInterface::RunInternal()
[2022.03.01-02.53.38:311][  0]LogAudioMixer: Display: FMixerPlatformXAudio2::SubmitBuffer() called for the first time
[2022.03.01-02.53.38:311][  0]LogInit: FAudioDevice initialized.
[2022.03.01-02.53.38:312][  0]LogNetVersion: Set ProjectVersion to 1.0.0.0. Version Checksum will be recalculated on next use.
[2022.03.01-02.53.38:313][  0]LogInit: Texture streaming: Enabled
[2022.03.01-02.53.38:355][  0]LogAudio: Display: Audio Device (ID: 1) registered with world 'Untitled'.
[2022.03.01-02.53.38:355][  0]LogSlate: Updating window title bar state: overlay mode, drag disabled, window buttons hidden, title bar hidden
[2022.03.01-02.53.38:356][  0]LogInit: Display: Game Engine Initialized.
[2022.03.01-02.53.38:356][  0]LogNiagaraEditor: GEditor isn't valid! Particle reset commands will not work for Niagara components!
[2022.03.01-02.53.38:399][  0]LogInit: Display: Starting Game.
[2022.03.01-02.53.38:399][  0]LogNet: Browse: /Game/UI/Maps/L_MainMenu?Name=Player
[2022.03.01-02.53.38:399][  0]LogLoad: LoadMap: /Game/UI/Maps/L_MainMenu?Name=Player
[2022.03.01-02.53.38:399][  0]LogWorld: BeginTearingDown for /Temp/Untitled_0
[2022.03.01-02.53.38:400][  0]LogWorld: UWorld::CleanupWorld for Untitled, bSessionEnded=true, bCleanupResources=true
[2022.03.01-02.53.38:400][  0]LogSlate: InvalidateAllWidgets triggered.  All widgets were invalidated
[2022.03.01-02.53.38:404][  0]LogAudio: Display: Audio Device unregistered from world 'None'.
[2022.03.01-02.53.38:406][  0]LogUObjectHash: Compacting FUObjectHashTables data took   0.63ms
[2022.03.01-02.53.38:463][  0]LogAudio: Display: Audio Device (ID: 1) registered with world 'L_MainMenu'.
[2022.03.01-02.53.38:468][  0]LogAIModule: Creating AISystem for world L_MainMenu
[2022.03.01-02.53.38:468][  0]LogLoad: Game class is 'GM_MainMenu_C'
[2022.03.01-02.53.38:469][  0]LogWorld: Bringing World /Game/UI/Maps/L_MainMenu.L_MainMenu up for play (max tick rate 0) at 2022.02.28-21.53.38
[2022.03.01-02.53.38:469][  0]LogWorld: Bringing up level for play took: 0.000293
[2022.03.01-02.53.38:469][  0]LogGameMode: FindPlayerStart: PATHS NOT DEFINED or NO PLAYERSTART with positive rating
[2022.03.01-02.53.38:471][  0]r.SetRes = "1920x1080"
[2022.03.01-02.53.38:471][  0]r.ViewDistanceScale = "1"
[2022.03.01-02.53.38:471][  0]r.PostProcessAAQuality = "6"
[2022.03.01-02.53.38:472][  0]LogConfig: Applying CVar settings from Section [ShadowQuality@0] File [D:/GitHub/GAME259-2022-A/GAME259_A_URE/Saved/Config/Windows/Scalability.ini]
[2022.03.01-02.53.38:472][  0]LogConfig: Setting CVar [[r.LightFunctionQuality:0]]
[2022.03.01-02.53.38:472][  0]LogConfig: Setting CVar [[r.ShadowQuality:0]]
[2022.03.01-02.53.38:472][  0]LogConfig: Setting CVar [[r.Shadow.CSM.MaxCascades:1]]
[2022.03.01-02.53.38:472][  0]LogConfig: Setting CVar [[r.Shadow.MaxResolution:512]]
[2022.03.01-02.53.38:472][  0]LogConfig: Setting CVar [[r.Shadow.MaxCSMResolution:512]]
[2022.03.01-02.53.38:472][  0]LogConfig: Setting CVar [[r.Shadow.RadiusThreshold:0.06]]
[2022.03.01-02.53.38:472][  0]LogConfig: Setting CVar [[r.Shadow.DistanceScale:0.6]]
[2022.03.01-02.53.38:472][  0]LogConfig: Setting CVar [[r.Shadow.CSM.TransitionScale:0]]
[2022.03.01-02.53.38:472][  0]LogConfig: Setting CVar [[r.Shadow.PreShadowResolutionFactor:0.5]]
[2022.03.01-02.53.38:472][  0]LogConfig: Setting CVar [[r.DistanceFieldShadowing:0]]
[2022.03.01-02.53.38:472][  0]LogConfig: Setting CVar [[r.DistanceFieldAO:0]]
[2022.03.01-02.53.38:472][  0]LogConfig: Setting CVar [[r.VolumetricFog:0]]
[2022.03.01-02.53.38:472][  0]LogConfig: Setting CVar [[r.LightMaxDrawDistanceScale:0]]
[2022.03.01-02.53.38:472][  0]LogConfig: Setting CVar [[r.CapsuleShadows:0]]
[2022.03.01-02.53.38:472][  0]sg.ShadowQuality = "0"
[2022.03.01-02.53.38:472][  0]LogConfig: Applying CVar settings from Section [TextureQuality@0] File [D:/GitHub/GAME259-2022-A/GAME259_A_URE/Saved/Config/Windows/Scalability.ini]
[2022.03.01-02.53.38:472][  0]LogConfig: Setting CVar [[r.Streaming.MipBias:16]]
[2022.03.01-02.53.38:472][  0]LogConfig: Setting CVar [[r.Streaming.AmortizeCPUToGPUCopy:1]]
[2022.03.01-02.53.38:472][  0]LogConfig: Setting CVar [[r.Streaming.MaxNumTexturesToStreamPerFrame:1]]
[2022.03.01-02.53.38:472][  0]LogConfig: Setting CVar [[r.Streaming.Boost:0.3]]
[2022.03.01-02.53.38:472][  0]LogConfig: Setting CVar [[r.MaxAnisotropy:0]]
[2022.03.01-02.53.38:472][  0]LogConfig: Setting CVar [[r.VT.MaxAnisotropy:4]]
[2022.03.01-02.53.38:472][  0]LogConfig: Setting CVar [[r.Streaming.LimitPoolSizeToVRAM:1]]
[2022.03.01-02.53.38:472][  0]LogConfig: Setting CVar [[r.Streaming.PoolSize:400]]
[2022.03.01-02.53.38:472][  0]LogConfig: Setting CVar [[r.Streaming.MaxEffectiveScreenSize:0]]
[2022.03.01-02.53.38:472][  0]sg.TextureQuality = "0"
[2022.03.01-02.53.38:472][  0]LogLoad: Took 0.073010 seconds to LoadMap(/Game/UI/Maps/L_MainMenu)
[2022.03.01-02.53.38:549][  0]LogSlate: Took 0.000112 seconds to synchronously load lazily loaded font '../../../Engine/Content/Slate/Fonts/Roboto-Regular.ttf' (155K)
[2022.03.01-02.53.38:585][  0]LogRenderer: Reallocating scene render targets to support 1920x1080 Format 10 NumSamples 1 (Frame:1).
[2022.03.01-02.53.38:585][  0]LogInit: Display: Engine is initialized. Leaving FEngineLoop::Init()
[2022.03.01-02.53.38:585][  0]LogLoad: (Engine Initialization) Total time: 16.61 seconds
[2022.03.01-02.53.38:585][  0]LogLoad: (Engine Initialization) Total Blueprint compile time: 0.00 seconds
[2022.03.01-02.53.38:587][  0]LogContentStreaming: Texture pool size now 400 MB
[2022.03.01-02.53.38:590][  0]LogSlate: InvalidateAllWidgets triggered.  All widgets were invalidated
[2022.03.01-02.53.38:636][  1]LogSlate: Took 0.000097 seconds to synchronously load lazily loaded font '../../../Engine/Content/Slate/Fonts/Roboto-Regular.ttf' (155K)
[2022.03.01-02.53.41:633][553]Closing by request
[2022.03.01-02.53.41:633][553]LogWindows: FPlatformMisc::RequestExit(0)
[2022.03.01-02.53.41:633][553]LogWindows: FPlatformMisc::RequestExitWithStatus(0, 0)
[2022.03.01-02.53.41:633][553]LogCore: Engine exit requested (reason: Win RequestExit)
[2022.03.01-02.53.41:635][554]LogCore: Engine exit requested (reason: EngineExit() was called; note: exit was already requested)
[2022.03.01-02.53.41:635][554]LogInit: Display: PreExit Game.
[2022.03.01-02.53.41:641][554]LogWorld: BeginTearingDown for /Game/UI/Maps/L_MainMenu
[2022.03.01-02.53.41:641][554]LogWorld: UWorld::CleanupWorld for L_MainMenu, bSessionEnded=true, bCleanupResources=true
[2022.03.01-02.53.41:641][554]LogSlate: InvalidateAllWidgets triggered.  All widgets were invalidated
[2022.03.01-02.53.42:215][554]LogAudio: Display: Beginning Audio Device Manager Shutdown (Module: AudioMixerXAudio2)...
[2022.03.01-02.53.42:215][554]LogAudio: Display: Destroying 1 Remaining Audio Device(s)...
[2022.03.01-02.53.42:215][554]LogAudio: Display: Audio Device unregistered from world 'L_MainMenu'.
[2022.03.01-02.53.42:241][554]LogAudioMixer: FMixerPlatformXAudio2::StopAudioStream() called
[2022.03.01-02.53.42:241][554]LogAudioMixer: FMixerPlatformXAudio2::StopAudioStream() called
[2022.03.01-02.53.42:243][554]LogAudio: Display: Audio Device Manager Shutdown
[2022.03.01-02.53.42:247][554]LogSlate: Window 'GAME259_A_URE (64-bit Development PCD3D_SM5) ' being destroyed
[2022.03.01-02.53.42:247][554]LogWindowsTextInputMethodSystem: Display: IME system deactivated.
[2022.03.01-02.53.42:252][554]LogExit: Preparing to exit.
[2022.03.01-02.53.42:860][554]LogUObjectHash: Compacting FUObjectHashTables data took   0.71ms
[2022.03.01-02.53.42:979][554]LogMoviePlayer: Shutting down movie player
[2022.03.01-02.53.43:108][554]LogSlate: Updating window title bar state: overlay mode, drag disabled, window buttons hidden, title bar hidden
[2022.03.01-02.53.43:114][554]LogDemo: Cleaned up 0 splitscreen connections with owner deletion
[2022.03.01-02.53.43:118][554]LogExit: Game engine shut down
[2022.03.01-02.53.43:147][554]LogExit: Object subsystem successfully closed.
[2022.03.01-02.53.43:158][554]LogShaderCompilers: Display: === FShaderJobCache stats ===
[2022.03.01-02.53.43:158][554]LogShaderCompilers: Display: Total job queries 0, among them cache hits 0 (0.00%)
[2022.03.01-02.53.43:158][554]LogShaderCompilers: Display: Tracking 0 distinct input hashes that result in 0 distinct outputs (0.00%)
[2022.03.01-02.53.43:158][554]LogShaderCompilers: Display: RAM used: 0.00 MB (0.00 GB) of 819.20 MB (0.80 GB) budget. Usage: 0.00%
[2022.03.01-02.53.43:158][554]LogShaderCompilers: Display: ================================================
[2022.03.01-02.53.43:171][554]LogShaderCompilers: Display: Shaders left to compile 0
[2022.03.01-02.53.43:177][554]LogModuleManager: Shutting down and abandoning module SequenceRecorderSections (560)
[2022.03.01-02.53.43:177][554]LogModuleManager: Shutting down and abandoning module SequenceRecorder (558)
[2022.03.01-02.53.43:177][554]LogModuleManager: Shutting down and abandoning module AutomationController (556)
[2022.03.01-02.53.43:177][554]LogModuleManager: Shutting down and abandoning module AutomationWorker (554)
[2022.03.01-02.53.43:177][554]LogModuleManager: Shutting down and abandoning module Voice (552)
[2022.03.01-02.53.43:177][554]LogModuleManager: Shutting down and abandoning module AIModule (550)
[2022.03.01-02.53.43:177][554]LogModuleManager: Shutting down and abandoning module GameplayDebugger (549)
[2022.03.01-02.53.43:177][554]LogModuleManager: Shutting down and abandoning module AITestSuite (547)
[2022.03.01-02.53.43:177][554]LogModuleManager: Shutting down and abandoning module NavigationSystem (545)
[2022.03.01-02.53.43:177][554]LogModuleManager: Shutting down and abandoning module OculusMR (542)
[2022.03.01-02.53.43:177][554]LogModuleManager: Shutting down and abandoning module TakeRecorderSources (540)
[2022.03.01-02.53.43:177][554]LogModuleManager: Shutting down and abandoning module TakeRecorder (539)
[2022.03.01-02.53.43:177][554]LogModuleManager: Shutting down and abandoning module TakeTrackRecorders (536)
[2022.03.01-02.53.43:177][554]LogModuleManager: Shutting down and abandoning module TakesCore (534)
[2022.03.01-02.53.43:177][554]LogModuleManager: Shutting down and abandoning module OpenXRInput (532)
[2022.03.01-02.53.43:177][554]LogModuleManager: Shutting down and abandoning module WmfMediaFactory (530)
[2022.03.01-02.53.43:177][554]LogModuleManager: Shutting down and abandoning module WebMMediaFactory (528)
[2022.03.01-02.53.43:177][554]LogModuleManager: Shutting down and abandoning module WebMMedia (526)
[2022.03.01-02.53.43:177][554]LogModuleManager: Shutting down and abandoning module OpenExrWrapper (524)
[2022.03.01-02.53.43:177][554]LogModuleManager: Shutting down and abandoning module ImgMediaFactory (522)
[2022.03.01-02.53.43:177][554]LogModuleManager: Shutting down and abandoning module AvfMediaFactory (520)
[2022.03.01-02.53.43:177][554]LogModuleManager: Shutting down and abandoning module MagicLeapMediaCodecFactory (518)
[2022.03.01-02.53.43:177][554]LogModuleManager: Shutting down and abandoning module MagicLeapMediaFactory (516)
[2022.03.01-02.53.43:177][554]LogModuleManager: Shutting down and abandoning module PlanarCut (514)
[2022.03.01-02.53.43:177][554]LogModuleManager: Shutting down and abandoning module CharacterAI (512)
[2022.03.01-02.53.43:177][554]LogModuleManager: Shutting down and abandoning module SessionServices (510)
[2022.03.01-02.53.43:177][554]LogModuleManager: Shutting down and abandoning module MovieSceneCapture (508)
[2022.03.01-02.53.43:177][554]LogModuleManager: Shutting down and abandoning module LiveCoding (506)
[2022.03.01-02.53.43:177][554]LogModuleManager: Shutting down and abandoning module LevelSequence (504)
[2022.03.01-02.53.43:177][554]LogModuleManager: Shutting down and abandoning module MovieSceneTracks (502)
[2022.03.01-02.53.43:177][554]LogModuleManager: Shutting down and abandoning module MovieScene (500)
[2022.03.01-02.53.43:177][554]LogModuleManager: Shutting down and abandoning module StreamingPauseRendering (498)
[2022.03.01-02.53.43:177][554]LogModuleManager: Shutting down and abandoning module PortalServices (496)
[2022.03.01-02.53.43:177][554]LogModuleManager: Shutting down and abandoning module PortalRpc (494)
[2022.03.01-02.53.43:177][554]LogModuleManager: Shutting down and abandoning module MessagingRpc (492)
[2022.03.01-02.53.43:177][554]LogModuleManager: Shutting down and abandoning module AudioMixerXAudio2 (490)
[2022.03.01-02.53.43:177][554]LogModuleManager: Shutting down and abandoning module AudioMixerCore (489)
[2022.03.01-02.53.43:177][554]LogModuleManager: Shutting down and abandoning module ImageWriteQueue (486)
[2022.03.01-02.53.43:180][554]LogModuleManager: Shutting down and abandoning module ProfilerService (484)
[2022.03.01-02.53.43:192][554]LogModuleManager: Shutting down and abandoning module TaskGraph (482)
[2022.03.01-02.53.43:192][554]LogModuleManager: Shutting down and abandoning module OculusInput (480)
[2022.03.01-02.53.43:192][554]LogModuleManager: Shutting down and abandoning module EOSVoiceChat (478)
[2022.03.01-02.53.43:192][554]LogModuleManager: Shutting down and abandoning module Synthesis (476)
[2022.03.01-02.53.43:192][554]LogModuleManager: Shutting down and abandoning module ProceduralMeshComponent (474)
[2022.03.01-02.53.43:192][554]LogModuleManager: Shutting down and abandoning module TakeMovieScene (472)
[2022.03.01-02.53.43:192][554]LogModuleManager: Shutting down and abandoning module MobilePatchingUtils (470)
[2022.03.01-02.53.43:192][554]LogModuleManager: Shutting down and abandoning module GooglePAD (468)
[2022.03.01-02.53.43:192][554]LogModuleManager: Shutting down and abandoning module EditableMesh (466)
[2022.03.01-02.53.43:192][554]LogModuleManager: Shutting down and abandoning module CustomMeshComponent (464)
[2022.03.01-02.53.43:192][554]LogModuleManager: Shutting down and abandoning module CableComponent (462)
[2022.03.01-02.53.43:192][554]LogModuleManager: Shutting down and abandoning module AssetTags (460)
[2022.03.01-02.53.43:192][554]LogModuleManager: Shutting down and abandoning module AudioCapture (458)
[2022.03.01-02.53.43:192][554]LogModuleManager: Shutting down and abandoning module AudioCaptureRtAudio (457)
[2022.03.01-02.53.43:192][554]LogModuleManager: Shutting down and abandoning module ArchVisCharacter (454)
[2022.03.01-02.53.43:192][554]LogModuleManager: Shutting down and abandoning module AppleImageUtilsBlueprintSupport (450)
[2022.03.01-02.53.43:192][554]LogModuleManager: Shutting down and abandoning module AppleImageUtils (448)
[2022.03.01-02.53.43:192][554]LogModuleManager: Shutting down and abandoning module AndroidPermission (446)
[2022.03.01-02.53.43:192][554]LogModuleManager: Shutting down and abandoning module TemplateSequence (444)
[2022.03.01-02.53.43:192][554]LogModuleManager: Shutting down and abandoning module MagicLeapSharedWorld (442)
[2022.03.01-02.53.43:192][554]LogModuleManager: Shutting down and abandoning module ActorLayerUtilities (440)
[2022.03.01-02.53.43:192][554]LogModuleManager: Shutting down and abandoning module MediaCompositing (438)
[2022.03.01-02.53.43:192][554]LogModuleManager: Shutting down and abandoning module ImgMedia (436)
[2022.03.01-02.53.43:192][554]LogModuleManager: Shutting down and abandoning module MagicLeapLightEstimation (434)
[2022.03.01-02.53.43:192][554]LogModuleManager: Shutting down and abandoning module MagicLeapHelperVulkan (432)
[2022.03.01-02.53.43:192][554]LogModuleManager: Shutting down and abandoning module MagicLeapHelperOpenGL (430)
[2022.03.01-02.53.43:192][554]LogModuleManager: Shutting down and abandoning module MagicLeapAudio (428)
[2022.03.01-02.53.43:192][554]LogModuleManager: Shutting down and abandoning module VisualStudioSourceCodeAccess (426)
[2022.03.01-02.53.43:192][554]LogModuleManager: Shutting down and abandoning module HotReload (425)
[2022.03.01-02.53.43:193][554]LogModuleManager: Shutting down and abandoning module VisualStudioCodeSourceCodeAccess (422)
[2022.03.01-02.53.43:193][554]LogModuleManager: Shutting down and abandoning module OpenImageDenoise (420)
[2022.03.01-02.53.43:193][554]LogOpenImageDenoise: OIDN shutting down
[2022.03.01-02.53.43:193][554]LogModuleManager: Shutting down and abandoning module MotoSynth (418)
[2022.03.01-02.53.43:193][554]LogModuleManager: Shutting down and abandoning module GeometryCollectionTracks (416)
[2022.03.01-02.53.43:193][554]LogModuleManager: Shutting down and abandoning module GeometryCollectionSequencer (415)
[2022.03.01-02.53.43:193][554]LogModuleManager: Shutting down and abandoning module MeshConversion (412)
[2022.03.01-02.53.43:193][554]LogModuleManager: Shutting down and abandoning module DynamicMesh (410)
[2022.03.01-02.53.43:193][554]LogModuleManager: Shutting down and abandoning module GeometryAlgorithms (408)
[2022.03.01-02.53.43:193][554]LogModuleManager: Shutting down and abandoning module GeometricObjects (406)
[2022.03.01-02.53.43:193][554]LogModuleManager: Shutting down and abandoning module GeometryCacheTracks (404)
[2022.03.01-02.53.43:193][554]LogModuleManager: Shutting down and abandoning module GeometryCacheSequencer (403)
[2022.03.01-02.53.43:193][554]LogModuleManager: Shutting down and abandoning module GeometryCache (400)
[2022.03.01-02.53.43:193][554]LogModuleManager: Shutting down and abandoning module GeometryCacheEd (399)
[2022.03.01-02.53.43:193][554]LogModuleManager: Shutting down and abandoning module ChaosNiagara (396)
[2022.03.01-02.53.43:193][554]LogModuleManager: Shutting down and abandoning module FieldSystemEngine (395)
[2022.03.01-02.53.43:193][554]LogModuleManager: Shutting down and abandoning module BackChannel (392)
[2022.03.01-02.53.43:193][554]LogModuleManager: Shutting down and abandoning module AutomationUtils (390)
[2022.03.01-02.53.43:193][554]LogModuleManager: Shutting down and abandoning module CLionSourceCodeAccess (388)
[2022.03.01-02.53.43:193][554]LogModuleManager: Shutting down and abandoning module UObjectPlugin (386)
[2022.03.01-02.53.43:193][554]LogModuleManager: Shutting down and abandoning module SubversionSourceControl (384)
[2022.03.01-02.53.43:193][554]LogModuleManager: Shutting down and abandoning module PerforceSourceControl (382)
[2022.03.01-02.53.43:193][554]LogModuleManager: Shutting down and abandoning module SourceControl (381)
[2022.03.01-02.53.43:193][554]LogModuleManager: Shutting down and abandoning module OodleNetworkHandlerComponent (378)
[2022.03.01-02.53.43:193][554]LogModuleManager: Shutting down and abandoning module LiveLinkSequencer (376)
[2022.03.01-02.53.43:193][554]LogModuleManager: Shutting down and abandoning module LiveLinkMovieScene (374)
[2022.03.01-02.53.43:193][554]LogModuleManager: Shutting down and abandoning module LiveLinkGraphNode (372)
[2022.03.01-02.53.43:193][554]LogModuleManager: Shutting down and abandoning module LiveLinkComponents (370)
[2022.03.01-02.53.43:193][554]LogModuleManager: Shutting down and abandoning module LiveLink (368)
