Log file open, 02/21/22 12:47:41
LogWindows: Failed to load 'aqProf.dll' (GetLastError=126)
LogWindows: File 'aqProf.dll' does not exist
LogWindows: Failed to load 'VtuneApi.dll' (GetLastError=126)
LogWindows: File 'VtuneApi.dll' does not exist
LogWindows: Failed to load 'VtuneApi32e.dll' (GetLastError=126)
LogWindows: File 'VtuneApi32e.dll' does not exist
LogConsoleResponse: Display: Failed to find resolution value strings in scalability ini. Falling back to default.
LogConsoleResponse: Display: Failed to find resolution value strings in scalability ini. Falling back to default.
LogInit: Display: Running engine for game: GAME259_A_URE
LogPlatformFile: Not using cached read wrapper
LogTaskGraph: Started task graph with 5 named threads and 35 total threads with 3 sets of task threads.
LogStats: Stats thread started at 0.526324
LogICUInternationalization: ICU TimeZone Detection - Raw Offset: -5:00, Platform Override: ''
LogInit: Display: Loading text-based GConfig....
LogPluginManager: Mounting plugin MegascansPlugin
LogPluginManager: Mounting plugin MeshPainting
LogPluginManager: Mounting plugin XGEController
LogPluginManager: Mounting plugin AISupport
LogPluginManager: Mounting plugin Paper2D
LogPluginManager: Mounting plugin EnvironmentQueryEditor
LogPluginManager: Mounting plugin LiveLink
LogPluginManager: Mounting plugin GameplayCameras
LogPluginManager: Mounting plugin CameraShakePreviewer
LogPluginManager: Mounting plugin AnimationSharing
LogPluginManager: Mounting plugin CLionSourceCodeAccess
LogPluginManager: Mounting plugin CodeLiteSourceCodeAccess
LogPluginManager: Mounting plugin GitSourceControl
LogPluginManager: Mounting plugin OodleNetwork
LogPluginManager: Mounting plugin PixWinPlugin
LogPluginManager: Mounting plugin PlasticSourceControl
LogPluginManager: Mounting plugin PerforceSourceControl
LogPluginManager: Mounting plugin NullSourceCodeAccess
LogPluginManager: Mounting plugin PluginUtils
LogPluginManager: Mounting plugin KDevelopSourceCodeAccess
LogPluginManager: Mounting plugin PropertyAccessNode
LogPluginManager: Mounting plugin OodleData
LogPluginManager: Mounting plugin RiderSourceCodeAccess
LogPluginManager: Mounting plugin SubversionSourceControl
LogPluginManager: Mounting plugin TextureFormatOodle
LogPluginManager: Mounting plugin LightPropagationVolume
LogPluginManager: Mounting plugin UObjectPlugin
LogPluginManager: Mounting plugin VisualStudioSourceCodeAccess
LogPluginManager: Mounting plugin XCodeSourceCodeAccess
LogPluginManager: Mounting plugin AssetManagerEditor
LogPluginManager: Mounting plugin CryptoKeys
LogPluginManager: Mounting plugin CurveEditorTools
LogPluginManager: Mounting plugin DataValidation
LogPluginManager: Mounting plugin EditorScriptingUtilities
LogPluginManager: Mounting plugin FacialAnimation
LogPluginManager: Mounting plugin GameplayTagsEditor
LogPluginManager: Mounting plugin GeometryMode
LogPluginManager: Mounting plugin MacGraphicsSwitching
LogPluginManager: Mounting plugin MaterialAnalyzer
LogPluginManager: Mounting plugin MobileLauncherProfileWizard
LogPluginManager: Mounting plugin PluginBrowser
LogPluginManager: Mounting plugin SpeedTreeImporter
LogPluginManager: Mounting plugin DatasmithContent
LogPluginManager: Mounting plugin VariantManagerContent
LogPluginManager: Mounting plugin AlembicImporter
LogPluginManager: Mounting plugin AutomationUtils
LogPluginManager: Mounting plugin BackChannel
LogPluginManager: Mounting plugin ChaosCloth
LogPluginManager: Mounting plugin ChaosClothEditor
LogPluginManager: Mounting plugin ChaosEditor
LogPluginManager: Mounting plugin ChaosNiagara
LogPluginManager: Mounting plugin ChaosSolverPlugin
LogPluginManager: Mounting plugin CharacterAI
LogPluginManager: Mounting plugin GeometryCache
LogPluginManager: Mounting plugin GeometryCollectionPlugin
LogPluginManager: Mounting plugin GeometryProcessing
LogPluginManager: Mounting plugin MotoSynth
LogPluginManager: Mounting plugin OpenImageDenoise
LogPluginManager: Mounting plugin PlanarCut
LogPluginManager: Mounting plugin PlatformCrypto
LogPluginManager: Mounting plugin ProxyLODPlugin
LogPluginManager: Mounting plugin PythonScriptPlugin
LogPluginManager: Mounting plugin SkeletalReduction
LogPluginManager: Mounting plugin Niagara
LogPluginManager: Mounting plugin LuminPlatformFeatures
LogPluginManager: Mounting plugin MagicLeap
LogPluginManager: Mounting plugin MagicLeapLightEstimation
LogPluginManager: Mounting plugin MagicLeapMedia
LogPluginManager: Mounting plugin MagicLeapPassableWorld
LogPluginManager: Mounting plugin MLSDK
LogPluginManager: Mounting plugin AndroidMedia
LogPluginManager: Mounting plugin AvfMedia
LogPluginManager: Mounting plugin MediaCompositing
LogPluginManager: Mounting plugin ImgMedia
LogPluginManager: Mounting plugin MediaPlayerEditor
LogPluginManager: Mounting plugin WebMMedia
LogPluginManager: Mounting plugin WmfMedia
LogPluginManager: Mounting plugin TcpMessaging
LogPluginManager: Mounting plugin UdpMessaging
LogPluginManager: Mounting plugin ActorSequence
LogPluginManager: Mounting plugin LevelSequenceEditor
LogPluginManager: Mounting plugin MatineeToLevelSequence
LogPluginManager: Mounting plugin TemplateSequence
LogPluginManager: Mounting plugin EOSShared
LogPluginManager: Mounting plugin OnlineSubsystem
LogPluginManager: Mounting plugin OnlineSubsystemNull
LogPluginManager: Mounting plugin OnlineSubsystemSteam
LogPluginManager: Mounting plugin OnlineSubsystemUtils
LogPluginManager: Mounting plugin LauncherChunkInstaller
LogPluginManager: Mounting plugin ActorLayerUtilities
LogPluginManager: Mounting plugin AndroidDeviceProfileSelector
LogPluginManager: Mounting plugin AndroidMoviePlayer
LogPluginManager: Mounting plugin AndroidPermission
LogPluginManager: Mounting plugin AppleImageUtils
LogPluginManager: Mounting plugin AppleMoviePlayer
LogPluginManager: Mounting plugin ArchVisCharacter
LogPluginManager: Mounting plugin AssetTags
LogPluginManager: Mounting plugin AudioCapture
LogPluginManager: Mounting plugin AudioSynesthesia
LogPluginManager: Mounting plugin CableComponent
LogPluginManager: Mounting plugin ChunkDownloader
LogPluginManager: Mounting plugin CustomMeshComponent
LogPluginManager: Mounting plugin EditableMesh
LogPluginManager: Mounting plugin ExampleDeviceProfileSelector
LogPluginManager: Mounting plugin GoogleCloudMessaging
LogPluginManager: Mounting plugin GooglePAD
LogPluginManager: Mounting plugin VisualStudioCodeSourceCodeAccess
LogPluginManager: Mounting plugin IOSDeviceProfileSelector
LogPluginManager: Mounting plugin LinuxDeviceProfileSelector
LogPluginManager: Mounting plugin LocationServicesBPLibrary
LogPluginManager: Mounting plugin RiderLink
LogPluginManager: Mounting plugin MobilePatchingUtils
LogPluginManager: Mounting plugin OpenXR
LogPluginManager: Mounting plugin OpenXREyeTracker
LogPluginManager: Mounting plugin OpenXRHandTracking
LogPluginManager: Mounting plugin PostSplashScreen
LogPluginManager: Mounting plugin PhysXVehicles
LogPluginManager: Mounting plugin ProceduralMeshComponent
LogPluginManager: Mounting plugin PropertyAccessEditor
LogPluginManager: Mounting plugin RuntimePhysXCooking
LogPluginManager: Mounting plugin SignificanceManager
LogPluginManager: Mounting plugin SoundFields
LogPluginManager: Mounting plugin Synthesis
LogPluginManager: Mounting plugin WindowsMoviePlayer
LogPluginManager: Mounting plugin WebMMoviePlayer
LogPluginManager: Mounting plugin ScreenshotTools
LogPluginManager: Mounting plugin Takes
LogPluginManager: Mounting plugin ContentBrowserAssetDataSource
LogPluginManager: Mounting plugin ContentBrowserClassDataSource
LogPluginManager: Mounting plugin ContentBrowserFileDataSource
LogPluginManager: Mounting plugin OnlineSubsystemGooglePlay
LogPluginManager: Mounting plugin OnlineSubsystemIOS
LogPluginManager: Mounting plugin EOSVoiceChat
LogPluginManager: Mounting plugin DatabaseSupport
LogPluginManager: Mounting plugin SQLiteCore
LogPluginManager: Mounting plugin SQLiteSupport
LogPluginManager: Mounting plugin OculusVR
LogPluginManager: Mounting plugin SteamShared
PixWinPlugin: PIX capture plugin failed to initialize! Check that the process is launched from PIX.
LogInit: Using libcurl 7.55.1-DEV
LogInit:  - built for x86_64-pc-win32
LogInit:  - supports SSL with OpenSSL/1.1.1
LogInit:  - supports HTTP deflate (compression) using libz 1.2.8
LogInit:  - other features:
LogInit:      CURL_VERSION_SSL
LogInit:      CURL_VERSION_LIBZ
LogInit:      CURL_VERSION_IPV6
LogInit:      CURL_VERSION_ASYNCHDNS
LogInit:      CURL_VERSION_LARGEFILE
LogInit:      CURL_VERSION_IDN
LogInit:  CurlRequestOptions (configurable via config and command line):
LogInit:  - bVerifyPeer = true  - Libcurl will verify peer certificate
LogInit:  - bUseHttpProxy = false  - Libcurl will NOT use HTTP proxy
LogInit:  - bDontReuseConnections = false  - Libcurl will reuse connections
LogInit:  - MaxHostConnections = 16  - Libcurl will limit the number of connections to a host
LogInit:  - LocalHostAddr = Default
LogInit:  - BufferSize = 65536
LogOnline: OSS: Creating online subsystem instance for: NULL
LogInit: WinSock: version 1.1 (2.2), MaxSocks=32767, MaxUdp=65467
LogOnline: OSS: TryLoadSubsystemAndSetDefault: Loaded subsystem for module [NULL]
LogOculusPluginWrapper: OculusPlugin initialized successfully
LogHMD: Failed initializing OVRPlugin 1.59.0
LogInit: Build: ++UE4+Release-4.27-CL-18319896
LogInit: Engine Version: 4.27.2-18319896+++UE4+Release-4.27
LogInit: Compatible Engine Version: 4.27.0-17155196+++UE4+Release-4.27
LogInit: Net CL: 17155196
LogInit: OS: Windows 10 (Release 2009) (), CPU: Intel(R) Core(TM) i7-8700 CPU @ 3.20GHz, GPU: NVIDIA GeForce GTX 1070
LogInit: Compiled (64-bit): Nov 30 2021 07:12:08
LogInit: Compiled with Visual C++: 19.24.28315.00
LogInit: Build Configuration: Development
LogInit: Branch Name: ++UE4+Release-4.27
LogInit: Command Line: -ResX=800 -ResY=900 -WinX=0 -WinY=20 -log -game
LogInit: Base Directory: D:/UE_4.27/Engine/Binaries/Win64/
LogInit: Allocator: TBB
LogInit: Installed Engine Build: 1
LogDevObjectVersion: Number of dev versions registered: 29
LogDevObjectVersion:   Dev-Blueprints (B0D832E4-1F89-4F0D-ACCF-7EB736FD4AA2): 10
LogDevObjectVersion:   Dev-Build (E1C64328-A22C-4D53-A36C-8E866417BD8C): 0
LogDevObjectVersion:   Dev-Core (375EC13C-06E4-48FB-B500-84F0262A717E): 4
LogDevObjectVersion:   Dev-Editor (E4B068ED-F494-42E9-A231-DA0B2E46BB41): 40
LogDevObjectVersion:   Dev-Framework (CFFC743F-43B0-4480-9391-14DF171D2073): 37
LogDevObjectVersion:   Dev-Mobile (B02B49B5-BB20-44E9-A304-32B752E40360): 3
LogDevObjectVersion:   Dev-Networking (A4E4105C-59A1-49B5-A7C5-40C4547EDFEE): 0
LogDevObjectVersion:   Dev-Online (39C831C9-5AE6-47DC-9A44-9C173E1C8E7C): 0
LogDevObjectVersion:   Dev-Physics (78F01B33-EBEA-4F98-B9B4-84EACCB95AA2): 14
LogDevObjectVersion:   Dev-Platform (6631380F-2D4D-43E0-8009-CF276956A95A): 0
LogDevObjectVersion:   Dev-Rendering (12F88B9F-8875-4AFC-A67C-D90C383ABD29): 45
LogDevObjectVersion:   Dev-Sequencer (7B5AE74C-D270-4C10-A958-57980B212A5A): 13
LogDevObjectVersion:   Dev-VR (D7296918-1DD6-4BDD-9DE2-64A83CC13884): 3
LogDevObjectVersion:   Dev-LoadTimes (C2A15278-BFE7-4AFE-6C17-90FF531DF755): 1
LogDevObjectVersion:   Private-Geometry (6EACA3D4-40EC-4CC1-B786-8BED09428FC5): 3
LogDevObjectVersion:   Dev-AnimPhys (29E575DD-E0A3-4627-9D10-D276232CDCEA): 17
LogDevObjectVersion:   Dev-Anim (AF43A65D-7FD3-4947-9873-3E8ED9C1BB05): 15
LogDevObjectVersion:   Dev-ReflectionCapture (6B266CEC-1EC7-4B8F-A30B-E4D90942FC07): 1
LogDevObjectVersion:   Dev-Automation (0DF73D61-A23F-47EA-B727-89E90C41499A): 1
LogDevObjectVersion:   FortniteMain (601D1886-AC64-4F84-AA16-D3DE0DEAC7D6): 47
LogDevObjectVersion:   FortniteRelease (E7086368-6B23-4C58-8439-1B7016265E91): 1
LogDevObjectVersion:   Dev-Enterprise (9DFFBCD6-494F-0158-E221-12823C92A888): 10
LogDevObjectVersion:   Dev-Niagara (F2AED0AC-9AFE-416F-8664-AA7FFA26D6FC): 1
LogDevObjectVersion:   Dev-Destruction (174F1F0B-B4C6-45A5-B13F-2EE8D0FB917D): 10
LogDevObjectVersion:   Dev-Physics-Ext (35F94A83-E258-406C-A318-09F59610247C): 41
LogDevObjectVersion:   Dev-PhysicsMaterial-Chaos (B68FC16E-8B1B-42E2-B453-215C058844FE): 1
LogDevObjectVersion:   Dev-CineCamera (B2E18506-4273-CFC2-A54E-F4BB758BBA07): 1
LogDevObjectVersion:   Dev-VirtualProduction (64F58936-FD1B-42BA-BA96-7289D5D0FA4E): 1
LogDevObjectVersion:   Dev-MediaFramework (6F0ED827-A609-4895-9C91-998D90180EA4): 2
LogInit: Presizing for max 25165824 objects, including 0 objects not considered by GC, pre-allocating 0 bytes for permanent pool.
LogConfig: Applying CVar settings from Section [/Script/Engine.StreamingSettings] File [D:/GitHub/GAME259-2022-A/GAME259_A_URE/Saved/Config/Windows/Engine.ini]
LogConfig: Setting CVar [[s.MinBulkDataSizeForAsyncLoading:131072]]
LogConfig: Setting CVar [[s.AsyncLoadingThreadEnabled:0]]
LogConfig: Setting CVar [[s.EventDrivenLoaderEnabled:1]]
LogConfig: Setting CVar [[s.WarnIfTimeLimitExceeded:0]]
LogConfig: Setting CVar [[s.TimeLimitExceededMultiplier:1.5]]
LogConfig: Setting CVar [[s.TimeLimitExceededMinTime:0.005]]
LogConfig: Setting CVar [[s.UseBackgroundLevelStreaming:1]]
LogConfig: Setting CVar [[s.PriorityAsyncLoadingExtraTime:15.0]]
LogConfig: Setting CVar [[s.LevelStreamingActorsUpdateTimeLimit:5.0]]
LogConfig: Setting CVar [[s.PriorityLevelStreamingActorsUpdateExtraTime:5.0]]
LogConfig: Setting CVar [[s.LevelStreamingComponentsRegistrationGranularity:10]]
LogConfig: Setting CVar [[s.UnregisterComponentsTimeLimit:1.0]]
LogConfig: Setting CVar [[s.LevelStreamingComponentsUnregistrationGranularity:5]]
LogConfig: Setting CVar [[s.FlushStreamingOnExit:1]]
LogInit: Object subsystem initialized
LogConfig: Setting CVar [[con.DebugEarlyDefault:1]]
LogConfig: Setting CVar [[r.setres:1280x720]]
[2022.02.21-17.47.42:513][  0]LogConfig: Setting CVar [[con.DebugEarlyDefault:1]]
[2022.02.21-17.47.42:515][  0]LogConfig: Setting CVar [[r.setres:1280x720]]
[2022.02.21-17.47.42:516][  0]LogConfig: Applying CVar settings from Section [/Script/Engine.RendererSettings] File [D:/GitHub/GAME259-2022-A/GAME259_A_URE/Saved/Config/Windows/Engine.ini]
[2022.02.21-17.47.42:517][  0]LogConfig: Setting CVar [[r.GPUCrashDebugging:0]]
[2022.02.21-17.47.42:517][  0]LogConfig: Applying CVar settings from Section [/Script/Engine.RendererOverrideSettings] File [D:/GitHub/GAME259-2022-A/GAME259_A_URE/Saved/Config/Windows/Engine.ini]
[2022.02.21-17.47.42:518][  0]LogConfig: Applying CVar settings from Section [/Script/Engine.StreamingSettings] File [D:/GitHub/GAME259-2022-A/GAME259_A_URE/Saved/Config/Windows/Engine.ini]
[2022.02.21-17.47.42:519][  0]LogConfig: Setting CVar [[s.MinBulkDataSizeForAsyncLoading:131072]]
[2022.02.21-17.47.42:519][  0]LogConfig: Setting CVar [[s.AsyncLoadingThreadEnabled:0]]
[2022.02.21-17.47.42:520][  0]LogConfig: Setting CVar [[s.EventDrivenLoaderEnabled:1]]
[2022.02.21-17.47.42:520][  0]LogConfig: Setting CVar [[s.WarnIfTimeLimitExceeded:0]]
[2022.02.21-17.47.42:521][  0]LogConfig: Setting CVar [[s.TimeLimitExceededMultiplier:1.5]]
[2022.02.21-17.47.42:522][  0]LogConfig: Setting CVar [[s.TimeLimitExceededMinTime:0.005]]
[2022.02.21-17.47.42:522][  0]LogConfig: Setting CVar [[s.UseBackgroundLevelStreaming:1]]
[2022.02.21-17.47.42:523][  0]LogConfig: Setting CVar [[s.PriorityAsyncLoadingExtraTime:15.0]]
[2022.02.21-17.47.42:524][  0]LogConfig: Setting CVar [[s.LevelStreamingActorsUpdateTimeLimit:5.0]]
[2022.02.21-17.47.42:526][  0]LogConfig: Setting CVar [[s.PriorityLevelStreamingActorsUpdateExtraTime:5.0]]
[2022.02.21-17.47.42:527][  0]LogConfig: Setting CVar [[s.LevelStreamingComponentsRegistrationGranularity:10]]
[2022.02.21-17.47.42:528][  0]LogConfig: Setting CVar [[s.UnregisterComponentsTimeLimit:1.0]]
[2022.02.21-17.47.42:528][  0]LogConfig: Setting CVar [[s.LevelStreamingComponentsUnregistrationGranularity:5]]
[2022.02.21-17.47.42:528][  0]LogConfig: Setting CVar [[s.FlushStreamingOnExit:1]]
[2022.02.21-17.47.42:529][  0]LogConfig: Applying CVar settings from Section [/Script/Engine.GarbageCollectionSettings] File [D:/GitHub/GAME259-2022-A/GAME259_A_URE/Saved/Config/Windows/Engine.ini]
[2022.02.21-17.47.42:529][  0]LogConfig: Setting CVar [[gc.MaxObjectsNotConsideredByGC:1]]
[2022.02.21-17.47.42:529][  0]LogConfig: Setting CVar [[gc.SizeOfPermanentObjectPool:0]]
[2022.02.21-17.47.42:530][  0]LogConfig: Setting CVar [[gc.FlushStreamingOnGC:0]]
[2022.02.21-17.47.42:530][  0]LogConfig: Setting CVar [[gc.NumRetriesBeforeForcingGC:10]]
[2022.02.21-17.47.42:531][  0]LogConfig: Setting CVar [[gc.AllowParallelGC:1]]
[2022.02.21-17.47.42:532][  0]LogConfig: Setting CVar [[gc.TimeBetweenPurgingPendingKillObjects:61.1]]
[2022.02.21-17.47.42:533][  0]LogConfig: Setting CVar [[gc.MaxObjectsInEditor:25165824]]
[2022.02.21-17.47.42:534][  0]LogConfig: Setting CVar [[gc.IncrementalBeginDestroyEnabled:1]]
[2022.02.21-17.47.42:535][  0]LogConfig: Setting CVar [[gc.CreateGCClusters:1]]
[2022.02.21-17.47.42:538][  0]LogConfig: Setting CVar [[gc.MinGCClusterSize:5]]
[2022.02.21-17.47.42:538][  0]LogConfig: Setting CVar [[gc.ActorClusteringEnabled:0]]
[2022.02.21-17.47.42:540][  0]LogConfig: Setting CVar [[gc.BlueprintClusteringEnabled:0]]
[2022.02.21-17.47.42:540][  0]LogConfig: Setting CVar [[gc.UseDisregardForGCOnDedicatedServers:0]]
[2022.02.21-17.47.42:541][  0]LogConfig: Setting CVar [[gc.MultithreadedDestructionEnabled:1]]
[2022.02.21-17.47.42:541][  0]LogConfig: Applying CVar settings from Section [/Script/Engine.NetworkSettings] File [D:/GitHub/GAME259-2022-A/GAME259_A_URE/Saved/Config/Windows/Engine.ini]
[2022.02.21-17.47.42:542][  0]LogConfig: Applying CVar settings from Section [/Script/UnrealEd.CookerSettings] File [D:/GitHub/GAME259-2022-A/GAME259_A_URE/Saved/Config/Windows/Engine.ini]
[2022.02.21-17.47.42:572][  0]LogConfig: Applying CVar settings from Section [ViewDistanceQuality@3] File [D:/GitHub/GAME259-2022-A/GAME259_A_URE/Saved/Config/Windows/Scalability.ini]
[2022.02.21-17.47.42:573][  0]LogConfig: Setting CVar [[r.SkeletalMeshLODBias:0]]
[2022.02.21-17.47.42:574][  0]LogConfig: Setting CVar [[r.ViewDistanceScale:1.0]]
[2022.02.21-17.47.42:574][  0]LogConfig: Applying CVar settings from Section [AntiAliasingQuality@3] File [D:/GitHub/GAME259-2022-A/GAME259_A_URE/Saved/Config/Windows/Scalability.ini]
[2022.02.21-17.47.42:574][  0]LogConfig: Setting CVar [[r.PostProcessAAQuality:4]]
[2022.02.21-17.47.42:575][  0]LogConfig: Applying CVar settings from Section [ShadowQuality@3] File [D:/GitHub/GAME259-2022-A/GAME259_A_URE/Saved/Config/Windows/Scalability.ini]
[2022.02.21-17.47.42:575][  0]LogConfig: Setting CVar [[r.LightFunctionQuality:1]]
[2022.02.21-17.47.42:575][  0]LogConfig: Setting CVar [[r.ShadowQuality:5]]
[2022.02.21-17.47.42:576][  0]LogConfig: Setting CVar [[r.Shadow.CSM.MaxCascades:10]]
[2022.02.21-17.47.42:576][  0]LogConfig: Setting CVar [[r.Shadow.MaxResolution:2048]]
[2022.02.21-17.47.42:576][  0]LogConfig: Setting CVar [[r.Shadow.MaxCSMResolution:2048]]
[2022.02.21-17.47.42:577][  0]LogConfig: Setting CVar [[r.Shadow.RadiusThreshold:0.01]]
[2022.02.21-17.47.42:577][  0]LogConfig: Setting CVar [[r.Shadow.DistanceScale:1.0]]
[2022.02.21-17.47.42:577][  0]LogConfig: Setting CVar [[r.Shadow.CSM.TransitionScale:1.0]]
[2022.02.21-17.47.42:578][  0]LogConfig: Setting CVar [[r.Shadow.PreShadowResolutionFactor:1.0]]
[2022.02.21-17.47.42:578][  0]LogConfig: Setting CVar [[r.DistanceFieldShadowing:1]]
[2022.02.21-17.47.42:579][  0]LogConfig: Setting CVar [[r.DistanceFieldAO:1]]
[2022.02.21-17.47.42:579][  0]LogConfig: Setting CVar [[r.AOQuality:2]]
[2022.02.21-17.47.42:579][  0]LogConfig: Setting CVar [[r.VolumetricFog:1]]
[2022.02.21-17.47.42:580][  0]LogConfig: Setting CVar [[r.VolumetricFog.GridPixelSize:8]]
[2022.02.21-17.47.42:580][  0]LogConfig: Setting CVar [[r.VolumetricFog.GridSizeZ:128]]
[2022.02.21-17.47.42:581][  0]LogConfig: Setting CVar [[r.VolumetricFog.HistoryMissSupersampleCount:4]]
[2022.02.21-17.47.42:581][  0]LogConfig: Setting CVar [[r.LightMaxDrawDistanceScale:1]]
[2022.02.21-17.47.42:581][  0]LogConfig: Setting CVar [[r.CapsuleShadows:1]]
[2022.02.21-17.47.42:582][  0]LogConfig: Applying CVar settings from Section [PostProcessQuality@3] File [D:/GitHub/GAME259-2022-A/GAME259_A_URE/Saved/Config/Windows/Scalability.ini]
[2022.02.21-17.47.42:586][  0]LogConfig: Setting CVar [[r.MotionBlurQuality:4]]
[2022.02.21-17.47.42:587][  0]LogConfig: Setting CVar [[r.AmbientOcclusionMipLevelFactor:0.4]]
[2022.02.21-17.47.42:587][  0]LogConfig: Setting CVar [[r.AmbientOcclusionMaxQuality:100]]
[2022.02.21-17.47.42:587][  0]LogConfig: Setting CVar [[r.AmbientOcclusionLevels:-1]]
[2022.02.21-17.47.42:588][  0]LogConfig: Setting CVar [[r.AmbientOcclusionRadiusScale:1.0]]
[2022.02.21-17.47.42:588][  0]LogConfig: Setting CVar [[r.DepthOfFieldQuality:2]]
[2022.02.21-17.47.42:588][  0]LogConfig: Setting CVar [[r.RenderTargetPoolMin:400]]
[2022.02.21-17.47.42:589][  0]LogConfig: Setting CVar [[r.LensFlareQuality:2]]
[2022.02.21-17.47.42:589][  0]LogConfig: Setting CVar [[r.SceneColorFringeQuality:1]]
[2022.02.21-17.47.42:589][  0]LogConfig: Setting CVar [[r.EyeAdaptationQuality:2]]
[2022.02.21-17.47.42:590][  0]LogConfig: Setting CVar [[r.BloomQuality:5]]
[2022.02.21-17.47.42:590][  0]LogConfig: Setting CVar [[r.FastBlurThreshold:100]]
[2022.02.21-17.47.42:591][  0]LogConfig: Setting CVar [[r.Upscale.Quality:3]]
[2022.02.21-17.47.42:591][  0]LogConfig: Setting CVar [[r.Tonemapper.GrainQuantization:1]]
[2022.02.21-17.47.42:591][  0]LogConfig: Setting CVar [[r.LightShaftQuality:1]]
[2022.02.21-17.47.42:592][  0]LogConfig: Setting CVar [[r.Filter.SizeScale:1]]
[2022.02.21-17.47.42:592][  0]LogConfig: Setting CVar [[r.Tonemapper.Quality:5]]
[2022.02.21-17.47.42:593][  0]LogConfig: Setting CVar [[r.DOF.Gather.AccumulatorQuality:1        ; higher gathering accumulator quality]]
[2022.02.21-17.47.42:593][  0]LogConfig: Setting CVar [[r.DOF.Gather.PostfilterMethod:1          ; Median3x3 postfilering method]]
[2022.02.21-17.47.42:599][  0]LogConfig: Setting CVar [[r.DOF.Gather.EnableBokehSettings:0       ; no bokeh simulation when gathering]]
[2022.02.21-17.47.42:599][  0]LogConfig: Setting CVar [[r.DOF.Gather.RingCount:4                 ; medium number of samples when gathering]]
[2022.02.21-17.47.42:600][  0]LogConfig: Setting CVar [[r.DOF.Scatter.ForegroundCompositing:1    ; additive foreground scattering]]
[2022.02.21-17.47.42:600][  0]LogConfig: Setting CVar [[r.DOF.Scatter.BackgroundCompositing:2    ; additive background scattering]]
[2022.02.21-17.47.42:600][  0]LogConfig: Setting CVar [[r.DOF.Scatter.EnableBokehSettings:1      ; bokeh simulation when scattering]]
[2022.02.21-17.47.42:601][  0]LogConfig: Setting CVar [[r.DOF.Scatter.MaxSpriteRatio:0.1         ; only a maximum of 10% of scattered bokeh]]
[2022.02.21-17.47.42:602][  0]LogConfig: Setting CVar [[r.DOF.Recombine.Quality:1                ; cheap slight out of focus]]
[2022.02.21-17.47.42:602][  0]LogConfig: Setting CVar [[r.DOF.Recombine.EnableBokehSettings:0    ; no bokeh simulation on slight out of focus]]
[2022.02.21-17.47.42:604][  0]LogConfig: Setting CVar [[r.DOF.TemporalAAQuality:1                ; more stable temporal accumulation]]
[2022.02.21-17.47.42:604][  0]LogConfig: Setting CVar [[r.DOF.Kernel.MaxForegroundRadius:0.025]]
[2022.02.21-17.47.42:605][  0]LogConfig: Setting CVar [[r.DOF.Kernel.MaxBackgroundRadius:0.025]]
[2022.02.21-17.47.42:606][  0]LogConfig: Applying CVar settings from Section [TextureQuality@3] File [D:/GitHub/GAME259-2022-A/GAME259_A_URE/Saved/Config/Windows/Scalability.ini]
[2022.02.21-17.47.42:606][  0]LogConfig: Setting CVar [[r.Streaming.MipBias:0]]
[2022.02.21-17.47.42:607][  0]LogConfig: Setting CVar [[r.Streaming.AmortizeCPUToGPUCopy:0]]
[2022.02.21-17.47.42:610][  0]LogConfig: Setting CVar [[r.Streaming.MaxNumTexturesToStreamPerFrame:0]]
[2022.02.21-17.47.42:610][  0]LogConfig: Setting CVar [[r.Streaming.Boost:1]]
[2022.02.21-17.47.42:610][  0]LogConfig: Setting CVar [[r.MaxAnisotropy:8]]
[2022.02.21-17.47.42:611][  0]LogConfig: Setting CVar [[r.VT.MaxAnisotropy:8]]
[2022.02.21-17.47.42:611][  0]LogConfig: Setting CVar [[r.Streaming.LimitPoolSizeToVRAM:0]]
[2022.02.21-17.47.42:611][  0]LogConfig: Setting CVar [[r.Streaming.PoolSize:1000]]
[2022.02.21-17.47.42:612][  0]LogConfig: Setting CVar [[r.Streaming.MaxEffectiveScreenSize:0]]
[2022.02.21-17.47.42:612][  0]LogConfig: Applying CVar settings from Section [EffectsQuality@3] File [D:/GitHub/GAME259-2022-A/GAME259_A_URE/Saved/Config/Windows/Scalability.ini]
[2022.02.21-17.47.42:613][  0]LogConfig: Setting CVar [[r.TranslucencyLightingVolumeDim:64]]
[2022.02.21-17.47.42:613][  0]LogConfig: Setting CVar [[r.RefractionQuality:2]]
[2022.02.21-17.47.42:613][  0]LogConfig: Setting CVar [[r.SSR.Quality:3]]
[2022.02.21-17.47.42:614][  0]LogConfig: Setting CVar [[r.SSR.HalfResSceneColor:0]]
[2022.02.21-17.47.42:614][  0]LogConfig: Setting CVar [[r.SceneColorFormat:4]]
[2022.02.21-17.47.42:615][  0]LogConfig: Setting CVar [[r.DetailMode:2]]
[2022.02.21-17.47.42:615][  0]LogConfig: Setting CVar [[r.TranslucencyVolumeBlur:1]]
[2022.02.21-17.47.42:616][  0]LogConfig: Setting CVar [[r.MaterialQualityLevel:1 ; High quality]]
[2022.02.21-17.47.42:616][  0]LogConfig: Setting CVar [[r.AnisotropicMaterials:1]]
[2022.02.21-17.47.42:616][  0]LogConfig: Setting CVar [[r.SSS.Scale:1]]
[2022.02.21-17.47.42:617][  0]LogConfig: Setting CVar [[r.SSS.SampleSet:2]]
[2022.02.21-17.47.42:617][  0]LogConfig: Setting CVar [[r.SSS.Quality:1]]
[2022.02.21-17.47.42:618][  0]LogConfig: Setting CVar [[r.SSS.HalfRes:0]]
[2022.02.21-17.47.42:618][  0]LogConfig: Setting CVar [[r.SSGI.Quality:3]]
[2022.02.21-17.47.42:619][  0]LogConfig: Setting CVar [[r.EmitterSpawnRateScale:1.0]]
[2022.02.21-17.47.42:622][  0]LogConfig: Setting CVar [[r.ParticleLightQuality:2]]
[2022.02.21-17.47.42:623][  0]LogConfig: Setting CVar [[r.SkyAtmosphere.AerialPerspectiveLUT.FastApplyOnOpaque:1 ; Always have FastSkyLUT 1 in this case to avoid wrong sky]]
[2022.02.21-17.47.42:623][  0]LogConfig: Setting CVar [[r.SkyAtmosphere.AerialPerspectiveLUT.SampleCountMaxPerSlice:4]]
[2022.02.21-17.47.42:623][  0]LogConfig: Setting CVar [[r.SkyAtmosphere.AerialPerspectiveLUT.DepthResolution:16.0]]
[2022.02.21-17.47.42:624][  0]LogConfig: Setting CVar [[r.SkyAtmosphere.FastSkyLUT:1]]
[2022.02.21-17.47.42:624][  0]LogConfig: Setting CVar [[r.SkyAtmosphere.FastSkyLUT.SampleCountMin:4.0]]
[2022.02.21-17.47.42:625][  0]LogConfig: Setting CVar [[r.SkyAtmosphere.FastSkyLUT.SampleCountMax:128.0]]
[2022.02.21-17.47.42:625][  0]LogConfig: Setting CVar [[r.SkyAtmosphere.SampleCountMin:4.0]]
[2022.02.21-17.47.42:626][  0]LogConfig: Setting CVar [[r.SkyAtmosphere.SampleCountMax:128.0]]
[2022.02.21-17.47.42:626][  0]LogConfig: Setting CVar [[r.SkyAtmosphere.TransmittanceLUT.UseSmallFormat:0]]
[2022.02.21-17.47.42:626][  0]LogConfig: Setting CVar [[r.SkyAtmosphere.TransmittanceLUT.SampleCount:10.0]]
[2022.02.21-17.47.42:627][  0]LogConfig: Setting CVar [[r.SkyAtmosphere.MultiScatteringLUT.SampleCount:15.0]]
[2022.02.21-17.47.42:628][  0]LogConfig: Setting CVar [[r.SkyLight.RealTimeReflectionCapture:1]]
[2022.02.21-17.47.42:628][  0]LogConfig: Applying CVar settings from Section [FoliageQuality@3] File [D:/GitHub/GAME259-2022-A/GAME259_A_URE/Saved/Config/Windows/Scalability.ini]
[2022.02.21-17.47.42:629][  0]LogConfig: Setting CVar [[foliage.DensityScale:1.0]]
[2022.02.21-17.47.42:630][  0]LogConfig: Setting CVar [[grass.DensityScale:1.0]]
[2022.02.21-17.47.42:630][  0]LogConfig: Applying CVar settings from Section [ShadingQuality@3] File [D:/GitHub/GAME259-2022-A/GAME259_A_URE/Saved/Config/Windows/Scalability.ini]
[2022.02.21-17.47.42:635][  0]LogConfig: Setting CVar [[r.HairStrands.SkyLighting.IntegrationType:2]]
[2022.02.21-17.47.42:636][  0]LogConfig: Setting CVar [[r.HairStrands.SkyAO.SampleCount:4]]
[2022.02.21-17.47.42:637][  0]LogConfig: Setting CVar [[r.HairStrands.Visibility.MSAA.SamplePerPixel:4]]
[2022.02.21-17.47.42:637][  0]LogInit: Selected Device Profile: [Windows]
[2022.02.21-17.47.42:637][  0]LogInit: Applying CVar settings loaded from the selected device profile: [Windows]
[2022.02.21-17.47.42:638][  0]LogHAL: Display: Platform has ~ 16 GB [17065410560 / 17179869184 / 16], which maps to Larger [LargestMinGB=32, LargerMinGB=12, DefaultMinGB=8, SmallerMinGB=6, SmallestMinGB=0)
[2022.02.21-17.47.42:638][  0]LogInit: Going up to parent DeviceProfile []
[2022.02.21-17.47.42:638][  0]LogConfig: Applying CVar settings from Section [ViewDistanceQuality@3] File [D:/GitHub/GAME259-2022-A/GAME259_A_URE/Saved/Config/Windows/Scalability.ini]
[2022.02.21-17.47.42:639][  0]LogConfig: Setting CVar [[r.SkeletalMeshLODBias:0]]
[2022.02.21-17.47.42:639][  0]LogConfig: Setting CVar [[r.ViewDistanceScale:1.0]]
[2022.02.21-17.47.42:640][  0]LogConfig: Applying CVar settings from Section [AntiAliasingQuality@3] File [D:/GitHub/GAME259-2022-A/GAME259_A_URE/Saved/Config/Windows/Scalability.ini]
[2022.02.21-17.47.42:640][  0]LogConfig: Setting CVar [[r.PostProcessAAQuality:4]]
[2022.02.21-17.47.42:641][  0]LogConfig: Applying CVar settings from Section [ShadowQuality@3] File [D:/GitHub/GAME259-2022-A/GAME259_A_URE/Saved/Config/Windows/Scalability.ini]
[2022.02.21-17.47.42:641][  0]LogConfig: Setting CVar [[r.LightFunctionQuality:1]]
[2022.02.21-17.47.42:642][  0]LogConfig: Setting CVar [[r.ShadowQuality:5]]
[2022.02.21-17.47.42:642][  0]LogConfig: Setting CVar [[r.Shadow.CSM.MaxCascades:10]]
[2022.02.21-17.47.42:643][  0]LogConfig: Setting CVar [[r.Shadow.MaxResolution:2048]]
[2022.02.21-17.47.42:644][  0]LogConfig: Setting CVar [[r.Shadow.MaxCSMResolution:2048]]
[2022.02.21-17.47.42:649][  0]LogConfig: Setting CVar [[r.Shadow.RadiusThreshold:0.01]]
[2022.02.21-17.47.42:649][  0]LogConfig: Setting CVar [[r.Shadow.DistanceScale:1.0]]
[2022.02.21-17.47.42:649][  0]LogConfig: Setting CVar [[r.Shadow.CSM.TransitionScale:1.0]]
[2022.02.21-17.47.42:650][  0]LogConfig: Setting CVar [[r.Shadow.PreShadowResolutionFactor:1.0]]
[2022.02.21-17.47.42:650][  0]LogConfig: Setting CVar [[r.DistanceFieldShadowing:1]]
[2022.02.21-17.47.42:650][  0]LogConfig: Setting CVar [[r.DistanceFieldAO:1]]
[2022.02.21-17.47.42:651][  0]LogConfig: Setting CVar [[r.AOQuality:2]]
[2022.02.21-17.47.42:651][  0]LogConfig: Setting CVar [[r.VolumetricFog:1]]
[2022.02.21-17.47.42:652][  0]LogConfig: Setting CVar [[r.VolumetricFog.GridPixelSize:8]]
[2022.02.21-17.47.42:652][  0]LogConfig: Setting CVar [[r.VolumetricFog.GridSizeZ:128]]
[2022.02.21-17.47.42:653][  0]LogConfig: Setting CVar [[r.VolumetricFog.HistoryMissSupersampleCount:4]]
[2022.02.21-17.47.42:653][  0]LogConfig: Setting CVar [[r.LightMaxDrawDistanceScale:1]]
[2022.02.21-17.47.42:654][  0]LogConfig: Setting CVar [[r.CapsuleShadows:1]]
[2022.02.21-17.47.42:654][  0]LogConfig: Applying CVar settings from Section [PostProcessQuality@3] File [D:/GitHub/GAME259-2022-A/GAME259_A_URE/Saved/Config/Windows/Scalability.ini]
[2022.02.21-17.47.42:655][  0]LogConfig: Setting CVar [[r.MotionBlurQuality:4]]
[2022.02.21-17.47.42:655][  0]LogConfig: Setting CVar [[r.AmbientOcclusionMipLevelFactor:0.4]]
[2022.02.21-17.47.42:656][  0]LogConfig: Setting CVar [[r.AmbientOcclusionMaxQuality:100]]
[2022.02.21-17.47.42:656][  0]LogConfig: Setting CVar [[r.AmbientOcclusionLevels:-1]]
[2022.02.21-17.47.42:656][  0]LogConfig: Setting CVar [[r.AmbientOcclusionRadiusScale:1.0]]
[2022.02.21-17.47.42:657][  0]LogConfig: Setting CVar [[r.DepthOfFieldQuality:2]]
[2022.02.21-17.47.42:662][  0]LogConfig: Setting CVar [[r.RenderTargetPoolMin:400]]
[2022.02.21-17.47.42:662][  0]LogConfig: Setting CVar [[r.LensFlareQuality:2]]
[2022.02.21-17.47.42:663][  0]LogConfig: Setting CVar [[r.SceneColorFringeQuality:1]]
[2022.02.21-17.47.42:663][  0]LogConfig: Setting CVar [[r.EyeAdaptationQuality:2]]
[2022.02.21-17.47.42:664][  0]LogConfig: Setting CVar [[r.BloomQuality:5]]
[2022.02.21-17.47.42:665][  0]LogConfig: Setting CVar [[r.FastBlurThreshold:100]]
[2022.02.21-17.47.42:665][  0]LogConfig: Setting CVar [[r.Upscale.Quality:3]]
[2022.02.21-17.47.42:666][  0]LogConfig: Setting CVar [[r.Tonemapper.GrainQuantization:1]]
[2022.02.21-17.47.42:666][  0]LogConfig: Setting CVar [[r.LightShaftQuality:1]]
[2022.02.21-17.47.42:666][  0]LogConfig: Setting CVar [[r.Filter.SizeScale:1]]
[2022.02.21-17.47.42:667][  0]LogConfig: Setting CVar [[r.Tonemapper.Quality:5]]
[2022.02.21-17.47.42:667][  0]LogConfig: Setting CVar [[r.DOF.Gather.AccumulatorQuality:1        ; higher gathering accumulator quality]]
[2022.02.21-17.47.42:668][  0]LogConfig: Setting CVar [[r.DOF.Gather.PostfilterMethod:1          ; Median3x3 postfilering method]]
[2022.02.21-17.47.42:668][  0]LogConfig: Setting CVar [[r.DOF.Gather.EnableBokehSettings:0       ; no bokeh simulation when gathering]]
[2022.02.21-17.47.42:669][  0]LogConfig: Setting CVar [[r.DOF.Gather.RingCount:4                 ; medium number of samples when gathering]]
[2022.02.21-17.47.42:669][  0]LogConfig: Setting CVar [[r.DOF.Scatter.ForegroundCompositing:1    ; additive foreground scattering]]
[2022.02.21-17.47.42:670][  0]LogConfig: Setting CVar [[r.DOF.Scatter.BackgroundCompositing:2    ; additive background scattering]]
[2022.02.21-17.47.42:673][  0]LogConfig: Setting CVar [[r.DOF.Scatter.EnableBokehSettings:1      ; bokeh simulation when scattering]]
[2022.02.21-17.47.42:674][  0]LogConfig: Setting CVar [[r.DOF.Scatter.MaxSpriteRatio:0.1         ; only a maximum of 10% of scattered bokeh]]
[2022.02.21-17.47.42:674][  0]LogConfig: Setting CVar [[r.DOF.Recombine.Quality:1                ; cheap slight out of focus]]
[2022.02.21-17.47.42:675][  0]LogConfig: Setting CVar [[r.DOF.Recombine.EnableBokehSettings:0    ; no bokeh simulation on slight out of focus]]
[2022.02.21-17.47.42:675][  0]LogConfig: Setting CVar [[r.DOF.TemporalAAQuality:1                ; more stable temporal accumulation]]
[2022.02.21-17.47.42:675][  0]LogConfig: Setting CVar [[r.DOF.Kernel.MaxForegroundRadius:0.025]]
[2022.02.21-17.47.42:676][  0]LogConfig: Setting CVar [[r.DOF.Kernel.MaxBackgroundRadius:0.025]]
[2022.02.21-17.47.42:676][  0]LogConfig: Applying CVar settings from Section [TextureQuality@3] File [D:/GitHub/GAME259-2022-A/GAME259_A_URE/Saved/Config/Windows/Scalability.ini]
[2022.02.21-17.47.42:677][  0]LogConfig: Setting CVar [[r.Streaming.MipBias:0]]
[2022.02.21-17.47.42:677][  0]LogConfig: Setting CVar [[r.Streaming.AmortizeCPUToGPUCopy:0]]
[2022.02.21-17.47.42:678][  0]LogConfig: Setting CVar [[r.Streaming.MaxNumTexturesToStreamPerFrame:0]]
[2022.02.21-17.47.42:678][  0]LogConfig: Setting CVar [[r.Streaming.Boost:1]]
[2022.02.21-17.47.42:679][  0]LogConfig: Setting CVar [[r.MaxAnisotropy:8]]
[2022.02.21-17.47.42:679][  0]LogConfig: Setting CVar [[r.VT.MaxAnisotropy:8]]
[2022.02.21-17.47.42:679][  0]LogConfig: Setting CVar [[r.Streaming.LimitPoolSizeToVRAM:0]]
[2022.02.21-17.47.42:680][  0]LogConfig: Setting CVar [[r.Streaming.PoolSize:1000]]
[2022.02.21-17.47.42:681][  0]LogConfig: Setting CVar [[r.Streaming.MaxEffectiveScreenSize:0]]
[2022.02.21-17.47.42:681][  0]LogConfig: Applying CVar settings from Section [EffectsQuality@3] File [D:/GitHub/GAME259-2022-A/GAME259_A_URE/Saved/Config/Windows/Scalability.ini]
[2022.02.21-17.47.42:682][  0]LogConfig: Setting CVar [[r.TranslucencyLightingVolumeDim:64]]
[2022.02.21-17.47.42:686][  0]LogConfig: Setting CVar [[r.RefractionQuality:2]]
[2022.02.21-17.47.42:687][  0]LogConfig: Setting CVar [[r.SSR.Quality:3]]
[2022.02.21-17.47.42:687][  0]LogConfig: Setting CVar [[r.SSR.HalfResSceneColor:0]]
[2022.02.21-17.47.42:688][  0]LogConfig: Setting CVar [[r.SceneColorFormat:4]]
[2022.02.21-17.47.42:688][  0]LogConfig: Setting CVar [[r.DetailMode:2]]
[2022.02.21-17.47.42:688][  0]LogConfig: Setting CVar [[r.TranslucencyVolumeBlur:1]]
[2022.02.21-17.47.42:689][  0]LogConfig: Setting CVar [[r.MaterialQualityLevel:1 ; High quality]]
[2022.02.21-17.47.42:689][  0]LogConfig: Setting CVar [[r.AnisotropicMaterials:1]]
[2022.02.21-17.47.42:690][  0]LogConfig: Setting CVar [[r.SSS.Scale:1]]
[2022.02.21-17.47.42:690][  0]LogConfig: Setting CVar [[r.SSS.SampleSet:2]]
[2022.02.21-17.47.42:690][  0]LogConfig: Setting CVar [[r.SSS.Quality:1]]
[2022.02.21-17.47.42:691][  0]LogConfig: Setting CVar [[r.SSS.HalfRes:0]]
[2022.02.21-17.47.42:691][  0]LogConfig: Setting CVar [[r.SSGI.Quality:3]]
[2022.02.21-17.47.42:691][  0]LogConfig: Setting CVar [[r.EmitterSpawnRateScale:1.0]]
[2022.02.21-17.47.42:692][  0]LogConfig: Setting CVar [[r.ParticleLightQuality:2]]
[2022.02.21-17.47.42:692][  0]LogConfig: Setting CVar [[r.SkyAtmosphere.AerialPerspectiveLUT.FastApplyOnOpaque:1 ; Always have FastSkyLUT 1 in this case to avoid wrong sky]]
[2022.02.21-17.47.42:692][  0]LogConfig: Setting CVar [[r.SkyAtmosphere.AerialPerspectiveLUT.SampleCountMaxPerSlice:4]]
[2022.02.21-17.47.42:693][  0]LogConfig: Setting CVar [[r.SkyAtmosphere.AerialPerspectiveLUT.DepthResolution:16.0]]
[2022.02.21-17.47.42:693][  0]LogConfig: Setting CVar [[r.SkyAtmosphere.FastSkyLUT:1]]
[2022.02.21-17.47.42:693][  0]LogConfig: Setting CVar [[r.SkyAtmosphere.FastSkyLUT.SampleCountMin:4.0]]
[2022.02.21-17.47.42:694][  0]LogConfig: Setting CVar [[r.SkyAtmosphere.FastSkyLUT.SampleCountMax:128.0]]
[2022.02.21-17.47.42:694][  0]LogConfig: Setting CVar [[r.SkyAtmosphere.SampleCountMin:4.0]]
[2022.02.21-17.47.42:694][  0]LogConfig: Setting CVar [[r.SkyAtmosphere.SampleCountMax:128.0]]
[2022.02.21-17.47.42:695][  0]LogConfig: Setting CVar [[r.SkyAtmosphere.TransmittanceLUT.UseSmallFormat:0]]
[2022.02.21-17.47.42:700][  0]LogConfig: Setting CVar [[r.SkyAtmosphere.TransmittanceLUT.SampleCount:10.0]]
[2022.02.21-17.47.42:700][  0]LogConfig: Setting CVar [[r.SkyAtmosphere.MultiScatteringLUT.SampleCount:15.0]]
[2022.02.21-17.47.42:700][  0]LogConfig: Setting CVar [[r.SkyLight.RealTimeReflectionCapture:1]]
[2022.02.21-17.47.42:701][  0]LogConfig: Applying CVar settings from Section [FoliageQuality@3] File [D:/GitHub/GAME259-2022-A/GAME259_A_URE/Saved/Config/Windows/Scalability.ini]
[2022.02.21-17.47.42:701][  0]LogConfig: Setting CVar [[foliage.DensityScale:1.0]]
[2022.02.21-17.47.42:702][  0]LogConfig: Setting CVar [[grass.DensityScale:1.0]]
[2022.02.21-17.47.42:702][  0]LogConfig: Applying CVar settings from Section [ShadingQuality@3] File [D:/GitHub/GAME259-2022-A/GAME259_A_URE/Saved/Config/Windows/Scalability.ini]
[2022.02.21-17.47.42:702][  0]LogConfig: Setting CVar [[r.HairStrands.SkyLighting.IntegrationType:2]]
[2022.02.21-17.47.42:703][  0]LogConfig: Setting CVar [[r.HairStrands.SkyAO.SampleCount:4]]
[2022.02.21-17.47.42:703][  0]LogConfig: Setting CVar [[r.HairStrands.Visibility.MSAA.SamplePerPixel:4]]
[2022.02.21-17.47.42:704][  0]LogConfig: Applying CVar settings from Section [Startup] File [../../../Engine/Config/ConsoleVariables.ini]
[2022.02.21-17.47.42:704][  0]LogConfig: Setting CVar [[net.UseAdaptiveNetUpdateFrequency:0]]
[2022.02.21-17.47.42:705][  0]LogConfig: Setting CVar [[p.chaos.AllowCreatePhysxBodies:1]]
[2022.02.21-17.47.42:705][  0]LogConfig: Setting CVar [[fx.SkipVectorVMBackendOptimizations:1]]
[2022.02.21-17.47.42:705][  0]LogConfig: Applying CVar settings from Section [ConsoleVariables] File [D:/GitHub/GAME259-2022-A/GAME259_A_URE/Saved/Config/Windows/Engine.ini]
[2022.02.21-17.47.42:706][  0]LogConfig: Applying CVar settings from Section [ConsoleVariables] File [D:/GitHub/GAME259-2022-A/GAME259_A_URE/Saved/Config/Windows/Editor.ini]
[2022.02.21-17.47.42:706][  0]LogInit: Computer: OMEN
[2022.02.21-17.47.42:707][  0]LogInit: User: James
[2022.02.21-17.47.42:707][  0]LogInit: CPU Page size=4096, Cores=6
[2022.02.21-17.47.42:707][  0]LogInit: High frequency timer resolution =10.000000 MHz
[2022.02.21-17.47.42:708][  0]LogMemory: Memory total: Physical=15.9GB (16GB approx)
[2022.02.21-17.47.42:715][  0]LogMemory: Platform Memory Stats for Windows
[2022.02.21-17.47.42:715][  0]LogMemory: Process Physical Memory: 148.05 MB used, 148.05 MB peak
[2022.02.21-17.47.42:715][  0]LogMemory: Process Virtual Memory: 132.06 MB used, 132.06 MB peak
[2022.02.21-17.47.42:716][  0]LogMemory: Physical Memory: 11859.54 MB used,  4415.30 MB free, 16274.84 MB total
[2022.02.21-17.47.42:716][  0]LogMemory: Virtual Memory: 134211192.00 MB used,  6538.37 MB free, 134217728.00 MB total
[2022.02.21-17.47.42:723][  0]LogWindows: WindowsPlatformFeatures enabled
[2022.02.21-17.47.42:779][  0]LogInit: Physics initialised using underlying interface: PhysX
[2022.02.21-17.47.42:780][  0]LogInit: Using OS detected language (en-US).
[2022.02.21-17.47.42:782][  0]LogInit: Using OS detected locale (en-US).
[2022.02.21-17.47.42:786][  0]LogTextLocalizationManager: No specific localization for 'en-US' exists, so the 'en' localization will be used.
[2022.02.21-17.47.43:051][  0]LogWindowsTextInputMethodSystem: Display: IME system deactivated.
[2022.02.21-17.47.43:096][  0]LogSlate: New Slate User Created.  User Index 0, Is Virtual User: 0
[2022.02.21-17.47.43:096][  0]LogSlate: Slate User Registered.  User Index 0, Is Virtual User: 0
[2022.02.21-17.47.43:131][  0]LogD3D11RHI: Loaded GFSDK_Aftermath_Lib.x64.dll
[2022.02.21-17.47.43:185][  0]LogHMD: Optional extension XR_VARJO_quad_views is not available
[2022.02.21-17.47.43:185][  0]LogHMD: Warning: Required extension XR_EXT_eye_gaze_interaction is not available
[2022.02.21-17.47.43:187][  0]LogHMD: Could not enable all required OpenXR extensions for OpenXREyeTracker on current system. This plugin will be loaded but ignored, but will be enabled on a target platform that supports the required extension.
[2022.02.21-17.47.43:689][  0]LogHMD: Failed to get an OpenXR system, result is XR_ERROR_FORM_FACTOR_UNAVAILABLE. Please check that your runtime supports VR headsets.
[2022.02.21-17.47.43:689][  0]LogD3D11RHI: D3D11 min allowed feature level: 11_0
[2022.02.21-17.47.43:690][  0]LogD3D11RHI: D3D11 max allowed feature level: 11_0
[2022.02.21-17.47.43:691][  0]LogD3D11RHI: D3D11 adapters:
[2022.02.21-17.47.43:795][  0]LogD3D11RHI:    0. 'NVIDIA GeForce GTX 1070' (Feature Level 11_0)
[2022.02.21-17.47.43:795][  0]LogD3D11RHI:       8088/0/8137 MB DedicatedVideo/DedicatedSystem/SharedSystem, Outputs:2, VendorId:0x10de
[2022.02.21-17.47.43:800][  0]LogD3D11RHI:    1. 'Microsoft Basic Render Driver' (Feature Level 11_0)
[2022.02.21-17.47.43:800][  0]LogD3D11RHI:       0/0/8137 MB DedicatedVideo/DedicatedSystem/SharedSystem, Outputs:0, VendorId:0x1414
[2022.02.21-17.47.43:801][  0]LogD3D11RHI: Chosen D3D11 Adapter:
[2022.02.21-17.47.43:801][  0]LogD3D11RHI:     Description : NVIDIA GeForce GTX 1070
[2022.02.21-17.47.43:802][  0]LogD3D11RHI:     VendorId    : 10de
[2022.02.21-17.47.43:802][  0]LogD3D11RHI:     DeviceId    : 1b81
[2022.02.21-17.47.43:802][  0]LogD3D11RHI:     SubSysId    : 82fb103c
[2022.02.21-17.47.43:803][  0]LogD3D11RHI:     Revision    : 00a1
[2022.02.21-17.47.43:803][  0]LogD3D11RHI:     DedicatedVideoMemory : 8480882688 bytes
[2022.02.21-17.47.43:804][  0]LogD3D11RHI:     DedicatedSystemMemory : 0 bytes
[2022.02.21-17.47.43:805][  0]LogD3D11RHI:     SharedSystemMemory : 8532705280 bytes
[2022.02.21-17.47.43:808][  0]LogD3D11RHI:     AdapterLuid : 0 89200
[2022.02.21-17.47.43:819][  0]LogD3D11RHI: Creating new Direct3DDevice
[2022.02.21-17.47.43:819][  0]LogD3D11RHI:     GPU DeviceId: 0x1b81 (for the marketing name, search the web for "GPU Device Id")
[2022.02.21-17.47.43:820][  0]LogWindows: EnumDisplayDevices:
[2022.02.21-17.47.43:821][  0]LogWindows:    0. 'NVIDIA GeForce GTX 1070' (P:1 D:1)
[2022.02.21-17.47.43:823][  0]LogWindows:    1. 'NVIDIA GeForce GTX 1070' (P:0 D:1)
[2022.02.21-17.47.43:826][  0]LogWindows:    2. 'NVIDIA GeForce GTX 1070' (P:0 D:0)
[2022.02.21-17.47.43:829][  0]LogWindows:    3. 'NVIDIA GeForce GTX 1070' (P:0 D:0)
[2022.02.21-17.47.43:831][  0]LogWindows: DebugString: FoundDriverCount:4 
[2022.02.21-17.47.43:832][  0]LogD3D11RHI:     Adapter Name: NVIDIA GeForce GTX 1070
[2022.02.21-17.47.43:833][  0]LogD3D11RHI:   Driver Version: 472.08 (internal:30.0.14.7208, unified:472.08)
[2022.02.21-17.47.43:833][  0]LogD3D11RHI:      Driver Date: 9-13-2021
[2022.02.21-17.47.43:833][  0]LogRHI: Texture pool is 5661 MB (70% of 8088 MB)
[2022.02.21-17.47.43:834][  0]LogD3D11RHI: Creating D3DDevice using adapter:
[2022.02.21-17.47.43:834][  0]LogD3D11RHI:     Description : NVIDIA GeForce GTX 1070
[2022.02.21-17.47.43:834][  0]LogD3D11RHI:     VendorId    : 10de
[2022.02.21-17.47.43:835][  0]LogD3D11RHI:     DeviceId    : 1b81
[2022.02.21-17.47.43:835][  0]LogD3D11RHI:     SubSysId    : 82fb103c
[2022.02.21-17.47.43:835][  0]LogD3D11RHI:     Revision    : 00a1
[2022.02.21-17.47.43:836][  0]LogD3D11RHI:     DedicatedVideoMemory : 8480882688 bytes
[2022.02.21-17.47.43:836][  0]LogD3D11RHI:     DedicatedSystemMemory : 0 bytes
[2022.02.21-17.47.43:837][  0]LogD3D11RHI:     SharedSystemMemory : 8532705280 bytes
[2022.02.21-17.47.43:840][  0]LogD3D11RHI:     AdapterLuid : 0 89200
[2022.02.21-17.47.43:930][  0]LogD3D11RHI: RHI has support for 64 bit atomics
[2022.02.21-17.47.43:930][  0]LogD3D11RHI: Async texture creation enabled
[2022.02.21-17.47.43:933][  0]LogD3D11RHI: Array index from any shader is supported
[2022.02.21-17.47.43:936][  0]LogD3D11RHI: HDR output is supported on display 0 (NvId: 0x80061082).
[2022.02.21-17.47.43:954][  0]LogD3D11RHI: GPU Timing Frequency: 1000.000000 (Debug: 2 1)
[2022.02.21-17.47.43:989][  0]LogRHI: GeForceNow SDK initialized: 1
[2022.02.21-17.47.44:329][  0]LogTargetPlatformManager: Display: Loaded TargetPlatform 'WindowsNoEditor'
[2022.02.21-17.47.44:332][  0]LogTargetPlatformManager: Display: Loaded TargetPlatform 'Windows'
[2022.02.21-17.47.44:335][  0]LogTargetPlatformManager: Display: Loaded TargetPlatform 'WindowsClient'
[2022.02.21-17.47.44:338][  0]LogTargetPlatformManager: Display: Loaded TargetPlatform 'WindowsServer'
[2022.02.21-17.47.44:338][  0]LogTargetPlatformManager: Display: Building Assets For Windows
[2022.02.21-17.47.44:341][  0]LogAudioDebug: Display: Lib vorbis DLL was dynamically loaded.
[2022.02.21-17.47.44:354][  0]LogTextureFormatOodle: Display: Oodle Texture 2.9.0 init RDO Off
[2022.02.21-17.47.44:370][  0]LogRendererCore: Ray tracing is disabled. Reason: r.RayTracing=0.
[2022.02.21-17.47.44:370][  0]LogShaderCompilers: Guid format shader working directory is -2 characters bigger than the processId version (../../../../GitHub/GAME259-2022-A/GAME259_A_URE/Intermediate/Shaders/WorkingDirectory/25824/).
[2022.02.21-17.47.44:372][  0]LogShaderCompilers: Cleaned the shader compiler working directory 'C:/Users/James/AppData/Local/Temp/UnrealShaderWorkingDir/F11CCC0244EBC2079B07B0AA3B5376A0/'.
[2022.02.21-17.47.44:372][  0]LogXGEController: Cannot use XGE Controller as Incredibuild is not installed on this machine.
[2022.02.21-17.47.44:372][  0]LogShaderCompilers: Cannot use XGE Shader Compiler as Incredibuild is not installed on this machine.
[2022.02.21-17.47.44:373][  0]LogShaderCompilers: Display: Using Local Shader Compiler.
[2022.02.21-17.47.45:205][  0]LogDerivedDataCache: Display: Max Cache Size: 512 MB
[2022.02.21-17.47.45:279][  0]LogDerivedDataCache: Loaded boot cache 0.07s 103MB C:/Users/James/AppData/Local/UnrealEngine/4.27/DerivedDataCache/Boot.ddc.
[2022.02.21-17.47.45:279][  0]LogDerivedDataCache: Display: Loaded Boot cache: C:/Users/James/AppData/Local/UnrealEngine/4.27/DerivedDataCache/Boot.ddc
[2022.02.21-17.47.45:281][  0]LogDerivedDataCache: FDerivedDataBackendGraph:  Pak pak cache file ../../../../GitHub/GAME259-2022-A/GAME259_A_URE/DerivedDataCache/DDC.ddp not found, will not use a pak cache.
[2022.02.21-17.47.45:282][  0]LogDerivedDataCache: Unable to find inner node Pak for hierarchical cache Hierarchy.
[2022.02.21-17.47.45:283][  0]LogDerivedDataCache: FDerivedDataBackendGraph:  CompressedPak pak cache file ../../../../GitHub/GAME259-2022-A/GAME259_A_URE/DerivedDataCache/Compressed.ddp not found, will not use a pak cache.
[2022.02.21-17.47.45:283][  0]LogDerivedDataCache: Unable to find inner node CompressedPak for hierarchical cache Hierarchy.
[2022.02.21-17.47.45:302][  0]LogDerivedDataCache: Display: Pak cache opened for reading ../../../Engine/DerivedDataCache/Compressed.ddp.
[2022.02.21-17.47.45:302][  0]LogDerivedDataCache: FDerivedDataBackendGraph:  EnterprisePak pak cache file ../../../Enterprise/DerivedDataCache/Compressed.ddp not found, will not use a pak cache.
[2022.02.21-17.47.45:305][  0]LogDerivedDataCache: Unable to find inner node EnterprisePak for hierarchical cache Hierarchy.
[2022.02.21-17.47.45:314][  0]LogDerivedDataCache: Speed tests for C:/Users/James/AppData/Local/UnrealEngine/Common/DerivedDataCache took 0.01 seconds
[2022.02.21-17.47.45:314][  0]LogDerivedDataCache: Display: Performance to C:/Users/James/AppData/Local/UnrealEngine/Common/DerivedDataCache: Latency=0.03ms. RandomReadSpeed=1331.17MBs, RandomWriteSpeed=124.41MBs. Assigned SpeedClass 'Local'
[2022.02.21-17.47.45:317][  0]LogDerivedDataCache: Using Local data cache path C:/Users/James/AppData/Local/UnrealEngine/Common/DerivedDataCache: Writable
[2022.02.21-17.47.45:317][  0]LogDerivedDataCache: Shared data cache path not found in *engine.ini, will not use an Shared cache.
[2022.02.21-17.47.45:318][  0]LogDerivedDataCache: Unable to find inner node Shared for hierarchical cache Hierarchy.
[2022.02.21-17.47.45:366][  0]LogSlate: Using FreeType 2.10.0
[2022.02.21-17.47.45:367][  0]LogSlate: SlateFontServices - WITH_FREETYPE: 1, WITH_HARFBUZZ: 1
[2022.02.21-17.47.45:868][  0]LogHMD: Failed to get an OpenXR system, result is XR_ERROR_FORM_FACTOR_UNAVAILABLE. Please check that your runtime supports VR headsets.
[2022.02.21-17.47.45:963][  0]LogInit: Using OS detected language (en-US).
[2022.02.21-17.47.45:963][  0]LogInit: Using OS detected locale (en-US).
[2022.02.21-17.47.45:966][  0]LogTextLocalizationManager: No localization for 'en-US' exists, so 'en' will be used for the language.
[2022.02.21-17.47.45:967][  0]LogTextLocalizationManager: No localization for 'en-US' exists, so 'en' will be used for the locale.
[2022.02.21-17.47.45:968][  0]LogSlate: FontCache flush requested. Reason: Culture for localization was changed
[2022.02.21-17.47.45:968][  0]LogSlate: FontCache flush requested. Reason: Culture for localization was changed
[2022.02.21-17.47.45:972][  0]LogTextLocalizationManager: Compacting localization data took   0.01ms
[2022.02.21-17.47.45:972][  0]LogAssetRegistry: FAssetRegistry took 0.0020 seconds to start up
[2022.02.21-17.47.46:173][  0]LogPackageLocalizationCache: Processed 27 localized package path(s) for 1 prioritized culture(s) in 0.033857 seconds
[2022.02.21-17.47.46:240][  0]LogInit: Selected Device Profile: [Windows]
[2022.02.21-17.47.46:241][  0]LogInit: Active device profile: [000002B6296BCA00][000002B61FEFAB40 49] Windows
[2022.02.21-17.47.46:242][  0]LogInit: Profiles: [000002B6296BCA00][000002B61FEFAB40 49] Windows, [000002B62968DA00][000002B61FF02CC0 49] WindowsNoEditor, [000002B6296BF500][000002B61FF98E40 49] WindowsServer, [000002B62968FD00][000002B61FF9CFC0 49] WindowsClient, [000002B6296BF300][000002B61FFA1140 49] IOS, [000002B62968FF00][000002B61FFA52C0 49] iPadAir, [000002B6296BE000][000002B61FFA9440 49] iPadAir2, [000002B629634C00][000002B61FFAD680 49] IPadPro, [000002B629634D00][000002B61FEFF6C0 49] iPadAir3, [000002B62968F300][000002B61FFB1800 49] iPadAir4, [000002B629637200][000002B61FFB5940 49] iPadMini2, [000002B62968EA00][000002B61FFBDAC0 49] iPadMini3, [000002B629635700][000002B61FFC00C0 49] iPadMini4, [000002B62968E300][000002B61FFC4240 49] iPadMini5, [000002B629654500][000002B61FFCC500 49] iPhone6, [000002B629654600][000002B61FFC8540 49] iPodTouch6, [000002B629637800][000002B61FFD4800 49] iPhone7, [000002B629635C00][000002B61FFD0840 49] iPodTouch7, [000002B629654400][000002B61FFD89C0 49] iPhone5S, [000002B62968E100][000002B61FFDCB40 49] iPhone6Plus, [000002B629656F00][000002B61FFE0CC0 49] iPhone6S, [000002B629634A00][000002B621618E40 49] iPhone6SPlus, [000002B629656300][000002B62161CFC0 49] iPhone7Plus, [000002B629634100][000002B621621140 49] iPhoneSE, [000002B629654800][000002B6216252C0 49] iPhone8, [000002B629635F00][000002B621629440 49] iPhone8Plus, [000002B629654700][000002B62162D5C0 49] iPhoneX, [000002B629636200][000002B61FFB9700 49] iPhoneXS, [000002B629657800][000002B621631840 49] iPhoneXSMax, [000002B629634900][000002B621635980 49] iPhoneXR, [000002B629655900][000002B621639AC0 49] iPhone11, [000002B629636800][000002B6216400C0 49] iPhone11Pro, [000002B629655000][000002B621644240 49] iPhone11ProMax, [000002B629635500][000002B6216483C0 49] iPhoneSE2, [000002B629657500][000002B62164C540 49] iPhone12Mini, [000002B629637D00][000002B6216506C0 49] iPhone12, [000002B629655F00][000002B621654840 49] iPhone12Pro, [000002B629637000][000002B6216589C0 49] iPhone12ProMax, [000002B629655400][000002B62165CB40 49] iPadPro105, [000002B629636700][000002B621660CC0 49] iPadPro129, [000002B629657400][000002B621664E40 49] iPadPro97, [000002B629636600][000002B621668FC0 49] iPadPro2_129, [000002B629655E00][000002B62166D140 49] iPad5, [000002B629634200][000002B6216712C0 49] iPad6, [000002B629657B00][000002B621675440 49] iPad7, [000002B629637B00][000002B6216795C0 49] iPad8, [000002B629657A00][000002B62167D740 49] iPadPro11, [000002B629636900][000002B6216818C0 49] iPadPro2_11, [000002B629655C00][000002B62163DA00 49] iPadPro3_129, [000002B629634F00][000002B621685B40 49] iPadPro4_129, [000002B629654100][000002B621688100 49] AppleTV, [000002B629635000][000002B621690280 49] AppleTV4K, [000002B629657D00][000002B621694400 49] TVOS, [000002B629634700][000002B621698580 49] Mac, [000002B629654300][000002B62169C700 49] MacClient, [000002B629634600][000002B6216A0880 49] MacNoEditor, [000002B629655700][000002B6216A4A00 49] MacServer, [000002B629635600][000002B6216A8B80 49] Linux, [000002B629657000][000002B6216ACD00 49] LinuxAArch64, [000002B629637400][000002B6216B0E80 49] LinuxNoEditor, [000002B629656E00][000002B6216B5000 49] LinuxAArch64NoEditor, [000002B629637700][000002B6216B9180 49] LinuxClient, [000002B629654C00][000002B6216BD300 49] LinuxAArch64Client, [000002B629636400][000002B6216C1480 49] LinuxServer, [000002B629657E00][000002B6216C5600 49] LinuxAArch64Server, [000002B629637900][000002B6216C9780 49] Android, [000002B629654B00][000002B6216CD900 49] Android_Low, [000002B629637500][000002B629ACFA80 49] Android_Mid, [000002B629656800][000002B62168DBC0 49] Android_High, [000002B62968F800][000002B629AD2180 49] Android_Default, [000002B6296BE100][000002B629AD62C0 49] Android_Adreno4xx, [000002B62968FE00][000002B629ADE440 49] Android_Adreno5xx_Low, [000002B6296BEB00][000002B629AE25C0 49] Android_Adreno5xx, [000002B62968F200][000002B629AE6740 49] Android_Adreno6xx, [000002B6296BE800][000002B629AEA8C0 49] Android_Adreno6xx_Vulkan, [000002B62968D900][000002B629AEEA40 49] Android_Mali_T6xx, [000002B6296BFB00][000002B629AF2BC0 49] Android_Mali_T7xx, [000002B62968CB00][000002B629AF6D40 49] Android_Mali_T8xx, [000002B6296BFE00][000002B629AFAEC0 49] Android_Mali_G71, [000002B62968CA00][000002B629AFF040 49] Android_Mali_G72, [000002B6296BD800][000002B629B031C0 49] Android_Mali_G72_Vulkan, [000002B62968F600][000002B629B07340 49] Android_Mali_G76, [000002B6296BDB00][000002B629B0B4C0 49] Android_Mali_G76_Vulkan, [000002B62968DF00][000002B629B0F640 49] Android_Mali_G77, [000002B6296BD000][000002B629B137C0 49] Android_Mali_G77_Vulkan, [000002B62968D700][000002B629B17940 49] Android_Mali_G78, [000002B6296BE900][000002B629B1BAC0 49] Android_Mali_G78_Vulkan, [000002B62968E800][000002B629B1E0C0 49] Android_Mali_G710, [000002B6296BC700][000002B629ADA200 49] Android_Mali_G710_Vulkan, [000002B62968D100][000002B629B22340 49] Android_Vulkan_SM5, [000002B6296BD600][000002B629B26480 49] Android_PowerVR_G6xxx, [000002B62968D500][000002B629B2A5C0 49] Android_PowerVR_GT7xxx, [000002B6296BEF00][000002B629B32740 49] Android_PowerVR_GE8xxx, [000002B62968D400][000002B629B368C0 49] Android_PowerVR_GM9xxx, [000002B6296BC300][000002B629B3AA40 49] Android_PowerVR_GM9xxx_Vulkan, [000002B62968C400][000002B629B3EBC0 49] Android_TegraK1, [000002B6296BEC00][000002B629B42D40 49] Android_Unknown_Vulkan, [000002B62968C300][000002B629B46EC0 49] Lumin, [000002B629635900][000002B629B4B040 49] Lumin_Desktop, [000002B62968EE00][000002B629B4F1C0 49] HoloLens, 
[2022.02.21-17.47.46:281][  0]LogMeshReduction: Using QuadricMeshReduction for automatic static mesh reduction
[2022.02.21-17.47.46:281][  0]LogMeshReduction: Using SimplygonMeshReduction for automatic skeletal mesh reduction
[2022.02.21-17.47.46:285][  0]LogMeshReduction: Using ProxyLODMeshReduction for automatic mesh merging
[2022.02.21-17.47.46:286][  0]LogMeshReduction: No distributed automatic mesh merging module available
[2022.02.21-17.47.46:287][  0]LogMeshMerging: No distributed automatic mesh merging module available
[2022.02.21-17.47.46:432][  0]LogNetVersion: GAME259_A_URE 1.0.0, NetCL: 17155196, EngineNetVer: 17, GameNetVer: 0 (Checksum: 2250587433)
[2022.02.21-17.47.46:720][  0]LogTexture: Default maximum texture size for cubemaps generated from long-lat sources has been changed from 512 to unlimited. In order to preserve old behaiour for '/Engine/MapTemplates/Sky/DaylightAmbientCubemap.DaylightAmbientCubemap', its maximum texture size has been explicitly set to 512.
[2022.02.21-17.47.46:779][  0]LogHMD: PokeAHoleMaterial loaded successfully
[2022.02.21-17.47.46:872][  0]LogMoviePlayer: Initializing movie player
[2022.02.21-17.47.46:965][  0]LogPython: Using Python 3.7.7
[2022.02.21-17.47.47:430][  0]LogNiagaraDebuggerClient: Niagara Debugger Client Initialized | Session: 628E7236480E402B4879FCB8DA890785 | Instance: 8987379F4C4267D7A30319A2EFE6A9E9 (OMEN-25824).
[2022.02.21-17.47.47:443][  0]LogCollectionManager: Loaded 0 collections in 0.000943 seconds
[2022.02.21-17.47.47:445][  0]LogFileCache: Scanning file cache for directory 'D:/GitHub/GAME259-2022-A/GAME259_A_URE/Saved/Collections/' took 0.00s
[2022.02.21-17.47.47:446][  0]LogFileCache: Scanning file cache for directory 'D:/GitHub/GAME259-2022-A/GAME259_A_URE/Content/Developers/James/Collections/' took 0.00s
[2022.02.21-17.47.47:446][  0]LogFileCache: Scanning file cache for directory 'D:/GitHub/GAME259-2022-A/GAME259_A_URE/Content/Collections/' took 0.00s
[2022.02.21-17.47.47:447][  0]LogCollectionManager: Fixed up redirectors for 0 collections in 0.000002 seconds (updated 0 objects)
[2022.02.21-17.47.47:594][  0]LogSteamShared: Display: Loading Steam SDK 1.51
[2022.02.21-17.47.47:595][  0]LogSteamShared: Steam SDK Loaded!
[2022.02.21-17.47.47:790][  0]SourceControl: Source control is disabled
[2022.02.21-17.47.47:792][  0]SourceControl: Source control is disabled
[2022.02.21-17.47.47:794][  0]SourceControl: Source control is disabled
[2022.02.21-17.47.47:805][  0]LogUProjectInfo: Found projects:
[2022.02.21-17.47.47:872][  0]LogOpenImageDenoise: OIDN starting up
[2022.02.21-17.47.47:904][  0]LogAndroidPermission: UAndroidPermissionCallbackProxy::GetInstance
[2022.02.21-17.47.47:923][  0]LogAudioCaptureCore: Display: No Audio Capture implementations found. Audio input will be silent.
[2022.02.21-17.47.47:923][  0]LogAudioCaptureCore: Display: No Audio Capture implementations found. Audio input will be silent.
[2022.02.21-17.47.48:000][  0]LogOcInput: OculusInput pre-init called
[2022.02.21-17.47.48:009][  0]LogUObjectArray: 23049 objects as part of root set at end of initial load.
[2022.02.21-17.47.48:009][  0]LogUObjectAllocator: 6399616 out of 0 bytes used by permanent object pool.
[2022.02.21-17.47.48:009][  0]LogUObjectArray: CloseDisregardForGC: 0/0 objects in disregard for GC pool
[2022.02.21-17.47.48:050][  0]LogClass: Display: IntProperty FServerInfo::CurrentPlayers is not initialized properly. Module:GAME259_A_URE File:GameInstance_GAME259_A_URE.h
[2022.02.21-17.47.48:050][  0]LogClass: Display: IntProperty FServerInfo::MaxPlayers is not initialized properly. Module:GAME259_A_URE File:GameInstance_GAME259_A_URE.h
[2022.02.21-17.47.48:052][  0]LogClass: Display: IntProperty FServerInfo::ServerArrayIndex is not initialized properly. Module:GAME259_A_URE File:GameInstance_GAME259_A_URE.h
[2022.02.21-17.47.48:052][  0]LogClass: Display: 3 Uninitialized script struct members found including 0 object properties
[2022.02.21-17.47.48:053][  0]LogEngine: Initializing Engine...
[2022.02.21-17.47.48:555][  0]LogHMD: Failed to get an OpenXR system, result is XR_ERROR_FORM_FACTOR_UNAVAILABLE. Please check that your runtime supports VR headsets.
[2022.02.21-17.47.48:555][  0]LogMagicLeap: Warning: VR disabled because ZI is not enabled.  To enable, in the editor, Edit -> Project Settings -> Plugins -> Magic Leap Plugin -> Enable Zero Iteration
[2022.02.21-17.47.48:558][  0]LogStats: UGameplayTagsManager::InitializeManager -  0.000 s
[2022.02.21-17.47.48:656][  0]LogInit: Initializing FReadOnlyCVARCache
[2022.02.21-17.47.48:656][  0]LogAudio: Display: Initializing Audio Device Manager...
[2022.02.21-17.47.48:662][  0]LogAudio: Display: Loading Default Audio Settings Objects...
[2022.02.21-17.47.48:663][  0]LogAudio: Display: No default SoundConcurrencyObject specified (or failed to load).
[2022.02.21-17.47.48:664][  0]LogAudio: Display: Audio Device Manager Initialized
[2022.02.21-17.47.48:665][  0]LogAudio: Display: Creating Audio Device:                 Id: 1, Scope: Shared, Realtime: True
[2022.02.21-17.47.48:665][  0]LogAudioMixer: Display: Audio Mixer Platform Settings:
[2022.02.21-17.47.48:665][  0]LogAudioMixer: Display: 	Sample Rate:						  48000
[2022.02.21-17.47.48:666][  0]LogAudioMixer: Display: 	Callback Buffer Frame Size Requested: 1024
[2022.02.21-17.47.48:666][  0]LogAudioMixer: Display: 	Callback Buffer Frame Size To Use:	  1024
[2022.02.21-17.47.48:667][  0]LogAudioMixer: Display: 	Number of buffers to queue:			  2
[2022.02.21-17.47.48:670][  0]LogAudioMixer: Display: 	Max Channels (voices):				  32
[2022.02.21-17.47.48:672][  0]LogAudioMixer: Display: 	Number of Async Source Workers:		  0
[2022.02.21-17.47.48:672][  0]LogAudio: Display: AudioDevice MaxSources: 32
[2022.02.21-17.47.48:674][  0]LogAudio: Display: Audio Spatialization Plugin: None (built-in).
[2022.02.21-17.47.48:674][  0]LogAudio: Display: Audio Reverb Plugin: None (built-in).
[2022.02.21-17.47.48:675][  0]LogAudio: Display: Audio Occlusion Plugin: None (built-in).
[2022.02.21-17.47.48:675][  0]LogAudioMixer: Display: Initializing audio mixer.
[2022.02.21-17.47.48:699][  0]LogAudioMixer: Display: 0: FrontLeft
[2022.02.21-17.47.48:699][  0]LogAudioMixer: Display: 1: FrontRight
[2022.02.21-17.47.48:751][  0]LogAudioMixer: Display: Using Audio Device Headphones (Arctis 7 Game)
[2022.02.21-17.47.48:760][  0]LogAudioMixer: Display: Initializing Sound Submixes...
[2022.02.21-17.47.48:762][  0]LogAudioMixer: Display: Creating Master Submix 'MasterSubmixDefault'
[2022.02.21-17.47.48:762][  0]LogAudioMixer: Display: Creating Master Submix 'MasterReverbSubmixDefault'
[2022.02.21-17.47.48:765][  0]LogAudioMixer: Display: Creating Master Submix 'MasterEQSubmixDefault'
[2022.02.21-17.47.48:765][  0]LogAudioMixer: FMixerPlatformXAudio2::StartAudioStream() called
[2022.02.21-17.47.48:766][  0]LogAudioMixer: Display: Output buffers initialized: Frames=1024, Channels=2, Samples=2048
[2022.02.21-17.47.48:767][  0]LogAudioMixer: Display: Starting AudioMixerPlatformInterface::RunInternal()
[2022.02.21-17.47.48:767][  0]LogAudioMixer: Display: FMixerPlatformXAudio2::SubmitBuffer() called for the first time
[2022.02.21-17.47.48:768][  0]LogInit: FAudioDevice initialized.
[2022.02.21-17.47.48:770][  0]LogNetVersion: Set ProjectVersion to 1.0.0.0. Version Checksum will be recalculated on next use.
[2022.02.21-17.47.48:833][  0]LogDerivedDataCache: Saved boot cache 0.06s 103MB C:/Users/James/AppData/Local/UnrealEngine/4.27/DerivedDataCache/Boot.ddc.
[2022.02.21-17.47.48:838][  0]LogInit: Texture streaming: Enabled
[2022.02.21-17.47.48:894][  0]LogAudio: Display: Audio Device (ID: 1) registered with world 'Untitled'.
[2022.02.21-17.47.48:894][  0]LogSlate: Updating window title bar state: overlay mode, drag disabled, window buttons hidden, title bar hidden
[2022.02.21-17.47.48:895][  0]LogInit: Display: Game Engine Initialized.
[2022.02.21-17.47.48:896][  0]LogNiagaraEditor: GEditor isn't valid! Particle reset commands will not work for Niagara components!
[2022.02.21-17.47.48:938][  0]LogInit: Display: Starting Game.
[2022.02.21-17.47.48:938][  0]LogNet: Browse: /Game/LobbySystem/Levels/LobbyMainMenu?Name=Player
[2022.02.21-17.47.48:940][  0]LogLoad: LoadMap: /Game/LobbySystem/Levels/LobbyMainMenu?Name=Player
[2022.02.21-17.47.48:940][  0]LogWorld: BeginTearingDown for /Temp/Untitled_0
[2022.02.21-17.47.48:942][  0]LogWorld: UWorld::CleanupWorld for Untitled, bSessionEnded=true, bCleanupResources=true
[2022.02.21-17.47.48:942][  0]LogSlate: InvalidateAllWidgets triggered.  All widgets were invalidated
[2022.02.21-17.47.48:946][  0]LogAudio: Display: Audio Device unregistered from world 'None'.
[2022.02.21-17.47.48:949][  0]LogUObjectHash: Compacting FUObjectHashTables data took   1.02ms
[2022.02.21-17.47.48:979][  0]LogAudio: Display: Audio Device (ID: 1) registered with world 'LobbyMainMenu'.
[2022.02.21-17.47.48:984][  0]LogAIModule: Creating AISystem for world LobbyMainMenu
[2022.02.21-17.47.48:984][  0]LogLoad: Game class is 'BP_LobbyGameMode_C'
[2022.02.21-17.47.48:986][  0]LogWorld: Bringing World /Game/LobbySystem/Levels/LobbyMainMenu.LobbyMainMenu up for play (max tick rate 0) at 2022.02.21-12.47.48
[2022.02.21-17.47.48:986][  0]LogWorld: Bringing up level for play took: 0.000712
[2022.02.21-17.47.48:987][  0]LogGameMode: FindPlayerStart: PATHS NOT DEFINED or NO PLAYERSTART with positive rating
[2022.02.21-17.47.49:043][  0]LogViewport: Display: Viewport MouseLockMode Changed, LockOnCapture -> DoNotLock
[2022.02.21-17.47.49:043][  0]LogViewport: Display: Viewport MouseCaptureMode Changed, CapturePermanently_IncludingInitialMouseDown -> NoCapture
[2022.02.21-17.47.49:046][  0]LogLoad: Took 0.106184 seconds to LoadMap(/Game/LobbySystem/Levels/LobbyMainMenu)
[2022.02.21-17.47.49:296][  0]LogSlate: Took 0.000229 seconds to synchronously load lazily loaded font '../../../Engine/Content/Slate/Fonts/Roboto-Regular.ttf' (155K)
[2022.02.21-17.47.49:416][  0]LogRenderer: Reallocating scene render targets to support 800x900 Format 10 NumSamples 1 (Frame:1).
[2022.02.21-17.47.49:416][  0]LogInit: Display: Engine is initialized. Leaving FEngineLoop::Init()
[2022.02.21-17.47.49:417][  0]LogLoad: (Engine Initialization) Total time: 9.28 seconds
[2022.02.21-17.47.49:418][  0]LogLoad: (Engine Initialization) Total Blueprint compile time: 0.00 seconds
[2022.02.21-17.47.49:421][  0]LogContentStreaming: Texture pool size now 1000 MB
[2022.02.21-17.47.49:422][  0]LogSlate: InvalidateAllWidgets triggered.  All widgets were invalidated
[2022.02.21-17.47.49:466][  1]LogSlate: Took 0.000188 seconds to synchronously load lazily loaded font '../../../Engine/Content/Slate/Fonts/Roboto-Regular.ttf' (155K)
[2022.02.21-17.47.55:683][860]LogTemp: Warning: Create Server Called
[2022.02.21-17.47.55:711][860]LogTemp: Warning: OnCreateSessionComplete, Succeeded: 1
[2022.02.21-17.47.55:713][860]LogGameMode: ProcessServerTravel: /Game/LobbySystem/Levels/Networking_GameTest?listen
[2022.02.21-17.47.55:714][860]LogEngine: Server switch level: /Game/LobbySystem/Levels/Networking_GameTest?Name=Player?listen
[2022.02.21-17.47.55:715][860]LogNet: Browse: /Game/LobbySystem/Levels/Networking_GameTest?Name=Player?listen
[2022.02.21-17.47.55:715][860]LogLoad: LoadMap: /Game/LobbySystem/Levels/Networking_GameTest?Name=Player?listen
[2022.02.21-17.47.55:715][860]LogWorld: BeginTearingDown for /Game/LobbySystem/Levels/LobbyMainMenu
[2022.02.21-17.47.55:717][860]LogWorld: UWorld::CleanupWorld for LobbyMainMenu, bSessionEnded=true, bCleanupResources=true
[2022.02.21-17.47.55:727][860]LogSlate: InvalidateAllWidgets triggered.  All widgets were invalidated
[2022.02.21-17.47.55:763][860]LogAudio: Display: Waited 35.347000 ms for audio thread.
[2022.02.21-17.47.55:764][860]LogAudio: Display: Waited 36.785698 ms for audio thread.
[2022.02.21-17.47.55:770][860]LogAudio: Display: Audio Device unregistered from world 'None'.
[2022.02.21-17.47.55:772][860]LogUObjectHash: Compacting FUObjectHashTables data took   0.73ms
[2022.02.21-17.47.55:947][860]LogAudio: Display: Audio Device (ID: 1) registered with world 'Networking_GameTest'.
[2022.02.21-17.47.55:947][860]LogAIModule: Creating AISystem for world Networking_GameTest
[2022.02.21-17.47.55:948][860]LogLoad: Game class is 'GAME259_A_UREGameMode'
[2022.02.21-17.47.55:984][860]LogNet: ReplicationDriverClass is null! Not using ReplicationDriver.
[2022.02.21-17.47.55:995][860]LogNetCore: DDoS detection status: detection enabled: 0 analytics enabled: 0
[2022.02.21-17.47.55:996][860]LogInit: WinSock: Socket queue. Rx: 131072 (config 131072) Tx: 131072 (config 131072)
[2022.02.21-17.47.56:007][860]LogNet: Created socket for bind address: 0.0.0.0 on port 7777
[2022.02.21-17.47.56:013][860]PacketHandlerLog: Loaded PacketHandler component: Engine.EngineHandlerComponentFactory (StatelessConnectHandlerComponent)
[2022.02.21-17.47.56:022][860]LogNet: GameNetDriver IpNetDriver_0 IpNetDriver listening on port 7777
[2022.02.21-17.47.56:024][860]LogWorld: Bringing World /Game/LobbySystem/Levels/Networking_GameTest.Networking_GameTest up for play (max tick rate 0) at 2022.02.21-12.47.56
[2022.02.21-17.47.56:025][860]LogWorld: Bringing up level for play took: 0.001879
[2022.02.21-17.47.56:035][860]LogOnlineSession: Warning: OSS: No game present to join for session (GameSession)
[2022.02.21-17.47.56:038][860]LogLoad: Took 0.323333 seconds to LoadMap(/Game/LobbySystem/Levels/Networking_GameTest)
[2022.02.21-17.48.39:642][540]LogSlate: Window 'GAME259_A_URE (64-bit Development PCD3D_SM5) ' being destroyed
[2022.02.21-17.48.39:645][540]LogWindowsTextInputMethodSystem: Display: IME system deactivated.
[2022.02.21-17.48.39:662][540]LogOnlineSession: Warning: OSS: No game present to leave for session (GameSession)
[2022.02.21-17.48.39:669][540]LogSlate: Updating window title bar state: overlay mode, drag disabled, window buttons hidden, title bar hidden
[2022.02.21-17.48.39:670][540]LogEngine: All Windows Closed
[2022.02.21-17.48.39:672][540]LogWindows: FPlatformMisc::RequestExit(0)
[2022.02.21-17.48.39:672][540]LogWindows: FPlatformMisc::RequestExitWithStatus(0, 0)
[2022.02.21-17.48.39:673][540]LogCore: Engine exit requested (reason: Win RequestExit)
[2022.02.21-17.48.39:676][541]LogCore: Engine exit requested (reason: EngineExit() was called; note: exit was already requested)
[2022.02.21-17.48.39:677][541]LogInit: Display: PreExit Game.
[2022.02.21-17.48.39:696][541]LogWorld: BeginTearingDown for /Game/LobbySystem/Levels/Networking_GameTest
[2022.02.21-17.48.39:697][541]LogNet: World NetDriver shutdown IpNetDriver_0 [GameNetDriver]
[2022.02.21-17.48.39:698][541]LogNet: DestroyNamedNetDriver IpNetDriver_0 [GameNetDriver]
[2022.02.21-17.48.39:740][541]LogExit: GameNetDriver IpNetDriver_0 shut down
[2022.02.21-17.48.39:740][541]LogWorld: UWorld::CleanupWorld for Networking_GameTest, bSessionEnded=true, bCleanupResources=true
[2022.02.21-17.48.39:741][541]LogSlate: InvalidateAllWidgets triggered.  All widgets were invalidated
