Log file open, 02/28/22 20:41:57
LogWindows: Failed to load 'aqProf.dll' (GetLastError=126)
LogWindows: File 'aqProf.dll' does not exist
LogWindows: Failed to load 'VtuneApi.dll' (GetLastError=126)
LogWindows: File 'VtuneApi.dll' does not exist
LogWindows: Failed to load 'VtuneApi32e.dll' (GetLastError=126)
LogWindows: File 'VtuneApi32e.dll' does not exist
LogConsoleResponse: Display: Failed to find resolution value strings in scalability ini. Falling back to default.
LogConsoleResponse: Display: Failed to find resolution value strings in scalability ini. Falling back to default.
LogInit: Display: Running engine for game: GAME259_A_URE
LogPlatformFile: Not using cached read wrapper
LogTaskGraph: Started task graph with 5 named threads and 47 total threads with 3 sets of task threads.
LogStats: Stats thread started at 0.177487
LogICUInternationalization: ICU TimeZone Detection - Raw Offset: -5:00, Platform Override: ''
LogInit: Display: Loading text-based GConfig....
LogPluginManager: Mounting plugin MeshPainting
LogPluginManager: Mounting plugin XGEController
LogPluginManager: Mounting plugin Paper2D
LogPluginManager: Mounting plugin LiveLink
LogPluginManager: Mounting plugin AISupport
LogPluginManager: Mounting plugin EnvironmentQueryEditor
LogPluginManager: Mounting plugin OodleData
LogPluginManager: Mounting plugin LightPropagationVolume
LogPluginManager: Mounting plugin OodleNetwork
LogPluginManager: Mounting plugin GameplayCameras
LogPluginManager: Mounting plugin CameraShakePreviewer
LogPluginManager: Mounting plugin CLionSourceCodeAccess
LogPluginManager: Mounting plugin CodeLiteSourceCodeAccess
LogPluginManager: Mounting plugin AnimationSharing
LogPluginManager: Mounting plugin NullSourceCodeAccess
LogPluginManager: Mounting plugin KDevelopSourceCodeAccess
LogPluginManager: Mounting plugin AssetManagerEditor
LogPluginManager: Mounting plugin PerforceSourceControl
LogPluginManager: Mounting plugin PixWinPlugin
LogPluginManager: Mounting plugin GitSourceControl
LogPluginManager: Mounting plugin PlasticSourceControl
LogPluginManager: Mounting plugin PluginUtils
LogPluginManager: Mounting plugin SubversionSourceControl
LogPluginManager: Mounting plugin CryptoKeys
LogPluginManager: Mounting plugin DataValidation
LogPluginManager: Mounting plugin PropertyAccessNode
LogPluginManager: Mounting plugin RiderSourceCodeAccess
LogPluginManager: Mounting plugin GeometryMode
LogPluginManager: Mounting plugin MaterialAnalyzer
LogPluginManager: Mounting plugin MacGraphicsSwitching
LogPluginManager: Mounting plugin MobileLauncherProfileWizard
LogPluginManager: Mounting plugin VisualStudioCodeSourceCodeAccess
LogPluginManager: Mounting plugin XCodeSourceCodeAccess
LogPluginManager: Mounting plugin PluginBrowser
LogPluginManager: Mounting plugin VisualStudioSourceCodeAccess
LogPluginManager: Mounting plugin CurveEditorTools
LogPluginManager: Mounting plugin AlembicImporter
LogPluginManager: Mounting plugin FacialAnimation
LogPluginManager: Mounting plugin Niagara
LogPluginManager: Mounting plugin TextureFormatOodle
LogPluginManager: Mounting plugin GameplayTagsEditor
LogPluginManager: Mounting plugin AutomationUtils
LogPluginManager: Mounting plugin SpeedTreeImporter
LogPluginManager: Mounting plugin BackChannel
LogPluginManager: Mounting plugin ChaosCloth
LogPluginManager: Mounting plugin ChaosEditor
LogPluginManager: Mounting plugin UObjectPlugin
LogPluginManager: Mounting plugin ChaosSolverPlugin
LogPluginManager: Mounting plugin ChaosNiagara
LogPluginManager: Mounting plugin ChaosClothEditor
LogPluginManager: Mounting plugin CharacterAI
LogPluginManager: Mounting plugin GeometryCache
LogPluginManager: Mounting plugin GeometryCollectionPlugin
LogPluginManager: Mounting plugin GeometryProcessing
LogPluginManager: Mounting plugin MotoSynth
LogPluginManager: Mounting plugin OpenImageDenoise
LogPluginManager: Mounting plugin PlanarCut
LogPluginManager: Mounting plugin PlatformCrypto
LogPluginManager: Mounting plugin ProxyLODPlugin
LogPluginManager: Mounting plugin PythonScriptPlugin
LogPluginManager: Mounting plugin SkeletalReduction
LogPluginManager: Mounting plugin AndroidMedia
LogPluginManager: Mounting plugin AvfMedia
LogPluginManager: Mounting plugin ImgMedia
LogPluginManager: Mounting plugin MediaCompositing
LogPluginManager: Mounting plugin MediaPlayerEditor
LogPluginManager: Mounting plugin WebMMedia
LogPluginManager: Mounting plugin LuminPlatformFeatures
LogPluginManager: Mounting plugin WmfMedia
LogPluginManager: Mounting plugin MagicLeap
LogPluginManager: Mounting plugin MagicLeapMedia
LogPluginManager: Mounting plugin MagicLeapLightEstimation
LogPluginManager: Mounting plugin MagicLeapPassableWorld
LogPluginManager: Mounting plugin MLSDK
LogPluginManager: Mounting plugin TcpMessaging
LogPluginManager: Mounting plugin UdpMessaging
LogPluginManager: Mounting plugin EOSShared
LogPluginManager: Mounting plugin ActorSequence
LogPluginManager: Mounting plugin OnlineSubsystem
LogPluginManager: Mounting plugin OnlineSubsystemNull
LogPluginManager: Mounting plugin OnlineSubsystemSteam
LogPluginManager: Mounting plugin OnlineSubsystemUtils
LogPluginManager: Mounting plugin MatineeToLevelSequence
LogPluginManager: Mounting plugin LevelSequenceEditor
LogPluginManager: Mounting plugin TemplateSequence
LogPluginManager: Mounting plugin ScreenshotTools
LogPluginManager: Mounting plugin ActorLayerUtilities
LogPluginManager: Mounting plugin AndroidPermission
LogPluginManager: Mounting plugin AndroidMoviePlayer
LogPluginManager: Mounting plugin AndroidDeviceProfileSelector
LogPluginManager: Mounting plugin AppleImageUtils
LogPluginManager: Mounting plugin ArchVisCharacter
LogPluginManager: Mounting plugin AppleMoviePlayer
LogPluginManager: Mounting plugin AudioCapture
LogPluginManager: Mounting plugin AudioSynesthesia
LogPluginManager: Mounting plugin CableComponent
LogPluginManager: Mounting plugin CustomMeshComponent
LogPluginManager: Mounting plugin AssetTags
LogPluginManager: Mounting plugin LauncherChunkInstaller
LogPluginManager: Mounting plugin ChunkDownloader
LogPluginManager: Mounting plugin EditableMesh
LogPluginManager: Mounting plugin ExampleDeviceProfileSelector
LogPluginManager: Mounting plugin GooglePAD
LogPluginManager: Mounting plugin GoogleCloudMessaging
LogPluginManager: Mounting plugin LocationServicesBPLibrary
LogPluginManager: Mounting plugin IOSDeviceProfileSelector
LogPluginManager: Mounting plugin Takes
LogPluginManager: Mounting plugin LinuxDeviceProfileSelector
LogPluginManager: Mounting plugin MobilePatchingUtils
LogPluginManager: Mounting plugin OpenXREyeTracker
LogPluginManager: Mounting plugin OpenXR
LogPluginManager: Mounting plugin OpenXRHandTracking
LogPluginManager: Mounting plugin PostSplashScreen
LogPluginManager: Mounting plugin PhysXVehicles
LogPluginManager: Mounting plugin PropertyAccessEditor
LogPluginManager: Mounting plugin ProceduralMeshComponent
LogPluginManager: Mounting plugin RuntimePhysXCooking
LogPluginManager: Mounting plugin SignificanceManager
LogPluginManager: Mounting plugin SoundFields
LogPluginManager: Mounting plugin Synthesis
LogPluginManager: Mounting plugin WebMMoviePlayer
LogPluginManager: Mounting plugin WindowsMoviePlayer
LogPluginManager: Mounting plugin DatasmithContent
LogPluginManager: Mounting plugin VariantManagerContent
LogPluginManager: Mounting plugin ContentBrowserAssetDataSource
LogPluginManager: Mounting plugin ContentBrowserClassDataSource
LogPluginManager: Mounting plugin ContentBrowserFileDataSource
LogPluginManager: Mounting plugin OnlineSubsystemIOS
LogPluginManager: Mounting plugin OnlineSubsystemGooglePlay
LogPluginManager: Mounting plugin EOSVoiceChat
LogPluginManager: Mounting plugin OculusVR
LogPluginManager: Mounting plugin SteamShared
PixWinPlugin: PIX capture plugin failed to initialize! Check that the process is launched from PIX.
LogInit: Using libcurl 7.55.1-DEV
LogInit:  - built for x86_64-pc-win32
LogInit:  - supports SSL with OpenSSL/1.1.1
LogInit:  - supports HTTP deflate (compression) using libz 1.2.8
LogInit:  - other features:
LogInit:      CURL_VERSION_SSL
LogInit:      CURL_VERSION_LIBZ
LogInit:      CURL_VERSION_IPV6
LogInit:      CURL_VERSION_ASYNCHDNS
LogInit:      CURL_VERSION_LARGEFILE
LogInit:      CURL_VERSION_IDN
LogInit:  CurlRequestOptions (configurable via config and command line):
LogInit:  - bVerifyPeer = true  - Libcurl will verify peer certificate
LogInit:  - bUseHttpProxy = false  - Libcurl will NOT use HTTP proxy
LogInit:  - bDontReuseConnections = false  - Libcurl will reuse connections
LogInit:  - MaxHostConnections = 16  - Libcurl will limit the number of connections to a host
LogInit:  - LocalHostAddr = Default
LogInit:  - BufferSize = 65536
LogOnline: OSS: Creating online subsystem instance for: NULL
LogInit: WinSock: version 1.1 (2.2), MaxSocks=32767, MaxUdp=65467
LogOnline: OSS: TryLoadSubsystemAndSetDefault: Loaded subsystem for module [NULL]
LogOculusPluginWrapper: OculusPlugin initialized successfully
LogHMD: Failed initializing OVRPlugin 1.59.0
LogInit: Build: ++UE4+Release-4.27-CL-18319896
LogInit: Engine Version: 4.27.2-18319896+++UE4+Release-4.27
LogInit: Compatible Engine Version: 4.27.0-17155196+++UE4+Release-4.27
LogInit: Net CL: 17155196
LogInit: OS: Windows 10 (Release 2009) (), CPU: Intel(R) Core(TM) i7-10700K CPU @ 3.80GHz, GPU: NVIDIA GeForce RTX 2070 SUPER
LogInit: Compiled (64-bit): Nov 30 2021 07:12:08
LogInit: Compiled with Visual C++: 19.24.28315.00
LogInit: Build Configuration: Development
LogInit: Branch Name: ++UE4+Release-4.27
LogInit: Command Line:  /Game/UI/Maps/L_MainMenu -game -PIEVIACONSOLE -Multiprocess GameUserSettingsINI=D:/GitHub/GAME259-2022-A/GAME259_A_URE/Saved/Config/Windows/PIEGameUserSettings0.ini -MultiprocessSaveConfig -forcepassthrough -messaging -SessionName="Play in Standalone Game" -windowed -WinX=320 -WinY=184 SAVEWINPOS=1 -ResX=1270 -ResY=686
LogInit: Base Directory: D:/Unreal Engine/UE_4.27/Engine/Binaries/Win64/
LogInit: Allocator: TBB
LogInit: Installed Engine Build: 1
LogDevObjectVersion: Number of dev versions registered: 29
LogDevObjectVersion:   Dev-Blueprints (B0D832E4-1F89-4F0D-ACCF-7EB736FD4AA2): 10
LogDevObjectVersion:   Dev-Build (E1C64328-A22C-4D53-A36C-8E866417BD8C): 0
LogDevObjectVersion:   Dev-Core (375EC13C-06E4-48FB-B500-84F0262A717E): 4
LogDevObjectVersion:   Dev-Editor (E4B068ED-F494-42E9-A231-DA0B2E46BB41): 40
LogDevObjectVersion:   Dev-Framework (CFFC743F-43B0-4480-9391-14DF171D2073): 37
LogDevObjectVersion:   Dev-Mobile (B02B49B5-BB20-44E9-A304-32B752E40360): 3
LogDevObjectVersion:   Dev-Networking (A4E4105C-59A1-49B5-A7C5-40C4547EDFEE): 0
LogDevObjectVersion:   Dev-Online (39C831C9-5AE6-47DC-9A44-9C173E1C8E7C): 0
LogDevObjectVersion:   Dev-Physics (78F01B33-EBEA-4F98-B9B4-84EACCB95AA2): 14
LogDevObjectVersion:   Dev-Platform (6631380F-2D4D-43E0-8009-CF276956A95A): 0
LogDevObjectVersion:   Dev-Rendering (12F88B9F-8875-4AFC-A67C-D90C383ABD29): 45
LogDevObjectVersion:   Dev-Sequencer (7B5AE74C-D270-4C10-A958-57980B212A5A): 13
LogDevObjectVersion:   Dev-VR (D7296918-1DD6-4BDD-9DE2-64A83CC13884): 3
LogDevObjectVersion:   Dev-LoadTimes (C2A15278-BFE7-4AFE-6C17-90FF531DF755): 1
LogDevObjectVersion:   Private-Geometry (6EACA3D4-40EC-4CC1-B786-8BED09428FC5): 3
LogDevObjectVersion:   Dev-AnimPhys (29E575DD-E0A3-4627-9D10-D276232CDCEA): 17
LogDevObjectVersion:   Dev-Anim (AF43A65D-7FD3-4947-9873-3E8ED9C1BB05): 15
LogDevObjectVersion:   Dev-ReflectionCapture (6B266CEC-1EC7-4B8F-A30B-E4D90942FC07): 1
LogDevObjectVersion:   Dev-Automation (0DF73D61-A23F-47EA-B727-89E90C41499A): 1
LogDevObjectVersion:   FortniteMain (601D1886-AC64-4F84-AA16-D3DE0DEAC7D6): 47
LogDevObjectVersion:   FortniteRelease (E7086368-6B23-4C58-8439-1B7016265E91): 1
LogDevObjectVersion:   Dev-Enterprise (9DFFBCD6-494F-0158-E221-12823C92A888): 10
LogDevObjectVersion:   Dev-Niagara (F2AED0AC-9AFE-416F-8664-AA7FFA26D6FC): 1
LogDevObjectVersion:   Dev-Destruction (174F1F0B-B4C6-45A5-B13F-2EE8D0FB917D): 10
LogDevObjectVersion:   Dev-Physics-Ext (35F94A83-E258-406C-A318-09F59610247C): 41
LogDevObjectVersion:   Dev-PhysicsMaterial-Chaos (B68FC16E-8B1B-42E2-B453-215C058844FE): 1
LogDevObjectVersion:   Dev-CineCamera (B2E18506-4273-CFC2-A54E-F4BB758BBA07): 1
LogDevObjectVersion:   Dev-VirtualProduction (64F58936-FD1B-42BA-BA96-7289D5D0FA4E): 1
LogDevObjectVersion:   Dev-MediaFramework (6F0ED827-A609-4895-9C91-998D90180EA4): 2
LogInit: Presizing for max 25165824 objects, including 0 objects not considered by GC, pre-allocating 0 bytes for permanent pool.
LogConfig: Applying CVar settings from Section [/Script/Engine.StreamingSettings] File [D:/GitHub/GAME259-2022-A/GAME259_A_URE/Saved/Config/Windows/Engine.ini]
LogConfig: Setting CVar [[s.MinBulkDataSizeForAsyncLoading:131072]]
LogConfig: Setting CVar [[s.AsyncLoadingThreadEnabled:0]]
LogConfig: Setting CVar [[s.EventDrivenLoaderEnabled:1]]
LogConfig: Setting CVar [[s.WarnIfTimeLimitExceeded:0]]
LogConfig: Setting CVar [[s.TimeLimitExceededMultiplier:1.5]]
LogConfig: Setting CVar [[s.TimeLimitExceededMinTime:0.005]]
LogConfig: Setting CVar [[s.UseBackgroundLevelStreaming:1]]
LogConfig: Setting CVar [[s.PriorityAsyncLoadingExtraTime:15.0]]
LogConfig: Setting CVar [[s.LevelStreamingActorsUpdateTimeLimit:5.0]]
LogConfig: Setting CVar [[s.PriorityLevelStreamingActorsUpdateExtraTime:5.0]]
LogConfig: Setting CVar [[s.LevelStreamingComponentsRegistrationGranularity:10]]
LogConfig: Setting CVar [[s.UnregisterComponentsTimeLimit:1.0]]
LogConfig: Setting CVar [[s.LevelStreamingComponentsUnregistrationGranularity:5]]
LogConfig: Setting CVar [[s.FlushStreamingOnExit:1]]
LogInit: Object subsystem initialized
LogConfig: Setting CVar [[con.DebugEarlyDefault:1]]
LogConfig: Setting CVar [[r.setres:1280x720]]
[2022.03.01-01.41.57:328][  0]LogConfig: Setting CVar [[con.DebugEarlyDefault:1]]
[2022.03.01-01.41.57:328][  0]LogConfig: Setting CVar [[r.setres:1280x720]]
[2022.03.01-01.41.57:328][  0]LogConfig: Applying CVar settings from Section [/Script/Engine.RendererSettings] File [D:/GitHub/GAME259-2022-A/GAME259_A_URE/Saved/Config/Windows/Engine.ini]
[2022.03.01-01.41.57:328][  0]LogConfig: Setting CVar [[r.GPUCrashDebugging:0]]
[2022.03.01-01.41.57:328][  0]LogConfig: Applying CVar settings from Section [/Script/Engine.RendererOverrideSettings] File [D:/GitHub/GAME259-2022-A/GAME259_A_URE/Saved/Config/Windows/Engine.ini]
[2022.03.01-01.41.57:328][  0]LogConfig: Applying CVar settings from Section [/Script/Engine.StreamingSettings] File [D:/GitHub/GAME259-2022-A/GAME259_A_URE/Saved/Config/Windows/Engine.ini]
[2022.03.01-01.41.57:328][  0]LogConfig: Setting CVar [[s.MinBulkDataSizeForAsyncLoading:131072]]
[2022.03.01-01.41.57:328][  0]LogConfig: Setting CVar [[s.AsyncLoadingThreadEnabled:0]]
[2022.03.01-01.41.57:328][  0]LogConfig: Setting CVar [[s.EventDrivenLoaderEnabled:1]]
[2022.03.01-01.41.57:328][  0]LogConfig: Setting CVar [[s.WarnIfTimeLimitExceeded:0]]
[2022.03.01-01.41.57:328][  0]LogConfig: Setting CVar [[s.TimeLimitExceededMultiplier:1.5]]
[2022.03.01-01.41.57:328][  0]LogConfig: Setting CVar [[s.TimeLimitExceededMinTime:0.005]]
[2022.03.01-01.41.57:328][  0]LogConfig: Setting CVar [[s.UseBackgroundLevelStreaming:1]]
[2022.03.01-01.41.57:328][  0]LogConfig: Setting CVar [[s.PriorityAsyncLoadingExtraTime:15.0]]
[2022.03.01-01.41.57:328][  0]LogConfig: Setting CVar [[s.LevelStreamingActorsUpdateTimeLimit:5.0]]
[2022.03.01-01.41.57:328][  0]LogConfig: Setting CVar [[s.PriorityLevelStreamingActorsUpdateExtraTime:5.0]]
[2022.03.01-01.41.57:328][  0]LogConfig: Setting CVar [[s.LevelStreamingComponentsRegistrationGranularity:10]]
[2022.03.01-01.41.57:328][  0]LogConfig: Setting CVar [[s.UnregisterComponentsTimeLimit:1.0]]
[2022.03.01-01.41.57:328][  0]LogConfig: Setting CVar [[s.LevelStreamingComponentsUnregistrationGranularity:5]]
[2022.03.01-01.41.57:328][  0]LogConfig: Setting CVar [[s.FlushStreamingOnExit:1]]
[2022.03.01-01.41.57:328][  0]LogConfig: Applying CVar settings from Section [/Script/Engine.GarbageCollectionSettings] File [D:/GitHub/GAME259-2022-A/GAME259_A_URE/Saved/Config/Windows/Engine.ini]
[2022.03.01-01.41.57:328][  0]LogConfig: Setting CVar [[gc.MaxObjectsNotConsideredByGC:1]]
[2022.03.01-01.41.57:328][  0]LogConfig: Setting CVar [[gc.SizeOfPermanentObjectPool:0]]
[2022.03.01-01.41.57:328][  0]LogConfig: Setting CVar [[gc.FlushStreamingOnGC:0]]
[2022.03.01-01.41.57:328][  0]LogConfig: Setting CVar [[gc.NumRetriesBeforeForcingGC:10]]
[2022.03.01-01.41.57:328][  0]LogConfig: Setting CVar [[gc.AllowParallelGC:1]]
[2022.03.01-01.41.57:328][  0]LogConfig: Setting CVar [[gc.TimeBetweenPurgingPendingKillObjects:61.1]]
[2022.03.01-01.41.57:328][  0]LogConfig: Setting CVar [[gc.MaxObjectsInEditor:25165824]]
[2022.03.01-01.41.57:328][  0]LogConfig: Setting CVar [[gc.IncrementalBeginDestroyEnabled:1]]
[2022.03.01-01.41.57:328][  0]LogConfig: Setting CVar [[gc.CreateGCClusters:1]]
[2022.03.01-01.41.57:328][  0]LogConfig: Setting CVar [[gc.MinGCClusterSize:5]]
[2022.03.01-01.41.57:328][  0]LogConfig: Setting CVar [[gc.ActorClusteringEnabled:0]]
[2022.03.01-01.41.57:328][  0]LogConfig: Setting CVar [[gc.BlueprintClusteringEnabled:0]]
[2022.03.01-01.41.57:328][  0]LogConfig: Setting CVar [[gc.UseDisregardForGCOnDedicatedServers:0]]
[2022.03.01-01.41.57:328][  0]LogConfig: Setting CVar [[gc.MultithreadedDestructionEnabled:1]]
[2022.03.01-01.41.57:328][  0]LogConfig: Applying CVar settings from Section [/Script/Engine.NetworkSettings] File [D:/GitHub/GAME259-2022-A/GAME259_A_URE/Saved/Config/Windows/Engine.ini]
[2022.03.01-01.41.57:328][  0]LogConfig: Applying CVar settings from Section [/Script/UnrealEd.CookerSettings] File [D:/GitHub/GAME259-2022-A/GAME259_A_URE/Saved/Config/Windows/Engine.ini]
[2022.03.01-01.41.57:343][  0]LogConfig: Applying CVar settings from Section [ViewDistanceQuality@3] File [D:/GitHub/GAME259-2022-A/GAME259_A_URE/Saved/Config/Windows/Scalability.ini]
[2022.03.01-01.41.57:343][  0]LogConfig: Setting CVar [[r.SkeletalMeshLODBias:0]]
[2022.03.01-01.41.57:343][  0]LogConfig: Setting CVar [[r.ViewDistanceScale:1.0]]
[2022.03.01-01.41.57:343][  0]LogConfig: Applying CVar settings from Section [AntiAliasingQuality@3] File [D:/GitHub/GAME259-2022-A/GAME259_A_URE/Saved/Config/Windows/Scalability.ini]
[2022.03.01-01.41.57:343][  0]LogConfig: Setting CVar [[r.PostProcessAAQuality:4]]
[2022.03.01-01.41.57:343][  0]LogConfig: Applying CVar settings from Section [ShadowQuality@3] File [D:/GitHub/GAME259-2022-A/GAME259_A_URE/Saved/Config/Windows/Scalability.ini]
[2022.03.01-01.41.57:343][  0]LogConfig: Setting CVar [[r.LightFunctionQuality:1]]
[2022.03.01-01.41.57:343][  0]LogConfig: Setting CVar [[r.ShadowQuality:5]]
[2022.03.01-01.41.57:343][  0]LogConfig: Setting CVar [[r.Shadow.CSM.MaxCascades:10]]
[2022.03.01-01.41.57:343][  0]LogConfig: Setting CVar [[r.Shadow.MaxResolution:2048]]
[2022.03.01-01.41.57:343][  0]LogConfig: Setting CVar [[r.Shadow.MaxCSMResolution:2048]]
[2022.03.01-01.41.57:343][  0]LogConfig: Setting CVar [[r.Shadow.RadiusThreshold:0.01]]
[2022.03.01-01.41.57:343][  0]LogConfig: Setting CVar [[r.Shadow.DistanceScale:1.0]]
[2022.03.01-01.41.57:343][  0]LogConfig: Setting CVar [[r.Shadow.CSM.TransitionScale:1.0]]
[2022.03.01-01.41.57:343][  0]LogConfig: Setting CVar [[r.Shadow.PreShadowResolutionFactor:1.0]]
[2022.03.01-01.41.57:343][  0]LogConfig: Setting CVar [[r.DistanceFieldShadowing:1]]
[2022.03.01-01.41.57:343][  0]LogConfig: Setting CVar [[r.DistanceFieldAO:1]]
[2022.03.01-01.41.57:343][  0]LogConfig: Setting CVar [[r.AOQuality:2]]
[2022.03.01-01.41.57:343][  0]LogConfig: Setting CVar [[r.VolumetricFog:1]]
[2022.03.01-01.41.57:343][  0]LogConfig: Setting CVar [[r.VolumetricFog.GridPixelSize:8]]
[2022.03.01-01.41.57:343][  0]LogConfig: Setting CVar [[r.VolumetricFog.GridSizeZ:128]]
[2022.03.01-01.41.57:343][  0]LogConfig: Setting CVar [[r.VolumetricFog.HistoryMissSupersampleCount:4]]
[2022.03.01-01.41.57:343][  0]LogConfig: Setting CVar [[r.LightMaxDrawDistanceScale:1]]
[2022.03.01-01.41.57:343][  0]LogConfig: Setting CVar [[r.CapsuleShadows:1]]
[2022.03.01-01.41.57:343][  0]LogConfig: Applying CVar settings from Section [PostProcessQuality@3] File [D:/GitHub/GAME259-2022-A/GAME259_A_URE/Saved/Config/Windows/Scalability.ini]
[2022.03.01-01.41.57:343][  0]LogConfig: Setting CVar [[r.MotionBlurQuality:4]]
[2022.03.01-01.41.57:343][  0]LogConfig: Setting CVar [[r.AmbientOcclusionMipLevelFactor:0.4]]
[2022.03.01-01.41.57:343][  0]LogConfig: Setting CVar [[r.AmbientOcclusionMaxQuality:100]]
[2022.03.01-01.41.57:343][  0]LogConfig: Setting CVar [[r.AmbientOcclusionLevels:-1]]
[2022.03.01-01.41.57:343][  0]LogConfig: Setting CVar [[r.AmbientOcclusionRadiusScale:1.0]]
[2022.03.01-01.41.57:343][  0]LogConfig: Setting CVar [[r.DepthOfFieldQuality:2]]
[2022.03.01-01.41.57:343][  0]LogConfig: Setting CVar [[r.RenderTargetPoolMin:400]]
[2022.03.01-01.41.57:343][  0]LogConfig: Setting CVar [[r.LensFlareQuality:2]]
[2022.03.01-01.41.57:343][  0]LogConfig: Setting CVar [[r.SceneColorFringeQuality:1]]
[2022.03.01-01.41.57:343][  0]LogConfig: Setting CVar [[r.EyeAdaptationQuality:2]]
[2022.03.01-01.41.57:343][  0]LogConfig: Setting CVar [[r.BloomQuality:5]]
[2022.03.01-01.41.57:343][  0]LogConfig: Setting CVar [[r.FastBlurThreshold:100]]
[2022.03.01-01.41.57:343][  0]LogConfig: Setting CVar [[r.Upscale.Quality:3]]
[2022.03.01-01.41.57:343][  0]LogConfig: Setting CVar [[r.Tonemapper.GrainQuantization:1]]
[2022.03.01-01.41.57:343][  0]LogConfig: Setting CVar [[r.LightShaftQuality:1]]
[2022.03.01-01.41.57:343][  0]LogConfig: Setting CVar [[r.Filter.SizeScale:1]]
[2022.03.01-01.41.57:343][  0]LogConfig: Setting CVar [[r.Tonemapper.Quality:5]]
[2022.03.01-01.41.57:343][  0]LogConfig: Setting CVar [[r.DOF.Gather.AccumulatorQuality:1        ; higher gathering accumulator quality]]
[2022.03.01-01.41.57:343][  0]LogConfig: Setting CVar [[r.DOF.Gather.PostfilterMethod:1          ; Median3x3 postfilering method]]
[2022.03.01-01.41.57:343][  0]LogConfig: Setting CVar [[r.DOF.Gather.EnableBokehSettings:0       ; no bokeh simulation when gathering]]
[2022.03.01-01.41.57:343][  0]LogConfig: Setting CVar [[r.DOF.Gather.RingCount:4                 ; medium number of samples when gathering]]
[2022.03.01-01.41.57:343][  0]LogConfig: Setting CVar [[r.DOF.Scatter.ForegroundCompositing:1    ; additive foreground scattering]]
[2022.03.01-01.41.57:343][  0]LogConfig: Setting CVar [[r.DOF.Scatter.BackgroundCompositing:2    ; additive background scattering]]
[2022.03.01-01.41.57:343][  0]LogConfig: Setting CVar [[r.DOF.Scatter.EnableBokehSettings:1      ; bokeh simulation when scattering]]
[2022.03.01-01.41.57:343][  0]LogConfig: Setting CVar [[r.DOF.Scatter.MaxSpriteRatio:0.1         ; only a maximum of 10% of scattered bokeh]]
[2022.03.01-01.41.57:343][  0]LogConfig: Setting CVar [[r.DOF.Recombine.Quality:1                ; cheap slight out of focus]]
[2022.03.01-01.41.57:343][  0]LogConfig: Setting CVar [[r.DOF.Recombine.EnableBokehSettings:0    ; no bokeh simulation on slight out of focus]]
[2022.03.01-01.41.57:343][  0]LogConfig: Setting CVar [[r.DOF.TemporalAAQuality:1                ; more stable temporal accumulation]]
[2022.03.01-01.41.57:343][  0]LogConfig: Setting CVar [[r.DOF.Kernel.MaxForegroundRadius:0.025]]
[2022.03.01-01.41.57:343][  0]LogConfig: Setting CVar [[r.DOF.Kernel.MaxBackgroundRadius:0.025]]
[2022.03.01-01.41.57:343][  0]LogConfig: Applying CVar settings from Section [TextureQuality@3] File [D:/GitHub/GAME259-2022-A/GAME259_A_URE/Saved/Config/Windows/Scalability.ini]
[2022.03.01-01.41.57:343][  0]LogConfig: Setting CVar [[r.Streaming.MipBias:0]]
[2022.03.01-01.41.57:343][  0]LogConfig: Setting CVar [[r.Streaming.AmortizeCPUToGPUCopy:0]]
[2022.03.01-01.41.57:343][  0]LogConfig: Setting CVar [[r.Streaming.MaxNumTexturesToStreamPerFrame:0]]
[2022.03.01-01.41.57:343][  0]LogConfig: Setting CVar [[r.Streaming.Boost:1]]
[2022.03.01-01.41.57:343][  0]LogConfig: Setting CVar [[r.MaxAnisotropy:8]]
[2022.03.01-01.41.57:343][  0]LogConfig: Setting CVar [[r.VT.MaxAnisotropy:8]]
[2022.03.01-01.41.57:343][  0]LogConfig: Setting CVar [[r.Streaming.LimitPoolSizeToVRAM:0]]
[2022.03.01-01.41.57:343][  0]LogConfig: Setting CVar [[r.Streaming.PoolSize:1000]]
[2022.03.01-01.41.57:343][  0]LogConfig: Setting CVar [[r.Streaming.MaxEffectiveScreenSize:0]]
[2022.03.01-01.41.57:343][  0]LogConfig: Applying CVar settings from Section [EffectsQuality@3] File [D:/GitHub/GAME259-2022-A/GAME259_A_URE/Saved/Config/Windows/Scalability.ini]
[2022.03.01-01.41.57:343][  0]LogConfig: Setting CVar [[r.TranslucencyLightingVolumeDim:64]]
[2022.03.01-01.41.57:343][  0]LogConfig: Setting CVar [[r.RefractionQuality:2]]
[2022.03.01-01.41.57:343][  0]LogConfig: Setting CVar [[r.SSR.Quality:3]]
[2022.03.01-01.41.57:343][  0]LogConfig: Setting CVar [[r.SSR.HalfResSceneColor:0]]
[2022.03.01-01.41.57:343][  0]LogConfig: Setting CVar [[r.SceneColorFormat:4]]
[2022.03.01-01.41.57:343][  0]LogConfig: Setting CVar [[r.DetailMode:2]]
[2022.03.01-01.41.57:343][  0]LogConfig: Setting CVar [[r.TranslucencyVolumeBlur:1]]
[2022.03.01-01.41.57:343][  0]LogConfig: Setting CVar [[r.MaterialQualityLevel:1 ; High quality]]
[2022.03.01-01.41.57:343][  0]LogConfig: Setting CVar [[r.AnisotropicMaterials:1]]
[2022.03.01-01.41.57:343][  0]LogConfig: Setting CVar [[r.SSS.Scale:1]]
[2022.03.01-01.41.57:343][  0]LogConfig: Setting CVar [[r.SSS.SampleSet:2]]
[2022.03.01-01.41.57:343][  0]LogConfig: Setting CVar [[r.SSS.Quality:1]]
[2022.03.01-01.41.57:343][  0]LogConfig: Setting CVar [[r.SSS.HalfRes:0]]
[2022.03.01-01.41.57:343][  0]LogConfig: Setting CVar [[r.SSGI.Quality:3]]
[2022.03.01-01.41.57:343][  0]LogConfig: Setting CVar [[r.EmitterSpawnRateScale:1.0]]
[2022.03.01-01.41.57:343][  0]LogConfig: Setting CVar [[r.ParticleLightQuality:2]]
[2022.03.01-01.41.57:343][  0]LogConfig: Setting CVar [[r.SkyAtmosphere.AerialPerspectiveLUT.FastApplyOnOpaque:1 ; Always have FastSkyLUT 1 in this case to avoid wrong sky]]
[2022.03.01-01.41.57:343][  0]LogConfig: Setting CVar [[r.SkyAtmosphere.AerialPerspectiveLUT.SampleCountMaxPerSlice:4]]
[2022.03.01-01.41.57:343][  0]LogConfig: Setting CVar [[r.SkyAtmosphere.AerialPerspectiveLUT.DepthResolution:16.0]]
[2022.03.01-01.41.57:343][  0]LogConfig: Setting CVar [[r.SkyAtmosphere.FastSkyLUT:1]]
[2022.03.01-01.41.57:343][  0]LogConfig: Setting CVar [[r.SkyAtmosphere.FastSkyLUT.SampleCountMin:4.0]]
[2022.03.01-01.41.57:343][  0]LogConfig: Setting CVar [[r.SkyAtmosphere.FastSkyLUT.SampleCountMax:128.0]]
[2022.03.01-01.41.57:343][  0]LogConfig: Setting CVar [[r.SkyAtmosphere.SampleCountMin:4.0]]
[2022.03.01-01.41.57:343][  0]LogConfig: Setting CVar [[r.SkyAtmosphere.SampleCountMax:128.0]]
[2022.03.01-01.41.57:343][  0]LogConfig: Setting CVar [[r.SkyAtmosphere.TransmittanceLUT.UseSmallFormat:0]]
[2022.03.01-01.41.57:343][  0]LogConfig: Setting CVar [[r.SkyAtmosphere.TransmittanceLUT.SampleCount:10.0]]
[2022.03.01-01.41.57:343][  0]LogConfig: Setting CVar [[r.SkyAtmosphere.MultiScatteringLUT.SampleCount:15.0]]
[2022.03.01-01.41.57:343][  0]LogConfig: Setting CVar [[r.SkyLight.RealTimeReflectionCapture:1]]
[2022.03.01-01.41.57:343][  0]LogConfig: Applying CVar settings from Section [FoliageQuality@3] File [D:/GitHub/GAME259-2022-A/GAME259_A_URE/Saved/Config/Windows/Scalability.ini]
[2022.03.01-01.41.57:343][  0]LogConfig: Setting CVar [[foliage.DensityScale:1.0]]
[2022.03.01-01.41.57:343][  0]LogConfig: Setting CVar [[grass.DensityScale:1.0]]
[2022.03.01-01.41.57:343][  0]LogConfig: Applying CVar settings from Section [ShadingQuality@3] File [D:/GitHub/GAME259-2022-A/GAME259_A_URE/Saved/Config/Windows/Scalability.ini]
[2022.03.01-01.41.57:343][  0]LogConfig: Setting CVar [[r.HairStrands.SkyLighting.IntegrationType:2]]
[2022.03.01-01.41.57:343][  0]LogConfig: Setting CVar [[r.HairStrands.SkyAO.SampleCount:4]]
[2022.03.01-01.41.57:343][  0]LogConfig: Setting CVar [[r.HairStrands.Visibility.MSAA.SamplePerPixel:4]]
[2022.03.01-01.41.57:344][  0]LogInit: Selected Device Profile: [Windows]
[2022.03.01-01.41.57:344][  0]LogInit: Applying CVar settings loaded from the selected device profile: [Windows]
[2022.03.01-01.41.57:344][  0]LogHAL: Display: Platform has ~ 16 GB [17089699840 / 17179869184 / 16], which maps to Larger [LargestMinGB=32, LargerMinGB=12, DefaultMinGB=8, SmallerMinGB=6, SmallestMinGB=0)
[2022.03.01-01.41.57:344][  0]LogInit: Going up to parent DeviceProfile []
[2022.03.01-01.41.57:344][  0]LogConfig: Applying CVar settings from Section [ViewDistanceQuality@3] File [D:/GitHub/GAME259-2022-A/GAME259_A_URE/Saved/Config/Windows/Scalability.ini]
[2022.03.01-01.41.57:344][  0]LogConfig: Setting CVar [[r.SkeletalMeshLODBias:0]]
[2022.03.01-01.41.57:344][  0]LogConfig: Setting CVar [[r.ViewDistanceScale:1.0]]
[2022.03.01-01.41.57:344][  0]LogConfig: Applying CVar settings from Section [AntiAliasingQuality@3] File [D:/GitHub/GAME259-2022-A/GAME259_A_URE/Saved/Config/Windows/Scalability.ini]
[2022.03.01-01.41.57:344][  0]LogConfig: Setting CVar [[r.PostProcessAAQuality:4]]
[2022.03.01-01.41.57:344][  0]LogConfig: Applying CVar settings from Section [ShadowQuality@3] File [D:/GitHub/GAME259-2022-A/GAME259_A_URE/Saved/Config/Windows/Scalability.ini]
[2022.03.01-01.41.57:344][  0]LogConfig: Setting CVar [[r.LightFunctionQuality:1]]
[2022.03.01-01.41.57:344][  0]LogConfig: Setting CVar [[r.ShadowQuality:5]]
[2022.03.01-01.41.57:344][  0]LogConfig: Setting CVar [[r.Shadow.CSM.MaxCascades:10]]
[2022.03.01-01.41.57:344][  0]LogConfig: Setting CVar [[r.Shadow.MaxResolution:2048]]
[2022.03.01-01.41.57:344][  0]LogConfig: Setting CVar [[r.Shadow.MaxCSMResolution:2048]]
[2022.03.01-01.41.57:344][  0]LogConfig: Setting CVar [[r.Shadow.RadiusThreshold:0.01]]
[2022.03.01-01.41.57:344][  0]LogConfig: Setting CVar [[r.Shadow.DistanceScale:1.0]]
[2022.03.01-01.41.57:344][  0]LogConfig: Setting CVar [[r.Shadow.CSM.TransitionScale:1.0]]
[2022.03.01-01.41.57:344][  0]LogConfig: Setting CVar [[r.Shadow.PreShadowResolutionFactor:1.0]]
[2022.03.01-01.41.57:344][  0]LogConfig: Setting CVar [[r.DistanceFieldShadowing:1]]
[2022.03.01-01.41.57:344][  0]LogConfig: Setting CVar [[r.DistanceFieldAO:1]]
[2022.03.01-01.41.57:344][  0]LogConfig: Setting CVar [[r.AOQuality:2]]
[2022.03.01-01.41.57:344][  0]LogConfig: Setting CVar [[r.VolumetricFog:1]]
[2022.03.01-01.41.57:344][  0]LogConfig: Setting CVar [[r.VolumetricFog.GridPixelSize:8]]
[2022.03.01-01.41.57:344][  0]LogConfig: Setting CVar [[r.VolumetricFog.GridSizeZ:128]]
[2022.03.01-01.41.57:344][  0]LogConfig: Setting CVar [[r.VolumetricFog.HistoryMissSupersampleCount:4]]
[2022.03.01-01.41.57:344][  0]LogConfig: Setting CVar [[r.LightMaxDrawDistanceScale:1]]
[2022.03.01-01.41.57:344][  0]LogConfig: Setting CVar [[r.CapsuleShadows:1]]
[2022.03.01-01.41.57:344][  0]LogConfig: Applying CVar settings from Section [PostProcessQuality@3] File [D:/GitHub/GAME259-2022-A/GAME259_A_URE/Saved/Config/Windows/Scalability.ini]
[2022.03.01-01.41.57:344][  0]LogConfig: Setting CVar [[r.MotionBlurQuality:4]]
[2022.03.01-01.41.57:344][  0]LogConfig: Setting CVar [[r.AmbientOcclusionMipLevelFactor:0.4]]
[2022.03.01-01.41.57:344][  0]LogConfig: Setting CVar [[r.AmbientOcclusionMaxQuality:100]]
[2022.03.01-01.41.57:344][  0]LogConfig: Setting CVar [[r.AmbientOcclusionLevels:-1]]
[2022.03.01-01.41.57:344][  0]LogConfig: Setting CVar [[r.AmbientOcclusionRadiusScale:1.0]]
[2022.03.01-01.41.57:344][  0]LogConfig: Setting CVar [[r.DepthOfFieldQuality:2]]
[2022.03.01-01.41.57:344][  0]LogConfig: Setting CVar [[r.RenderTargetPoolMin:400]]
[2022.03.01-01.41.57:344][  0]LogConfig: Setting CVar [[r.LensFlareQuality:2]]
[2022.03.01-01.41.57:344][  0]LogConfig: Setting CVar [[r.SceneColorFringeQuality:1]]
[2022.03.01-01.41.57:344][  0]LogConfig: Setting CVar [[r.EyeAdaptationQuality:2]]
[2022.03.01-01.41.57:344][  0]LogConfig: Setting CVar [[r.BloomQuality:5]]
[2022.03.01-01.41.57:344][  0]LogConfig: Setting CVar [[r.FastBlurThreshold:100]]
[2022.03.01-01.41.57:344][  0]LogConfig: Setting CVar [[r.Upscale.Quality:3]]
[2022.03.01-01.41.57:344][  0]LogConfig: Setting CVar [[r.Tonemapper.GrainQuantization:1]]
[2022.03.01-01.41.57:344][  0]LogConfig: Setting CVar [[r.LightShaftQuality:1]]
[2022.03.01-01.41.57:344][  0]LogConfig: Setting CVar [[r.Filter.SizeScale:1]]
[2022.03.01-01.41.57:344][  0]LogConfig: Setting CVar [[r.Tonemapper.Quality:5]]
[2022.03.01-01.41.57:344][  0]LogConfig: Setting CVar [[r.DOF.Gather.AccumulatorQuality:1        ; higher gathering accumulator quality]]
[2022.03.01-01.41.57:344][  0]LogConfig: Setting CVar [[r.DOF.Gather.PostfilterMethod:1          ; Median3x3 postfilering method]]
[2022.03.01-01.41.57:344][  0]LogConfig: Setting CVar [[r.DOF.Gather.EnableBokehSettings:0       ; no bokeh simulation when gathering]]
[2022.03.01-01.41.57:344][  0]LogConfig: Setting CVar [[r.DOF.Gather.RingCount:4                 ; medium number of samples when gathering]]
[2022.03.01-01.41.57:344][  0]LogConfig: Setting CVar [[r.DOF.Scatter.ForegroundCompositing:1    ; additive foreground scattering]]
[2022.03.01-01.41.57:344][  0]LogConfig: Setting CVar [[r.DOF.Scatter.BackgroundCompositing:2    ; additive background scattering]]
[2022.03.01-01.41.57:344][  0]LogConfig: Setting CVar [[r.DOF.Scatter.EnableBokehSettings:1      ; bokeh simulation when scattering]]
[2022.03.01-01.41.57:344][  0]LogConfig: Setting CVar [[r.DOF.Scatter.MaxSpriteRatio:0.1         ; only a maximum of 10% of scattered bokeh]]
[2022.03.01-01.41.57:344][  0]LogConfig: Setting CVar [[r.DOF.Recombine.Quality:1                ; cheap slight out of focus]]
[2022.03.01-01.41.57:344][  0]LogConfig: Setting CVar [[r.DOF.Recombine.EnableBokehSettings:0    ; no bokeh simulation on slight out of focus]]
[2022.03.01-01.41.57:344][  0]LogConfig: Setting CVar [[r.DOF.TemporalAAQuality:1                ; more stable temporal accumulation]]
[2022.03.01-01.41.57:344][  0]LogConfig: Setting CVar [[r.DOF.Kernel.MaxForegroundRadius:0.025]]
[2022.03.01-01.41.57:344][  0]LogConfig: Setting CVar [[r.DOF.Kernel.MaxBackgroundRadius:0.025]]
[2022.03.01-01.41.57:344][  0]LogConfig: Applying CVar settings from Section [TextureQuality@1] File [D:/GitHub/GAME259-2022-A/GAME259_A_URE/Saved/Config/Windows/Scalability.ini]
[2022.03.01-01.41.57:344][  0]LogConfig: Setting CVar [[r.Streaming.MipBias:1]]
[2022.03.01-01.41.57:344][  0]LogConfig: Setting CVar [[r.Streaming.AmortizeCPUToGPUCopy:0]]
[2022.03.01-01.41.57:344][  0]LogConfig: Setting CVar [[r.Streaming.MaxNumTexturesToStreamPerFrame:0]]
[2022.03.01-01.41.57:344][  0]LogConfig: Setting CVar [[r.Streaming.Boost:1]]
[2022.03.01-01.41.57:344][  0]LogConfig: Setting CVar [[r.MaxAnisotropy:2]]
[2022.03.01-01.41.57:344][  0]LogConfig: Setting CVar [[r.VT.MaxAnisotropy:4]]
[2022.03.01-01.41.57:344][  0]LogConfig: Setting CVar [[r.Streaming.LimitPoolSizeToVRAM:1]]
[2022.03.01-01.41.57:344][  0]LogConfig: Setting CVar [[r.Streaming.PoolSize:600]]
[2022.03.01-01.41.57:344][  0]LogConfig: Setting CVar [[r.Streaming.MaxEffectiveScreenSize:0]]
[2022.03.01-01.41.57:344][  0]LogConfig: Applying CVar settings from Section [EffectsQuality@3] File [D:/GitHub/GAME259-2022-A/GAME259_A_URE/Saved/Config/Windows/Scalability.ini]
[2022.03.01-01.41.57:344][  0]LogConfig: Setting CVar [[r.TranslucencyLightingVolumeDim:64]]
[2022.03.01-01.41.57:344][  0]LogConfig: Setting CVar [[r.RefractionQuality:2]]
[2022.03.01-01.41.57:344][  0]LogConfig: Setting CVar [[r.SSR.Quality:3]]
[2022.03.01-01.41.57:344][  0]LogConfig: Setting CVar [[r.SSR.HalfResSceneColor:0]]
[2022.03.01-01.41.57:344][  0]LogConfig: Setting CVar [[r.SceneColorFormat:4]]
[2022.03.01-01.41.57:344][  0]LogConfig: Setting CVar [[r.DetailMode:2]]
[2022.03.01-01.41.57:344][  0]LogConfig: Setting CVar [[r.TranslucencyVolumeBlur:1]]
[2022.03.01-01.41.57:344][  0]LogConfig: Setting CVar [[r.MaterialQualityLevel:1 ; High quality]]
[2022.03.01-01.41.57:344][  0]LogConfig: Setting CVar [[r.AnisotropicMaterials:1]]
[2022.03.01-01.41.57:344][  0]LogConfig: Setting CVar [[r.SSS.Scale:1]]
[2022.03.01-01.41.57:344][  0]LogConfig: Setting CVar [[r.SSS.SampleSet:2]]
[2022.03.01-01.41.57:344][  0]LogConfig: Setting CVar [[r.SSS.Quality:1]]
[2022.03.01-01.41.57:344][  0]LogConfig: Setting CVar [[r.SSS.HalfRes:0]]
[2022.03.01-01.41.57:344][  0]LogConfig: Setting CVar [[r.SSGI.Quality:3]]
[2022.03.01-01.41.57:344][  0]LogConfig: Setting CVar [[r.EmitterSpawnRateScale:1.0]]
[2022.03.01-01.41.57:344][  0]LogConfig: Setting CVar [[r.ParticleLightQuality:2]]
[2022.03.01-01.41.57:344][  0]LogConfig: Setting CVar [[r.SkyAtmosphere.AerialPerspectiveLUT.FastApplyOnOpaque:1 ; Always have FastSkyLUT 1 in this case to avoid wrong sky]]
[2022.03.01-01.41.57:344][  0]LogConfig: Setting CVar [[r.SkyAtmosphere.AerialPerspectiveLUT.SampleCountMaxPerSlice:4]]
[2022.03.01-01.41.57:344][  0]LogConfig: Setting CVar [[r.SkyAtmosphere.AerialPerspectiveLUT.DepthResolution:16.0]]
[2022.03.01-01.41.57:344][  0]LogConfig: Setting CVar [[r.SkyAtmosphere.FastSkyLUT:1]]
[2022.03.01-01.41.57:344][  0]LogConfig: Setting CVar [[r.SkyAtmosphere.FastSkyLUT.SampleCountMin:4.0]]
[2022.03.01-01.41.57:344][  0]LogConfig: Setting CVar [[r.SkyAtmosphere.FastSkyLUT.SampleCountMax:128.0]]
[2022.03.01-01.41.57:344][  0]LogConfig: Setting CVar [[r.SkyAtmosphere.SampleCountMin:4.0]]
[2022.03.01-01.41.57:344][  0]LogConfig: Setting CVar [[r.SkyAtmosphere.SampleCountMax:128.0]]
[2022.03.01-01.41.57:344][  0]LogConfig: Setting CVar [[r.SkyAtmosphere.TransmittanceLUT.UseSmallFormat:0]]
[2022.03.01-01.41.57:344][  0]LogConfig: Setting CVar [[r.SkyAtmosphere.TransmittanceLUT.SampleCount:10.0]]
[2022.03.01-01.41.57:344][  0]LogConfig: Setting CVar [[r.SkyAtmosphere.MultiScatteringLUT.SampleCount:15.0]]
[2022.03.01-01.41.57:344][  0]LogConfig: Setting CVar [[r.SkyLight.RealTimeReflectionCapture:1]]
[2022.03.01-01.41.57:344][  0]LogConfig: Applying CVar settings from Section [FoliageQuality@3] File [D:/GitHub/GAME259-2022-A/GAME259_A_URE/Saved/Config/Windows/Scalability.ini]
[2022.03.01-01.41.57:344][  0]LogConfig: Setting CVar [[foliage.DensityScale:1.0]]
[2022.03.01-01.41.57:344][  0]LogConfig: Setting CVar [[grass.DensityScale:1.0]]
[2022.03.01-01.41.57:345][  0]LogConfig: Applying CVar settings from Section [ShadingQuality@3] File [D:/GitHub/GAME259-2022-A/GAME259_A_URE/Saved/Config/Windows/Scalability.ini]
[2022.03.01-01.41.57:345][  0]LogConfig: Setting CVar [[r.HairStrands.SkyLighting.IntegrationType:2]]
[2022.03.01-01.41.57:345][  0]LogConfig: Setting CVar [[r.HairStrands.SkyAO.SampleCount:4]]
[2022.03.01-01.41.57:345][  0]LogConfig: Setting CVar [[r.HairStrands.Visibility.MSAA.SamplePerPixel:4]]
[2022.03.01-01.41.57:345][  0]LogConfig: Applying CVar settings from Section [Startup] File [../../../Engine/Config/ConsoleVariables.ini]
[2022.03.01-01.41.57:345][  0]LogConfig: Setting CVar [[net.UseAdaptiveNetUpdateFrequency:0]]
[2022.03.01-01.41.57:345][  0]LogConfig: Setting CVar [[p.chaos.AllowCreatePhysxBodies:1]]
[2022.03.01-01.41.57:345][  0]LogConfig: Setting CVar [[fx.SkipVectorVMBackendOptimizations:1]]
[2022.03.01-01.41.57:345][  0]LogConfig: Applying CVar settings from Section [ConsoleVariables] File [D:/GitHub/GAME259-2022-A/GAME259_A_URE/Saved/Config/Windows/Engine.ini]
[2022.03.01-01.41.57:345][  0]LogConfig: Applying CVar settings from Section [ConsoleVariables] File [D:/GitHub/GAME259-2022-A/GAME259_A_URE/Saved/Config/Windows/Editor.ini]
[2022.03.01-01.41.57:345][  0]LogInit: Computer: TREVORPC
[2022.03.01-01.41.57:345][  0]LogInit: User: Trevor
[2022.03.01-01.41.57:345][  0]LogInit: CPU Page size=4096, Cores=8
[2022.03.01-01.41.57:345][  0]LogInit: High frequency timer resolution =10.000000 MHz
[2022.03.01-01.41.57:345][  0]LogMemory: Memory total: Physical=15.9GB (16GB approx)
[2022.03.01-01.41.57:345][  0]LogMemory: Platform Memory Stats for Windows
[2022.03.01-01.41.57:345][  0]LogMemory: Process Physical Memory: 144.57 MB used, 144.58 MB peak
[2022.03.01-01.41.57:345][  0]LogMemory: Process Virtual Memory: 128.30 MB used, 128.30 MB peak
[2022.03.01-01.41.57:345][  0]LogMemory: Physical Memory: 7951.45 MB used,  8346.55 MB free, 16298.01 MB total
[2022.03.01-01.41.57:345][  0]LogMemory: Virtual Memory: 134210600.00 MB used,  7127.53 MB free, 134217728.00 MB total
[2022.03.01-01.41.57:349][  0]LogWindows: WindowsPlatformFeatures enabled
[2022.03.01-01.41.57:379][  0]LogInit: Physics initialised using underlying interface: PhysX
[2022.03.01-01.41.57:379][  0]LogInit: Using OS detected language (en-US).
[2022.03.01-01.41.57:379][  0]LogInit: Using OS detected locale (en-CA).
[2022.03.01-01.41.57:380][  0]LogTextLocalizationManager: No specific localization for 'en-US' exists, so the 'en' localization will be used.
[2022.03.01-01.41.57:522][  0]LogWindowsTextInputMethodSystem: Display: IME system deactivated.
[2022.03.01-01.41.57:552][  0]LogSlate: New Slate User Created.  User Index 0, Is Virtual User: 0
[2022.03.01-01.41.57:552][  0]LogSlate: Slate User Registered.  User Index 0, Is Virtual User: 0
[2022.03.01-01.41.57:571][  0]LogD3D11RHI: Loaded GFSDK_Aftermath_Lib.x64.dll
[2022.03.01-01.41.57:573][  0]LogHMD: Failed to enumerate extensions. Please check that you have a valid OpenXR runtime installed.
[2022.03.01-01.41.57:573][  0]LogD3D11RHI: D3D11 min allowed feature level: 11_0
[2022.03.01-01.41.57:573][  0]LogD3D11RHI: D3D11 max allowed feature level: 11_0
[2022.03.01-01.41.57:573][  0]LogD3D11RHI: D3D11 adapters:
[2022.03.01-01.41.57:664][  0]LogD3D11RHI:    0. 'NVIDIA GeForce RTX 2070 SUPER' (Feature Level 11_0)
[2022.03.01-01.41.57:664][  0]LogD3D11RHI:       8011/0/8149 MB DedicatedVideo/DedicatedSystem/SharedSystem, Outputs:2, VendorId:0x10de
[2022.03.01-01.41.57:665][  0]LogD3D11RHI:    1. 'Microsoft Basic Render Driver' (Feature Level 11_0)
[2022.03.01-01.41.57:665][  0]LogD3D11RHI:       0/0/8149 MB DedicatedVideo/DedicatedSystem/SharedSystem, Outputs:0, VendorId:0x1414
[2022.03.01-01.41.57:665][  0]LogD3D11RHI: Chosen D3D11 Adapter:
[2022.03.01-01.41.57:665][  0]LogD3D11RHI:     Description : NVIDIA GeForce RTX 2070 SUPER
[2022.03.01-01.41.57:665][  0]LogD3D11RHI:     VendorId    : 10de
[2022.03.01-01.41.57:665][  0]LogD3D11RHI:     DeviceId    : 1e84
[2022.03.01-01.41.57:665][  0]LogD3D11RHI:     SubSysId    : 373e1462
[2022.03.01-01.41.57:665][  0]LogD3D11RHI:     Revision    : 00a1
[2022.03.01-01.41.57:665][  0]LogD3D11RHI:     DedicatedVideoMemory : 8400142336 bytes
[2022.03.01-01.41.57:665][  0]LogD3D11RHI:     DedicatedSystemMemory : 0 bytes
[2022.03.01-01.41.57:665][  0]LogD3D11RHI:     SharedSystemMemory : 8544849920 bytes
[2022.03.01-01.41.57:665][  0]LogD3D11RHI:     AdapterLuid : 0 47873
[2022.03.01-01.41.57:669][  0]LogD3D11RHI: Creating new Direct3DDevice
[2022.03.01-01.41.57:669][  0]LogD3D11RHI:     GPU DeviceId: 0x1e84 (for the marketing name, search the web for "GPU Device Id")
[2022.03.01-01.41.57:669][  0]LogWindows: EnumDisplayDevices:
[2022.03.01-01.41.57:669][  0]LogWindows:    0. 'NVIDIA GeForce RTX 2070 SUPER' (P:1 D:1)
[2022.03.01-01.41.57:669][  0]LogWindows:    1. 'NVIDIA GeForce RTX 2070 SUPER' (P:0 D:1)
[2022.03.01-01.41.57:670][  0]LogWindows:    2. 'NVIDIA GeForce RTX 2070 SUPER' (P:0 D:0)
[2022.03.01-01.41.57:670][  0]LogWindows:    3. 'NVIDIA GeForce RTX 2070 SUPER' (P:0 D:0)
[2022.03.01-01.41.57:670][  0]LogWindows: DebugString: FoundDriverCount:4 
[2022.03.01-01.41.57:670][  0]LogD3D11RHI:     Adapter Name: NVIDIA GeForce RTX 2070 SUPER
[2022.03.01-01.41.57:670][  0]LogD3D11RHI:   Driver Version: 472.12 (internal:30.0.14.7212, unified:472.12)
[2022.03.01-01.41.57:670][  0]LogD3D11RHI:      Driver Date: 9-13-2021
[2022.03.01-01.41.57:670][  0]LogRHI: Texture pool is 5607 MB (70% of 8011 MB)
[2022.03.01-01.41.57:670][  0]LogD3D11RHI: Creating D3DDevice using adapter:
[2022.03.01-01.41.57:670][  0]LogD3D11RHI:     Description : NVIDIA GeForce RTX 2070 SUPER
[2022.03.01-01.41.57:670][  0]LogD3D11RHI:     VendorId    : 10de
[2022.03.01-01.41.57:670][  0]LogD3D11RHI:     DeviceId    : 1e84
[2022.03.01-01.41.57:670][  0]LogD3D11RHI:     SubSysId    : 373e1462
[2022.03.01-01.41.57:670][  0]LogD3D11RHI:     Revision    : 00a1
[2022.03.01-01.41.57:670][  0]LogD3D11RHI:     DedicatedVideoMemory : 8400142336 bytes
[2022.03.01-01.41.57:670][  0]LogD3D11RHI:     DedicatedSystemMemory : 0 bytes
[2022.03.01-01.41.57:670][  0]LogD3D11RHI:     SharedSystemMemory : 8544849920 bytes
[2022.03.01-01.41.57:670][  0]LogD3D11RHI:     AdapterLuid : 0 47873
[2022.03.01-01.41.57:732][  0]LogD3D11RHI: RHI has support for 64 bit atomics
[2022.03.01-01.41.57:732][  0]LogD3D11RHI: Async texture creation enabled
[2022.03.01-01.41.57:732][  0]LogD3D11RHI: Array index from any shader is supported
[2022.03.01-01.41.57:750][  0]LogD3D11RHI: GPU Timing Frequency: 1000.000000 (Debug: 2 1)
[2022.03.01-01.41.57:780][  0]LogRHI: GeForceNow SDK initialized: 1
[2022.03.01-01.41.58:010][  0]LogTargetPlatformManager: Display: Loaded TargetPlatform 'WindowsNoEditor'
[2022.03.01-01.41.58:012][  0]LogTargetPlatformManager: Display: Loaded TargetPlatform 'Windows'
[2022.03.01-01.41.58:015][  0]LogTargetPlatformManager: Display: Loaded TargetPlatform 'WindowsClient'
[2022.03.01-01.41.58:018][  0]LogTargetPlatformManager: Display: Loaded TargetPlatform 'WindowsServer'
[2022.03.01-01.41.58:018][  0]LogTargetPlatformManager: Display: Building Assets For Windows
[2022.03.01-01.41.58:023][  0]LogAudioDebug: Display: Lib vorbis DLL was dynamically loaded.
[2022.03.01-01.41.58:042][  0]LogTextureFormatOodle: Display: Oodle Texture 2.9.0 init RDO Off
[2022.03.01-01.41.58:061][  0]LogRendererCore: Ray tracing is disabled. Reason: r.RayTracing=0.
[2022.03.01-01.41.58:061][  0]LogShaderCompilers: Guid format shader working directory is -3 characters bigger than the processId version (../../../../../GitHub/GAME259-2022-A/GAME259_A_URE/Intermediate/Shaders/WorkingDirectory/1224/).
[2022.03.01-01.41.58:061][  0]LogShaderCompilers: Cleaned the shader compiler working directory 'C:/Users/Trevor/AppData/Local/Temp/UnrealShaderWorkingDir/9B88627F4F41DAE9C6AABBB459CF87E6/'.
[2022.03.01-01.41.58:061][  0]LogXGEController: Cannot use XGE Controller as Incredibuild is not installed on this machine.
[2022.03.01-01.41.58:062][  0]LogShaderCompilers: Cannot use XGE Shader Compiler as Incredibuild is not installed on this machine.
[2022.03.01-01.41.58:062][  0]LogShaderCompilers: Display: Using Local Shader Compiler.
[2022.03.01-01.41.58:644][  0]LogDerivedDataCache: Display: Max Cache Size: 512 MB
[2022.03.01-01.41.58:691][  0]LogDerivedDataCache: Loaded boot cache 0.05s 103MB C:/Users/Trevor/AppData/Local/UnrealEngine/4.27/DerivedDataCache/Boot.ddc.
[2022.03.01-01.41.58:691][  0]LogDerivedDataCache: Display: Loaded Boot cache: C:/Users/Trevor/AppData/Local/UnrealEngine/4.27/DerivedDataCache/Boot.ddc
[2022.03.01-01.41.58:691][  0]LogDerivedDataCache: FDerivedDataBackendGraph:  Pak pak cache file ../../../../../GitHub/GAME259-2022-A/GAME259_A_URE/DerivedDataCache/DDC.ddp not found, will not use a pak cache.
[2022.03.01-01.41.58:691][  0]LogDerivedDataCache: Unable to find inner node Pak for hierarchical cache Hierarchy.
[2022.03.01-01.41.58:691][  0]LogDerivedDataCache: FDerivedDataBackendGraph:  CompressedPak pak cache file ../../../../../GitHub/GAME259-2022-A/GAME259_A_URE/DerivedDataCache/Compressed.ddp not found, will not use a pak cache.
[2022.03.01-01.41.58:691][  0]LogDerivedDataCache: Unable to find inner node CompressedPak for hierarchical cache Hierarchy.
[2022.03.01-01.41.58:704][  0]LogDerivedDataCache: Display: Pak cache opened for reading ../../../Engine/DerivedDataCache/Compressed.ddp.
[2022.03.01-01.41.58:704][  0]LogDerivedDataCache: FDerivedDataBackendGraph:  EnterprisePak pak cache file ../../../Enterprise/DerivedDataCache/Compressed.ddp not found, will not use a pak cache.
[2022.03.01-01.41.58:704][  0]LogDerivedDataCache: Unable to find inner node EnterprisePak for hierarchical cache Hierarchy.
[2022.03.01-01.41.58:708][  0]LogDerivedDataCache: Speed tests for C:/Users/Trevor/AppData/Local/UnrealEngine/Common/DerivedDataCache took 0.00 seconds
[2022.03.01-01.41.58:708][  0]LogDerivedDataCache: Display: Performance to C:/Users/Trevor/AppData/Local/UnrealEngine/Common/DerivedDataCache: Latency=0.02ms. RandomReadSpeed=1618.54MBs, RandomWriteSpeed=276.73MBs. Assigned SpeedClass 'Local'
[2022.03.01-01.41.58:709][  0]LogDerivedDataCache: Using Local data cache path C:/Users/Trevor/AppData/Local/UnrealEngine/Common/DerivedDataCache: Writable
[2022.03.01-01.41.58:709][  0]LogDerivedDataCache: Shared data cache path not found in *engine.ini, will not use an Shared cache.
[2022.03.01-01.41.58:709][  0]LogDerivedDataCache: Unable to find inner node Shared for hierarchical cache Hierarchy.
[2022.03.01-01.41.58:737][  0]LogSlate: Using FreeType 2.10.0
[2022.03.01-01.41.58:738][  0]LogSlate: SlateFontServices - WITH_FREETYPE: 1, WITH_HARFBUZZ: 1
[2022.03.01-01.41.58:738][  0]LogHMD: Failed to enumerate extensions. Please check that you have a valid OpenXR runtime installed.
[2022.03.01-01.41.58:789][  0]LogInit: Using OS detected language (en-US).
[2022.03.01-01.41.58:790][  0]LogInit: Using OS detected locale (en-CA).
[2022.03.01-01.41.58:790][  0]LogTextLocalizationManager: No localization for 'en-US' exists, so 'en' will be used for the language.
[2022.03.01-01.41.58:790][  0]LogTextLocalizationManager: No localization for 'en-CA' exists, so 'en' will be used for the locale.
[2022.03.01-01.41.58:790][  0]LogSlate: FontCache flush requested. Reason: Culture for localization was changed
[2022.03.01-01.41.58:790][  0]LogSlate: FontCache flush requested. Reason: Culture for localization was changed
[2022.03.01-01.41.58:792][  0]LogTextLocalizationManager: Compacting localization data took   0.00ms
[2022.03.01-01.41.58:792][  0]LogAssetRegistry: FAssetRegistry took 0.0012 seconds to start up
[2022.03.01-01.41.58:912][  0]LogPackageLocalizationCache: Processed 26 localized package path(s) for 1 prioritized culture(s) in 0.000717 seconds
[2022.03.01-01.41.58:956][  0]LogInit: Selected Device Profile: [Windows]
[2022.03.01-01.41.58:956][  0]LogInit: Active device profile: [000001BDC19CCD00][000001BDBD77F900 49] Windows
[2022.03.01-01.41.58:956][  0]LogInit: Profiles: [000001BDC19CCD00][000001BDBD77F900 49] Windows, [000001BDC199A300][000001BDBD7F5A80 49] WindowsNoEditor, [000001BDC19CDC00][000001BDBD7F9C00 49] WindowsServer, [000001BDC199B100][000001BDBD7FC200 49] WindowsClient, [000001BDC19CE900][000001BDBD800380 49] IOS, [000001BDC1999A00][000001BDBD804500 49] iPadAir, [000001BDC19CFE00][000001BDB9936680 49] iPadAir2, [000001BDC1945100][000001BDB993E940 49] IPadPro, [000001BDC1945200][000001BDB993A980 49] iPadAir3, [000001BDC1998C00][000001BDB9942B00 49] iPadAir4, [000001BDC1945E00][000001BDB9946C80 49] iPadMini2, [000001BDC199B300][000001BDB994AE00 49] iPadMini3, [000001BDC1947900][000001BDBD6D4F80 49] iPadMini4, [000001BDC1999000][000001BDBD6D9100 49] iPadMini5, [000001BDC1974900][000001BDBD6E13C0 49] iPhone6, [000001BDC1974A00][000001BDBD6DD400 49] iPodTouch6, [000001BDC19CEE00][000001BDBD6E5640 49] iPhone7, [000001BDC19CEF00][000001BDBD7F1680 49] iPodTouch7, [000001BDC1947E00][000001BDBD6E97C0 49] iPhone5S, [000001BDC19CD000][000001BDBD6ED900 49] iPhone6Plus, [000001BDC1974100][000001BDBD6F5A80 49] iPhone6S, [000001BDC1944300][000001BDBD6F9C00 49] iPhone6SPlus, [000001BDC1976800][000001BDBD6FC200 49] iPhone7Plus, [000001BDC1946400][000001BDBD700380 49] iPhoneSE, [000001BDC1976600][000001BDBD704500 49] iPhone8, [000001BDC1944400][000001BDBD708680 49] iPhone8Plus, [000001BDC1977100][000001BDBD70C800 49] iPhoneX, [000001BDC19CD500][000001BDBD710980 49] iPhoneXS, [000001BDC1976B00][000001BDBD714B00 49] iPhoneXSMax, [000001BDC19CC700][000001BDBD718C80 49] iPhoneXR, [000001BDC1974800][000001BDBD71CE00 49] iPhone11, [000001BDC19CD100][000001BDC2294F80 49] iPhone11Pro, [000001BDC1975A00][000001BDC2299100 49] iPhone11ProMax, [000001BDC19CF700][000001BDC229D280 49] iPhoneSE2, [000001BDC1977800][000001BDC22A1400 49] iPhone12Mini, [000001BDC19CE300][000001BDC22A5580 49] iPhone12, [000001BDC1977200][000001BDBD6F16C0 49] iPhone12Pro, [000001BDC19CD300][000001BDC22A9800 49] iPhone12ProMax, [000001BDC1975500][000001BDC22AD940 49] iPadPro105, [000001BDC19CCA00][000001BDC22B1A80 49] iPadPro129, [000001BDC1977D00][000001BDC22B9C00 49] iPadPro97, [000001BDC19CEA00][000001BDC22BC200 49] iPadPro2_129, [000001BDC1974E00][000001BDC22C0380 49] iPad5, [000001BDC19CDF00][000001BDC22C4500 49] iPad6, [000001BDC1975300][000001BDC22C8680 49] iPad7, [000001BDC19CC200][000001BDC22CC800 49] iPad8, [000001BDC1977A00][000001BDC22D0980 49] iPadPro11, [000001BDC19CD400][000001BDC22D4B00 49] iPadPro2_11, [000001BDC1977E00][000001BDC22D8C80 49] iPadPro3_129, [000001BDC19CE700][000001BDC22DCE00 49] iPadPro4_129, [000001BDC1974200][000001BDC22E0F80 49] AppleTV, [000001BDC19CC900][000001BDC22E5100 49] AppleTV4K, [000001BDC1976300][000001BDC22E9280 49] TVOS, [000001BDC19CED00][000001BDC22ED400 49] Mac, [000001BDC1977600][000001BDC22F1580 49] MacClient, [000001BDC19CE100][000001BDC22F5700 49] MacNoEditor, [000001BDC1977000][000001BDC22F9880 49] MacServer, [000001BDC19CE600][000001BDC22B59C0 49] Linux, [000001BDC1975D00][000001BDC22FDB00 49] LinuxAArch64, [000001BDC19CDA00][000001BDC23000C0 49] LinuxNoEditor, [000001BDC1977B00][000001BDC2308240 49] LinuxAArch64NoEditor, [000001BDC19CD200][000001BDC230C3C0 49] LinuxClient, [000001BDC1976D00][000001BDC2310540 49] LinuxAArch64Client, [000001BDC19CC100][000001BDC23146C0 49] LinuxServer, [000001BDC1977F00][000001BDC2318840 49] LinuxAArch64Server, [000001BDC19CEC00][000001BDC231C9C0 49] Android, [000001BDC1975C00][000001BDC2320B40 49] Android_Low, [000001BDC19CF300][000001BDC2324CC0 49] Android_Mid, [000001BDC1976200][000001BDC2328E40 49] Android_High, [000001BDC19CF400][000001BDC232CFC0 49] Android_Default, [000001BDC1975F00][000001BDC2331140 49] Android_Adreno4xx, [000001BDC19CFF00][000001BDC23352C0 49] Android_Adreno5xx_Low, [000001BDC1974B00][000001BDC2339440 49] Android_Adreno5xx, [000001BDC19CFD00][000001BDC233D5C0 49] Android_Adreno6xx, [000001BDC1998500][000001BDC2341740 49] Android_Adreno6xx_Vulkan, [000001BDC1947600][000001BDC23458C0 49] Android_Mali_T6xx, [000001BDC1999100][000001BDC2349A40 49] Android_Mali_T7xx, [000001BDC1947300][000001BDC2305B80 49] Android_Mali_T8xx, [000001BDC199AF00][000001BDC234C140 49] Android_Mali_G71, [000001BDC1944100][000001BDC2350280 49] Android_Mali_G72, [000001BDC1999600][000001BDC23543C0 49] Android_Mali_G72_Vulkan, [000001BDC1945300][000001BDC235C540 49] Android_Mali_G76, [000001BDC199BD00][000001BDBD7206C0 49] Android_Mali_G76_Vulkan, [000001BDC1946C00][000001BDBD724840 49] Android_Mali_G77, [000001BDC1999500][000001BDBD7289C0 49] Android_Mali_G77_Vulkan, [000001BDC1945800][000001BDBD72CB40 49] Android_Mali_G78, [000001BDC199A200][000001BDBD730CC0 49] Android_Mali_G78_Vulkan, [000001BDC1947D00][000001BDBD734E40 49] Android_Mali_G710, [000001BDC1998300][000001BDBD738FC0 49] Android_Mali_G710_Vulkan, [000001BDC1944200][000001BDBD73D140 49] Android_Vulkan_SM5, [000001BDC1998800][000001BDBD7412C0 49] Android_PowerVR_G6xxx, [000001BDC1946500][000001BDBD745440 49] Android_PowerVR_GT7xxx, [000001BDC1998E00][000001BDC23715C0 49] Android_PowerVR_GE8xxx, [000001BDC1945400][000001BDC2375740 49] Android_PowerVR_GM9xxx, [000001BDC1998D00][000001BDC23798C0 49] Android_PowerVR_GM9xxx_Vulkan, [000001BDC1946600][000001BDC237DA40 49] Android_TegraK1, [000001BDC1999E00][000001BDC2381BC0 49] Android_Unknown_Vulkan, [000001BDC1947C00][000001BDC2358180 49] Lumin, [000001BDC1998A00][000001BDC23842C0 49] Lumin_Desktop, [000001BDC1947B00][000001BDC2388400 49] HoloLens, 
[2022.03.01-01.41.59:045][  0]LogMeshReduction: Using QuadricMeshReduction for automatic static mesh reduction
[2022.03.01-01.41.59:045][  0]LogMeshReduction: Using SimplygonMeshReduction for automatic skeletal mesh reduction
[2022.03.01-01.41.59:045][  0]LogMeshReduction: Using ProxyLODMeshReduction for automatic mesh merging
[2022.03.01-01.41.59:045][  0]LogMeshReduction: No distributed automatic mesh merging module available
[2022.03.01-01.41.59:045][  0]LogMeshMerging: No distributed automatic mesh merging module available
[2022.03.01-01.41.59:068][  0]LogNetVersion: GAME259_A_URE 1.0.0, NetCL: 17155196, EngineNetVer: 17, GameNetVer: 0 (Checksum: 2250587433)
[2022.03.01-01.41.59:222][  0]LogTexture: Default maximum texture size for cubemaps generated from long-lat sources has been changed from 512 to unlimited. In order to preserve old behaiour for '/Engine/MapTemplates/Sky/DaylightAmbientCubemap.DaylightAmbientCubemap', its maximum texture size has been explicitly set to 512.
[2022.03.01-01.41.59:259][  0]LogHMD: PokeAHoleMaterial loaded successfully
[2022.03.01-01.41.59:323][  0]LogMoviePlayer: Initializing movie player
[2022.03.01-01.41.59:418][  0]LogNiagaraDebuggerClient: Niagara Debugger Client Initialized | Session: 6DAEC20F43D1F0027BCB229591932D23 | Instance: 0278B76D4C070C97EA9C5BA20ACE96D0 (TREVORPC-1224).
[2022.03.01-01.41.59:433][  0]LogCollectionManager: Loaded 0 collections in 0.000714 seconds
[2022.03.01-01.41.59:434][  0]LogFileCache: Scanning file cache for directory 'D:/GitHub/GAME259-2022-A/GAME259_A_URE/Saved/Collections/' took 0.00s
[2022.03.01-01.41.59:434][  0]LogFileCache: Scanning file cache for directory 'D:/GitHub/GAME259-2022-A/GAME259_A_URE/Content/Developers/Trevor/Collections/' took 0.00s
[2022.03.01-01.41.59:434][  0]LogFileCache: Scanning file cache for directory 'D:/GitHub/GAME259-2022-A/GAME259_A_URE/Content/Collections/' took 0.00s
[2022.03.01-01.41.59:434][  0]LogCollectionManager: Fixed up redirectors for 0 collections in 0.000001 seconds (updated 0 objects)
[2022.03.01-01.41.59:448][  0]LogPython: Using Python 3.7.7
[2022.03.01-01.41.59:832][  0]LogTcpMessaging: Initializing TcpMessaging bridge
[2022.03.01-01.41.59:835][  0]LogUdpMessaging: Initializing bridge on interface 0.0.0.0:0 to multicast group 230.0.0.1:6666.
[2022.03.01-01.41.59:861][  0]LogSteamShared: Display: Loading Steam SDK 1.51
[2022.03.01-01.41.59:862][  0]LogSteamShared: Steam SDK Loaded!
[2022.03.01-01.42.00:000][  0]SourceControl: Source control is disabled
[2022.03.01-01.42.00:000][  0]SourceControl: Source control is disabled
[2022.03.01-01.42.00:002][  0]SourceControl: Source control is disabled
[2022.03.01-01.42.00:004][  0]LogUProjectInfo: Found projects:
[2022.03.01-01.42.00:056][  0]LogOpenImageDenoise: OIDN starting up
[2022.03.01-01.42.00:079][  0]LogAndroidPermission: UAndroidPermissionCallbackProxy::GetInstance
[2022.03.01-01.42.00:089][  0]LogAudioCaptureCore: Display: No Audio Capture implementations found. Audio input will be silent.
[2022.03.01-01.42.00:089][  0]LogAudioCaptureCore: Display: No Audio Capture implementations found. Audio input will be silent.
[2022.03.01-01.42.00:144][  0]LogOcInput: OculusInput pre-init called
[2022.03.01-01.42.00:151][  0]LogUObjectArray: 23037 objects as part of root set at end of initial load.
[2022.03.01-01.42.00:151][  0]LogUObjectAllocator: 6396240 out of 0 bytes used by permanent object pool.
[2022.03.01-01.42.00:151][  0]LogUObjectArray: CloseDisregardForGC: 0/0 objects in disregard for GC pool
[2022.03.01-01.42.00:184][  0]LogEngine: Initializing Engine...
[2022.03.01-01.42.00:185][  0]LogHMD: Failed to enumerate extensions. Please check that you have a valid OpenXR runtime installed.
[2022.03.01-01.42.00:185][  0]LogMagicLeap: Warning: VR disabled because ZI is not enabled.  To enable, in the editor, Edit -> Project Settings -> Plugins -> Magic Leap Plugin -> Enable Zero Iteration
[2022.03.01-01.42.00:186][  0]LogStats: UGameplayTagsManager::InitializeManager -  0.000 s
[2022.03.01-01.42.00:253][  0]LogInit: Initializing FReadOnlyCVARCache
[2022.03.01-01.42.00:253][  0]LogAudio: Display: Initializing Audio Device Manager...
[2022.03.01-01.42.00:255][  0]LogAudio: Display: Loading Default Audio Settings Objects...
[2022.03.01-01.42.00:256][  0]LogAudio: Display: No default SoundConcurrencyObject specified (or failed to load).
[2022.03.01-01.42.00:256][  0]LogAudio: Display: Audio Device Manager Initialized
[2022.03.01-01.42.00:256][  0]LogAudio: Display: Creating Audio Device:                 Id: 1, Scope: Shared, Realtime: True
[2022.03.01-01.42.00:256][  0]LogAudioMixer: Display: Audio Mixer Platform Settings:
[2022.03.01-01.42.00:256][  0]LogAudioMixer: Display: 	Sample Rate:						  48000
[2022.03.01-01.42.00:256][  0]LogAudioMixer: Display: 	Callback Buffer Frame Size Requested: 1024
[2022.03.01-01.42.00:256][  0]LogAudioMixer: Display: 	Callback Buffer Frame Size To Use:	  1024
[2022.03.01-01.42.00:256][  0]LogAudioMixer: Display: 	Number of buffers to queue:			  2
[2022.03.01-01.42.00:256][  0]LogAudioMixer: Display: 	Max Channels (voices):				  32
[2022.03.01-01.42.00:256][  0]LogAudioMixer: Display: 	Number of Async Source Workers:		  0
[2022.03.01-01.42.00:256][  0]LogAudio: Display: AudioDevice MaxSources: 32
[2022.03.01-01.42.00:256][  0]LogAudio: Display: Audio Spatialization Plugin: None (built-in).
[2022.03.01-01.42.00:256][  0]LogAudio: Display: Audio Reverb Plugin: None (built-in).
[2022.03.01-01.42.00:256][  0]LogAudio: Display: Audio Occlusion Plugin: None (built-in).
[2022.03.01-01.42.00:256][  0]LogAudioMixer: Display: Initializing audio mixer.
[2022.03.01-01.42.00:265][  0]LogAudioMixer: Display: 0: FrontLeft
[2022.03.01-01.42.00:266][  0]LogAudioMixer: Display: 1: FrontRight
[2022.03.01-01.42.00:277][  0]LogAudioMixer: Display: Using Audio Device Speakers (HyperX Cloud Alpha S Game)
[2022.03.01-01.42.00:280][  0]LogAudioMixer: Display: Initializing Sound Submixes...
[2022.03.01-01.42.00:281][  0]LogAudioMixer: Display: Creating Master Submix 'MasterSubmixDefault'
[2022.03.01-01.42.00:281][  0]LogAudioMixer: Display: Creating Master Submix 'MasterReverbSubmixDefault'
[2022.03.01-01.42.00:282][  0]LogAudioMixer: Display: Creating Master Submix 'MasterEQSubmixDefault'
[2022.03.01-01.42.00:282][  0]LogAudioMixer: FMixerPlatformXAudio2::StartAudioStream() called
[2022.03.01-01.42.00:282][  0]LogAudioMixer: Display: Output buffers initialized: Frames=1024, Channels=2, Samples=2048
[2022.03.01-01.42.00:283][  0]LogAudioMixer: Display: Starting AudioMixerPlatformInterface::RunInternal()
[2022.03.01-01.42.00:283][  0]LogAudioMixer: Display: FMixerPlatformXAudio2::SubmitBuffer() called for the first time
[2022.03.01-01.42.00:283][  0]LogInit: FAudioDevice initialized.
[2022.03.01-01.42.00:283][  0]LogNetVersion: Set ProjectVersion to 1.0.0.0. Version Checksum will be recalculated on next use.
[2022.03.01-01.42.00:286][  0]LogInit: Texture streaming: Enabled
[2022.03.01-01.42.00:328][  0]LogAudio: Display: Audio Device (ID: 1) registered with world 'Untitled'.
[2022.03.01-01.42.00:328][  0]LogSlate: Updating window title bar state: overlay mode, drag disabled, window buttons hidden, title bar hidden
[2022.03.01-01.42.00:329][  0]LogInit: Display: Game Engine Initialized.
[2022.03.01-01.42.00:329][  0]LogNiagaraEditor: GEditor isn't valid! Particle reset commands will not work for Niagara components!
[2022.03.01-01.42.00:369][  0]LogInit: Display: Starting Game.
[2022.03.01-01.42.00:369][  0]LogNet: Browse: /Game/UI/Maps/L_MainMenu?Name=Player
[2022.03.01-01.42.00:369][  0]LogLoad: LoadMap: /Game/UI/Maps/L_MainMenu?Name=Player
[2022.03.01-01.42.00:369][  0]LogWorld: BeginTearingDown for /Temp/Untitled_0
[2022.03.01-01.42.00:370][  0]LogWorld: UWorld::CleanupWorld for Untitled, bSessionEnded=true, bCleanupResources=true
[2022.03.01-01.42.00:370][  0]LogSlate: InvalidateAllWidgets triggered.  All widgets were invalidated
[2022.03.01-01.42.00:375][  0]LogAudio: Display: Audio Device unregistered from world 'None'.
[2022.03.01-01.42.00:377][  0]LogUObjectHash: Compacting FUObjectHashTables data took   0.64ms
[2022.03.01-01.42.00:417][  0]LogAudio: Display: Audio Device (ID: 1) registered with world 'L_MainMenu'.
[2022.03.01-01.42.00:422][  0]LogAIModule: Creating AISystem for world L_MainMenu
[2022.03.01-01.42.00:422][  0]LogLoad: Game class is 'GM_MainMenu_C'
[2022.03.01-01.42.00:423][  0]LogWorld: Bringing World /Game/UI/Maps/L_MainMenu.L_MainMenu up for play (max tick rate 0) at 2022.02.28-20.42.00
[2022.03.01-01.42.00:423][  0]LogWorld: Bringing up level for play took: 0.000303
[2022.03.01-01.42.00:423][  0]LogGameMode: FindPlayerStart: PATHS NOT DEFINED or NO PLAYERSTART with positive rating
[2022.03.01-01.42.00:424][  0]LogLoad: Took 0.055252 seconds to LoadMap(/Game/UI/Maps/L_MainMenu)
[2022.03.01-01.42.00:499][  0]LogSlate: Took 0.000121 seconds to synchronously load lazily loaded font '../../../Engine/Content/Slate/Fonts/Roboto-Regular.ttf' (155K)
[2022.03.01-01.42.00:533][  0]LogRenderer: Reallocating scene render targets to support 1272x688 Format 10 NumSamples 1 (Frame:1).
[2022.03.01-01.42.00:533][  0]LogInit: Display: Engine is initialized. Leaving FEngineLoop::Init()
[2022.03.01-01.42.00:533][  0]LogLoad: (Engine Initialization) Total time: 3.80 seconds
[2022.03.01-01.42.00:533][  0]LogLoad: (Engine Initialization) Total Blueprint compile time: 0.00 seconds
[2022.03.01-01.42.00:535][  0]LogContentStreaming: Texture pool size now 600 MB
[2022.03.01-01.42.00:537][  0]LogSlate: InvalidateAllWidgets triggered.  All widgets were invalidated
[2022.03.01-01.42.00:591][  1]LogSlate: Took 0.000099 seconds to synchronously load lazily loaded font '../../../Engine/Content/Slate/Fonts/Roboto-Regular.ttf' (155K)
[2022.03.01-01.42.06:011][212]r.SetRes = "1280x720"
[2022.03.01-01.42.06:120][213]LogRenderer: Reallocating scene render targets to support 1280x720 Format 10 NumSamples 1 (Frame:4214).
[2022.03.01-01.42.06:945][885]r.SetRes = "1920x1080"
[2022.03.01-01.42.07:055][886]LogRenderer: Reallocating scene render targets to support 1920x1080 Format 10 NumSamples 1 (Frame:4888).
[2022.03.01-01.42.08:742][781]r.SetRes = "1280x720"
[2022.03.01-01.42.08:847][784]LogRenderer: Reallocating scene render targets to support 1280x720 Format 10 NumSamples 1 (Frame:5787).
[2022.03.01-01.42.13:024][ 81]r.SetRes = "720x480"
[2022.03.01-01.42.13:147][ 82]LogRenderer: Reallocating scene render targets to support 720x480 Format 10 NumSamples 1 (Frame:9086).
[2022.03.01-01.42.14:457][403]r.SetRes = "1280x720"
[2022.03.01-01.42.14:566][404]LogRenderer: Reallocating scene render targets to support 1280x720 Format 10 NumSamples 1 (Frame:10409).
[2022.03.01-01.42.20:391][132]Closing by request
[2022.03.01-01.42.20:391][132]LogWindows: FPlatformMisc::RequestExit(0)
[2022.03.01-01.42.20:391][132]LogWindows: FPlatformMisc::RequestExitWithStatus(0, 0)
[2022.03.01-01.42.20:391][132]LogCore: Engine exit requested (reason: Win RequestExit)
[2022.03.01-01.42.20:392][133]LogCore: Engine exit requested (reason: EngineExit() was called; note: exit was already requested)
[2022.03.01-01.42.20:392][133]LogInit: Display: PreExit Game.
[2022.03.01-01.42.20:393][133]LogWorld: BeginTearingDown for /Game/UI/Maps/L_MainMenu
[2022.03.01-01.42.20:393][133]LogWorld: UWorld::CleanupWorld for L_MainMenu, bSessionEnded=true, bCleanupResources=true
[2022.03.01-01.42.20:393][133]LogSlate: InvalidateAllWidgets triggered.  All widgets were invalidated
[2022.03.01-01.42.21:195][133]LogAudio: Display: Beginning Audio Device Manager Shutdown (Module: AudioMixerXAudio2)...
[2022.03.01-01.42.21:195][133]LogAudio: Display: Destroying 1 Remaining Audio Device(s)...
[2022.03.01-01.42.21:195][133]LogAudio: Display: Audio Device unregistered from world 'L_MainMenu'.
[2022.03.01-01.42.21:231][133]LogAudioMixer: FMixerPlatformXAudio2::StopAudioStream() called
[2022.03.01-01.42.21:232][133]LogAudioMixer: FMixerPlatformXAudio2::StopAudioStream() called
[2022.03.01-01.42.21:233][133]LogAudio: Display: Audio Device Manager Shutdown
[2022.03.01-01.42.21:241][133]LogSlate: Window 'GAME259_A_URE (64-bit Development PCD3D_SM5) ' being destroyed
[2022.03.01-01.42.21:242][133]LogWindowsTextInputMethodSystem: Display: IME system deactivated.
[2022.03.01-01.42.21:244][133]LogWindowsTextInputMethodSystem: Display: IME system deactivated.
[2022.03.01-01.42.21:248][133]LogExit: Preparing to exit.
[2022.03.01-01.42.21:854][133]LogUObjectHash: Compacting FUObjectHashTables data took   0.62ms
[2022.03.01-01.42.21:946][133]LogMoviePlayer: Shutting down movie player
[2022.03.01-01.42.21:969][133]LogSlate: Updating window title bar state: overlay mode, drag disabled, window buttons hidden, title bar hidden
[2022.03.01-01.42.21:979][133]LogDemo: Cleaned up 0 splitscreen connections with owner deletion
[2022.03.01-01.42.21:983][133]LogExit: Game engine shut down
[2022.03.01-01.42.22:011][133]LogExit: Object subsystem successfully closed.
[2022.03.01-01.42.22:021][133]LogShaderCompilers: Display: === FShaderJobCache stats ===
[2022.03.01-01.42.22:021][133]LogShaderCompilers: Display: Total job queries 0, among them cache hits 0 (0.00%)
[2022.03.01-01.42.22:021][133]LogShaderCompilers: Display: Tracking 0 distinct input hashes that result in 0 distinct outputs (0.00%)
[2022.03.01-01.42.22:021][133]LogShaderCompilers: Display: RAM used: 0.00 MB (0.00 GB) of 819.20 MB (0.80 GB) budget. Usage: 0.00%
[2022.03.01-01.42.22:021][133]LogShaderCompilers: Display: ================================================
[2022.03.01-01.42.22:029][133]LogShaderCompilers: Display: Shaders left to compile 0
[2022.03.01-01.42.22:034][133]LogModuleManager: Shutting down and abandoning module SequenceRecorderSections (560)
[2022.03.01-01.42.22:034][133]LogModuleManager: Shutting down and abandoning module SequenceRecorder (558)
[2022.03.01-01.42.22:034][133]LogModuleManager: Shutting down and abandoning module AutomationController (556)
[2022.03.01-01.42.22:034][133]LogModuleManager: Shutting down and abandoning module AutomationWorker (554)
[2022.03.01-01.42.22:034][133]LogModuleManager: Shutting down and abandoning module Voice (552)
[2022.03.01-01.42.22:034][133]LogModuleManager: Shutting down and abandoning module AIModule (550)
[2022.03.01-01.42.22:034][133]LogModuleManager: Shutting down and abandoning module GameplayDebugger (549)
[2022.03.01-01.42.22:034][133]LogModuleManager: Shutting down and abandoning module AITestSuite (547)
[2022.03.01-01.42.22:034][133]LogModuleManager: Shutting down and abandoning module NavigationSystem (545)
[2022.03.01-01.42.22:034][133]LogModuleManager: Shutting down and abandoning module OculusMR (542)
[2022.03.01-01.42.22:034][133]LogModuleManager: Shutting down and abandoning module OpenXRInput (540)
[2022.03.01-01.42.22:034][133]LogModuleManager: Shutting down and abandoning module TakeRecorderSources (538)
[2022.03.01-01.42.22:034][133]LogModuleManager: Shutting down and abandoning module TakeRecorder (537)
[2022.03.01-01.42.22:035][133]LogModuleManager: Shutting down and abandoning module TakeTrackRecorders (534)
[2022.03.01-01.42.22:035][133]LogModuleManager: Shutting down and abandoning module TakesCore (532)
[2022.03.01-01.42.22:035][133]LogModuleManager: Shutting down and abandoning module MagicLeapMediaCodecFactory (530)
[2022.03.01-01.42.22:035][133]LogModuleManager: Shutting down and abandoning module MagicLeapMediaFactory (528)
[2022.03.01-01.42.22:035][133]LogModuleManager: Shutting down and abandoning module WmfMediaFactory (526)
[2022.03.01-01.42.22:035][133]LogModuleManager: Shutting down and abandoning module WebMMediaFactory (524)
[2022.03.01-01.42.22:035][133]LogModuleManager: Shutting down and abandoning module WebMMedia (522)
[2022.03.01-01.42.22:035][133]LogModuleManager: Shutting down and abandoning module OpenExrWrapper (520)
[2022.03.01-01.42.22:035][133]LogModuleManager: Shutting down and abandoning module ImgMediaFactory (518)
[2022.03.01-01.42.22:035][133]LogModuleManager: Shutting down and abandoning module AvfMediaFactory (516)
[2022.03.01-01.42.22:035][133]LogModuleManager: Shutting down and abandoning module PlanarCut (514)
[2022.03.01-01.42.22:035][133]LogModuleManager: Shutting down and abandoning module CharacterAI (512)
[2022.03.01-01.42.22:035][133]LogModuleManager: Shutting down and abandoning module SessionServices (510)
[2022.03.01-01.42.22:035][133]LogModuleManager: Shutting down and abandoning module MovieSceneCapture (508)
[2022.03.01-01.42.22:035][133]LogModuleManager: Shutting down and abandoning module LiveCoding (506)
[2022.03.01-01.42.22:035][133]LogModuleManager: Shutting down and abandoning module LevelSequence (504)
[2022.03.01-01.42.22:035][133]LogModuleManager: Shutting down and abandoning module MovieSceneTracks (502)
[2022.03.01-01.42.22:035][133]LogModuleManager: Shutting down and abandoning module MovieScene (500)
[2022.03.01-01.42.22:035][133]LogModuleManager: Shutting down and abandoning module StreamingPauseRendering (498)
[2022.03.01-01.42.22:035][133]LogModuleManager: Shutting down and abandoning module PortalServices (496)
[2022.03.01-01.42.22:035][133]LogModuleManager: Shutting down and abandoning module PortalRpc (494)
[2022.03.01-01.42.22:035][133]LogModuleManager: Shutting down and abandoning module MessagingRpc (492)
[2022.03.01-01.42.22:035][133]LogModuleManager: Shutting down and abandoning module AudioMixerXAudio2 (490)
[2022.03.01-01.42.22:035][133]LogModuleManager: Shutting down and abandoning module AudioMixerCore (489)
[2022.03.01-01.42.22:035][133]LogModuleManager: Shutting down and abandoning module ImageWriteQueue (486)
[2022.03.01-01.42.22:037][133]LogModuleManager: Shutting down and abandoning module ProfilerService (484)
[2022.03.01-01.42.22:202][133]LogModuleManager: Shutting down and abandoning module TaskGraph (482)
[2022.03.01-01.42.22:202][133]LogModuleManager: Shutting down and abandoning module OculusInput (480)
[2022.03.01-01.42.22:202][133]LogModuleManager: Shutting down and abandoning module EOSVoiceChat (478)
[2022.03.01-01.42.22:202][133]LogModuleManager: Shutting down and abandoning module Synthesis (476)
[2022.03.01-01.42.22:202][133]LogModuleManager: Shutting down and abandoning module ProceduralMeshComponent (474)
[2022.03.01-01.42.22:202][133]LogModuleManager: Shutting down and abandoning module MobilePatchingUtils (472)
[2022.03.01-01.42.22:202][133]LogModuleManager: Shutting down and abandoning module TakeMovieScene (470)
[2022.03.01-01.42.22:202][133]LogModuleManager: Shutting down and abandoning module GooglePAD (468)
[2022.03.01-01.42.22:202][133]LogModuleManager: Shutting down and abandoning module EditableMesh (466)
[2022.03.01-01.42.22:202][133]LogModuleManager: Shutting down and abandoning module AssetTags (464)
[2022.03.01-01.42.22:202][133]LogModuleManager: Shutting down and abandoning module CustomMeshComponent (462)
[2022.03.01-01.42.22:202][133]LogModuleManager: Shutting down and abandoning module CableComponent (460)
[2022.03.01-01.42.22:202][133]LogModuleManager: Shutting down and abandoning module AudioCapture (458)
[2022.03.01-01.42.22:202][133]LogModuleManager: Shutting down and abandoning module AudioCaptureRtAudio (457)
[2022.03.01-01.42.22:202][133]LogModuleManager: Shutting down and abandoning module ArchVisCharacter (454)
[2022.03.01-01.42.22:202][133]LogModuleManager: Shutting down and abandoning module AppleImageUtilsBlueprintSupport (452)
[2022.03.01-01.42.22:202][133]LogModuleManager: Shutting down and abandoning module AppleImageUtils (450)
[2022.03.01-01.42.22:202][133]LogModuleManager: Shutting down and abandoning module AndroidPermission (448)
[2022.03.01-01.42.22:202][133]LogModuleManager: Shutting down and abandoning module ActorLayerUtilities (446)
[2022.03.01-01.42.22:202][133]LogModuleManager: Shutting down and abandoning module TemplateSequence (444)
[2022.03.01-01.42.22:202][133]LogModuleManager: Shutting down and abandoning module MagicLeapSharedWorld (440)
[2022.03.01-01.42.22:202][133]LogModuleManager: Shutting down and abandoning module MagicLeapLightEstimation (438)
[2022.03.01-01.42.22:202][133]LogModuleManager: Shutting down and abandoning module MagicLeapHelperVulkan (436)
[2022.03.01-01.42.22:202][133]LogModuleManager: Shutting down and abandoning module MagicLeapHelperOpenGL (434)
[2022.03.01-01.42.22:202][133]LogModuleManager: Shutting down and abandoning module MagicLeapAudio (432)
[2022.03.01-01.42.22:202][133]LogModuleManager: Shutting down and abandoning module MediaCompositing (430)
[2022.03.01-01.42.22:202][133]LogModuleManager: Shutting down and abandoning module ImgMedia (428)
[2022.03.01-01.42.22:202][133]LogModuleManager: Shutting down and abandoning module OpenImageDenoise (426)
[2022.03.01-01.42.22:202][133]LogOpenImageDenoise: OIDN shutting down
[2022.03.01-01.42.22:202][133]LogModuleManager: Shutting down and abandoning module MotoSynth (424)
[2022.03.01-01.42.22:203][133]LogModuleManager: Shutting down and abandoning module MeshConversion (422)
[2022.03.01-01.42.22:203][133]LogModuleManager: Shutting down and abandoning module DynamicMesh (420)
[2022.03.01-01.42.22:203][133]LogModuleManager: Shutting down and abandoning module GeometryAlgorithms (418)
[2022.03.01-01.42.22:203][133]LogModuleManager: Shutting down and abandoning module GeometricObjects (416)
[2022.03.01-01.42.22:203][133]LogModuleManager: Shutting down and abandoning module GeometryCollectionTracks (414)
[2022.03.01-01.42.22:203][133]LogModuleManager: Shutting down and abandoning module GeometryCollectionSequencer (413)
[2022.03.01-01.42.22:203][133]LogModuleManager: Shutting down and abandoning module GeometryCacheTracks (410)
[2022.03.01-01.42.22:203][133]LogModuleManager: Shutting down and abandoning module GeometryCacheSequencer (409)
[2022.03.01-01.42.22:203][133]LogModuleManager: Shutting down and abandoning module GeometryCache (406)
[2022.03.01-01.42.22:203][133]LogModuleManager: Shutting down and abandoning module GeometryCacheEd (405)
[2022.03.01-01.42.22:203][133]LogModuleManager: Shutting down and abandoning module ChaosNiagara (402)
[2022.03.01-01.42.22:203][133]LogModuleManager: Shutting down and abandoning module FieldSystemEngine (401)
[2022.03.01-01.42.22:203][133]LogModuleManager: Shutting down and abandoning module UObjectPlugin (398)
[2022.03.01-01.42.22:203][133]LogModuleManager: Shutting down and abandoning module BackChannel (396)
[2022.03.01-01.42.22:203][133]LogModuleManager: Shutting down and abandoning module AutomationUtils (394)
[2022.03.01-01.42.22:203][133]LogModuleManager: Shutting down and abandoning module VisualStudioSourceCodeAccess (392)
[2022.03.01-01.42.22:203][133]LogModuleManager: Shutting down and abandoning module HotReload (391)
[2022.03.01-01.42.22:203][133]LogModuleManager: Shutting down and abandoning module VisualStudioCodeSourceCodeAccess (388)
[2022.03.01-01.42.22:203][133]LogModuleManager: Shutting down and abandoning module SubversionSourceControl (386)
[2022.03.01-01.42.22:203][133]LogModuleManager: Shutting down and abandoning module PerforceSourceControl (384)
[2022.03.01-01.42.22:203][133]LogModuleManager: Shutting down and abandoning module SourceControl (383)
[2022.03.01-01.42.22:203][133]LogModuleManager: Shutting down and abandoning module CLionSourceCodeAccess (380)
[2022.03.01-01.42.22:203][133]LogModuleManager: Shutting down and abandoning module OodleNetworkHandlerComponent (378)
[2022.03.01-01.42.22:203][133]LogModuleManager: Shutting down and abandoning module LiveLinkSequencer (376)
[2022.03.01-01.42.22:203][133]LogModuleManager: Shutting down and abandoning module LiveLinkMovieScene (374)
[2022.03.01-01.42.22:203][133]LogModuleManager: Shutting down and abandoning module LiveLinkGraphNode (372)
[2022.03.01-01.42.22:203][133]LogModuleManager: Shutting down and abandoning module LiveLinkComponents (370)
[2022.03.01-01.42.22:203][133]LogModuleManager: Shutting down and abandoning module LiveLink (368)
[2022.03.01-01.42.22:985][133]LogModuleManager: Shutting down and abandoning module GAME259_A_URE (366)
[2022.03.01-01.42.22:985][133]LogModuleManager: Shutting down and abandoning module AnimGraph (365)
[2022.03.01-01.42.22:985][133]LogModuleManager: Shutting down and abandoning module SteamShared (362)
[2022.03.01-01.42.22:985][133]LogSteamShared: Freeing the Steam Loaded Modules...
[2022.03.01-01.42.22:985][133]LogModuleManager: Shutting down and abandoning module SoundFields (360)
[2022.03.01-01.42.22:985][133]LogModuleManager: Shutting down and abandoning module SignificanceManager (358)
[2022.03.01-01.42.22:985][133]LogModuleManager: Shutting down and abandoning module RuntimePhysXCooking (356)
[2022.03.01-01.42.22:985][133]LogModuleManager: Shutting down and abandoning module PropertyAccessEditor (354)
[2022.03.01-01.42.22:985][133]LogModuleManager: Shutting down and abandoning module PhysXVehiclesEditor (352)
[2022.03.01-01.42.22:985][133]LogModuleManager: Shutting down and abandoning module LocationServicesBPLibrary (348)
[2022.03.01-01.42.22:985][133]LogModuleManager: Shutting down and abandoning module AudioSynesthesia (346)
[2022.03.01-01.42.22:985][133]LogModuleManager: Shutting down and abandoning module AudioSynesthesiaCore (344)
[2022.03.01-01.42.22:985][133]LogModuleManager: Shutting down and abandoning module ActorSequence (342)
[2022.03.01-01.42.22:985][133]LogModuleManager: Shutting down and abandoning module UdpMessaging (340)
[2022.03.01-01.42.23:087][133]LogModuleManager: Shutting down and abandoning module TcpMessaging (338)
[2022.03.01-01.42.23:187][133]LogModuleManager: Shutting down and abandoning module MagicLeapARPin (336)
[2022.03.01-01.42.23:187][133]LogModuleManager: Shutting down and abandoning module MagicLeapHandMeshing (334)
[2022.03.01-01.42.23:187][133]LogModuleManager: Shutting down and abandoning module MagicLeapSecureStorage (332)
[2022.03.01-01.42.23:187][133]LogModuleManager: Shutting down and abandoning module MagicLeapPrivileges (330)
[2022.03.01-01.42.23:187][133]LogModuleManager: Shutting down and abandoning module MagicLeapPlanes (328)
[2022.03.01-01.42.23:187][133]LogMagicLeapPlanes: Planes tracker already destroyed.
[2022.03.01-01.42.23:187][133]LogModuleManager: Shutting down and abandoning module MagicLeapImageTracker (326)
[2022.03.01-01.42.23:187][133]LogModuleManager: Shutting down and abandoning module MagicLeapIdentity (324)
[2022.03.01-01.42.23:187][133]LogModuleManager: Shutting down and abandoning module MagicLeapHandTracking (322)
[2022.03.01-01.42.23:187][133]LogModuleManager: Shutting down and abandoning module MagicLeapEyeTracker (320)
[2022.03.01-01.42.23:187][133]LogModuleManager: Shutting down and abandoning module MagicLeapController (318)
[2022.03.01-01.42.23:187][133]LogModuleManager: Shutting down and abandoning module MagicLeapARPinImpl (316)
[2022.03.01-01.42.23:187][133]LogModuleManager: Shutting down and abandoning module MagicLeapAR (314)
[2022.03.01-01.42.23:187][133]LogModuleManager: Shutting down and abandoning module ImgMediaEngine (312)
[2022.03.01-01.42.23:187][133]LogModuleManager: Shutting down and abandoning module PythonScriptPlugin (310)
[2022.03.01-01.42.23:187][133]LogModuleManager: Shutting down and abandoning module GameplayTagsEditor (308)
[2022.03.01-01.42.23:187][133]LogModuleManager: Shutting down and abandoning module NiagaraAnimNotifies (306)
[2022.03.01-01.42.23:187][133]LogModuleManager: Shutting down and abandoning module Niagara (304)
[2022.03.01-01.42.23:187][133]LogModuleManager: Shutting down and abandoning module SignalProcessing (303)
[2022.03.01-01.42.23:187][133]LogModuleManager: Shutting down and abandoning module NiagaraEditor (301)
[2022.03.01-01.42.23:187][133]LogModuleManager: Shutting down and abandoning module ContentBrowser (300)
[2022.03.01-01.42.23:187][133]LogModuleManager: Shutting down and abandoning module CollectionManager (299)
[2022.03.01-01.42.23:187][133]LogModuleManager: Shutting down and abandoning module DirectoryWatcher (298)
[2022.03.01-01.42.23:187][133]LogModuleManager: Shutting down and abandoning module ContentBrowserData (295)
[2022.03.01-01.42.23:187][133]LogModuleManager: Shutting down and abandoning module NiagaraCore (290)
[2022.03.01-01.42.23:187][133]LogModuleManager: Shutting down and abandoning module FacialAnimation (288)
[2022.03.01-01.42.23:187][133]LogModuleManager: Shutting down and abandoning module PropertyAccessNode (286)
[2022.03.01-01.42.23:187][133]LogModuleManager: Shutting down and abandoning module AssetManagerEditor (284)
[2022.03.01-01.42.23:187][133]LogModuleManager: Shutting down and abandoning module TreeMap (283)
[2022.03.01-01.42.23:187][133]LogModuleManager: Shutting down and abandoning module AnimationSharing (280)
[2022.03.01-01.42.23:187][133]LogModuleManager: Shutting down and abandoning module GameplayCameras (278)
[2022.03.01-01.42.23:187][133]LogModuleManager: Shutting down and abandoning module LightPropagationVolumeRuntime (276)
[2022.03.01-01.42.23:187][133]LogModuleManager: Shutting down and abandoning module EnvironmentQueryEditor (274)
[2022.03.01-01.42.23:187][133]LogModuleManager: Shutting down and abandoning module Paper2D (272)
[2022.03.01-01.42.23:187][133]LogModuleManager: Shutting down and abandoning module WindowsMoviePlayer (270)
[2022.03.01-01.42.23:188][133]LogModuleManager: Shutting down and abandoning module WebMMoviePlayer (268)
[2022.03.01-01.42.23:188][133]LogModuleManager: Shutting down and abandoning module NetworkReplayStreaming (266)
[2022.03.01-01.42.23:188][133]LogModuleManager: Shutting down and abandoning module PacketHandler (264)
[2022.03.01-01.42.23:188][133]LogModuleManager: Shutting down and abandoning module ClothingSystemEditor (262)
[2022.03.01-01.42.23:188][133]LogModuleManager: Shutting down and abandoning module ClothingSystemRuntimeNv (260)
[2022.03.01-01.42.23:188][133]LogModuleManager: Shutting down and abandoning module MediaAssets (258)
[2022.03.01-01.42.23:188][133]LogModuleManager: Shutting down and abandoning module Overlay (256)
[2022.03.01-01.42.23:188][133]LogModuleManager: Shutting down and abandoning module OverlayEditor (255)
[2022.03.01-01.42.23:188][133]LogModuleManager: Shutting down and abandoning module VREditor (252)
[2022.03.01-01.42.23:188][133]LogModuleManager: Shutting down and abandoning module StringTableEditor (250)
[2022.03.01-01.42.23:188][133]LogModuleManager: Shutting down and abandoning module GameplayTasksEditor (248)
[2022.03.01-01.42.23:188][133]LogModuleManager: Shutting down and abandoning module BehaviorTreeEditor (246)
[2022.03.01-01.42.23:188][133]LogModuleManager: Shutting down and abandoning module FunctionalTesting (244)
[2022.03.01-01.42.23:188][133]LogModuleManager: Shutting down and abandoning module CollisionAnalyzer (242)
[2022.03.01-01.42.23:188][133]LogModuleManager: Shutting down and abandoning module WorkspaceMenuStructure (241)
[2022.03.01-01.42.23:188][133]LogModuleManager: Shutting down and abandoning module UMG (238)
[2022.03.01-01.42.23:188][133]LogModuleManager: Shutting down and abandoning module UMGEditor (237)
[2022.03.01-01.42.23:188][133]LogModuleManager: Shutting down and abandoning module Sequencer (236)
[2022.03.01-01.42.23:188][133]LogModuleManager: Shutting down and abandoning module MessageLog (233)
[2022.03.01-01.42.23:188][133]LogModuleManager: Shutting down and abandoning module SlateReflector (228)
[2022.03.01-01.42.23:188][133]LogModuleManager: Shutting down and abandoning module Slate (226)
[2022.03.01-01.42.23:188][133]LogModuleManager: Shutting down and abandoning module SlateCore (224)
[2022.03.01-01.42.23:189][133]LogModuleManager: Shutting down and abandoning module LandscapeEditorUtilities (222)
[2022.03.01-01.42.23:189][133]LogModuleManager: Shutting down and abandoning module UnrealEd (220)
[2022.03.01-01.42.23:189][133]LogModuleManager: Shutting down and abandoning module MRMesh (218)
[2022.03.01-01.42.23:189][133]LogModuleManager: Shutting down and abandoning module Messaging (216)
[2022.03.01-01.42.23:189][133]LogModuleManager: Shutting down and abandoning module SourceCodeAccess (214)
[2022.03.01-01.42.23:189][133]LogModuleManager: Shutting down and abandoning module HeadMountedDisplay (212)
[2022.03.01-01.42.23:189][133]LogModuleManager: Shutting down and abandoning module XAudio2 (210)
[2022.03.01-01.42.23:189][133]LogModuleManager: Shutting down and abandoning module Networking (208)
[2022.03.01-01.42.23:189][133]LogModuleManager: Shutting down and abandoning module Core (206)
[2022.03.01-01.42.23:189][133]LogModuleManager: Shutting down and abandoning module MaterialEditor (204)
[2022.03.01-01.42.23:189][133]LogModuleManager: Shutting down and abandoning module MovieSceneTools (202)
[2022.03.01-01.42.23:189][133]LogModuleManager: Shutting down and abandoning module EditorStyle (201)
[2022.03.01-01.42.23:189][133]LogModuleManager: Shutting down and abandoning module KismetCompiler (198)
[2022.03.01-01.42.23:189][133]LogModuleManager: Shutting down and abandoning module MeshBuilder (196)
[2022.03.01-01.42.23:189][133]LogModuleManager: Shutting down and abandoning module MeshUtilities (194)
[2022.03.01-01.42.23:189][133]LogModuleManager: Shutting down and abandoning module MeshMergeUtilities (193)
[2022.03.01-01.42.23:189][133]LogModuleManager: Shutting down and abandoning module MeshReductionInterface (192)
[2022.03.01-01.42.23:189][133]LogModuleManager: Shutting down and abandoning module MeshBoneReduction (191)
[2022.03.01-01.42.23:189][133]LogModuleManager: Shutting down and abandoning module SkeletalMeshReduction (189)
[2022.03.01-01.42.23:189][133]LogModuleManager: Shutting down and abandoning module ProxyLODMeshReduction (187)
[2022.03.01-01.42.23:189][133]LogModuleManager: Shutting down and abandoning module QuadricMeshReduction (185)
[2022.03.01-01.42.23:189][133]LogModuleManager: Shutting down and abandoning module MaterialBaking (181)
[2022.03.01-01.42.23:189][133]LogModuleManager: Shutting down and abandoning module NullInstallBundleManager (176)
[2022.03.01-01.42.23:189][133]LogModuleManager: Shutting down and abandoning module PIEPreviewDeviceProfileSelector (174)
[2022.03.01-01.42.23:189][133]LogModuleManager: Shutting down and abandoning module DerivedDataCache (172)
[2022.03.01-01.42.23:189][133]LogModuleManager: Shutting down and abandoning module TargetPlatform (170)
[2022.03.01-01.42.23:189][133]LogModuleManager: Shutting down and abandoning module VulkanShaderFormat (169)
[2022.03.01-01.42.23:189][133]LogModuleManager: Shutting down and abandoning module ShaderFormatVectorVM (167)
[2022.03.01-01.42.23:190][133]LogModuleManager: Shutting down and abandoning module ShaderFormatOpenGL (165)
[2022.03.01-01.42.23:190][133]LogModuleManager: Shutting down and abandoning module ShaderFormatD3D (163)
[2022.03.01-01.42.23:190][133]LogModuleManager: Shutting down and abandoning module MetalShaderFormat (161)
[2022.03.01-01.42.23:190][133]LogModuleManager: Shutting down and abandoning module TextureFormatOodle (159)
[2022.03.01-01.42.23:190][133]LogModuleManager: Shutting down and abandoning module TextureFormatUncompressed (157)
[2022.03.01-01.42.23:190][133]LogModuleManager: Shutting down and abandoning module TextureFormatPVR (155)
[2022.03.01-01.42.23:190][133]LogModuleManager: Shutting down and abandoning module TextureFormatETC2 (153)
[2022.03.01-01.42.23:190][133]LogModuleManager: Shutting down and abandoning module TextureFormatDXT (151)
[2022.03.01-01.42.23:190][133]LogModuleManager: Shutting down and abandoning module TextureFormatIntelISPCTexComp (149)
[2022.03.01-01.42.23:190][133]LogModuleManager: Shutting down and abandoning module TextureFormatASTC (147)
[2022.03.01-01.42.23:190][133]LogModuleManager: Shutting down and abandoning module ImageWrapper (146)
[2022.03.01-01.42.23:190][133]LogModuleManager: Shutting down and abandoning module AudioFormatOpus (143)
[2022.03.01-01.42.23:190][133]LogModuleManager: Shutting down and abandoning module AudioFormatOgg (141)
[2022.03.01-01.42.23:190][133]LogModuleManager: Shutting down and abandoning module AudioFormatADPCM (139)
[2022.03.01-01.42.23:190][133]LogModuleManager: Shutting down and abandoning module WindowsServerTargetPlatform (137)
[2022.03.01-01.42.23:190][133]LogModuleManager: Shutting down and abandoning module WindowsClientTargetPlatform (135)
[2022.03.01-01.42.23:190][133]LogModuleManager: Shutting down and abandoning module WindowsTargetPlatform (133)
[2022.03.01-01.42.23:190][133]LogModuleManager: Shutting down and abandoning module WindowsNoEditorTargetPlatform (131)
[2022.03.01-01.42.23:190][133]LogModuleManager: Shutting down and abandoning module D3D11RHI (128)
[2022.03.01-01.42.23:190][133]LogModuleManager: Shutting down and abandoning module InputCore (126)
[2022.03.01-01.42.23:190][133]LogModuleManager: Shutting down and abandoning module Settings (124)
[2022.03.01-01.42.23:190][133]LogModuleManager: Shutting down and abandoning module PhysXCooking (122)
[2022.03.01-01.42.23:190][133]LogModuleManager: Shutting down and abandoning module Chaos (120)
[2022.03.01-01.42.23:190][133]LogModuleManager: Shutting down and abandoning module WindowsPlatformFeatures (118)
[2022.03.01-01.42.23:190][133]LogModuleManager: Shutting down and abandoning module GameplayMediaEncoder (117)
[2022.03.01-01.42.23:190][133]LogModuleManager: Shutting down and abandoning module AVEncoder (116)
[2022.03.01-01.42.23:190][133]LogModuleManager: Shutting down and abandoning module OculusHMD (112)
[2022.03.01-01.42.23:190][133]LogModuleManager: Shutting down and abandoning module VariantManagerContent (110)
[2022.03.01-01.42.23:190][133]LogModuleManager: Shutting down and abandoning module DatasmithContent (108)
[2022.03.01-01.42.23:190][133]LogModuleManager: Shutting down and abandoning module OpenXRHandTracking (106)
[2022.03.01-01.42.23:190][133]LogSlate: Slate User Destroyed.  User Index 0, Is Virtual User: 0
[2022.03.01-01.42.23:190][133]LogModuleManager: Shutting down and abandoning module OpenXRAR (104)
[2022.03.01-01.42.23:190][133]LogModuleManager: Shutting down and abandoning module AugmentedReality (103)
[2022.03.01-01.42.23:190][133]LogModuleManager: Shutting down and abandoning module OpenXRHMD (100)
[2022.03.01-01.42.23:190][133]LogModuleManager: Shutting down and abandoning module OpenXREyeTracker (98)
[2022.03.01-01.42.23:190][133]LogModuleManager: Shutting down and abandoning module ExampleDeviceProfileSelector (96)
[2022.03.01-01.42.23:190][133]LogModuleManager: Shutting down and abandoning module ChunkDownloader (94)
[2022.03.01-01.42.23:190][133]LogModuleManager: Shutting down and abandoning module LauncherChunkInstaller (92)
[2022.03.01-01.42.23:190][133]LogModuleManager: Shutting down and abandoning module OnlineBlueprintSupport (90)
[2022.03.01-01.42.23:190][133]LogModuleManager: Shutting down and abandoning module OnlineSubsystem (86)
[2022.03.01-01.42.23:191][133]LogModuleManager: Shutting down and abandoning module XMPP (81)
[2022.03.01-01.42.23:191][133]LogModuleManager: Shutting down and abandoning module WebSockets (80)
[2022.03.01-01.42.23:203][133]LogModuleManager: Shutting down and abandoning module HTTP (77)
[2022.03.01-01.42.23:203][133]LogHttp: Display: cleaning up 0 outstanding Http requests.
[2022.03.01-01.42.23:228][133]LogModuleManager: Shutting down and abandoning module SSL (76)
[2022.03.01-01.42.23:228][133]LogModuleManager: Shutting down and abandoning module EOSShared (72)
[2022.03.01-01.42.23:228][133]LogModuleManager: Shutting down and abandoning module MLSDK (70)
[2022.03.01-01.42.23:228][133]LogModuleManager: Shutting down and abandoning module MagicLeap (68)
[2022.03.01-01.42.23:228][133]LogModuleManager: Shutting down and abandoning module WmfMedia (66)
[2022.03.01-01.42.23:229][133]LogModuleManager: Shutting down and abandoning module Media (65)
[2022.03.01-01.42.23:229][133]LogModuleManager: Shutting down and abandoning module MediaInfo (64)
[2022.03.01-01.42.23:229][133]LogModuleManager: Shutting down and abandoning module ExrReaderGpu (60)
[2022.03.01-01.42.23:229][133]LogModuleManager: Shutting down and abandoning module ChaosCloth (58)
[2022.03.01-01.42.23:229][133]LogModuleManager: Shutting down and abandoning module NiagaraVertexFactories (56)
[2022.03.01-01.42.23:229][133]LogModuleManager: Shutting down and abandoning module NiagaraShader (54)
[2022.03.01-01.42.23:229][133]LogModuleManager: Shutting down and abandoning module PixWinPlugin (52)
[2022.03.01-01.42.23:229][133]LogModuleManager: Shutting down and abandoning module AISupportModule (50)
[2022.03.01-01.42.23:229][133]LogModuleManager: Shutting down and abandoning module DesktopPlatform (48)
[2022.03.01-01.42.23:229][133]LogModuleManager: Shutting down and abandoning module PythonScriptPluginPreload (46)
[2022.03.01-01.42.23:229][133]LogModuleManager: Shutting down and abandoning module PlatformCryptoOpenSSL (44)
[2022.03.01-01.42.23:229][133]LogModuleManager: Shutting down and abandoning module PlatformCryptoTypes (42)
[2022.03.01-01.42.23:229][133]LogModuleManager: Shutting down and abandoning module PlatformCrypto (40)
[2022.03.01-01.42.23:229][133]LogModuleManager: Shutting down and abandoning module OodleDataCompressionFormat (38)
[2022.03.01-01.42.23:229][133]LogModuleManager: Shutting down and abandoning module XGEController (36)
[2022.03.01-01.42.23:229][133]LogModuleManager: Shutting down and abandoning module AnimationModifiers (34)
[2022.03.01-01.42.23:229][133]LogModuleManager: Shutting down and abandoning module AudioEditor (32)
[2022.03.01-01.42.23:230][133]LogModuleManager: Shutting down and abandoning module PropertyEditor (31)
[2022.03.01-01.42.23:230][133]LogModuleManager: Shutting down and abandoning module TextureCompressor (28)
[2022.03.01-01.42.23:230][133]LogModuleManager: Shutting down and abandoning module RenderCore (26)
[2022.03.01-01.42.23:230][133]LogModuleManager: Shutting down and abandoning module Landscape (24)
[2022.03.01-01.42.23:230][133]LogModuleManager: Shutting down and abandoning module SlateRHIRenderer (22)
[2022.03.01-01.42.23:230][133]LogModuleManager: Shutting down and abandoning module AnimGraphRuntime (20)
[2022.03.01-01.42.23:230][133]LogModuleManager: Shutting down and abandoning module Renderer (18)
[2022.03.01-01.42.23:230][133]LogModuleManager: Shutting down and abandoning module Engine (16)
[2022.03.01-01.42.23:230][133]LogModuleManager: Shutting down and abandoning module CoreUObject (14)
[2022.03.01-01.42.23:230][133]LogModuleManager: Shutting down and abandoning module NetworkFile (12)
[2022.03.01-01.42.23:230][133]LogModuleManager: Shutting down and abandoning module CookedIterativeFile (10)
[2022.03.01-01.42.23:230][133]LogModuleManager: Shutting down and abandoning module StreamingFile (8)
[2022.03.01-01.42.23:230][133]LogModuleManager: Shutting down and abandoning module SandboxFile (6)
[2022.03.01-01.42.23:230][133]LogModuleManager: Shutting down and abandoning module PakFile (4)
[2022.03.01-01.42.23:230][133]LogModuleManager: Shutting down and abandoning module RSA (3)
[2022.03.01-01.42.23:485][133]LogContentStreaming: Display: There are 1 unreleased StreamingManagers
[2022.03.01-01.42.23:495][133]LogD3D11RHI: Shutdown
[2022.03.01-01.42.23:495][133]LogD3D11RHI: CleanupD3DDevice
[2022.03.01-01.42.23:496][133]LogExit: Exiting.
[2022.03.01-01.42.23:564][133]Log file closed, 02/28/22 20:42:23
