Log file open, 02/21/22 13:25:51
LogWindows: Failed to load 'aqProf.dll' (GetLastError=126)
LogWindows: File 'aqProf.dll' does not exist
LogWindows: Failed to load 'VtuneApi.dll' (GetLastError=126)
LogWindows: File 'VtuneApi.dll' does not exist
LogWindows: Failed to load 'VtuneApi32e.dll' (GetLastError=126)
LogWindows: File 'VtuneApi32e.dll' does not exist
LogConsoleResponse: Display: Failed to find resolution value strings in scalability ini. Falling back to default.
LogConsoleResponse: Display: Failed to find resolution value strings in scalability ini. Falling back to default.
LogInit: Display: Running engine for game: GAME259_A_URE
LogPlatformFile: Not using cached read wrapper
LogTaskGraph: Started task graph with 5 named threads and 35 total threads with 3 sets of task threads.
LogStats: Stats thread started at 0.208127
LogICUInternationalization: ICU TimeZone Detection - Raw Offset: -5:00, Platform Override: ''
LogInit: Display: Loading text-based GConfig....
LogPluginManager: Mounting plugin MeshPainting
LogPluginManager: Mounting plugin MegascansPlugin
LogPluginManager: Mounting plugin XGEController
LogPluginManager: Mounting plugin Paper2D
LogPluginManager: Mounting plugin AISupport
LogPluginManager: Mounting plugin EnvironmentQueryEditor
LogPluginManager: Mounting plugin LightPropagationVolume
LogPluginManager: Mounting plugin LiveLink
LogPluginManager: Mounting plugin CameraShakePreviewer
LogPluginManager: Mounting plugin GameplayCameras
LogPluginManager: Mounting plugin OodleNetwork
LogPluginManager: Mounting plugin OodleData
LogPluginManager: Mounting plugin AnimationSharing
LogPluginManager: Mounting plugin CLionSourceCodeAccess
LogPluginManager: Mounting plugin CodeLiteSourceCodeAccess
LogPluginManager: Mounting plugin GitSourceControl
LogPluginManager: Mounting plugin KDevelopSourceCodeAccess
LogPluginManager: Mounting plugin NullSourceCodeAccess
LogPluginManager: Mounting plugin PerforceSourceControl
LogPluginManager: Mounting plugin PlasticSourceControl
LogPluginManager: Mounting plugin PixWinPlugin
LogPluginManager: Mounting plugin PluginUtils
LogPluginManager: Mounting plugin PropertyAccessNode
LogPluginManager: Mounting plugin RiderLink
LogPluginManager: Mounting plugin RiderSourceCodeAccess
LogPluginManager: Mounting plugin SubversionSourceControl
LogPluginManager: Mounting plugin TextureFormatOodle
LogPluginManager: Mounting plugin UObjectPlugin
LogPluginManager: Mounting plugin VisualStudioCodeSourceCodeAccess
LogPluginManager: Mounting plugin VisualStudioSourceCodeAccess
LogPluginManager: Mounting plugin XCodeSourceCodeAccess
LogPluginManager: Mounting plugin DatasmithContent
LogPluginManager: Mounting plugin AssetManagerEditor
LogPluginManager: Mounting plugin VariantManagerContent
LogPluginManager: Mounting plugin CurveEditorTools
LogPluginManager: Mounting plugin DataValidation
LogPluginManager: Mounting plugin CryptoKeys
LogPluginManager: Mounting plugin EditorScriptingUtilities
LogPluginManager: Mounting plugin GameplayTagsEditor
LogPluginManager: Mounting plugin FacialAnimation
LogPluginManager: Mounting plugin GeometryMode
LogPluginManager: Mounting plugin MaterialAnalyzer
LogPluginManager: Mounting plugin MacGraphicsSwitching
LogPluginManager: Mounting plugin MobileLauncherProfileWizard
LogPluginManager: Mounting plugin PluginBrowser
LogPluginManager: Mounting plugin SpeedTreeImporter
LogPluginManager: Mounting plugin AlembicImporter
LogPluginManager: Mounting plugin AutomationUtils
LogPluginManager: Mounting plugin BackChannel
LogPluginManager: Mounting plugin ChaosCloth
LogPluginManager: Mounting plugin ChaosClothEditor
LogPluginManager: Mounting plugin ChaosNiagara
LogPluginManager: Mounting plugin ChaosSolverPlugin
LogPluginManager: Mounting plugin ChaosEditor
LogPluginManager: Mounting plugin CharacterAI
LogPluginManager: Mounting plugin Niagara
LogPluginManager: Mounting plugin GeometryCache
LogPluginManager: Mounting plugin GeometryCollectionPlugin
LogPluginManager: Mounting plugin GeometryProcessing
LogPluginManager: Mounting plugin MotoSynth
LogPluginManager: Mounting plugin OpenImageDenoise
LogPluginManager: Mounting plugin PlanarCut
LogPluginManager: Mounting plugin PlatformCrypto
LogPluginManager: Mounting plugin PythonScriptPlugin
LogPluginManager: Mounting plugin ProxyLODPlugin
LogPluginManager: Mounting plugin SkeletalReduction
LogPluginManager: Mounting plugin LuminPlatformFeatures
LogPluginManager: Mounting plugin MagicLeap
LogPluginManager: Mounting plugin MagicLeapLightEstimation
LogPluginManager: Mounting plugin MagicLeapMedia
LogPluginManager: Mounting plugin MagicLeapPassableWorld
LogPluginManager: Mounting plugin MLSDK
LogPluginManager: Mounting plugin AndroidMedia
LogPluginManager: Mounting plugin AvfMedia
LogPluginManager: Mounting plugin ImgMedia
LogPluginManager: Mounting plugin MediaCompositing
LogPluginManager: Mounting plugin MediaPlayerEditor
LogPluginManager: Mounting plugin WebMMedia
LogPluginManager: Mounting plugin WmfMedia
LogPluginManager: Mounting plugin UdpMessaging
LogPluginManager: Mounting plugin TcpMessaging
LogPluginManager: Mounting plugin ActorSequence
LogPluginManager: Mounting plugin LevelSequenceEditor
LogPluginManager: Mounting plugin MatineeToLevelSequence
LogPluginManager: Mounting plugin TemplateSequence
LogPluginManager: Mounting plugin EOSShared
LogPluginManager: Mounting plugin OnlineSubsystem
LogPluginManager: Mounting plugin OnlineSubsystemSteam
LogPluginManager: Mounting plugin OnlineSubsystemNull
LogPluginManager: Mounting plugin LauncherChunkInstaller
LogPluginManager: Mounting plugin OnlineSubsystemUtils
LogPluginManager: Mounting plugin ActorLayerUtilities
LogPluginManager: Mounting plugin AndroidMoviePlayer
LogPluginManager: Mounting plugin AndroidDeviceProfileSelector
LogPluginManager: Mounting plugin AndroidPermission
LogPluginManager: Mounting plugin AppleImageUtils
LogPluginManager: Mounting plugin AppleMoviePlayer
LogPluginManager: Mounting plugin ArchVisCharacter
LogPluginManager: Mounting plugin AssetTags
LogPluginManager: Mounting plugin AudioCapture
LogPluginManager: Mounting plugin CableComponent
LogPluginManager: Mounting plugin AudioSynesthesia
LogPluginManager: Mounting plugin ChunkDownloader
LogPluginManager: Mounting plugin CustomMeshComponent
LogPluginManager: Mounting plugin EditableMesh
LogPluginManager: Mounting plugin ExampleDeviceProfileSelector
LogPluginManager: Mounting plugin GoogleCloudMessaging
LogPluginManager: Mounting plugin GooglePAD
LogPluginManager: Mounting plugin IOSDeviceProfileSelector
LogPluginManager: Mounting plugin LinuxDeviceProfileSelector
LogPluginManager: Mounting plugin LocationServicesBPLibrary
LogPluginManager: Mounting plugin MobilePatchingUtils
LogPluginManager: Mounting plugin OpenXR
LogPluginManager: Mounting plugin OpenXREyeTracker
LogPluginManager: Mounting plugin OpenXRHandTracking
LogPluginManager: Mounting plugin PhysXVehicles
LogPluginManager: Mounting plugin PostSplashScreen
LogPluginManager: Mounting plugin ProceduralMeshComponent
LogPluginManager: Mounting plugin PropertyAccessEditor
LogPluginManager: Mounting plugin RuntimePhysXCooking
LogPluginManager: Mounting plugin SignificanceManager
LogPluginManager: Mounting plugin SoundFields
LogPluginManager: Mounting plugin Synthesis
LogPluginManager: Mounting plugin WebMMoviePlayer
LogPluginManager: Mounting plugin WindowsMoviePlayer
LogPluginManager: Mounting plugin ScreenshotTools
LogPluginManager: Mounting plugin Takes
LogPluginManager: Mounting plugin ContentBrowserAssetDataSource
LogPluginManager: Mounting plugin ContentBrowserFileDataSource
LogPluginManager: Mounting plugin ContentBrowserClassDataSource
LogPluginManager: Mounting plugin OnlineSubsystemGooglePlay
LogPluginManager: Mounting plugin OnlineSubsystemIOS
LogPluginManager: Mounting plugin EOSVoiceChat
LogPluginManager: Mounting plugin DatabaseSupport
LogPluginManager: Mounting plugin SQLiteSupport
LogPluginManager: Mounting plugin SQLiteCore
LogPluginManager: Mounting plugin OculusVR
LogPluginManager: Mounting plugin SteamShared
PixWinPlugin: PIX capture plugin failed to initialize! Check that the process is launched from PIX.
LogInit: Using libcurl 7.55.1-DEV
LogInit:  - built for x86_64-pc-win32
LogInit:  - supports SSL with OpenSSL/1.1.1
LogInit:  - supports HTTP deflate (compression) using libz 1.2.8
LogInit:  - other features:
LogInit:      CURL_VERSION_SSL
LogInit:      CURL_VERSION_LIBZ
LogInit:      CURL_VERSION_IPV6
LogInit:      CURL_VERSION_ASYNCHDNS
LogInit:      CURL_VERSION_LARGEFILE
LogInit:      CURL_VERSION_IDN
LogInit:  CurlRequestOptions (configurable via config and command line):
LogInit:  - bVerifyPeer = true  - Libcurl will verify peer certificate
LogInit:  - bUseHttpProxy = false  - Libcurl will NOT use HTTP proxy
LogInit:  - bDontReuseConnections = false  - Libcurl will reuse connections
LogInit:  - MaxHostConnections = 16  - Libcurl will limit the number of connections to a host
LogInit:  - LocalHostAddr = Default
LogInit:  - BufferSize = 65536
LogOnline: OSS: Creating online subsystem instance for: NULL
LogInit: WinSock: version 1.1 (2.2), MaxSocks=32767, MaxUdp=65467
LogOnline: OSS: TryLoadSubsystemAndSetDefault: Loaded subsystem for module [NULL]
LogOculusPluginWrapper: OculusPlugin initialized successfully
LogHMD: Failed initializing OVRPlugin 1.59.0
LogInit: Build: ++UE4+Release-4.27-CL-18319896
LogInit: Engine Version: 4.27.2-18319896+++UE4+Release-4.27
LogInit: Compatible Engine Version: 4.27.0-17155196+++UE4+Release-4.27
LogInit: Net CL: 17155196
LogInit: OS: Windows 10 (Release 2009) (), CPU: Intel(R) Core(TM) i7-8700 CPU @ 3.20GHz, GPU: NVIDIA GeForce GTX 1070
LogInit: Compiled (64-bit): Nov 30 2021 07:12:08
LogInit: Compiled with Visual C++: 19.24.28315.00
LogInit: Build Configuration: Development
LogInit: Branch Name: ++UE4+Release-4.27
LogInit: Command Line: -ResX=800 -ResY=900 -WinX=0 -WinY=20 -log -game
LogInit: Base Directory: D:/UE_4.27/Engine/Binaries/Win64/
LogInit: Allocator: TBB
LogInit: Installed Engine Build: 1
LogDevObjectVersion: Number of dev versions registered: 29
LogDevObjectVersion:   Dev-Blueprints (B0D832E4-1F89-4F0D-ACCF-7EB736FD4AA2): 10
LogDevObjectVersion:   Dev-Build (E1C64328-A22C-4D53-A36C-8E866417BD8C): 0
LogDevObjectVersion:   Dev-Core (375EC13C-06E4-48FB-B500-84F0262A717E): 4
LogDevObjectVersion:   Dev-Editor (E4B068ED-F494-42E9-A231-DA0B2E46BB41): 40
LogDevObjectVersion:   Dev-Framework (CFFC743F-43B0-4480-9391-14DF171D2073): 37
LogDevObjectVersion:   Dev-Mobile (B02B49B5-BB20-44E9-A304-32B752E40360): 3
LogDevObjectVersion:   Dev-Networking (A4E4105C-59A1-49B5-A7C5-40C4547EDFEE): 0
LogDevObjectVersion:   Dev-Online (39C831C9-5AE6-47DC-9A44-9C173E1C8E7C): 0
LogDevObjectVersion:   Dev-Physics (78F01B33-EBEA-4F98-B9B4-84EACCB95AA2): 14
LogDevObjectVersion:   Dev-Platform (6631380F-2D4D-43E0-8009-CF276956A95A): 0
LogDevObjectVersion:   Dev-Rendering (12F88B9F-8875-4AFC-A67C-D90C383ABD29): 45
LogDevObjectVersion:   Dev-Sequencer (7B5AE74C-D270-4C10-A958-57980B212A5A): 13
LogDevObjectVersion:   Dev-VR (D7296918-1DD6-4BDD-9DE2-64A83CC13884): 3
LogDevObjectVersion:   Dev-LoadTimes (C2A15278-BFE7-4AFE-6C17-90FF531DF755): 1
LogDevObjectVersion:   Private-Geometry (6EACA3D4-40EC-4CC1-B786-8BED09428FC5): 3
LogDevObjectVersion:   Dev-AnimPhys (29E575DD-E0A3-4627-9D10-D276232CDCEA): 17
LogDevObjectVersion:   Dev-Anim (AF43A65D-7FD3-4947-9873-3E8ED9C1BB05): 15
LogDevObjectVersion:   Dev-ReflectionCapture (6B266CEC-1EC7-4B8F-A30B-E4D90942FC07): 1
LogDevObjectVersion:   Dev-Automation (0DF73D61-A23F-47EA-B727-89E90C41499A): 1
LogDevObjectVersion:   FortniteMain (601D1886-AC64-4F84-AA16-D3DE0DEAC7D6): 47
LogDevObjectVersion:   FortniteRelease (E7086368-6B23-4C58-8439-1B7016265E91): 1
LogDevObjectVersion:   Dev-Enterprise (9DFFBCD6-494F-0158-E221-12823C92A888): 10
LogDevObjectVersion:   Dev-Niagara (F2AED0AC-9AFE-416F-8664-AA7FFA26D6FC): 1
LogDevObjectVersion:   Dev-Destruction (174F1F0B-B4C6-45A5-B13F-2EE8D0FB917D): 10
LogDevObjectVersion:   Dev-Physics-Ext (35F94A83-E258-406C-A318-09F59610247C): 41
LogDevObjectVersion:   Dev-PhysicsMaterial-Chaos (B68FC16E-8B1B-42E2-B453-215C058844FE): 1
LogDevObjectVersion:   Dev-CineCamera (B2E18506-4273-CFC2-A54E-F4BB758BBA07): 1
LogDevObjectVersion:   Dev-VirtualProduction (64F58936-FD1B-42BA-BA96-7289D5D0FA4E): 1
LogDevObjectVersion:   Dev-MediaFramework (6F0ED827-A609-4895-9C91-998D90180EA4): 2
LogInit: Presizing for max 25165824 objects, including 0 objects not considered by GC, pre-allocating 0 bytes for permanent pool.
LogConfig: Applying CVar settings from Section [/Script/Engine.StreamingSettings] File [D:/GitHub/GAME259-2022-A/GAME259_A_URE/Saved/Config/Windows/Engine.ini]
LogConfig: Setting CVar [[s.MinBulkDataSizeForAsyncLoading:131072]]
LogConfig: Setting CVar [[s.AsyncLoadingThreadEnabled:0]]
LogConfig: Setting CVar [[s.EventDrivenLoaderEnabled:1]]
LogConfig: Setting CVar [[s.WarnIfTimeLimitExceeded:0]]
LogConfig: Setting CVar [[s.TimeLimitExceededMultiplier:1.5]]
LogConfig: Setting CVar [[s.TimeLimitExceededMinTime:0.005]]
LogConfig: Setting CVar [[s.UseBackgroundLevelStreaming:1]]
LogConfig: Setting CVar [[s.PriorityAsyncLoadingExtraTime:15.0]]
LogConfig: Setting CVar [[s.LevelStreamingActorsUpdateTimeLimit:5.0]]
LogConfig: Setting CVar [[s.PriorityLevelStreamingActorsUpdateExtraTime:5.0]]
LogConfig: Setting CVar [[s.LevelStreamingComponentsRegistrationGranularity:10]]
LogConfig: Setting CVar [[s.UnregisterComponentsTimeLimit:1.0]]
LogConfig: Setting CVar [[s.LevelStreamingComponentsUnregistrationGranularity:5]]
LogConfig: Setting CVar [[s.FlushStreamingOnExit:1]]
LogInit: Object subsystem initialized
LogConfig: Setting CVar [[con.DebugEarlyDefault:1]]
LogConfig: Setting CVar [[r.setres:1280x720]]
[2022.02.21-18.25.52:643][  0]LogConfig: Setting CVar [[con.DebugEarlyDefault:1]]
[2022.02.21-18.25.52:643][  0]LogConfig: Setting CVar [[r.setres:1280x720]]
[2022.02.21-18.25.52:644][  0]LogConfig: Applying CVar settings from Section [/Script/Engine.RendererSettings] File [D:/GitHub/GAME259-2022-A/GAME259_A_URE/Saved/Config/Windows/Engine.ini]
[2022.02.21-18.25.52:644][  0]LogConfig: Setting CVar [[r.GPUCrashDebugging:0]]
[2022.02.21-18.25.52:644][  0]LogConfig: Applying CVar settings from Section [/Script/Engine.RendererOverrideSettings] File [D:/GitHub/GAME259-2022-A/GAME259_A_URE/Saved/Config/Windows/Engine.ini]
[2022.02.21-18.25.52:645][  0]LogConfig: Applying CVar settings from Section [/Script/Engine.StreamingSettings] File [D:/GitHub/GAME259-2022-A/GAME259_A_URE/Saved/Config/Windows/Engine.ini]
[2022.02.21-18.25.52:645][  0]LogConfig: Setting CVar [[s.MinBulkDataSizeForAsyncLoading:131072]]
[2022.02.21-18.25.52:646][  0]LogConfig: Setting CVar [[s.AsyncLoadingThreadEnabled:0]]
[2022.02.21-18.25.52:646][  0]LogConfig: Setting CVar [[s.EventDrivenLoaderEnabled:1]]
[2022.02.21-18.25.52:646][  0]LogConfig: Setting CVar [[s.WarnIfTimeLimitExceeded:0]]
[2022.02.21-18.25.52:647][  0]LogConfig: Setting CVar [[s.TimeLimitExceededMultiplier:1.5]]
[2022.02.21-18.25.52:647][  0]LogConfig: Setting CVar [[s.TimeLimitExceededMinTime:0.005]]
[2022.02.21-18.25.52:647][  0]LogConfig: Setting CVar [[s.UseBackgroundLevelStreaming:1]]
[2022.02.21-18.25.52:648][  0]LogConfig: Setting CVar [[s.PriorityAsyncLoadingExtraTime:15.0]]
[2022.02.21-18.25.52:648][  0]LogConfig: Setting CVar [[s.LevelStreamingActorsUpdateTimeLimit:5.0]]
[2022.02.21-18.25.52:648][  0]LogConfig: Setting CVar [[s.PriorityLevelStreamingActorsUpdateExtraTime:5.0]]
[2022.02.21-18.25.52:649][  0]LogConfig: Setting CVar [[s.LevelStreamingComponentsRegistrationGranularity:10]]
[2022.02.21-18.25.52:649][  0]LogConfig: Setting CVar [[s.UnregisterComponentsTimeLimit:1.0]]
[2022.02.21-18.25.52:649][  0]LogConfig: Setting CVar [[s.LevelStreamingComponentsUnregistrationGranularity:5]]
[2022.02.21-18.25.52:652][  0]LogConfig: Setting CVar [[s.FlushStreamingOnExit:1]]
[2022.02.21-18.25.52:653][  0]LogConfig: Applying CVar settings from Section [/Script/Engine.GarbageCollectionSettings] File [D:/GitHub/GAME259-2022-A/GAME259_A_URE/Saved/Config/Windows/Engine.ini]
[2022.02.21-18.25.52:653][  0]LogConfig: Setting CVar [[gc.MaxObjectsNotConsideredByGC:1]]
[2022.02.21-18.25.52:654][  0]LogConfig: Setting CVar [[gc.SizeOfPermanentObjectPool:0]]
[2022.02.21-18.25.52:654][  0]LogConfig: Setting CVar [[gc.FlushStreamingOnGC:0]]
[2022.02.21-18.25.52:654][  0]LogConfig: Setting CVar [[gc.NumRetriesBeforeForcingGC:10]]
[2022.02.21-18.25.52:655][  0]LogConfig: Setting CVar [[gc.AllowParallelGC:1]]
[2022.02.21-18.25.52:655][  0]LogConfig: Setting CVar [[gc.TimeBetweenPurgingPendingKillObjects:61.1]]
[2022.02.21-18.25.52:655][  0]LogConfig: Setting CVar [[gc.MaxObjectsInEditor:25165824]]
[2022.02.21-18.25.52:656][  0]LogConfig: Setting CVar [[gc.IncrementalBeginDestroyEnabled:1]]
[2022.02.21-18.25.52:656][  0]LogConfig: Setting CVar [[gc.CreateGCClusters:1]]
[2022.02.21-18.25.52:656][  0]LogConfig: Setting CVar [[gc.MinGCClusterSize:5]]
[2022.02.21-18.25.52:657][  0]LogConfig: Setting CVar [[gc.ActorClusteringEnabled:0]]
[2022.02.21-18.25.52:657][  0]LogConfig: Setting CVar [[gc.BlueprintClusteringEnabled:0]]
[2022.02.21-18.25.52:657][  0]LogConfig: Setting CVar [[gc.UseDisregardForGCOnDedicatedServers:0]]
[2022.02.21-18.25.52:658][  0]LogConfig: Setting CVar [[gc.MultithreadedDestructionEnabled:1]]
[2022.02.21-18.25.52:658][  0]LogConfig: Applying CVar settings from Section [/Script/Engine.NetworkSettings] File [D:/GitHub/GAME259-2022-A/GAME259_A_URE/Saved/Config/Windows/Engine.ini]
[2022.02.21-18.25.52:658][  0]LogConfig: Applying CVar settings from Section [/Script/UnrealEd.CookerSettings] File [D:/GitHub/GAME259-2022-A/GAME259_A_URE/Saved/Config/Windows/Engine.ini]
[2022.02.21-18.25.52:683][  0]LogConfig: Applying CVar settings from Section [ViewDistanceQuality@3] File [D:/GitHub/GAME259-2022-A/GAME259_A_URE/Saved/Config/Windows/Scalability.ini]
[2022.02.21-18.25.52:683][  0]LogConfig: Setting CVar [[r.SkeletalMeshLODBias:0]]
[2022.02.21-18.25.52:684][  0]LogConfig: Setting CVar [[r.ViewDistanceScale:1.0]]
[2022.02.21-18.25.52:685][  0]LogConfig: Applying CVar settings from Section [AntiAliasingQuality@3] File [D:/GitHub/GAME259-2022-A/GAME259_A_URE/Saved/Config/Windows/Scalability.ini]
[2022.02.21-18.25.52:685][  0]LogConfig: Setting CVar [[r.PostProcessAAQuality:4]]
[2022.02.21-18.25.52:686][  0]LogConfig: Applying CVar settings from Section [ShadowQuality@3] File [D:/GitHub/GAME259-2022-A/GAME259_A_URE/Saved/Config/Windows/Scalability.ini]
[2022.02.21-18.25.52:687][  0]LogConfig: Setting CVar [[r.LightFunctionQuality:1]]
[2022.02.21-18.25.52:687][  0]LogConfig: Setting CVar [[r.ShadowQuality:5]]
[2022.02.21-18.25.52:687][  0]LogConfig: Setting CVar [[r.Shadow.CSM.MaxCascades:10]]
[2022.02.21-18.25.52:688][  0]LogConfig: Setting CVar [[r.Shadow.MaxResolution:2048]]
[2022.02.21-18.25.52:688][  0]LogConfig: Setting CVar [[r.Shadow.MaxCSMResolution:2048]]
[2022.02.21-18.25.52:688][  0]LogConfig: Setting CVar [[r.Shadow.RadiusThreshold:0.01]]
[2022.02.21-18.25.52:689][  0]LogConfig: Setting CVar [[r.Shadow.DistanceScale:1.0]]
[2022.02.21-18.25.52:689][  0]LogConfig: Setting CVar [[r.Shadow.CSM.TransitionScale:1.0]]
[2022.02.21-18.25.52:690][  0]LogConfig: Setting CVar [[r.Shadow.PreShadowResolutionFactor:1.0]]
[2022.02.21-18.25.52:690][  0]LogConfig: Setting CVar [[r.DistanceFieldShadowing:1]]
[2022.02.21-18.25.52:690][  0]LogConfig: Setting CVar [[r.DistanceFieldAO:1]]
[2022.02.21-18.25.52:691][  0]LogConfig: Setting CVar [[r.AOQuality:2]]
[2022.02.21-18.25.52:691][  0]LogConfig: Setting CVar [[r.VolumetricFog:1]]
[2022.02.21-18.25.52:691][  0]LogConfig: Setting CVar [[r.VolumetricFog.GridPixelSize:8]]
[2022.02.21-18.25.52:692][  0]LogConfig: Setting CVar [[r.VolumetricFog.GridSizeZ:128]]
[2022.02.21-18.25.52:692][  0]LogConfig: Setting CVar [[r.VolumetricFog.HistoryMissSupersampleCount:4]]
[2022.02.21-18.25.52:692][  0]LogConfig: Setting CVar [[r.LightMaxDrawDistanceScale:1]]
[2022.02.21-18.25.52:695][  0]LogConfig: Setting CVar [[r.CapsuleShadows:1]]
[2022.02.21-18.25.52:696][  0]LogConfig: Applying CVar settings from Section [PostProcessQuality@3] File [D:/GitHub/GAME259-2022-A/GAME259_A_URE/Saved/Config/Windows/Scalability.ini]
[2022.02.21-18.25.52:697][  0]LogConfig: Setting CVar [[r.MotionBlurQuality:4]]
[2022.02.21-18.25.52:697][  0]LogConfig: Setting CVar [[r.AmbientOcclusionMipLevelFactor:0.4]]
[2022.02.21-18.25.52:698][  0]LogConfig: Setting CVar [[r.AmbientOcclusionMaxQuality:100]]
[2022.02.21-18.25.52:698][  0]LogConfig: Setting CVar [[r.AmbientOcclusionLevels:-1]]
[2022.02.21-18.25.52:699][  0]LogConfig: Setting CVar [[r.AmbientOcclusionRadiusScale:1.0]]
[2022.02.21-18.25.52:699][  0]LogConfig: Setting CVar [[r.DepthOfFieldQuality:2]]
[2022.02.21-18.25.52:699][  0]LogConfig: Setting CVar [[r.RenderTargetPoolMin:400]]
[2022.02.21-18.25.52:699][  0]LogConfig: Setting CVar [[r.LensFlareQuality:2]]
[2022.02.21-18.25.52:700][  0]LogConfig: Setting CVar [[r.SceneColorFringeQuality:1]]
[2022.02.21-18.25.52:700][  0]LogConfig: Setting CVar [[r.EyeAdaptationQuality:2]]
[2022.02.21-18.25.52:700][  0]LogConfig: Setting CVar [[r.BloomQuality:5]]
[2022.02.21-18.25.52:701][  0]LogConfig: Setting CVar [[r.FastBlurThreshold:100]]
[2022.02.21-18.25.52:701][  0]LogConfig: Setting CVar [[r.Upscale.Quality:3]]
[2022.02.21-18.25.52:701][  0]LogConfig: Setting CVar [[r.Tonemapper.GrainQuantization:1]]
[2022.02.21-18.25.52:702][  0]LogConfig: Setting CVar [[r.LightShaftQuality:1]]
[2022.02.21-18.25.52:702][  0]LogConfig: Setting CVar [[r.Filter.SizeScale:1]]
[2022.02.21-18.25.52:702][  0]LogConfig: Setting CVar [[r.Tonemapper.Quality:5]]
[2022.02.21-18.25.52:703][  0]LogConfig: Setting CVar [[r.DOF.Gather.AccumulatorQuality:1        ; higher gathering accumulator quality]]
[2022.02.21-18.25.52:703][  0]LogConfig: Setting CVar [[r.DOF.Gather.PostfilterMethod:1          ; Median3x3 postfilering method]]
[2022.02.21-18.25.52:703][  0]LogConfig: Setting CVar [[r.DOF.Gather.EnableBokehSettings:0       ; no bokeh simulation when gathering]]
[2022.02.21-18.25.52:703][  0]LogConfig: Setting CVar [[r.DOF.Gather.RingCount:4                 ; medium number of samples when gathering]]
[2022.02.21-18.25.52:704][  0]LogConfig: Setting CVar [[r.DOF.Scatter.ForegroundCompositing:1    ; additive foreground scattering]]
[2022.02.21-18.25.52:707][  0]LogConfig: Setting CVar [[r.DOF.Scatter.BackgroundCompositing:2    ; additive background scattering]]
[2022.02.21-18.25.52:707][  0]LogConfig: Setting CVar [[r.DOF.Scatter.EnableBokehSettings:1      ; bokeh simulation when scattering]]
[2022.02.21-18.25.52:708][  0]LogConfig: Setting CVar [[r.DOF.Scatter.MaxSpriteRatio:0.1         ; only a maximum of 10% of scattered bokeh]]
[2022.02.21-18.25.52:708][  0]LogConfig: Setting CVar [[r.DOF.Recombine.Quality:1                ; cheap slight out of focus]]
[2022.02.21-18.25.52:708][  0]LogConfig: Setting CVar [[r.DOF.Recombine.EnableBokehSettings:0    ; no bokeh simulation on slight out of focus]]
[2022.02.21-18.25.52:709][  0]LogConfig: Setting CVar [[r.DOF.TemporalAAQuality:1                ; more stable temporal accumulation]]
[2022.02.21-18.25.52:709][  0]LogConfig: Setting CVar [[r.DOF.Kernel.MaxForegroundRadius:0.025]]
[2022.02.21-18.25.52:709][  0]LogConfig: Setting CVar [[r.DOF.Kernel.MaxBackgroundRadius:0.025]]
[2022.02.21-18.25.52:710][  0]LogConfig: Applying CVar settings from Section [TextureQuality@3] File [D:/GitHub/GAME259-2022-A/GAME259_A_URE/Saved/Config/Windows/Scalability.ini]
[2022.02.21-18.25.52:710][  0]LogConfig: Setting CVar [[r.Streaming.MipBias:0]]
[2022.02.21-18.25.52:710][  0]LogConfig: Setting CVar [[r.Streaming.AmortizeCPUToGPUCopy:0]]
[2022.02.21-18.25.52:711][  0]LogConfig: Setting CVar [[r.Streaming.MaxNumTexturesToStreamPerFrame:0]]
[2022.02.21-18.25.52:711][  0]LogConfig: Setting CVar [[r.Streaming.Boost:1]]
[2022.02.21-18.25.52:711][  0]LogConfig: Setting CVar [[r.MaxAnisotropy:8]]
[2022.02.21-18.25.52:712][  0]LogConfig: Setting CVar [[r.VT.MaxAnisotropy:8]]
[2022.02.21-18.25.52:712][  0]LogConfig: Setting CVar [[r.Streaming.LimitPoolSizeToVRAM:0]]
[2022.02.21-18.25.52:712][  0]LogConfig: Setting CVar [[r.Streaming.PoolSize:1000]]
[2022.02.21-18.25.52:713][  0]LogConfig: Setting CVar [[r.Streaming.MaxEffectiveScreenSize:0]]
[2022.02.21-18.25.52:713][  0]LogConfig: Applying CVar settings from Section [EffectsQuality@3] File [D:/GitHub/GAME259-2022-A/GAME259_A_URE/Saved/Config/Windows/Scalability.ini]
[2022.02.21-18.25.52:714][  0]LogConfig: Setting CVar [[r.TranslucencyLightingVolumeDim:64]]
[2022.02.21-18.25.52:714][  0]LogConfig: Setting CVar [[r.RefractionQuality:2]]
[2022.02.21-18.25.52:714][  0]LogConfig: Setting CVar [[r.SSR.Quality:3]]
[2022.02.21-18.25.52:715][  0]LogConfig: Setting CVar [[r.SSR.HalfResSceneColor:0]]
[2022.02.21-18.25.52:715][  0]LogConfig: Setting CVar [[r.SceneColorFormat:4]]
[2022.02.21-18.25.52:715][  0]LogConfig: Setting CVar [[r.DetailMode:2]]
[2022.02.21-18.25.52:716][  0]LogConfig: Setting CVar [[r.TranslucencyVolumeBlur:1]]
[2022.02.21-18.25.52:716][  0]LogConfig: Setting CVar [[r.MaterialQualityLevel:1 ; High quality]]
[2022.02.21-18.25.52:720][  0]LogConfig: Setting CVar [[r.AnisotropicMaterials:1]]
[2022.02.21-18.25.52:720][  0]LogConfig: Setting CVar [[r.SSS.Scale:1]]
[2022.02.21-18.25.52:721][  0]LogConfig: Setting CVar [[r.SSS.SampleSet:2]]
[2022.02.21-18.25.52:721][  0]LogConfig: Setting CVar [[r.SSS.Quality:1]]
[2022.02.21-18.25.52:721][  0]LogConfig: Setting CVar [[r.SSS.HalfRes:0]]
[2022.02.21-18.25.52:722][  0]LogConfig: Setting CVar [[r.SSGI.Quality:3]]
[2022.02.21-18.25.52:722][  0]LogConfig: Setting CVar [[r.EmitterSpawnRateScale:1.0]]
[2022.02.21-18.25.52:722][  0]LogConfig: Setting CVar [[r.ParticleLightQuality:2]]
[2022.02.21-18.25.52:723][  0]LogConfig: Setting CVar [[r.SkyAtmosphere.AerialPerspectiveLUT.FastApplyOnOpaque:1 ; Always have FastSkyLUT 1 in this case to avoid wrong sky]]
[2022.02.21-18.25.52:723][  0]LogConfig: Setting CVar [[r.SkyAtmosphere.AerialPerspectiveLUT.SampleCountMaxPerSlice:4]]
[2022.02.21-18.25.52:723][  0]LogConfig: Setting CVar [[r.SkyAtmosphere.AerialPerspectiveLUT.DepthResolution:16.0]]
[2022.02.21-18.25.52:724][  0]LogConfig: Setting CVar [[r.SkyAtmosphere.FastSkyLUT:1]]
[2022.02.21-18.25.52:724][  0]LogConfig: Setting CVar [[r.SkyAtmosphere.FastSkyLUT.SampleCountMin:4.0]]
[2022.02.21-18.25.52:724][  0]LogConfig: Setting CVar [[r.SkyAtmosphere.FastSkyLUT.SampleCountMax:128.0]]
[2022.02.21-18.25.52:725][  0]LogConfig: Setting CVar [[r.SkyAtmosphere.SampleCountMin:4.0]]
[2022.02.21-18.25.52:725][  0]LogConfig: Setting CVar [[r.SkyAtmosphere.SampleCountMax:128.0]]
[2022.02.21-18.25.52:726][  0]LogConfig: Setting CVar [[r.SkyAtmosphere.TransmittanceLUT.UseSmallFormat:0]]
[2022.02.21-18.25.52:726][  0]LogConfig: Setting CVar [[r.SkyAtmosphere.TransmittanceLUT.SampleCount:10.0]]
[2022.02.21-18.25.52:726][  0]LogConfig: Setting CVar [[r.SkyAtmosphere.MultiScatteringLUT.SampleCount:15.0]]
[2022.02.21-18.25.52:727][  0]LogConfig: Setting CVar [[r.SkyLight.RealTimeReflectionCapture:1]]
[2022.02.21-18.25.52:727][  0]LogConfig: Applying CVar settings from Section [FoliageQuality@3] File [D:/GitHub/GAME259-2022-A/GAME259_A_URE/Saved/Config/Windows/Scalability.ini]
[2022.02.21-18.25.52:727][  0]LogConfig: Setting CVar [[foliage.DensityScale:1.0]]
[2022.02.21-18.25.52:728][  0]LogConfig: Setting CVar [[grass.DensityScale:1.0]]
[2022.02.21-18.25.52:731][  0]LogConfig: Applying CVar settings from Section [ShadingQuality@3] File [D:/GitHub/GAME259-2022-A/GAME259_A_URE/Saved/Config/Windows/Scalability.ini]
[2022.02.21-18.25.52:732][  0]LogConfig: Setting CVar [[r.HairStrands.SkyLighting.IntegrationType:2]]
[2022.02.21-18.25.52:732][  0]LogConfig: Setting CVar [[r.HairStrands.SkyAO.SampleCount:4]]
[2022.02.21-18.25.52:733][  0]LogConfig: Setting CVar [[r.HairStrands.Visibility.MSAA.SamplePerPixel:4]]
[2022.02.21-18.25.52:733][  0]LogInit: Selected Device Profile: [Windows]
[2022.02.21-18.25.52:733][  0]LogInit: Applying CVar settings loaded from the selected device profile: [Windows]
[2022.02.21-18.25.52:734][  0]LogHAL: Display: Platform has ~ 16 GB [17065410560 / 17179869184 / 16], which maps to Larger [LargestMinGB=32, LargerMinGB=12, DefaultMinGB=8, SmallerMinGB=6, SmallestMinGB=0)
[2022.02.21-18.25.52:734][  0]LogInit: Going up to parent DeviceProfile []
[2022.02.21-18.25.52:734][  0]LogConfig: Applying CVar settings from Section [ViewDistanceQuality@3] File [D:/GitHub/GAME259-2022-A/GAME259_A_URE/Saved/Config/Windows/Scalability.ini]
[2022.02.21-18.25.52:735][  0]LogConfig: Setting CVar [[r.SkeletalMeshLODBias:0]]
[2022.02.21-18.25.52:735][  0]LogConfig: Setting CVar [[r.ViewDistanceScale:1.0]]
[2022.02.21-18.25.52:736][  0]LogConfig: Applying CVar settings from Section [AntiAliasingQuality@3] File [D:/GitHub/GAME259-2022-A/GAME259_A_URE/Saved/Config/Windows/Scalability.ini]
[2022.02.21-18.25.52:736][  0]LogConfig: Setting CVar [[r.PostProcessAAQuality:4]]
[2022.02.21-18.25.52:736][  0]LogConfig: Applying CVar settings from Section [ShadowQuality@3] File [D:/GitHub/GAME259-2022-A/GAME259_A_URE/Saved/Config/Windows/Scalability.ini]
[2022.02.21-18.25.52:737][  0]LogConfig: Setting CVar [[r.LightFunctionQuality:1]]
[2022.02.21-18.25.52:737][  0]LogConfig: Setting CVar [[r.ShadowQuality:5]]
[2022.02.21-18.25.52:738][  0]LogConfig: Setting CVar [[r.Shadow.CSM.MaxCascades:10]]
[2022.02.21-18.25.52:738][  0]LogConfig: Setting CVar [[r.Shadow.MaxResolution:2048]]
[2022.02.21-18.25.52:738][  0]LogConfig: Setting CVar [[r.Shadow.MaxCSMResolution:2048]]
[2022.02.21-18.25.52:739][  0]LogConfig: Setting CVar [[r.Shadow.RadiusThreshold:0.01]]
[2022.02.21-18.25.52:739][  0]LogConfig: Setting CVar [[r.Shadow.DistanceScale:1.0]]
[2022.02.21-18.25.52:739][  0]LogConfig: Setting CVar [[r.Shadow.CSM.TransitionScale:1.0]]
[2022.02.21-18.25.52:740][  0]LogConfig: Setting CVar [[r.Shadow.PreShadowResolutionFactor:1.0]]
[2022.02.21-18.25.52:743][  0]LogConfig: Setting CVar [[r.DistanceFieldShadowing:1]]
[2022.02.21-18.25.52:743][  0]LogConfig: Setting CVar [[r.DistanceFieldAO:1]]
[2022.02.21-18.25.52:743][  0]LogConfig: Setting CVar [[r.AOQuality:2]]
[2022.02.21-18.25.52:744][  0]LogConfig: Setting CVar [[r.VolumetricFog:1]]
[2022.02.21-18.25.52:744][  0]LogConfig: Setting CVar [[r.VolumetricFog.GridPixelSize:8]]
[2022.02.21-18.25.52:744][  0]LogConfig: Setting CVar [[r.VolumetricFog.GridSizeZ:128]]
[2022.02.21-18.25.52:745][  0]LogConfig: Setting CVar [[r.VolumetricFog.HistoryMissSupersampleCount:4]]
[2022.02.21-18.25.52:745][  0]LogConfig: Setting CVar [[r.LightMaxDrawDistanceScale:1]]
[2022.02.21-18.25.52:745][  0]LogConfig: Setting CVar [[r.CapsuleShadows:1]]
[2022.02.21-18.25.52:746][  0]LogConfig: Applying CVar settings from Section [PostProcessQuality@3] File [D:/GitHub/GAME259-2022-A/GAME259_A_URE/Saved/Config/Windows/Scalability.ini]
[2022.02.21-18.25.52:746][  0]LogConfig: Setting CVar [[r.MotionBlurQuality:4]]
[2022.02.21-18.25.52:746][  0]LogConfig: Setting CVar [[r.AmbientOcclusionMipLevelFactor:0.4]]
[2022.02.21-18.25.52:746][  0]LogConfig: Setting CVar [[r.AmbientOcclusionMaxQuality:100]]
[2022.02.21-18.25.52:747][  0]LogConfig: Setting CVar [[r.AmbientOcclusionLevels:-1]]
[2022.02.21-18.25.52:747][  0]LogConfig: Setting CVar [[r.AmbientOcclusionRadiusScale:1.0]]
[2022.02.21-18.25.52:747][  0]LogConfig: Setting CVar [[r.DepthOfFieldQuality:2]]
[2022.02.21-18.25.52:747][  0]LogConfig: Setting CVar [[r.RenderTargetPoolMin:400]]
[2022.02.21-18.25.52:748][  0]LogConfig: Setting CVar [[r.LensFlareQuality:2]]
[2022.02.21-18.25.52:748][  0]LogConfig: Setting CVar [[r.SceneColorFringeQuality:1]]
[2022.02.21-18.25.52:749][  0]LogConfig: Setting CVar [[r.EyeAdaptationQuality:2]]
[2022.02.21-18.25.52:749][  0]LogConfig: Setting CVar [[r.BloomQuality:5]]
[2022.02.21-18.25.52:749][  0]LogConfig: Setting CVar [[r.FastBlurThreshold:100]]
[2022.02.21-18.25.52:750][  0]LogConfig: Setting CVar [[r.Upscale.Quality:3]]
[2022.02.21-18.25.52:750][  0]LogConfig: Setting CVar [[r.Tonemapper.GrainQuantization:1]]
[2022.02.21-18.25.52:750][  0]LogConfig: Setting CVar [[r.LightShaftQuality:1]]
[2022.02.21-18.25.52:751][  0]LogConfig: Setting CVar [[r.Filter.SizeScale:1]]
[2022.02.21-18.25.52:751][  0]LogConfig: Setting CVar [[r.Tonemapper.Quality:5]]
[2022.02.21-18.25.52:751][  0]LogConfig: Setting CVar [[r.DOF.Gather.AccumulatorQuality:1        ; higher gathering accumulator quality]]
[2022.02.21-18.25.52:751][  0]LogConfig: Setting CVar [[r.DOF.Gather.PostfilterMethod:1          ; Median3x3 postfilering method]]
[2022.02.21-18.25.52:752][  0]LogConfig: Setting CVar [[r.DOF.Gather.EnableBokehSettings:0       ; no bokeh simulation when gathering]]
[2022.02.21-18.25.52:755][  0]LogConfig: Setting CVar [[r.DOF.Gather.RingCount:4                 ; medium number of samples when gathering]]
[2022.02.21-18.25.52:755][  0]LogConfig: Setting CVar [[r.DOF.Scatter.ForegroundCompositing:1    ; additive foreground scattering]]
[2022.02.21-18.25.52:756][  0]LogConfig: Setting CVar [[r.DOF.Scatter.BackgroundCompositing:2    ; additive background scattering]]
[2022.02.21-18.25.52:756][  0]LogConfig: Setting CVar [[r.DOF.Scatter.EnableBokehSettings:1      ; bokeh simulation when scattering]]
[2022.02.21-18.25.52:756][  0]LogConfig: Setting CVar [[r.DOF.Scatter.MaxSpriteRatio:0.1         ; only a maximum of 10% of scattered bokeh]]
[2022.02.21-18.25.52:757][  0]LogConfig: Setting CVar [[r.DOF.Recombine.Quality:1                ; cheap slight out of focus]]
[2022.02.21-18.25.52:757][  0]LogConfig: Setting CVar [[r.DOF.Recombine.EnableBokehSettings:0    ; no bokeh simulation on slight out of focus]]
[2022.02.21-18.25.52:757][  0]LogConfig: Setting CVar [[r.DOF.TemporalAAQuality:1                ; more stable temporal accumulation]]
[2022.02.21-18.25.52:758][  0]LogConfig: Setting CVar [[r.DOF.Kernel.MaxForegroundRadius:0.025]]
[2022.02.21-18.25.52:758][  0]LogConfig: Setting CVar [[r.DOF.Kernel.MaxBackgroundRadius:0.025]]
[2022.02.21-18.25.52:759][  0]LogConfig: Applying CVar settings from Section [TextureQuality@3] File [D:/GitHub/GAME259-2022-A/GAME259_A_URE/Saved/Config/Windows/Scalability.ini]
[2022.02.21-18.25.52:759][  0]LogConfig: Setting CVar [[r.Streaming.MipBias:0]]
[2022.02.21-18.25.52:760][  0]LogConfig: Setting CVar [[r.Streaming.AmortizeCPUToGPUCopy:0]]
[2022.02.21-18.25.52:760][  0]LogConfig: Setting CVar [[r.Streaming.MaxNumTexturesToStreamPerFrame:0]]
[2022.02.21-18.25.52:760][  0]LogConfig: Setting CVar [[r.Streaming.Boost:1]]
[2022.02.21-18.25.52:761][  0]LogConfig: Setting CVar [[r.MaxAnisotropy:8]]
[2022.02.21-18.25.52:761][  0]LogConfig: Setting CVar [[r.VT.MaxAnisotropy:8]]
[2022.02.21-18.25.52:762][  0]LogConfig: Setting CVar [[r.Streaming.LimitPoolSizeToVRAM:0]]
[2022.02.21-18.25.52:762][  0]LogConfig: Setting CVar [[r.Streaming.PoolSize:1000]]
[2022.02.21-18.25.52:762][  0]LogConfig: Setting CVar [[r.Streaming.MaxEffectiveScreenSize:0]]
[2022.02.21-18.25.52:762][  0]LogConfig: Applying CVar settings from Section [EffectsQuality@3] File [D:/GitHub/GAME259-2022-A/GAME259_A_URE/Saved/Config/Windows/Scalability.ini]
[2022.02.21-18.25.52:763][  0]LogConfig: Setting CVar [[r.TranslucencyLightingVolumeDim:64]]
[2022.02.21-18.25.52:763][  0]LogConfig: Setting CVar [[r.RefractionQuality:2]]
[2022.02.21-18.25.52:763][  0]LogConfig: Setting CVar [[r.SSR.Quality:3]]
[2022.02.21-18.25.52:766][  0]LogConfig: Setting CVar [[r.SSR.HalfResSceneColor:0]]
[2022.02.21-18.25.52:767][  0]LogConfig: Setting CVar [[r.SceneColorFormat:4]]
[2022.02.21-18.25.52:767][  0]LogConfig: Setting CVar [[r.DetailMode:2]]
[2022.02.21-18.25.52:768][  0]LogConfig: Setting CVar [[r.TranslucencyVolumeBlur:1]]
[2022.02.21-18.25.52:768][  0]LogConfig: Setting CVar [[r.MaterialQualityLevel:1 ; High quality]]
[2022.02.21-18.25.52:768][  0]LogConfig: Setting CVar [[r.AnisotropicMaterials:1]]
[2022.02.21-18.25.52:769][  0]LogConfig: Setting CVar [[r.SSS.Scale:1]]
[2022.02.21-18.25.52:769][  0]LogConfig: Setting CVar [[r.SSS.SampleSet:2]]
[2022.02.21-18.25.52:770][  0]LogConfig: Setting CVar [[r.SSS.Quality:1]]
[2022.02.21-18.25.52:771][  0]LogConfig: Setting CVar [[r.SSS.HalfRes:0]]
[2022.02.21-18.25.52:771][  0]LogConfig: Setting CVar [[r.SSGI.Quality:3]]
[2022.02.21-18.25.52:771][  0]LogConfig: Setting CVar [[r.EmitterSpawnRateScale:1.0]]
[2022.02.21-18.25.52:771][  0]LogConfig: Setting CVar [[r.ParticleLightQuality:2]]
[2022.02.21-18.25.52:772][  0]LogConfig: Setting CVar [[r.SkyAtmosphere.AerialPerspectiveLUT.FastApplyOnOpaque:1 ; Always have FastSkyLUT 1 in this case to avoid wrong sky]]
[2022.02.21-18.25.52:772][  0]LogConfig: Setting CVar [[r.SkyAtmosphere.AerialPerspectiveLUT.SampleCountMaxPerSlice:4]]
[2022.02.21-18.25.52:772][  0]LogConfig: Setting CVar [[r.SkyAtmosphere.AerialPerspectiveLUT.DepthResolution:16.0]]
[2022.02.21-18.25.52:772][  0]LogConfig: Setting CVar [[r.SkyAtmosphere.FastSkyLUT:1]]
[2022.02.21-18.25.52:773][  0]LogConfig: Setting CVar [[r.SkyAtmosphere.FastSkyLUT.SampleCountMin:4.0]]
[2022.02.21-18.25.52:773][  0]LogConfig: Setting CVar [[r.SkyAtmosphere.FastSkyLUT.SampleCountMax:128.0]]
[2022.02.21-18.25.52:773][  0]LogConfig: Setting CVar [[r.SkyAtmosphere.SampleCountMin:4.0]]
[2022.02.21-18.25.52:774][  0]LogConfig: Setting CVar [[r.SkyAtmosphere.SampleCountMax:128.0]]
[2022.02.21-18.25.52:774][  0]LogConfig: Setting CVar [[r.SkyAtmosphere.TransmittanceLUT.UseSmallFormat:0]]
[2022.02.21-18.25.52:774][  0]LogConfig: Setting CVar [[r.SkyAtmosphere.TransmittanceLUT.SampleCount:10.0]]
[2022.02.21-18.25.52:775][  0]LogConfig: Setting CVar [[r.SkyAtmosphere.MultiScatteringLUT.SampleCount:15.0]]
[2022.02.21-18.25.52:778][  0]LogConfig: Setting CVar [[r.SkyLight.RealTimeReflectionCapture:1]]
[2022.02.21-18.25.52:778][  0]LogConfig: Applying CVar settings from Section [FoliageQuality@3] File [D:/GitHub/GAME259-2022-A/GAME259_A_URE/Saved/Config/Windows/Scalability.ini]
[2022.02.21-18.25.52:778][  0]LogConfig: Setting CVar [[foliage.DensityScale:1.0]]
[2022.02.21-18.25.52:779][  0]LogConfig: Setting CVar [[grass.DensityScale:1.0]]
[2022.02.21-18.25.52:780][  0]LogConfig: Applying CVar settings from Section [ShadingQuality@3] File [D:/GitHub/GAME259-2022-A/GAME259_A_URE/Saved/Config/Windows/Scalability.ini]
[2022.02.21-18.25.52:780][  0]LogConfig: Setting CVar [[r.HairStrands.SkyLighting.IntegrationType:2]]
[2022.02.21-18.25.52:780][  0]LogConfig: Setting CVar [[r.HairStrands.SkyAO.SampleCount:4]]
[2022.02.21-18.25.52:780][  0]LogConfig: Setting CVar [[r.HairStrands.Visibility.MSAA.SamplePerPixel:4]]
[2022.02.21-18.25.52:781][  0]LogConfig: Applying CVar settings from Section [Startup] File [../../../Engine/Config/ConsoleVariables.ini]
[2022.02.21-18.25.52:782][  0]LogConfig: Setting CVar [[net.UseAdaptiveNetUpdateFrequency:0]]
[2022.02.21-18.25.52:782][  0]LogConfig: Setting CVar [[p.chaos.AllowCreatePhysxBodies:1]]
[2022.02.21-18.25.52:782][  0]LogConfig: Setting CVar [[fx.SkipVectorVMBackendOptimizations:1]]
[2022.02.21-18.25.52:782][  0]LogConfig: Applying CVar settings from Section [ConsoleVariables] File [D:/GitHub/GAME259-2022-A/GAME259_A_URE/Saved/Config/Windows/Engine.ini]
[2022.02.21-18.25.52:783][  0]LogConfig: Applying CVar settings from Section [ConsoleVariables] File [D:/GitHub/GAME259-2022-A/GAME259_A_URE/Saved/Config/Windows/Editor.ini]
[2022.02.21-18.25.52:783][  0]LogInit: Computer: OMEN
[2022.02.21-18.25.52:783][  0]LogInit: User: James
[2022.02.21-18.25.52:784][  0]LogInit: CPU Page size=4096, Cores=6
[2022.02.21-18.25.52:784][  0]LogInit: High frequency timer resolution =10.000000 MHz
[2022.02.21-18.25.52:784][  0]LogMemory: Memory total: Physical=15.9GB (16GB approx)
[2022.02.21-18.25.52:785][  0]LogMemory: Platform Memory Stats for Windows
[2022.02.21-18.25.52:785][  0]LogMemory: Process Physical Memory: 149.04 MB used, 149.04 MB peak
[2022.02.21-18.25.52:785][  0]LogMemory: Process Virtual Memory: 132.03 MB used, 132.03 MB peak
[2022.02.21-18.25.52:785][  0]LogMemory: Physical Memory: 13417.92 MB used,  2856.93 MB free, 16274.84 MB total
[2022.02.21-18.25.52:786][  0]LogMemory: Virtual Memory: 134214112.00 MB used,  3612.69 MB free, 134217728.00 MB total
[2022.02.21-18.25.52:794][  0]LogWindows: WindowsPlatformFeatures enabled
[2022.02.21-18.25.52:833][  0]LogInit: Physics initialised using underlying interface: PhysX
[2022.02.21-18.25.52:834][  0]LogInit: Using OS detected language (en-US).
[2022.02.21-18.25.52:835][  0]LogInit: Using OS detected locale (en-US).
[2022.02.21-18.25.52:838][  0]LogTextLocalizationManager: No specific localization for 'en-US' exists, so the 'en' localization will be used.
[2022.02.21-18.25.53:021][  0]LogWindowsTextInputMethodSystem: Display: IME system deactivated.
[2022.02.21-18.25.53:063][  0]LogSlate: New Slate User Created.  User Index 0, Is Virtual User: 0
[2022.02.21-18.25.53:063][  0]LogSlate: Slate User Registered.  User Index 0, Is Virtual User: 0
[2022.02.21-18.25.53:098][  0]LogD3D11RHI: Loaded GFSDK_Aftermath_Lib.x64.dll
[2022.02.21-18.25.53:155][  0]LogHMD: Optional extension XR_VARJO_quad_views is not available
[2022.02.21-18.25.53:155][  0]LogHMD: Warning: Required extension XR_EXT_eye_gaze_interaction is not available
[2022.02.21-18.25.53:158][  0]LogHMD: Could not enable all required OpenXR extensions for OpenXREyeTracker on current system. This plugin will be loaded but ignored, but will be enabled on a target platform that supports the required extension.
[2022.02.21-18.25.53:660][  0]LogHMD: Failed to get an OpenXR system, result is XR_ERROR_FORM_FACTOR_UNAVAILABLE. Please check that your runtime supports VR headsets.
[2022.02.21-18.25.53:660][  0]LogD3D11RHI: D3D11 min allowed feature level: 11_0
[2022.02.21-18.25.53:661][  0]LogD3D11RHI: D3D11 max allowed feature level: 11_0
[2022.02.21-18.25.53:662][  0]LogD3D11RHI: D3D11 adapters:
[2022.02.21-18.25.53:753][  0]LogD3D11RHI:    0. 'NVIDIA GeForce GTX 1070' (Feature Level 11_0)
[2022.02.21-18.25.53:753][  0]LogD3D11RHI:       8088/0/8137 MB DedicatedVideo/DedicatedSystem/SharedSystem, Outputs:2, VendorId:0x10de
[2022.02.21-18.25.53:756][  0]LogD3D11RHI:    1. 'Microsoft Basic Render Driver' (Feature Level 11_0)
[2022.02.21-18.25.53:756][  0]LogD3D11RHI:       0/0/8137 MB DedicatedVideo/DedicatedSystem/SharedSystem, Outputs:0, VendorId:0x1414
[2022.02.21-18.25.53:757][  0]LogD3D11RHI: Chosen D3D11 Adapter:
[2022.02.21-18.25.53:757][  0]LogD3D11RHI:     Description : NVIDIA GeForce GTX 1070
[2022.02.21-18.25.53:757][  0]LogD3D11RHI:     VendorId    : 10de
[2022.02.21-18.25.53:758][  0]LogD3D11RHI:     DeviceId    : 1b81
[2022.02.21-18.25.53:758][  0]LogD3D11RHI:     SubSysId    : 82fb103c
[2022.02.21-18.25.53:758][  0]LogD3D11RHI:     Revision    : 00a1
[2022.02.21-18.25.53:759][  0]LogD3D11RHI:     DedicatedVideoMemory : 8480882688 bytes
[2022.02.21-18.25.53:759][  0]LogD3D11RHI:     DedicatedSystemMemory : 0 bytes
[2022.02.21-18.25.53:759][  0]LogD3D11RHI:     SharedSystemMemory : 8532705280 bytes
[2022.02.21-18.25.53:760][  0]LogD3D11RHI:     AdapterLuid : 0 89200
[2022.02.21-18.25.53:768][  0]LogD3D11RHI: Creating new Direct3DDevice
[2022.02.21-18.25.53:768][  0]LogD3D11RHI:     GPU DeviceId: 0x1b81 (for the marketing name, search the web for "GPU Device Id")
[2022.02.21-18.25.53:769][  0]LogWindows: EnumDisplayDevices:
[2022.02.21-18.25.53:769][  0]LogWindows:    0. 'NVIDIA GeForce GTX 1070' (P:1 D:1)
[2022.02.21-18.25.53:770][  0]LogWindows:    1. 'NVIDIA GeForce GTX 1070' (P:0 D:1)
[2022.02.21-18.25.53:770][  0]LogWindows:    2. 'NVIDIA GeForce GTX 1070' (P:0 D:0)
[2022.02.21-18.25.53:770][  0]LogWindows:    3. 'NVIDIA GeForce GTX 1070' (P:0 D:0)
[2022.02.21-18.25.53:771][  0]LogWindows: DebugString: FoundDriverCount:4 
[2022.02.21-18.25.53:771][  0]LogD3D11RHI:     Adapter Name: NVIDIA GeForce GTX 1070
[2022.02.21-18.25.53:771][  0]LogD3D11RHI:   Driver Version: 472.08 (internal:30.0.14.7208, unified:472.08)
[2022.02.21-18.25.53:771][  0]LogD3D11RHI:      Driver Date: 9-13-2021
[2022.02.21-18.25.53:772][  0]LogRHI: Texture pool is 5661 MB (70% of 8088 MB)
[2022.02.21-18.25.53:772][  0]LogD3D11RHI: Creating D3DDevice using adapter:
[2022.02.21-18.25.53:772][  0]LogD3D11RHI:     Description : NVIDIA GeForce GTX 1070
[2022.02.21-18.25.53:774][  0]LogD3D11RHI:     VendorId    : 10de
[2022.02.21-18.25.53:775][  0]LogD3D11RHI:     DeviceId    : 1b81
[2022.02.21-18.25.53:775][  0]LogD3D11RHI:     SubSysId    : 82fb103c
[2022.02.21-18.25.53:775][  0]LogD3D11RHI:     Revision    : 00a1
[2022.02.21-18.25.53:775][  0]LogD3D11RHI:     DedicatedVideoMemory : 8480882688 bytes
[2022.02.21-18.25.53:776][  0]LogD3D11RHI:     DedicatedSystemMemory : 0 bytes
[2022.02.21-18.25.53:776][  0]LogD3D11RHI:     SharedSystemMemory : 8532705280 bytes
[2022.02.21-18.25.53:776][  0]LogD3D11RHI:     AdapterLuid : 0 89200
[2022.02.21-18.25.53:849][  0]LogD3D11RHI: RHI has support for 64 bit atomics
[2022.02.21-18.25.53:849][  0]LogD3D11RHI: Async texture creation enabled
[2022.02.21-18.25.53:850][  0]LogD3D11RHI: Array index from any shader is supported
[2022.02.21-18.25.53:852][  0]LogD3D11RHI: HDR output is supported on display 0 (NvId: 0x80061082).
[2022.02.21-18.25.53:866][  0]LogD3D11RHI: GPU Timing Frequency: 1000.000000 (Debug: 2 1)
[2022.02.21-18.25.53:894][  0]LogRHI: GeForceNow SDK initialized: 1
[2022.02.21-18.25.54:277][  0]LogTargetPlatformManager: Display: Loaded TargetPlatform 'WindowsNoEditor'
[2022.02.21-18.25.54:281][  0]LogTargetPlatformManager: Display: Loaded TargetPlatform 'Windows'
[2022.02.21-18.25.54:283][  0]LogTargetPlatformManager: Display: Loaded TargetPlatform 'WindowsClient'
[2022.02.21-18.25.54:287][  0]LogTargetPlatformManager: Display: Loaded TargetPlatform 'WindowsServer'
[2022.02.21-18.25.54:288][  0]LogTargetPlatformManager: Display: Building Assets For Windows
[2022.02.21-18.25.54:295][  0]LogAudioDebug: Display: Lib vorbis DLL was dynamically loaded.
[2022.02.21-18.25.54:321][  0]LogTextureFormatOodle: Display: Oodle Texture 2.9.0 init RDO Off
[2022.02.21-18.25.54:357][  0]LogRendererCore: Ray tracing is disabled. Reason: r.RayTracing=0.
[2022.02.21-18.25.54:357][  0]LogShaderCompilers: Guid format shader working directory is -2 characters bigger than the processId version (../../../../GitHub/GAME259-2022-A/GAME259_A_URE/Intermediate/Shaders/WorkingDirectory/23804/).
[2022.02.21-18.25.54:358][  0]LogShaderCompilers: Cleaned the shader compiler working directory 'C:/Users/James/AppData/Local/Temp/UnrealShaderWorkingDir/72B1E4AF4F10A55F8608BC92186D4C74/'.
[2022.02.21-18.25.54:358][  0]LogXGEController: Cannot use XGE Controller as Incredibuild is not installed on this machine.
[2022.02.21-18.25.54:359][  0]LogShaderCompilers: Cannot use XGE Shader Compiler as Incredibuild is not installed on this machine.
[2022.02.21-18.25.54:359][  0]LogShaderCompilers: Display: Using Local Shader Compiler.
[2022.02.21-18.25.55:049][  0]LogDerivedDataCache: Display: Max Cache Size: 512 MB
[2022.02.21-18.25.55:109][  0]LogDerivedDataCache: Loaded boot cache 0.06s 103MB C:/Users/James/AppData/Local/UnrealEngine/4.27/DerivedDataCache/Boot.ddc.
[2022.02.21-18.25.55:110][  0]LogDerivedDataCache: Display: Loaded Boot cache: C:/Users/James/AppData/Local/UnrealEngine/4.27/DerivedDataCache/Boot.ddc
[2022.02.21-18.25.55:110][  0]LogDerivedDataCache: FDerivedDataBackendGraph:  Pak pak cache file ../../../../GitHub/GAME259-2022-A/GAME259_A_URE/DerivedDataCache/DDC.ddp not found, will not use a pak cache.
[2022.02.21-18.25.55:111][  0]LogDerivedDataCache: Unable to find inner node Pak for hierarchical cache Hierarchy.
[2022.02.21-18.25.55:112][  0]LogDerivedDataCache: FDerivedDataBackendGraph:  CompressedPak pak cache file ../../../../GitHub/GAME259-2022-A/GAME259_A_URE/DerivedDataCache/Compressed.ddp not found, will not use a pak cache.
[2022.02.21-18.25.55:112][  0]LogDerivedDataCache: Unable to find inner node CompressedPak for hierarchical cache Hierarchy.
[2022.02.21-18.25.55:127][  0]LogDerivedDataCache: Display: Pak cache opened for reading ../../../Engine/DerivedDataCache/Compressed.ddp.
[2022.02.21-18.25.55:127][  0]LogDerivedDataCache: FDerivedDataBackendGraph:  EnterprisePak pak cache file ../../../Enterprise/DerivedDataCache/Compressed.ddp not found, will not use a pak cache.
[2022.02.21-18.25.55:127][  0]LogDerivedDataCache: Unable to find inner node EnterprisePak for hierarchical cache Hierarchy.
[2022.02.21-18.25.55:134][  0]LogDerivedDataCache: Speed tests for C:/Users/James/AppData/Local/UnrealEngine/Common/DerivedDataCache took 0.01 seconds
[2022.02.21-18.25.55:134][  0]LogDerivedDataCache: Display: Performance to C:/Users/James/AppData/Local/UnrealEngine/Common/DerivedDataCache: Latency=0.03ms. RandomReadSpeed=1225.37MBs, RandomWriteSpeed=175.57MBs. Assigned SpeedClass 'Local'
[2022.02.21-18.25.55:136][  0]LogDerivedDataCache: Using Local data cache path C:/Users/James/AppData/Local/UnrealEngine/Common/DerivedDataCache: Writable
[2022.02.21-18.25.55:136][  0]LogDerivedDataCache: Shared data cache path not found in *engine.ini, will not use an Shared cache.
[2022.02.21-18.25.55:136][  0]LogDerivedDataCache: Unable to find inner node Shared for hierarchical cache Hierarchy.
[2022.02.21-18.25.55:179][  0]LogSlate: Using FreeType 2.10.0
[2022.02.21-18.25.55:180][  0]LogSlate: SlateFontServices - WITH_FREETYPE: 1, WITH_HARFBUZZ: 1
[2022.02.21-18.25.55:681][  0]LogHMD: Failed to get an OpenXR system, result is XR_ERROR_FORM_FACTOR_UNAVAILABLE. Please check that your runtime supports VR headsets.
[2022.02.21-18.25.55:759][  0]LogInit: Using OS detected language (en-US).
[2022.02.21-18.25.55:759][  0]LogInit: Using OS detected locale (en-US).
[2022.02.21-18.25.55:760][  0]LogTextLocalizationManager: No localization for 'en-US' exists, so 'en' will be used for the language.
[2022.02.21-18.25.55:761][  0]LogTextLocalizationManager: No localization for 'en-US' exists, so 'en' will be used for the locale.
[2022.02.21-18.25.55:761][  0]LogSlate: FontCache flush requested. Reason: Culture for localization was changed
[2022.02.21-18.25.55:761][  0]LogSlate: FontCache flush requested. Reason: Culture for localization was changed
[2022.02.21-18.25.55:765][  0]LogTextLocalizationManager: Compacting localization data took   0.01ms
[2022.02.21-18.25.55:765][  0]LogAssetRegistry: FAssetRegistry took 0.0015 seconds to start up
[2022.02.21-18.25.55:928][  0]LogPackageLocalizationCache: Processed 27 localized package path(s) for 1 prioritized culture(s) in 0.021634 seconds
[2022.02.21-18.25.55:986][  0]LogInit: Selected Device Profile: [Windows]
[2022.02.21-18.25.55:986][  0]LogInit: Active device profile: [0000019AF1B78A00][0000019AE7FEBA80 49] Windows
[2022.02.21-18.25.55:987][  0]LogInit: Profiles: [0000019AF1B78A00][0000019AE7FEBA80 49] Windows, [0000019AF1B41A00][0000019AE7FF3C00 49] WindowsNoEditor, [0000019AF1B7B500][0000019AE7FF6200 49] WindowsServer, [0000019AF1B43D00][0000019AE98C4380 49] WindowsClient, [0000019AF1B7B300][0000019AE98C8500 49] IOS, [0000019AF1B43F00][0000019AE98CC680 49] iPadAir, [0000019AF1B7A000][0000019AE98D0800 49] iPadAir2, [0000019AF1AE8C00][0000019AE98D8AC0 49] IPadPro, [0000019AF1AE8D00][0000019AE98D4B00 49] iPadAir3, [0000019AF1B43300][0000019AE98DCC80 49] iPadAir4, [0000019AF1AEB200][0000019AE819CE00 49] iPadMini2, [0000019AF1B42A00][0000019AE81A0F80 49] iPadMini3, [0000019AF1AE9700][0000019AE81A5100 49] iPadMini4, [0000019AF1B42300][0000019AE81A9280 49] iPadMini5, [0000019AF1B04500][0000019AE7FEF500 49] iPhone6, [0000019AF1B04600][0000019AE81AD540 49] iPodTouch6, [0000019AF1AEB800][0000019AE81B5780 49] iPhone7, [0000019AF1AE9C00][0000019AE81B17C0 49] iPodTouch7, [0000019AF1B04400][0000019AE81B9900 49] iPhone5S, [0000019AF1B42100][0000019AE81C1A80 49] iPhone6Plus, [0000019AF1B06F00][0000019AE81C5C00 49] iPhone6S, [0000019AF1AE8A00][0000019AE81C8200 49] iPhone6SPlus, [0000019AF1B06300][0000019AE81CC380 49] iPhone7Plus, [0000019AF1AE8100][0000019AE81D0500 49] iPhoneSE, [0000019AF1B04800][0000019AE81D4680 49] iPhone8, [0000019AF1AE9F00][0000019AE81D8800 49] iPhone8Plus, [0000019AF1B04700][0000019AE81DC980 49] iPhoneX, [0000019AF1AEA200][0000019AE81E0B00 49] iPhoneXS, [0000019AF1B07800][0000019AE81E4C80 49] iPhoneXSMax, [0000019AF1AE8900][0000019AF1E20E00 49] iPhoneXR, [0000019AF1B05900][0000019AF1E24F80 49] iPhone11, [0000019AF1AEA800][0000019AF1E29100 49] iPhone11Pro, [0000019AF1B05000][0000019AF1E2D280 49] iPhone11ProMax, [0000019AF1AE9500][0000019AF1E31400 49] iPhoneSE2, [0000019AF1B07500][0000019AF1E35580 49] iPhone12Mini, [0000019AF1AEBD00][0000019AE81BD6C0 49] iPhone12, [0000019AF1B05F00][0000019AF1E39800 49] iPhone12Pro, [0000019AF1AEB000][0000019AF1E3D940 49] iPhone12ProMax, [0000019AF1B05400][0000019AF1E41A80 49] iPadPro105, [0000019AF1AEA700][0000019AF1E49C00 49] iPadPro129, [0000019AF1B07400][0000019AF1E4C200 49] iPadPro97, [0000019AF1AEA600][0000019AF1E50380 49] iPadPro2_129, [0000019AF1B05E00][0000019AF1E54500 49] iPad5, [0000019AF1AE8200][0000019AF1E58680 49] iPad6, [0000019AF1B07B00][0000019AF1E5C800 49] iPad7, [0000019AF1AEBB00][0000019AF1E60980 49] iPad8, [0000019AF1B07A00][0000019AF1E64B00 49] iPadPro11, [0000019AF1AEA900][0000019AF1E68C80 49] iPadPro2_11, [0000019AF1B05C00][0000019AF1E6CE00 49] iPadPro3_129, [0000019AF1AE8F00][0000019AF1E70F80 49] iPadPro4_129, [0000019AF1B04100][0000019AF1E75100 49] AppleTV, [0000019AF1AE9000][0000019AF1E79280 49] AppleTV4K, [0000019AF1B07D00][0000019AF1E7D400 49] TVOS, [0000019AF1AE8700][0000019AF1E81580 49] Mac, [0000019AF1B04300][0000019AF1E85700 49] MacClient, [0000019AF1AE8600][0000019AF1E89880 49] MacNoEditor, [0000019AF1B05700][0000019AF1E459C0 49] MacServer, [0000019AF1AE9600][0000019AF1E8DB00 49] Linux, [0000019AF1B07000][0000019AF1E900C0 49] LinuxAArch64, [0000019AF1AEB400][0000019AF1E98240 49] LinuxNoEditor, [0000019AF1B06E00][0000019AF1E9C3C0 49] LinuxAArch64NoEditor, [0000019AF1AEB700][0000019AF1EA0540 49] LinuxClient, [0000019AF1B04C00][0000019AF1EA46C0 49] LinuxAArch64Client, [0000019AF1AEA400][0000019AF1EA8840 49] LinuxServer, [0000019AF1B07E00][0000019AF1EAC9C0 49] LinuxAArch64Server, [0000019AF1AEB900][0000019AF1EB0B40 49] Android, [0000019AF1B04B00][0000019AF1EB4CC0 49] Android_Low, [0000019AF1AEB500][0000019AF1EB8E40 49] Android_Mid, [0000019AF1B06800][0000019AF1EBCFC0 49] Android_High, [0000019AF1B43800][0000019AF1EC1140 49] Android_Default, [0000019AF1B7A100][0000019AF1EC52C0 49] Android_Adreno4xx, [0000019AF1B43E00][0000019AF1EC9440 49] Android_Adreno5xx_Low, [0000019AF1B7AB00][0000019AF1ECD5C0 49] Android_Adreno5xx, [0000019AF1B43200][0000019AF1ED1740 49] Android_Adreno6xx, [0000019AF1B7A800][0000019AF1ED58C0 49] Android_Adreno6xx_Vulkan, [0000019AF1B41900][0000019AF1ED9A40 49] Android_Mali_T6xx, [0000019AF1B7BB00][0000019AF1E95B80 49] Android_Mali_T7xx, [0000019AF1B40B00][0000019AF1EDC140 49] Android_Mali_T8xx, [0000019AF1B7BE00][0000019AF1EE0280 49] Android_Mali_G71, [0000019AF1B40A00][0000019AF1EE43C0 49] Android_Mali_G72, [0000019AF1B79800][0000019AF1EEC540 49] Android_Mali_G72_Vulkan, [0000019AF1B43600][0000019AF1EF06C0 49] Android_Mali_G76, [0000019AF1B79B00][0000019AF1EF4840 49] Android_Mali_G76_Vulkan, [0000019AF1B41F00][0000019AF1EF89C0 49] Android_Mali_G77, [0000019AF1B79000][0000019AF1EFCB40 49] Android_Mali_G77_Vulkan, [0000019AF1B41700][0000019AF1F00CC0 49] Android_Mali_G78, [0000019AF1B7A900][0000019AF1F04E40 49] Android_Mali_G78_Vulkan, [0000019AF1B42800][0000019AF1F08FC0 49] Android_Mali_G710, [0000019AF1B78700][0000019AF1F0D140 49] Android_Mali_G710_Vulkan, [0000019AF1B41100][0000019AF1F112C0 49] Android_Vulkan_SM5, [0000019AF1B79600][0000019AF1F15440 49] Android_PowerVR_G6xxx, [0000019AF1B41500][0000019AF1F195C0 49] Android_PowerVR_GT7xxx, [0000019AF1B7AF00][0000019AF1F1D740 49] Android_PowerVR_GE8xxx, [0000019AF1B41400][0000019AF1F218C0 49] Android_PowerVR_GM9xxx, [0000019AF1B78300][0000019AF1F25A40 49] Android_PowerVR_GM9xxx_Vulkan, [0000019AF1B40400][0000019AF1F29BC0 49] Android_TegraK1, [0000019AF1B7AC00][0000019AF1EE8180 49] Android_Unknown_Vulkan, [0000019AF1B40300][0000019AF1F2C2C0 49] Lumin, [0000019AF1AE9900][0000019AF1F30400 49] Lumin_Desktop, [0000019AF1B42E00][0000019AF1F34540 49] HoloLens, 
[2022.02.21-18.25.56:023][  0]LogMeshReduction: Using QuadricMeshReduction for automatic static mesh reduction
[2022.02.21-18.25.56:023][  0]LogMeshReduction: Using SimplygonMeshReduction for automatic skeletal mesh reduction
[2022.02.21-18.25.56:024][  0]LogMeshReduction: Using ProxyLODMeshReduction for automatic mesh merging
[2022.02.21-18.25.56:025][  0]LogMeshReduction: No distributed automatic mesh merging module available
[2022.02.21-18.25.56:026][  0]LogMeshMerging: No distributed automatic mesh merging module available
[2022.02.21-18.25.56:140][  0]LogNetVersion: GAME259_A_URE 1.0.0, NetCL: 17155196, EngineNetVer: 17, GameNetVer: 0 (Checksum: 2250587433)
[2022.02.21-18.25.56:356][  0]LogTexture: Default maximum texture size for cubemaps generated from long-lat sources has been changed from 512 to unlimited. In order to preserve old behaiour for '/Engine/MapTemplates/Sky/DaylightAmbientCubemap.DaylightAmbientCubemap', its maximum texture size has been explicitly set to 512.
[2022.02.21-18.25.56:410][  0]LogHMD: PokeAHoleMaterial loaded successfully
[2022.02.21-18.25.56:494][  0]LogMoviePlayer: Initializing movie player
[2022.02.21-18.25.56:594][  0]LogNiagaraDebuggerClient: Niagara Debugger Client Initialized | Session: 688938DC4B08EB8157C19DAED7D5226D | Instance: F5F905114E8796E2078E56B3121DD6C4 (OMEN-23804).
[2022.02.21-18.25.56:611][  0]LogCollectionManager: Loaded 0 collections in 0.000887 seconds
[2022.02.21-18.25.56:614][  0]LogFileCache: Scanning file cache for directory 'D:/GitHub/GAME259-2022-A/GAME259_A_URE/Saved/Collections/' took 0.00s
[2022.02.21-18.25.56:614][  0]LogFileCache: Scanning file cache for directory 'D:/GitHub/GAME259-2022-A/GAME259_A_URE/Content/Developers/James/Collections/' took 0.00s
[2022.02.21-18.25.56:615][  0]LogFileCache: Scanning file cache for directory 'D:/GitHub/GAME259-2022-A/GAME259_A_URE/Content/Collections/' took 0.00s
[2022.02.21-18.25.56:615][  0]LogCollectionManager: Fixed up redirectors for 0 collections in 0.000002 seconds (updated 0 objects)
[2022.02.21-18.25.56:630][  0]LogPython: Using Python 3.7.7
[2022.02.21-18.25.57:175][  0]LogSteamShared: Display: Loading Steam SDK 1.51
[2022.02.21-18.25.57:176][  0]LogSteamShared: Steam SDK Loaded!
[2022.02.21-18.25.57:349][  0]SourceControl: Source control is disabled
[2022.02.21-18.25.57:350][  0]SourceControl: Source control is disabled
[2022.02.21-18.25.57:353][  0]SourceControl: Source control is disabled
[2022.02.21-18.25.57:358][  0]LogUProjectInfo: Found projects:
[2022.02.21-18.25.57:428][  0]LogOpenImageDenoise: OIDN starting up
[2022.02.21-18.25.57:460][  0]LogAndroidPermission: UAndroidPermissionCallbackProxy::GetInstance
[2022.02.21-18.25.57:477][  0]LogAudioCaptureCore: Display: No Audio Capture implementations found. Audio input will be silent.
[2022.02.21-18.25.57:477][  0]LogAudioCaptureCore: Display: No Audio Capture implementations found. Audio input will be silent.
[2022.02.21-18.25.57:544][  0]LogOcInput: OculusInput pre-init called
[2022.02.21-18.25.57:552][  0]LogUObjectArray: 23049 objects as part of root set at end of initial load.
[2022.02.21-18.25.57:552][  0]LogUObjectAllocator: 6399616 out of 0 bytes used by permanent object pool.
[2022.02.21-18.25.57:553][  0]LogUObjectArray: CloseDisregardForGC: 0/0 objects in disregard for GC pool
[2022.02.21-18.25.57:594][  0]LogClass: Display: IntProperty FServerInfo::CurrentPlayers is not initialized properly. Module:GAME259_A_URE File:GameInstance_GAME259_A_URE.h
[2022.02.21-18.25.57:594][  0]LogClass: Display: IntProperty FServerInfo::MaxPlayers is not initialized properly. Module:GAME259_A_URE File:GameInstance_GAME259_A_URE.h
[2022.02.21-18.25.57:595][  0]LogClass: Display: IntProperty FServerInfo::ServerArrayIndex is not initialized properly. Module:GAME259_A_URE File:GameInstance_GAME259_A_URE.h
[2022.02.21-18.25.57:596][  0]LogClass: Display: 3 Uninitialized script struct members found including 0 object properties
[2022.02.21-18.25.57:596][  0]LogEngine: Initializing Engine...
[2022.02.21-18.25.58:098][  0]LogHMD: Failed to get an OpenXR system, result is XR_ERROR_FORM_FACTOR_UNAVAILABLE. Please check that your runtime supports VR headsets.
[2022.02.21-18.25.58:098][  0]LogMagicLeap: Warning: VR disabled because ZI is not enabled.  To enable, in the editor, Edit -> Project Settings -> Plugins -> Magic Leap Plugin -> Enable Zero Iteration
[2022.02.21-18.25.58:102][  0]LogStats: UGameplayTagsManager::InitializeManager -  0.000 s
[2022.02.21-18.25.58:186][  0]LogInit: Initializing FReadOnlyCVARCache
[2022.02.21-18.25.58:187][  0]LogAudio: Display: Initializing Audio Device Manager...
[2022.02.21-18.25.58:191][  0]LogAudio: Display: Loading Default Audio Settings Objects...
[2022.02.21-18.25.58:191][  0]LogAudio: Display: No default SoundConcurrencyObject specified (or failed to load).
[2022.02.21-18.25.58:192][  0]LogAudio: Display: Audio Device Manager Initialized
[2022.02.21-18.25.58:192][  0]LogAudio: Display: Creating Audio Device:                 Id: 1, Scope: Shared, Realtime: True
[2022.02.21-18.25.58:192][  0]LogAudioMixer: Display: Audio Mixer Platform Settings:
[2022.02.21-18.25.58:193][  0]LogAudioMixer: Display: 	Sample Rate:						  48000
[2022.02.21-18.25.58:193][  0]LogAudioMixer: Display: 	Callback Buffer Frame Size Requested: 1024
[2022.02.21-18.25.58:194][  0]LogAudioMixer: Display: 	Callback Buffer Frame Size To Use:	  1024
[2022.02.21-18.25.58:194][  0]LogAudioMixer: Display: 	Number of buffers to queue:			  2
[2022.02.21-18.25.58:194][  0]LogAudioMixer: Display: 	Max Channels (voices):				  32
[2022.02.21-18.25.58:195][  0]LogAudioMixer: Display: 	Number of Async Source Workers:		  0
[2022.02.21-18.25.58:195][  0]LogAudio: Display: AudioDevice MaxSources: 32
[2022.02.21-18.25.58:196][  0]LogAudio: Display: Audio Spatialization Plugin: None (built-in).
[2022.02.21-18.25.58:198][  0]LogAudio: Display: Audio Reverb Plugin: None (built-in).
[2022.02.21-18.25.58:198][  0]LogAudio: Display: Audio Occlusion Plugin: None (built-in).
[2022.02.21-18.25.58:199][  0]LogAudioMixer: Display: Initializing audio mixer.
[2022.02.21-18.25.58:222][  0]LogAudioMixer: Display: 0: FrontLeft
[2022.02.21-18.25.58:222][  0]LogAudioMixer: Display: 1: FrontRight
[2022.02.21-18.25.58:269][  0]LogAudioMixer: Display: Using Audio Device Headphones (Arctis 7 Game)
[2022.02.21-18.25.58:275][  0]LogAudioMixer: Display: Initializing Sound Submixes...
[2022.02.21-18.25.58:276][  0]LogAudioMixer: Display: Creating Master Submix 'MasterSubmixDefault'
[2022.02.21-18.25.58:277][  0]LogAudioMixer: Display: Creating Master Submix 'MasterReverbSubmixDefault'
[2022.02.21-18.25.58:278][  0]LogAudioMixer: Display: Creating Master Submix 'MasterEQSubmixDefault'
[2022.02.21-18.25.58:278][  0]LogAudioMixer: FMixerPlatformXAudio2::StartAudioStream() called
[2022.02.21-18.25.58:278][  0]LogAudioMixer: Display: Output buffers initialized: Frames=1024, Channels=2, Samples=2048
[2022.02.21-18.25.58:280][  0]LogAudioMixer: Display: Starting AudioMixerPlatformInterface::RunInternal()
[2022.02.21-18.25.58:280][  0]LogAudioMixer: Display: FMixerPlatformXAudio2::SubmitBuffer() called for the first time
[2022.02.21-18.25.58:281][  0]LogInit: FAudioDevice initialized.
[2022.02.21-18.25.58:283][  0]LogNetVersion: Set ProjectVersion to 1.0.0.0. Version Checksum will be recalculated on next use.
[2022.02.21-18.25.58:336][  0]LogDerivedDataCache: Saved boot cache 0.05s 103MB C:/Users/James/AppData/Local/UnrealEngine/4.27/DerivedDataCache/Boot.ddc.
[2022.02.21-18.25.58:341][  0]LogInit: Texture streaming: Enabled
[2022.02.21-18.25.58:395][  0]LogAudio: Display: Audio Device (ID: 1) registered with world 'Untitled'.
[2022.02.21-18.25.58:396][  0]LogSlate: Updating window title bar state: overlay mode, drag disabled, window buttons hidden, title bar hidden
[2022.02.21-18.25.58:396][  0]LogInit: Display: Game Engine Initialized.
[2022.02.21-18.25.58:397][  0]LogNiagaraEditor: GEditor isn't valid! Particle reset commands will not work for Niagara components!
[2022.02.21-18.25.58:450][  0]LogInit: Display: Starting Game.
[2022.02.21-18.25.58:450][  0]LogNet: Browse: /Game/LobbySystem/Levels/LobbyMainMenu?Name=Player
[2022.02.21-18.25.58:452][  0]LogLoad: LoadMap: /Game/LobbySystem/Levels/LobbyMainMenu?Name=Player
[2022.02.21-18.25.58:452][  0]LogWorld: BeginTearingDown for /Temp/Untitled_0
[2022.02.21-18.25.58:453][  0]LogWorld: UWorld::CleanupWorld for Untitled, bSessionEnded=true, bCleanupResources=true
[2022.02.21-18.25.58:454][  0]LogSlate: InvalidateAllWidgets triggered.  All widgets were invalidated
[2022.02.21-18.25.58:458][  0]LogAudio: Display: Audio Device unregistered from world 'None'.
[2022.02.21-18.25.58:461][  0]LogUObjectHash: Compacting FUObjectHashTables data took   0.80ms
[2022.02.21-18.25.58:476][  0]LogBlueprint: Error: [AssetLog] D:\GitHub\GAME259-2022-A\GAME259_A_URE\Content\LobbySystem\WidgetBluePrints\WBP_Lobby.uasset: [Compiler] Spawn node  Create Widget  must have a class specified.
[2022.02.21-18.25.58:486][  0]LogAudio: Display: Audio Device (ID: 1) registered with world 'LobbyMainMenu'.
[2022.02.21-18.25.58:492][  0]LogAIModule: Creating AISystem for world LobbyMainMenu
[2022.02.21-18.25.58:492][  0]LogLoad: Game class is 'BP_LobbyGameMode_C'
[2022.02.21-18.25.58:494][  0]LogWorld: Bringing World /Game/LobbySystem/Levels/LobbyMainMenu.LobbyMainMenu up for play (max tick rate 0) at 2022.02.21-13.25.58
[2022.02.21-18.25.58:494][  0]LogWorld: Bringing up level for play took: 0.000496
[2022.02.21-18.25.58:495][  0]LogGameMode: FindPlayerStart: PATHS NOT DEFINED or NO PLAYERSTART with positive rating
[2022.02.21-18.25.58:497][  0]LogViewport: Display: Viewport MouseLockMode Changed, LockOnCapture -> DoNotLock
[2022.02.21-18.25.58:498][  0]LogViewport: Display: Viewport MouseCaptureMode Changed, CapturePermanently_IncludingInitialMouseDown -> NoCapture
[2022.02.21-18.25.58:498][  0]LogLoad: Took 0.046661 seconds to LoadMap(/Game/LobbySystem/Levels/LobbyMainMenu)
[2022.02.21-18.25.58:623][  0]LogSlate: Took 0.000223 seconds to synchronously load lazily loaded font '../../../Engine/Content/Slate/Fonts/Roboto-Regular.ttf' (155K)
[2022.02.21-18.25.58:680][  0]LogRenderer: Reallocating scene render targets to support 800x900 Format 10 NumSamples 1 (Frame:1).
[2022.02.21-18.25.58:680][  0]LogInit: Display: Engine is initialized. Leaving FEngineLoop::Init()
[2022.02.21-18.25.58:681][  0]LogLoad: (Engine Initialization) Total time: 7.78 seconds
[2022.02.21-18.25.58:681][  0]LogLoad: (Engine Initialization) Total Blueprint compile time: 0.00 seconds
[2022.02.21-18.25.58:684][  0]LogContentStreaming: Texture pool size now 1000 MB
[2022.02.21-18.25.58:686][  0]LogSlate: InvalidateAllWidgets triggered.  All widgets were invalidated
[2022.02.21-18.25.58:722][  1]LogSlate: Took 0.000173 seconds to synchronously load lazily loaded font '../../../Engine/Content/Slate/Fonts/Roboto-Regular.ttf' (155K)
