Log file open, 02/21/22 15:01:15
LogWindows: Failed to load 'aqProf.dll' (GetLastError=126)
LogWindows: File 'aqProf.dll' does not exist
LogWindows: Failed to load 'VtuneApi.dll' (GetLastError=126)
LogWindows: File 'VtuneApi.dll' does not exist
LogWindows: Failed to load 'VtuneApi32e.dll' (GetLastError=126)
LogWindows: File 'VtuneApi32e.dll' does not exist
LogConsoleResponse: Display: Failed to find resolution value strings in scalability ini. Falling back to default.
LogConsoleResponse: Display: Failed to find resolution value strings in scalability ini. Falling back to default.
LogInit: Display: Running engine for game: GAME259_A_URE
LogPlatformFile: Not using cached read wrapper
LogTaskGraph: Started task graph with 5 named threads and 35 total threads with 3 sets of task threads.
LogStats: Stats thread started at 0.285147
LogICUInternationalization: ICU TimeZone Detection - Raw Offset: -5:00, Platform Override: ''
LogInit: Display: Loading text-based GConfig....
LogPluginManager: Mounting plugin MeshPainting
LogPluginManager: Mounting plugin MegascansPlugin
LogPluginManager: Mounting plugin XGEController
LogPluginManager: Mounting plugin AISupport
LogPluginManager: Mounting plugin Paper2D
LogPluginManager: Mounting plugin EnvironmentQueryEditor
LogPluginManager: Mounting plugin LightPropagationVolume
LogPluginManager: Mounting plugin OodleData
LogPluginManager: Mounting plugin LiveLink
LogPluginManager: Mounting plugin CodeLiteSourceCodeAccess
LogPluginManager: Mounting plugin AnimationSharing
LogPluginManager: Mounting plugin GitSourceControl
LogPluginManager: Mounting plugin OodleNetwork
LogPluginManager: Mounting plugin CLionSourceCodeAccess
LogPluginManager: Mounting plugin KDevelopSourceCodeAccess
LogPluginManager: Mounting plugin PixWinPlugin
LogPluginManager: Mounting plugin NullSourceCodeAccess
LogPluginManager: Mounting plugin PluginUtils
LogPluginManager: Mounting plugin PlasticSourceControl
LogPluginManager: Mounting plugin PerforceSourceControl
LogPluginManager: Mounting plugin PropertyAccessNode
LogPluginManager: Mounting plugin RiderLink
LogPluginManager: Mounting plugin SubversionSourceControl
LogPluginManager: Mounting plugin TextureFormatOodle
LogPluginManager: Mounting plugin AssetManagerEditor
LogPluginManager: Mounting plugin CameraShakePreviewer
LogPluginManager: Mounting plugin UObjectPlugin
LogPluginManager: Mounting plugin GameplayCameras
LogPluginManager: Mounting plugin VisualStudioCodeSourceCodeAccess
LogPluginManager: Mounting plugin XCodeSourceCodeAccess
LogPluginManager: Mounting plugin CryptoKeys
LogPluginManager: Mounting plugin RiderSourceCodeAccess
LogPluginManager: Mounting plugin CurveEditorTools
LogPluginManager: Mounting plugin DataValidation
LogPluginManager: Mounting plugin VisualStudioSourceCodeAccess
LogPluginManager: Mounting plugin EditorScriptingUtilities
LogPluginManager: Mounting plugin GameplayTagsEditor
LogPluginManager: Mounting plugin FacialAnimation
LogPluginManager: Mounting plugin MacGraphicsSwitching
LogPluginManager: Mounting plugin GeometryMode
LogPluginManager: Mounting plugin MobileLauncherProfileWizard
LogPluginManager: Mounting plugin DatasmithContent
LogPluginManager: Mounting plugin MaterialAnalyzer
LogPluginManager: Mounting plugin SpeedTreeImporter
LogPluginManager: Mounting plugin VariantManagerContent
LogPluginManager: Mounting plugin PluginBrowser
LogPluginManager: Mounting plugin AlembicImporter
LogPluginManager: Mounting plugin AutomationUtils
LogPluginManager: Mounting plugin BackChannel
LogPluginManager: Mounting plugin LuminPlatformFeatures
LogPluginManager: Mounting plugin ChaosCloth
LogPluginManager: Mounting plugin ChaosClothEditor
LogPluginManager: Mounting plugin ChaosEditor
LogPluginManager: Mounting plugin ChaosNiagara
LogPluginManager: Mounting plugin MagicLeap
LogPluginManager: Mounting plugin ChaosSolverPlugin
LogPluginManager: Mounting plugin MagicLeapLightEstimation
LogPluginManager: Mounting plugin MagicLeapPassableWorld
LogPluginManager: Mounting plugin MagicLeapMedia
LogPluginManager: Mounting plugin CharacterAI
LogPluginManager: Mounting plugin MLSDK
LogPluginManager: Mounting plugin GeometryCache
LogPluginManager: Mounting plugin Niagara
LogPluginManager: Mounting plugin GeometryProcessing
LogPluginManager: Mounting plugin GeometryCollectionPlugin
LogPluginManager: Mounting plugin MotoSynth
LogPluginManager: Mounting plugin OpenImageDenoise
LogPluginManager: Mounting plugin PlanarCut
LogPluginManager: Mounting plugin ProxyLODPlugin
LogPluginManager: Mounting plugin PythonScriptPlugin
LogPluginManager: Mounting plugin PlatformCrypto
LogPluginManager: Mounting plugin SkeletalReduction
LogPluginManager: Mounting plugin AndroidMedia
LogPluginManager: Mounting plugin AvfMedia
LogPluginManager: Mounting plugin ImgMedia
LogPluginManager: Mounting plugin MediaCompositing
LogPluginManager: Mounting plugin MediaPlayerEditor
LogPluginManager: Mounting plugin UdpMessaging
LogPluginManager: Mounting plugin TcpMessaging
LogPluginManager: Mounting plugin WebMMedia
LogPluginManager: Mounting plugin WmfMedia
LogPluginManager: Mounting plugin ActorSequence
LogPluginManager: Mounting plugin LevelSequenceEditor
LogPluginManager: Mounting plugin MatineeToLevelSequence
LogPluginManager: Mounting plugin TemplateSequence
LogPluginManager: Mounting plugin EOSShared
LogPluginManager: Mounting plugin OnlineSubsystem
LogPluginManager: Mounting plugin OnlineSubsystemNull
LogPluginManager: Mounting plugin OnlineSubsystemSteam
LogPluginManager: Mounting plugin OnlineSubsystemUtils
LogPluginManager: Mounting plugin LauncherChunkInstaller
LogPluginManager: Mounting plugin ActorLayerUtilities
LogPluginManager: Mounting plugin AndroidDeviceProfileSelector
LogPluginManager: Mounting plugin AndroidPermission
LogPluginManager: Mounting plugin AndroidMoviePlayer
LogPluginManager: Mounting plugin AppleImageUtils
LogPluginManager: Mounting plugin AppleMoviePlayer
LogPluginManager: Mounting plugin ArchVisCharacter
LogPluginManager: Mounting plugin AudioCapture
LogPluginManager: Mounting plugin AssetTags
LogPluginManager: Mounting plugin CableComponent
LogPluginManager: Mounting plugin CustomMeshComponent
LogPluginManager: Mounting plugin EditableMesh
LogPluginManager: Mounting plugin AudioSynesthesia
LogPluginManager: Mounting plugin ChunkDownloader
LogPluginManager: Mounting plugin ExampleDeviceProfileSelector
LogPluginManager: Mounting plugin GooglePAD
LogPluginManager: Mounting plugin IOSDeviceProfileSelector
LogPluginManager: Mounting plugin LinuxDeviceProfileSelector
LogPluginManager: Mounting plugin GoogleCloudMessaging
LogPluginManager: Mounting plugin LocationServicesBPLibrary
LogPluginManager: Mounting plugin MobilePatchingUtils
LogPluginManager: Mounting plugin OpenXR
LogPluginManager: Mounting plugin OpenXREyeTracker
LogPluginManager: Mounting plugin OpenXRHandTracking
LogPluginManager: Mounting plugin PhysXVehicles
LogPluginManager: Mounting plugin PostSplashScreen
LogPluginManager: Mounting plugin PropertyAccessEditor
LogPluginManager: Mounting plugin ProceduralMeshComponent
LogPluginManager: Mounting plugin SignificanceManager
LogPluginManager: Mounting plugin SoundFields
LogPluginManager: Mounting plugin RuntimePhysXCooking
LogPluginManager: Mounting plugin Synthesis
LogPluginManager: Mounting plugin WebMMoviePlayer
LogPluginManager: Mounting plugin ScreenshotTools
LogPluginManager: Mounting plugin WindowsMoviePlayer
LogPluginManager: Mounting plugin Takes
LogPluginManager: Mounting plugin ContentBrowserAssetDataSource
LogPluginManager: Mounting plugin ContentBrowserClassDataSource
LogPluginManager: Mounting plugin ContentBrowserFileDataSource
LogPluginManager: Mounting plugin OnlineSubsystemGooglePlay
LogPluginManager: Mounting plugin OnlineSubsystemIOS
LogPluginManager: Mounting plugin EOSVoiceChat
LogPluginManager: Mounting plugin DatabaseSupport
LogPluginManager: Mounting plugin SQLiteSupport
LogPluginManager: Mounting plugin SQLiteCore
LogPluginManager: Mounting plugin OculusVR
LogPluginManager: Mounting plugin SteamShared
PixWinPlugin: PIX capture plugin failed to initialize! Check that the process is launched from PIX.
LogInit: Using libcurl 7.55.1-DEV
LogInit:  - built for x86_64-pc-win32
LogInit:  - supports SSL with OpenSSL/1.1.1
LogInit:  - supports HTTP deflate (compression) using libz 1.2.8
LogInit:  - other features:
LogInit:      CURL_VERSION_SSL
LogInit:      CURL_VERSION_LIBZ
LogInit:      CURL_VERSION_IPV6
LogInit:      CURL_VERSION_ASYNCHDNS
LogInit:      CURL_VERSION_LARGEFILE
LogInit:      CURL_VERSION_IDN
LogInit:  CurlRequestOptions (configurable via config and command line):
LogInit:  - bVerifyPeer = true  - Libcurl will verify peer certificate
LogInit:  - bUseHttpProxy = false  - Libcurl will NOT use HTTP proxy
LogInit:  - bDontReuseConnections = false  - Libcurl will reuse connections
LogInit:  - MaxHostConnections = 16  - Libcurl will limit the number of connections to a host
LogInit:  - LocalHostAddr = Default
LogInit:  - BufferSize = 65536
LogOnline: OSS: Creating online subsystem instance for: NULL
LogInit: WinSock: version 1.1 (2.2), MaxSocks=32767, MaxUdp=65467
LogOnline: OSS: TryLoadSubsystemAndSetDefault: Loaded subsystem for module [NULL]
LogOculusPluginWrapper: OculusPlugin initialized successfully
LogHMD: Failed initializing OVRPlugin 1.59.0
LogInit: Build: ++UE4+Release-4.27-CL-18319896
LogInit: Engine Version: 4.27.2-18319896+++UE4+Release-4.27
LogInit: Compatible Engine Version: 4.27.0-17155196+++UE4+Release-4.27
LogInit: Net CL: 17155196
LogInit: OS: Windows 10 (Release 2009) (), CPU: Intel(R) Core(TM) i7-8700 CPU @ 3.20GHz, GPU: NVIDIA GeForce GTX 1070
LogInit: Compiled (64-bit): Nov 30 2021 07:12:08
LogInit: Compiled with Visual C++: 19.24.28315.00
LogInit: Build Configuration: Development
LogInit: Branch Name: ++UE4+Release-4.27
LogInit: Command Line: -ResX=800 -ResY=900 -WinX=0 -WinY=20 -log -game
LogInit: Base Directory: D:/UE_4.27/Engine/Binaries/Win64/
LogInit: Allocator: TBB
LogInit: Installed Engine Build: 1
LogDevObjectVersion: Number of dev versions registered: 29
LogDevObjectVersion:   Dev-Blueprints (B0D832E4-1F89-4F0D-ACCF-7EB736FD4AA2): 10
LogDevObjectVersion:   Dev-Build (E1C64328-A22C-4D53-A36C-8E866417BD8C): 0
LogDevObjectVersion:   Dev-Core (375EC13C-06E4-48FB-B500-84F0262A717E): 4
LogDevObjectVersion:   Dev-Editor (E4B068ED-F494-42E9-A231-DA0B2E46BB41): 40
LogDevObjectVersion:   Dev-Framework (CFFC743F-43B0-4480-9391-14DF171D2073): 37
LogDevObjectVersion:   Dev-Mobile (B02B49B5-BB20-44E9-A304-32B752E40360): 3
LogDevObjectVersion:   Dev-Networking (A4E4105C-59A1-49B5-A7C5-40C4547EDFEE): 0
LogDevObjectVersion:   Dev-Online (39C831C9-5AE6-47DC-9A44-9C173E1C8E7C): 0
LogDevObjectVersion:   Dev-Physics (78F01B33-EBEA-4F98-B9B4-84EACCB95AA2): 14
LogDevObjectVersion:   Dev-Platform (6631380F-2D4D-43E0-8009-CF276956A95A): 0
LogDevObjectVersion:   Dev-Rendering (12F88B9F-8875-4AFC-A67C-D90C383ABD29): 45
LogDevObjectVersion:   Dev-Sequencer (7B5AE74C-D270-4C10-A958-57980B212A5A): 13
LogDevObjectVersion:   Dev-VR (D7296918-1DD6-4BDD-9DE2-64A83CC13884): 3
LogDevObjectVersion:   Dev-LoadTimes (C2A15278-BFE7-4AFE-6C17-90FF531DF755): 1
LogDevObjectVersion:   Private-Geometry (6EACA3D4-40EC-4CC1-B786-8BED09428FC5): 3
LogDevObjectVersion:   Dev-AnimPhys (29E575DD-E0A3-4627-9D10-D276232CDCEA): 17
LogDevObjectVersion:   Dev-Anim (AF43A65D-7FD3-4947-9873-3E8ED9C1BB05): 15
LogDevObjectVersion:   Dev-ReflectionCapture (6B266CEC-1EC7-4B8F-A30B-E4D90942FC07): 1
LogDevObjectVersion:   Dev-Automation (0DF73D61-A23F-47EA-B727-89E90C41499A): 1
LogDevObjectVersion:   FortniteMain (601D1886-AC64-4F84-AA16-D3DE0DEAC7D6): 47
LogDevObjectVersion:   FortniteRelease (E7086368-6B23-4C58-8439-1B7016265E91): 1
LogDevObjectVersion:   Dev-Enterprise (9DFFBCD6-494F-0158-E221-12823C92A888): 10
LogDevObjectVersion:   Dev-Niagara (F2AED0AC-9AFE-416F-8664-AA7FFA26D6FC): 1
LogDevObjectVersion:   Dev-Destruction (174F1F0B-B4C6-45A5-B13F-2EE8D0FB917D): 10
LogDevObjectVersion:   Dev-Physics-Ext (35F94A83-E258-406C-A318-09F59610247C): 41
LogDevObjectVersion:   Dev-PhysicsMaterial-Chaos (B68FC16E-8B1B-42E2-B453-215C058844FE): 1
LogDevObjectVersion:   Dev-CineCamera (B2E18506-4273-CFC2-A54E-F4BB758BBA07): 1
LogDevObjectVersion:   Dev-VirtualProduction (64F58936-FD1B-42BA-BA96-7289D5D0FA4E): 1
LogDevObjectVersion:   Dev-MediaFramework (6F0ED827-A609-4895-9C91-998D90180EA4): 2
LogInit: Presizing for max 25165824 objects, including 0 objects not considered by GC, pre-allocating 0 bytes for permanent pool.
LogConfig: Applying CVar settings from Section [/Script/Engine.StreamingSettings] File [D:/GitHub/GAME259-2022-A/GAME259_A_URE/Saved/Config/Windows/Engine.ini]
LogConfig: Setting CVar [[s.MinBulkDataSizeForAsyncLoading:131072]]
LogConfig: Setting CVar [[s.AsyncLoadingThreadEnabled:0]]
LogConfig: Setting CVar [[s.EventDrivenLoaderEnabled:1]]
LogConfig: Setting CVar [[s.WarnIfTimeLimitExceeded:0]]
LogConfig: Setting CVar [[s.TimeLimitExceededMultiplier:1.5]]
LogConfig: Setting CVar [[s.TimeLimitExceededMinTime:0.005]]
LogConfig: Setting CVar [[s.UseBackgroundLevelStreaming:1]]
LogConfig: Setting CVar [[s.PriorityAsyncLoadingExtraTime:15.0]]
LogConfig: Setting CVar [[s.LevelStreamingActorsUpdateTimeLimit:5.0]]
LogConfig: Setting CVar [[s.PriorityLevelStreamingActorsUpdateExtraTime:5.0]]
LogConfig: Setting CVar [[s.LevelStreamingComponentsRegistrationGranularity:10]]
LogConfig: Setting CVar [[s.UnregisterComponentsTimeLimit:1.0]]
LogConfig: Setting CVar [[s.LevelStreamingComponentsUnregistrationGranularity:5]]
LogConfig: Setting CVar [[s.FlushStreamingOnExit:1]]
LogInit: Object subsystem initialized
LogConfig: Setting CVar [[con.DebugEarlyDefault:1]]
LogConfig: Setting CVar [[r.setres:1280x720]]
[2022.02.21-20.01.17:203][  0]LogConfig: Setting CVar [[con.DebugEarlyDefault:1]]
[2022.02.21-20.01.17:204][  0]LogConfig: Setting CVar [[r.setres:1280x720]]
[2022.02.21-20.01.17:204][  0]LogConfig: Applying CVar settings from Section [/Script/Engine.RendererSettings] File [D:/GitHub/GAME259-2022-A/GAME259_A_URE/Saved/Config/Windows/Engine.ini]
[2022.02.21-20.01.17:205][  0]LogConfig: Setting CVar [[r.GPUCrashDebugging:0]]
[2022.02.21-20.01.17:205][  0]LogConfig: Applying CVar settings from Section [/Script/Engine.RendererOverrideSettings] File [D:/GitHub/GAME259-2022-A/GAME259_A_URE/Saved/Config/Windows/Engine.ini]
[2022.02.21-20.01.17:205][  0]LogConfig: Applying CVar settings from Section [/Script/Engine.StreamingSettings] File [D:/GitHub/GAME259-2022-A/GAME259_A_URE/Saved/Config/Windows/Engine.ini]
[2022.02.21-20.01.17:206][  0]LogConfig: Setting CVar [[s.MinBulkDataSizeForAsyncLoading:131072]]
[2022.02.21-20.01.17:206][  0]LogConfig: Setting CVar [[s.AsyncLoadingThreadEnabled:0]]
[2022.02.21-20.01.17:207][  0]LogConfig: Setting CVar [[s.EventDrivenLoaderEnabled:1]]
[2022.02.21-20.01.17:208][  0]LogConfig: Setting CVar [[s.WarnIfTimeLimitExceeded:0]]
[2022.02.21-20.01.17:208][  0]LogConfig: Setting CVar [[s.TimeLimitExceededMultiplier:1.5]]
[2022.02.21-20.01.17:209][  0]LogConfig: Setting CVar [[s.TimeLimitExceededMinTime:0.005]]
[2022.02.21-20.01.17:209][  0]LogConfig: Setting CVar [[s.UseBackgroundLevelStreaming:1]]
[2022.02.21-20.01.17:210][  0]LogConfig: Setting CVar [[s.PriorityAsyncLoadingExtraTime:15.0]]
[2022.02.21-20.01.17:214][  0]LogConfig: Setting CVar [[s.LevelStreamingActorsUpdateTimeLimit:5.0]]
[2022.02.21-20.01.17:215][  0]LogConfig: Setting CVar [[s.PriorityLevelStreamingActorsUpdateExtraTime:5.0]]
[2022.02.21-20.01.17:215][  0]LogConfig: Setting CVar [[s.LevelStreamingComponentsRegistrationGranularity:10]]
[2022.02.21-20.01.17:216][  0]LogConfig: Setting CVar [[s.UnregisterComponentsTimeLimit:1.0]]
[2022.02.21-20.01.17:216][  0]LogConfig: Setting CVar [[s.LevelStreamingComponentsUnregistrationGranularity:5]]
[2022.02.21-20.01.17:217][  0]LogConfig: Setting CVar [[s.FlushStreamingOnExit:1]]
[2022.02.21-20.01.17:218][  0]LogConfig: Applying CVar settings from Section [/Script/Engine.GarbageCollectionSettings] File [D:/GitHub/GAME259-2022-A/GAME259_A_URE/Saved/Config/Windows/Engine.ini]
[2022.02.21-20.01.17:218][  0]LogConfig: Setting CVar [[gc.MaxObjectsNotConsideredByGC:1]]
[2022.02.21-20.01.17:219][  0]LogConfig: Setting CVar [[gc.SizeOfPermanentObjectPool:0]]
[2022.02.21-20.01.17:219][  0]LogConfig: Setting CVar [[gc.FlushStreamingOnGC:0]]
[2022.02.21-20.01.17:219][  0]LogConfig: Setting CVar [[gc.NumRetriesBeforeForcingGC:10]]
[2022.02.21-20.01.17:220][  0]LogConfig: Setting CVar [[gc.AllowParallelGC:1]]
[2022.02.21-20.01.17:220][  0]LogConfig: Setting CVar [[gc.TimeBetweenPurgingPendingKillObjects:61.1]]
[2022.02.21-20.01.17:220][  0]LogConfig: Setting CVar [[gc.MaxObjectsInEditor:25165824]]
[2022.02.21-20.01.17:221][  0]LogConfig: Setting CVar [[gc.IncrementalBeginDestroyEnabled:1]]
[2022.02.21-20.01.17:221][  0]LogConfig: Setting CVar [[gc.CreateGCClusters:1]]
[2022.02.21-20.01.17:221][  0]LogConfig: Setting CVar [[gc.MinGCClusterSize:5]]
[2022.02.21-20.01.17:222][  0]LogConfig: Setting CVar [[gc.ActorClusteringEnabled:0]]
[2022.02.21-20.01.17:226][  0]LogConfig: Setting CVar [[gc.BlueprintClusteringEnabled:0]]
[2022.02.21-20.01.17:226][  0]LogConfig: Setting CVar [[gc.UseDisregardForGCOnDedicatedServers:0]]
[2022.02.21-20.01.17:227][  0]LogConfig: Setting CVar [[gc.MultithreadedDestructionEnabled:1]]
[2022.02.21-20.01.17:227][  0]LogConfig: Applying CVar settings from Section [/Script/Engine.NetworkSettings] File [D:/GitHub/GAME259-2022-A/GAME259_A_URE/Saved/Config/Windows/Engine.ini]
[2022.02.21-20.01.17:228][  0]LogConfig: Applying CVar settings from Section [/Script/UnrealEd.CookerSettings] File [D:/GitHub/GAME259-2022-A/GAME259_A_URE/Saved/Config/Windows/Engine.ini]
[2022.02.21-20.01.17:268][  0]LogConfig: Applying CVar settings from Section [ViewDistanceQuality@3] File [D:/GitHub/GAME259-2022-A/GAME259_A_URE/Saved/Config/Windows/Scalability.ini]
[2022.02.21-20.01.17:268][  0]LogConfig: Setting CVar [[r.SkeletalMeshLODBias:0]]
[2022.02.21-20.01.17:270][  0]LogConfig: Setting CVar [[r.ViewDistanceScale:1.0]]
[2022.02.21-20.01.17:270][  0]LogConfig: Applying CVar settings from Section [AntiAliasingQuality@3] File [D:/GitHub/GAME259-2022-A/GAME259_A_URE/Saved/Config/Windows/Scalability.ini]
[2022.02.21-20.01.17:271][  0]LogConfig: Setting CVar [[r.PostProcessAAQuality:4]]
[2022.02.21-20.01.17:271][  0]LogConfig: Applying CVar settings from Section [ShadowQuality@3] File [D:/GitHub/GAME259-2022-A/GAME259_A_URE/Saved/Config/Windows/Scalability.ini]
[2022.02.21-20.01.17:272][  0]LogConfig: Setting CVar [[r.LightFunctionQuality:1]]
[2022.02.21-20.01.17:272][  0]LogConfig: Setting CVar [[r.ShadowQuality:5]]
[2022.02.21-20.01.17:273][  0]LogConfig: Setting CVar [[r.Shadow.CSM.MaxCascades:10]]
[2022.02.21-20.01.17:273][  0]LogConfig: Setting CVar [[r.Shadow.MaxResolution:2048]]
[2022.02.21-20.01.17:273][  0]LogConfig: Setting CVar [[r.Shadow.MaxCSMResolution:2048]]
[2022.02.21-20.01.17:274][  0]LogConfig: Setting CVar [[r.Shadow.RadiusThreshold:0.01]]
[2022.02.21-20.01.17:274][  0]LogConfig: Setting CVar [[r.Shadow.DistanceScale:1.0]]
[2022.02.21-20.01.17:274][  0]LogConfig: Setting CVar [[r.Shadow.CSM.TransitionScale:1.0]]
[2022.02.21-20.01.17:275][  0]LogConfig: Setting CVar [[r.Shadow.PreShadowResolutionFactor:1.0]]
[2022.02.21-20.01.17:275][  0]LogConfig: Setting CVar [[r.DistanceFieldShadowing:1]]
[2022.02.21-20.01.17:276][  0]LogConfig: Setting CVar [[r.DistanceFieldAO:1]]
[2022.02.21-20.01.17:276][  0]LogConfig: Setting CVar [[r.AOQuality:2]]
[2022.02.21-20.01.17:277][  0]LogConfig: Setting CVar [[r.VolumetricFog:1]]
[2022.02.21-20.01.17:277][  0]LogConfig: Setting CVar [[r.VolumetricFog.GridPixelSize:8]]
[2022.02.21-20.01.17:278][  0]LogConfig: Setting CVar [[r.VolumetricFog.GridSizeZ:128]]
[2022.02.21-20.01.17:284][  0]LogConfig: Setting CVar [[r.VolumetricFog.HistoryMissSupersampleCount:4]]
[2022.02.21-20.01.17:286][  0]LogConfig: Setting CVar [[r.LightMaxDrawDistanceScale:1]]
[2022.02.21-20.01.17:286][  0]LogConfig: Setting CVar [[r.CapsuleShadows:1]]
[2022.02.21-20.01.17:288][  0]LogConfig: Applying CVar settings from Section [PostProcessQuality@3] File [D:/GitHub/GAME259-2022-A/GAME259_A_URE/Saved/Config/Windows/Scalability.ini]
[2022.02.21-20.01.17:288][  0]LogConfig: Setting CVar [[r.MotionBlurQuality:4]]
[2022.02.21-20.01.17:288][  0]LogConfig: Setting CVar [[r.AmbientOcclusionMipLevelFactor:0.4]]
[2022.02.21-20.01.17:289][  0]LogConfig: Setting CVar [[r.AmbientOcclusionMaxQuality:100]]
[2022.02.21-20.01.17:290][  0]LogConfig: Setting CVar [[r.AmbientOcclusionLevels:-1]]
[2022.02.21-20.01.17:291][  0]LogConfig: Setting CVar [[r.AmbientOcclusionRadiusScale:1.0]]
[2022.02.21-20.01.17:295][  0]LogConfig: Setting CVar [[r.DepthOfFieldQuality:2]]
[2022.02.21-20.01.17:296][  0]LogConfig: Setting CVar [[r.RenderTargetPoolMin:400]]
[2022.02.21-20.01.17:297][  0]LogConfig: Setting CVar [[r.LensFlareQuality:2]]
[2022.02.21-20.01.17:298][  0]LogConfig: Setting CVar [[r.SceneColorFringeQuality:1]]
[2022.02.21-20.01.17:299][  0]LogConfig: Setting CVar [[r.EyeAdaptationQuality:2]]
[2022.02.21-20.01.17:299][  0]LogConfig: Setting CVar [[r.BloomQuality:5]]
[2022.02.21-20.01.17:300][  0]LogConfig: Setting CVar [[r.FastBlurThreshold:100]]
[2022.02.21-20.01.17:301][  0]LogConfig: Setting CVar [[r.Upscale.Quality:3]]
[2022.02.21-20.01.17:302][  0]LogConfig: Setting CVar [[r.Tonemapper.GrainQuantization:1]]
[2022.02.21-20.01.17:303][  0]LogConfig: Setting CVar [[r.LightShaftQuality:1]]
[2022.02.21-20.01.17:308][  0]LogConfig: Setting CVar [[r.Filter.SizeScale:1]]
[2022.02.21-20.01.17:309][  0]LogConfig: Setting CVar [[r.Tonemapper.Quality:5]]
[2022.02.21-20.01.17:309][  0]LogConfig: Setting CVar [[r.DOF.Gather.AccumulatorQuality:1        ; higher gathering accumulator quality]]
[2022.02.21-20.01.17:310][  0]LogConfig: Setting CVar [[r.DOF.Gather.PostfilterMethod:1          ; Median3x3 postfilering method]]
[2022.02.21-20.01.17:310][  0]LogConfig: Setting CVar [[r.DOF.Gather.EnableBokehSettings:0       ; no bokeh simulation when gathering]]
[2022.02.21-20.01.17:312][  0]LogConfig: Setting CVar [[r.DOF.Gather.RingCount:4                 ; medium number of samples when gathering]]
[2022.02.21-20.01.17:312][  0]LogConfig: Setting CVar [[r.DOF.Scatter.ForegroundCompositing:1    ; additive foreground scattering]]
[2022.02.21-20.01.17:314][  0]LogConfig: Setting CVar [[r.DOF.Scatter.BackgroundCompositing:2    ; additive background scattering]]
[2022.02.21-20.01.17:316][  0]LogConfig: Setting CVar [[r.DOF.Scatter.EnableBokehSettings:1      ; bokeh simulation when scattering]]
[2022.02.21-20.01.17:320][  0]LogConfig: Setting CVar [[r.DOF.Scatter.MaxSpriteRatio:0.1         ; only a maximum of 10% of scattered bokeh]]
[2022.02.21-20.01.17:320][  0]LogConfig: Setting CVar [[r.DOF.Recombine.Quality:1                ; cheap slight out of focus]]
[2022.02.21-20.01.17:321][  0]LogConfig: Setting CVar [[r.DOF.Recombine.EnableBokehSettings:0    ; no bokeh simulation on slight out of focus]]
[2022.02.21-20.01.17:321][  0]LogConfig: Setting CVar [[r.DOF.TemporalAAQuality:1                ; more stable temporal accumulation]]
[2022.02.21-20.01.17:322][  0]LogConfig: Setting CVar [[r.DOF.Kernel.MaxForegroundRadius:0.025]]
[2022.02.21-20.01.17:323][  0]LogConfig: Setting CVar [[r.DOF.Kernel.MaxBackgroundRadius:0.025]]
[2022.02.21-20.01.17:323][  0]LogConfig: Applying CVar settings from Section [TextureQuality@3] File [D:/GitHub/GAME259-2022-A/GAME259_A_URE/Saved/Config/Windows/Scalability.ini]
[2022.02.21-20.01.17:323][  0]LogConfig: Setting CVar [[r.Streaming.MipBias:0]]
[2022.02.21-20.01.17:324][  0]LogConfig: Setting CVar [[r.Streaming.AmortizeCPUToGPUCopy:0]]
[2022.02.21-20.01.17:324][  0]LogConfig: Setting CVar [[r.Streaming.MaxNumTexturesToStreamPerFrame:0]]
[2022.02.21-20.01.17:325][  0]LogConfig: Setting CVar [[r.Streaming.Boost:1]]
[2022.02.21-20.01.17:325][  0]LogConfig: Setting CVar [[r.MaxAnisotropy:8]]
[2022.02.21-20.01.17:326][  0]LogConfig: Setting CVar [[r.VT.MaxAnisotropy:8]]
[2022.02.21-20.01.17:327][  0]LogConfig: Setting CVar [[r.Streaming.LimitPoolSizeToVRAM:0]]
[2022.02.21-20.01.17:327][  0]LogConfig: Setting CVar [[r.Streaming.PoolSize:1000]]
[2022.02.21-20.01.17:328][  0]LogConfig: Setting CVar [[r.Streaming.MaxEffectiveScreenSize:0]]
[2022.02.21-20.01.17:332][  0]LogConfig: Applying CVar settings from Section [EffectsQuality@3] File [D:/GitHub/GAME259-2022-A/GAME259_A_URE/Saved/Config/Windows/Scalability.ini]
[2022.02.21-20.01.17:333][  0]LogConfig: Setting CVar [[r.TranslucencyLightingVolumeDim:64]]
[2022.02.21-20.01.17:334][  0]LogConfig: Setting CVar [[r.RefractionQuality:2]]
[2022.02.21-20.01.17:334][  0]LogConfig: Setting CVar [[r.SSR.Quality:3]]
[2022.02.21-20.01.17:336][  0]LogConfig: Setting CVar [[r.SSR.HalfResSceneColor:0]]
[2022.02.21-20.01.17:336][  0]LogConfig: Setting CVar [[r.SceneColorFormat:4]]
[2022.02.21-20.01.17:336][  0]LogConfig: Setting CVar [[r.DetailMode:2]]
[2022.02.21-20.01.17:337][  0]LogConfig: Setting CVar [[r.TranslucencyVolumeBlur:1]]
[2022.02.21-20.01.17:338][  0]LogConfig: Setting CVar [[r.MaterialQualityLevel:1 ; High quality]]
[2022.02.21-20.01.17:338][  0]LogConfig: Setting CVar [[r.AnisotropicMaterials:1]]
[2022.02.21-20.01.17:339][  0]LogConfig: Setting CVar [[r.SSS.Scale:1]]
[2022.02.21-20.01.17:339][  0]LogConfig: Setting CVar [[r.SSS.SampleSet:2]]
[2022.02.21-20.01.17:339][  0]LogConfig: Setting CVar [[r.SSS.Quality:1]]
[2022.02.21-20.01.17:340][  0]LogConfig: Setting CVar [[r.SSS.HalfRes:0]]
[2022.02.21-20.01.17:341][  0]LogConfig: Setting CVar [[r.SSGI.Quality:3]]
[2022.02.21-20.01.17:346][  0]LogConfig: Setting CVar [[r.EmitterSpawnRateScale:1.0]]
[2022.02.21-20.01.17:347][  0]LogConfig: Setting CVar [[r.ParticleLightQuality:2]]
[2022.02.21-20.01.17:348][  0]LogConfig: Setting CVar [[r.SkyAtmosphere.AerialPerspectiveLUT.FastApplyOnOpaque:1 ; Always have FastSkyLUT 1 in this case to avoid wrong sky]]
[2022.02.21-20.01.17:349][  0]LogConfig: Setting CVar [[r.SkyAtmosphere.AerialPerspectiveLUT.SampleCountMaxPerSlice:4]]
[2022.02.21-20.01.17:349][  0]LogConfig: Setting CVar [[r.SkyAtmosphere.AerialPerspectiveLUT.DepthResolution:16.0]]
[2022.02.21-20.01.17:350][  0]LogConfig: Setting CVar [[r.SkyAtmosphere.FastSkyLUT:1]]
[2022.02.21-20.01.17:351][  0]LogConfig: Setting CVar [[r.SkyAtmosphere.FastSkyLUT.SampleCountMin:4.0]]
[2022.02.21-20.01.17:351][  0]LogConfig: Setting CVar [[r.SkyAtmosphere.FastSkyLUT.SampleCountMax:128.0]]
[2022.02.21-20.01.17:352][  0]LogConfig: Setting CVar [[r.SkyAtmosphere.SampleCountMin:4.0]]
[2022.02.21-20.01.17:353][  0]LogConfig: Setting CVar [[r.SkyAtmosphere.SampleCountMax:128.0]]
[2022.02.21-20.01.17:353][  0]LogConfig: Setting CVar [[r.SkyAtmosphere.TransmittanceLUT.UseSmallFormat:0]]
[2022.02.21-20.01.17:354][  0]LogConfig: Setting CVar [[r.SkyAtmosphere.TransmittanceLUT.SampleCount:10.0]]
[2022.02.21-20.01.17:357][  0]LogConfig: Setting CVar [[r.SkyAtmosphere.MultiScatteringLUT.SampleCount:15.0]]
[2022.02.21-20.01.17:358][  0]LogConfig: Setting CVar [[r.SkyLight.RealTimeReflectionCapture:1]]
[2022.02.21-20.01.17:359][  0]LogConfig: Applying CVar settings from Section [FoliageQuality@3] File [D:/GitHub/GAME259-2022-A/GAME259_A_URE/Saved/Config/Windows/Scalability.ini]
[2022.02.21-20.01.17:359][  0]LogConfig: Setting CVar [[foliage.DensityScale:1.0]]
[2022.02.21-20.01.17:359][  0]LogConfig: Setting CVar [[grass.DensityScale:1.0]]
[2022.02.21-20.01.17:361][  0]LogConfig: Applying CVar settings from Section [ShadingQuality@3] File [D:/GitHub/GAME259-2022-A/GAME259_A_URE/Saved/Config/Windows/Scalability.ini]
[2022.02.21-20.01.17:361][  0]LogConfig: Setting CVar [[r.HairStrands.SkyLighting.IntegrationType:2]]
[2022.02.21-20.01.17:362][  0]LogConfig: Setting CVar [[r.HairStrands.SkyAO.SampleCount:4]]
[2022.02.21-20.01.17:363][  0]LogConfig: Setting CVar [[r.HairStrands.Visibility.MSAA.SamplePerPixel:4]]
[2022.02.21-20.01.17:364][  0]LogInit: Selected Device Profile: [Windows]
[2022.02.21-20.01.17:364][  0]LogInit: Applying CVar settings loaded from the selected device profile: [Windows]
[2022.02.21-20.01.17:366][  0]LogHAL: Display: Platform has ~ 16 GB [17065410560 / 17179869184 / 16], which maps to Larger [LargestMinGB=32, LargerMinGB=12, DefaultMinGB=8, SmallerMinGB=6, SmallestMinGB=0)
[2022.02.21-20.01.17:369][  0]LogInit: Going up to parent DeviceProfile []
[2022.02.21-20.01.17:370][  0]LogConfig: Applying CVar settings from Section [ViewDistanceQuality@3] File [D:/GitHub/GAME259-2022-A/GAME259_A_URE/Saved/Config/Windows/Scalability.ini]
[2022.02.21-20.01.17:370][  0]LogConfig: Setting CVar [[r.SkeletalMeshLODBias:0]]
[2022.02.21-20.01.17:371][  0]LogConfig: Setting CVar [[r.ViewDistanceScale:1.0]]
[2022.02.21-20.01.17:372][  0]LogConfig: Applying CVar settings from Section [AntiAliasingQuality@3] File [D:/GitHub/GAME259-2022-A/GAME259_A_URE/Saved/Config/Windows/Scalability.ini]
[2022.02.21-20.01.17:373][  0]LogConfig: Setting CVar [[r.PostProcessAAQuality:4]]
[2022.02.21-20.01.17:373][  0]LogConfig: Applying CVar settings from Section [ShadowQuality@3] File [D:/GitHub/GAME259-2022-A/GAME259_A_URE/Saved/Config/Windows/Scalability.ini]
[2022.02.21-20.01.17:374][  0]LogConfig: Setting CVar [[r.LightFunctionQuality:1]]
[2022.02.21-20.01.17:374][  0]LogConfig: Setting CVar [[r.ShadowQuality:5]]
[2022.02.21-20.01.17:374][  0]LogConfig: Setting CVar [[r.Shadow.CSM.MaxCascades:10]]
[2022.02.21-20.01.17:375][  0]LogConfig: Setting CVar [[r.Shadow.MaxResolution:2048]]
[2022.02.21-20.01.17:375][  0]LogConfig: Setting CVar [[r.Shadow.MaxCSMResolution:2048]]
[2022.02.21-20.01.17:376][  0]LogConfig: Setting CVar [[r.Shadow.RadiusThreshold:0.01]]
[2022.02.21-20.01.17:376][  0]LogConfig: Setting CVar [[r.Shadow.DistanceScale:1.0]]
[2022.02.21-20.01.17:377][  0]LogConfig: Setting CVar [[r.Shadow.CSM.TransitionScale:1.0]]
[2022.02.21-20.01.17:377][  0]LogConfig: Setting CVar [[r.Shadow.PreShadowResolutionFactor:1.0]]
[2022.02.21-20.01.17:378][  0]LogConfig: Setting CVar [[r.DistanceFieldShadowing:1]]
[2022.02.21-20.01.17:383][  0]LogConfig: Setting CVar [[r.DistanceFieldAO:1]]
[2022.02.21-20.01.17:384][  0]LogConfig: Setting CVar [[r.AOQuality:2]]
[2022.02.21-20.01.17:384][  0]LogConfig: Setting CVar [[r.VolumetricFog:1]]
[2022.02.21-20.01.17:385][  0]LogConfig: Setting CVar [[r.VolumetricFog.GridPixelSize:8]]
[2022.02.21-20.01.17:385][  0]LogConfig: Setting CVar [[r.VolumetricFog.GridSizeZ:128]]
[2022.02.21-20.01.17:386][  0]LogConfig: Setting CVar [[r.VolumetricFog.HistoryMissSupersampleCount:4]]
[2022.02.21-20.01.17:386][  0]LogConfig: Setting CVar [[r.LightMaxDrawDistanceScale:1]]
[2022.02.21-20.01.17:386][  0]LogConfig: Setting CVar [[r.CapsuleShadows:1]]
[2022.02.21-20.01.17:387][  0]LogConfig: Applying CVar settings from Section [PostProcessQuality@3] File [D:/GitHub/GAME259-2022-A/GAME259_A_URE/Saved/Config/Windows/Scalability.ini]
[2022.02.21-20.01.17:387][  0]LogConfig: Setting CVar [[r.MotionBlurQuality:4]]
[2022.02.21-20.01.17:387][  0]LogConfig: Setting CVar [[r.AmbientOcclusionMipLevelFactor:0.4]]
[2022.02.21-20.01.17:388][  0]LogConfig: Setting CVar [[r.AmbientOcclusionMaxQuality:100]]
[2022.02.21-20.01.17:389][  0]LogConfig: Setting CVar [[r.AmbientOcclusionLevels:-1]]
[2022.02.21-20.01.17:389][  0]LogConfig: Setting CVar [[r.AmbientOcclusionRadiusScale:1.0]]
[2022.02.21-20.01.17:389][  0]LogConfig: Setting CVar [[r.DepthOfFieldQuality:2]]
[2022.02.21-20.01.17:390][  0]LogConfig: Setting CVar [[r.RenderTargetPoolMin:400]]
[2022.02.21-20.01.17:394][  0]LogConfig: Setting CVar [[r.LensFlareQuality:2]]
[2022.02.21-20.01.17:395][  0]LogConfig: Setting CVar [[r.SceneColorFringeQuality:1]]
[2022.02.21-20.01.17:395][  0]LogConfig: Setting CVar [[r.EyeAdaptationQuality:2]]
[2022.02.21-20.01.17:395][  0]LogConfig: Setting CVar [[r.BloomQuality:5]]
[2022.02.21-20.01.17:396][  0]LogConfig: Setting CVar [[r.FastBlurThreshold:100]]
[2022.02.21-20.01.17:397][  0]LogConfig: Setting CVar [[r.Upscale.Quality:3]]
[2022.02.21-20.01.17:397][  0]LogConfig: Setting CVar [[r.Tonemapper.GrainQuantization:1]]
[2022.02.21-20.01.17:398][  0]LogConfig: Setting CVar [[r.LightShaftQuality:1]]
[2022.02.21-20.01.17:398][  0]LogConfig: Setting CVar [[r.Filter.SizeScale:1]]
[2022.02.21-20.01.17:398][  0]LogConfig: Setting CVar [[r.Tonemapper.Quality:5]]
[2022.02.21-20.01.17:399][  0]LogConfig: Setting CVar [[r.DOF.Gather.AccumulatorQuality:1        ; higher gathering accumulator quality]]
[2022.02.21-20.01.17:400][  0]LogConfig: Setting CVar [[r.DOF.Gather.PostfilterMethod:1          ; Median3x3 postfilering method]]
[2022.02.21-20.01.17:400][  0]LogConfig: Setting CVar [[r.DOF.Gather.EnableBokehSettings:0       ; no bokeh simulation when gathering]]
[2022.02.21-20.01.17:401][  0]LogConfig: Setting CVar [[r.DOF.Gather.RingCount:4                 ; medium number of samples when gathering]]
[2022.02.21-20.01.17:401][  0]LogConfig: Setting CVar [[r.DOF.Scatter.ForegroundCompositing:1    ; additive foreground scattering]]
[2022.02.21-20.01.17:401][  0]LogConfig: Setting CVar [[r.DOF.Scatter.BackgroundCompositing:2    ; additive background scattering]]
[2022.02.21-20.01.17:402][  0]LogConfig: Setting CVar [[r.DOF.Scatter.EnableBokehSettings:1      ; bokeh simulation when scattering]]
[2022.02.21-20.01.17:402][  0]LogConfig: Setting CVar [[r.DOF.Scatter.MaxSpriteRatio:0.1         ; only a maximum of 10% of scattered bokeh]]
[2022.02.21-20.01.17:402][  0]LogConfig: Setting CVar [[r.DOF.Recombine.Quality:1                ; cheap slight out of focus]]
[2022.02.21-20.01.17:403][  0]LogConfig: Setting CVar [[r.DOF.Recombine.EnableBokehSettings:0    ; no bokeh simulation on slight out of focus]]
[2022.02.21-20.01.17:407][  0]LogConfig: Setting CVar [[r.DOF.TemporalAAQuality:1                ; more stable temporal accumulation]]
[2022.02.21-20.01.17:407][  0]LogConfig: Setting CVar [[r.DOF.Kernel.MaxForegroundRadius:0.025]]
[2022.02.21-20.01.17:407][  0]LogConfig: Setting CVar [[r.DOF.Kernel.MaxBackgroundRadius:0.025]]
[2022.02.21-20.01.17:408][  0]LogConfig: Applying CVar settings from Section [TextureQuality@3] File [D:/GitHub/GAME259-2022-A/GAME259_A_URE/Saved/Config/Windows/Scalability.ini]
[2022.02.21-20.01.17:408][  0]LogConfig: Setting CVar [[r.Streaming.MipBias:0]]
[2022.02.21-20.01.17:409][  0]LogConfig: Setting CVar [[r.Streaming.AmortizeCPUToGPUCopy:0]]
[2022.02.21-20.01.17:409][  0]LogConfig: Setting CVar [[r.Streaming.MaxNumTexturesToStreamPerFrame:0]]
[2022.02.21-20.01.17:410][  0]LogConfig: Setting CVar [[r.Streaming.Boost:1]]
[2022.02.21-20.01.17:410][  0]LogConfig: Setting CVar [[r.MaxAnisotropy:8]]
[2022.02.21-20.01.17:411][  0]LogConfig: Setting CVar [[r.VT.MaxAnisotropy:8]]
[2022.02.21-20.01.17:411][  0]LogConfig: Setting CVar [[r.Streaming.LimitPoolSizeToVRAM:0]]
[2022.02.21-20.01.17:411][  0]LogConfig: Setting CVar [[r.Streaming.PoolSize:1000]]
[2022.02.21-20.01.17:412][  0]LogConfig: Setting CVar [[r.Streaming.MaxEffectiveScreenSize:0]]
[2022.02.21-20.01.17:412][  0]LogConfig: Applying CVar settings from Section [EffectsQuality@3] File [D:/GitHub/GAME259-2022-A/GAME259_A_URE/Saved/Config/Windows/Scalability.ini]
[2022.02.21-20.01.17:412][  0]LogConfig: Setting CVar [[r.TranslucencyLightingVolumeDim:64]]
[2022.02.21-20.01.17:413][  0]LogConfig: Setting CVar [[r.RefractionQuality:2]]
[2022.02.21-20.01.17:414][  0]LogConfig: Setting CVar [[r.SSR.Quality:3]]
[2022.02.21-20.01.17:414][  0]LogConfig: Setting CVar [[r.SSR.HalfResSceneColor:0]]
[2022.02.21-20.01.17:414][  0]LogConfig: Setting CVar [[r.SceneColorFormat:4]]
[2022.02.21-20.01.17:416][  0]LogConfig: Setting CVar [[r.DetailMode:2]]
[2022.02.21-20.01.17:419][  0]LogConfig: Setting CVar [[r.TranslucencyVolumeBlur:1]]
[2022.02.21-20.01.17:419][  0]LogConfig: Setting CVar [[r.MaterialQualityLevel:1 ; High quality]]
[2022.02.21-20.01.17:420][  0]LogConfig: Setting CVar [[r.AnisotropicMaterials:1]]
[2022.02.21-20.01.17:420][  0]LogConfig: Setting CVar [[r.SSS.Scale:1]]
[2022.02.21-20.01.17:420][  0]LogConfig: Setting CVar [[r.SSS.SampleSet:2]]
[2022.02.21-20.01.17:421][  0]LogConfig: Setting CVar [[r.SSS.Quality:1]]
[2022.02.21-20.01.17:421][  0]LogConfig: Setting CVar [[r.SSS.HalfRes:0]]
[2022.02.21-20.01.17:422][  0]LogConfig: Setting CVar [[r.SSGI.Quality:3]]
[2022.02.21-20.01.17:423][  0]LogConfig: Setting CVar [[r.EmitterSpawnRateScale:1.0]]
[2022.02.21-20.01.17:423][  0]LogConfig: Setting CVar [[r.ParticleLightQuality:2]]
[2022.02.21-20.01.17:424][  0]LogConfig: Setting CVar [[r.SkyAtmosphere.AerialPerspectiveLUT.FastApplyOnOpaque:1 ; Always have FastSkyLUT 1 in this case to avoid wrong sky]]
[2022.02.21-20.01.17:424][  0]LogConfig: Setting CVar [[r.SkyAtmosphere.AerialPerspectiveLUT.SampleCountMaxPerSlice:4]]
[2022.02.21-20.01.17:425][  0]LogConfig: Setting CVar [[r.SkyAtmosphere.AerialPerspectiveLUT.DepthResolution:16.0]]
[2022.02.21-20.01.17:425][  0]LogConfig: Setting CVar [[r.SkyAtmosphere.FastSkyLUT:1]]
[2022.02.21-20.01.17:426][  0]LogConfig: Setting CVar [[r.SkyAtmosphere.FastSkyLUT.SampleCountMin:4.0]]
[2022.02.21-20.01.17:426][  0]LogConfig: Setting CVar [[r.SkyAtmosphere.FastSkyLUT.SampleCountMax:128.0]]
[2022.02.21-20.01.17:427][  0]LogConfig: Setting CVar [[r.SkyAtmosphere.SampleCountMin:4.0]]
[2022.02.21-20.01.17:427][  0]LogConfig: Setting CVar [[r.SkyAtmosphere.SampleCountMax:128.0]]
[2022.02.21-20.01.17:427][  0]LogConfig: Setting CVar [[r.SkyAtmosphere.TransmittanceLUT.UseSmallFormat:0]]
[2022.02.21-20.01.17:428][  0]LogConfig: Setting CVar [[r.SkyAtmosphere.TransmittanceLUT.SampleCount:10.0]]
[2022.02.21-20.01.17:431][  0]LogConfig: Setting CVar [[r.SkyAtmosphere.MultiScatteringLUT.SampleCount:15.0]]
[2022.02.21-20.01.17:432][  0]LogConfig: Setting CVar [[r.SkyLight.RealTimeReflectionCapture:1]]
[2022.02.21-20.01.17:433][  0]LogConfig: Applying CVar settings from Section [FoliageQuality@3] File [D:/GitHub/GAME259-2022-A/GAME259_A_URE/Saved/Config/Windows/Scalability.ini]
[2022.02.21-20.01.17:433][  0]LogConfig: Setting CVar [[foliage.DensityScale:1.0]]
[2022.02.21-20.01.17:433][  0]LogConfig: Setting CVar [[grass.DensityScale:1.0]]
[2022.02.21-20.01.17:434][  0]LogConfig: Applying CVar settings from Section [ShadingQuality@3] File [D:/GitHub/GAME259-2022-A/GAME259_A_URE/Saved/Config/Windows/Scalability.ini]
[2022.02.21-20.01.17:434][  0]LogConfig: Setting CVar [[r.HairStrands.SkyLighting.IntegrationType:2]]
[2022.02.21-20.01.17:435][  0]LogConfig: Setting CVar [[r.HairStrands.SkyAO.SampleCount:4]]
[2022.02.21-20.01.17:435][  0]LogConfig: Setting CVar [[r.HairStrands.Visibility.MSAA.SamplePerPixel:4]]
[2022.02.21-20.01.17:436][  0]LogConfig: Applying CVar settings from Section [Startup] File [../../../Engine/Config/ConsoleVariables.ini]
[2022.02.21-20.01.17:436][  0]LogConfig: Setting CVar [[net.UseAdaptiveNetUpdateFrequency:0]]
[2022.02.21-20.01.17:436][  0]LogConfig: Setting CVar [[p.chaos.AllowCreatePhysxBodies:1]]
[2022.02.21-20.01.17:437][  0]LogConfig: Setting CVar [[fx.SkipVectorVMBackendOptimizations:1]]
[2022.02.21-20.01.17:437][  0]LogConfig: Applying CVar settings from Section [ConsoleVariables] File [D:/GitHub/GAME259-2022-A/GAME259_A_URE/Saved/Config/Windows/Engine.ini]
[2022.02.21-20.01.17:438][  0]LogConfig: Applying CVar settings from Section [ConsoleVariables] File [D:/GitHub/GAME259-2022-A/GAME259_A_URE/Saved/Config/Windows/Editor.ini]
[2022.02.21-20.01.17:439][  0]LogInit: Computer: OMEN
[2022.02.21-20.01.17:439][  0]LogInit: User: James
[2022.02.21-20.01.17:439][  0]LogInit: CPU Page size=4096, Cores=6
[2022.02.21-20.01.17:440][  0]LogInit: High frequency timer resolution =10.000000 MHz
[2022.02.21-20.01.17:445][  0]LogMemory: Memory total: Physical=15.9GB (16GB approx)
[2022.02.21-20.01.17:446][  0]LogMemory: Platform Memory Stats for Windows
[2022.02.21-20.01.17:446][  0]LogMemory: Process Physical Memory: 148.74 MB used, 148.75 MB peak
[2022.02.21-20.01.17:446][  0]LogMemory: Process Virtual Memory: 131.81 MB used, 131.81 MB peak
[2022.02.21-20.01.17:447][  0]LogMemory: Physical Memory: 14056.59 MB used,  2218.26 MB free, 16274.84 MB total
[2022.02.21-20.01.17:447][  0]LogMemory: Virtual Memory: 134213880.00 MB used,  3846.69 MB free, 134217728.00 MB total
[2022.02.21-20.01.17:455][  0]LogWindows: WindowsPlatformFeatures enabled
[2022.02.21-20.01.17:519][  0]LogInit: Physics initialised using underlying interface: PhysX
[2022.02.21-20.01.17:519][  0]LogInit: Using OS detected language (en-US).
[2022.02.21-20.01.17:522][  0]LogInit: Using OS detected locale (en-US).
[2022.02.21-20.01.17:527][  0]LogTextLocalizationManager: No specific localization for 'en-US' exists, so the 'en' localization will be used.
[2022.02.21-20.01.17:827][  0]LogWindowsTextInputMethodSystem: Display: IME system deactivated.
[2022.02.21-20.01.17:886][  0]LogSlate: New Slate User Created.  User Index 0, Is Virtual User: 0
[2022.02.21-20.01.17:886][  0]LogSlate: Slate User Registered.  User Index 0, Is Virtual User: 0
[2022.02.21-20.01.17:934][  0]LogD3D11RHI: Loaded GFSDK_Aftermath_Lib.x64.dll
[2022.02.21-20.01.17:999][  0]LogHMD: Optional extension XR_VARJO_quad_views is not available
[2022.02.21-20.01.18:000][  0]LogHMD: Warning: Required extension XR_EXT_eye_gaze_interaction is not available
[2022.02.21-20.01.18:002][  0]LogHMD: Could not enable all required OpenXR extensions for OpenXREyeTracker on current system. This plugin will be loaded but ignored, but will be enabled on a target platform that supports the required extension.
[2022.02.21-20.01.18:505][  0]LogHMD: Failed to get an OpenXR system, result is XR_ERROR_FORM_FACTOR_UNAVAILABLE. Please check that your runtime supports VR headsets.
[2022.02.21-20.01.18:505][  0]LogD3D11RHI: D3D11 min allowed feature level: 11_0
[2022.02.21-20.01.18:507][  0]LogD3D11RHI: D3D11 max allowed feature level: 11_0
[2022.02.21-20.01.18:508][  0]LogD3D11RHI: D3D11 adapters:
[2022.02.21-20.01.18:625][  0]LogD3D11RHI:    0. 'NVIDIA GeForce GTX 1070' (Feature Level 11_0)
[2022.02.21-20.01.18:625][  0]LogD3D11RHI:       8088/0/8137 MB DedicatedVideo/DedicatedSystem/SharedSystem, Outputs:2, VendorId:0x10de
[2022.02.21-20.01.18:631][  0]LogD3D11RHI:    1. 'Microsoft Basic Render Driver' (Feature Level 11_0)
[2022.02.21-20.01.18:631][  0]LogD3D11RHI:       0/0/8137 MB DedicatedVideo/DedicatedSystem/SharedSystem, Outputs:0, VendorId:0x1414
[2022.02.21-20.01.18:632][  0]LogD3D11RHI: Chosen D3D11 Adapter:
[2022.02.21-20.01.18:633][  0]LogD3D11RHI:     Description : NVIDIA GeForce GTX 1070
[2022.02.21-20.01.18:634][  0]LogD3D11RHI:     VendorId    : 10de
[2022.02.21-20.01.18:635][  0]LogD3D11RHI:     DeviceId    : 1b81
[2022.02.21-20.01.18:638][  0]LogD3D11RHI:     SubSysId    : 82fb103c
[2022.02.21-20.01.18:640][  0]LogD3D11RHI:     Revision    : 00a1
[2022.02.21-20.01.18:642][  0]LogD3D11RHI:     DedicatedVideoMemory : 8480882688 bytes
[2022.02.21-20.01.18:642][  0]LogD3D11RHI:     DedicatedSystemMemory : 0 bytes
[2022.02.21-20.01.18:643][  0]LogD3D11RHI:     SharedSystemMemory : 8532705280 bytes
[2022.02.21-20.01.18:644][  0]LogD3D11RHI:     AdapterLuid : 0 89200
[2022.02.21-20.01.18:659][  0]LogD3D11RHI: Creating new Direct3DDevice
[2022.02.21-20.01.18:660][  0]LogD3D11RHI:     GPU DeviceId: 0x1b81 (for the marketing name, search the web for "GPU Device Id")
[2022.02.21-20.01.18:662][  0]LogWindows: EnumDisplayDevices:
[2022.02.21-20.01.18:663][  0]LogWindows:    0. 'NVIDIA GeForce GTX 1070' (P:1 D:1)
[2022.02.21-20.01.18:664][  0]LogWindows:    1. 'NVIDIA GeForce GTX 1070' (P:0 D:1)
[2022.02.21-20.01.18:667][  0]LogWindows:    2. 'NVIDIA GeForce GTX 1070' (P:0 D:0)
[2022.02.21-20.01.18:668][  0]LogWindows:    3. 'NVIDIA GeForce GTX 1070' (P:0 D:0)
[2022.02.21-20.01.18:669][  0]LogWindows: DebugString: FoundDriverCount:4 
[2022.02.21-20.01.18:669][  0]LogD3D11RHI:     Adapter Name: NVIDIA GeForce GTX 1070
[2022.02.21-20.01.18:670][  0]LogD3D11RHI:   Driver Version: 472.08 (internal:30.0.14.7208, unified:472.08)
[2022.02.21-20.01.18:673][  0]LogD3D11RHI:      Driver Date: 9-13-2021
[2022.02.21-20.01.18:675][  0]LogRHI: Texture pool is 5661 MB (70% of 8088 MB)
[2022.02.21-20.01.18:676][  0]LogD3D11RHI: Creating D3DDevice using adapter:
[2022.02.21-20.01.18:678][  0]LogD3D11RHI:     Description : NVIDIA GeForce GTX 1070
[2022.02.21-20.01.18:678][  0]LogD3D11RHI:     VendorId    : 10de
[2022.02.21-20.01.18:679][  0]LogD3D11RHI:     DeviceId    : 1b81
[2022.02.21-20.01.18:680][  0]LogD3D11RHI:     SubSysId    : 82fb103c
[2022.02.21-20.01.18:680][  0]LogD3D11RHI:     Revision    : 00a1
[2022.02.21-20.01.18:681][  0]LogD3D11RHI:     DedicatedVideoMemory : 8480882688 bytes
[2022.02.21-20.01.18:685][  0]LogD3D11RHI:     DedicatedSystemMemory : 0 bytes
[2022.02.21-20.01.18:686][  0]LogD3D11RHI:     SharedSystemMemory : 8532705280 bytes
[2022.02.21-20.01.18:687][  0]LogD3D11RHI:     AdapterLuid : 0 89200
[2022.02.21-20.01.18:784][  0]LogD3D11RHI: RHI has support for 64 bit atomics
[2022.02.21-20.01.18:785][  0]LogD3D11RHI: Async texture creation enabled
[2022.02.21-20.01.18:786][  0]LogD3D11RHI: Array index from any shader is supported
[2022.02.21-20.01.18:788][  0]LogD3D11RHI: HDR output is supported on display 0 (NvId: 0x80061082).
[2022.02.21-20.01.18:811][  0]LogD3D11RHI: GPU Timing Frequency: 1000.000000 (Debug: 2 2)
[2022.02.21-20.01.18:847][  0]LogRHI: GeForceNow SDK initialized: 1
[2022.02.21-20.01.19:188][  0]LogTargetPlatformManager: Display: Loaded TargetPlatform 'WindowsNoEditor'
[2022.02.21-20.01.19:193][  0]LogTargetPlatformManager: Display: Loaded TargetPlatform 'Windows'
[2022.02.21-20.01.19:199][  0]LogTargetPlatformManager: Display: Loaded TargetPlatform 'WindowsClient'
[2022.02.21-20.01.19:206][  0]LogTargetPlatformManager: Display: Loaded TargetPlatform 'WindowsServer'
[2022.02.21-20.01.19:206][  0]LogTargetPlatformManager: Display: Building Assets For Windows
[2022.02.21-20.01.19:217][  0]LogAudioDebug: Display: Lib vorbis DLL was dynamically loaded.
[2022.02.21-20.01.19:255][  0]LogTextureFormatOodle: Display: Oodle Texture 2.9.0 init RDO Off
[2022.02.21-20.01.19:295][  0]LogRendererCore: Ray tracing is disabled. Reason: r.RayTracing=0.
[2022.02.21-20.01.19:295][  0]LogShaderCompilers: Guid format shader working directory is -2 characters bigger than the processId version (../../../../GitHub/GAME259-2022-A/GAME259_A_URE/Intermediate/Shaders/WorkingDirectory/25540/).
[2022.02.21-20.01.19:298][  0]LogShaderCompilers: Cleaned the shader compiler working directory 'C:/Users/James/AppData/Local/Temp/UnrealShaderWorkingDir/15F9F2394303E4BEA3508790A682046B/'.
[2022.02.21-20.01.19:298][  0]LogXGEController: Cannot use XGE Controller as Incredibuild is not installed on this machine.
[2022.02.21-20.01.19:299][  0]LogShaderCompilers: Cannot use XGE Shader Compiler as Incredibuild is not installed on this machine.
[2022.02.21-20.01.19:300][  0]LogShaderCompilers: Display: Using Local Shader Compiler.
[2022.02.21-20.01.20:145][  0]LogDerivedDataCache: Display: Max Cache Size: 512 MB
[2022.02.21-20.01.20:230][  0]LogDerivedDataCache: Loaded boot cache 0.09s 103MB C:/Users/James/AppData/Local/UnrealEngine/4.27/DerivedDataCache/Boot.ddc.
[2022.02.21-20.01.20:231][  0]LogDerivedDataCache: Display: Loaded Boot cache: C:/Users/James/AppData/Local/UnrealEngine/4.27/DerivedDataCache/Boot.ddc
[2022.02.21-20.01.20:232][  0]LogDerivedDataCache: FDerivedDataBackendGraph:  Pak pak cache file ../../../../GitHub/GAME259-2022-A/GAME259_A_URE/DerivedDataCache/DDC.ddp not found, will not use a pak cache.
[2022.02.21-20.01.20:233][  0]LogDerivedDataCache: Unable to find inner node Pak for hierarchical cache Hierarchy.
[2022.02.21-20.01.20:233][  0]LogDerivedDataCache: FDerivedDataBackendGraph:  CompressedPak pak cache file ../../../../GitHub/GAME259-2022-A/GAME259_A_URE/DerivedDataCache/Compressed.ddp not found, will not use a pak cache.
[2022.02.21-20.01.20:233][  0]LogDerivedDataCache: Unable to find inner node CompressedPak for hierarchical cache Hierarchy.
[2022.02.21-20.01.20:252][  0]LogDerivedDataCache: Display: Pak cache opened for reading ../../../Engine/DerivedDataCache/Compressed.ddp.
[2022.02.21-20.01.20:252][  0]LogDerivedDataCache: FDerivedDataBackendGraph:  EnterprisePak pak cache file ../../../Enterprise/DerivedDataCache/Compressed.ddp not found, will not use a pak cache.
[2022.02.21-20.01.20:253][  0]LogDerivedDataCache: Unable to find inner node EnterprisePak for hierarchical cache Hierarchy.
[2022.02.21-20.01.20:262][  0]LogDerivedDataCache: Speed tests for C:/Users/James/AppData/Local/UnrealEngine/Common/DerivedDataCache took 0.01 seconds
[2022.02.21-20.01.20:264][  0]LogDerivedDataCache: Display: Performance to C:/Users/James/AppData/Local/UnrealEngine/Common/DerivedDataCache: Latency=0.04ms. RandomReadSpeed=1062.86MBs, RandomWriteSpeed=129.19MBs. Assigned SpeedClass 'Local'
[2022.02.21-20.01.20:267][  0]LogDerivedDataCache: Using Local data cache path C:/Users/James/AppData/Local/UnrealEngine/Common/DerivedDataCache: Writable
[2022.02.21-20.01.20:267][  0]LogDerivedDataCache: Shared data cache path not found in *engine.ini, will not use an Shared cache.
[2022.02.21-20.01.20:268][  0]LogDerivedDataCache: Unable to find inner node Shared for hierarchical cache Hierarchy.
[2022.02.21-20.01.20:313][  0]LogSlate: Using FreeType 2.10.0
[2022.02.21-20.01.20:314][  0]LogSlate: SlateFontServices - WITH_FREETYPE: 1, WITH_HARFBUZZ: 1
[2022.02.21-20.01.20:817][  0]LogHMD: Failed to get an OpenXR system, result is XR_ERROR_FORM_FACTOR_UNAVAILABLE. Please check that your runtime supports VR headsets.
[2022.02.21-20.01.20:911][  0]LogInit: Using OS detected language (en-US).
[2022.02.21-20.01.20:911][  0]LogInit: Using OS detected locale (en-US).
[2022.02.21-20.01.20:913][  0]LogTextLocalizationManager: No localization for 'en-US' exists, so 'en' will be used for the language.
[2022.02.21-20.01.20:913][  0]LogTextLocalizationManager: No localization for 'en-US' exists, so 'en' will be used for the locale.
[2022.02.21-20.01.20:914][  0]LogSlate: FontCache flush requested. Reason: Culture for localization was changed
[2022.02.21-20.01.20:914][  0]LogSlate: FontCache flush requested. Reason: Culture for localization was changed
[2022.02.21-20.01.20:918][  0]LogTextLocalizationManager: Compacting localization data took   0.01ms
[2022.02.21-20.01.20:918][  0]LogAssetRegistry: FAssetRegistry took 0.0020 seconds to start up
[2022.02.21-20.01.21:130][  0]LogPackageLocalizationCache: Processed 27 localized package path(s) for 1 prioritized culture(s) in 0.034432 seconds
[2022.02.21-20.01.21:199][  0]LogInit: Selected Device Profile: [Windows]
[2022.02.21-20.01.21:199][  0]LogInit: Active device profile: [000002565C7A1C00][000002565384C840 49] Windows
[2022.02.21-20.01.21:200][  0]LogInit: Profiles: [000002565C7A1C00][000002565384C840 49] Windows, [000002565C763400][000002565412A9C0 49] WindowsNoEditor, [000002565C7A3B00][000002565412EB40 49] WindowsServer, [000002565C760800][0000025654132CC0 49] WindowsClient, [000002565C7A0900][0000025654136E40 49] IOS, [000002565C762900][000002565413AFC0 49] iPadAir, [000002565C7A2F00][000002565413F140 49] iPadAir2, [000002565C6FD300][00000256537CD3C0 49] IPadPro, [000002565C6FD400][0000025654143400 49] iPadAir3, [000002565C7A1400][0000025654147540 49] iPadAir4, [000002565C6FEB00][000002565414B680 49] iPadMini2, [000002565C7A2200][0000025654153800 49] iPadMini3, [000002565C6FDE00][0000025654157980 49] iPadMini4, [000002565C7A0E00][000002565415BB00 49] iPadMini5, [000002565C711000][0000025654162240 49] iPhone6, [000002565C711100][000002565415E280 49] iPodTouch6, [000002565C761200][000002565416A540 49] iPhone7, [000002565C761300][0000025654166580 49] iPodTouch7, [000002565C6FE200][000002565416E700 49] iPhone5S, [000002565C6FDD00][0000025654172880 49] iPhone6Plus, [000002565C713100][0000025654176A00 49] iPhone6S, [000002565C6FE600][000002565417AB80 49] iPhone6SPlus, [000002565C713000][000002565417ED00 49] iPhone7Plus, [000002565C713500][0000025654182E80 49] iPhoneSE, [000002565C761E00][0000025654187000 49] iPhone8, [000002565C6FD700][000002565418B180 49] iPhone8Plus, [000002565C763900][000002565418F300 49] iPhoneX, [000002565C6FEE00][0000025654193480 49] iPhoneXS, [000002565C762200][000002565414F5C0 49] iPhoneXSMax, [000002565C6FC700][0000025654197700 49] iPhoneXR, [000002565C760100][000002565419B840 49] iPhone11, [000002565C6FFB00][00000256541A39C0 49] iPhone11Pro, [000002565C762800][00000256541A7B40 49] iPhone11ProMax, [000002565C6FEC00][00000256541AA140 49] iPhoneSE2, [000002565C760500][00000256541AE2C0 49] iPhone12Mini, [000002565C6FE100][00000256541B2440 49] iPhone12, [000002565C762C00][00000256541B65C0 49] iPhone12Pro, [000002565C6FF700][00000256541BA740 49] iPhone12ProMax, [000002565C762300][00000256541BE8C0 49] iPadPro105, [000002565C6FF900][00000256541C2A40 49] iPadPro129, [000002565C761900][00000256541C6BC0 49] iPadPro97, [000002565C6FD000][00000256541CAD40 49] iPadPro2_129, [000002565C762700][00000256541CEEC0 49] iPad5, [000002565C6FF600][00000256541D3040 49] iPad6, [000002565C762E00][00000256541D71C0 49] iPad7, [000002565C6FC600][00000256541DB340 49] iPad8, [000002565C761B00][00000256541DF4C0 49] iPadPro11, [000002565C6FC100][00000256541E3640 49] iPadPro2_11, [000002565C763100][000002565419F780 49] iPadPro3_129, [000002565C6FED00][00000256541E78C0 49] iPadPro4_129, [000002565C760D00][00000256541EBA00 49] AppleTV, [000002565C6FF800][0000025653AE3B40 49] AppleTV4K, [000002565C761100][0000025653AEA140 49] TVOS, [000002565C6FFD00][0000025653AEE2C0 49] Mac, [000002565C762100][0000025653AF2440 49] MacClient, [000002565C6FCB00][0000025653AF65C0 49] MacNoEditor, [000002565C761F00][0000025653AFA740 49] MacServer, [000002565C6FDF00][0000025653AFE8C0 49] Linux, [000002565C763D00][0000025653B02A40 49] LinuxAArch64, [000002565C6FCE00][0000025653B06BC0 49] LinuxNoEditor, [000002565C762400][0000025653B0AD40 49] LinuxAArch64NoEditor, [000002565C6FC300][0000025653B0EEC0 49] LinuxClient, [000002565C760300][0000025653B13040 49] LinuxAArch64Client, [000002565C6FC400][0000025653B171C0 49] LinuxServer, [000002565C760700][0000025653B1B340 49] LinuxAArch64Server, [000002565C6FF300][0000025653B1F4C0 49] Android, [000002565C763B00][0000025653B23640 49] Android_Low, [000002565C6FE900][0000025653B277C0 49] Android_Mid, [000002565C761500][0000025653AE7900 49] Android_High, [000002565C6FF100][0000025653B2BA40 49] Android_Default, [000002565C762F00][0000025653B2FB80 49] Android_Adreno4xx, [000002565C6FF000][0000025653B32140 49] Android_Adreno5xx_Low, [000002565C761C00][0000025653B3A2C0 49] Android_Adreno5xx, [000002565C6FD600][0000025653B3E440 49] Android_Adreno6xx, [000002565C762600][0000025653B425C0 49] Android_Adreno6xx_Vulkan, [000002565C6FFF00][0000025653B46740 49] Android_Mali_T6xx, [000002565C762500][0000025653B4A8C0 49] Android_Mali_T7xx, [000002565C6FD800][0000025653B4EA40 49] Android_Mali_T8xx, [000002565C763600][0000025653B52BC0 49] Android_Mali_G71, [000002565C6FFC00][0000025653B56D40 49] Android_Mali_G72, [000002565C760200][0000025653B5AEC0 49] Android_Mali_G72_Vulkan, [000002565C6FD100][0000025653B5F040 49] Android_Mali_G76, [000002565C763200][0000025653B631C0 49] Android_Mali_G76_Vulkan, [000002565C6FF200][0000025653B67340 49] Android_Mali_G77, [000002565C761A00][0000025653B6B4C0 49] Android_Mali_G77_Vulkan, [000002565C6FE500][0000025653B6F640 49] Android_Mali_G78, [000002565C761000][0000025653B737C0 49] Android_Mali_G78_Vulkan, [000002565C7A3E00][0000025653B77940 49] Android_Mali_G710, [000002565C710B00][0000025653B7BAC0 49] Android_Mali_G710_Vulkan, [000002565C7A0800][0000025653B37C00 49] Android_Vulkan_SM5, [000002565C710C00][0000025653B7E1C0 49] Android_PowerVR_G6xxx, [000002565C7A3400][0000025653B82300 49] Android_PowerVR_GT7xxx, [000002565C712C00][0000025653B8A480 49] Android_PowerVR_GE8xxx, [000002565C7A1E00][0000025653B8E600 49] Android_PowerVR_GM9xxx, [000002565C711200][0000025653B92780 49] Android_PowerVR_GM9xxx_Vulkan, [000002565C7A3F00][0000025653B96900 49] Android_TegraK1, [000002565C713E00][0000025653B9AA80 49] Android_Unknown_Vulkan, [000002565C7A2E00][0000025653B9EC00 49] Lumin, [000002565C712700][0000025653BA2D80 49] Lumin_Desktop, [000002565C7A3900][0000025653BA6F00 49] HoloLens, 
[2022.02.21-20.01.21:246][  0]LogMeshReduction: Using QuadricMeshReduction for automatic static mesh reduction
[2022.02.21-20.01.21:246][  0]LogMeshReduction: Using SimplygonMeshReduction for automatic skeletal mesh reduction
[2022.02.21-20.01.21:248][  0]LogMeshReduction: Using ProxyLODMeshReduction for automatic mesh merging
[2022.02.21-20.01.21:249][  0]LogMeshReduction: No distributed automatic mesh merging module available
[2022.02.21-20.01.21:249][  0]LogMeshMerging: No distributed automatic mesh merging module available
[2022.02.21-20.01.21:414][  0]LogNetVersion: GAME259_A_URE 1.0.0, NetCL: 17155196, EngineNetVer: 17, GameNetVer: 0 (Checksum: 2250587433)
[2022.02.21-20.01.21:731][  0]LogTexture: Default maximum texture size for cubemaps generated from long-lat sources has been changed from 512 to unlimited. In order to preserve old behaiour for '/Engine/MapTemplates/Sky/DaylightAmbientCubemap.DaylightAmbientCubemap', its maximum texture size has been explicitly set to 512.
[2022.02.21-20.01.21:804][  0]LogHMD: PokeAHoleMaterial loaded successfully
[2022.02.21-20.01.21:920][  0]LogMoviePlayer: Initializing movie player
[2022.02.21-20.01.22:151][  0]LogNiagaraDebuggerClient: Niagara Debugger Client Initialized | Session: BDA051624A99C228D791C89DF384765C | Instance: 69AF00F348595B74B6380EA5B655B2F3 (OMEN-25540).
[2022.02.21-20.01.22:174][  0]LogCollectionManager: Loaded 0 collections in 0.001266 seconds
[2022.02.21-20.01.22:178][  0]LogFileCache: Scanning file cache for directory 'D:/GitHub/GAME259-2022-A/GAME259_A_URE/Saved/Collections/' took 0.00s
[2022.02.21-20.01.22:179][  0]LogFileCache: Scanning file cache for directory 'D:/GitHub/GAME259-2022-A/GAME259_A_URE/Content/Developers/James/Collections/' took 0.00s
[2022.02.21-20.01.22:180][  0]LogFileCache: Scanning file cache for directory 'D:/GitHub/GAME259-2022-A/GAME259_A_URE/Content/Collections/' took 0.00s
[2022.02.21-20.01.22:181][  0]LogCollectionManager: Fixed up redirectors for 0 collections in 0.000003 seconds (updated 0 objects)
[2022.02.21-20.01.22:201][  0]LogPython: Using Python 3.7.7
[2022.02.21-20.01.22:807][  0]LogSteamShared: Display: Loading Steam SDK 1.51
[2022.02.21-20.01.22:808][  0]LogSteamShared: Steam SDK Loaded!
[2022.02.21-20.01.23:035][  0]SourceControl: Source control is disabled
[2022.02.21-20.01.23:037][  0]SourceControl: Source control is disabled
[2022.02.21-20.01.23:040][  0]SourceControl: Source control is disabled
[2022.02.21-20.01.23:048][  0]LogUProjectInfo: Found projects:
[2022.02.21-20.01.23:156][  0]LogOpenImageDenoise: OIDN starting up
[2022.02.21-20.01.23:182][  0]LogAndroidPermission: UAndroidPermissionCallbackProxy::GetInstance
[2022.02.21-20.01.23:200][  0]LogAudioCaptureCore: Display: No Audio Capture implementations found. Audio input will be silent.
[2022.02.21-20.01.23:200][  0]LogAudioCaptureCore: Display: No Audio Capture implementations found. Audio input will be silent.
[2022.02.21-20.01.23:296][  0]LogOcInput: OculusInput pre-init called
[2022.02.21-20.01.23:308][  0]LogUObjectArray: 23049 objects as part of root set at end of initial load.
[2022.02.21-20.01.23:308][  0]LogUObjectAllocator: 6399616 out of 0 bytes used by permanent object pool.
[2022.02.21-20.01.23:308][  0]LogUObjectArray: CloseDisregardForGC: 0/0 objects in disregard for GC pool
[2022.02.21-20.01.23:358][  0]LogClass: Display: IntProperty FServerInfo::CurrentPlayers is not initialized properly. Module:GAME259_A_URE File:GameInstance_GAME259_A_URE.h
[2022.02.21-20.01.23:358][  0]LogClass: Display: IntProperty FServerInfo::MaxPlayers is not initialized properly. Module:GAME259_A_URE File:GameInstance_GAME259_A_URE.h
[2022.02.21-20.01.23:359][  0]LogClass: Display: IntProperty FServerInfo::ServerArrayIndex is not initialized properly. Module:GAME259_A_URE File:GameInstance_GAME259_A_URE.h
[2022.02.21-20.01.23:360][  0]LogClass: Display: 3 Uninitialized script struct members found including 0 object properties
[2022.02.21-20.01.23:361][  0]LogEngine: Initializing Engine...
[2022.02.21-20.01.23:863][  0]LogHMD: Failed to get an OpenXR system, result is XR_ERROR_FORM_FACTOR_UNAVAILABLE. Please check that your runtime supports VR headsets.
[2022.02.21-20.01.23:863][  0]LogMagicLeap: Warning: VR disabled because ZI is not enabled.  To enable, in the editor, Edit -> Project Settings -> Plugins -> Magic Leap Plugin -> Enable Zero Iteration
[2022.02.21-20.01.23:867][  0]LogStats: UGameplayTagsManager::InitializeManager -  0.000 s
[2022.02.21-20.01.23:987][  0]LogInit: Initializing FReadOnlyCVARCache
[2022.02.21-20.01.23:987][  0]LogAudio: Display: Initializing Audio Device Manager...
[2022.02.21-20.01.23:993][  0]LogAudio: Display: Loading Default Audio Settings Objects...
[2022.02.21-20.01.23:995][  0]LogAudio: Display: No default SoundConcurrencyObject specified (or failed to load).
[2022.02.21-20.01.23:995][  0]LogAudio: Display: Audio Device Manager Initialized
[2022.02.21-20.01.23:995][  0]LogAudio: Display: Creating Audio Device:                 Id: 1, Scope: Shared, Realtime: True
[2022.02.21-20.01.23:996][  0]LogAudioMixer: Display: Audio Mixer Platform Settings:
[2022.02.21-20.01.23:996][  0]LogAudioMixer: Display: 	Sample Rate:						  48000
[2022.02.21-20.01.23:997][  0]LogAudioMixer: Display: 	Callback Buffer Frame Size Requested: 1024
[2022.02.21-20.01.23:997][  0]LogAudioMixer: Display: 	Callback Buffer Frame Size To Use:	  1024
[2022.02.21-20.01.23:998][  0]LogAudioMixer: Display: 	Number of buffers to queue:			  2
[2022.02.21-20.01.24:001][  0]LogAudioMixer: Display: 	Max Channels (voices):				  32
[2022.02.21-20.01.24:002][  0]LogAudioMixer: Display: 	Number of Async Source Workers:		  0
[2022.02.21-20.01.24:003][  0]LogAudio: Display: AudioDevice MaxSources: 32
[2022.02.21-20.01.24:004][  0]LogAudio: Display: Audio Spatialization Plugin: None (built-in).
[2022.02.21-20.01.24:004][  0]LogAudio: Display: Audio Reverb Plugin: None (built-in).
[2022.02.21-20.01.24:005][  0]LogAudio: Display: Audio Occlusion Plugin: None (built-in).
[2022.02.21-20.01.24:005][  0]LogAudioMixer: Display: Initializing audio mixer.
[2022.02.21-20.01.24:035][  0]LogAudioMixer: Display: 0: FrontLeft
[2022.02.21-20.01.24:035][  0]LogAudioMixer: Display: 1: FrontRight
[2022.02.21-20.01.24:103][  0]LogAudioMixer: Display: Using Audio Device Headphones (Arctis 7 Game)
[2022.02.21-20.01.24:111][  0]LogAudioMixer: Display: Initializing Sound Submixes...
[2022.02.21-20.01.24:115][  0]LogAudioMixer: Display: Creating Master Submix 'MasterSubmixDefault'
[2022.02.21-20.01.24:115][  0]LogAudioMixer: Display: Creating Master Submix 'MasterReverbSubmixDefault'
[2022.02.21-20.01.24:117][  0]LogAudioMixer: Display: Creating Master Submix 'MasterEQSubmixDefault'
[2022.02.21-20.01.24:118][  0]LogAudioMixer: FMixerPlatformXAudio2::StartAudioStream() called
[2022.02.21-20.01.24:118][  0]LogAudioMixer: Display: Output buffers initialized: Frames=1024, Channels=2, Samples=2048
[2022.02.21-20.01.24:120][  0]LogAudioMixer: Display: Starting AudioMixerPlatformInterface::RunInternal()
[2022.02.21-20.01.24:120][  0]LogAudioMixer: Display: FMixerPlatformXAudio2::SubmitBuffer() called for the first time
[2022.02.21-20.01.24:120][  0]LogInit: FAudioDevice initialized.
[2022.02.21-20.01.24:122][  0]LogNetVersion: Set ProjectVersion to 1.0.0.0. Version Checksum will be recalculated on next use.
[2022.02.21-20.01.24:188][  0]LogDerivedDataCache: Saved boot cache 0.06s 86MB C:/Users/James/AppData/Local/UnrealEngine/4.27/DerivedDataCache/Boot.ddc.
[2022.02.21-20.01.24:195][  0]LogInit: Texture streaming: Enabled
[2022.02.21-20.01.24:271][  0]LogAudio: Display: Audio Device (ID: 1) registered with world 'Untitled'.
[2022.02.21-20.01.24:272][  0]LogSlate: Updating window title bar state: overlay mode, drag disabled, window buttons hidden, title bar hidden
[2022.02.21-20.01.24:273][  0]LogInit: Display: Game Engine Initialized.
[2022.02.21-20.01.24:274][  0]LogNiagaraEditor: GEditor isn't valid! Particle reset commands will not work for Niagara components!
[2022.02.21-20.01.24:340][  0]LogInit: Display: Starting Game.
[2022.02.21-20.01.24:340][  0]LogNet: Browse: /Game/LobbySystem/Levels/LobbyMainMenu?Name=Player
[2022.02.21-20.01.24:341][  0]LogLoad: LoadMap: /Game/LobbySystem/Levels/LobbyMainMenu?Name=Player
[2022.02.21-20.01.24:342][  0]LogWorld: BeginTearingDown for /Temp/Untitled_0
[2022.02.21-20.01.24:343][  0]LogWorld: UWorld::CleanupWorld for Untitled, bSessionEnded=true, bCleanupResources=true
[2022.02.21-20.01.24:344][  0]LogSlate: InvalidateAllWidgets triggered.  All widgets were invalidated
[2022.02.21-20.01.24:349][  0]LogAudio: Display: Audio Device unregistered from world 'None'.
[2022.02.21-20.01.24:351][  0]LogUObjectHash: Compacting FUObjectHashTables data took   0.80ms
[2022.02.21-20.01.24:387][  0]LogAudio: Display: Audio Device (ID: 1) registered with world 'LobbyMainMenu'.
[2022.02.21-20.01.24:394][  0]LogAIModule: Creating AISystem for world LobbyMainMenu
[2022.02.21-20.01.24:395][  0]LogLoad: Game class is 'BP_LobbyGameMode_C'
[2022.02.21-20.01.24:396][  0]LogWorld: Bringing World /Game/LobbySystem/Levels/LobbyMainMenu.LobbyMainMenu up for play (max tick rate 0) at 2022.02.21-15.01.24
[2022.02.21-20.01.24:396][  0]LogWorld: Bringing up level for play took: 0.000625
[2022.02.21-20.01.24:397][  0]LogGameMode: FindPlayerStart: PATHS NOT DEFINED or NO PLAYERSTART with positive rating
[2022.02.21-20.01.24:402][  0]LogViewport: Display: Viewport MouseLockMode Changed, LockOnCapture -> DoNotLock
[2022.02.21-20.01.24:402][  0]LogViewport: Display: Viewport MouseCaptureMode Changed, CapturePermanently_IncludingInitialMouseDown -> NoCapture
[2022.02.21-20.01.24:403][  0]LogLoad: Took 0.061252 seconds to LoadMap(/Game/LobbySystem/Levels/LobbyMainMenu)
[2022.02.21-20.01.24:541][  0]LogSlate: Took 0.000220 seconds to synchronously load lazily loaded font '../../../Engine/Content/Slate/Fonts/Roboto-Regular.ttf' (155K)
[2022.02.21-20.01.24:630][  0]LogRenderer: Reallocating scene render targets to support 800x900 Format 10 NumSamples 1 (Frame:1).
[2022.02.21-20.01.24:630][  0]LogInit: Display: Engine is initialized. Leaving FEngineLoop::Init()
[2022.02.21-20.01.24:632][  0]LogLoad: (Engine Initialization) Total time: 9.55 seconds
[2022.02.21-20.01.24:633][  0]LogLoad: (Engine Initialization) Total Blueprint compile time: 0.00 seconds
[2022.02.21-20.01.24:637][  0]LogContentStreaming: Texture pool size now 1000 MB
[2022.02.21-20.01.24:640][  0]LogSlate: InvalidateAllWidgets triggered.  All widgets were invalidated
[2022.02.21-20.01.24:660][  1]LogSlate: Took 0.000170 seconds to synchronously load lazily loaded font '../../../Engine/Content/Slate/Fonts/Roboto-Regular.ttf' (155K)
[2022.02.21-20.01.27:448][ 30]LogTemp: Warning: Find Servers Called
[2022.02.21-20.01.32:449][573]LogTemp: Warning: OnFindSessionComplete, Succeeded: 1
[2022.02.21-20.01.32:451][573]LogTemp: Warning: SearchResults, Server Count: 1
[2022.02.21-20.01.33:962][324]LogTemp: Warning: JOINING SERVER at index: 0
[2022.02.21-20.01.33:964][324]LogTemp: Warning: OnJoinSessionComplete, SessionName: My Session
[2022.02.21-20.01.33:964][324]LogNet: Browse: 192.168.56.1/Game/LobbySystem/Levels/LobbyMainMenu
[2022.02.21-20.01.33:965][324]LogInit: WinSock: Socket queue. Rx: 32768 (config 32768) Tx: 32768 (config 32768)
[2022.02.21-20.01.33:965][324]LogNet: Created socket for bind address: 0.0.0.0 on port 0
[2022.02.21-20.01.33:965][324]PacketHandlerLog: Loaded PacketHandler component: Engine.EngineHandlerComponentFactory (StatelessConnectHandlerComponent)
[2022.02.21-20.01.33:966][324]LogNet: Game client on port 7777, rate 100000
[2022.02.21-20.01.34:987][848]LogHandshake: SendChallengeResponse. Timestamp: 36.260071, Cookie: 163133169104054143037152242188170198242059108015106197001033
[2022.02.21-20.01.34:992][850]LogNetVersion: GAME259_A_URE 1.0.0.0, NetCL: 17155196, EngineNetVer: 17, GameNetVer: 0 (Checksum: 1639948920)
[2022.02.21-20.01.34:993][850]LogNet: UPendingNetGame::SendInitialJoin: Sending hello. [UNetConnection] RemoteAddr: 192.168.56.1:7777, Name: IpConnection_0, Driver: PendingNetDriver IpNetDriver_0, IsServer: NO, PC: NULL, Owner: NULL, UniqueId: INVALID
[2022.02.21-20.01.35:020][863]LogNet: Welcomed by server (Level: /Game/LobbySystem/Levels/Networking_GameTestMap, Game: /Script/GAME259_A_URE.GAME259_A_UREGameMode)
[2022.02.21-20.01.35:021][863]LogLoad: LoadMap: 192.168.56.1/Game/LobbySystem/Levels/Networking_GameTestMap?game=/Script/GAME259_A_URE.GAME259_A_UREGameMode
[2022.02.21-20.01.35:022][863]LogWorld: BeginTearingDown for /Game/LobbySystem/Levels/LobbyMainMenu
[2022.02.21-20.01.35:023][863]LogWorld: UWorld::CleanupWorld for LobbyMainMenu, bSessionEnded=true, bCleanupResources=true
[2022.02.21-20.01.35:023][863]LogSlate: InvalidateAllWidgets triggered.  All widgets were invalidated
[2022.02.21-20.01.35:052][863]LogAudio: Display: Audio Device unregistered from world 'None'.
[2022.02.21-20.01.35:055][863]LogUObjectHash: Compacting FUObjectHashTables data took   1.10ms
[2022.02.21-20.01.35:095][863]LogAudio: Display: Audio Device (ID: 1) registered with world 'Networking_GameTestMap'.
[2022.02.21-20.01.35:099][863]LogWorld: Bringing World /Game/LobbySystem/Levels/Networking_GameTestMap.Networking_GameTestMap up for play (max tick rate 0) at 2022.02.21-15.01.35
[2022.02.21-20.01.35:099][863]LogWorld: Bringing up level for play took: 0.001775
[2022.02.21-20.01.35:100][863]LogLoad: Took 0.080048 seconds to LoadMap(/Game/LobbySystem/Levels/Networking_GameTestMap)
[2022.02.21-20.01.35:100][863]LogNavigation: Warning: NavData RegistrationFailed_DataPendingKill.
[2022.02.21-20.01.35:256][907]LogViewport: Display: Viewport MouseLockMode Changed, DoNotLock -> LockOnCapture
[2022.02.21-20.01.35:256][907]LogViewport: Display: Viewport MouseCaptureMode Changed, NoCapture -> CapturePermanently
[2022.02.21-20.01.35:658][ 39]LogOnlineSession: Warning: OSS: No game present to join for session (GameSession)
[2022.02.21-20.01.35:660][ 39]LogOnlineSession: Warning: OSS: No game present to join for session (GameSession)
[2022.02.21-20.01.36:130][182]LogOnlineSession: Warning: OSS: No game present to join for session (GameSession)
[2022.02.21-20.02.02:702][507]LogOnlineSession: Warning: OSS: No game present to join for session (GameSession)
[2022.02.21-20.02.07:461][745]LogOnlineSession: Warning: OSS: No game present to join for session (GameSession)
[2022.02.21-20.02.55:248][920]LogOnlineSession: Warning: OSS: No game present to join for session (GameSession)
[2022.02.21-20.02.55:889][942]LogOnlineSession: Warning: OSS: No game present to join for session (GameSession)
[2022.02.21-20.03.08:167][391]LogOnlineSession: Warning: OSS: No game present to leave for session (GameSession)
[2022.02.21-20.03.08:542][423]LogOnlineSession: Warning: OSS: No game present to leave for session (GameSession)
[2022.02.21-20.03.16:505][ 13]LogOnlineSession: Warning: OSS: No game present to leave for session (GameSession)
[2022.02.21-20.03.18:880][269]LogOnlineSession: Warning: OSS: No game present to leave for session (GameSession)
