Log file open, 02/21/22 14:07:48
LogWindows: Failed to load 'aqProf.dll' (GetLastError=126)
LogWindows: File 'aqProf.dll' does not exist
LogWindows: Failed to load 'VtuneApi.dll' (GetLastError=126)
LogWindows: File 'VtuneApi.dll' does not exist
LogWindows: Failed to load 'VtuneApi32e.dll' (GetLastError=126)
LogWindows: File 'VtuneApi32e.dll' does not exist
LogConsoleResponse: Display: Failed to find resolution value strings in scalability ini. Falling back to default.
LogConsoleResponse: Display: Failed to find resolution value strings in scalability ini. Falling back to default.
LogInit: Display: Running engine for game: GAME259_A_URE
LogPlatformFile: Not using cached read wrapper
LogTaskGraph: Started task graph with 5 named threads and 35 total threads with 3 sets of task threads.
LogStats: Stats thread started at 0.221572
LogICUInternationalization: ICU TimeZone Detection - Raw Offset: -5:00, Platform Override: ''
LogInit: Display: Loading text-based GConfig....
LogPluginManager: Mounting plugin MegascansPlugin
LogPluginManager: Mounting plugin MeshPainting
LogPluginManager: Mounting plugin XGEController
LogPluginManager: Mounting plugin Paper2D
LogPluginManager: Mounting plugin LiveLink
LogPluginManager: Mounting plugin AISupport
LogPluginManager: Mounting plugin LightPropagationVolume
LogPluginManager: Mounting plugin EnvironmentQueryEditor
LogPluginManager: Mounting plugin CameraShakePreviewer
LogPluginManager: Mounting plugin GameplayCameras
LogPluginManager: Mounting plugin OodleData
LogPluginManager: Mounting plugin OodleNetwork
LogPluginManager: Mounting plugin AnimationSharing
LogPluginManager: Mounting plugin CLionSourceCodeAccess
LogPluginManager: Mounting plugin CodeLiteSourceCodeAccess
LogPluginManager: Mounting plugin GitSourceControl
LogPluginManager: Mounting plugin KDevelopSourceCodeAccess
LogPluginManager: Mounting plugin NullSourceCodeAccess
LogPluginManager: Mounting plugin PerforceSourceControl
LogPluginManager: Mounting plugin PlasticSourceControl
LogPluginManager: Mounting plugin PixWinPlugin
LogPluginManager: Mounting plugin PluginUtils
LogPluginManager: Mounting plugin PropertyAccessNode
LogPluginManager: Mounting plugin RiderLink
LogPluginManager: Mounting plugin RiderSourceCodeAccess
LogPluginManager: Mounting plugin SubversionSourceControl
LogPluginManager: Mounting plugin AssetManagerEditor
LogPluginManager: Mounting plugin TextureFormatOodle
LogPluginManager: Mounting plugin UObjectPlugin
LogPluginManager: Mounting plugin VisualStudioCodeSourceCodeAccess
LogPluginManager: Mounting plugin XCodeSourceCodeAccess
LogPluginManager: Mounting plugin CryptoKeys
LogPluginManager: Mounting plugin VisualStudioSourceCodeAccess
LogPluginManager: Mounting plugin CurveEditorTools
LogPluginManager: Mounting plugin EditorScriptingUtilities
LogPluginManager: Mounting plugin DataValidation
LogPluginManager: Mounting plugin FacialAnimation
LogPluginManager: Mounting plugin GameplayTagsEditor
LogPluginManager: Mounting plugin GeometryMode
LogPluginManager: Mounting plugin MacGraphicsSwitching
LogPluginManager: Mounting plugin MaterialAnalyzer
LogPluginManager: Mounting plugin MobileLauncherProfileWizard
LogPluginManager: Mounting plugin PluginBrowser
LogPluginManager: Mounting plugin AlembicImporter
LogPluginManager: Mounting plugin SpeedTreeImporter
LogPluginManager: Mounting plugin AutomationUtils
LogPluginManager: Mounting plugin BackChannel
LogPluginManager: Mounting plugin ChaosCloth
LogPluginManager: Mounting plugin ChaosClothEditor
LogPluginManager: Mounting plugin ChaosNiagara
LogPluginManager: Mounting plugin ChaosEditor
LogPluginManager: Mounting plugin ChaosSolverPlugin
LogPluginManager: Mounting plugin CharacterAI
LogPluginManager: Mounting plugin GeometryCache
LogPluginManager: Mounting plugin GeometryCollectionPlugin
LogPluginManager: Mounting plugin GeometryProcessing
LogPluginManager: Mounting plugin Niagara
LogPluginManager: Mounting plugin DatasmithContent
LogPluginManager: Mounting plugin MotoSynth
LogPluginManager: Mounting plugin OpenImageDenoise
LogPluginManager: Mounting plugin PlanarCut
LogPluginManager: Mounting plugin PlatformCrypto
LogPluginManager: Mounting plugin ProxyLODPlugin
LogPluginManager: Mounting plugin PythonScriptPlugin
LogPluginManager: Mounting plugin SkeletalReduction
LogPluginManager: Mounting plugin VariantManagerContent
LogPluginManager: Mounting plugin LuminPlatformFeatures
LogPluginManager: Mounting plugin MagicLeap
LogPluginManager: Mounting plugin MagicLeapLightEstimation
LogPluginManager: Mounting plugin MagicLeapMedia
LogPluginManager: Mounting plugin MagicLeapPassableWorld
LogPluginManager: Mounting plugin MLSDK
LogPluginManager: Mounting plugin AndroidMedia
LogPluginManager: Mounting plugin AvfMedia
LogPluginManager: Mounting plugin ImgMedia
LogPluginManager: Mounting plugin MediaCompositing
LogPluginManager: Mounting plugin MediaPlayerEditor
LogPluginManager: Mounting plugin WebMMedia
LogPluginManager: Mounting plugin WmfMedia
LogPluginManager: Mounting plugin TcpMessaging
LogPluginManager: Mounting plugin UdpMessaging
LogPluginManager: Mounting plugin ActorSequence
LogPluginManager: Mounting plugin LevelSequenceEditor
LogPluginManager: Mounting plugin MatineeToLevelSequence
LogPluginManager: Mounting plugin EOSShared
LogPluginManager: Mounting plugin TemplateSequence
LogPluginManager: Mounting plugin OnlineSubsystem
LogPluginManager: Mounting plugin OnlineSubsystemNull
LogPluginManager: Mounting plugin OnlineSubsystemSteam
LogPluginManager: Mounting plugin OnlineSubsystemUtils
LogPluginManager: Mounting plugin LauncherChunkInstaller
LogPluginManager: Mounting plugin ActorLayerUtilities
LogPluginManager: Mounting plugin AndroidMoviePlayer
LogPluginManager: Mounting plugin AndroidDeviceProfileSelector
LogPluginManager: Mounting plugin AndroidPermission
LogPluginManager: Mounting plugin AppleImageUtils
LogPluginManager: Mounting plugin AppleMoviePlayer
LogPluginManager: Mounting plugin AssetTags
LogPluginManager: Mounting plugin ArchVisCharacter
LogPluginManager: Mounting plugin AudioCapture
LogPluginManager: Mounting plugin AudioSynesthesia
LogPluginManager: Mounting plugin CableComponent
LogPluginManager: Mounting plugin CustomMeshComponent
LogPluginManager: Mounting plugin ChunkDownloader
LogPluginManager: Mounting plugin EditableMesh
LogPluginManager: Mounting plugin ExampleDeviceProfileSelector
LogPluginManager: Mounting plugin GoogleCloudMessaging
LogPluginManager: Mounting plugin GooglePAD
LogPluginManager: Mounting plugin IOSDeviceProfileSelector
LogPluginManager: Mounting plugin LinuxDeviceProfileSelector
LogPluginManager: Mounting plugin LocationServicesBPLibrary
LogPluginManager: Mounting plugin MobilePatchingUtils
LogPluginManager: Mounting plugin OpenXR
LogPluginManager: Mounting plugin OpenXRHandTracking
LogPluginManager: Mounting plugin OpenXREyeTracker
LogPluginManager: Mounting plugin PhysXVehicles
LogPluginManager: Mounting plugin PostSplashScreen
LogPluginManager: Mounting plugin ProceduralMeshComponent
LogPluginManager: Mounting plugin PropertyAccessEditor
LogPluginManager: Mounting plugin RuntimePhysXCooking
LogPluginManager: Mounting plugin SignificanceManager
LogPluginManager: Mounting plugin SoundFields
LogPluginManager: Mounting plugin Synthesis
LogPluginManager: Mounting plugin WebMMoviePlayer
LogPluginManager: Mounting plugin WindowsMoviePlayer
LogPluginManager: Mounting plugin Takes
LogPluginManager: Mounting plugin ScreenshotTools
LogPluginManager: Mounting plugin ContentBrowserAssetDataSource
LogPluginManager: Mounting plugin ContentBrowserClassDataSource
LogPluginManager: Mounting plugin ContentBrowserFileDataSource
LogPluginManager: Mounting plugin OnlineSubsystemGooglePlay
LogPluginManager: Mounting plugin OnlineSubsystemIOS
LogPluginManager: Mounting plugin EOSVoiceChat
LogPluginManager: Mounting plugin DatabaseSupport
LogPluginManager: Mounting plugin SQLiteCore
LogPluginManager: Mounting plugin SQLiteSupport
LogPluginManager: Mounting plugin OculusVR
LogPluginManager: Mounting plugin SteamShared
PixWinPlugin: PIX capture plugin failed to initialize! Check that the process is launched from PIX.
LogInit: Using libcurl 7.55.1-DEV
LogInit:  - built for x86_64-pc-win32
LogInit:  - supports SSL with OpenSSL/1.1.1
LogInit:  - supports HTTP deflate (compression) using libz 1.2.8
LogInit:  - other features:
LogInit:      CURL_VERSION_SSL
LogInit:      CURL_VERSION_LIBZ
LogInit:      CURL_VERSION_IPV6
LogInit:      CURL_VERSION_ASYNCHDNS
LogInit:      CURL_VERSION_LARGEFILE
LogInit:      CURL_VERSION_IDN
LogInit:  CurlRequestOptions (configurable via config and command line):
LogInit:  - bVerifyPeer = true  - Libcurl will verify peer certificate
LogInit:  - bUseHttpProxy = false  - Libcurl will NOT use HTTP proxy
LogInit:  - bDontReuseConnections = false  - Libcurl will reuse connections
LogInit:  - MaxHostConnections = 16  - Libcurl will limit the number of connections to a host
LogInit:  - LocalHostAddr = Default
LogInit:  - BufferSize = 65536
LogOnline: OSS: Creating online subsystem instance for: NULL
LogInit: WinSock: version 1.1 (2.2), MaxSocks=32767, MaxUdp=65467
LogOnline: OSS: TryLoadSubsystemAndSetDefault: Loaded subsystem for module [NULL]
LogOculusPluginWrapper: OculusPlugin initialized successfully
LogHMD: Failed initializing OVRPlugin 1.59.0
LogInit: Build: ++UE4+Release-4.27-CL-18319896
LogInit: Engine Version: 4.27.2-18319896+++UE4+Release-4.27
LogInit: Compatible Engine Version: 4.27.0-17155196+++UE4+Release-4.27
LogInit: Net CL: 17155196
LogInit: OS: Windows 10 (Release 2009) (), CPU: Intel(R) Core(TM) i7-8700 CPU @ 3.20GHz, GPU: NVIDIA GeForce GTX 1070
LogInit: Compiled (64-bit): Nov 30 2021 07:12:08
LogInit: Compiled with Visual C++: 19.24.28315.00
LogInit: Build Configuration: Development
LogInit: Branch Name: ++UE4+Release-4.27
LogInit: Command Line: -ResX=800 -ResY=900 -WinX=0 -WinY=20 -log -game
LogInit: Base Directory: D:/UE_4.27/Engine/Binaries/Win64/
LogInit: Allocator: TBB
LogInit: Installed Engine Build: 1
LogDevObjectVersion: Number of dev versions registered: 29
LogDevObjectVersion:   Dev-Blueprints (B0D832E4-1F89-4F0D-ACCF-7EB736FD4AA2): 10
LogDevObjectVersion:   Dev-Build (E1C64328-A22C-4D53-A36C-8E866417BD8C): 0
LogDevObjectVersion:   Dev-Core (375EC13C-06E4-48FB-B500-84F0262A717E): 4
LogDevObjectVersion:   Dev-Editor (E4B068ED-F494-42E9-A231-DA0B2E46BB41): 40
LogDevObjectVersion:   Dev-Framework (CFFC743F-43B0-4480-9391-14DF171D2073): 37
LogDevObjectVersion:   Dev-Mobile (B02B49B5-BB20-44E9-A304-32B752E40360): 3
LogDevObjectVersion:   Dev-Networking (A4E4105C-59A1-49B5-A7C5-40C4547EDFEE): 0
LogDevObjectVersion:   Dev-Online (39C831C9-5AE6-47DC-9A44-9C173E1C8E7C): 0
LogDevObjectVersion:   Dev-Physics (78F01B33-EBEA-4F98-B9B4-84EACCB95AA2): 14
LogDevObjectVersion:   Dev-Platform (6631380F-2D4D-43E0-8009-CF276956A95A): 0
LogDevObjectVersion:   Dev-Rendering (12F88B9F-8875-4AFC-A67C-D90C383ABD29): 45
LogDevObjectVersion:   Dev-Sequencer (7B5AE74C-D270-4C10-A958-57980B212A5A): 13
LogDevObjectVersion:   Dev-VR (D7296918-1DD6-4BDD-9DE2-64A83CC13884): 3
LogDevObjectVersion:   Dev-LoadTimes (C2A15278-BFE7-4AFE-6C17-90FF531DF755): 1
LogDevObjectVersion:   Private-Geometry (6EACA3D4-40EC-4CC1-B786-8BED09428FC5): 3
LogDevObjectVersion:   Dev-AnimPhys (29E575DD-E0A3-4627-9D10-D276232CDCEA): 17
LogDevObjectVersion:   Dev-Anim (AF43A65D-7FD3-4947-9873-3E8ED9C1BB05): 15
LogDevObjectVersion:   Dev-ReflectionCapture (6B266CEC-1EC7-4B8F-A30B-E4D90942FC07): 1
LogDevObjectVersion:   Dev-Automation (0DF73D61-A23F-47EA-B727-89E90C41499A): 1
LogDevObjectVersion:   FortniteMain (601D1886-AC64-4F84-AA16-D3DE0DEAC7D6): 47
LogDevObjectVersion:   FortniteRelease (E7086368-6B23-4C58-8439-1B7016265E91): 1
LogDevObjectVersion:   Dev-Enterprise (9DFFBCD6-494F-0158-E221-12823C92A888): 10
LogDevObjectVersion:   Dev-Niagara (F2AED0AC-9AFE-416F-8664-AA7FFA26D6FC): 1
LogDevObjectVersion:   Dev-Destruction (174F1F0B-B4C6-45A5-B13F-2EE8D0FB917D): 10
LogDevObjectVersion:   Dev-Physics-Ext (35F94A83-E258-406C-A318-09F59610247C): 41
LogDevObjectVersion:   Dev-PhysicsMaterial-Chaos (B68FC16E-8B1B-42E2-B453-215C058844FE): 1
LogDevObjectVersion:   Dev-CineCamera (B2E18506-4273-CFC2-A54E-F4BB758BBA07): 1
LogDevObjectVersion:   Dev-VirtualProduction (64F58936-FD1B-42BA-BA96-7289D5D0FA4E): 1
LogDevObjectVersion:   Dev-MediaFramework (6F0ED827-A609-4895-9C91-998D90180EA4): 2
LogInit: Presizing for max 25165824 objects, including 0 objects not considered by GC, pre-allocating 0 bytes for permanent pool.
LogConfig: Applying CVar settings from Section [/Script/Engine.StreamingSettings] File [D:/GitHub/GAME259-2022-A/GAME259_A_URE/Saved/Config/Windows/Engine.ini]
LogConfig: Setting CVar [[s.MinBulkDataSizeForAsyncLoading:131072]]
LogConfig: Setting CVar [[s.AsyncLoadingThreadEnabled:0]]
LogConfig: Setting CVar [[s.EventDrivenLoaderEnabled:1]]
LogConfig: Setting CVar [[s.WarnIfTimeLimitExceeded:0]]
LogConfig: Setting CVar [[s.TimeLimitExceededMultiplier:1.5]]
LogConfig: Setting CVar [[s.TimeLimitExceededMinTime:0.005]]
LogConfig: Setting CVar [[s.UseBackgroundLevelStreaming:1]]
LogConfig: Setting CVar [[s.PriorityAsyncLoadingExtraTime:15.0]]
LogConfig: Setting CVar [[s.LevelStreamingActorsUpdateTimeLimit:5.0]]
LogConfig: Setting CVar [[s.PriorityLevelStreamingActorsUpdateExtraTime:5.0]]
LogConfig: Setting CVar [[s.LevelStreamingComponentsRegistrationGranularity:10]]
LogConfig: Setting CVar [[s.UnregisterComponentsTimeLimit:1.0]]
LogConfig: Setting CVar [[s.LevelStreamingComponentsUnregistrationGranularity:5]]
LogConfig: Setting CVar [[s.FlushStreamingOnExit:1]]
LogInit: Object subsystem initialized
LogConfig: Setting CVar [[con.DebugEarlyDefault:1]]
LogConfig: Setting CVar [[r.setres:1280x720]]
[2022.02.21-19.07.49:822][  0]LogConfig: Setting CVar [[con.DebugEarlyDefault:1]]
[2022.02.21-19.07.49:822][  0]LogConfig: Setting CVar [[r.setres:1280x720]]
[2022.02.21-19.07.49:823][  0]LogConfig: Applying CVar settings from Section [/Script/Engine.RendererSettings] File [D:/GitHub/GAME259-2022-A/GAME259_A_URE/Saved/Config/Windows/Engine.ini]
[2022.02.21-19.07.49:823][  0]LogConfig: Setting CVar [[r.GPUCrashDebugging:0]]
[2022.02.21-19.07.49:823][  0]LogConfig: Applying CVar settings from Section [/Script/Engine.RendererOverrideSettings] File [D:/GitHub/GAME259-2022-A/GAME259_A_URE/Saved/Config/Windows/Engine.ini]
[2022.02.21-19.07.49:824][  0]LogConfig: Applying CVar settings from Section [/Script/Engine.StreamingSettings] File [D:/GitHub/GAME259-2022-A/GAME259_A_URE/Saved/Config/Windows/Engine.ini]
[2022.02.21-19.07.49:824][  0]LogConfig: Setting CVar [[s.MinBulkDataSizeForAsyncLoading:131072]]
[2022.02.21-19.07.49:824][  0]LogConfig: Setting CVar [[s.AsyncLoadingThreadEnabled:0]]
[2022.02.21-19.07.49:825][  0]LogConfig: Setting CVar [[s.EventDrivenLoaderEnabled:1]]
[2022.02.21-19.07.49:825][  0]LogConfig: Setting CVar [[s.WarnIfTimeLimitExceeded:0]]
[2022.02.21-19.07.49:825][  0]LogConfig: Setting CVar [[s.TimeLimitExceededMultiplier:1.5]]
[2022.02.21-19.07.49:826][  0]LogConfig: Setting CVar [[s.TimeLimitExceededMinTime:0.005]]
[2022.02.21-19.07.49:826][  0]LogConfig: Setting CVar [[s.UseBackgroundLevelStreaming:1]]
[2022.02.21-19.07.49:826][  0]LogConfig: Setting CVar [[s.PriorityAsyncLoadingExtraTime:15.0]]
[2022.02.21-19.07.49:827][  0]LogConfig: Setting CVar [[s.LevelStreamingActorsUpdateTimeLimit:5.0]]
[2022.02.21-19.07.49:827][  0]LogConfig: Setting CVar [[s.PriorityLevelStreamingActorsUpdateExtraTime:5.0]]
[2022.02.21-19.07.49:827][  0]LogConfig: Setting CVar [[s.LevelStreamingComponentsRegistrationGranularity:10]]
[2022.02.21-19.07.49:827][  0]LogConfig: Setting CVar [[s.UnregisterComponentsTimeLimit:1.0]]
[2022.02.21-19.07.49:828][  0]LogConfig: Setting CVar [[s.LevelStreamingComponentsUnregistrationGranularity:5]]
[2022.02.21-19.07.49:828][  0]LogConfig: Setting CVar [[s.FlushStreamingOnExit:1]]
[2022.02.21-19.07.49:828][  0]LogConfig: Applying CVar settings from Section [/Script/Engine.GarbageCollectionSettings] File [D:/GitHub/GAME259-2022-A/GAME259_A_URE/Saved/Config/Windows/Engine.ini]
[2022.02.21-19.07.49:829][  0]LogConfig: Setting CVar [[gc.MaxObjectsNotConsideredByGC:1]]
[2022.02.21-19.07.49:832][  0]LogConfig: Setting CVar [[gc.SizeOfPermanentObjectPool:0]]
[2022.02.21-19.07.49:832][  0]LogConfig: Setting CVar [[gc.FlushStreamingOnGC:0]]
[2022.02.21-19.07.49:833][  0]LogConfig: Setting CVar [[gc.NumRetriesBeforeForcingGC:10]]
[2022.02.21-19.07.49:833][  0]LogConfig: Setting CVar [[gc.AllowParallelGC:1]]
[2022.02.21-19.07.49:833][  0]LogConfig: Setting CVar [[gc.TimeBetweenPurgingPendingKillObjects:61.1]]
[2022.02.21-19.07.49:833][  0]LogConfig: Setting CVar [[gc.MaxObjectsInEditor:25165824]]
[2022.02.21-19.07.49:834][  0]LogConfig: Setting CVar [[gc.IncrementalBeginDestroyEnabled:1]]
[2022.02.21-19.07.49:834][  0]LogConfig: Setting CVar [[gc.CreateGCClusters:1]]
[2022.02.21-19.07.49:834][  0]LogConfig: Setting CVar [[gc.MinGCClusterSize:5]]
[2022.02.21-19.07.49:835][  0]LogConfig: Setting CVar [[gc.ActorClusteringEnabled:0]]
[2022.02.21-19.07.49:835][  0]LogConfig: Setting CVar [[gc.BlueprintClusteringEnabled:0]]
[2022.02.21-19.07.49:835][  0]LogConfig: Setting CVar [[gc.UseDisregardForGCOnDedicatedServers:0]]
[2022.02.21-19.07.49:836][  0]LogConfig: Setting CVar [[gc.MultithreadedDestructionEnabled:1]]
[2022.02.21-19.07.49:836][  0]LogConfig: Applying CVar settings from Section [/Script/Engine.NetworkSettings] File [D:/GitHub/GAME259-2022-A/GAME259_A_URE/Saved/Config/Windows/Engine.ini]
[2022.02.21-19.07.49:836][  0]LogConfig: Applying CVar settings from Section [/Script/UnrealEd.CookerSettings] File [D:/GitHub/GAME259-2022-A/GAME259_A_URE/Saved/Config/Windows/Engine.ini]
[2022.02.21-19.07.49:862][  0]LogConfig: Applying CVar settings from Section [ViewDistanceQuality@3] File [D:/GitHub/GAME259-2022-A/GAME259_A_URE/Saved/Config/Windows/Scalability.ini]
[2022.02.21-19.07.49:862][  0]LogConfig: Setting CVar [[r.SkeletalMeshLODBias:0]]
[2022.02.21-19.07.49:863][  0]LogConfig: Setting CVar [[r.ViewDistanceScale:1.0]]
[2022.02.21-19.07.49:863][  0]LogConfig: Applying CVar settings from Section [AntiAliasingQuality@3] File [D:/GitHub/GAME259-2022-A/GAME259_A_URE/Saved/Config/Windows/Scalability.ini]
[2022.02.21-19.07.49:864][  0]LogConfig: Setting CVar [[r.PostProcessAAQuality:4]]
[2022.02.21-19.07.49:864][  0]LogConfig: Applying CVar settings from Section [ShadowQuality@3] File [D:/GitHub/GAME259-2022-A/GAME259_A_URE/Saved/Config/Windows/Scalability.ini]
[2022.02.21-19.07.49:865][  0]LogConfig: Setting CVar [[r.LightFunctionQuality:1]]
[2022.02.21-19.07.49:865][  0]LogConfig: Setting CVar [[r.ShadowQuality:5]]
[2022.02.21-19.07.49:865][  0]LogConfig: Setting CVar [[r.Shadow.CSM.MaxCascades:10]]
[2022.02.21-19.07.49:866][  0]LogConfig: Setting CVar [[r.Shadow.MaxResolution:2048]]
[2022.02.21-19.07.49:866][  0]LogConfig: Setting CVar [[r.Shadow.MaxCSMResolution:2048]]
[2022.02.21-19.07.49:866][  0]LogConfig: Setting CVar [[r.Shadow.RadiusThreshold:0.01]]
[2022.02.21-19.07.49:867][  0]LogConfig: Setting CVar [[r.Shadow.DistanceScale:1.0]]
[2022.02.21-19.07.49:867][  0]LogConfig: Setting CVar [[r.Shadow.CSM.TransitionScale:1.0]]
[2022.02.21-19.07.49:867][  0]LogConfig: Setting CVar [[r.Shadow.PreShadowResolutionFactor:1.0]]
[2022.02.21-19.07.49:868][  0]LogConfig: Setting CVar [[r.DistanceFieldShadowing:1]]
[2022.02.21-19.07.49:868][  0]LogConfig: Setting CVar [[r.DistanceFieldAO:1]]
[2022.02.21-19.07.49:868][  0]LogConfig: Setting CVar [[r.AOQuality:2]]
[2022.02.21-19.07.49:869][  0]LogConfig: Setting CVar [[r.VolumetricFog:1]]
[2022.02.21-19.07.49:869][  0]LogConfig: Setting CVar [[r.VolumetricFog.GridPixelSize:8]]
[2022.02.21-19.07.49:869][  0]LogConfig: Setting CVar [[r.VolumetricFog.GridSizeZ:128]]
[2022.02.21-19.07.49:870][  0]LogConfig: Setting CVar [[r.VolumetricFog.HistoryMissSupersampleCount:4]]
[2022.02.21-19.07.49:870][  0]LogConfig: Setting CVar [[r.LightMaxDrawDistanceScale:1]]
[2022.02.21-19.07.49:870][  0]LogConfig: Setting CVar [[r.CapsuleShadows:1]]
[2022.02.21-19.07.49:871][  0]LogConfig: Applying CVar settings from Section [PostProcessQuality@3] File [D:/GitHub/GAME259-2022-A/GAME259_A_URE/Saved/Config/Windows/Scalability.ini]
[2022.02.21-19.07.49:871][  0]LogConfig: Setting CVar [[r.MotionBlurQuality:4]]
[2022.02.21-19.07.49:871][  0]LogConfig: Setting CVar [[r.AmbientOcclusionMipLevelFactor:0.4]]
[2022.02.21-19.07.49:872][  0]LogConfig: Setting CVar [[r.AmbientOcclusionMaxQuality:100]]
[2022.02.21-19.07.49:876][  0]LogConfig: Setting CVar [[r.AmbientOcclusionLevels:-1]]
[2022.02.21-19.07.49:876][  0]LogConfig: Setting CVar [[r.AmbientOcclusionRadiusScale:1.0]]
[2022.02.21-19.07.49:877][  0]LogConfig: Setting CVar [[r.DepthOfFieldQuality:2]]
[2022.02.21-19.07.49:877][  0]LogConfig: Setting CVar [[r.RenderTargetPoolMin:400]]
[2022.02.21-19.07.49:878][  0]LogConfig: Setting CVar [[r.LensFlareQuality:2]]
[2022.02.21-19.07.49:878][  0]LogConfig: Setting CVar [[r.SceneColorFringeQuality:1]]
[2022.02.21-19.07.49:878][  0]LogConfig: Setting CVar [[r.EyeAdaptationQuality:2]]
[2022.02.21-19.07.49:879][  0]LogConfig: Setting CVar [[r.BloomQuality:5]]
[2022.02.21-19.07.49:879][  0]LogConfig: Setting CVar [[r.FastBlurThreshold:100]]
[2022.02.21-19.07.49:880][  0]LogConfig: Setting CVar [[r.Upscale.Quality:3]]
[2022.02.21-19.07.49:880][  0]LogConfig: Setting CVar [[r.Tonemapper.GrainQuantization:1]]
[2022.02.21-19.07.49:881][  0]LogConfig: Setting CVar [[r.LightShaftQuality:1]]
[2022.02.21-19.07.49:881][  0]LogConfig: Setting CVar [[r.Filter.SizeScale:1]]
[2022.02.21-19.07.49:881][  0]LogConfig: Setting CVar [[r.Tonemapper.Quality:5]]
[2022.02.21-19.07.49:882][  0]LogConfig: Setting CVar [[r.DOF.Gather.AccumulatorQuality:1        ; higher gathering accumulator quality]]
[2022.02.21-19.07.49:882][  0]LogConfig: Setting CVar [[r.DOF.Gather.PostfilterMethod:1          ; Median3x3 postfilering method]]
[2022.02.21-19.07.49:882][  0]LogConfig: Setting CVar [[r.DOF.Gather.EnableBokehSettings:0       ; no bokeh simulation when gathering]]
[2022.02.21-19.07.49:883][  0]LogConfig: Setting CVar [[r.DOF.Gather.RingCount:4                 ; medium number of samples when gathering]]
[2022.02.21-19.07.49:883][  0]LogConfig: Setting CVar [[r.DOF.Scatter.ForegroundCompositing:1    ; additive foreground scattering]]
[2022.02.21-19.07.49:884][  0]LogConfig: Setting CVar [[r.DOF.Scatter.BackgroundCompositing:2    ; additive background scattering]]
[2022.02.21-19.07.49:884][  0]LogConfig: Setting CVar [[r.DOF.Scatter.EnableBokehSettings:1      ; bokeh simulation when scattering]]
[2022.02.21-19.07.49:884][  0]LogConfig: Setting CVar [[r.DOF.Scatter.MaxSpriteRatio:0.1         ; only a maximum of 10% of scattered bokeh]]
[2022.02.21-19.07.49:885][  0]LogConfig: Setting CVar [[r.DOF.Recombine.Quality:1                ; cheap slight out of focus]]
[2022.02.21-19.07.49:888][  0]LogConfig: Setting CVar [[r.DOF.Recombine.EnableBokehSettings:0    ; no bokeh simulation on slight out of focus]]
[2022.02.21-19.07.49:888][  0]LogConfig: Setting CVar [[r.DOF.TemporalAAQuality:1                ; more stable temporal accumulation]]
[2022.02.21-19.07.49:889][  0]LogConfig: Setting CVar [[r.DOF.Kernel.MaxForegroundRadius:0.025]]
[2022.02.21-19.07.49:889][  0]LogConfig: Setting CVar [[r.DOF.Kernel.MaxBackgroundRadius:0.025]]
[2022.02.21-19.07.49:890][  0]LogConfig: Applying CVar settings from Section [TextureQuality@3] File [D:/GitHub/GAME259-2022-A/GAME259_A_URE/Saved/Config/Windows/Scalability.ini]
[2022.02.21-19.07.49:890][  0]LogConfig: Setting CVar [[r.Streaming.MipBias:0]]
[2022.02.21-19.07.49:890][  0]LogConfig: Setting CVar [[r.Streaming.AmortizeCPUToGPUCopy:0]]
[2022.02.21-19.07.49:891][  0]LogConfig: Setting CVar [[r.Streaming.MaxNumTexturesToStreamPerFrame:0]]
[2022.02.21-19.07.49:891][  0]LogConfig: Setting CVar [[r.Streaming.Boost:1]]
[2022.02.21-19.07.49:892][  0]LogConfig: Setting CVar [[r.MaxAnisotropy:8]]
[2022.02.21-19.07.49:892][  0]LogConfig: Setting CVar [[r.VT.MaxAnisotropy:8]]
[2022.02.21-19.07.49:892][  0]LogConfig: Setting CVar [[r.Streaming.LimitPoolSizeToVRAM:0]]
[2022.02.21-19.07.49:893][  0]LogConfig: Setting CVar [[r.Streaming.PoolSize:1000]]
[2022.02.21-19.07.49:893][  0]LogConfig: Setting CVar [[r.Streaming.MaxEffectiveScreenSize:0]]
[2022.02.21-19.07.49:894][  0]LogConfig: Applying CVar settings from Section [EffectsQuality@3] File [D:/GitHub/GAME259-2022-A/GAME259_A_URE/Saved/Config/Windows/Scalability.ini]
[2022.02.21-19.07.49:894][  0]LogConfig: Setting CVar [[r.TranslucencyLightingVolumeDim:64]]
[2022.02.21-19.07.49:894][  0]LogConfig: Setting CVar [[r.RefractionQuality:2]]
[2022.02.21-19.07.49:895][  0]LogConfig: Setting CVar [[r.SSR.Quality:3]]
[2022.02.21-19.07.49:895][  0]LogConfig: Setting CVar [[r.SSR.HalfResSceneColor:0]]
[2022.02.21-19.07.49:895][  0]LogConfig: Setting CVar [[r.SceneColorFormat:4]]
[2022.02.21-19.07.49:896][  0]LogConfig: Setting CVar [[r.DetailMode:2]]
[2022.02.21-19.07.49:896][  0]LogConfig: Setting CVar [[r.TranslucencyVolumeBlur:1]]
[2022.02.21-19.07.49:897][  0]LogConfig: Setting CVar [[r.MaterialQualityLevel:1 ; High quality]]
[2022.02.21-19.07.49:900][  0]LogConfig: Setting CVar [[r.AnisotropicMaterials:1]]
[2022.02.21-19.07.49:901][  0]LogConfig: Setting CVar [[r.SSS.Scale:1]]
[2022.02.21-19.07.49:901][  0]LogConfig: Setting CVar [[r.SSS.SampleSet:2]]
[2022.02.21-19.07.49:901][  0]LogConfig: Setting CVar [[r.SSS.Quality:1]]
[2022.02.21-19.07.49:902][  0]LogConfig: Setting CVar [[r.SSS.HalfRes:0]]
[2022.02.21-19.07.49:902][  0]LogConfig: Setting CVar [[r.SSGI.Quality:3]]
[2022.02.21-19.07.49:903][  0]LogConfig: Setting CVar [[r.EmitterSpawnRateScale:1.0]]
[2022.02.21-19.07.49:903][  0]LogConfig: Setting CVar [[r.ParticleLightQuality:2]]
[2022.02.21-19.07.49:903][  0]LogConfig: Setting CVar [[r.SkyAtmosphere.AerialPerspectiveLUT.FastApplyOnOpaque:1 ; Always have FastSkyLUT 1 in this case to avoid wrong sky]]
[2022.02.21-19.07.49:904][  0]LogConfig: Setting CVar [[r.SkyAtmosphere.AerialPerspectiveLUT.SampleCountMaxPerSlice:4]]
[2022.02.21-19.07.49:904][  0]LogConfig: Setting CVar [[r.SkyAtmosphere.AerialPerspectiveLUT.DepthResolution:16.0]]
[2022.02.21-19.07.49:905][  0]LogConfig: Setting CVar [[r.SkyAtmosphere.FastSkyLUT:1]]
[2022.02.21-19.07.49:905][  0]LogConfig: Setting CVar [[r.SkyAtmosphere.FastSkyLUT.SampleCountMin:4.0]]
[2022.02.21-19.07.49:906][  0]LogConfig: Setting CVar [[r.SkyAtmosphere.FastSkyLUT.SampleCountMax:128.0]]
[2022.02.21-19.07.49:906][  0]LogConfig: Setting CVar [[r.SkyAtmosphere.SampleCountMin:4.0]]
[2022.02.21-19.07.49:906][  0]LogConfig: Setting CVar [[r.SkyAtmosphere.SampleCountMax:128.0]]
[2022.02.21-19.07.49:907][  0]LogConfig: Setting CVar [[r.SkyAtmosphere.TransmittanceLUT.UseSmallFormat:0]]
[2022.02.21-19.07.49:907][  0]LogConfig: Setting CVar [[r.SkyAtmosphere.TransmittanceLUT.SampleCount:10.0]]
[2022.02.21-19.07.49:907][  0]LogConfig: Setting CVar [[r.SkyAtmosphere.MultiScatteringLUT.SampleCount:15.0]]
[2022.02.21-19.07.49:908][  0]LogConfig: Setting CVar [[r.SkyLight.RealTimeReflectionCapture:1]]
[2022.02.21-19.07.49:908][  0]LogConfig: Applying CVar settings from Section [FoliageQuality@3] File [D:/GitHub/GAME259-2022-A/GAME259_A_URE/Saved/Config/Windows/Scalability.ini]
[2022.02.21-19.07.49:909][  0]LogConfig: Setting CVar [[foliage.DensityScale:1.0]]
[2022.02.21-19.07.49:912][  0]LogConfig: Setting CVar [[grass.DensityScale:1.0]]
[2022.02.21-19.07.49:912][  0]LogConfig: Applying CVar settings from Section [ShadingQuality@3] File [D:/GitHub/GAME259-2022-A/GAME259_A_URE/Saved/Config/Windows/Scalability.ini]
[2022.02.21-19.07.49:913][  0]LogConfig: Setting CVar [[r.HairStrands.SkyLighting.IntegrationType:2]]
[2022.02.21-19.07.49:913][  0]LogConfig: Setting CVar [[r.HairStrands.SkyAO.SampleCount:4]]
[2022.02.21-19.07.49:914][  0]LogConfig: Setting CVar [[r.HairStrands.Visibility.MSAA.SamplePerPixel:4]]
[2022.02.21-19.07.49:914][  0]LogInit: Selected Device Profile: [Windows]
[2022.02.21-19.07.49:915][  0]LogInit: Applying CVar settings loaded from the selected device profile: [Windows]
[2022.02.21-19.07.49:915][  0]LogHAL: Display: Platform has ~ 16 GB [17065410560 / 17179869184 / 16], which maps to Larger [LargestMinGB=32, LargerMinGB=12, DefaultMinGB=8, SmallerMinGB=6, SmallestMinGB=0)
[2022.02.21-19.07.49:916][  0]LogInit: Going up to parent DeviceProfile []
[2022.02.21-19.07.49:916][  0]LogConfig: Applying CVar settings from Section [ViewDistanceQuality@3] File [D:/GitHub/GAME259-2022-A/GAME259_A_URE/Saved/Config/Windows/Scalability.ini]
[2022.02.21-19.07.49:916][  0]LogConfig: Setting CVar [[r.SkeletalMeshLODBias:0]]
[2022.02.21-19.07.49:917][  0]LogConfig: Setting CVar [[r.ViewDistanceScale:1.0]]
[2022.02.21-19.07.49:917][  0]LogConfig: Applying CVar settings from Section [AntiAliasingQuality@3] File [D:/GitHub/GAME259-2022-A/GAME259_A_URE/Saved/Config/Windows/Scalability.ini]
[2022.02.21-19.07.49:918][  0]LogConfig: Setting CVar [[r.PostProcessAAQuality:4]]
[2022.02.21-19.07.49:918][  0]LogConfig: Applying CVar settings from Section [ShadowQuality@3] File [D:/GitHub/GAME259-2022-A/GAME259_A_URE/Saved/Config/Windows/Scalability.ini]
[2022.02.21-19.07.49:918][  0]LogConfig: Setting CVar [[r.LightFunctionQuality:1]]
[2022.02.21-19.07.49:919][  0]LogConfig: Setting CVar [[r.ShadowQuality:5]]
[2022.02.21-19.07.49:919][  0]LogConfig: Setting CVar [[r.Shadow.CSM.MaxCascades:10]]
[2022.02.21-19.07.49:919][  0]LogConfig: Setting CVar [[r.Shadow.MaxResolution:2048]]
[2022.02.21-19.07.49:919][  0]LogConfig: Setting CVar [[r.Shadow.MaxCSMResolution:2048]]
[2022.02.21-19.07.49:920][  0]LogConfig: Setting CVar [[r.Shadow.RadiusThreshold:0.01]]
[2022.02.21-19.07.49:920][  0]LogConfig: Setting CVar [[r.Shadow.DistanceScale:1.0]]
[2022.02.21-19.07.49:920][  0]LogConfig: Setting CVar [[r.Shadow.CSM.TransitionScale:1.0]]
[2022.02.21-19.07.49:921][  0]LogConfig: Setting CVar [[r.Shadow.PreShadowResolutionFactor:1.0]]
[2022.02.21-19.07.49:924][  0]LogConfig: Setting CVar [[r.DistanceFieldShadowing:1]]
[2022.02.21-19.07.49:924][  0]LogConfig: Setting CVar [[r.DistanceFieldAO:1]]
[2022.02.21-19.07.49:925][  0]LogConfig: Setting CVar [[r.AOQuality:2]]
[2022.02.21-19.07.49:925][  0]LogConfig: Setting CVar [[r.VolumetricFog:1]]
[2022.02.21-19.07.49:926][  0]LogConfig: Setting CVar [[r.VolumetricFog.GridPixelSize:8]]
[2022.02.21-19.07.49:926][  0]LogConfig: Setting CVar [[r.VolumetricFog.GridSizeZ:128]]
[2022.02.21-19.07.49:926][  0]LogConfig: Setting CVar [[r.VolumetricFog.HistoryMissSupersampleCount:4]]
[2022.02.21-19.07.49:927][  0]LogConfig: Setting CVar [[r.LightMaxDrawDistanceScale:1]]
[2022.02.21-19.07.49:927][  0]LogConfig: Setting CVar [[r.CapsuleShadows:1]]
[2022.02.21-19.07.49:927][  0]LogConfig: Applying CVar settings from Section [PostProcessQuality@3] File [D:/GitHub/GAME259-2022-A/GAME259_A_URE/Saved/Config/Windows/Scalability.ini]
[2022.02.21-19.07.49:928][  0]LogConfig: Setting CVar [[r.MotionBlurQuality:4]]
[2022.02.21-19.07.49:928][  0]LogConfig: Setting CVar [[r.AmbientOcclusionMipLevelFactor:0.4]]
[2022.02.21-19.07.49:928][  0]LogConfig: Setting CVar [[r.AmbientOcclusionMaxQuality:100]]
[2022.02.21-19.07.49:929][  0]LogConfig: Setting CVar [[r.AmbientOcclusionLevels:-1]]
[2022.02.21-19.07.49:929][  0]LogConfig: Setting CVar [[r.AmbientOcclusionRadiusScale:1.0]]
[2022.02.21-19.07.49:929][  0]LogConfig: Setting CVar [[r.DepthOfFieldQuality:2]]
[2022.02.21-19.07.49:929][  0]LogConfig: Setting CVar [[r.RenderTargetPoolMin:400]]
[2022.02.21-19.07.49:930][  0]LogConfig: Setting CVar [[r.LensFlareQuality:2]]
[2022.02.21-19.07.49:930][  0]LogConfig: Setting CVar [[r.SceneColorFringeQuality:1]]
[2022.02.21-19.07.49:930][  0]LogConfig: Setting CVar [[r.EyeAdaptationQuality:2]]
[2022.02.21-19.07.49:931][  0]LogConfig: Setting CVar [[r.BloomQuality:5]]
[2022.02.21-19.07.49:931][  0]LogConfig: Setting CVar [[r.FastBlurThreshold:100]]
[2022.02.21-19.07.49:931][  0]LogConfig: Setting CVar [[r.Upscale.Quality:3]]
[2022.02.21-19.07.49:932][  0]LogConfig: Setting CVar [[r.Tonemapper.GrainQuantization:1]]
[2022.02.21-19.07.49:932][  0]LogConfig: Setting CVar [[r.LightShaftQuality:1]]
[2022.02.21-19.07.49:932][  0]LogConfig: Setting CVar [[r.Filter.SizeScale:1]]
[2022.02.21-19.07.49:933][  0]LogConfig: Setting CVar [[r.Tonemapper.Quality:5]]
[2022.02.21-19.07.49:936][  0]LogConfig: Setting CVar [[r.DOF.Gather.AccumulatorQuality:1        ; higher gathering accumulator quality]]
[2022.02.21-19.07.49:936][  0]LogConfig: Setting CVar [[r.DOF.Gather.PostfilterMethod:1          ; Median3x3 postfilering method]]
[2022.02.21-19.07.49:937][  0]LogConfig: Setting CVar [[r.DOF.Gather.EnableBokehSettings:0       ; no bokeh simulation when gathering]]
[2022.02.21-19.07.49:937][  0]LogConfig: Setting CVar [[r.DOF.Gather.RingCount:4                 ; medium number of samples when gathering]]
[2022.02.21-19.07.49:937][  0]LogConfig: Setting CVar [[r.DOF.Scatter.ForegroundCompositing:1    ; additive foreground scattering]]
[2022.02.21-19.07.49:938][  0]LogConfig: Setting CVar [[r.DOF.Scatter.BackgroundCompositing:2    ; additive background scattering]]
[2022.02.21-19.07.49:938][  0]LogConfig: Setting CVar [[r.DOF.Scatter.EnableBokehSettings:1      ; bokeh simulation when scattering]]
[2022.02.21-19.07.49:938][  0]LogConfig: Setting CVar [[r.DOF.Scatter.MaxSpriteRatio:0.1         ; only a maximum of 10% of scattered bokeh]]
[2022.02.21-19.07.49:939][  0]LogConfig: Setting CVar [[r.DOF.Recombine.Quality:1                ; cheap slight out of focus]]
[2022.02.21-19.07.49:939][  0]LogConfig: Setting CVar [[r.DOF.Recombine.EnableBokehSettings:0    ; no bokeh simulation on slight out of focus]]
[2022.02.21-19.07.49:940][  0]LogConfig: Setting CVar [[r.DOF.TemporalAAQuality:1                ; more stable temporal accumulation]]
[2022.02.21-19.07.49:941][  0]LogConfig: Setting CVar [[r.DOF.Kernel.MaxForegroundRadius:0.025]]
[2022.02.21-19.07.49:941][  0]LogConfig: Setting CVar [[r.DOF.Kernel.MaxBackgroundRadius:0.025]]
[2022.02.21-19.07.49:943][  0]LogConfig: Applying CVar settings from Section [TextureQuality@3] File [D:/GitHub/GAME259-2022-A/GAME259_A_URE/Saved/Config/Windows/Scalability.ini]
[2022.02.21-19.07.49:943][  0]LogConfig: Setting CVar [[r.Streaming.MipBias:0]]
[2022.02.21-19.07.49:943][  0]LogConfig: Setting CVar [[r.Streaming.AmortizeCPUToGPUCopy:0]]
[2022.02.21-19.07.49:944][  0]LogConfig: Setting CVar [[r.Streaming.MaxNumTexturesToStreamPerFrame:0]]
[2022.02.21-19.07.49:946][  0]LogConfig: Setting CVar [[r.Streaming.Boost:1]]
[2022.02.21-19.07.49:947][  0]LogConfig: Setting CVar [[r.MaxAnisotropy:8]]
[2022.02.21-19.07.49:947][  0]LogConfig: Setting CVar [[r.VT.MaxAnisotropy:8]]
[2022.02.21-19.07.49:947][  0]LogConfig: Setting CVar [[r.Streaming.LimitPoolSizeToVRAM:0]]
[2022.02.21-19.07.49:948][  0]LogConfig: Setting CVar [[r.Streaming.PoolSize:1000]]
[2022.02.21-19.07.49:948][  0]LogConfig: Setting CVar [[r.Streaming.MaxEffectiveScreenSize:0]]
[2022.02.21-19.07.49:948][  0]LogConfig: Applying CVar settings from Section [EffectsQuality@3] File [D:/GitHub/GAME259-2022-A/GAME259_A_URE/Saved/Config/Windows/Scalability.ini]
[2022.02.21-19.07.49:949][  0]LogConfig: Setting CVar [[r.TranslucencyLightingVolumeDim:64]]
[2022.02.21-19.07.49:949][  0]LogConfig: Setting CVar [[r.RefractionQuality:2]]
[2022.02.21-19.07.49:949][  0]LogConfig: Setting CVar [[r.SSR.Quality:3]]
[2022.02.21-19.07.49:950][  0]LogConfig: Setting CVar [[r.SSR.HalfResSceneColor:0]]
[2022.02.21-19.07.49:950][  0]LogConfig: Setting CVar [[r.SceneColorFormat:4]]
[2022.02.21-19.07.49:950][  0]LogConfig: Setting CVar [[r.DetailMode:2]]
[2022.02.21-19.07.49:951][  0]LogConfig: Setting CVar [[r.TranslucencyVolumeBlur:1]]
[2022.02.21-19.07.49:951][  0]LogConfig: Setting CVar [[r.MaterialQualityLevel:1 ; High quality]]
[2022.02.21-19.07.49:951][  0]LogConfig: Setting CVar [[r.AnisotropicMaterials:1]]
[2022.02.21-19.07.49:952][  0]LogConfig: Setting CVar [[r.SSS.Scale:1]]
[2022.02.21-19.07.49:952][  0]LogConfig: Setting CVar [[r.SSS.SampleSet:2]]
[2022.02.21-19.07.49:952][  0]LogConfig: Setting CVar [[r.SSS.Quality:1]]
[2022.02.21-19.07.49:953][  0]LogConfig: Setting CVar [[r.SSS.HalfRes:0]]
[2022.02.21-19.07.49:953][  0]LogConfig: Setting CVar [[r.SSGI.Quality:3]]
[2022.02.21-19.07.49:953][  0]LogConfig: Setting CVar [[r.EmitterSpawnRateScale:1.0]]
[2022.02.21-19.07.49:954][  0]LogConfig: Setting CVar [[r.ParticleLightQuality:2]]
[2022.02.21-19.07.49:954][  0]LogConfig: Setting CVar [[r.SkyAtmosphere.AerialPerspectiveLUT.FastApplyOnOpaque:1 ; Always have FastSkyLUT 1 in this case to avoid wrong sky]]
[2022.02.21-19.07.49:954][  0]LogConfig: Setting CVar [[r.SkyAtmosphere.AerialPerspectiveLUT.SampleCountMaxPerSlice:4]]
[2022.02.21-19.07.49:955][  0]LogConfig: Setting CVar [[r.SkyAtmosphere.AerialPerspectiveLUT.DepthResolution:16.0]]
[2022.02.21-19.07.49:959][  0]LogConfig: Setting CVar [[r.SkyAtmosphere.FastSkyLUT:1]]
[2022.02.21-19.07.49:959][  0]LogConfig: Setting CVar [[r.SkyAtmosphere.FastSkyLUT.SampleCountMin:4.0]]
[2022.02.21-19.07.49:960][  0]LogConfig: Setting CVar [[r.SkyAtmosphere.FastSkyLUT.SampleCountMax:128.0]]
[2022.02.21-19.07.49:960][  0]LogConfig: Setting CVar [[r.SkyAtmosphere.SampleCountMin:4.0]]
[2022.02.21-19.07.49:960][  0]LogConfig: Setting CVar [[r.SkyAtmosphere.SampleCountMax:128.0]]
[2022.02.21-19.07.49:961][  0]LogConfig: Setting CVar [[r.SkyAtmosphere.TransmittanceLUT.UseSmallFormat:0]]
[2022.02.21-19.07.49:961][  0]LogConfig: Setting CVar [[r.SkyAtmosphere.TransmittanceLUT.SampleCount:10.0]]
[2022.02.21-19.07.49:961][  0]LogConfig: Setting CVar [[r.SkyAtmosphere.MultiScatteringLUT.SampleCount:15.0]]
[2022.02.21-19.07.49:962][  0]LogConfig: Setting CVar [[r.SkyLight.RealTimeReflectionCapture:1]]
[2022.02.21-19.07.49:962][  0]LogConfig: Applying CVar settings from Section [FoliageQuality@3] File [D:/GitHub/GAME259-2022-A/GAME259_A_URE/Saved/Config/Windows/Scalability.ini]
[2022.02.21-19.07.49:963][  0]LogConfig: Setting CVar [[foliage.DensityScale:1.0]]
[2022.02.21-19.07.49:963][  0]LogConfig: Setting CVar [[grass.DensityScale:1.0]]
[2022.02.21-19.07.49:963][  0]LogConfig: Applying CVar settings from Section [ShadingQuality@3] File [D:/GitHub/GAME259-2022-A/GAME259_A_URE/Saved/Config/Windows/Scalability.ini]
[2022.02.21-19.07.49:964][  0]LogConfig: Setting CVar [[r.HairStrands.SkyLighting.IntegrationType:2]]
[2022.02.21-19.07.49:964][  0]LogConfig: Setting CVar [[r.HairStrands.SkyAO.SampleCount:4]]
[2022.02.21-19.07.49:964][  0]LogConfig: Setting CVar [[r.HairStrands.Visibility.MSAA.SamplePerPixel:4]]
[2022.02.21-19.07.49:965][  0]LogConfig: Applying CVar settings from Section [Startup] File [../../../Engine/Config/ConsoleVariables.ini]
[2022.02.21-19.07.49:965][  0]LogConfig: Setting CVar [[net.UseAdaptiveNetUpdateFrequency:0]]
[2022.02.21-19.07.49:965][  0]LogConfig: Setting CVar [[p.chaos.AllowCreatePhysxBodies:1]]
[2022.02.21-19.07.49:966][  0]LogConfig: Setting CVar [[fx.SkipVectorVMBackendOptimizations:1]]
[2022.02.21-19.07.49:966][  0]LogConfig: Applying CVar settings from Section [ConsoleVariables] File [D:/GitHub/GAME259-2022-A/GAME259_A_URE/Saved/Config/Windows/Engine.ini]
[2022.02.21-19.07.49:966][  0]LogConfig: Applying CVar settings from Section [ConsoleVariables] File [D:/GitHub/GAME259-2022-A/GAME259_A_URE/Saved/Config/Windows/Editor.ini]
[2022.02.21-19.07.49:967][  0]LogInit: Computer: OMEN
[2022.02.21-19.07.49:970][  0]LogInit: User: James
[2022.02.21-19.07.49:970][  0]LogInit: CPU Page size=4096, Cores=6
[2022.02.21-19.07.49:971][  0]LogInit: High frequency timer resolution =10.000000 MHz
[2022.02.21-19.07.49:971][  0]LogMemory: Memory total: Physical=15.9GB (16GB approx)
[2022.02.21-19.07.49:971][  0]LogMemory: Platform Memory Stats for Windows
[2022.02.21-19.07.49:972][  0]LogMemory: Process Physical Memory: 148.95 MB used, 148.96 MB peak
[2022.02.21-19.07.49:972][  0]LogMemory: Process Virtual Memory: 131.95 MB used, 131.95 MB peak
[2022.02.21-19.07.49:972][  0]LogMemory: Physical Memory: 12343.27 MB used,  3931.58 MB free, 16274.84 MB total
[2022.02.21-19.07.49:973][  0]LogMemory: Virtual Memory: 134213968.00 MB used,  3758.66 MB free, 134217728.00 MB total
[2022.02.21-19.07.49:978][  0]LogWindows: WindowsPlatformFeatures enabled
[2022.02.21-19.07.50:018][  0]LogInit: Physics initialised using underlying interface: PhysX
[2022.02.21-19.07.50:018][  0]LogInit: Using OS detected language (en-US).
[2022.02.21-19.07.50:019][  0]LogInit: Using OS detected locale (en-US).
[2022.02.21-19.07.50:022][  0]LogTextLocalizationManager: No specific localization for 'en-US' exists, so the 'en' localization will be used.
[2022.02.21-19.07.50:202][  0]LogWindowsTextInputMethodSystem: Display: IME system deactivated.
[2022.02.21-19.07.50:245][  0]LogSlate: New Slate User Created.  User Index 0, Is Virtual User: 0
[2022.02.21-19.07.50:245][  0]LogSlate: Slate User Registered.  User Index 0, Is Virtual User: 0
[2022.02.21-19.07.50:280][  0]LogD3D11RHI: Loaded GFSDK_Aftermath_Lib.x64.dll
[2022.02.21-19.07.50:332][  0]LogHMD: Optional extension XR_VARJO_quad_views is not available
[2022.02.21-19.07.50:332][  0]LogHMD: Warning: Required extension XR_EXT_eye_gaze_interaction is not available
[2022.02.21-19.07.50:333][  0]LogHMD: Could not enable all required OpenXR extensions for OpenXREyeTracker on current system. This plugin will be loaded but ignored, but will be enabled on a target platform that supports the required extension.
[2022.02.21-19.07.50:837][  0]LogHMD: Failed to get an OpenXR system, result is XR_ERROR_FORM_FACTOR_UNAVAILABLE. Please check that your runtime supports VR headsets.
[2022.02.21-19.07.50:837][  0]LogD3D11RHI: D3D11 min allowed feature level: 11_0
[2022.02.21-19.07.50:839][  0]LogD3D11RHI: D3D11 max allowed feature level: 11_0
[2022.02.21-19.07.50:840][  0]LogD3D11RHI: D3D11 adapters:
[2022.02.21-19.07.50:933][  0]LogD3D11RHI:    0. 'NVIDIA GeForce GTX 1070' (Feature Level 11_0)
[2022.02.21-19.07.50:933][  0]LogD3D11RHI:       8088/0/8137 MB DedicatedVideo/DedicatedSystem/SharedSystem, Outputs:2, VendorId:0x10de
[2022.02.21-19.07.50:937][  0]LogD3D11RHI:    1. 'Microsoft Basic Render Driver' (Feature Level 11_0)
[2022.02.21-19.07.50:942][  0]LogD3D11RHI:       0/0/8137 MB DedicatedVideo/DedicatedSystem/SharedSystem, Outputs:0, VendorId:0x1414
[2022.02.21-19.07.50:946][  0]LogD3D11RHI: Chosen D3D11 Adapter:
[2022.02.21-19.07.50:948][  0]LogD3D11RHI:     Description : NVIDIA GeForce GTX 1070
[2022.02.21-19.07.50:953][  0]LogD3D11RHI:     VendorId    : 10de
[2022.02.21-19.07.50:953][  0]LogD3D11RHI:     DeviceId    : 1b81
[2022.02.21-19.07.50:954][  0]LogD3D11RHI:     SubSysId    : 82fb103c
[2022.02.21-19.07.50:954][  0]LogD3D11RHI:     Revision    : 00a1
[2022.02.21-19.07.50:955][  0]LogD3D11RHI:     DedicatedVideoMemory : 8480882688 bytes
[2022.02.21-19.07.50:955][  0]LogD3D11RHI:     DedicatedSystemMemory : 0 bytes
[2022.02.21-19.07.50:955][  0]LogD3D11RHI:     SharedSystemMemory : 8532705280 bytes
[2022.02.21-19.07.50:955][  0]LogD3D11RHI:     AdapterLuid : 0 89200
[2022.02.21-19.07.50:965][  0]LogD3D11RHI: Creating new Direct3DDevice
[2022.02.21-19.07.50:966][  0]LogD3D11RHI:     GPU DeviceId: 0x1b81 (for the marketing name, search the web for "GPU Device Id")
[2022.02.21-19.07.50:966][  0]LogWindows: EnumDisplayDevices:
[2022.02.21-19.07.50:967][  0]LogWindows:    0. 'NVIDIA GeForce GTX 1070' (P:1 D:1)
[2022.02.21-19.07.50:969][  0]LogWindows:    1. 'NVIDIA GeForce GTX 1070' (P:0 D:1)
[2022.02.21-19.07.50:970][  0]LogWindows:    2. 'NVIDIA GeForce GTX 1070' (P:0 D:0)
[2022.02.21-19.07.50:970][  0]LogWindows:    3. 'NVIDIA GeForce GTX 1070' (P:0 D:0)
[2022.02.21-19.07.50:971][  0]LogWindows: DebugString: FoundDriverCount:4 
[2022.02.21-19.07.50:971][  0]LogD3D11RHI:     Adapter Name: NVIDIA GeForce GTX 1070
[2022.02.21-19.07.50:972][  0]LogD3D11RHI:   Driver Version: 472.08 (internal:30.0.14.7208, unified:472.08)
[2022.02.21-19.07.50:972][  0]LogD3D11RHI:      Driver Date: 9-13-2021
[2022.02.21-19.07.50:973][  0]LogRHI: Texture pool is 5661 MB (70% of 8088 MB)
[2022.02.21-19.07.50:973][  0]LogD3D11RHI: Creating D3DDevice using adapter:
[2022.02.21-19.07.50:974][  0]LogD3D11RHI:     Description : NVIDIA GeForce GTX 1070
[2022.02.21-19.07.50:974][  0]LogD3D11RHI:     VendorId    : 10de
[2022.02.21-19.07.50:974][  0]LogD3D11RHI:     DeviceId    : 1b81
[2022.02.21-19.07.50:975][  0]LogD3D11RHI:     SubSysId    : 82fb103c
[2022.02.21-19.07.50:975][  0]LogD3D11RHI:     Revision    : 00a1
[2022.02.21-19.07.50:976][  0]LogD3D11RHI:     DedicatedVideoMemory : 8480882688 bytes
[2022.02.21-19.07.50:976][  0]LogD3D11RHI:     DedicatedSystemMemory : 0 bytes
[2022.02.21-19.07.50:977][  0]LogD3D11RHI:     SharedSystemMemory : 8532705280 bytes
[2022.02.21-19.07.50:979][  0]LogD3D11RHI:     AdapterLuid : 0 89200
[2022.02.21-19.07.51:056][  0]LogD3D11RHI: RHI has support for 64 bit atomics
[2022.02.21-19.07.51:056][  0]LogD3D11RHI: Async texture creation enabled
[2022.02.21-19.07.51:058][  0]LogD3D11RHI: Array index from any shader is supported
[2022.02.21-19.07.51:061][  0]LogD3D11RHI: HDR output is supported on display 0 (NvId: 0x80061082).
[2022.02.21-19.07.51:077][  0]LogD3D11RHI: GPU Timing Frequency: 1000.000000 (Debug: 2 1)
[2022.02.21-19.07.51:105][  0]LogRHI: GeForceNow SDK initialized: 1
[2022.02.21-19.07.51:439][  0]LogTargetPlatformManager: Display: Loaded TargetPlatform 'WindowsNoEditor'
[2022.02.21-19.07.51:443][  0]LogTargetPlatformManager: Display: Loaded TargetPlatform 'Windows'
[2022.02.21-19.07.51:447][  0]LogTargetPlatformManager: Display: Loaded TargetPlatform 'WindowsClient'
[2022.02.21-19.07.51:451][  0]LogTargetPlatformManager: Display: Loaded TargetPlatform 'WindowsServer'
[2022.02.21-19.07.51:451][  0]LogTargetPlatformManager: Display: Building Assets For Windows
[2022.02.21-19.07.51:458][  0]LogAudioDebug: Display: Lib vorbis DLL was dynamically loaded.
[2022.02.21-19.07.51:485][  0]LogTextureFormatOodle: Display: Oodle Texture 2.9.0 init RDO Off
[2022.02.21-19.07.51:511][  0]LogRendererCore: Ray tracing is disabled. Reason: r.RayTracing=0.
[2022.02.21-19.07.51:512][  0]LogShaderCompilers: Guid format shader working directory is -2 characters bigger than the processId version (../../../../GitHub/GAME259-2022-A/GAME259_A_URE/Intermediate/Shaders/WorkingDirectory/18728/).
[2022.02.21-19.07.51:513][  0]LogShaderCompilers: Cleaned the shader compiler working directory 'C:/Users/James/AppData/Local/Temp/UnrealShaderWorkingDir/9478F9134426BE65CFAF60952FC7419C/'.
[2022.02.21-19.07.51:513][  0]LogXGEController: Cannot use XGE Controller as Incredibuild is not installed on this machine.
[2022.02.21-19.07.51:514][  0]LogShaderCompilers: Cannot use XGE Shader Compiler as Incredibuild is not installed on this machine.
[2022.02.21-19.07.51:514][  0]LogShaderCompilers: Display: Using Local Shader Compiler.
[2022.02.21-19.07.52:259][  0]LogDerivedDataCache: Display: Max Cache Size: 512 MB
[2022.02.21-19.07.52:335][  0]LogDerivedDataCache: Loaded boot cache 0.08s 103MB C:/Users/James/AppData/Local/UnrealEngine/4.27/DerivedDataCache/Boot.ddc.
[2022.02.21-19.07.52:335][  0]LogDerivedDataCache: Display: Loaded Boot cache: C:/Users/James/AppData/Local/UnrealEngine/4.27/DerivedDataCache/Boot.ddc
[2022.02.21-19.07.52:337][  0]LogDerivedDataCache: FDerivedDataBackendGraph:  Pak pak cache file ../../../../GitHub/GAME259-2022-A/GAME259_A_URE/DerivedDataCache/DDC.ddp not found, will not use a pak cache.
[2022.02.21-19.07.52:338][  0]LogDerivedDataCache: Unable to find inner node Pak for hierarchical cache Hierarchy.
[2022.02.21-19.07.52:338][  0]LogDerivedDataCache: FDerivedDataBackendGraph:  CompressedPak pak cache file ../../../../GitHub/GAME259-2022-A/GAME259_A_URE/DerivedDataCache/Compressed.ddp not found, will not use a pak cache.
[2022.02.21-19.07.52:339][  0]LogDerivedDataCache: Unable to find inner node CompressedPak for hierarchical cache Hierarchy.
[2022.02.21-19.07.52:355][  0]LogDerivedDataCache: Display: Pak cache opened for reading ../../../Engine/DerivedDataCache/Compressed.ddp.
[2022.02.21-19.07.52:355][  0]LogDerivedDataCache: FDerivedDataBackendGraph:  EnterprisePak pak cache file ../../../Enterprise/DerivedDataCache/Compressed.ddp not found, will not use a pak cache.
[2022.02.21-19.07.52:356][  0]LogDerivedDataCache: Unable to find inner node EnterprisePak for hierarchical cache Hierarchy.
[2022.02.21-19.07.52:363][  0]LogDerivedDataCache: Speed tests for C:/Users/James/AppData/Local/UnrealEngine/Common/DerivedDataCache took 0.01 seconds
[2022.02.21-19.07.52:363][  0]LogDerivedDataCache: Display: Performance to C:/Users/James/AppData/Local/UnrealEngine/Common/DerivedDataCache: Latency=0.03ms. RandomReadSpeed=1242.57MBs, RandomWriteSpeed=167.39MBs. Assigned SpeedClass 'Local'
[2022.02.21-19.07.52:364][  0]LogDerivedDataCache: Using Local data cache path C:/Users/James/AppData/Local/UnrealEngine/Common/DerivedDataCache: Writable
[2022.02.21-19.07.52:365][  0]LogDerivedDataCache: Shared data cache path not found in *engine.ini, will not use an Shared cache.
[2022.02.21-19.07.52:367][  0]LogDerivedDataCache: Unable to find inner node Shared for hierarchical cache Hierarchy.
[2022.02.21-19.07.52:410][  0]LogSlate: Using FreeType 2.10.0
[2022.02.21-19.07.52:411][  0]LogSlate: SlateFontServices - WITH_FREETYPE: 1, WITH_HARFBUZZ: 1
[2022.02.21-19.07.52:912][  0]LogHMD: Failed to get an OpenXR system, result is XR_ERROR_FORM_FACTOR_UNAVAILABLE. Please check that your runtime supports VR headsets.
[2022.02.21-19.07.52:996][  0]LogInit: Using OS detected language (en-US).
[2022.02.21-19.07.52:996][  0]LogInit: Using OS detected locale (en-US).
[2022.02.21-19.07.52:997][  0]LogTextLocalizationManager: No localization for 'en-US' exists, so 'en' will be used for the language.
[2022.02.21-19.07.52:998][  0]LogTextLocalizationManager: No localization for 'en-US' exists, so 'en' will be used for the locale.
[2022.02.21-19.07.52:998][  0]LogSlate: FontCache flush requested. Reason: Culture for localization was changed
[2022.02.21-19.07.52:998][  0]LogSlate: FontCache flush requested. Reason: Culture for localization was changed
[2022.02.21-19.07.53:026][  0]LogTextLocalizationManager: Compacting localization data took   0.00ms
[2022.02.21-19.07.53:027][  0]LogAssetRegistry: FAssetRegistry took 0.0014 seconds to start up
[2022.02.21-19.07.53:298][  0]LogPackageLocalizationCache: Processed 27 localized package path(s) for 1 prioritized culture(s) in 0.110814 seconds
[2022.02.21-19.07.53:361][  0]LogInit: Selected Device Profile: [Windows]
[2022.02.21-19.07.53:361][  0]LogInit: Active device profile: [000001781C2ECA00][000001781290DA00 49] Windows
[2022.02.21-19.07.53:363][  0]LogInit: Profiles: [000001781C2ECA00][000001781290DA00 49] Windows, [000001781C2B9A00][0000017812915B80 49] WindowsNoEditor, [000001781C2EF500][0000017812918180 49] WindowsServer, [000001781C2BBD00][000001781A974300 49] WindowsClient, [000001781C2EF300][000001781A978480 49] IOS, [000001781C2BBF00][000001781A97C600 49] iPadAir, [000001781C2EE000][000001781A980780 49] iPadAir2, [000001781C268C00][000001781A988A40 49] IPadPro, [000001781C268D00][000001781A984A80 49] iPadAir3, [000001781C2BB300][000001781A98CC00 49] iPadAir4, [000001781C26B200][000001781A990D80 49] iPadMini2, [000001781C2BAA00][000001781A994F00 49] iPadMini3, [000001781C269700][000001781A999080 49] iPadMini4, [000001781C2BA300][000001781A99D200 49] iPadMini5, [000001781C27C500][000001781A9A54C0 49] iPhone6, [000001781C27C600][000001781A9A1500 49] iPodTouch6, [000001781C26B800][000001781A9A9740 49] iPhone7, [000001781C269C00][0000017812911780 49] iPodTouch7, [000001781C27C400][000001781A9AD8C0 49] iPhone5S, [000001781C2BA100][00000178129B3A40 49] iPhone6Plus, [000001781C27EF00][00000178129B7BC0 49] iPhone6S, [000001781C268A00][00000178129BA1C0 49] iPhone6SPlus, [000001781C27E300][00000178129BE340 49] iPhone7Plus, [000001781C268100][00000178129C24C0 49] iPhoneSE, [000001781C27C800][00000178129C6640 49] iPhone8, [000001781C269F00][00000178129CA7C0 49] iPhone8Plus, [000001781C27C700][00000178129CE940 49] iPhoneX, [000001781C26A200][00000178129D2AC0 49] iPhoneXS, [000001781C27F800][00000178129D6C40 49] iPhoneXSMax, [000001781C268900][00000178129DADC0 49] iPhoneXR, [000001781C27D900][00000178129DEF40 49] iPhone11, [000001781C26A800][00000178129E30C0 49] iPhone11Pro, [000001781C27D000][00000178129E7240 49] iPhone11ProMax, [000001781C269500][00000178129EB3C0 49] iPhoneSE2, [000001781C27F500][00000178129EF540 49] iPhone12Mini, [000001781C26BD00][00000178129F36C0 49] iPhone12, [000001781C27DF00][00000178129AF800 49] iPhone12Pro, [000001781C26B000][00000178129F7940 49] iPhone12ProMax, [000001781C27D400][000001781B2E3A80 49] iPadPro105, [000001781C26A700][000001781B2EBC00 49] iPadPro129, [000001781C27F400][000001781B2EE200 49] iPadPro97, [000001781C26A600][000001781B2F2380 49] iPadPro2_129, [000001781C27DE00][000001781B2F6500 49] iPad5, [000001781C268200][000001781B2FA680 49] iPad6, [000001781C27FB00][000001781B2FE800 49] iPad7, [000001781C26BB00][000001781B302980 49] iPad8, [000001781C27FA00][000001781B306B00 49] iPadPro11, [000001781C26A900][000001781B30AC80 49] iPadPro2_11, [000001781C27DC00][000001781B30EE00 49] iPadPro3_129, [000001781C268F00][000001781B312F80 49] iPadPro4_129, [000001781C27C100][000001781B317100 49] AppleTV, [000001781C269000][000001781B31B280 49] AppleTV4K, [000001781C27FD00][000001781B31F400 49] TVOS, [000001781C268700][000001781B323580 49] Mac, [000001781C27C300][000001781B327700 49] MacClient, [000001781C268600][000001781B32B880 49] MacNoEditor, [000001781C27D700][000001781B2E79C0 49] MacServer, [000001781C269600][000001781B32FB00 49] Linux, [000001781C27F000][000001781B3320C0 49] LinuxAArch64, [000001781C26B400][000001781B33A240 49] LinuxNoEditor, [000001781C27EE00][000001781B33E3C0 49] LinuxAArch64NoEditor, [000001781C26B700][000001781B342540 49] LinuxClient, [000001781C27CC00][000001781B3466C0 49] LinuxAArch64Client, [000001781C26A400][000001781B34A840 49] LinuxServer, [000001781C27FE00][000001781B34E9C0 49] LinuxAArch64Server, [000001781C26B900][000001781B352B40 49] Android, [000001781C27CB00][000001781B356CC0 49] Android_Low, [000001781C26B500][000001781B35AE40 49] Android_Mid, [000001781C27E800][000001781B35EFC0 49] Android_High, [000001781C2BB800][000001781B363140 49] Android_Default, [000001781C2EE100][000001781B3672C0 49] Android_Adreno4xx, [000001781C2BBE00][000001781B36B440 49] Android_Adreno5xx_Low, [000001781C2EEB00][000001781B36F5C0 49] Android_Adreno5xx, [000001781C2BB200][000001781B373740 49] Android_Adreno6xx, [000001781C2EE800][000001781B3778C0 49] Android_Adreno6xx_Vulkan, [000001781C2B9900][000001781B37BA40 49] Android_Mali_T6xx, [000001781C2EFB00][000001781B337B80 49] Android_Mali_T7xx, [000001781C2B8B00][000001781B37E140 49] Android_Mali_T8xx, [000001781C2EFE00][000001781B382280 49] Android_Mali_G71, [000001781C2B8A00][000001781B3863C0 49] Android_Mali_G72, [000001781C2ED800][000001781B38E540 49] Android_Mali_G72_Vulkan, [000001781C2BB600][000001781B3926C0 49] Android_Mali_G76, [000001781C2EDB00][000001781B396840 49] Android_Mali_G76_Vulkan, [000001781C2B9F00][000001781B39A9C0 49] Android_Mali_G77, [000001781C2ED000][000001781B39EB40 49] Android_Mali_G77_Vulkan, [000001781C2B9700][000001781B3A2CC0 49] Android_Mali_G78, [000001781C2EE900][000001781B3A6E40 49] Android_Mali_G78_Vulkan, [000001781C2BA800][000001781B3AAFC0 49] Android_Mali_G710, [000001781C2EC700][000001781B3AF140 49] Android_Mali_G710_Vulkan, [000001781C2B9100][000001781B3B32C0 49] Android_Vulkan_SM5, [000001781C2ED600][000001781B3B7440 49] Android_PowerVR_G6xxx, [000001781C2B9500][000001781B3BB5C0 49] Android_PowerVR_GT7xxx, [000001781C2EEF00][000001781B3BF740 49] Android_PowerVR_GE8xxx, [000001781C2B9400][000001781B3C38C0 49] Android_PowerVR_GM9xxx, [000001781C2EC300][000001781B3C7A40 49] Android_PowerVR_GM9xxx_Vulkan, [000001781C2B8400][000001781B3CBBC0 49] Android_TegraK1, [000001781C2EEC00][000001781B38A180 49] Android_Unknown_Vulkan, [000001781C2B8300][000001781B3CE2C0 49] Lumin, [000001781C269900][000001781B3D2400 49] Lumin_Desktop, [000001781C2BAE00][000001781B3D6540 49] HoloLens, 
[2022.02.21-19.07.53:398][  0]LogMeshReduction: Using QuadricMeshReduction for automatic static mesh reduction
[2022.02.21-19.07.53:399][  0]LogMeshReduction: Using SimplygonMeshReduction for automatic skeletal mesh reduction
[2022.02.21-19.07.53:400][  0]LogMeshReduction: Using ProxyLODMeshReduction for automatic mesh merging
[2022.02.21-19.07.53:400][  0]LogMeshReduction: No distributed automatic mesh merging module available
[2022.02.21-19.07.53:401][  0]LogMeshMerging: No distributed automatic mesh merging module available
[2022.02.21-19.07.53:516][  0]LogNetVersion: GAME259_A_URE 1.0.0, NetCL: 17155196, EngineNetVer: 17, GameNetVer: 0 (Checksum: 2250587433)
[2022.02.21-19.07.53:722][  0]LogTexture: Default maximum texture size for cubemaps generated from long-lat sources has been changed from 512 to unlimited. In order to preserve old behaiour for '/Engine/MapTemplates/Sky/DaylightAmbientCubemap.DaylightAmbientCubemap', its maximum texture size has been explicitly set to 512.
[2022.02.21-19.07.53:773][  0]LogHMD: PokeAHoleMaterial loaded successfully
[2022.02.21-19.07.53:856][  0]LogMoviePlayer: Initializing movie player
[2022.02.21-19.07.53:955][  0]LogNiagaraDebuggerClient: Niagara Debugger Client Initialized | Session: 072FA94F44A9B2C55C60D89B301BDBE9 | Instance: 7608595C49DBDF3DFEBFBA8CFE226522 (OMEN-18728).
[2022.02.21-19.07.53:972][  0]LogCollectionManager: Loaded 0 collections in 0.000909 seconds
[2022.02.21-19.07.53:975][  0]LogFileCache: Scanning file cache for directory 'D:/GitHub/GAME259-2022-A/GAME259_A_URE/Saved/Collections/' took 0.00s
[2022.02.21-19.07.53:975][  0]LogFileCache: Scanning file cache for directory 'D:/GitHub/GAME259-2022-A/GAME259_A_URE/Content/Developers/James/Collections/' took 0.00s
[2022.02.21-19.07.53:976][  0]LogFileCache: Scanning file cache for directory 'D:/GitHub/GAME259-2022-A/GAME259_A_URE/Content/Collections/' took 0.00s
[2022.02.21-19.07.53:976][  0]LogCollectionManager: Fixed up redirectors for 0 collections in 0.000002 seconds (updated 0 objects)
[2022.02.21-19.07.53:992][  0]LogPython: Using Python 3.7.7
[2022.02.21-19.07.54:571][  0]LogSteamShared: Display: Loading Steam SDK 1.51
[2022.02.21-19.07.54:572][  0]LogSteamShared: Steam SDK Loaded!
[2022.02.21-19.07.54:765][  0]SourceControl: Source control is disabled
[2022.02.21-19.07.54:767][  0]SourceControl: Source control is disabled
[2022.02.21-19.07.54:770][  0]SourceControl: Source control is disabled
[2022.02.21-19.07.54:777][  0]LogUProjectInfo: Found projects:
[2022.02.21-19.07.54:850][  0]LogOpenImageDenoise: OIDN starting up
[2022.02.21-19.07.54:883][  0]LogAndroidPermission: UAndroidPermissionCallbackProxy::GetInstance
[2022.02.21-19.07.54:902][  0]LogAudioCaptureCore: Display: No Audio Capture implementations found. Audio input will be silent.
[2022.02.21-19.07.54:903][  0]LogAudioCaptureCore: Display: No Audio Capture implementations found. Audio input will be silent.
[2022.02.21-19.07.54:982][  0]LogOcInput: OculusInput pre-init called
[2022.02.21-19.07.54:991][  0]LogUObjectArray: 23049 objects as part of root set at end of initial load.
[2022.02.21-19.07.54:991][  0]LogUObjectAllocator: 6399616 out of 0 bytes used by permanent object pool.
[2022.02.21-19.07.54:991][  0]LogUObjectArray: CloseDisregardForGC: 0/0 objects in disregard for GC pool
[2022.02.21-19.07.55:032][  0]LogClass: Display: IntProperty FServerInfo::CurrentPlayers is not initialized properly. Module:GAME259_A_URE File:GameInstance_GAME259_A_URE.h
[2022.02.21-19.07.55:032][  0]LogClass: Display: IntProperty FServerInfo::MaxPlayers is not initialized properly. Module:GAME259_A_URE File:GameInstance_GAME259_A_URE.h
[2022.02.21-19.07.55:035][  0]LogClass: Display: IntProperty FServerInfo::ServerArrayIndex is not initialized properly. Module:GAME259_A_URE File:GameInstance_GAME259_A_URE.h
[2022.02.21-19.07.55:035][  0]LogClass: Display: 3 Uninitialized script struct members found including 0 object properties
[2022.02.21-19.07.55:036][  0]LogEngine: Initializing Engine...
[2022.02.21-19.07.55:537][  0]LogHMD: Failed to get an OpenXR system, result is XR_ERROR_FORM_FACTOR_UNAVAILABLE. Please check that your runtime supports VR headsets.
[2022.02.21-19.07.55:537][  0]LogMagicLeap: Warning: VR disabled because ZI is not enabled.  To enable, in the editor, Edit -> Project Settings -> Plugins -> Magic Leap Plugin -> Enable Zero Iteration
[2022.02.21-19.07.55:540][  0]LogStats: UGameplayTagsManager::InitializeManager -  0.000 s
[2022.02.21-19.07.55:628][  0]LogInit: Initializing FReadOnlyCVARCache
[2022.02.21-19.07.55:628][  0]LogAudio: Display: Initializing Audio Device Manager...
[2022.02.21-19.07.55:634][  0]LogAudio: Display: Loading Default Audio Settings Objects...
[2022.02.21-19.07.55:635][  0]LogAudio: Display: No default SoundConcurrencyObject specified (or failed to load).
[2022.02.21-19.07.55:635][  0]LogAudio: Display: Audio Device Manager Initialized
[2022.02.21-19.07.55:635][  0]LogAudio: Display: Creating Audio Device:                 Id: 1, Scope: Shared, Realtime: True
[2022.02.21-19.07.55:636][  0]LogAudioMixer: Display: Audio Mixer Platform Settings:
[2022.02.21-19.07.55:636][  0]LogAudioMixer: Display: 	Sample Rate:						  48000
[2022.02.21-19.07.55:637][  0]LogAudioMixer: Display: 	Callback Buffer Frame Size Requested: 1024
[2022.02.21-19.07.55:637][  0]LogAudioMixer: Display: 	Callback Buffer Frame Size To Use:	  1024
[2022.02.21-19.07.55:637][  0]LogAudioMixer: Display: 	Number of buffers to queue:			  2
[2022.02.21-19.07.55:638][  0]LogAudioMixer: Display: 	Max Channels (voices):				  32
[2022.02.21-19.07.55:640][  0]LogAudioMixer: Display: 	Number of Async Source Workers:		  0
[2022.02.21-19.07.55:641][  0]LogAudio: Display: AudioDevice MaxSources: 32
[2022.02.21-19.07.55:642][  0]LogAudio: Display: Audio Spatialization Plugin: None (built-in).
[2022.02.21-19.07.55:642][  0]LogAudio: Display: Audio Reverb Plugin: None (built-in).
[2022.02.21-19.07.55:642][  0]LogAudio: Display: Audio Occlusion Plugin: None (built-in).
[2022.02.21-19.07.55:642][  0]LogAudioMixer: Display: Initializing audio mixer.
[2022.02.21-19.07.55:663][  0]LogAudioMixer: Display: 0: FrontLeft
[2022.02.21-19.07.55:663][  0]LogAudioMixer: Display: 1: FrontRight
[2022.02.21-19.07.55:713][  0]LogAudioMixer: Display: Using Audio Device Headphones (Arctis 7 Game)
[2022.02.21-19.07.55:718][  0]LogAudioMixer: Display: Initializing Sound Submixes...
[2022.02.21-19.07.55:720][  0]LogAudioMixer: Display: Creating Master Submix 'MasterSubmixDefault'
[2022.02.21-19.07.55:720][  0]LogAudioMixer: Display: Creating Master Submix 'MasterReverbSubmixDefault'
[2022.02.21-19.07.55:721][  0]LogAudioMixer: Display: Creating Master Submix 'MasterEQSubmixDefault'
[2022.02.21-19.07.55:721][  0]LogAudioMixer: FMixerPlatformXAudio2::StartAudioStream() called
[2022.02.21-19.07.55:722][  0]LogAudioMixer: Display: Output buffers initialized: Frames=1024, Channels=2, Samples=2048
[2022.02.21-19.07.55:723][  0]LogAudioMixer: Display: Starting AudioMixerPlatformInterface::RunInternal()
[2022.02.21-19.07.55:724][  0]LogAudioMixer: Display: FMixerPlatformXAudio2::SubmitBuffer() called for the first time
[2022.02.21-19.07.55:724][  0]LogInit: FAudioDevice initialized.
[2022.02.21-19.07.55:733][  0]LogNetVersion: Set ProjectVersion to 1.0.0.0. Version Checksum will be recalculated on next use.
[2022.02.21-19.07.55:782][  0]LogDerivedDataCache: Saved boot cache 0.05s 103MB C:/Users/James/AppData/Local/UnrealEngine/4.27/DerivedDataCache/Boot.ddc.
[2022.02.21-19.07.55:786][  0]LogInit: Texture streaming: Enabled
[2022.02.21-19.07.55:842][  0]LogAudio: Display: Audio Device (ID: 1) registered with world 'Untitled'.
[2022.02.21-19.07.55:842][  0]LogSlate: Updating window title bar state: overlay mode, drag disabled, window buttons hidden, title bar hidden
[2022.02.21-19.07.55:843][  0]LogInit: Display: Game Engine Initialized.
[2022.02.21-19.07.55:844][  0]LogNiagaraEditor: GEditor isn't valid! Particle reset commands will not work for Niagara components!
[2022.02.21-19.07.55:896][  0]LogInit: Display: Starting Game.
[2022.02.21-19.07.55:915][  0]LogNet: Browse: /Game/LobbySystem/Levels/LobbyMainMenu?Name=Player
[2022.02.21-19.07.55:922][  0]LogLoad: LoadMap: /Game/LobbySystem/Levels/LobbyMainMenu?Name=Player
[2022.02.21-19.07.55:922][  0]LogWorld: BeginTearingDown for /Temp/Untitled_0
[2022.02.21-19.07.55:955][  0]LogWorld: UWorld::CleanupWorld for Untitled, bSessionEnded=true, bCleanupResources=true
[2022.02.21-19.07.55:956][  0]LogSlate: InvalidateAllWidgets triggered.  All widgets were invalidated
[2022.02.21-19.07.55:982][  0]LogAudio: Display: Audio Device unregistered from world 'None'.
[2022.02.21-19.07.55:984][  0]LogUObjectHash: Compacting FUObjectHashTables data took   0.70ms
[2022.02.21-19.07.56:124][  0]LogAudio: Display: Audio Device (ID: 1) registered with world 'LobbyMainMenu'.
[2022.02.21-19.07.56:130][  0]LogAIModule: Creating AISystem for world LobbyMainMenu
[2022.02.21-19.07.56:131][  0]LogLoad: Game class is 'BP_LobbyGameMode_C'
[2022.02.21-19.07.56:138][  0]LogWorld: Bringing World /Game/LobbySystem/Levels/LobbyMainMenu.LobbyMainMenu up for play (max tick rate 0) at 2022.02.21-14.07.56
[2022.02.21-19.07.56:139][  0]LogWorld: Bringing up level for play took: 0.000719
[2022.02.21-19.07.56:139][  0]LogGameMode: FindPlayerStart: PATHS NOT DEFINED or NO PLAYERSTART with positive rating
[2022.02.21-19.07.56:142][  0]LogViewport: Display: Viewport MouseLockMode Changed, LockOnCapture -> DoNotLock
[2022.02.21-19.07.56:142][  0]LogViewport: Display: Viewport MouseCaptureMode Changed, CapturePermanently_IncludingInitialMouseDown -> NoCapture
[2022.02.21-19.07.56:146][  0]LogLoad: Took 0.219461 seconds to LoadMap(/Game/LobbySystem/Levels/LobbyMainMenu)
[2022.02.21-19.07.56:296][  0]LogSlate: Took 0.000206 seconds to synchronously load lazily loaded font '../../../Engine/Content/Slate/Fonts/Roboto-Regular.ttf' (155K)
[2022.02.21-19.07.56:366][  0]LogRenderer: Reallocating scene render targets to support 800x900 Format 10 NumSamples 1 (Frame:1).
[2022.02.21-19.07.56:366][  0]LogInit: Display: Engine is initialized. Leaving FEngineLoop::Init()
[2022.02.21-19.07.56:367][  0]LogLoad: (Engine Initialization) Total time: 8.43 seconds
[2022.02.21-19.07.56:367][  0]LogLoad: (Engine Initialization) Total Blueprint compile time: 0.00 seconds
[2022.02.21-19.07.56:380][  0]LogContentStreaming: Texture pool size now 1000 MB
[2022.02.21-19.07.56:383][  0]LogSlate: InvalidateAllWidgets triggered.  All widgets were invalidated
[2022.02.21-19.07.56:411][  1]LogSlate: Took 0.000208 seconds to synchronously load lazily loaded font '../../../Engine/Content/Slate/Fonts/Roboto-Regular.ttf' (155K)
[2022.02.21-19.08.03:006][791]LogTemp: Warning: Create Server Called
[2022.02.21-19.08.03:013][791]LogTemp: Warning: OnCreateSessionComplete, Succeeded: 1
[2022.02.21-19.08.03:014][791]LogGameMode: ProcessServerTravel: /Game/LobbySystem/Levels/Networking_GameTest?listen
[2022.02.21-19.08.03:089][791]LogEngine: Server switch level: /Game/LobbySystem/Levels/Networking_GameTest?Name=Player?listen
[2022.02.21-19.08.03:089][791]LogNet: Browse: /Game/LobbySystem/Levels/Networking_GameTest?Name=Player?listen
[2022.02.21-19.08.03:090][791]LogLoad: LoadMap: /Game/LobbySystem/Levels/Networking_GameTest?Name=Player?listen
[2022.02.21-19.08.03:091][791]LogWorld: BeginTearingDown for /Game/LobbySystem/Levels/LobbyMainMenu
[2022.02.21-19.08.03:117][791]LogWorld: UWorld::CleanupWorld for LobbyMainMenu, bSessionEnded=true, bCleanupResources=true
[2022.02.21-19.08.03:117][791]LogSlate: InvalidateAllWidgets triggered.  All widgets were invalidated
[2022.02.21-19.08.03:155][791]LogAudio: Display: Audio Device unregistered from world 'None'.
[2022.02.21-19.08.03:159][791]LogUObjectHash: Compacting FUObjectHashTables data took   0.96ms
[2022.02.21-19.08.03:280][791]LogAudio: Display: Audio Device (ID: 1) registered with world 'Networking_GameTest'.
[2022.02.21-19.08.03:281][791]LogAIModule: Creating AISystem for world Networking_GameTest
[2022.02.21-19.08.03:282][791]LogLoad: Game class is 'GAME259_A_UREGameMode'
[2022.02.21-19.08.03:314][791]LogNet: ReplicationDriverClass is null! Not using ReplicationDriver.
[2022.02.21-19.08.03:314][791]LogNetCore: DDoS detection status: detection enabled: 0 analytics enabled: 0
[2022.02.21-19.08.03:315][791]LogInit: WinSock: Socket queue. Rx: 131072 (config 131072) Tx: 131072 (config 131072)
[2022.02.21-19.08.03:316][791]LogNet: Created socket for bind address: 0.0.0.0 on port 7777
[2022.02.21-19.08.03:316][791]PacketHandlerLog: Loaded PacketHandler component: Engine.EngineHandlerComponentFactory (StatelessConnectHandlerComponent)
[2022.02.21-19.08.03:317][791]LogNet: GameNetDriver IpNetDriver_0 IpNetDriver listening on port 7777
[2022.02.21-19.08.03:318][791]LogWorld: Bringing World /Game/LobbySystem/Levels/Networking_GameTest.Networking_GameTest up for play (max tick rate 0) at 2022.02.21-14.08.03
[2022.02.21-19.08.03:319][791]LogWorld: Bringing up level for play took: 0.001407
[2022.02.21-19.08.03:320][791]LogOnlineSession: Warning: OSS: No game present to join for session (GameSession)
[2022.02.21-19.08.03:322][791]LogLoad: Took 0.232144 seconds to LoadMap(/Game/LobbySystem/Levels/Networking_GameTest)
[2022.02.21-19.08.30:762][109]LogSlate: Window 'GAME259_A_URE (64-bit Development PCD3D_SM5) ' being destroyed
[2022.02.21-19.08.30:765][109]LogWindowsTextInputMethodSystem: Display: IME system deactivated.
[2022.02.21-19.08.30:770][109]LogOnlineSession: Warning: OSS: No game present to leave for session (GameSession)
[2022.02.21-19.08.30:789][109]LogSlate: Updating window title bar state: overlay mode, drag disabled, window buttons hidden, title bar hidden
[2022.02.21-19.08.30:789][109]LogEngine: All Windows Closed
[2022.02.21-19.08.30:791][109]LogWindows: FPlatformMisc::RequestExit(0)
[2022.02.21-19.08.30:791][109]LogWindows: FPlatformMisc::RequestExitWithStatus(0, 0)
[2022.02.21-19.08.30:791][109]LogCore: Engine exit requested (reason: Win RequestExit)
[2022.02.21-19.08.30:792][110]LogCore: Engine exit requested (reason: EngineExit() was called; note: exit was already requested)
[2022.02.21-19.08.30:792][110]LogInit: Display: PreExit Game.
[2022.02.21-19.08.30:801][110]LogWorld: BeginTearingDown for /Game/LobbySystem/Levels/Networking_GameTest
[2022.02.21-19.08.30:801][110]LogNet: World NetDriver shutdown IpNetDriver_0 [GameNetDriver]
[2022.02.21-19.08.30:802][110]LogNet: DestroyNamedNetDriver IpNetDriver_0 [GameNetDriver]
[2022.02.21-19.08.30:802][110]LogExit: GameNetDriver IpNetDriver_0 shut down
[2022.02.21-19.08.30:802][110]LogWorld: UWorld::CleanupWorld for Networking_GameTest, bSessionEnded=true, bCleanupResources=true
[2022.02.21-19.08.30:803][110]LogSlate: InvalidateAllWidgets triggered.  All widgets were invalidated
[2022.02.21-19.08.31:561][110]LogAudio: Display: Beginning Audio Device Manager Shutdown (Module: AudioMixerXAudio2)...
[2022.02.21-19.08.31:561][110]LogAudio: Display: Destroying 1 Remaining Audio Device(s)...
[2022.02.21-19.08.31:562][110]LogAudio: Display: Audio Device unregistered from world 'Networking_GameTest'.
[2022.02.21-19.08.31:608][110]LogAudioMixer: FMixerPlatformXAudio2::StopAudioStream() called
[2022.02.21-19.08.31:609][110]LogAudioMixer: FMixerPlatformXAudio2::StopAudioStream() called
[2022.02.21-19.08.31:613][110]LogAudio: Display: Audio Device Manager Shutdown
[2022.02.21-19.08.31:617][110]LogExit: Preparing to exit.
[2022.02.21-19.08.31:622][110]LogSlate: Updating window title bar state: overlay mode, drag disabled, window buttons hidden, title bar hidden
[2022.02.21-19.08.31:623][110]LogUObjectHash: Compacting FUObjectHashTables data took   0.71ms
