Log file open, 02/22/22 18:08:48
LogWindows: Failed to load 'aqProf.dll' (GetLastError=126)
LogWindows: File 'aqProf.dll' does not exist
LogWindows: Failed to load 'VtuneApi.dll' (GetLastError=126)
LogWindows: File 'VtuneApi.dll' does not exist
LogWindows: Failed to load 'VtuneApi32e.dll' (GetLastError=126)
LogWindows: File 'VtuneApi32e.dll' does not exist
LogConsoleResponse: Display: Failed to find resolution value strings in scalability ini. Falling back to default.
LogConsoleResponse: Display: Failed to find resolution value strings in scalability ini. Falling back to default.
LogInit: Display: Running engine for game: GAME259_A_URE
LogPlatformFile: Not using cached read wrapper
LogTaskGraph: Started task graph with 5 named threads and 47 total threads with 3 sets of task threads.
LogStats: Stats thread started at 0.301858
LogICUInternationalization: ICU TimeZone Detection - Raw Offset: -5:00, Platform Override: ''
LogInit: Display: Loading text-based GConfig....
LogPluginManager: Mounting plugin MeshPainting
LogPluginManager: Mounting plugin XGEController
LogPluginManager: Mounting plugin AISupport
LogPluginManager: Mounting plugin Paper2D
LogPluginManager: Mounting plugin EnvironmentQueryEditor
LogPluginManager: Mounting plugin LiveLink
LogPluginManager: Mounting plugin CameraShakePreviewer
LogPluginManager: Mounting plugin GameplayCameras
LogPluginManager: Mounting plugin LightPropagationVolume
LogPluginManager: Mounting plugin OodleData
LogPluginManager: Mounting plugin AssetManagerEditor
LogPluginManager: Mounting plugin CryptoKeys
LogPluginManager: Mounting plugin CurveEditorTools
LogPluginManager: Mounting plugin DataValidation
LogPluginManager: Mounting plugin GameplayTagsEditor
LogPluginManager: Mounting plugin GeometryMode
LogPluginManager: Mounting plugin FacialAnimation
LogPluginManager: Mounting plugin MaterialAnalyzer
LogPluginManager: Mounting plugin MacGraphicsSwitching
LogPluginManager: Mounting plugin MobileLauncherProfileWizard
LogPluginManager: Mounting plugin AnimationSharing
LogPluginManager: Mounting plugin CLionSourceCodeAccess
LogPluginManager: Mounting plugin OodleNetwork
LogPluginManager: Mounting plugin PluginBrowser
LogPluginManager: Mounting plugin CodeLiteSourceCodeAccess
LogPluginManager: Mounting plugin GitSourceControl
LogPluginManager: Mounting plugin KDevelopSourceCodeAccess
LogPluginManager: Mounting plugin NullSourceCodeAccess
LogPluginManager: Mounting plugin SpeedTreeImporter
LogPluginManager: Mounting plugin PixWinPlugin
LogPluginManager: Mounting plugin PluginUtils
LogPluginManager: Mounting plugin PerforceSourceControl
LogPluginManager: Mounting plugin RiderSourceCodeAccess
LogPluginManager: Mounting plugin PropertyAccessNode
LogPluginManager: Mounting plugin PlasticSourceControl
LogPluginManager: Mounting plugin SubversionSourceControl
LogPluginManager: Mounting plugin UObjectPlugin
LogPluginManager: Mounting plugin TextureFormatOodle
LogPluginManager: Mounting plugin VisualStudioCodeSourceCodeAccess
LogPluginManager: Mounting plugin VisualStudioSourceCodeAccess
LogPluginManager: Mounting plugin Niagara
LogPluginManager: Mounting plugin VariantManagerContent
LogPluginManager: Mounting plugin AlembicImporter
LogPluginManager: Mounting plugin AutomationUtils
LogPluginManager: Mounting plugin DatasmithContent
LogPluginManager: Mounting plugin XCodeSourceCodeAccess
LogPluginManager: Mounting plugin BackChannel
LogPluginManager: Mounting plugin ChaosCloth
LogPluginManager: Mounting plugin ChaosEditor
LogPluginManager: Mounting plugin ChaosNiagara
LogPluginManager: Mounting plugin ChaosClothEditor
LogPluginManager: Mounting plugin ChaosSolverPlugin
LogPluginManager: Mounting plugin LuminPlatformFeatures
LogPluginManager: Mounting plugin MagicLeap
LogPluginManager: Mounting plugin MagicLeapMedia
LogPluginManager: Mounting plugin AndroidMedia
LogPluginManager: Mounting plugin MagicLeapLightEstimation
LogPluginManager: Mounting plugin CharacterAI
LogPluginManager: Mounting plugin AvfMedia
LogPluginManager: Mounting plugin ImgMedia
LogPluginManager: Mounting plugin MediaCompositing
LogPluginManager: Mounting plugin GeometryCache
LogPluginManager: Mounting plugin MediaPlayerEditor
LogPluginManager: Mounting plugin GeometryCollectionPlugin
LogPluginManager: Mounting plugin MagicLeapPassableWorld
LogPluginManager: Mounting plugin WmfMedia
LogPluginManager: Mounting plugin WebMMedia
LogPluginManager: Mounting plugin MLSDK
LogPluginManager: Mounting plugin GeometryProcessing
LogPluginManager: Mounting plugin MotoSynth
LogPluginManager: Mounting plugin OpenImageDenoise
LogPluginManager: Mounting plugin PlanarCut
LogPluginManager: Mounting plugin PlatformCrypto
LogPluginManager: Mounting plugin ProxyLODPlugin
LogPluginManager: Mounting plugin PythonScriptPlugin
LogPluginManager: Mounting plugin SkeletalReduction
LogPluginManager: Mounting plugin UdpMessaging
LogPluginManager: Mounting plugin TcpMessaging
LogPluginManager: Mounting plugin ActorSequence
LogPluginManager: Mounting plugin MatineeToLevelSequence
LogPluginManager: Mounting plugin LevelSequenceEditor
LogPluginManager: Mounting plugin EOSShared
LogPluginManager: Mounting plugin OnlineSubsystem
LogPluginManager: Mounting plugin TemplateSequence
LogPluginManager: Mounting plugin OnlineSubsystemUtils
LogPluginManager: Mounting plugin OnlineSubsystemSteam
LogPluginManager: Mounting plugin LauncherChunkInstaller
LogPluginManager: Mounting plugin ActorLayerUtilities
LogPluginManager: Mounting plugin OnlineSubsystemNull
LogPluginManager: Mounting plugin AndroidPermission
LogPluginManager: Mounting plugin AndroidMoviePlayer
LogPluginManager: Mounting plugin AppleImageUtils
LogPluginManager: Mounting plugin AppleMoviePlayer
LogPluginManager: Mounting plugin AudioCapture
LogPluginManager: Mounting plugin ArchVisCharacter
LogPluginManager: Mounting plugin AssetTags
LogPluginManager: Mounting plugin AudioSynesthesia
LogPluginManager: Mounting plugin CableComponent
LogPluginManager: Mounting plugin AndroidDeviceProfileSelector
LogPluginManager: Mounting plugin ChunkDownloader
LogPluginManager: Mounting plugin CustomMeshComponent
LogPluginManager: Mounting plugin EditableMesh
LogPluginManager: Mounting plugin ExampleDeviceProfileSelector
LogPluginManager: Mounting plugin GooglePAD
LogPluginManager: Mounting plugin GoogleCloudMessaging
LogPluginManager: Mounting plugin IOSDeviceProfileSelector
LogPluginManager: Mounting plugin LinuxDeviceProfileSelector
LogPluginManager: Mounting plugin LocationServicesBPLibrary
LogPluginManager: Mounting plugin Takes
LogPluginManager: Mounting plugin MobilePatchingUtils
LogPluginManager: Mounting plugin OpenXRHandTracking
LogPluginManager: Mounting plugin OpenXREyeTracker
LogPluginManager: Mounting plugin OpenXR
LogPluginManager: Mounting plugin PhysXVehicles
LogPluginManager: Mounting plugin PostSplashScreen
LogPluginManager: Mounting plugin ScreenshotTools
LogPluginManager: Mounting plugin ProceduralMeshComponent
LogPluginManager: Mounting plugin PropertyAccessEditor
LogPluginManager: Mounting plugin SignificanceManager
LogPluginManager: Mounting plugin RuntimePhysXCooking
LogPluginManager: Mounting plugin SoundFields
LogPluginManager: Mounting plugin Synthesis
LogPluginManager: Mounting plugin WindowsMoviePlayer
LogPluginManager: Mounting plugin WebMMoviePlayer
LogPluginManager: Mounting plugin ContentBrowserClassDataSource
LogPluginManager: Mounting plugin ContentBrowserAssetDataSource
LogPluginManager: Mounting plugin ContentBrowserFileDataSource
LogPluginManager: Mounting plugin OnlineSubsystemIOS
LogPluginManager: Mounting plugin OnlineSubsystemGooglePlay
LogPluginManager: Mounting plugin EOSVoiceChat
LogPluginManager: Mounting plugin OculusVR
LogPluginManager: Mounting plugin SteamShared
PixWinPlugin: PIX capture plugin failed to initialize! Check that the process is launched from PIX.
LogInit: Using libcurl 7.55.1-DEV
LogInit:  - built for x86_64-pc-win32
LogInit:  - supports SSL with OpenSSL/1.1.1
LogInit:  - supports HTTP deflate (compression) using libz 1.2.8
LogInit:  - other features:
LogInit:      CURL_VERSION_SSL
LogInit:      CURL_VERSION_LIBZ
LogInit:      CURL_VERSION_IPV6
LogInit:      CURL_VERSION_ASYNCHDNS
LogInit:      CURL_VERSION_LARGEFILE
LogInit:      CURL_VERSION_IDN
LogInit:  CurlRequestOptions (configurable via config and command line):
LogInit:  - bVerifyPeer = true  - Libcurl will verify peer certificate
LogInit:  - bUseHttpProxy = false  - Libcurl will NOT use HTTP proxy
LogInit:  - bDontReuseConnections = false  - Libcurl will reuse connections
LogInit:  - MaxHostConnections = 16  - Libcurl will limit the number of connections to a host
LogInit:  - LocalHostAddr = Default
LogInit:  - BufferSize = 65536
LogOnline: OSS: Creating online subsystem instance for: NULL
LogInit: WinSock: version 1.1 (2.2), MaxSocks=32767, MaxUdp=65467
LogOnline: OSS: TryLoadSubsystemAndSetDefault: Loaded subsystem for module [NULL]
LogOculusPluginWrapper: OculusPlugin initialized successfully
LogHMD: Failed initializing OVRPlugin 1.59.0
LogInit: Build: ++UE4+Release-4.27-CL-18319896
LogInit: Engine Version: 4.27.2-18319896+++UE4+Release-4.27
LogInit: Compatible Engine Version: 4.27.0-17155196+++UE4+Release-4.27
LogInit: Net CL: 17155196
LogInit: OS: Windows 10 (Release 2009) (), CPU: Intel(R) Core(TM) i7-10700K CPU @ 3.80GHz, GPU: NVIDIA GeForce RTX 2070 SUPER
LogInit: Compiled (64-bit): Nov 30 2021 07:12:08
LogInit: Compiled with Visual C++: 19.24.28315.00
LogInit: Build Configuration: Development
LogInit: Branch Name: ++UE4+Release-4.27
LogInit: Command Line: 
LogInit: Base Directory: D:/Unreal Engine/UE_4.27/Engine/Binaries/Win64/
LogInit: Allocator: TBB
LogInit: Installed Engine Build: 1
LogDevObjectVersion: Number of dev versions registered: 29
LogDevObjectVersion:   Dev-Blueprints (B0D832E4-1F89-4F0D-ACCF-7EB736FD4AA2): 10
LogDevObjectVersion:   Dev-Build (E1C64328-A22C-4D53-A36C-8E866417BD8C): 0
LogDevObjectVersion:   Dev-Core (375EC13C-06E4-48FB-B500-84F0262A717E): 4
LogDevObjectVersion:   Dev-Editor (E4B068ED-F494-42E9-A231-DA0B2E46BB41): 40
LogDevObjectVersion:   Dev-Framework (CFFC743F-43B0-4480-9391-14DF171D2073): 37
LogDevObjectVersion:   Dev-Mobile (B02B49B5-BB20-44E9-A304-32B752E40360): 3
LogDevObjectVersion:   Dev-Networking (A4E4105C-59A1-49B5-A7C5-40C4547EDFEE): 0
LogDevObjectVersion:   Dev-Online (39C831C9-5AE6-47DC-9A44-9C173E1C8E7C): 0
LogDevObjectVersion:   Dev-Physics (78F01B33-EBEA-4F98-B9B4-84EACCB95AA2): 14
LogDevObjectVersion:   Dev-Platform (6631380F-2D4D-43E0-8009-CF276956A95A): 0
LogDevObjectVersion:   Dev-Rendering (12F88B9F-8875-4AFC-A67C-D90C383ABD29): 45
LogDevObjectVersion:   Dev-Sequencer (7B5AE74C-D270-4C10-A958-57980B212A5A): 13
LogDevObjectVersion:   Dev-VR (D7296918-1DD6-4BDD-9DE2-64A83CC13884): 3
LogDevObjectVersion:   Dev-LoadTimes (C2A15278-BFE7-4AFE-6C17-90FF531DF755): 1
LogDevObjectVersion:   Private-Geometry (6EACA3D4-40EC-4CC1-B786-8BED09428FC5): 3
LogDevObjectVersion:   Dev-AnimPhys (29E575DD-E0A3-4627-9D10-D276232CDCEA): 17
LogDevObjectVersion:   Dev-Anim (AF43A65D-7FD3-4947-9873-3E8ED9C1BB05): 15
LogDevObjectVersion:   Dev-ReflectionCapture (6B266CEC-1EC7-4B8F-A30B-E4D90942FC07): 1
LogDevObjectVersion:   Dev-Automation (0DF73D61-A23F-47EA-B727-89E90C41499A): 1
LogDevObjectVersion:   FortniteMain (601D1886-AC64-4F84-AA16-D3DE0DEAC7D6): 47
LogDevObjectVersion:   FortniteRelease (E7086368-6B23-4C58-8439-1B7016265E91): 1
LogDevObjectVersion:   Dev-Enterprise (9DFFBCD6-494F-0158-E221-12823C92A888): 10
LogDevObjectVersion:   Dev-Niagara (F2AED0AC-9AFE-416F-8664-AA7FFA26D6FC): 1
LogDevObjectVersion:   Dev-Destruction (174F1F0B-B4C6-45A5-B13F-2EE8D0FB917D): 10
LogDevObjectVersion:   Dev-Physics-Ext (35F94A83-E258-406C-A318-09F59610247C): 41
LogDevObjectVersion:   Dev-PhysicsMaterial-Chaos (B68FC16E-8B1B-42E2-B453-215C058844FE): 1
LogDevObjectVersion:   Dev-CineCamera (B2E18506-4273-CFC2-A54E-F4BB758BBA07): 1
LogDevObjectVersion:   Dev-VirtualProduction (64F58936-FD1B-42BA-BA96-7289D5D0FA4E): 1
LogDevObjectVersion:   Dev-MediaFramework (6F0ED827-A609-4895-9C91-998D90180EA4): 2
LogInit: Presizing for max 25165824 objects, including 0 objects not considered by GC, pre-allocating 0 bytes for permanent pool.
LogConfig: Applying CVar settings from Section [/Script/Engine.StreamingSettings] File [D:/GitHub/GAME259-2022-A/GAME259_A_URE/Saved/Config/Windows/Engine.ini]
LogConfig: Setting CVar [[s.MinBulkDataSizeForAsyncLoading:131072]]
LogConfig: Setting CVar [[s.AsyncLoadingThreadEnabled:0]]
LogConfig: Setting CVar [[s.EventDrivenLoaderEnabled:1]]
LogConfig: Setting CVar [[s.WarnIfTimeLimitExceeded:0]]
LogConfig: Setting CVar [[s.TimeLimitExceededMultiplier:1.5]]
LogConfig: Setting CVar [[s.TimeLimitExceededMinTime:0.005]]
LogConfig: Setting CVar [[s.UseBackgroundLevelStreaming:1]]
LogConfig: Setting CVar [[s.PriorityAsyncLoadingExtraTime:15.0]]
LogConfig: Setting CVar [[s.LevelStreamingActorsUpdateTimeLimit:5.0]]
LogConfig: Setting CVar [[s.PriorityLevelStreamingActorsUpdateExtraTime:5.0]]
LogConfig: Setting CVar [[s.LevelStreamingComponentsRegistrationGranularity:10]]
LogConfig: Setting CVar [[s.UnregisterComponentsTimeLimit:1.0]]
LogConfig: Setting CVar [[s.LevelStreamingComponentsUnregistrationGranularity:5]]
LogConfig: Setting CVar [[s.FlushStreamingOnExit:1]]
LogInit: Object subsystem initialized
LogConfig: Setting CVar [[con.DebugEarlyDefault:1]]
LogConfig: Setting CVar [[r.setres:1280x720]]
[2022.02.22-23.08.49:790][  0]LogConfig: Setting CVar [[r.VSync:0]]
[2022.02.22-23.08.49:790][  0]LogConfig: Setting CVar [[r.RHICmdBypass:0]]
[2022.02.22-23.08.49:790][  0]LogConfig: Applying CVar settings from Section [/Script/Engine.RendererSettings] File [D:/GitHub/GAME259-2022-A/GAME259_A_URE/Saved/Config/Windows/Engine.ini]
[2022.02.22-23.08.49:790][  0]LogConfig: Setting CVar [[r.GPUCrashDebugging:0]]
[2022.02.22-23.08.49:790][  0]LogConfig: Applying CVar settings from Section [/Script/Engine.RendererOverrideSettings] File [D:/GitHub/GAME259-2022-A/GAME259_A_URE/Saved/Config/Windows/Engine.ini]
[2022.02.22-23.08.49:790][  0]LogConfig: Applying CVar settings from Section [/Script/Engine.StreamingSettings] File [D:/GitHub/GAME259-2022-A/GAME259_A_URE/Saved/Config/Windows/Engine.ini]
[2022.02.22-23.08.49:790][  0]LogConfig: Setting CVar [[s.MinBulkDataSizeForAsyncLoading:131072]]
[2022.02.22-23.08.49:790][  0]LogConfig: Setting CVar [[s.AsyncLoadingThreadEnabled:0]]
[2022.02.22-23.08.49:790][  0]LogConfig: Setting CVar [[s.EventDrivenLoaderEnabled:1]]
[2022.02.22-23.08.49:790][  0]LogConfig: Setting CVar [[s.WarnIfTimeLimitExceeded:0]]
[2022.02.22-23.08.49:790][  0]LogConfig: Setting CVar [[s.TimeLimitExceededMultiplier:1.5]]
[2022.02.22-23.08.49:790][  0]LogConfig: Setting CVar [[s.TimeLimitExceededMinTime:0.005]]
[2022.02.22-23.08.49:790][  0]LogConfig: Setting CVar [[s.UseBackgroundLevelStreaming:1]]
[2022.02.22-23.08.49:790][  0]LogConfig: Setting CVar [[s.PriorityAsyncLoadingExtraTime:15.0]]
[2022.02.22-23.08.49:790][  0]LogConfig: Setting CVar [[s.LevelStreamingActorsUpdateTimeLimit:5.0]]
[2022.02.22-23.08.49:790][  0]LogConfig: Setting CVar [[s.PriorityLevelStreamingActorsUpdateExtraTime:5.0]]
[2022.02.22-23.08.49:790][  0]LogConfig: Setting CVar [[s.LevelStreamingComponentsRegistrationGranularity:10]]
[2022.02.22-23.08.49:790][  0]LogConfig: Setting CVar [[s.UnregisterComponentsTimeLimit:1.0]]
[2022.02.22-23.08.49:790][  0]LogConfig: Setting CVar [[s.LevelStreamingComponentsUnregistrationGranularity:5]]
[2022.02.22-23.08.49:790][  0]LogConfig: Setting CVar [[s.FlushStreamingOnExit:1]]
[2022.02.22-23.08.49:790][  0]LogConfig: Applying CVar settings from Section [/Script/Engine.GarbageCollectionSettings] File [D:/GitHub/GAME259-2022-A/GAME259_A_URE/Saved/Config/Windows/Engine.ini]
[2022.02.22-23.08.49:790][  0]LogConfig: Setting CVar [[gc.MaxObjectsNotConsideredByGC:1]]
[2022.02.22-23.08.49:790][  0]LogConfig: Setting CVar [[gc.SizeOfPermanentObjectPool:0]]
[2022.02.22-23.08.49:790][  0]LogConfig: Setting CVar [[gc.FlushStreamingOnGC:0]]
[2022.02.22-23.08.49:790][  0]LogConfig: Setting CVar [[gc.NumRetriesBeforeForcingGC:10]]
[2022.02.22-23.08.49:790][  0]LogConfig: Setting CVar [[gc.AllowParallelGC:1]]
[2022.02.22-23.08.49:790][  0]LogConfig: Setting CVar [[gc.TimeBetweenPurgingPendingKillObjects:61.1]]
[2022.02.22-23.08.49:790][  0]LogConfig: Setting CVar [[gc.MaxObjectsInEditor:25165824]]
[2022.02.22-23.08.49:790][  0]LogConfig: Setting CVar [[gc.IncrementalBeginDestroyEnabled:1]]
[2022.02.22-23.08.49:790][  0]LogConfig: Setting CVar [[gc.CreateGCClusters:1]]
[2022.02.22-23.08.49:790][  0]LogConfig: Setting CVar [[gc.MinGCClusterSize:5]]
[2022.02.22-23.08.49:790][  0]LogConfig: Setting CVar [[gc.ActorClusteringEnabled:0]]
[2022.02.22-23.08.49:790][  0]LogConfig: Setting CVar [[gc.BlueprintClusteringEnabled:0]]
[2022.02.22-23.08.49:790][  0]LogConfig: Setting CVar [[gc.UseDisregardForGCOnDedicatedServers:0]]
[2022.02.22-23.08.49:790][  0]LogConfig: Setting CVar [[gc.MultithreadedDestructionEnabled:1]]
[2022.02.22-23.08.49:790][  0]LogConfig: Applying CVar settings from Section [/Script/Engine.NetworkSettings] File [D:/GitHub/GAME259-2022-A/GAME259_A_URE/Saved/Config/Windows/Engine.ini]
[2022.02.22-23.08.49:790][  0]LogConfig: Applying CVar settings from Section [/Script/UnrealEd.CookerSettings] File [D:/GitHub/GAME259-2022-A/GAME259_A_URE/Saved/Config/Windows/Engine.ini]
[2022.02.22-23.08.49:808][  0]LogConfig: Applying CVar settings from Section [ViewDistanceQuality@3] File [D:/GitHub/GAME259-2022-A/GAME259_A_URE/Saved/Config/Windows/Scalability.ini]
[2022.02.22-23.08.49:808][  0]LogConfig: Setting CVar [[r.SkeletalMeshLODBias:0]]
[2022.02.22-23.08.49:808][  0]LogConfig: Setting CVar [[r.ViewDistanceScale:1.0]]
[2022.02.22-23.08.49:808][  0]LogConfig: Applying CVar settings from Section [AntiAliasingQuality@3] File [D:/GitHub/GAME259-2022-A/GAME259_A_URE/Saved/Config/Windows/Scalability.ini]
[2022.02.22-23.08.49:808][  0]LogConfig: Setting CVar [[r.PostProcessAAQuality:4]]
[2022.02.22-23.08.49:808][  0]LogConfig: Applying CVar settings from Section [ShadowQuality@3] File [D:/GitHub/GAME259-2022-A/GAME259_A_URE/Saved/Config/Windows/Scalability.ini]
[2022.02.22-23.08.49:808][  0]LogConfig: Setting CVar [[r.LightFunctionQuality:1]]
[2022.02.22-23.08.49:808][  0]LogConfig: Setting CVar [[r.ShadowQuality:5]]
[2022.02.22-23.08.49:808][  0]LogConfig: Setting CVar [[r.Shadow.CSM.MaxCascades:10]]
[2022.02.22-23.08.49:808][  0]LogConfig: Setting CVar [[r.Shadow.MaxResolution:2048]]
[2022.02.22-23.08.49:808][  0]LogConfig: Setting CVar [[r.Shadow.MaxCSMResolution:2048]]
[2022.02.22-23.08.49:808][  0]LogConfig: Setting CVar [[r.Shadow.RadiusThreshold:0.01]]
[2022.02.22-23.08.49:808][  0]LogConfig: Setting CVar [[r.Shadow.DistanceScale:1.0]]
[2022.02.22-23.08.49:808][  0]LogConfig: Setting CVar [[r.Shadow.CSM.TransitionScale:1.0]]
[2022.02.22-23.08.49:808][  0]LogConfig: Setting CVar [[r.Shadow.PreShadowResolutionFactor:1.0]]
[2022.02.22-23.08.49:808][  0]LogConfig: Setting CVar [[r.DistanceFieldShadowing:1]]
[2022.02.22-23.08.49:808][  0]LogConfig: Setting CVar [[r.DistanceFieldAO:1]]
[2022.02.22-23.08.49:808][  0]LogConfig: Setting CVar [[r.AOQuality:2]]
[2022.02.22-23.08.49:808][  0]LogConfig: Setting CVar [[r.VolumetricFog:1]]
[2022.02.22-23.08.49:808][  0]LogConfig: Setting CVar [[r.VolumetricFog.GridPixelSize:8]]
[2022.02.22-23.08.49:808][  0]LogConfig: Setting CVar [[r.VolumetricFog.GridSizeZ:128]]
[2022.02.22-23.08.49:808][  0]LogConfig: Setting CVar [[r.VolumetricFog.HistoryMissSupersampleCount:4]]
[2022.02.22-23.08.49:808][  0]LogConfig: Setting CVar [[r.LightMaxDrawDistanceScale:1]]
[2022.02.22-23.08.49:808][  0]LogConfig: Setting CVar [[r.CapsuleShadows:1]]
[2022.02.22-23.08.49:808][  0]LogConfig: Applying CVar settings from Section [PostProcessQuality@3] File [D:/GitHub/GAME259-2022-A/GAME259_A_URE/Saved/Config/Windows/Scalability.ini]
[2022.02.22-23.08.49:808][  0]LogConfig: Setting CVar [[r.MotionBlurQuality:4]]
[2022.02.22-23.08.49:809][  0]LogConfig: Setting CVar [[r.AmbientOcclusionMipLevelFactor:0.4]]
[2022.02.22-23.08.49:809][  0]LogConfig: Setting CVar [[r.AmbientOcclusionMaxQuality:100]]
[2022.02.22-23.08.49:809][  0]LogConfig: Setting CVar [[r.AmbientOcclusionLevels:-1]]
[2022.02.22-23.08.49:809][  0]LogConfig: Setting CVar [[r.AmbientOcclusionRadiusScale:1.0]]
[2022.02.22-23.08.49:809][  0]LogConfig: Setting CVar [[r.DepthOfFieldQuality:2]]
[2022.02.22-23.08.49:809][  0]LogConfig: Setting CVar [[r.RenderTargetPoolMin:400]]
[2022.02.22-23.08.49:809][  0]LogConfig: Setting CVar [[r.LensFlareQuality:2]]
[2022.02.22-23.08.49:809][  0]LogConfig: Setting CVar [[r.SceneColorFringeQuality:1]]
[2022.02.22-23.08.49:809][  0]LogConfig: Setting CVar [[r.EyeAdaptationQuality:2]]
[2022.02.22-23.08.49:809][  0]LogConfig: Setting CVar [[r.BloomQuality:5]]
[2022.02.22-23.08.49:809][  0]LogConfig: Setting CVar [[r.FastBlurThreshold:100]]
[2022.02.22-23.08.49:809][  0]LogConfig: Setting CVar [[r.Upscale.Quality:3]]
[2022.02.22-23.08.49:809][  0]LogConfig: Setting CVar [[r.Tonemapper.GrainQuantization:1]]
[2022.02.22-23.08.49:809][  0]LogConfig: Setting CVar [[r.LightShaftQuality:1]]
[2022.02.22-23.08.49:809][  0]LogConfig: Setting CVar [[r.Filter.SizeScale:1]]
[2022.02.22-23.08.49:809][  0]LogConfig: Setting CVar [[r.Tonemapper.Quality:5]]
[2022.02.22-23.08.49:809][  0]LogConfig: Setting CVar [[r.DOF.Gather.AccumulatorQuality:1        ; higher gathering accumulator quality]]
[2022.02.22-23.08.49:809][  0]LogConfig: Setting CVar [[r.DOF.Gather.PostfilterMethod:1          ; Median3x3 postfilering method]]
[2022.02.22-23.08.49:809][  0]LogConfig: Setting CVar [[r.DOF.Gather.EnableBokehSettings:0       ; no bokeh simulation when gathering]]
[2022.02.22-23.08.49:809][  0]LogConfig: Setting CVar [[r.DOF.Gather.RingCount:4                 ; medium number of samples when gathering]]
[2022.02.22-23.08.49:809][  0]LogConfig: Setting CVar [[r.DOF.Scatter.ForegroundCompositing:1    ; additive foreground scattering]]
[2022.02.22-23.08.49:809][  0]LogConfig: Setting CVar [[r.DOF.Scatter.BackgroundCompositing:2    ; additive background scattering]]
[2022.02.22-23.08.49:809][  0]LogConfig: Setting CVar [[r.DOF.Scatter.EnableBokehSettings:1      ; bokeh simulation when scattering]]
[2022.02.22-23.08.49:809][  0]LogConfig: Setting CVar [[r.DOF.Scatter.MaxSpriteRatio:0.1         ; only a maximum of 10% of scattered bokeh]]
[2022.02.22-23.08.49:809][  0]LogConfig: Setting CVar [[r.DOF.Recombine.Quality:1                ; cheap slight out of focus]]
[2022.02.22-23.08.49:809][  0]LogConfig: Setting CVar [[r.DOF.Recombine.EnableBokehSettings:0    ; no bokeh simulation on slight out of focus]]
[2022.02.22-23.08.49:809][  0]LogConfig: Setting CVar [[r.DOF.TemporalAAQuality:1                ; more stable temporal accumulation]]
[2022.02.22-23.08.49:809][  0]LogConfig: Setting CVar [[r.DOF.Kernel.MaxForegroundRadius:0.025]]
[2022.02.22-23.08.49:809][  0]LogConfig: Setting CVar [[r.DOF.Kernel.MaxBackgroundRadius:0.025]]
[2022.02.22-23.08.49:809][  0]LogConfig: Applying CVar settings from Section [TextureQuality@3] File [D:/GitHub/GAME259-2022-A/GAME259_A_URE/Saved/Config/Windows/Scalability.ini]
[2022.02.22-23.08.49:809][  0]LogConfig: Setting CVar [[r.Streaming.MipBias:0]]
[2022.02.22-23.08.49:809][  0]LogConfig: Setting CVar [[r.Streaming.AmortizeCPUToGPUCopy:0]]
[2022.02.22-23.08.49:809][  0]LogConfig: Setting CVar [[r.Streaming.MaxNumTexturesToStreamPerFrame:0]]
[2022.02.22-23.08.49:809][  0]LogConfig: Setting CVar [[r.Streaming.Boost:1]]
[2022.02.22-23.08.49:809][  0]LogConfig: Setting CVar [[r.MaxAnisotropy:8]]
[2022.02.22-23.08.49:809][  0]LogConfig: Setting CVar [[r.VT.MaxAnisotropy:8]]
[2022.02.22-23.08.49:809][  0]LogConfig: Setting CVar [[r.Streaming.LimitPoolSizeToVRAM:0]]
[2022.02.22-23.08.49:809][  0]LogConfig: Setting CVar [[r.Streaming.PoolSize:1000]]
[2022.02.22-23.08.49:809][  0]LogConfig: Setting CVar [[r.Streaming.MaxEffectiveScreenSize:0]]
[2022.02.22-23.08.49:809][  0]LogConfig: Applying CVar settings from Section [EffectsQuality@3] File [D:/GitHub/GAME259-2022-A/GAME259_A_URE/Saved/Config/Windows/Scalability.ini]
[2022.02.22-23.08.49:809][  0]LogConfig: Setting CVar [[r.TranslucencyLightingVolumeDim:64]]
[2022.02.22-23.08.49:809][  0]LogConfig: Setting CVar [[r.RefractionQuality:2]]
[2022.02.22-23.08.49:809][  0]LogConfig: Setting CVar [[r.SSR.Quality:3]]
[2022.02.22-23.08.49:809][  0]LogConfig: Setting CVar [[r.SSR.HalfResSceneColor:0]]
[2022.02.22-23.08.49:809][  0]LogConfig: Setting CVar [[r.SceneColorFormat:4]]
[2022.02.22-23.08.49:809][  0]LogConfig: Setting CVar [[r.DetailMode:2]]
[2022.02.22-23.08.49:809][  0]LogConfig: Setting CVar [[r.TranslucencyVolumeBlur:1]]
[2022.02.22-23.08.49:809][  0]LogConfig: Setting CVar [[r.MaterialQualityLevel:1 ; High quality]]
[2022.02.22-23.08.49:809][  0]LogConfig: Setting CVar [[r.AnisotropicMaterials:1]]
[2022.02.22-23.08.49:809][  0]LogConfig: Setting CVar [[r.SSS.Scale:1]]
[2022.02.22-23.08.49:809][  0]LogConfig: Setting CVar [[r.SSS.SampleSet:2]]
[2022.02.22-23.08.49:809][  0]LogConfig: Setting CVar [[r.SSS.Quality:1]]
[2022.02.22-23.08.49:809][  0]LogConfig: Setting CVar [[r.SSS.HalfRes:0]]
[2022.02.22-23.08.49:809][  0]LogConfig: Setting CVar [[r.SSGI.Quality:3]]
[2022.02.22-23.08.49:809][  0]LogConfig: Setting CVar [[r.EmitterSpawnRateScale:1.0]]
[2022.02.22-23.08.49:809][  0]LogConfig: Setting CVar [[r.ParticleLightQuality:2]]
[2022.02.22-23.08.49:809][  0]LogConfig: Setting CVar [[r.SkyAtmosphere.AerialPerspectiveLUT.FastApplyOnOpaque:1 ; Always have FastSkyLUT 1 in this case to avoid wrong sky]]
[2022.02.22-23.08.49:809][  0]LogConfig: Setting CVar [[r.SkyAtmosphere.AerialPerspectiveLUT.SampleCountMaxPerSlice:4]]
[2022.02.22-23.08.49:809][  0]LogConfig: Setting CVar [[r.SkyAtmosphere.AerialPerspectiveLUT.DepthResolution:16.0]]
[2022.02.22-23.08.49:809][  0]LogConfig: Setting CVar [[r.SkyAtmosphere.FastSkyLUT:1]]
[2022.02.22-23.08.49:809][  0]LogConfig: Setting CVar [[r.SkyAtmosphere.FastSkyLUT.SampleCountMin:4.0]]
[2022.02.22-23.08.49:809][  0]LogConfig: Setting CVar [[r.SkyAtmosphere.FastSkyLUT.SampleCountMax:128.0]]
[2022.02.22-23.08.49:809][  0]LogConfig: Setting CVar [[r.SkyAtmosphere.SampleCountMin:4.0]]
[2022.02.22-23.08.49:809][  0]LogConfig: Setting CVar [[r.SkyAtmosphere.SampleCountMax:128.0]]
[2022.02.22-23.08.49:809][  0]LogConfig: Setting CVar [[r.SkyAtmosphere.TransmittanceLUT.UseSmallFormat:0]]
[2022.02.22-23.08.49:809][  0]LogConfig: Setting CVar [[r.SkyAtmosphere.TransmittanceLUT.SampleCount:10.0]]
[2022.02.22-23.08.49:809][  0]LogConfig: Setting CVar [[r.SkyAtmosphere.MultiScatteringLUT.SampleCount:15.0]]
[2022.02.22-23.08.49:809][  0]LogConfig: Setting CVar [[r.SkyLight.RealTimeReflectionCapture:1]]
[2022.02.22-23.08.49:809][  0]LogConfig: Applying CVar settings from Section [FoliageQuality@3] File [D:/GitHub/GAME259-2022-A/GAME259_A_URE/Saved/Config/Windows/Scalability.ini]
[2022.02.22-23.08.49:809][  0]LogConfig: Setting CVar [[foliage.DensityScale:1.0]]
[2022.02.22-23.08.49:809][  0]LogConfig: Setting CVar [[grass.DensityScale:1.0]]
[2022.02.22-23.08.49:809][  0]LogConfig: Applying CVar settings from Section [ShadingQuality@3] File [D:/GitHub/GAME259-2022-A/GAME259_A_URE/Saved/Config/Windows/Scalability.ini]
[2022.02.22-23.08.49:809][  0]LogConfig: Setting CVar [[r.HairStrands.SkyLighting.IntegrationType:2]]
[2022.02.22-23.08.49:809][  0]LogConfig: Setting CVar [[r.HairStrands.SkyAO.SampleCount:4]]
[2022.02.22-23.08.49:809][  0]LogConfig: Setting CVar [[r.HairStrands.Visibility.MSAA.SamplePerPixel:4]]
[2022.02.22-23.08.49:809][  0]LogInit: Selected Device Profile: [Windows]
[2022.02.22-23.08.49:809][  0]LogInit: Applying CVar settings loaded from the selected device profile: [Windows]
[2022.02.22-23.08.49:809][  0]LogHAL: Display: Platform has ~ 16 GB [17089699840 / 17179869184 / 16], which maps to Larger [LargestMinGB=32, LargerMinGB=12, DefaultMinGB=8, SmallerMinGB=6, SmallestMinGB=0)
[2022.02.22-23.08.49:809][  0]LogInit: Going up to parent DeviceProfile []
[2022.02.22-23.08.49:809][  0]LogConfig: Applying CVar settings from Section [ViewDistanceQuality@3] File [D:/GitHub/GAME259-2022-A/GAME259_A_URE/Saved/Config/Windows/Scalability.ini]
[2022.02.22-23.08.49:809][  0]LogConfig: Setting CVar [[r.SkeletalMeshLODBias:0]]
[2022.02.22-23.08.49:809][  0]LogConfig: Setting CVar [[r.ViewDistanceScale:1.0]]
[2022.02.22-23.08.49:809][  0]LogConfig: Applying CVar settings from Section [AntiAliasingQuality@3] File [D:/GitHub/GAME259-2022-A/GAME259_A_URE/Saved/Config/Windows/Scalability.ini]
[2022.02.22-23.08.49:809][  0]LogConfig: Setting CVar [[r.PostProcessAAQuality:4]]
[2022.02.22-23.08.49:809][  0]LogConfig: Applying CVar settings from Section [ShadowQuality@3] File [D:/GitHub/GAME259-2022-A/GAME259_A_URE/Saved/Config/Windows/Scalability.ini]
[2022.02.22-23.08.49:809][  0]LogConfig: Setting CVar [[r.LightFunctionQuality:1]]
[2022.02.22-23.08.49:809][  0]LogConfig: Setting CVar [[r.ShadowQuality:5]]
[2022.02.22-23.08.49:809][  0]LogConfig: Setting CVar [[r.Shadow.CSM.MaxCascades:10]]
[2022.02.22-23.08.49:809][  0]LogConfig: Setting CVar [[r.Shadow.MaxResolution:2048]]
[2022.02.22-23.08.49:809][  0]LogConfig: Setting CVar [[r.Shadow.MaxCSMResolution:2048]]
[2022.02.22-23.08.49:809][  0]LogConfig: Setting CVar [[r.Shadow.RadiusThreshold:0.01]]
[2022.02.22-23.08.49:809][  0]LogConfig: Setting CVar [[r.Shadow.DistanceScale:1.0]]
[2022.02.22-23.08.49:809][  0]LogConfig: Setting CVar [[r.Shadow.CSM.TransitionScale:1.0]]
[2022.02.22-23.08.49:810][  0]LogConfig: Setting CVar [[r.Shadow.PreShadowResolutionFactor:1.0]]
[2022.02.22-23.08.49:810][  0]LogConfig: Setting CVar [[r.DistanceFieldShadowing:1]]
[2022.02.22-23.08.49:810][  0]LogConfig: Setting CVar [[r.DistanceFieldAO:1]]
[2022.02.22-23.08.49:810][  0]LogConfig: Setting CVar [[r.AOQuality:2]]
[2022.02.22-23.08.49:810][  0]LogConfig: Setting CVar [[r.VolumetricFog:1]]
[2022.02.22-23.08.49:810][  0]LogConfig: Setting CVar [[r.VolumetricFog.GridPixelSize:8]]
[2022.02.22-23.08.49:810][  0]LogConfig: Setting CVar [[r.VolumetricFog.GridSizeZ:128]]
[2022.02.22-23.08.49:810][  0]LogConfig: Setting CVar [[r.VolumetricFog.HistoryMissSupersampleCount:4]]
[2022.02.22-23.08.49:810][  0]LogConfig: Setting CVar [[r.LightMaxDrawDistanceScale:1]]
[2022.02.22-23.08.49:810][  0]LogConfig: Setting CVar [[r.CapsuleShadows:1]]
[2022.02.22-23.08.49:810][  0]LogConfig: Applying CVar settings from Section [PostProcessQuality@3] File [D:/GitHub/GAME259-2022-A/GAME259_A_URE/Saved/Config/Windows/Scalability.ini]
[2022.02.22-23.08.49:810][  0]LogConfig: Setting CVar [[r.MotionBlurQuality:4]]
[2022.02.22-23.08.49:810][  0]LogConfig: Setting CVar [[r.AmbientOcclusionMipLevelFactor:0.4]]
[2022.02.22-23.08.49:810][  0]LogConfig: Setting CVar [[r.AmbientOcclusionMaxQuality:100]]
[2022.02.22-23.08.49:810][  0]LogConfig: Setting CVar [[r.AmbientOcclusionLevels:-1]]
[2022.02.22-23.08.49:810][  0]LogConfig: Setting CVar [[r.AmbientOcclusionRadiusScale:1.0]]
[2022.02.22-23.08.49:810][  0]LogConfig: Setting CVar [[r.DepthOfFieldQuality:2]]
[2022.02.22-23.08.49:810][  0]LogConfig: Setting CVar [[r.RenderTargetPoolMin:400]]
[2022.02.22-23.08.49:810][  0]LogConfig: Setting CVar [[r.LensFlareQuality:2]]
[2022.02.22-23.08.49:810][  0]LogConfig: Setting CVar [[r.SceneColorFringeQuality:1]]
[2022.02.22-23.08.49:810][  0]LogConfig: Setting CVar [[r.EyeAdaptationQuality:2]]
[2022.02.22-23.08.49:810][  0]LogConfig: Setting CVar [[r.BloomQuality:5]]
[2022.02.22-23.08.49:810][  0]LogConfig: Setting CVar [[r.FastBlurThreshold:100]]
[2022.02.22-23.08.49:810][  0]LogConfig: Setting CVar [[r.Upscale.Quality:3]]
[2022.02.22-23.08.49:810][  0]LogConfig: Setting CVar [[r.Tonemapper.GrainQuantization:1]]
[2022.02.22-23.08.49:810][  0]LogConfig: Setting CVar [[r.LightShaftQuality:1]]
[2022.02.22-23.08.49:810][  0]LogConfig: Setting CVar [[r.Filter.SizeScale:1]]
[2022.02.22-23.08.49:810][  0]LogConfig: Setting CVar [[r.Tonemapper.Quality:5]]
[2022.02.22-23.08.49:810][  0]LogConfig: Setting CVar [[r.DOF.Gather.AccumulatorQuality:1        ; higher gathering accumulator quality]]
[2022.02.22-23.08.49:810][  0]LogConfig: Setting CVar [[r.DOF.Gather.PostfilterMethod:1          ; Median3x3 postfilering method]]
[2022.02.22-23.08.49:810][  0]LogConfig: Setting CVar [[r.DOF.Gather.EnableBokehSettings:0       ; no bokeh simulation when gathering]]
[2022.02.22-23.08.49:810][  0]LogConfig: Setting CVar [[r.DOF.Gather.RingCount:4                 ; medium number of samples when gathering]]
[2022.02.22-23.08.49:810][  0]LogConfig: Setting CVar [[r.DOF.Scatter.ForegroundCompositing:1    ; additive foreground scattering]]
[2022.02.22-23.08.49:810][  0]LogConfig: Setting CVar [[r.DOF.Scatter.BackgroundCompositing:2    ; additive background scattering]]
[2022.02.22-23.08.49:810][  0]LogConfig: Setting CVar [[r.DOF.Scatter.EnableBokehSettings:1      ; bokeh simulation when scattering]]
[2022.02.22-23.08.49:810][  0]LogConfig: Setting CVar [[r.DOF.Scatter.MaxSpriteRatio:0.1         ; only a maximum of 10% of scattered bokeh]]
[2022.02.22-23.08.49:810][  0]LogConfig: Setting CVar [[r.DOF.Recombine.Quality:1                ; cheap slight out of focus]]
[2022.02.22-23.08.49:810][  0]LogConfig: Setting CVar [[r.DOF.Recombine.EnableBokehSettings:0    ; no bokeh simulation on slight out of focus]]
[2022.02.22-23.08.49:810][  0]LogConfig: Setting CVar [[r.DOF.TemporalAAQuality:1                ; more stable temporal accumulation]]
[2022.02.22-23.08.49:810][  0]LogConfig: Setting CVar [[r.DOF.Kernel.MaxForegroundRadius:0.025]]
[2022.02.22-23.08.49:810][  0]LogConfig: Setting CVar [[r.DOF.Kernel.MaxBackgroundRadius:0.025]]
[2022.02.22-23.08.49:810][  0]LogConfig: Applying CVar settings from Section [TextureQuality@3] File [D:/GitHub/GAME259-2022-A/GAME259_A_URE/Saved/Config/Windows/Scalability.ini]
[2022.02.22-23.08.49:810][  0]LogConfig: Setting CVar [[r.Streaming.MipBias:0]]
[2022.02.22-23.08.49:810][  0]LogConfig: Setting CVar [[r.Streaming.AmortizeCPUToGPUCopy:0]]
[2022.02.22-23.08.49:810][  0]LogConfig: Setting CVar [[r.Streaming.MaxNumTexturesToStreamPerFrame:0]]
[2022.02.22-23.08.49:810][  0]LogConfig: Setting CVar [[r.Streaming.Boost:1]]
[2022.02.22-23.08.49:810][  0]LogConfig: Setting CVar [[r.MaxAnisotropy:8]]
[2022.02.22-23.08.49:810][  0]LogConfig: Setting CVar [[r.VT.MaxAnisotropy:8]]
[2022.02.22-23.08.49:810][  0]LogConfig: Setting CVar [[r.Streaming.LimitPoolSizeToVRAM:0]]
[2022.02.22-23.08.49:810][  0]LogConfig: Setting CVar [[r.Streaming.PoolSize:1000]]
[2022.02.22-23.08.49:810][  0]LogConfig: Setting CVar [[r.Streaming.MaxEffectiveScreenSize:0]]
[2022.02.22-23.08.49:810][  0]LogConfig: Applying CVar settings from Section [EffectsQuality@3] File [D:/GitHub/GAME259-2022-A/GAME259_A_URE/Saved/Config/Windows/Scalability.ini]
[2022.02.22-23.08.49:810][  0]LogConfig: Setting CVar [[r.TranslucencyLightingVolumeDim:64]]
[2022.02.22-23.08.49:810][  0]LogConfig: Setting CVar [[r.RefractionQuality:2]]
[2022.02.22-23.08.49:810][  0]LogConfig: Setting CVar [[r.SSR.Quality:3]]
[2022.02.22-23.08.49:810][  0]LogConfig: Setting CVar [[r.SSR.HalfResSceneColor:0]]
[2022.02.22-23.08.49:810][  0]LogConfig: Setting CVar [[r.SceneColorFormat:4]]
[2022.02.22-23.08.49:810][  0]LogConfig: Setting CVar [[r.DetailMode:2]]
[2022.02.22-23.08.49:810][  0]LogConfig: Setting CVar [[r.TranslucencyVolumeBlur:1]]
[2022.02.22-23.08.49:810][  0]LogConfig: Setting CVar [[r.MaterialQualityLevel:1 ; High quality]]
[2022.02.22-23.08.49:810][  0]LogConfig: Setting CVar [[r.AnisotropicMaterials:1]]
[2022.02.22-23.08.49:810][  0]LogConfig: Setting CVar [[r.SSS.Scale:1]]
[2022.02.22-23.08.49:810][  0]LogConfig: Setting CVar [[r.SSS.SampleSet:2]]
[2022.02.22-23.08.49:810][  0]LogConfig: Setting CVar [[r.SSS.Quality:1]]
[2022.02.22-23.08.49:810][  0]LogConfig: Setting CVar [[r.SSS.HalfRes:0]]
[2022.02.22-23.08.49:810][  0]LogConfig: Setting CVar [[r.SSGI.Quality:3]]
[2022.02.22-23.08.49:810][  0]LogConfig: Setting CVar [[r.EmitterSpawnRateScale:1.0]]
[2022.02.22-23.08.49:810][  0]LogConfig: Setting CVar [[r.ParticleLightQuality:2]]
[2022.02.22-23.08.49:810][  0]LogConfig: Setting CVar [[r.SkyAtmosphere.AerialPerspectiveLUT.FastApplyOnOpaque:1 ; Always have FastSkyLUT 1 in this case to avoid wrong sky]]
[2022.02.22-23.08.49:810][  0]LogConfig: Setting CVar [[r.SkyAtmosphere.AerialPerspectiveLUT.SampleCountMaxPerSlice:4]]
[2022.02.22-23.08.49:810][  0]LogConfig: Setting CVar [[r.SkyAtmosphere.AerialPerspectiveLUT.DepthResolution:16.0]]
[2022.02.22-23.08.49:810][  0]LogConfig: Setting CVar [[r.SkyAtmosphere.FastSkyLUT:1]]
[2022.02.22-23.08.49:810][  0]LogConfig: Setting CVar [[r.SkyAtmosphere.FastSkyLUT.SampleCountMin:4.0]]
[2022.02.22-23.08.49:810][  0]LogConfig: Setting CVar [[r.SkyAtmosphere.FastSkyLUT.SampleCountMax:128.0]]
[2022.02.22-23.08.49:810][  0]LogConfig: Setting CVar [[r.SkyAtmosphere.SampleCountMin:4.0]]
[2022.02.22-23.08.49:810][  0]LogConfig: Setting CVar [[r.SkyAtmosphere.SampleCountMax:128.0]]
[2022.02.22-23.08.49:810][  0]LogConfig: Setting CVar [[r.SkyAtmosphere.TransmittanceLUT.UseSmallFormat:0]]
[2022.02.22-23.08.49:810][  0]LogConfig: Setting CVar [[r.SkyAtmosphere.TransmittanceLUT.SampleCount:10.0]]
[2022.02.22-23.08.49:810][  0]LogConfig: Setting CVar [[r.SkyAtmosphere.MultiScatteringLUT.SampleCount:15.0]]
[2022.02.22-23.08.49:810][  0]LogConfig: Setting CVar [[r.SkyLight.RealTimeReflectionCapture:1]]
[2022.02.22-23.08.49:810][  0]LogConfig: Applying CVar settings from Section [FoliageQuality@3] File [D:/GitHub/GAME259-2022-A/GAME259_A_URE/Saved/Config/Windows/Scalability.ini]
[2022.02.22-23.08.49:810][  0]LogConfig: Setting CVar [[foliage.DensityScale:1.0]]
[2022.02.22-23.08.49:810][  0]LogConfig: Setting CVar [[grass.DensityScale:1.0]]
[2022.02.22-23.08.49:810][  0]LogConfig: Applying CVar settings from Section [ShadingQuality@3] File [D:/GitHub/GAME259-2022-A/GAME259_A_URE/Saved/Config/Windows/Scalability.ini]
[2022.02.22-23.08.49:810][  0]LogConfig: Setting CVar [[r.HairStrands.SkyLighting.IntegrationType:2]]
[2022.02.22-23.08.49:810][  0]LogConfig: Setting CVar [[r.HairStrands.SkyAO.SampleCount:4]]
[2022.02.22-23.08.49:810][  0]LogConfig: Setting CVar [[r.HairStrands.Visibility.MSAA.SamplePerPixel:4]]
[2022.02.22-23.08.49:810][  0]LogConfig: Applying CVar settings from Section [Startup] File [../../../Engine/Config/ConsoleVariables.ini]
[2022.02.22-23.08.49:810][  0]LogConfig: Setting CVar [[net.UseAdaptiveNetUpdateFrequency:0]]
[2022.02.22-23.08.49:811][  0]LogConfig: Setting CVar [[p.chaos.AllowCreatePhysxBodies:1]]
[2022.02.22-23.08.49:811][  0]LogConfig: Setting CVar [[fx.SkipVectorVMBackendOptimizations:1]]
[2022.02.22-23.08.49:811][  0]LogConfig: Applying CVar settings from Section [ConsoleVariables] File [D:/GitHub/GAME259-2022-A/GAME259_A_URE/Saved/Config/Windows/Engine.ini]
[2022.02.22-23.08.49:811][  0]LogConfig: Applying CVar settings from Section [ConsoleVariables] File [D:/GitHub/GAME259-2022-A/GAME259_A_URE/Saved/Config/Windows/Editor.ini]
[2022.02.22-23.08.49:811][  0]LogInit: Computer: TREVORPC
[2022.02.22-23.08.49:811][  0]LogInit: User: Trevor
[2022.02.22-23.08.49:811][  0]LogInit: CPU Page size=4096, Cores=8
[2022.02.22-23.08.49:811][  0]LogInit: High frequency timer resolution =10.000000 MHz
[2022.02.22-23.08.49:811][  0]LogMemory: Memory total: Physical=15.9GB (16GB approx)
[2022.02.22-23.08.49:811][  0]LogMemory: Platform Memory Stats for Windows
[2022.02.22-23.08.49:811][  0]LogMemory: Process Physical Memory: 145.16 MB used, 145.16 MB peak
[2022.02.22-23.08.49:811][  0]LogMemory: Process Virtual Memory: 130.45 MB used, 130.45 MB peak
[2022.02.22-23.08.49:811][  0]LogMemory: Physical Memory: 7874.12 MB used,  8423.89 MB free, 16298.01 MB total
[2022.02.22-23.08.49:811][  0]LogMemory: Virtual Memory: 134211104.00 MB used,  6622.12 MB free, 134217728.00 MB total
[2022.02.22-23.08.49:815][  0]LogWindows: WindowsPlatformFeatures enabled
[2022.02.22-23.08.49:848][  0]LogInit: Physics initialised using underlying interface: PhysX
[2022.02.22-23.08.49:849][  0]LogInit: Using OS detected language (en-US).
[2022.02.22-23.08.49:849][  0]LogInit: Using OS detected locale (en-CA).
[2022.02.22-23.08.50:171][  0]LogTextLocalizationManager: No specific localization for 'en-US' exists, so the 'en' localization will be used.
[2022.02.22-23.08.50:335][  0]LogInit: Setting process to per monitor DPI aware
[2022.02.22-23.08.50:342][  0]LogWindowsTextInputMethodSystem: Display: IME system deactivated.
[2022.02.22-23.08.50:351][  0]LogSlate: New Slate User Created.  User Index 0, Is Virtual User: 0
[2022.02.22-23.08.50:351][  0]LogSlate: Slate User Registered.  User Index 0, Is Virtual User: 0
[2022.02.22-23.08.50:433][  0]LogD3D11RHI: Loaded GFSDK_Aftermath_Lib.x64.dll
[2022.02.22-23.08.51:191][  0]LogHMD: Failed to enumerate extensions. Please check that you have a valid OpenXR runtime installed.
[2022.02.22-23.08.51:191][  0]LogD3D11RHI: D3D11 min allowed feature level: 11_0
[2022.02.22-23.08.51:191][  0]LogD3D11RHI: D3D11 max allowed feature level: 11_0
[2022.02.22-23.08.51:191][  0]LogD3D11RHI: D3D11 adapters:
[2022.02.22-23.08.51:274][  0]LogD3D11RHI:    0. 'NVIDIA GeForce RTX 2070 SUPER' (Feature Level 11_0)
[2022.02.22-23.08.51:274][  0]LogD3D11RHI:       8011/0/8149 MB DedicatedVideo/DedicatedSystem/SharedSystem, Outputs:2, VendorId:0x10de
[2022.02.22-23.08.51:276][  0]LogD3D11RHI:    1. 'Microsoft Basic Render Driver' (Feature Level 11_0)
[2022.02.22-23.08.51:276][  0]LogD3D11RHI:       0/0/8149 MB DedicatedVideo/DedicatedSystem/SharedSystem, Outputs:0, VendorId:0x1414
[2022.02.22-23.08.51:276][  0]LogD3D11RHI: Chosen D3D11 Adapter:
[2022.02.22-23.08.51:276][  0]LogD3D11RHI:     Description : NVIDIA GeForce RTX 2070 SUPER
[2022.02.22-23.08.51:276][  0]LogD3D11RHI:     VendorId    : 10de
[2022.02.22-23.08.51:276][  0]LogD3D11RHI:     DeviceId    : 1e84
[2022.02.22-23.08.51:276][  0]LogD3D11RHI:     SubSysId    : 373e1462
[2022.02.22-23.08.51:276][  0]LogD3D11RHI:     Revision    : 00a1
[2022.02.22-23.08.51:276][  0]LogD3D11RHI:     DedicatedVideoMemory : 8400142336 bytes
[2022.02.22-23.08.51:276][  0]LogD3D11RHI:     DedicatedSystemMemory : 0 bytes
[2022.02.22-23.08.51:276][  0]LogD3D11RHI:     SharedSystemMemory : 8544849920 bytes
[2022.02.22-23.08.51:276][  0]LogD3D11RHI:     AdapterLuid : 0 47873
[2022.02.22-23.08.51:280][  0]LogD3D11RHI: Creating new Direct3DDevice
[2022.02.22-23.08.51:280][  0]LogD3D11RHI:     GPU DeviceId: 0x1e84 (for the marketing name, search the web for "GPU Device Id")
[2022.02.22-23.08.51:280][  0]LogWindows: EnumDisplayDevices:
[2022.02.22-23.08.51:280][  0]LogWindows:    0. 'NVIDIA GeForce RTX 2070 SUPER' (P:1 D:1)
[2022.02.22-23.08.51:281][  0]LogWindows:    1. 'NVIDIA GeForce RTX 2070 SUPER' (P:0 D:1)
[2022.02.22-23.08.51:281][  0]LogWindows:    2. 'NVIDIA GeForce RTX 2070 SUPER' (P:0 D:0)
[2022.02.22-23.08.51:281][  0]LogWindows:    3. 'NVIDIA GeForce RTX 2070 SUPER' (P:0 D:0)
[2022.02.22-23.08.51:281][  0]LogWindows: DebugString: FoundDriverCount:4 
[2022.02.22-23.08.51:281][  0]LogD3D11RHI:     Adapter Name: NVIDIA GeForce RTX 2070 SUPER
[2022.02.22-23.08.51:281][  0]LogD3D11RHI:   Driver Version: 472.12 (internal:30.0.14.7212, unified:472.12)
[2022.02.22-23.08.51:281][  0]LogD3D11RHI:      Driver Date: 9-13-2021
[2022.02.22-23.08.51:281][  0]LogRHI: Texture pool is 5607 MB (70% of 8011 MB)
[2022.02.22-23.08.51:281][  0]LogD3D11RHI: Creating D3DDevice using adapter:
[2022.02.22-23.08.51:281][  0]LogD3D11RHI:     Description : NVIDIA GeForce RTX 2070 SUPER
[2022.02.22-23.08.51:281][  0]LogD3D11RHI:     VendorId    : 10de
[2022.02.22-23.08.51:281][  0]LogD3D11RHI:     DeviceId    : 1e84
[2022.02.22-23.08.51:281][  0]LogD3D11RHI:     SubSysId    : 373e1462
[2022.02.22-23.08.51:281][  0]LogD3D11RHI:     Revision    : 00a1
[2022.02.22-23.08.51:281][  0]LogD3D11RHI:     DedicatedVideoMemory : 8400142336 bytes
[2022.02.22-23.08.51:281][  0]LogD3D11RHI:     DedicatedSystemMemory : 0 bytes
[2022.02.22-23.08.51:281][  0]LogD3D11RHI:     SharedSystemMemory : 8544849920 bytes
[2022.02.22-23.08.51:281][  0]LogD3D11RHI:     AdapterLuid : 0 47873
[2022.02.22-23.08.51:342][  0]LogD3D11RHI: RHI has support for 64 bit atomics
[2022.02.22-23.08.51:342][  0]LogD3D11RHI: Async texture creation enabled
[2022.02.22-23.08.51:342][  0]LogD3D11RHI: Array index from any shader is supported
[2022.02.22-23.08.51:373][  0]LogD3D11RHI: GPU Timing Frequency: 1000.000000 (Debug: 2 1)
[2022.02.22-23.08.51:404][  0]LogRHI: GeForceNow SDK initialized: 1
[2022.02.22-23.08.51:656][  0]LogTargetPlatformManager: Display: Loaded TargetPlatform 'AllDesktop'
[2022.02.22-23.08.51:673][  0]LogTargetPlatformManager: Display: Loaded TargetPlatform 'Android'
[2022.02.22-23.08.51:673][  0]LogTargetPlatformManager: Display: Loaded TargetPlatform 'Android_ASTC'
[2022.02.22-23.08.51:673][  0]LogTargetPlatformManager: Display: Loaded TargetPlatform 'Android_DXT'
[2022.02.22-23.08.51:673][  0]LogTargetPlatformManager: Display: Loaded TargetPlatform 'Android_ETC2'
[2022.02.22-23.08.51:673][  0]LogTargetPlatformManager: Display: Loaded TargetPlatform 'AndroidClient'
[2022.02.22-23.08.51:673][  0]LogTargetPlatformManager: Display: Loaded TargetPlatform 'Android_ASTCClient'
[2022.02.22-23.08.51:673][  0]LogTargetPlatformManager: Display: Loaded TargetPlatform 'Android_DXTClient'
[2022.02.22-23.08.51:673][  0]LogTargetPlatformManager: Display: Loaded TargetPlatform 'Android_ETC2Client'
[2022.02.22-23.08.51:673][  0]LogTargetPlatformManager: Display: Loaded TargetPlatform 'Android_Multi'
[2022.02.22-23.08.51:673][  0]LogTargetPlatformManager: Display: Loaded TargetPlatform 'Android_MultiClient'
[2022.02.22-23.08.51:688][  0]LogTargetPlatformManager: Display: Loaded TargetPlatform 'IOSClient'
[2022.02.22-23.08.51:688][  0]LogTargetPlatformManager: Display: Loaded TargetPlatform 'IOS'
[2022.02.22-23.08.51:695][  0]LogTargetPlatformManager: Display: Loaded TargetPlatform 'Linux'
[2022.02.22-23.08.51:699][  0]LogTargetPlatformManager: Display: Loaded TargetPlatform 'LinuxNoEditor'
[2022.02.22-23.08.51:703][  0]LogTargetPlatformManager: Display: Loaded TargetPlatform 'LinuxClient'
[2022.02.22-23.08.51:707][  0]LogTargetPlatformManager: Display: Loaded TargetPlatform 'LinuxServer'
[2022.02.22-23.08.51:714][  0]LogTargetPlatformManager: Display: Loaded TargetPlatform 'LinuxAArch64NoEditor'
[2022.02.22-23.08.51:717][  0]LogTargetPlatformManager: Display: Loaded TargetPlatform 'LinuxAArch64Client'
[2022.02.22-23.08.51:721][  0]LogTargetPlatformManager: Display: Loaded TargetPlatform 'LinuxAArch64Server'
[2022.02.22-23.08.51:739][  0]LogTargetPlatformManager: Display: Loaded TargetPlatform 'Lumin'
[2022.02.22-23.08.51:739][  0]LogTargetPlatformManager: Display: Loaded TargetPlatform 'LuminClient'
[2022.02.22-23.08.51:745][  0]LogTargetPlatformManager: Display: Loaded TargetPlatform 'MacNoEditor'
[2022.02.22-23.08.51:749][  0]LogTargetPlatformManager: Display: Loaded TargetPlatform 'Mac'
[2022.02.22-23.08.51:753][  0]LogTargetPlatformManager: Display: Loaded TargetPlatform 'MacClient'
[2022.02.22-23.08.51:757][  0]LogTargetPlatformManager: Display: Loaded TargetPlatform 'MacServer'
[2022.02.22-23.08.51:764][  0]LogTargetPlatformManager: Display: Loaded TargetPlatform 'TVOSClient'
[2022.02.22-23.08.51:764][  0]LogTargetPlatformManager: Display: Loaded TargetPlatform 'TVOS'
[2022.02.22-23.08.51:771][  0]LogTargetPlatformManager: Display: Loaded TargetPlatform 'WindowsNoEditor'
[2022.02.22-23.08.51:775][  0]LogTargetPlatformManager: Display: Loaded TargetPlatform 'Windows'
[2022.02.22-23.08.51:779][  0]LogTargetPlatformManager: Display: Loaded TargetPlatform 'WindowsClient'
[2022.02.22-23.08.51:782][  0]LogTargetPlatformManager: Display: Loaded TargetPlatform 'WindowsServer'
[2022.02.22-23.08.51:782][  0]LogTargetPlatformManager: Display: Building Assets For Windows
[2022.02.22-23.08.51:789][  0]LogAudioDebug: Display: Lib vorbis DLL was dynamically loaded.
[2022.02.22-23.08.51:815][  0]LogTextureFormatOodle: Display: Oodle Texture 2.9.0 init RDO Off
[2022.02.22-23.08.51:842][  0]LogRendererCore: Ray tracing is disabled. Reason: r.RayTracing=0.
[2022.02.22-23.08.51:842][  0]LogShaderCompilers: Guid format shader working directory is -4 characters bigger than the processId version (../../../../../GitHub/GAME259-2022-A/GAME259_A_URE/Intermediate/Shaders/WorkingDirectory/15988/).
[2022.02.22-23.08.51:842][  0]LogShaderCompilers: Cleaned the shader compiler working directory 'C:/Users/Trevor/AppData/Local/Temp/UnrealShaderWorkingDir/4C8A2BB94C373CB760EEC5A96D5CCAE7/'.
[2022.02.22-23.08.51:842][  0]LogXGEController: Cannot use XGE Controller as Incredibuild is not installed on this machine.
[2022.02.22-23.08.51:842][  0]LogShaderCompilers: Cannot use XGE Shader Compiler as Incredibuild is not installed on this machine.
[2022.02.22-23.08.51:842][  0]LogShaderCompilers: Display: Using Local Shader Compiler.
[2022.02.22-23.08.52:434][  0]LogDerivedDataCache: Display: Max Cache Size: 512 MB
[2022.02.22-23.08.52:498][  0]LogDerivedDataCache: Loaded boot cache 0.06s 103MB C:/Users/Trevor/AppData/Local/UnrealEngine/4.27/DerivedDataCache/Boot.ddc.
[2022.02.22-23.08.52:498][  0]LogDerivedDataCache: Display: Loaded Boot cache: C:/Users/Trevor/AppData/Local/UnrealEngine/4.27/DerivedDataCache/Boot.ddc
[2022.02.22-23.08.52:498][  0]LogDerivedDataCache: FDerivedDataBackendGraph:  Pak pak cache file ../../../../../GitHub/GAME259-2022-A/GAME259_A_URE/DerivedDataCache/DDC.ddp not found, will not use a pak cache.
[2022.02.22-23.08.52:498][  0]LogDerivedDataCache: Unable to find inner node Pak for hierarchical cache Hierarchy.
[2022.02.22-23.08.52:498][  0]LogDerivedDataCache: FDerivedDataBackendGraph:  CompressedPak pak cache file ../../../../../GitHub/GAME259-2022-A/GAME259_A_URE/DerivedDataCache/Compressed.ddp not found, will not use a pak cache.
[2022.02.22-23.08.52:498][  0]LogDerivedDataCache: Unable to find inner node CompressedPak for hierarchical cache Hierarchy.
[2022.02.22-23.08.52:511][  0]LogDerivedDataCache: Display: Pak cache opened for reading ../../../Engine/DerivedDataCache/Compressed.ddp.
[2022.02.22-23.08.52:511][  0]LogDerivedDataCache: FDerivedDataBackendGraph:  EnterprisePak pak cache file ../../../Enterprise/DerivedDataCache/Compressed.ddp not found, will not use a pak cache.
[2022.02.22-23.08.52:511][  0]LogDerivedDataCache: Unable to find inner node EnterprisePak for hierarchical cache Hierarchy.
[2022.02.22-23.08.52:516][  0]LogDerivedDataCache: Speed tests for C:/Users/Trevor/AppData/Local/UnrealEngine/Common/DerivedDataCache took 0.00 seconds
[2022.02.22-23.08.52:516][  0]LogDerivedDataCache: Display: Performance to C:/Users/Trevor/AppData/Local/UnrealEngine/Common/DerivedDataCache: Latency=0.03ms. RandomReadSpeed=1542.03MBs, RandomWriteSpeed=268.28MBs. Assigned SpeedClass 'Local'
[2022.02.22-23.08.52:517][  0]LogDerivedDataCache: Using Local data cache path C:/Users/Trevor/AppData/Local/UnrealEngine/Common/DerivedDataCache: Writable
[2022.02.22-23.08.52:517][  0]LogDerivedDataCache: Shared data cache path not found in *engine.ini, will not use an Shared cache.
[2022.02.22-23.08.52:517][  0]LogDerivedDataCache: Unable to find inner node Shared for hierarchical cache Hierarchy.
[2022.02.22-23.08.52:555][  0]LogSlate: Using FreeType 2.10.0
[2022.02.22-23.08.52:555][  0]LogSlate: SlateFontServices - WITH_FREETYPE: 1, WITH_HARFBUZZ: 1
[2022.02.22-23.08.52:555][  0]LogHMD: Failed to enumerate extensions. Please check that you have a valid OpenXR runtime installed.
[2022.02.22-23.08.52:573][  0]LogAssetRegistry: FAssetRegistry took 0.0020 seconds to start up
[2022.02.22-23.08.52:765][  0]LogInit: Selected Device Profile: [Windows]
[2022.02.22-23.08.52:765][  0]LogInit: Active device profile: [000001AFF54F6E00][000001AFEC849680 49] Windows
[2022.02.22-23.08.52:765][  0]LogInit: Profiles: [000001AFF54F6E00][000001AFEC849680 49] Windows, [000001AFF54A6C00][000001AFF4ABB800 49] WindowsNoEditor, [000001AFF54F5100][000001AFF4ABF980 49] WindowsServer, [000001AFF54A6E00][000001AFF4AC3B00 49] WindowsClient, [000001AFF54F4F00][000001AFF4AC6100 49] IOS, [000001AFF548FF00][000001AFF4ACA280 49] iPadAir, [000001AFF54A4700][000001AFF4ACE400 49] iPadAir2, [000001AFF5450800][000001AFF4AD2640 49] IPadPro, [000001AFF5450900][000001AFEC84C680 49] iPadAir3, [000001AFF548C200][000001AFF4AD67C0 49] iPadAir4, [000001AFF5451800][000001AFF4ADA900 49] iPadMini2, [000001AFF548D100][000001AFF4AE2A80 49] iPadMini3, [000001AFF5452500][000001AFF4AE6C00 49] iPadMini4, [000001AFF548F700][000001AFF4AEAD80 49] iPadMini5, [000001AFF54F4A00][000001AFF4AF3040 49] iPhone6, [000001AFF54F5C00][000001AFF4AEF080 49] iPodTouch6, [000001AFF54A6D00][000001AFF4AFB340 49] iPhone7, [000001AFF54A7B00][000001AFF4AF7380 49] iPodTouch7, [000001AFF5450A00][000001AFF4AFF500 49] iPhone5S, [000001AFF54A5700][000001AFF4B03680 49] iPhone6Plus, [000001AFF5450700][000001AFF4B07800 49] iPhone6S, [000001AFF54A5300][000001AFF4B0B980 49] iPhone6SPlus, [000001AFF54F7700][000001AFF4B0FB00 49] iPhone7Plus, [000001AFF54A5100][000001AFF4B12100 49] iPhoneSE, [000001AFF54F6400][000001AFF4B16280 49] iPhone8, [000001AFF54A6B00][000001AFF4B1A400 49] iPhone8Plus, [000001AFF54F7600][000001AFF4B1E580 49] iPhoneX, [000001AFF54A6100][000001AFF4B22700 49] iPhoneXS, [000001AFF54F5800][000001AFF4ADE840 49] iPhoneXSMax, [000001AFF54A5A00][000001AFF4B26980 49] iPhoneXR, [000001AFF54F7100][000001AFF4B2AAC0 49] iPhone11, [000001AFF54A7600][000001AFF4B32C40 49] iPhone11Pro, [000001AFF54F5D00][000001AFF4B36DC0 49] iPhone11ProMax, [000001AFF54A4C00][000001AFF4B3AF40 49] iPhoneSE2, [000001AFF54F7B00][000001AFF4B3F0C0 49] iPhone12Mini, [000001AFF54A6000][000001AFF4B43240 49] iPhone12, [000001AFF54F4900][000001AFF4B473C0 49] iPhone12Pro, [000001AFF54A4900][000001AFF4B4B540 49] iPhone12ProMax, [000001AFF54F5500][000001AFF5B616C0 49] iPadPro105, [000001AFF54A4500][000001AFF5B65840 49] iPadPro129, [000001AFF54F5300][000001AFF5B699C0 49] iPadPro97, [000001AFF54A6600][000001AFF5B6DB40 49] iPadPro2_129, [000001AFF54F6B00][000001AFF5B70140 49] iPad5, [000001AFF54A6F00][000001AFF5B742C0 49] iPad6, [000001AFF54F4300][000001AFF5B78440 49] iPad7, [000001AFF54A4200][000001AFF5B7C5C0 49] iPad8, [000001AFF54F4500][000001AFF5B80740 49] iPadPro11, [000001AFF54A5400][000001AFF5B848C0 49] iPadPro2_11, [000001AFF54F4D00][000001AFF4B2EA00 49] iPadPro3_129, [000001AFF54A6A00][000001AFF5B88B40 49] iPadPro4_129, [000001AFF54F6300][000001AFF5B8CC80 49] AppleTV, [000001AFF54A7200][000001AFF5B90DC0 49] AppleTV4K, [000001AFF54F5B00][000001AFF5B98F40 49] TVOS, [000001AFF54A4F00][000001AFF5B9D0C0 49] Mac, [000001AFF54F6200][000001AFF5BA1240 49] MacClient, [000001AFF54A5C00][000001AFF5BA53C0 49] MacNoEditor, [000001AFF54F5F00][000001AFF5BA9540 49] MacServer, [000001AFF54A6200][000001AFF5BAD6C0 49] Linux, [000001AFF54F4600][000001AFF5BB1840 49] LinuxAArch64, [000001AFF54A7500][000001AFF5BB59C0 49] LinuxNoEditor, [000001AFF54F5E00][000001AFF5BB9B40 49] LinuxAArch64NoEditor, [000001AFF54A4300][000001AFF5BBC140 49] LinuxClient, [000001AFF54F6600][000001AFF5BC02C0 49] LinuxAArch64Client, [000001AFF54A5B00][000001AFF5BC4440 49] LinuxServer, [000001AFF54F6900][000001AFF5BC85C0 49] LinuxAArch64Server, [000001AFF548E500][000001AFF5BCC740 49] Android, [000001AFF5453E00][000001AFF5BD08C0 49] Android_Low, [000001AFF548F200][000001AFF5BD4A40 49] Android_Mid, [000001AFF5451700][000001AFF5B94B80 49] Android_High, [000001AFF548F600][000001AFF5BD8CC0 49] Android_Default, [000001AFF5452700][000001AFF5BDCE00 49] Android_Adreno4xx, [000001AFF548CD00][000001AFF5BE0F40 49] Android_Adreno5xx_Low, [000001AFF5453200][000001AFF5BE90C0 49] Android_Adreno5xx, [000001AFF548E600][000001AFF5BED240 49] Android_Adreno6xx, [000001AFF5451600][000001AFF5BF13C0 49] Android_Adreno6xx_Vulkan, [000001AFF548C700][000001AFF5BF5540 49] Android_Mali_T6xx, [000001AFF5452600][000001AFF5BF96C0 49] Android_Mali_T7xx, [000001AFF548E900][000001AFF5BFD840 49] Android_Mali_T8xx, [000001AFF5451D00][000001AFF5C019C0 49] Android_Mali_G71, [000001AFF548EC00][000001AFF5C05B40 49] Android_Mali_G72, [000001AFF5453900][000001AFF5C08140 49] Android_Mali_G72_Vulkan, [000001AFF548C100][000001AFF5C0C2C0 49] Android_Mali_G76, [000001AFF5453A00][000001AFF5C10440 49] Android_Mali_G76_Vulkan, [000001AFF548D800][000001AFF5C145C0 49] Android_Mali_G77, [000001AFF5450E00][000001AFF5C18740 49] Android_Mali_G77_Vulkan, [000001AFF548F300][000001AFF5C1C8C0 49] Android_Mali_G78, [000001AFF5451B00][000001AFF5C20A40 49] Android_Mali_G78_Vulkan, [000001AFF548E300][000001AFF5C24BC0 49] Android_Mali_G710, [000001AFF5452A00][000001AFF5C28D40 49] Android_Mali_G710_Vulkan, [000001AFF548FB00][000001AFF5BE4E80 49] Android_Vulkan_SM5, [000001AFF5450400][000001AFF5C2CFC0 49] Android_PowerVR_G6xxx, [000001AFF548E800][000001AFF5C31100 49] Android_PowerVR_GT7xxx, [000001AFF5452E00][000001AFF5C39280 49] Android_PowerVR_GE8xxx, [000001AFF548DF00][000001AFF5C3D400 49] Android_PowerVR_GM9xxx, [000001AFF5450C00][000001AFF5C41580 49] Android_PowerVR_GM9xxx_Vulkan, [000001AFF548CE00][000001AFF5C45700 49] Android_TegraK1, [000001AFF5451E00][000001AFF5C49880 49] Android_Unknown_Vulkan, [000001AFF548D900][000001AFF5C4DA00 49] Lumin, [000001AFF5450B00][000001AFF5C51B80 49] Lumin_Desktop, [000001AFF54F6000][000001AFF5C54180 49] HoloLens, 
[2022.02.22-23.08.53:000][  0]LogMeshReduction: Using QuadricMeshReduction for automatic static mesh reduction
[2022.02.22-23.08.53:000][  0]LogMeshReduction: Using SimplygonMeshReduction for automatic skeletal mesh reduction
[2022.02.22-23.08.53:000][  0]LogMeshReduction: Using ProxyLODMeshReduction for automatic mesh merging
[2022.02.22-23.08.53:000][  0]LogMeshReduction: No distributed automatic mesh merging module available
[2022.02.22-23.08.53:000][  0]LogMeshMerging: No distributed automatic mesh merging module available
[2022.02.22-23.08.53:019][  0]LogNetVersion: GAME259_A_URE 1.0.0, NetCL: 17155196, EngineNetVer: 17, GameNetVer: 0 (Checksum: 2250587433)
[2022.02.22-23.08.53:285][  0]LogTexture: Default maximum texture size for cubemaps generated from long-lat sources has been changed from 512 to unlimited. In order to preserve old behaiour for '/Engine/MapTemplates/Sky/DaylightAmbientCubemap.DaylightAmbientCubemap', its maximum texture size has been explicitly set to 512.
[2022.02.22-23.08.53:339][  0]LogHMD: PokeAHoleMaterial loaded successfully
[2022.02.22-23.08.53:343][  0]LogUObjectArray: 17075 objects as part of root set at end of initial load.
[2022.02.22-23.08.53:343][  0]LogUObjectAllocator: 4275792 out of 0 bytes used by permanent object pool.
[2022.02.22-23.08.53:343][  0]LogUObjectArray: CloseDisregardForGC: 0/0 objects in disregard for GC pool
[2022.02.22-23.08.54:002][  0]LogNiagaraDebuggerClient: Niagara Debugger Client Initialized | Session: DDC378FA4C7CB56E9CF31A94BBCDA72D | Instance: 3DCA96E544E53EEDF0787EAC723DECCA (TREVORPC-15988).
[2022.02.22-23.08.54:109][  0]LogPython: Using Python 3.7.7
[2022.02.22-23.08.54:616][  0]LogUdpMessaging: Initializing bridge on interface 0.0.0.0:0 to multicast group 230.0.0.1:6666.
[2022.02.22-23.08.54:621][  0]LogTcpMessaging: Initializing TcpMessaging bridge
[2022.02.22-23.08.55:018][  0]LogSteamShared: Display: Loading Steam SDK 1.51
[2022.02.22-23.08.55:311][  0]LogSteamShared: Steam SDK Loaded!
[2022.02.22-23.09.00:727][  0]SourceControl: Source control is disabled
[2022.02.22-23.09.00:727][  0]SourceControl: Source control is disabled
[2022.02.22-23.09.00:753][  0]SourceControl: Source control is disabled
[2022.02.22-23.09.00:759][  0]SourceControl: Source control is disabled
[2022.02.22-23.09.00:761][  0]SourceControl: Source control is disabled
[2022.02.22-23.09.00:767][  0]LogUProjectInfo: Found projects:
[2022.02.22-23.09.00:936][  0]LogOpenImageDenoise: OIDN starting up
[2022.02.22-23.09.01:260][  0]LogAndroidPermission: UAndroidPermissionCallbackProxy::GetInstance
[2022.02.22-23.09.01:272][  0]LogAudioCaptureCore: Display: No Audio Capture implementations found. Audio input will be silent.
[2022.02.22-23.09.01:272][  0]LogAudioCaptureCore: Display: No Audio Capture implementations found. Audio input will be silent.
[2022.02.22-23.09.01:385][  0]LogCollectionManager: Loaded 0 collections in 0.000647 seconds
[2022.02.22-23.09.01:524][  0]LogFileCache: Scanning file cache for directory 'D:/GitHub/GAME259-2022-A/GAME259_A_URE/Saved/Collections/' took 0.00s
[2022.02.22-23.09.01:524][  0]LogFileCache: Scanning file cache for directory 'D:/GitHub/GAME259-2022-A/GAME259_A_URE/Content/Developers/Trevor/Collections/' took 0.00s
[2022.02.22-23.09.01:524][  0]LogFileCache: Scanning file cache for directory 'D:/GitHub/GAME259-2022-A/GAME259_A_URE/Content/Collections/' took 0.00s
[2022.02.22-23.09.01:524][  0]LogOcInput: OculusInput pre-init called
[2022.02.22-23.09.01:739][  0]LogEngine: Initializing Engine...
[2022.02.22-23.09.01:824][  0]LogHMD: Failed to enumerate extensions. Please check that you have a valid OpenXR runtime installed.
[2022.02.22-23.09.01:845][  0]LogMagicLeap: Warning: VR disabled because ZI is not enabled.  To enable, in the editor, Edit -> Project Settings -> Plugins -> Magic Leap Plugin -> Enable Zero Iteration
[2022.02.22-23.09.01:846][  0]LogStats: UGameplayTagsManager::InitializeManager -  0.000 s
[2022.02.22-23.09.01:959][  0]LogInit: Initializing FReadOnlyCVARCache
[2022.02.22-23.09.01:965][  0]LogAIModule: Creating AISystem for world Untitled
[2022.02.22-23.09.01:965][  0]LogAudio: Display: Initializing Audio Device Manager...
[2022.02.22-23.09.01:968][  0]LogAudio: Display: Loading Default Audio Settings Objects...
[2022.02.22-23.09.01:968][  0]LogAudio: Display: No default SoundConcurrencyObject specified (or failed to load).
[2022.02.22-23.09.01:969][  0]LogAudio: Display: Audio Device Manager Initialized
[2022.02.22-23.09.01:969][  0]LogAudio: Display: Creating Audio Device:                 Id: 1, Scope: Shared, Realtime: True
[2022.02.22-23.09.01:969][  0]LogAudioMixer: Display: Audio Mixer Platform Settings:
[2022.02.22-23.09.01:969][  0]LogAudioMixer: Display: 	Sample Rate:						  48000
[2022.02.22-23.09.01:969][  0]LogAudioMixer: Display: 	Callback Buffer Frame Size Requested: 1024
[2022.02.22-23.09.01:969][  0]LogAudioMixer: Display: 	Callback Buffer Frame Size To Use:	  1024
[2022.02.22-23.09.01:969][  0]LogAudioMixer: Display: 	Number of buffers to queue:			  2
[2022.02.22-23.09.01:969][  0]LogAudioMixer: Display: 	Max Channels (voices):				  32
[2022.02.22-23.09.01:969][  0]LogAudioMixer: Display: 	Number of Async Source Workers:		  0
[2022.02.22-23.09.01:969][  0]LogAudio: Display: AudioDevice MaxSources: 32
[2022.02.22-23.09.01:969][  0]LogAudio: Display: Audio Spatialization Plugin: None (built-in).
[2022.02.22-23.09.01:969][  0]LogAudio: Display: Audio Reverb Plugin: None (built-in).
[2022.02.22-23.09.01:969][  0]LogAudio: Display: Audio Occlusion Plugin: None (built-in).
[2022.02.22-23.09.01:969][  0]LogAudioMixer: Display: Initializing audio mixer.
[2022.02.22-23.09.01:979][  0]LogAudioMixer: Display: 0: FrontLeft
[2022.02.22-23.09.01:979][  0]LogAudioMixer: Display: 1: FrontRight
[2022.02.22-23.09.01:992][  0]LogAudioMixer: Display: Using Audio Device Speakers (HyperX Cloud Alpha S Game)
[2022.02.22-23.09.01:997][  0]LogAudioMixer: Display: Initializing Sound Submixes...
[2022.02.22-23.09.01:998][  0]LogAudioMixer: Display: Creating Master Submix 'MasterSubmixDefault'
[2022.02.22-23.09.01:998][  0]LogAudioMixer: Display: Creating Master Submix 'MasterReverbSubmixDefault'
[2022.02.22-23.09.01:999][  0]LogAudioMixer: Display: Creating Master Submix 'MasterEQSubmixDefault'
[2022.02.22-23.09.01:999][  0]LogAudioMixer: FMixerPlatformXAudio2::StartAudioStream() called
[2022.02.22-23.09.01:999][  0]LogAudioMixer: Display: Output buffers initialized: Frames=1024, Channels=2, Samples=2048
[2022.02.22-23.09.02:000][  0]LogAudioMixer: Display: Starting AudioMixerPlatformInterface::RunInternal()
[2022.02.22-23.09.02:000][  0]LogAudioMixer: Display: FMixerPlatformXAudio2::SubmitBuffer() called for the first time
[2022.02.22-23.09.02:000][  0]LogInit: FAudioDevice initialized.
[2022.02.22-23.09.02:000][  0]LogAudio: Display: Audio Device (ID: 1) registered with world 'Untitled'.
[2022.02.22-23.09.02:000][  0]LogNetVersion: Set ProjectVersion to 1.0.0.0. Version Checksum will be recalculated on next use.
[2022.02.22-23.09.02:078][  0]LogDerivedDataCache: Saved boot cache 0.08s 103MB C:/Users/Trevor/AppData/Local/UnrealEngine/4.27/DerivedDataCache/Boot.ddc.
[2022.02.22-23.09.02:081][  0]LogInit: Texture streaming: Enabled
[2022.02.22-23.09.02:092][  0]LogAnalytics: Display: [UEEditor.Rocket.Release] APIServer = https://datarouter.ol.epicgames.com/. AppVersion = 4.27.2-18319896+++UE4+Release-4.27
[2022.02.22-23.09.02:095][  0]LogEngineSessionManager: EngineSessionManager initialized
[2022.02.22-23.09.02:095][  0]LogEditorSessionSummary: Verbose: Initializing EditorSessionSummaryWriter for editor session tracking
[2022.02.22-23.09.02:096][  0]LogEditorSessionSummary: EditorSessionSummaryWriter initialized
[2022.02.22-23.09.02:115][  0]LogInit: Transaction tracking system initialized
[2022.02.22-23.09.02:132][  0]BlueprintLog: New page: Editor Load
[2022.02.22-23.09.02:180][  0]LocalizationService: Localization service is disabled
[2022.02.22-23.09.02:200][  0]TimingProfiler: Initialize
[2022.02.22-23.09.02:200][  0]TimingProfiler: OnSessionChanged
[2022.02.22-23.09.02:200][  0]LoadingProfiler: Initialize
[2022.02.22-23.09.02:200][  0]LoadingProfiler: OnSessionChanged
[2022.02.22-23.09.02:200][  0]NetworkingProfiler: Initialize
[2022.02.22-23.09.02:200][  0]NetworkingProfiler: OnSessionChanged
[2022.02.22-23.09.02:200][  0]MemoryProfiler: Initialize
[2022.02.22-23.09.02:200][  0]MemoryProfiler: OnSessionChanged
[2022.02.22-23.09.02:653][  0]LogCook: Display: CookSettings for Memory: MemoryMaxUsedVirtual 0MiB, MemoryMaxUsedPhysical 16384MiB, MemoryMinFreeVirtual 0MiB, MemoryMinFreePhysical 1024MiB
[2022.02.22-23.09.02:653][  0]LogCook: Display: Mobile HDR setting 1
[2022.02.22-23.09.02:834][  0]LogFileCache: Scanning file cache for directory 'D:/GitHub/GAME259-2022-A/GAME259_A_URE/Content/' took 0.03s
[2022.02.22-23.09.02:834][  0]LogInit: Display: Engine is initialized. Leaving FEngineLoop::Init()
[2022.02.22-23.09.02:836][  0]SourceControl: Source control is disabled
[2022.02.22-23.09.02:836][  0]LogUnrealEdMisc: Loading editor; pre map load, took 14.889
[2022.02.22-23.09.02:836][  0]Cmd: MAP LOAD FILE="../../../../../GitHub/GAME259-2022-A/GAME259_A_URE/Content/ThirdPersonCPP/Maps/ThirdPersonExampleMap.umap" TEMPLATE=0 SHOWPROGRESS=1 FEATURELEVEL=3
[2022.02.22-23.09.02:974][  0]LightingResults: New page: Lighting Build
[2022.02.22-23.09.02:975][  0]LogWorld: UWorld::CleanupWorld for Untitled, bSessionEnded=true, bCleanupResources=true
[2022.02.22-23.09.02:975][  0]LogSlate: InvalidateAllWidgets triggered.  All widgets were invalidated
[2022.02.22-23.09.02:976][  0]MapCheck: New page: Map Check
[2022.02.22-23.09.02:976][  0]LightingResults: New page: Lighting Build
[2022.02.22-23.09.02:982][  0]LogAudio: Display: Audio Device unregistered from world 'None'.
[2022.02.22-23.09.02:985][  0]LogUObjectHash: Compacting FUObjectHashTables data took   0.74ms
[2022.02.22-23.09.06:530][  0]LogAudio: Display: Audio Device (ID: 1) registered with world 'ThirdPersonExampleMap'.
[2022.02.22-23.09.06:531][  0]LogAIModule: Creating AISystem for world ThirdPersonExampleMap
[2022.02.22-23.09.08:024][  0]LogEditorServer: Finished looking for orphan Actors (0.000 secs)
[2022.02.22-23.09.08:030][  0]LogUObjectHash: Compacting FUObjectHashTables data took   0.68ms
[2022.02.22-23.09.08:030][  0]Cmd: MAP CHECKDEP NOCLEARLOG
[2022.02.22-23.09.08:030][  0]MapCheck: Map check complete: 0 Error(s), 0 Warning(s), took 0.079ms to complete.
[2022.02.22-23.09.08:030][  0]LogFileHelpers: Loading map 'ThirdPersonExampleMap' took 5.194
[2022.02.22-23.09.08:224][  0]LogUnrealEdMisc: Total Editor Startup Time, took 20.278
[2022.02.22-23.09.10:827][  0]LogSlate: Updating window title bar state: overlay mode, drag disabled, window buttons hidden, title bar hidden
[2022.02.22-23.09.10:849][  0]LogSlate: Updating window title bar state: overlay mode, drag disabled, window buttons hidden, title bar hidden
[2022.02.22-23.09.10:853][  0]LogSlate: Updating window title bar state: overlay mode, drag disabled, window buttons hidden, title bar hidden
[2022.02.22-23.09.10:858][  0]LogSlate: Updating window title bar state: overlay mode, drag disabled, window buttons hidden, title bar hidden
[2022.02.22-23.09.11:174][  0]LogNativeClassHierarchy: Verbose: Native class hierarchy populated in 0.0081 seconds. Added 3821 classes and 927 folders.
[2022.02.22-23.09.11:330][  0]LogNativeClassHierarchy: Verbose: Native class hierarchy updated for 'WidgetCarousel' in 0.0002 seconds. Added 0 classes and 0 folders.
[2022.02.22-23.09.11:560][  0]LogPakFile: PakFile PrimaryIndexSize=187
[2022.02.22-23.09.11:560][  0]LogPakFile: PakFile PathHashIndexSize=101
[2022.02.22-23.09.11:560][  0]LogPakFile: PakFile FullDirectoryIndexSize=148
[2022.02.22-23.09.11:607][  0]LogShaderLibrary: Display: ShaderCodeLibraryPakFileMountedCallback: PakFile 'D:/Unreal Engine/UE_4.27/FeaturePacks/FP_FirstPerson.upack' (chunk index -1, root 'root:/') mounted
[2022.02.22-23.09.11:608][  0]LogShaderLibrary: Display: ShaderCodeLibraryPakFileMountedCallback: pending pak file info (ChunkID:-1 Root:root:/ File:D:/Unreal Engine/UE_4.27/FeaturePacks/FP_FirstPerson.upack)
[2022.02.22-23.09.11:620][  0]LogPakFile: OnPakFileMounted2Time == 0.059298
[2022.02.22-23.09.11:708][  0]LogPakFile: PakFile PrimaryIndexSize=189
[2022.02.22-23.09.11:708][  0]LogPakFile: PakFile PathHashIndexSize=101
[2022.02.22-23.09.11:708][  0]LogPakFile: PakFile FullDirectoryIndexSize=152
[2022.02.22-23.09.11:708][  0]LogShaderLibrary: Display: ShaderCodeLibraryPakFileMountedCallback: PakFile 'D:/Unreal Engine/UE_4.27/FeaturePacks/FP_FirstPersonBP.upack' (chunk index -1, root 'root:/') mounted
[2022.02.22-23.09.11:708][  0]LogShaderLibrary: Display: ShaderCodeLibraryPakFileMountedCallback: pending pak file info (ChunkID:-1 Root:root:/ File:D:/Unreal Engine/UE_4.27/FeaturePacks/FP_FirstPersonBP.upack)
[2022.02.22-23.09.11:708][  0]LogPakFile: OnPakFileMounted2Time == 0.000041
[2022.02.22-23.09.11:728][  0]LogPakFile: PakFile PrimaryIndexSize=191
[2022.02.22-23.09.11:728][  0]LogPakFile: PakFile PathHashIndexSize=101
[2022.02.22-23.09.11:728][  0]LogPakFile: PakFile FullDirectoryIndexSize=160
[2022.02.22-23.09.11:728][  0]LogShaderLibrary: Display: ShaderCodeLibraryPakFileMountedCallback: PakFile 'D:/Unreal Engine/UE_4.27/FeaturePacks/MobileStarterContent.upack' (chunk index -1, root 'root:/') mounted
[2022.02.22-23.09.11:728][  0]LogShaderLibrary: Display: ShaderCodeLibraryPakFileMountedCallback: pending pak file info (ChunkID:-1 Root:root:/ File:D:/Unreal Engine/UE_4.27/FeaturePacks/MobileStarterContent.upack)
[2022.02.22-23.09.11:728][  0]LogPakFile: OnPakFileMounted2Time == 0.000037
[2022.02.22-23.09.11:741][  0]LogPakFile: PakFile PrimaryIndexSize=185
[2022.02.22-23.09.11:741][  0]LogPakFile: PakFile PathHashIndexSize=101
[2022.02.22-23.09.11:741][  0]LogPakFile: PakFile FullDirectoryIndexSize=148
[2022.02.22-23.09.11:741][  0]LogShaderLibrary: Display: ShaderCodeLibraryPakFileMountedCallback: PakFile 'D:/Unreal Engine/UE_4.27/FeaturePacks/StarterContent.upack' (chunk index -1, root 'root:/') mounted
[2022.02.22-23.09.11:741][  0]LogShaderLibrary: Display: ShaderCodeLibraryPakFileMountedCallback: pending pak file info (ChunkID:-1 Root:root:/ File:D:/Unreal Engine/UE_4.27/FeaturePacks/StarterContent.upack)
[2022.02.22-23.09.11:741][  0]LogPakFile: OnPakFileMounted2Time == 0.000036
[2022.02.22-23.09.11:757][  0]LogPakFile: PakFile PrimaryIndexSize=190
[2022.02.22-23.09.11:758][  0]LogPakFile: PakFile PathHashIndexSize=101
[2022.02.22-23.09.11:758][  0]LogPakFile: PakFile FullDirectoryIndexSize=154
[2022.02.22-23.09.11:758][  0]LogShaderLibrary: Display: ShaderCodeLibraryPakFileMountedCallback: PakFile 'D:/Unreal Engine/UE_4.27/FeaturePacks/TP_2DSideScroller.upack' (chunk index -1, root 'root:/') mounted
[2022.02.22-23.09.11:758][  0]LogShaderLibrary: Display: ShaderCodeLibraryPakFileMountedCallback: pending pak file info (ChunkID:-1 Root:root:/ File:D:/Unreal Engine/UE_4.27/FeaturePacks/TP_2DSideScroller.upack)
[2022.02.22-23.09.11:758][  0]LogPakFile: OnPakFileMounted2Time == 0.000037
[2022.02.22-23.09.11:780][  0]LogPakFile: PakFile PrimaryIndexSize=192
[2022.02.22-23.09.11:780][  0]LogPakFile: PakFile PathHashIndexSize=101
[2022.02.22-23.09.11:780][  0]LogPakFile: PakFile FullDirectoryIndexSize=158
[2022.02.22-23.09.11:780][  0]LogShaderLibrary: Display: ShaderCodeLibraryPakFileMountedCallback: PakFile 'D:/Unreal Engine/UE_4.27/FeaturePacks/TP_2DSideScrollerBP.upack' (chunk index -1, root 'root:/') mounted
[2022.02.22-23.09.11:780][  0]LogShaderLibrary: Display: ShaderCodeLibraryPakFileMountedCallback: pending pak file info (ChunkID:-1 Root:root:/ File:D:/Unreal Engine/UE_4.27/FeaturePacks/TP_2DSideScrollerBP.upack)
[2022.02.22-23.09.11:780][  0]LogPakFile: OnPakFileMounted2Time == 0.000046
[2022.02.22-23.09.11:804][  0]LogPakFile: PakFile PrimaryIndexSize=182
[2022.02.22-23.09.11:804][  0]LogPakFile: PakFile PathHashIndexSize=101
[2022.02.22-23.09.11:804][  0]LogPakFile: PakFile FullDirectoryIndexSize=138
[2022.02.22-23.09.11:804][  0]LogShaderLibrary: Display: ShaderCodeLibraryPakFileMountedCallback: PakFile 'D:/Unreal Engine/UE_4.27/FeaturePacks/TP_Flying.upack' (chunk index -1, root 'root:/') mounted
[2022.02.22-23.09.11:804][  0]LogShaderLibrary: Display: ShaderCodeLibraryPakFileMountedCallback: pending pak file info (ChunkID:-1 Root:root:/ File:D:/Unreal Engine/UE_4.27/FeaturePacks/TP_Flying.upack)
[2022.02.22-23.09.11:804][  0]LogPakFile: OnPakFileMounted2Time == 0.000037
[2022.02.22-23.09.11:851][  0]LogPakFile: PakFile PrimaryIndexSize=184
[2022.02.22-23.09.11:851][  0]LogPakFile: PakFile PathHashIndexSize=101
[2022.02.22-23.09.11:851][  0]LogPakFile: PakFile FullDirectoryIndexSize=142
[2022.02.22-23.09.11:851][  0]LogShaderLibrary: Display: ShaderCodeLibraryPakFileMountedCallback: PakFile 'D:/Unreal Engine/UE_4.27/FeaturePacks/TP_FlyingBP.upack' (chunk index -1, root 'root:/') mounted
[2022.02.22-23.09.11:851][  0]LogShaderLibrary: Display: ShaderCodeLibraryPakFileMountedCallback: pending pak file info (ChunkID:-1 Root:root:/ File:D:/Unreal Engine/UE_4.27/FeaturePacks/TP_FlyingBP.upack)
[2022.02.22-23.09.11:851][  0]LogPakFile: OnPakFileMounted2Time == 0.000037
[2022.02.22-23.09.11:946][  0]LogPakFile: PakFile PrimaryIndexSize=188
[2022.02.22-23.09.11:946][  0]LogPakFile: PakFile PathHashIndexSize=101
[2022.02.22-23.09.11:946][  0]LogPakFile: PakFile FullDirectoryIndexSize=150
[2022.02.22-23.09.11:946][  0]LogShaderLibrary: Display: ShaderCodeLibraryPakFileMountedCallback: PakFile 'D:/Unreal Engine/UE_4.27/FeaturePacks/TP_HandheldARBP.upack' (chunk index -1, root 'root:/') mounted
[2022.02.22-23.09.11:946][  0]LogShaderLibrary: Display: ShaderCodeLibraryPakFileMountedCallback: pending pak file info (ChunkID:-1 Root:root:/ File:D:/Unreal Engine/UE_4.27/FeaturePacks/TP_HandheldARBP.upack)
[2022.02.22-23.09.11:946][  0]LogPakFile: OnPakFileMounted2Time == 0.000034
[2022.02.22-23.09.12:026][  0]LogPakFile: PakFile PrimaryIndexSize=182
[2022.02.22-23.09.12:026][  0]LogPakFile: PakFile PathHashIndexSize=101
[2022.02.22-23.09.12:026][  0]LogPakFile: PakFile FullDirectoryIndexSize=138
[2022.02.22-23.09.12:026][  0]LogShaderLibrary: Display: ShaderCodeLibraryPakFileMountedCallback: PakFile 'D:/Unreal Engine/UE_4.27/FeaturePacks/TP_Puzzle.upack' (chunk index -1, root 'root:/') mounted
[2022.02.22-23.09.12:026][  0]LogShaderLibrary: Display: ShaderCodeLibraryPakFileMountedCallback: pending pak file info (ChunkID:-1 Root:root:/ File:D:/Unreal Engine/UE_4.27/FeaturePacks/TP_Puzzle.upack)
[2022.02.22-23.09.12:026][  0]LogPakFile: OnPakFileMounted2Time == 0.000034
[2022.02.22-23.09.12:080][  0]LogPakFile: PakFile PrimaryIndexSize=184
[2022.02.22-23.09.12:080][  0]LogPakFile: PakFile PathHashIndexSize=101
[2022.02.22-23.09.12:080][  0]LogPakFile: PakFile FullDirectoryIndexSize=142
[2022.02.22-23.09.12:080][  0]LogShaderLibrary: Display: ShaderCodeLibraryPakFileMountedCallback: PakFile 'D:/Unreal Engine/UE_4.27/FeaturePacks/TP_PuzzleBP.upack' (chunk index -1, root 'root:/') mounted
[2022.02.22-23.09.12:080][  0]LogShaderLibrary: Display: ShaderCodeLibraryPakFileMountedCallback: pending pak file info (ChunkID:-1 Root:root:/ File:D:/Unreal Engine/UE_4.27/FeaturePacks/TP_PuzzleBP.upack)
[2022.02.22-23.09.12:080][  0]LogPakFile: OnPakFileMounted2Time == 0.000039
[2022.02.22-23.09.12:110][  0]LogPakFile: PakFile PrimaryIndexSize=183
[2022.02.22-23.09.12:110][  0]LogPakFile: PakFile PathHashIndexSize=101
[2022.02.22-23.09.12:110][  0]LogPakFile: PakFile FullDirectoryIndexSize=140
[2022.02.22-23.09.12:110][  0]LogShaderLibrary: Display: ShaderCodeLibraryPakFileMountedCallback: PakFile 'D:/Unreal Engine/UE_4.27/FeaturePacks/TP_Rolling.upack' (chunk index -1, root 'root:/') mounted
[2022.02.22-23.09.12:110][  0]LogShaderLibrary: Display: ShaderCodeLibraryPakFileMountedCallback: pending pak file info (ChunkID:-1 Root:root:/ File:D:/Unreal Engine/UE_4.27/FeaturePacks/TP_Rolling.upack)
[2022.02.22-23.09.12:110][  0]LogPakFile: OnPakFileMounted2Time == 0.000033
[2022.02.22-23.09.12:185][  0]LogPakFile: PakFile PrimaryIndexSize=185
[2022.02.22-23.09.12:185][  0]LogPakFile: PakFile PathHashIndexSize=101
[2022.02.22-23.09.12:185][  0]LogPakFile: PakFile FullDirectoryIndexSize=144
[2022.02.22-23.09.12:185][  0]LogShaderLibrary: Display: ShaderCodeLibraryPakFileMountedCallback: PakFile 'D:/Unreal Engine/UE_4.27/FeaturePacks/TP_RollingBP.upack' (chunk index -1, root 'root:/') mounted
[2022.02.22-23.09.12:185][  0]LogShaderLibrary: Display: ShaderCodeLibraryPakFileMountedCallback: pending pak file info (ChunkID:-1 Root:root:/ File:D:/Unreal Engine/UE_4.27/FeaturePacks/TP_RollingBP.upack)
[2022.02.22-23.09.12:185][  0]LogPakFile: OnPakFileMounted2Time == 0.000034
[2022.02.22-23.09.12:210][  0]LogPakFile: PakFile PrimaryIndexSize=188
[2022.02.22-23.09.12:210][  0]LogPakFile: PakFile PathHashIndexSize=101
[2022.02.22-23.09.12:210][  0]LogPakFile: PakFile FullDirectoryIndexSize=150
[2022.02.22-23.09.12:210][  0]LogShaderLibrary: Display: ShaderCodeLibraryPakFileMountedCallback: PakFile 'D:/Unreal Engine/UE_4.27/FeaturePacks/TP_SideScroller.upack' (chunk index -1, root 'root:/') mounted
[2022.02.22-23.09.12:210][  0]LogShaderLibrary: Display: ShaderCodeLibraryPakFileMountedCallback: pending pak file info (ChunkID:-1 Root:root:/ File:D:/Unreal Engine/UE_4.27/FeaturePacks/TP_SideScroller.upack)
[2022.02.22-23.09.12:210][  0]LogPakFile: OnPakFileMounted2Time == 0.000033
[2022.02.22-23.09.12:302][  0]LogPakFile: PakFile PrimaryIndexSize=190
[2022.02.22-23.09.12:302][  0]LogPakFile: PakFile PathHashIndexSize=101
[2022.02.22-23.09.12:302][  0]LogPakFile: PakFile FullDirectoryIndexSize=154
[2022.02.22-23.09.12:302][  0]LogShaderLibrary: Display: ShaderCodeLibraryPakFileMountedCallback: PakFile 'D:/Unreal Engine/UE_4.27/FeaturePacks/TP_SideScrollerBP.upack' (chunk index -1, root 'root:/') mounted
[2022.02.22-23.09.12:302][  0]LogShaderLibrary: Display: ShaderCodeLibraryPakFileMountedCallback: pending pak file info (ChunkID:-1 Root:root:/ File:D:/Unreal Engine/UE_4.27/FeaturePacks/TP_SideScrollerBP.upack)
[2022.02.22-23.09.12:302][  0]LogPakFile: OnPakFileMounted2Time == 0.000040
[2022.02.22-23.09.12:375][  0]LogPakFile: PakFile PrimaryIndexSize=187
[2022.02.22-23.09.12:375][  0]LogPakFile: PakFile PathHashIndexSize=101
[2022.02.22-23.09.12:375][  0]LogPakFile: PakFile FullDirectoryIndexSize=148
[2022.02.22-23.09.12:375][  0]LogShaderLibrary: Display: ShaderCodeLibraryPakFileMountedCallback: PakFile 'D:/Unreal Engine/UE_4.27/FeaturePacks/TP_ThirdPerson.upack' (chunk index -1, root 'root:/') mounted
[2022.02.22-23.09.12:375][  0]LogShaderLibrary: Display: ShaderCodeLibraryPakFileMountedCallback: pending pak file info (ChunkID:-1 Root:root:/ File:D:/Unreal Engine/UE_4.27/FeaturePacks/TP_ThirdPerson.upack)
[2022.02.22-23.09.12:375][  0]LogPakFile: OnPakFileMounted2Time == 0.000033
[2022.02.22-23.09.12:435][  0]LogPakFile: PakFile PrimaryIndexSize=189
[2022.02.22-23.09.12:435][  0]LogPakFile: PakFile PathHashIndexSize=101
[2022.02.22-23.09.12:435][  0]LogPakFile: PakFile FullDirectoryIndexSize=152
[2022.02.22-23.09.12:435][  0]LogShaderLibrary: Display: ShaderCodeLibraryPakFileMountedCallback: PakFile 'D:/Unreal Engine/UE_4.27/FeaturePacks/TP_ThirdPersonBP.upack' (chunk index -1, root 'root:/') mounted
[2022.02.22-23.09.12:435][  0]LogShaderLibrary: Display: ShaderCodeLibraryPakFileMountedCallback: pending pak file info (ChunkID:-1 Root:root:/ File:D:/Unreal Engine/UE_4.27/FeaturePacks/TP_ThirdPersonBP.upack)
[2022.02.22-23.09.12:435][  0]LogPakFile: OnPakFileMounted2Time == 0.000037
[2022.02.22-23.09.12:453][  0]LogPakFile: PakFile PrimaryIndexSize=183
[2022.02.22-23.09.12:453][  0]LogPakFile: PakFile PathHashIndexSize=101
[2022.02.22-23.09.12:453][  0]LogPakFile: PakFile FullDirectoryIndexSize=140
[2022.02.22-23.09.12:453][  0]LogShaderLibrary: Display: ShaderCodeLibraryPakFileMountedCallback: PakFile 'D:/Unreal Engine/UE_4.27/FeaturePacks/TP_TopDown.upack' (chunk index -1, root 'root:/') mounted
[2022.02.22-23.09.12:453][  0]LogShaderLibrary: Display: ShaderCodeLibraryPakFileMountedCallback: pending pak file info (ChunkID:-1 Root:root:/ File:D:/Unreal Engine/UE_4.27/FeaturePacks/TP_TopDown.upack)
[2022.02.22-23.09.12:453][  0]LogPakFile: OnPakFileMounted2Time == 0.000040
[2022.02.22-23.09.12:477][  0]LogPakFile: PakFile PrimaryIndexSize=185
[2022.02.22-23.09.12:477][  0]LogPakFile: PakFile PathHashIndexSize=101
[2022.02.22-23.09.12:477][  0]LogPakFile: PakFile FullDirectoryIndexSize=144
[2022.02.22-23.09.12:477][  0]LogShaderLibrary: Display: ShaderCodeLibraryPakFileMountedCallback: PakFile 'D:/Unreal Engine/UE_4.27/FeaturePacks/TP_TopDownBP.upack' (chunk index -1, root 'root:/') mounted
[2022.02.22-23.09.12:477][  0]LogShaderLibrary: Display: ShaderCodeLibraryPakFileMountedCallback: pending pak file info (ChunkID:-1 Root:root:/ File:D:/Unreal Engine/UE_4.27/FeaturePacks/TP_TopDownBP.upack)
[2022.02.22-23.09.12:477][  0]LogPakFile: OnPakFileMounted2Time == 0.000037
[2022.02.22-23.09.12:513][  0]LogPakFile: PakFile PrimaryIndexSize=185
[2022.02.22-23.09.12:513][  0]LogPakFile: PakFile PathHashIndexSize=101
[2022.02.22-23.09.12:513][  0]LogPakFile: PakFile FullDirectoryIndexSize=144
[2022.02.22-23.09.12:513][  0]LogShaderLibrary: Display: ShaderCodeLibraryPakFileMountedCallback: PakFile 'D:/Unreal Engine/UE_4.27/FeaturePacks/TP_TwinStick.upack' (chunk index -1, root 'root:/') mounted
[2022.02.22-23.09.12:513][  0]LogShaderLibrary: Display: ShaderCodeLibraryPakFileMountedCallback: pending pak file info (ChunkID:-1 Root:root:/ File:D:/Unreal Engine/UE_4.27/FeaturePacks/TP_TwinStick.upack)
[2022.02.22-23.09.12:513][  0]LogPakFile: OnPakFileMounted2Time == 0.000033
[2022.02.22-23.09.12:570][  0]LogPakFile: PakFile PrimaryIndexSize=187
[2022.02.22-23.09.12:570][  0]LogPakFile: PakFile PathHashIndexSize=101
[2022.02.22-23.09.12:570][  0]LogPakFile: PakFile FullDirectoryIndexSize=148
[2022.02.22-23.09.12:570][  0]LogShaderLibrary: Display: ShaderCodeLibraryPakFileMountedCallback: PakFile 'D:/Unreal Engine/UE_4.27/FeaturePacks/TP_TwinStickBP.upack' (chunk index -1, root 'root:/') mounted
[2022.02.22-23.09.12:571][  0]LogShaderLibrary: Display: ShaderCodeLibraryPakFileMountedCallback: pending pak file info (ChunkID:-1 Root:root:/ File:D:/Unreal Engine/UE_4.27/FeaturePacks/TP_TwinStickBP.upack)
[2022.02.22-23.09.12:571][  0]LogPakFile: OnPakFileMounted2Time == 0.000035
[2022.02.22-23.09.12:600][  0]LogPakFile: PakFile PrimaryIndexSize=183
[2022.02.22-23.09.12:600][  0]LogPakFile: PakFile PathHashIndexSize=101
[2022.02.22-23.09.12:600][  0]LogPakFile: PakFile FullDirectoryIndexSize=140
[2022.02.22-23.09.12:600][  0]LogShaderLibrary: Display: ShaderCodeLibraryPakFileMountedCallback: PakFile 'D:/Unreal Engine/UE_4.27/FeaturePacks/TP_Vehicle.upack' (chunk index -1, root 'root:/') mounted
[2022.02.22-23.09.12:600][  0]LogShaderLibrary: Display: ShaderCodeLibraryPakFileMountedCallback: pending pak file info (ChunkID:-1 Root:root:/ File:D:/Unreal Engine/UE_4.27/FeaturePacks/TP_Vehicle.upack)
[2022.02.22-23.09.12:600][  0]LogPakFile: OnPakFileMounted2Time == 0.000033
[2022.02.22-23.09.12:621][  0]LogPakFile: PakFile PrimaryIndexSize=186
[2022.02.22-23.09.12:621][  0]LogPakFile: PakFile PathHashIndexSize=101
[2022.02.22-23.09.12:621][  0]LogPakFile: PakFile FullDirectoryIndexSize=146
[2022.02.22-23.09.12:621][  0]LogShaderLibrary: Display: ShaderCodeLibraryPakFileMountedCallback: PakFile 'D:/Unreal Engine/UE_4.27/FeaturePacks/TP_VehicleAdv.upack' (chunk index -1, root 'root:/') mounted
[2022.02.22-23.09.12:621][  0]LogShaderLibrary: Display: ShaderCodeLibraryPakFileMountedCallback: pending pak file info (ChunkID:-1 Root:root:/ File:D:/Unreal Engine/UE_4.27/FeaturePacks/TP_VehicleAdv.upack)
[2022.02.22-23.09.12:621][  0]LogPakFile: OnPakFileMounted2Time == 0.000033
[2022.02.22-23.09.12:681][  0]LogPakFile: PakFile PrimaryIndexSize=188
[2022.02.22-23.09.12:681][  0]LogPakFile: PakFile PathHashIndexSize=101
[2022.02.22-23.09.12:682][  0]LogPakFile: PakFile FullDirectoryIndexSize=150
[2022.02.22-23.09.12:682][  0]LogShaderLibrary: Display: ShaderCodeLibraryPakFileMountedCallback: PakFile 'D:/Unreal Engine/UE_4.27/FeaturePacks/TP_VehicleAdvBP.upack' (chunk index -1, root 'root:/') mounted
[2022.02.22-23.09.12:682][  0]LogShaderLibrary: Display: ShaderCodeLibraryPakFileMountedCallback: pending pak file info (ChunkID:-1 Root:root:/ File:D:/Unreal Engine/UE_4.27/FeaturePacks/TP_VehicleAdvBP.upack)
[2022.02.22-23.09.12:682][  0]LogPakFile: OnPakFileMounted2Time == 0.000037
[2022.02.22-23.09.12:777][  0]LogPakFile: PakFile PrimaryIndexSize=185
[2022.02.22-23.09.12:777][  0]LogPakFile: PakFile PathHashIndexSize=101
[2022.02.22-23.09.12:777][  0]LogPakFile: PakFile FullDirectoryIndexSize=144
[2022.02.22-23.09.12:777][  0]LogShaderLibrary: Display: ShaderCodeLibraryPakFileMountedCallback: PakFile 'D:/Unreal Engine/UE_4.27/FeaturePacks/TP_VehicleBP.upack' (chunk index -1, root 'root:/') mounted
[2022.02.22-23.09.12:777][  0]LogShaderLibrary: Display: ShaderCodeLibraryPakFileMountedCallback: pending pak file info (ChunkID:-1 Root:root:/ File:D:/Unreal Engine/UE_4.27/FeaturePacks/TP_VehicleBP.upack)
[2022.02.22-23.09.12:777][  0]LogPakFile: OnPakFileMounted2Time == 0.000037
[2022.02.22-23.09.12:800][  0]LogPakFile: PakFile PrimaryIndexSize=192
[2022.02.22-23.09.12:800][  0]LogPakFile: PakFile PathHashIndexSize=101
[2022.02.22-23.09.12:800][  0]LogPakFile: PakFile FullDirectoryIndexSize=158
[2022.02.22-23.09.12:800][  0]LogShaderLibrary: Display: ShaderCodeLibraryPakFileMountedCallback: PakFile 'D:/Unreal Engine/UE_4.27/FeaturePacks/TP_VirtualRealityBP.upack' (chunk index -1, root 'root:/') mounted
[2022.02.22-23.09.12:800][  0]LogShaderLibrary: Display: ShaderCodeLibraryPakFileMountedCallback: pending pak file info (ChunkID:-1 Root:root:/ File:D:/Unreal Engine/UE_4.27/FeaturePacks/TP_VirtualRealityBP.upack)
[2022.02.22-23.09.12:800][  0]LogPakFile: OnPakFileMounted2Time == 0.000034
[2022.02.22-23.09.16:827][  0]LogNativeClassHierarchy: Verbose: Native class hierarchy updated for 'AddContentDialog' in 0.0002 seconds. Added 0 classes and 0 folders.
[2022.02.22-23.09.17:022][  0]LogNativeClassHierarchy: Verbose: Native class hierarchy updated for 'SceneOutliner' in 0.0003 seconds. Added 2 classes and 0 folders.
[2022.02.22-23.09.22:755][  0]LogSlate: Only BGRA pngs, bmps or icos are supported in by External Image Picker
[2022.02.22-23.09.23:149][  0]LogSlate: Took 0.000115 seconds to synchronously load lazily loaded font '../../../Engine/Content/Slate/Fonts/Roboto-Regular.ttf' (155K)
[2022.02.22-23.09.23:238][  0]LogSlate: Took 0.020100 seconds to synchronously load lazily loaded font '../../../Engine/Content/Editor/Slate/Fonts/FontAwesome.ttf' (139K)
[2022.02.22-23.09.23:280][  0]LogSlate: Took 0.000111 seconds to synchronously load lazily loaded font '../../../Engine/Content/Slate/Fonts/Roboto-Bold.ttf' (160K)
[2022.02.22-23.09.24:221][  0]LogRenderer: Reallocating scene render targets to support 1152x480 Format 10 NumSamples 1 (Frame:1).
[2022.02.22-23.09.25:570][  0]LogSlate: Took 0.040223 seconds to synchronously load lazily loaded font '../../../Engine/Content/Slate/Fonts/Roboto-Light.ttf' (167K)
[2022.02.22-23.09.25:862][  0]LogNativeClassHierarchy: Verbose: Native class hierarchy updated for 'HierarchicalLODOutliner' in 0.0002 seconds. Added 0 classes and 0 folders.
[2022.02.22-23.09.25:863][  0]LogInput: Warning: Action Jump uses invalid key OculusGo_Left_Trigger_Click.
[2022.02.22-23.09.25:863][  0]LogInput: Warning: Action ResetVR uses invalid key OculusGo_Left_Trackpad_Click.
[2022.02.22-23.09.25:863][  0]LogInput: Warning: Use -RemoveInvalidKeys to remove instances of these keys from the action mapping.
[2022.02.22-23.09.25:863][  0]LogLoad: (Engine Initialization) Total time: 37.92 seconds
[2022.02.22-23.09.25:863][  0]LogLoad: (Engine Initialization) Total Blueprint compile time: 0.00 seconds
[2022.02.22-23.09.26:108][  0]LogAssetRegistry: Asset discovery search completed in 33.5372 seconds
[2022.02.22-23.09.26:112][  0]LogCollectionManager: Fixed up redirectors for 0 collections in 0.000002 seconds (updated 0 objects)
[2022.02.22-23.09.26:299][  0]LogContentStreaming: Texture pool size now 1000 MB
[2022.02.22-23.09.27:412][  4]LogSlate: Took 0.000109 seconds to synchronously load lazily loaded font '../../../Engine/Content/Slate/Fonts/Roboto-Light.ttf' (167K)
[2022.02.22-23.09.49:085][424]LogAssetEditorSubsystem: Opening Asset editor for WidgetBlueprint /Game/UI/Menus/WBP_OptionMenu.WBP_OptionMenu
[2022.02.22-23.09.50:576][424]LogNativeClassHierarchy: Verbose: Native class hierarchy updated for 'BlueprintGraph' in 0.0005 seconds. Added 126 classes and 0 folders.
[2022.02.22-23.09.53:386][424]LogSlate: Took 0.000115 seconds to synchronously load lazily loaded font '../../../Engine/Content/Slate/Fonts/Roboto-BoldCondensed.ttf' (158K)
[2022.02.22-23.09.54:532][462]LogD3D11RHI: Timed out while waiting for GPU to catch up. (0.5 s) (ErrorCode 00000001) (00000000)
[2022.02.22-23.09.58:037][462]LogD3D11RHI: Timed out while waiting for GPU to catch up. (0.5 s) (ErrorCode 00000001) (00000000)
[2022.02.22-23.09.58:662][462]LogD3D11RHI: Timed out while waiting for GPU to catch up. (0.5 s) (ErrorCode 00000001) (887a0006)
[2022.02.22-23.09.58:721][462]LogD3D11RHI: Error: Result failed 
 at D:/Build/++UE4/Sync/Engine/Source/Runtime/Windows/D3D11RHI/Private/D3D11Query.cpp:360 
 with error DXGI_ERROR_DEVICE_REMOVED DXGI_ERROR_DEVICE_HUNG
[2022.02.22-23.09.58:721][462]LogD3D11RHI: [Aftermath] GDynamicRHI=000001AFD3EA2F00, GDX11NVAfterMathEnabled=0, Result=0xFFFFFFFF, bDeviceActive=0
[2022.02.22-23.09.58:721][462]LogWindows: Windows GetLastError: The operation completed successfully. (0)
[2022.02.22-23.10.21:070][462]LogAudioMixer: Display: Audio Buffer Underrun (starvation) detected.
[2022.02.22-23.10.21:070][462]LogWindows: FPlatformMisc::RequestExit(0)
[2022.02.22-23.10.21:070][462]LogWindows: FPlatformMisc::RequestExitWithStatus(0, 0)
[2022.02.22-23.10.21:070][462]LogCore: Engine exit requested (reason: Win RequestExit)
[2022.02.22-23.10.21:070][462]LogWindows: FPlatformMisc::RequestExit(1)
[2022.02.22-23.10.21:070][462]LogWindows: FPlatformMisc::RequestExitWithStatus(1, 3)
[2022.02.22-23.10.21:070][462]LogCore: Engine exit requested (reason: Win RequestExit; note: exit was already requested)
[2022.02.22-23.10.21:118][462]Log file closed, 02/22/22 18:10:21
