Log file open, 02/21/22 15:00:44
LogWindows: Failed to load 'aqProf.dll' (GetLastError=126)
LogWindows: File 'aqProf.dll' does not exist
LogWindows: Failed to load 'VtuneApi.dll' (GetLastError=126)
LogWindows: File 'VtuneApi.dll' does not exist
LogWindows: Failed to load 'VtuneApi32e.dll' (GetLastError=126)
LogWindows: File 'VtuneApi32e.dll' does not exist
LogConsoleResponse: Display: Failed to find resolution value strings in scalability ini. Falling back to default.
LogConsoleResponse: Display: Failed to find resolution value strings in scalability ini. Falling back to default.
LogInit: Display: Running engine for game: GAME259_A_URE
LogPlatformFile: Not using cached read wrapper
LogTaskGraph: Started task graph with 5 named threads and 35 total threads with 3 sets of task threads.
LogStats: Stats thread started at 0.328662
LogICUInternationalization: ICU TimeZone Detection - Raw Offset: -5:00, Platform Override: ''
LogInit: Display: Loading text-based GConfig....
LogPluginManager: Mounting plugin MeshPainting
LogPluginManager: Mounting plugin MegascansPlugin
LogPluginManager: Mounting plugin XGEController
LogPluginManager: Mounting plugin Paper2D
LogPluginManager: Mounting plugin AISupport
LogPluginManager: Mounting plugin LiveLink
LogPluginManager: Mounting plugin LightPropagationVolume
LogPluginManager: Mounting plugin EnvironmentQueryEditor
LogPluginManager: Mounting plugin OodleData
LogPluginManager: Mounting plugin GameplayCameras
LogPluginManager: Mounting plugin OodleNetwork
LogPluginManager: Mounting plugin AnimationSharing
LogPluginManager: Mounting plugin CameraShakePreviewer
LogPluginManager: Mounting plugin CLionSourceCodeAccess
LogPluginManager: Mounting plugin CodeLiteSourceCodeAccess
LogPluginManager: Mounting plugin GitSourceControl
LogPluginManager: Mounting plugin KDevelopSourceCodeAccess
LogPluginManager: Mounting plugin NullSourceCodeAccess
LogPluginManager: Mounting plugin PerforceSourceControl
LogPluginManager: Mounting plugin PluginUtils
LogPluginManager: Mounting plugin PlasticSourceControl
LogPluginManager: Mounting plugin RiderSourceCodeAccess
LogPluginManager: Mounting plugin PixWinPlugin
LogPluginManager: Mounting plugin RiderLink
LogPluginManager: Mounting plugin PropertyAccessNode
LogPluginManager: Mounting plugin VisualStudioCodeSourceCodeAccess
LogPluginManager: Mounting plugin TextureFormatOodle
LogPluginManager: Mounting plugin XCodeSourceCodeAccess
LogPluginManager: Mounting plugin SubversionSourceControl
LogPluginManager: Mounting plugin UObjectPlugin
LogPluginManager: Mounting plugin Niagara
LogPluginManager: Mounting plugin AssetManagerEditor
LogPluginManager: Mounting plugin CryptoKeys
LogPluginManager: Mounting plugin CurveEditorTools
LogPluginManager: Mounting plugin DataValidation
LogPluginManager: Mounting plugin EditorScriptingUtilities
LogPluginManager: Mounting plugin LuminPlatformFeatures
LogPluginManager: Mounting plugin FacialAnimation
LogPluginManager: Mounting plugin GameplayTagsEditor
LogPluginManager: Mounting plugin GeometryMode
LogPluginManager: Mounting plugin MagicLeap
LogPluginManager: Mounting plugin VisualStudioSourceCodeAccess
LogPluginManager: Mounting plugin MagicLeapLightEstimation
LogPluginManager: Mounting plugin MaterialAnalyzer
LogPluginManager: Mounting plugin MobileLauncherProfileWizard
LogPluginManager: Mounting plugin PluginBrowser
LogPluginManager: Mounting plugin MacGraphicsSwitching
LogPluginManager: Mounting plugin MagicLeapMedia
LogPluginManager: Mounting plugin MagicLeapPassableWorld
LogPluginManager: Mounting plugin MLSDK
LogPluginManager: Mounting plugin AlembicImporter
LogPluginManager: Mounting plugin AutomationUtils
LogPluginManager: Mounting plugin ChaosCloth
LogPluginManager: Mounting plugin ChaosClothEditor
LogPluginManager: Mounting plugin ChaosEditor
LogPluginManager: Mounting plugin ChaosNiagara
LogPluginManager: Mounting plugin ChaosSolverPlugin
LogPluginManager: Mounting plugin BackChannel
LogPluginManager: Mounting plugin CharacterAI
LogPluginManager: Mounting plugin GeometryCache
LogPluginManager: Mounting plugin GeometryProcessing
LogPluginManager: Mounting plugin AndroidMedia
LogPluginManager: Mounting plugin OpenImageDenoise
LogPluginManager: Mounting plugin MotoSynth
LogPluginManager: Mounting plugin PlanarCut
LogPluginManager: Mounting plugin AvfMedia
LogPluginManager: Mounting plugin PlatformCrypto
LogPluginManager: Mounting plugin ProxyLODPlugin
LogPluginManager: Mounting plugin PythonScriptPlugin
LogPluginManager: Mounting plugin ImgMedia
LogPluginManager: Mounting plugin MediaCompositing
LogPluginManager: Mounting plugin SkeletalReduction
LogPluginManager: Mounting plugin GeometryCollectionPlugin
LogPluginManager: Mounting plugin MediaPlayerEditor
LogPluginManager: Mounting plugin WebMMedia
LogPluginManager: Mounting plugin TcpMessaging
LogPluginManager: Mounting plugin UdpMessaging
LogPluginManager: Mounting plugin WmfMedia
LogPluginManager: Mounting plugin DatasmithContent
LogPluginManager: Mounting plugin VariantManagerContent
LogPluginManager: Mounting plugin OnlineSubsystem
LogPluginManager: Mounting plugin OnlineSubsystemNull
LogPluginManager: Mounting plugin OnlineSubsystemSteam
LogPluginManager: Mounting plugin OnlineSubsystemUtils
LogPluginManager: Mounting plugin ActorSequence
LogPluginManager: Mounting plugin LevelSequenceEditor
LogPluginManager: Mounting plugin MatineeToLevelSequence
LogPluginManager: Mounting plugin ActorLayerUtilities
LogPluginManager: Mounting plugin TemplateSequence
LogPluginManager: Mounting plugin AndroidMoviePlayer
LogPluginManager: Mounting plugin AndroidPermission
LogPluginManager: Mounting plugin AndroidDeviceProfileSelector
LogPluginManager: Mounting plugin LauncherChunkInstaller
LogPluginManager: Mounting plugin AppleImageUtils
LogPluginManager: Mounting plugin AppleMoviePlayer
LogPluginManager: Mounting plugin ArchVisCharacter
LogPluginManager: Mounting plugin AssetTags
LogPluginManager: Mounting plugin AudioCapture
LogPluginManager: Mounting plugin AudioSynesthesia
LogPluginManager: Mounting plugin CustomMeshComponent
LogPluginManager: Mounting plugin ChunkDownloader
LogPluginManager: Mounting plugin EOSShared
LogPluginManager: Mounting plugin CableComponent
LogPluginManager: Mounting plugin EditableMesh
LogPluginManager: Mounting plugin ExampleDeviceProfileSelector
LogPluginManager: Mounting plugin GooglePAD
LogPluginManager: Mounting plugin IOSDeviceProfileSelector
LogPluginManager: Mounting plugin LinuxDeviceProfileSelector
LogPluginManager: Mounting plugin LocationServicesBPLibrary
LogPluginManager: Mounting plugin GoogleCloudMessaging
LogPluginManager: Mounting plugin MobilePatchingUtils
LogPluginManager: Mounting plugin OpenXR
LogPluginManager: Mounting plugin OpenXRHandTracking
LogPluginManager: Mounting plugin OpenXREyeTracker
LogPluginManager: Mounting plugin PhysXVehicles
LogPluginManager: Mounting plugin PostSplashScreen
LogPluginManager: Mounting plugin ProceduralMeshComponent
LogPluginManager: Mounting plugin PropertyAccessEditor
LogPluginManager: Mounting plugin SignificanceManager
LogPluginManager: Mounting plugin SoundFields
LogPluginManager: Mounting plugin RuntimePhysXCooking
LogPluginManager: Mounting plugin WebMMoviePlayer
LogPluginManager: Mounting plugin WindowsMoviePlayer
LogPluginManager: Mounting plugin Synthesis
LogPluginManager: Mounting plugin Takes
LogPluginManager: Mounting plugin ScreenshotTools
LogPluginManager: Mounting plugin SpeedTreeImporter
LogPluginManager: Mounting plugin ContentBrowserAssetDataSource
LogPluginManager: Mounting plugin ContentBrowserClassDataSource
LogPluginManager: Mounting plugin ContentBrowserFileDataSource
LogPluginManager: Mounting plugin OnlineSubsystemGooglePlay
LogPluginManager: Mounting plugin OnlineSubsystemIOS
LogPluginManager: Mounting plugin EOSVoiceChat
LogPluginManager: Mounting plugin SQLiteCore
LogPluginManager: Mounting plugin DatabaseSupport
LogPluginManager: Mounting plugin SQLiteSupport
LogPluginManager: Mounting plugin OculusVR
LogPluginManager: Mounting plugin SteamShared
PixWinPlugin: PIX capture plugin failed to initialize! Check that the process is launched from PIX.
LogInit: Using libcurl 7.55.1-DEV
LogInit:  - built for x86_64-pc-win32
LogInit:  - supports SSL with OpenSSL/1.1.1
LogInit:  - supports HTTP deflate (compression) using libz 1.2.8
LogInit:  - other features:
LogInit:      CURL_VERSION_SSL
LogInit:      CURL_VERSION_LIBZ
LogInit:      CURL_VERSION_IPV6
LogInit:      CURL_VERSION_ASYNCHDNS
LogInit:      CURL_VERSION_LARGEFILE
LogInit:      CURL_VERSION_IDN
LogInit:  CurlRequestOptions (configurable via config and command line):
LogInit:  - bVerifyPeer = true  - Libcurl will verify peer certificate
LogInit:  - bUseHttpProxy = false  - Libcurl will NOT use HTTP proxy
LogInit:  - bDontReuseConnections = false  - Libcurl will reuse connections
LogInit:  - MaxHostConnections = 16  - Libcurl will limit the number of connections to a host
LogInit:  - LocalHostAddr = Default
LogInit:  - BufferSize = 65536
LogOnline: OSS: Creating online subsystem instance for: NULL
LogInit: WinSock: version 1.1 (2.2), MaxSocks=32767, MaxUdp=65467
LogOnline: OSS: TryLoadSubsystemAndSetDefault: Loaded subsystem for module [NULL]
LogOculusPluginWrapper: OculusPlugin initialized successfully
LogHMD: Failed initializing OVRPlugin 1.59.0
LogInit: Build: ++UE4+Release-4.27-CL-18319896
LogInit: Engine Version: 4.27.2-18319896+++UE4+Release-4.27
LogInit: Compatible Engine Version: 4.27.0-17155196+++UE4+Release-4.27
LogInit: Net CL: 17155196
LogInit: OS: Windows 10 (Release 2009) (), CPU: Intel(R) Core(TM) i7-8700 CPU @ 3.20GHz, GPU: NVIDIA GeForce GTX 1070
LogInit: Compiled (64-bit): Nov 30 2021 07:12:08
LogInit: Compiled with Visual C++: 19.24.28315.00
LogInit: Build Configuration: Development
LogInit: Branch Name: ++UE4+Release-4.27
LogInit: Command Line: -ResX=800 -ResY=900 -WinX=0 -WinY=20 -log -game
LogInit: Base Directory: D:/UE_4.27/Engine/Binaries/Win64/
LogInit: Allocator: TBB
LogInit: Installed Engine Build: 1
LogDevObjectVersion: Number of dev versions registered: 29
LogDevObjectVersion:   Dev-Blueprints (B0D832E4-1F89-4F0D-ACCF-7EB736FD4AA2): 10
LogDevObjectVersion:   Dev-Build (E1C64328-A22C-4D53-A36C-8E866417BD8C): 0
LogDevObjectVersion:   Dev-Core (375EC13C-06E4-48FB-B500-84F0262A717E): 4
LogDevObjectVersion:   Dev-Editor (E4B068ED-F494-42E9-A231-DA0B2E46BB41): 40
LogDevObjectVersion:   Dev-Framework (CFFC743F-43B0-4480-9391-14DF171D2073): 37
LogDevObjectVersion:   Dev-Mobile (B02B49B5-BB20-44E9-A304-32B752E40360): 3
LogDevObjectVersion:   Dev-Networking (A4E4105C-59A1-49B5-A7C5-40C4547EDFEE): 0
LogDevObjectVersion:   Dev-Online (39C831C9-5AE6-47DC-9A44-9C173E1C8E7C): 0
LogDevObjectVersion:   Dev-Physics (78F01B33-EBEA-4F98-B9B4-84EACCB95AA2): 14
LogDevObjectVersion:   Dev-Platform (6631380F-2D4D-43E0-8009-CF276956A95A): 0
LogDevObjectVersion:   Dev-Rendering (12F88B9F-8875-4AFC-A67C-D90C383ABD29): 45
LogDevObjectVersion:   Dev-Sequencer (7B5AE74C-D270-4C10-A958-57980B212A5A): 13
LogDevObjectVersion:   Dev-VR (D7296918-1DD6-4BDD-9DE2-64A83CC13884): 3
LogDevObjectVersion:   Dev-LoadTimes (C2A15278-BFE7-4AFE-6C17-90FF531DF755): 1
LogDevObjectVersion:   Private-Geometry (6EACA3D4-40EC-4CC1-B786-8BED09428FC5): 3
LogDevObjectVersion:   Dev-AnimPhys (29E575DD-E0A3-4627-9D10-D276232CDCEA): 17
LogDevObjectVersion:   Dev-Anim (AF43A65D-7FD3-4947-9873-3E8ED9C1BB05): 15
LogDevObjectVersion:   Dev-ReflectionCapture (6B266CEC-1EC7-4B8F-A30B-E4D90942FC07): 1
LogDevObjectVersion:   Dev-Automation (0DF73D61-A23F-47EA-B727-89E90C41499A): 1
LogDevObjectVersion:   FortniteMain (601D1886-AC64-4F84-AA16-D3DE0DEAC7D6): 47
LogDevObjectVersion:   FortniteRelease (E7086368-6B23-4C58-8439-1B7016265E91): 1
LogDevObjectVersion:   Dev-Enterprise (9DFFBCD6-494F-0158-E221-12823C92A888): 10
LogDevObjectVersion:   Dev-Niagara (F2AED0AC-9AFE-416F-8664-AA7FFA26D6FC): 1
LogDevObjectVersion:   Dev-Destruction (174F1F0B-B4C6-45A5-B13F-2EE8D0FB917D): 10
LogDevObjectVersion:   Dev-Physics-Ext (35F94A83-E258-406C-A318-09F59610247C): 41
LogDevObjectVersion:   Dev-PhysicsMaterial-Chaos (B68FC16E-8B1B-42E2-B453-215C058844FE): 1
LogDevObjectVersion:   Dev-CineCamera (B2E18506-4273-CFC2-A54E-F4BB758BBA07): 1
LogDevObjectVersion:   Dev-VirtualProduction (64F58936-FD1B-42BA-BA96-7289D5D0FA4E): 1
LogDevObjectVersion:   Dev-MediaFramework (6F0ED827-A609-4895-9C91-998D90180EA4): 2
LogInit: Presizing for max 25165824 objects, including 0 objects not considered by GC, pre-allocating 0 bytes for permanent pool.
LogConfig: Applying CVar settings from Section [/Script/Engine.StreamingSettings] File [D:/GitHub/GAME259-2022-A/GAME259_A_URE/Saved/Config/Windows/Engine.ini]
LogConfig: Setting CVar [[s.MinBulkDataSizeForAsyncLoading:131072]]
LogConfig: Setting CVar [[s.AsyncLoadingThreadEnabled:0]]
LogConfig: Setting CVar [[s.EventDrivenLoaderEnabled:1]]
LogConfig: Setting CVar [[s.WarnIfTimeLimitExceeded:0]]
LogConfig: Setting CVar [[s.TimeLimitExceededMultiplier:1.5]]
LogConfig: Setting CVar [[s.TimeLimitExceededMinTime:0.005]]
LogConfig: Setting CVar [[s.UseBackgroundLevelStreaming:1]]
LogConfig: Setting CVar [[s.PriorityAsyncLoadingExtraTime:15.0]]
LogConfig: Setting CVar [[s.LevelStreamingActorsUpdateTimeLimit:5.0]]
LogConfig: Setting CVar [[s.PriorityLevelStreamingActorsUpdateExtraTime:5.0]]
LogConfig: Setting CVar [[s.LevelStreamingComponentsRegistrationGranularity:10]]
LogConfig: Setting CVar [[s.UnregisterComponentsTimeLimit:1.0]]
LogConfig: Setting CVar [[s.LevelStreamingComponentsUnregistrationGranularity:5]]
LogConfig: Setting CVar [[s.FlushStreamingOnExit:1]]
LogInit: Object subsystem initialized
LogConfig: Setting CVar [[con.DebugEarlyDefault:1]]
LogConfig: Setting CVar [[r.setres:1280x720]]
[2022.02.21-20.00.46:062][  0]LogConfig: Setting CVar [[con.DebugEarlyDefault:1]]
[2022.02.21-20.00.46:063][  0]LogConfig: Setting CVar [[r.setres:1280x720]]
[2022.02.21-20.00.46:063][  0]LogConfig: Applying CVar settings from Section [/Script/Engine.RendererSettings] File [D:/GitHub/GAME259-2022-A/GAME259_A_URE/Saved/Config/Windows/Engine.ini]
[2022.02.21-20.00.46:064][  0]LogConfig: Setting CVar [[r.GPUCrashDebugging:0]]
[2022.02.21-20.00.46:064][  0]LogConfig: Applying CVar settings from Section [/Script/Engine.RendererOverrideSettings] File [D:/GitHub/GAME259-2022-A/GAME259_A_URE/Saved/Config/Windows/Engine.ini]
[2022.02.21-20.00.46:065][  0]LogConfig: Applying CVar settings from Section [/Script/Engine.StreamingSettings] File [D:/GitHub/GAME259-2022-A/GAME259_A_URE/Saved/Config/Windows/Engine.ini]
[2022.02.21-20.00.46:066][  0]LogConfig: Setting CVar [[s.MinBulkDataSizeForAsyncLoading:131072]]
[2022.02.21-20.00.46:067][  0]LogConfig: Setting CVar [[s.AsyncLoadingThreadEnabled:0]]
[2022.02.21-20.00.46:067][  0]LogConfig: Setting CVar [[s.EventDrivenLoaderEnabled:1]]
[2022.02.21-20.00.46:068][  0]LogConfig: Setting CVar [[s.WarnIfTimeLimitExceeded:0]]
[2022.02.21-20.00.46:068][  0]LogConfig: Setting CVar [[s.TimeLimitExceededMultiplier:1.5]]
[2022.02.21-20.00.46:069][  0]LogConfig: Setting CVar [[s.TimeLimitExceededMinTime:0.005]]
[2022.02.21-20.00.46:069][  0]LogConfig: Setting CVar [[s.UseBackgroundLevelStreaming:1]]
[2022.02.21-20.00.46:070][  0]LogConfig: Setting CVar [[s.PriorityAsyncLoadingExtraTime:15.0]]
[2022.02.21-20.00.46:072][  0]LogConfig: Setting CVar [[s.LevelStreamingActorsUpdateTimeLimit:5.0]]
[2022.02.21-20.00.46:073][  0]LogConfig: Setting CVar [[s.PriorityLevelStreamingActorsUpdateExtraTime:5.0]]
[2022.02.21-20.00.46:073][  0]LogConfig: Setting CVar [[s.LevelStreamingComponentsRegistrationGranularity:10]]
[2022.02.21-20.00.46:074][  0]LogConfig: Setting CVar [[s.UnregisterComponentsTimeLimit:1.0]]
[2022.02.21-20.00.46:074][  0]LogConfig: Setting CVar [[s.LevelStreamingComponentsUnregistrationGranularity:5]]
[2022.02.21-20.00.46:075][  0]LogConfig: Setting CVar [[s.FlushStreamingOnExit:1]]
[2022.02.21-20.00.46:075][  0]LogConfig: Applying CVar settings from Section [/Script/Engine.GarbageCollectionSettings] File [D:/GitHub/GAME259-2022-A/GAME259_A_URE/Saved/Config/Windows/Engine.ini]
[2022.02.21-20.00.46:076][  0]LogConfig: Setting CVar [[gc.MaxObjectsNotConsideredByGC:1]]
[2022.02.21-20.00.46:076][  0]LogConfig: Setting CVar [[gc.SizeOfPermanentObjectPool:0]]
[2022.02.21-20.00.46:077][  0]LogConfig: Setting CVar [[gc.FlushStreamingOnGC:0]]
[2022.02.21-20.00.46:077][  0]LogConfig: Setting CVar [[gc.NumRetriesBeforeForcingGC:10]]
[2022.02.21-20.00.46:078][  0]LogConfig: Setting CVar [[gc.AllowParallelGC:1]]
[2022.02.21-20.00.46:078][  0]LogConfig: Setting CVar [[gc.TimeBetweenPurgingPendingKillObjects:61.1]]
[2022.02.21-20.00.46:078][  0]LogConfig: Setting CVar [[gc.MaxObjectsInEditor:25165824]]
[2022.02.21-20.00.46:079][  0]LogConfig: Setting CVar [[gc.IncrementalBeginDestroyEnabled:1]]
[2022.02.21-20.00.46:079][  0]LogConfig: Setting CVar [[gc.CreateGCClusters:1]]
[2022.02.21-20.00.46:079][  0]LogConfig: Setting CVar [[gc.MinGCClusterSize:5]]
[2022.02.21-20.00.46:080][  0]LogConfig: Setting CVar [[gc.ActorClusteringEnabled:0]]
[2022.02.21-20.00.46:080][  0]LogConfig: Setting CVar [[gc.BlueprintClusteringEnabled:0]]
[2022.02.21-20.00.46:081][  0]LogConfig: Setting CVar [[gc.UseDisregardForGCOnDedicatedServers:0]]
[2022.02.21-20.00.46:084][  0]LogConfig: Setting CVar [[gc.MultithreadedDestructionEnabled:1]]
[2022.02.21-20.00.46:087][  0]LogConfig: Applying CVar settings from Section [/Script/Engine.NetworkSettings] File [D:/GitHub/GAME259-2022-A/GAME259_A_URE/Saved/Config/Windows/Engine.ini]
[2022.02.21-20.00.46:092][  0]LogConfig: Applying CVar settings from Section [/Script/UnrealEd.CookerSettings] File [D:/GitHub/GAME259-2022-A/GAME259_A_URE/Saved/Config/Windows/Engine.ini]
[2022.02.21-20.00.46:139][  0]LogConfig: Applying CVar settings from Section [ViewDistanceQuality@3] File [D:/GitHub/GAME259-2022-A/GAME259_A_URE/Saved/Config/Windows/Scalability.ini]
[2022.02.21-20.00.46:139][  0]LogConfig: Setting CVar [[r.SkeletalMeshLODBias:0]]
[2022.02.21-20.00.46:141][  0]LogConfig: Setting CVar [[r.ViewDistanceScale:1.0]]
[2022.02.21-20.00.46:142][  0]LogConfig: Applying CVar settings from Section [AntiAliasingQuality@3] File [D:/GitHub/GAME259-2022-A/GAME259_A_URE/Saved/Config/Windows/Scalability.ini]
[2022.02.21-20.00.46:143][  0]LogConfig: Setting CVar [[r.PostProcessAAQuality:4]]
[2022.02.21-20.00.46:143][  0]LogConfig: Applying CVar settings from Section [ShadowQuality@3] File [D:/GitHub/GAME259-2022-A/GAME259_A_URE/Saved/Config/Windows/Scalability.ini]
[2022.02.21-20.00.46:144][  0]LogConfig: Setting CVar [[r.LightFunctionQuality:1]]
[2022.02.21-20.00.46:144][  0]LogConfig: Setting CVar [[r.ShadowQuality:5]]
[2022.02.21-20.00.46:145][  0]LogConfig: Setting CVar [[r.Shadow.CSM.MaxCascades:10]]
[2022.02.21-20.00.46:146][  0]LogConfig: Setting CVar [[r.Shadow.MaxResolution:2048]]
[2022.02.21-20.00.46:146][  0]LogConfig: Setting CVar [[r.Shadow.MaxCSMResolution:2048]]
[2022.02.21-20.00.46:147][  0]LogConfig: Setting CVar [[r.Shadow.RadiusThreshold:0.01]]
[2022.02.21-20.00.46:147][  0]LogConfig: Setting CVar [[r.Shadow.DistanceScale:1.0]]
[2022.02.21-20.00.46:148][  0]LogConfig: Setting CVar [[r.Shadow.CSM.TransitionScale:1.0]]
[2022.02.21-20.00.46:148][  0]LogConfig: Setting CVar [[r.Shadow.PreShadowResolutionFactor:1.0]]
[2022.02.21-20.00.46:149][  0]LogConfig: Setting CVar [[r.DistanceFieldShadowing:1]]
[2022.02.21-20.00.46:152][  0]LogConfig: Setting CVar [[r.DistanceFieldAO:1]]
[2022.02.21-20.00.46:153][  0]LogConfig: Setting CVar [[r.AOQuality:2]]
[2022.02.21-20.00.46:153][  0]LogConfig: Setting CVar [[r.VolumetricFog:1]]
[2022.02.21-20.00.46:153][  0]LogConfig: Setting CVar [[r.VolumetricFog.GridPixelSize:8]]
[2022.02.21-20.00.46:154][  0]LogConfig: Setting CVar [[r.VolumetricFog.GridSizeZ:128]]
[2022.02.21-20.00.46:155][  0]LogConfig: Setting CVar [[r.VolumetricFog.HistoryMissSupersampleCount:4]]
[2022.02.21-20.00.46:155][  0]LogConfig: Setting CVar [[r.LightMaxDrawDistanceScale:1]]
[2022.02.21-20.00.46:156][  0]LogConfig: Setting CVar [[r.CapsuleShadows:1]]
[2022.02.21-20.00.46:156][  0]LogConfig: Applying CVar settings from Section [PostProcessQuality@3] File [D:/GitHub/GAME259-2022-A/GAME259_A_URE/Saved/Config/Windows/Scalability.ini]
[2022.02.21-20.00.46:157][  0]LogConfig: Setting CVar [[r.MotionBlurQuality:4]]
[2022.02.21-20.00.46:157][  0]LogConfig: Setting CVar [[r.AmbientOcclusionMipLevelFactor:0.4]]
[2022.02.21-20.00.46:158][  0]LogConfig: Setting CVar [[r.AmbientOcclusionMaxQuality:100]]
[2022.02.21-20.00.46:158][  0]LogConfig: Setting CVar [[r.AmbientOcclusionLevels:-1]]
[2022.02.21-20.00.46:159][  0]LogConfig: Setting CVar [[r.AmbientOcclusionRadiusScale:1.0]]
[2022.02.21-20.00.46:159][  0]LogConfig: Setting CVar [[r.DepthOfFieldQuality:2]]
[2022.02.21-20.00.46:160][  0]LogConfig: Setting CVar [[r.RenderTargetPoolMin:400]]
[2022.02.21-20.00.46:161][  0]LogConfig: Setting CVar [[r.LensFlareQuality:2]]
[2022.02.21-20.00.46:165][  0]LogConfig: Setting CVar [[r.SceneColorFringeQuality:1]]
[2022.02.21-20.00.46:165][  0]LogConfig: Setting CVar [[r.EyeAdaptationQuality:2]]
[2022.02.21-20.00.46:166][  0]LogConfig: Setting CVar [[r.BloomQuality:5]]
[2022.02.21-20.00.46:166][  0]LogConfig: Setting CVar [[r.FastBlurThreshold:100]]
[2022.02.21-20.00.46:167][  0]LogConfig: Setting CVar [[r.Upscale.Quality:3]]
[2022.02.21-20.00.46:168][  0]LogConfig: Setting CVar [[r.Tonemapper.GrainQuantization:1]]
[2022.02.21-20.00.46:168][  0]LogConfig: Setting CVar [[r.LightShaftQuality:1]]
[2022.02.21-20.00.46:169][  0]LogConfig: Setting CVar [[r.Filter.SizeScale:1]]
[2022.02.21-20.00.46:170][  0]LogConfig: Setting CVar [[r.Tonemapper.Quality:5]]
[2022.02.21-20.00.46:171][  0]LogConfig: Setting CVar [[r.DOF.Gather.AccumulatorQuality:1        ; higher gathering accumulator quality]]
[2022.02.21-20.00.46:172][  0]LogConfig: Setting CVar [[r.DOF.Gather.PostfilterMethod:1          ; Median3x3 postfilering method]]
[2022.02.21-20.00.46:173][  0]LogConfig: Setting CVar [[r.DOF.Gather.EnableBokehSettings:0       ; no bokeh simulation when gathering]]
[2022.02.21-20.00.46:175][  0]LogConfig: Setting CVar [[r.DOF.Gather.RingCount:4                 ; medium number of samples when gathering]]
[2022.02.21-20.00.46:179][  0]LogConfig: Setting CVar [[r.DOF.Scatter.ForegroundCompositing:1    ; additive foreground scattering]]
[2022.02.21-20.00.46:180][  0]LogConfig: Setting CVar [[r.DOF.Scatter.BackgroundCompositing:2    ; additive background scattering]]
[2022.02.21-20.00.46:180][  0]LogConfig: Setting CVar [[r.DOF.Scatter.EnableBokehSettings:1      ; bokeh simulation when scattering]]
[2022.02.21-20.00.46:181][  0]LogConfig: Setting CVar [[r.DOF.Scatter.MaxSpriteRatio:0.1         ; only a maximum of 10% of scattered bokeh]]
[2022.02.21-20.00.46:182][  0]LogConfig: Setting CVar [[r.DOF.Recombine.Quality:1                ; cheap slight out of focus]]
[2022.02.21-20.00.46:183][  0]LogConfig: Setting CVar [[r.DOF.Recombine.EnableBokehSettings:0    ; no bokeh simulation on slight out of focus]]
[2022.02.21-20.00.46:185][  0]LogConfig: Setting CVar [[r.DOF.TemporalAAQuality:1                ; more stable temporal accumulation]]
[2022.02.21-20.00.46:186][  0]LogConfig: Setting CVar [[r.DOF.Kernel.MaxForegroundRadius:0.025]]
[2022.02.21-20.00.46:187][  0]LogConfig: Setting CVar [[r.DOF.Kernel.MaxBackgroundRadius:0.025]]
[2022.02.21-20.00.46:188][  0]LogConfig: Applying CVar settings from Section [TextureQuality@3] File [D:/GitHub/GAME259-2022-A/GAME259_A_URE/Saved/Config/Windows/Scalability.ini]
[2022.02.21-20.00.46:189][  0]LogConfig: Setting CVar [[r.Streaming.MipBias:0]]
[2022.02.21-20.00.46:189][  0]LogConfig: Setting CVar [[r.Streaming.AmortizeCPUToGPUCopy:0]]
[2022.02.21-20.00.46:190][  0]LogConfig: Setting CVar [[r.Streaming.MaxNumTexturesToStreamPerFrame:0]]
[2022.02.21-20.00.46:190][  0]LogConfig: Setting CVar [[r.Streaming.Boost:1]]
[2022.02.21-20.00.46:191][  0]LogConfig: Setting CVar [[r.MaxAnisotropy:8]]
[2022.02.21-20.00.46:192][  0]LogConfig: Setting CVar [[r.VT.MaxAnisotropy:8]]
[2022.02.21-20.00.46:192][  0]LogConfig: Setting CVar [[r.Streaming.LimitPoolSizeToVRAM:0]]
[2022.02.21-20.00.46:193][  0]LogConfig: Setting CVar [[r.Streaming.PoolSize:1000]]
[2022.02.21-20.00.46:194][  0]LogConfig: Setting CVar [[r.Streaming.MaxEffectiveScreenSize:0]]
[2022.02.21-20.00.46:194][  0]LogConfig: Applying CVar settings from Section [EffectsQuality@3] File [D:/GitHub/GAME259-2022-A/GAME259_A_URE/Saved/Config/Windows/Scalability.ini]
[2022.02.21-20.00.46:195][  0]LogConfig: Setting CVar [[r.TranslucencyLightingVolumeDim:64]]
[2022.02.21-20.00.46:195][  0]LogConfig: Setting CVar [[r.RefractionQuality:2]]
[2022.02.21-20.00.46:196][  0]LogConfig: Setting CVar [[r.SSR.Quality:3]]
[2022.02.21-20.00.46:197][  0]LogConfig: Setting CVar [[r.SSR.HalfResSceneColor:0]]
[2022.02.21-20.00.46:200][  0]LogConfig: Setting CVar [[r.SceneColorFormat:4]]
[2022.02.21-20.00.46:201][  0]LogConfig: Setting CVar [[r.DetailMode:2]]
[2022.02.21-20.00.46:202][  0]LogConfig: Setting CVar [[r.TranslucencyVolumeBlur:1]]
[2022.02.21-20.00.46:202][  0]LogConfig: Setting CVar [[r.MaterialQualityLevel:1 ; High quality]]
[2022.02.21-20.00.46:203][  0]LogConfig: Setting CVar [[r.AnisotropicMaterials:1]]
[2022.02.21-20.00.46:203][  0]LogConfig: Setting CVar [[r.SSS.Scale:1]]
[2022.02.21-20.00.46:203][  0]LogConfig: Setting CVar [[r.SSS.SampleSet:2]]
[2022.02.21-20.00.46:204][  0]LogConfig: Setting CVar [[r.SSS.Quality:1]]
[2022.02.21-20.00.46:205][  0]LogConfig: Setting CVar [[r.SSS.HalfRes:0]]
[2022.02.21-20.00.46:206][  0]LogConfig: Setting CVar [[r.SSGI.Quality:3]]
[2022.02.21-20.00.46:206][  0]LogConfig: Setting CVar [[r.EmitterSpawnRateScale:1.0]]
[2022.02.21-20.00.46:206][  0]LogConfig: Setting CVar [[r.ParticleLightQuality:2]]
[2022.02.21-20.00.46:207][  0]LogConfig: Setting CVar [[r.SkyAtmosphere.AerialPerspectiveLUT.FastApplyOnOpaque:1 ; Always have FastSkyLUT 1 in this case to avoid wrong sky]]
[2022.02.21-20.00.46:208][  0]LogConfig: Setting CVar [[r.SkyAtmosphere.AerialPerspectiveLUT.SampleCountMaxPerSlice:4]]
[2022.02.21-20.00.46:208][  0]LogConfig: Setting CVar [[r.SkyAtmosphere.AerialPerspectiveLUT.DepthResolution:16.0]]
[2022.02.21-20.00.46:209][  0]LogConfig: Setting CVar [[r.SkyAtmosphere.FastSkyLUT:1]]
[2022.02.21-20.00.46:212][  0]LogConfig: Setting CVar [[r.SkyAtmosphere.FastSkyLUT.SampleCountMin:4.0]]
[2022.02.21-20.00.46:213][  0]LogConfig: Setting CVar [[r.SkyAtmosphere.FastSkyLUT.SampleCountMax:128.0]]
[2022.02.21-20.00.46:214][  0]LogConfig: Setting CVar [[r.SkyAtmosphere.SampleCountMin:4.0]]
[2022.02.21-20.00.46:214][  0]LogConfig: Setting CVar [[r.SkyAtmosphere.SampleCountMax:128.0]]
[2022.02.21-20.00.46:215][  0]LogConfig: Setting CVar [[r.SkyAtmosphere.TransmittanceLUT.UseSmallFormat:0]]
[2022.02.21-20.00.46:215][  0]LogConfig: Setting CVar [[r.SkyAtmosphere.TransmittanceLUT.SampleCount:10.0]]
[2022.02.21-20.00.46:216][  0]LogConfig: Setting CVar [[r.SkyAtmosphere.MultiScatteringLUT.SampleCount:15.0]]
[2022.02.21-20.00.46:216][  0]LogConfig: Setting CVar [[r.SkyLight.RealTimeReflectionCapture:1]]
[2022.02.21-20.00.46:217][  0]LogConfig: Applying CVar settings from Section [FoliageQuality@3] File [D:/GitHub/GAME259-2022-A/GAME259_A_URE/Saved/Config/Windows/Scalability.ini]
[2022.02.21-20.00.46:217][  0]LogConfig: Setting CVar [[foliage.DensityScale:1.0]]
[2022.02.21-20.00.46:218][  0]LogConfig: Setting CVar [[grass.DensityScale:1.0]]
[2022.02.21-20.00.46:218][  0]LogConfig: Applying CVar settings from Section [ShadingQuality@3] File [D:/GitHub/GAME259-2022-A/GAME259_A_URE/Saved/Config/Windows/Scalability.ini]
[2022.02.21-20.00.46:219][  0]LogConfig: Setting CVar [[r.HairStrands.SkyLighting.IntegrationType:2]]
[2022.02.21-20.00.46:219][  0]LogConfig: Setting CVar [[r.HairStrands.SkyAO.SampleCount:4]]
[2022.02.21-20.00.46:220][  0]LogConfig: Setting CVar [[r.HairStrands.Visibility.MSAA.SamplePerPixel:4]]
[2022.02.21-20.00.46:221][  0]LogInit: Selected Device Profile: [Windows]
[2022.02.21-20.00.46:224][  0]LogInit: Applying CVar settings loaded from the selected device profile: [Windows]
[2022.02.21-20.00.46:225][  0]LogHAL: Display: Platform has ~ 16 GB [17065410560 / 17179869184 / 16], which maps to Larger [LargestMinGB=32, LargerMinGB=12, DefaultMinGB=8, SmallerMinGB=6, SmallestMinGB=0)
[2022.02.21-20.00.46:225][  0]LogInit: Going up to parent DeviceProfile []
[2022.02.21-20.00.46:225][  0]LogConfig: Applying CVar settings from Section [ViewDistanceQuality@3] File [D:/GitHub/GAME259-2022-A/GAME259_A_URE/Saved/Config/Windows/Scalability.ini]
[2022.02.21-20.00.46:226][  0]LogConfig: Setting CVar [[r.SkeletalMeshLODBias:0]]
[2022.02.21-20.00.46:226][  0]LogConfig: Setting CVar [[r.ViewDistanceScale:1.0]]
[2022.02.21-20.00.46:227][  0]LogConfig: Applying CVar settings from Section [AntiAliasingQuality@3] File [D:/GitHub/GAME259-2022-A/GAME259_A_URE/Saved/Config/Windows/Scalability.ini]
[2022.02.21-20.00.46:228][  0]LogConfig: Setting CVar [[r.PostProcessAAQuality:4]]
[2022.02.21-20.00.46:228][  0]LogConfig: Applying CVar settings from Section [ShadowQuality@3] File [D:/GitHub/GAME259-2022-A/GAME259_A_URE/Saved/Config/Windows/Scalability.ini]
[2022.02.21-20.00.46:229][  0]LogConfig: Setting CVar [[r.LightFunctionQuality:1]]
[2022.02.21-20.00.46:229][  0]LogConfig: Setting CVar [[r.ShadowQuality:5]]
[2022.02.21-20.00.46:230][  0]LogConfig: Setting CVar [[r.Shadow.CSM.MaxCascades:10]]
[2022.02.21-20.00.46:230][  0]LogConfig: Setting CVar [[r.Shadow.MaxResolution:2048]]
[2022.02.21-20.00.46:231][  0]LogConfig: Setting CVar [[r.Shadow.MaxCSMResolution:2048]]
[2022.02.21-20.00.46:231][  0]LogConfig: Setting CVar [[r.Shadow.RadiusThreshold:0.01]]
[2022.02.21-20.00.46:232][  0]LogConfig: Setting CVar [[r.Shadow.DistanceScale:1.0]]
[2022.02.21-20.00.46:232][  0]LogConfig: Setting CVar [[r.Shadow.CSM.TransitionScale:1.0]]
[2022.02.21-20.00.46:237][  0]LogConfig: Setting CVar [[r.Shadow.PreShadowResolutionFactor:1.0]]
[2022.02.21-20.00.46:238][  0]LogConfig: Setting CVar [[r.DistanceFieldShadowing:1]]
[2022.02.21-20.00.46:239][  0]LogConfig: Setting CVar [[r.DistanceFieldAO:1]]
[2022.02.21-20.00.46:239][  0]LogConfig: Setting CVar [[r.AOQuality:2]]
[2022.02.21-20.00.46:240][  0]LogConfig: Setting CVar [[r.VolumetricFog:1]]
[2022.02.21-20.00.46:240][  0]LogConfig: Setting CVar [[r.VolumetricFog.GridPixelSize:8]]
[2022.02.21-20.00.46:241][  0]LogConfig: Setting CVar [[r.VolumetricFog.GridSizeZ:128]]
[2022.02.21-20.00.46:242][  0]LogConfig: Setting CVar [[r.VolumetricFog.HistoryMissSupersampleCount:4]]
[2022.02.21-20.00.46:242][  0]LogConfig: Setting CVar [[r.LightMaxDrawDistanceScale:1]]
[2022.02.21-20.00.46:243][  0]LogConfig: Setting CVar [[r.CapsuleShadows:1]]
[2022.02.21-20.00.46:243][  0]LogConfig: Applying CVar settings from Section [PostProcessQuality@3] File [D:/GitHub/GAME259-2022-A/GAME259_A_URE/Saved/Config/Windows/Scalability.ini]
[2022.02.21-20.00.46:244][  0]LogConfig: Setting CVar [[r.MotionBlurQuality:4]]
[2022.02.21-20.00.46:244][  0]LogConfig: Setting CVar [[r.AmbientOcclusionMipLevelFactor:0.4]]
[2022.02.21-20.00.46:245][  0]LogConfig: Setting CVar [[r.AmbientOcclusionMaxQuality:100]]
[2022.02.21-20.00.46:245][  0]LogConfig: Setting CVar [[r.AmbientOcclusionLevels:-1]]
[2022.02.21-20.00.46:246][  0]LogConfig: Setting CVar [[r.AmbientOcclusionRadiusScale:1.0]]
[2022.02.21-20.00.46:249][  0]LogConfig: Setting CVar [[r.DepthOfFieldQuality:2]]
[2022.02.21-20.00.46:249][  0]LogConfig: Setting CVar [[r.RenderTargetPoolMin:400]]
[2022.02.21-20.00.46:250][  0]LogConfig: Setting CVar [[r.LensFlareQuality:2]]
[2022.02.21-20.00.46:250][  0]LogConfig: Setting CVar [[r.SceneColorFringeQuality:1]]
[2022.02.21-20.00.46:251][  0]LogConfig: Setting CVar [[r.EyeAdaptationQuality:2]]
[2022.02.21-20.00.46:251][  0]LogConfig: Setting CVar [[r.BloomQuality:5]]
[2022.02.21-20.00.46:252][  0]LogConfig: Setting CVar [[r.FastBlurThreshold:100]]
[2022.02.21-20.00.46:252][  0]LogConfig: Setting CVar [[r.Upscale.Quality:3]]
[2022.02.21-20.00.46:253][  0]LogConfig: Setting CVar [[r.Tonemapper.GrainQuantization:1]]
[2022.02.21-20.00.46:253][  0]LogConfig: Setting CVar [[r.LightShaftQuality:1]]
[2022.02.21-20.00.46:254][  0]LogConfig: Setting CVar [[r.Filter.SizeScale:1]]
[2022.02.21-20.00.46:254][  0]LogConfig: Setting CVar [[r.Tonemapper.Quality:5]]
[2022.02.21-20.00.46:255][  0]LogConfig: Setting CVar [[r.DOF.Gather.AccumulatorQuality:1        ; higher gathering accumulator quality]]
[2022.02.21-20.00.46:255][  0]LogConfig: Setting CVar [[r.DOF.Gather.PostfilterMethod:1          ; Median3x3 postfilering method]]
[2022.02.21-20.00.46:256][  0]LogConfig: Setting CVar [[r.DOF.Gather.EnableBokehSettings:0       ; no bokeh simulation when gathering]]
[2022.02.21-20.00.46:256][  0]LogConfig: Setting CVar [[r.DOF.Gather.RingCount:4                 ; medium number of samples when gathering]]
[2022.02.21-20.00.46:257][  0]LogConfig: Setting CVar [[r.DOF.Scatter.ForegroundCompositing:1    ; additive foreground scattering]]
[2022.02.21-20.00.46:257][  0]LogConfig: Setting CVar [[r.DOF.Scatter.BackgroundCompositing:2    ; additive background scattering]]
[2022.02.21-20.00.46:258][  0]LogConfig: Setting CVar [[r.DOF.Scatter.EnableBokehSettings:1      ; bokeh simulation when scattering]]
[2022.02.21-20.00.46:263][  0]LogConfig: Setting CVar [[r.DOF.Scatter.MaxSpriteRatio:0.1         ; only a maximum of 10% of scattered bokeh]]
[2022.02.21-20.00.46:264][  0]LogConfig: Setting CVar [[r.DOF.Recombine.Quality:1                ; cheap slight out of focus]]
[2022.02.21-20.00.46:265][  0]LogConfig: Setting CVar [[r.DOF.Recombine.EnableBokehSettings:0    ; no bokeh simulation on slight out of focus]]
[2022.02.21-20.00.46:265][  0]LogConfig: Setting CVar [[r.DOF.TemporalAAQuality:1                ; more stable temporal accumulation]]
[2022.02.21-20.00.46:266][  0]LogConfig: Setting CVar [[r.DOF.Kernel.MaxForegroundRadius:0.025]]
[2022.02.21-20.00.46:267][  0]LogConfig: Setting CVar [[r.DOF.Kernel.MaxBackgroundRadius:0.025]]
[2022.02.21-20.00.46:267][  0]LogConfig: Applying CVar settings from Section [TextureQuality@3] File [D:/GitHub/GAME259-2022-A/GAME259_A_URE/Saved/Config/Windows/Scalability.ini]
[2022.02.21-20.00.46:268][  0]LogConfig: Setting CVar [[r.Streaming.MipBias:0]]
[2022.02.21-20.00.46:268][  0]LogConfig: Setting CVar [[r.Streaming.AmortizeCPUToGPUCopy:0]]
[2022.02.21-20.00.46:269][  0]LogConfig: Setting CVar [[r.Streaming.MaxNumTexturesToStreamPerFrame:0]]
[2022.02.21-20.00.46:269][  0]LogConfig: Setting CVar [[r.Streaming.Boost:1]]
[2022.02.21-20.00.46:270][  0]LogConfig: Setting CVar [[r.MaxAnisotropy:8]]
[2022.02.21-20.00.46:270][  0]LogConfig: Setting CVar [[r.VT.MaxAnisotropy:8]]
[2022.02.21-20.00.46:271][  0]LogConfig: Setting CVar [[r.Streaming.LimitPoolSizeToVRAM:0]]
[2022.02.21-20.00.46:271][  0]LogConfig: Setting CVar [[r.Streaming.PoolSize:1000]]
[2022.02.21-20.00.46:272][  0]LogConfig: Setting CVar [[r.Streaming.MaxEffectiveScreenSize:0]]
[2022.02.21-20.00.46:275][  0]LogConfig: Applying CVar settings from Section [EffectsQuality@3] File [D:/GitHub/GAME259-2022-A/GAME259_A_URE/Saved/Config/Windows/Scalability.ini]
[2022.02.21-20.00.46:275][  0]LogConfig: Setting CVar [[r.TranslucencyLightingVolumeDim:64]]
[2022.02.21-20.00.46:275][  0]LogConfig: Setting CVar [[r.RefractionQuality:2]]
[2022.02.21-20.00.46:276][  0]LogConfig: Setting CVar [[r.SSR.Quality:3]]
[2022.02.21-20.00.46:277][  0]LogConfig: Setting CVar [[r.SSR.HalfResSceneColor:0]]
[2022.02.21-20.00.46:277][  0]LogConfig: Setting CVar [[r.SceneColorFormat:4]]
[2022.02.21-20.00.46:278][  0]LogConfig: Setting CVar [[r.DetailMode:2]]
[2022.02.21-20.00.46:278][  0]LogConfig: Setting CVar [[r.TranslucencyVolumeBlur:1]]
[2022.02.21-20.00.46:279][  0]LogConfig: Setting CVar [[r.MaterialQualityLevel:1 ; High quality]]
[2022.02.21-20.00.46:279][  0]LogConfig: Setting CVar [[r.AnisotropicMaterials:1]]
[2022.02.21-20.00.46:280][  0]LogConfig: Setting CVar [[r.SSS.Scale:1]]
[2022.02.21-20.00.46:281][  0]LogConfig: Setting CVar [[r.SSS.SampleSet:2]]
[2022.02.21-20.00.46:282][  0]LogConfig: Setting CVar [[r.SSS.Quality:1]]
[2022.02.21-20.00.46:282][  0]LogConfig: Setting CVar [[r.SSS.HalfRes:0]]
[2022.02.21-20.00.46:283][  0]LogConfig: Setting CVar [[r.SSGI.Quality:3]]
[2022.02.21-20.00.46:283][  0]LogConfig: Setting CVar [[r.EmitterSpawnRateScale:1.0]]
[2022.02.21-20.00.46:283][  0]LogConfig: Setting CVar [[r.ParticleLightQuality:2]]
[2022.02.21-20.00.46:283][  0]LogConfig: Setting CVar [[r.SkyAtmosphere.AerialPerspectiveLUT.FastApplyOnOpaque:1 ; Always have FastSkyLUT 1 in this case to avoid wrong sky]]
[2022.02.21-20.00.46:284][  0]LogConfig: Setting CVar [[r.SkyAtmosphere.AerialPerspectiveLUT.SampleCountMaxPerSlice:4]]
[2022.02.21-20.00.46:287][  0]LogConfig: Setting CVar [[r.SkyAtmosphere.AerialPerspectiveLUT.DepthResolution:16.0]]
[2022.02.21-20.00.46:287][  0]LogConfig: Setting CVar [[r.SkyAtmosphere.FastSkyLUT:1]]
[2022.02.21-20.00.46:288][  0]LogConfig: Setting CVar [[r.SkyAtmosphere.FastSkyLUT.SampleCountMin:4.0]]
[2022.02.21-20.00.46:288][  0]LogConfig: Setting CVar [[r.SkyAtmosphere.FastSkyLUT.SampleCountMax:128.0]]
[2022.02.21-20.00.46:289][  0]LogConfig: Setting CVar [[r.SkyAtmosphere.SampleCountMin:4.0]]
[2022.02.21-20.00.46:289][  0]LogConfig: Setting CVar [[r.SkyAtmosphere.SampleCountMax:128.0]]
[2022.02.21-20.00.46:290][  0]LogConfig: Setting CVar [[r.SkyAtmosphere.TransmittanceLUT.UseSmallFormat:0]]
[2022.02.21-20.00.46:290][  0]LogConfig: Setting CVar [[r.SkyAtmosphere.TransmittanceLUT.SampleCount:10.0]]
[2022.02.21-20.00.46:291][  0]LogConfig: Setting CVar [[r.SkyAtmosphere.MultiScatteringLUT.SampleCount:15.0]]
[2022.02.21-20.00.46:291][  0]LogConfig: Setting CVar [[r.SkyLight.RealTimeReflectionCapture:1]]
[2022.02.21-20.00.46:292][  0]LogConfig: Applying CVar settings from Section [FoliageQuality@3] File [D:/GitHub/GAME259-2022-A/GAME259_A_URE/Saved/Config/Windows/Scalability.ini]
[2022.02.21-20.00.46:292][  0]LogConfig: Setting CVar [[foliage.DensityScale:1.0]]
[2022.02.21-20.00.46:293][  0]LogConfig: Setting CVar [[grass.DensityScale:1.0]]
[2022.02.21-20.00.46:293][  0]LogConfig: Applying CVar settings from Section [ShadingQuality@3] File [D:/GitHub/GAME259-2022-A/GAME259_A_URE/Saved/Config/Windows/Scalability.ini]
[2022.02.21-20.00.46:294][  0]LogConfig: Setting CVar [[r.HairStrands.SkyLighting.IntegrationType:2]]
[2022.02.21-20.00.46:294][  0]LogConfig: Setting CVar [[r.HairStrands.SkyAO.SampleCount:4]]
[2022.02.21-20.00.46:294][  0]LogConfig: Setting CVar [[r.HairStrands.Visibility.MSAA.SamplePerPixel:4]]
[2022.02.21-20.00.46:295][  0]LogConfig: Applying CVar settings from Section [Startup] File [../../../Engine/Config/ConsoleVariables.ini]
[2022.02.21-20.00.46:299][  0]LogConfig: Setting CVar [[net.UseAdaptiveNetUpdateFrequency:0]]
[2022.02.21-20.00.46:299][  0]LogConfig: Setting CVar [[p.chaos.AllowCreatePhysxBodies:1]]
[2022.02.21-20.00.46:300][  0]LogConfig: Setting CVar [[fx.SkipVectorVMBackendOptimizations:1]]
[2022.02.21-20.00.46:300][  0]LogConfig: Applying CVar settings from Section [ConsoleVariables] File [D:/GitHub/GAME259-2022-A/GAME259_A_URE/Saved/Config/Windows/Engine.ini]
[2022.02.21-20.00.46:301][  0]LogConfig: Applying CVar settings from Section [ConsoleVariables] File [D:/GitHub/GAME259-2022-A/GAME259_A_URE/Saved/Config/Windows/Editor.ini]
[2022.02.21-20.00.46:301][  0]LogInit: Computer: OMEN
[2022.02.21-20.00.46:302][  0]LogInit: User: James
[2022.02.21-20.00.46:303][  0]LogInit: CPU Page size=4096, Cores=6
[2022.02.21-20.00.46:303][  0]LogInit: High frequency timer resolution =10.000000 MHz
[2022.02.21-20.00.46:303][  0]LogMemory: Memory total: Physical=15.9GB (16GB approx)
[2022.02.21-20.00.46:304][  0]LogMemory: Platform Memory Stats for Windows
[2022.02.21-20.00.46:304][  0]LogMemory: Process Physical Memory: 147.77 MB used, 147.78 MB peak
[2022.02.21-20.00.46:304][  0]LogMemory: Process Virtual Memory: 131.93 MB used, 131.93 MB peak
[2022.02.21-20.00.46:304][  0]LogMemory: Physical Memory: 12644.07 MB used,  3630.77 MB free, 16274.84 MB total
[2022.02.21-20.00.46:305][  0]LogMemory: Virtual Memory: 134212072.00 MB used,  5653.14 MB free, 134217728.00 MB total
[2022.02.21-20.00.46:308][  0]LogWindows: WindowsPlatformFeatures enabled
[2022.02.21-20.00.46:355][  0]LogInit: Physics initialised using underlying interface: PhysX
[2022.02.21-20.00.46:355][  0]LogInit: Using OS detected language (en-US).
[2022.02.21-20.00.46:358][  0]LogInit: Using OS detected locale (en-US).
[2022.02.21-20.00.46:362][  0]LogTextLocalizationManager: No specific localization for 'en-US' exists, so the 'en' localization will be used.
[2022.02.21-20.00.46:568][  0]LogWindowsTextInputMethodSystem: Display: IME system deactivated.
[2022.02.21-20.00.46:640][  0]LogSlate: New Slate User Created.  User Index 0, Is Virtual User: 0
[2022.02.21-20.00.46:640][  0]LogSlate: Slate User Registered.  User Index 0, Is Virtual User: 0
[2022.02.21-20.00.46:697][  0]LogD3D11RHI: Loaded GFSDK_Aftermath_Lib.x64.dll
[2022.02.21-20.00.46:750][  0]LogHMD: Optional extension XR_VARJO_quad_views is not available
[2022.02.21-20.00.46:751][  0]LogHMD: Warning: Required extension XR_EXT_eye_gaze_interaction is not available
[2022.02.21-20.00.46:754][  0]LogHMD: Could not enable all required OpenXR extensions for OpenXREyeTracker on current system. This plugin will be loaded but ignored, but will be enabled on a target platform that supports the required extension.
[2022.02.21-20.00.47:258][  0]LogHMD: Failed to get an OpenXR system, result is XR_ERROR_FORM_FACTOR_UNAVAILABLE. Please check that your runtime supports VR headsets.
[2022.02.21-20.00.47:258][  0]LogD3D11RHI: D3D11 min allowed feature level: 11_0
[2022.02.21-20.00.47:260][  0]LogD3D11RHI: D3D11 max allowed feature level: 11_0
[2022.02.21-20.00.47:261][  0]LogD3D11RHI: D3D11 adapters:
[2022.02.21-20.00.47:357][  0]LogD3D11RHI:    0. 'NVIDIA GeForce GTX 1070' (Feature Level 11_0)
[2022.02.21-20.00.47:357][  0]LogD3D11RHI:       8088/0/8137 MB DedicatedVideo/DedicatedSystem/SharedSystem, Outputs:2, VendorId:0x10de
[2022.02.21-20.00.47:362][  0]LogD3D11RHI:    1. 'Microsoft Basic Render Driver' (Feature Level 11_0)
[2022.02.21-20.00.47:362][  0]LogD3D11RHI:       0/0/8137 MB DedicatedVideo/DedicatedSystem/SharedSystem, Outputs:0, VendorId:0x1414
[2022.02.21-20.00.47:364][  0]LogD3D11RHI: Chosen D3D11 Adapter:
[2022.02.21-20.00.47:364][  0]LogD3D11RHI:     Description : NVIDIA GeForce GTX 1070
[2022.02.21-20.00.47:365][  0]LogD3D11RHI:     VendorId    : 10de
[2022.02.21-20.00.47:366][  0]LogD3D11RHI:     DeviceId    : 1b81
[2022.02.21-20.00.47:367][  0]LogD3D11RHI:     SubSysId    : 82fb103c
[2022.02.21-20.00.47:370][  0]LogD3D11RHI:     Revision    : 00a1
[2022.02.21-20.00.47:371][  0]LogD3D11RHI:     DedicatedVideoMemory : 8480882688 bytes
[2022.02.21-20.00.47:372][  0]LogD3D11RHI:     DedicatedSystemMemory : 0 bytes
[2022.02.21-20.00.47:372][  0]LogD3D11RHI:     SharedSystemMemory : 8532705280 bytes
[2022.02.21-20.00.47:373][  0]LogD3D11RHI:     AdapterLuid : 0 89200
[2022.02.21-20.00.47:383][  0]LogD3D11RHI: Creating new Direct3DDevice
[2022.02.21-20.00.47:383][  0]LogD3D11RHI:     GPU DeviceId: 0x1b81 (for the marketing name, search the web for "GPU Device Id")
[2022.02.21-20.00.47:384][  0]LogWindows: EnumDisplayDevices:
[2022.02.21-20.00.47:385][  0]LogWindows:    0. 'NVIDIA GeForce GTX 1070' (P:1 D:1)
[2022.02.21-20.00.47:386][  0]LogWindows:    1. 'NVIDIA GeForce GTX 1070' (P:0 D:1)
[2022.02.21-20.00.47:387][  0]LogWindows:    2. 'NVIDIA GeForce GTX 1070' (P:0 D:0)
[2022.02.21-20.00.47:391][  0]LogWindows:    3. 'NVIDIA GeForce GTX 1070' (P:0 D:0)
[2022.02.21-20.00.47:392][  0]LogWindows: DebugString: FoundDriverCount:4 
[2022.02.21-20.00.47:393][  0]LogD3D11RHI:     Adapter Name: NVIDIA GeForce GTX 1070
[2022.02.21-20.00.47:394][  0]LogD3D11RHI:   Driver Version: 472.08 (internal:30.0.14.7208, unified:472.08)
[2022.02.21-20.00.47:395][  0]LogD3D11RHI:      Driver Date: 9-13-2021
[2022.02.21-20.00.47:396][  0]LogRHI: Texture pool is 5661 MB (70% of 8088 MB)
[2022.02.21-20.00.47:396][  0]LogD3D11RHI: Creating D3DDevice using adapter:
[2022.02.21-20.00.47:398][  0]LogD3D11RHI:     Description : NVIDIA GeForce GTX 1070
[2022.02.21-20.00.47:400][  0]LogD3D11RHI:     VendorId    : 10de
[2022.02.21-20.00.47:401][  0]LogD3D11RHI:     DeviceId    : 1b81
[2022.02.21-20.00.47:401][  0]LogD3D11RHI:     SubSysId    : 82fb103c
[2022.02.21-20.00.47:402][  0]LogD3D11RHI:     Revision    : 00a1
[2022.02.21-20.00.47:402][  0]LogD3D11RHI:     DedicatedVideoMemory : 8480882688 bytes
[2022.02.21-20.00.47:402][  0]LogD3D11RHI:     DedicatedSystemMemory : 0 bytes
[2022.02.21-20.00.47:403][  0]LogD3D11RHI:     SharedSystemMemory : 8532705280 bytes
[2022.02.21-20.00.47:403][  0]LogD3D11RHI:     AdapterLuid : 0 89200
[2022.02.21-20.00.47:479][  0]LogD3D11RHI: RHI has support for 64 bit atomics
[2022.02.21-20.00.47:479][  0]LogD3D11RHI: Async texture creation enabled
[2022.02.21-20.00.47:480][  0]LogD3D11RHI: Array index from any shader is supported
[2022.02.21-20.00.47:482][  0]LogD3D11RHI: HDR output is supported on display 0 (NvId: 0x80061082).
[2022.02.21-20.00.47:498][  0]LogD3D11RHI: GPU Timing Frequency: 1000.000000 (Debug: 2 1)
[2022.02.21-20.00.47:528][  0]LogRHI: GeForceNow SDK initialized: 1
[2022.02.21-20.00.47:778][  0]LogTargetPlatformManager: Display: Loaded TargetPlatform 'WindowsNoEditor'
[2022.02.21-20.00.47:783][  0]LogTargetPlatformManager: Display: Loaded TargetPlatform 'Windows'
[2022.02.21-20.00.47:787][  0]LogTargetPlatformManager: Display: Loaded TargetPlatform 'WindowsClient'
[2022.02.21-20.00.47:792][  0]LogTargetPlatformManager: Display: Loaded TargetPlatform 'WindowsServer'
[2022.02.21-20.00.47:792][  0]LogTargetPlatformManager: Display: Building Assets For Windows
[2022.02.21-20.00.47:800][  0]LogAudioDebug: Display: Lib vorbis DLL was dynamically loaded.
[2022.02.21-20.00.47:827][  0]LogTextureFormatOodle: Display: Oodle Texture 2.9.0 init RDO Off
[2022.02.21-20.00.47:860][  0]LogRendererCore: Ray tracing is disabled. Reason: r.RayTracing=0.
[2022.02.21-20.00.47:860][  0]LogShaderCompilers: Guid format shader working directory is -2 characters bigger than the processId version (../../../../GitHub/GAME259-2022-A/GAME259_A_URE/Intermediate/Shaders/WorkingDirectory/13784/).
[2022.02.21-20.00.47:861][  0]LogShaderCompilers: Cleaned the shader compiler working directory 'C:/Users/James/AppData/Local/Temp/UnrealShaderWorkingDir/CC7640884F006CCCF59F7A8DD36A1565/'.
[2022.02.21-20.00.47:861][  0]LogXGEController: Cannot use XGE Controller as Incredibuild is not installed on this machine.
[2022.02.21-20.00.47:862][  0]LogShaderCompilers: Cannot use XGE Shader Compiler as Incredibuild is not installed on this machine.
[2022.02.21-20.00.47:862][  0]LogShaderCompilers: Display: Using Local Shader Compiler.
[2022.02.21-20.00.48:590][  0]LogDerivedDataCache: Display: Max Cache Size: 512 MB
[2022.02.21-20.00.48:663][  0]LogDerivedDataCache: Loaded boot cache 0.07s 103MB C:/Users/James/AppData/Local/UnrealEngine/4.27/DerivedDataCache/Boot.ddc.
[2022.02.21-20.00.48:663][  0]LogDerivedDataCache: Display: Loaded Boot cache: C:/Users/James/AppData/Local/UnrealEngine/4.27/DerivedDataCache/Boot.ddc
[2022.02.21-20.00.48:665][  0]LogDerivedDataCache: FDerivedDataBackendGraph:  Pak pak cache file ../../../../GitHub/GAME259-2022-A/GAME259_A_URE/DerivedDataCache/DDC.ddp not found, will not use a pak cache.
[2022.02.21-20.00.48:666][  0]LogDerivedDataCache: Unable to find inner node Pak for hierarchical cache Hierarchy.
[2022.02.21-20.00.48:666][  0]LogDerivedDataCache: FDerivedDataBackendGraph:  CompressedPak pak cache file ../../../../GitHub/GAME259-2022-A/GAME259_A_URE/DerivedDataCache/Compressed.ddp not found, will not use a pak cache.
[2022.02.21-20.00.48:666][  0]LogDerivedDataCache: Unable to find inner node CompressedPak for hierarchical cache Hierarchy.
[2022.02.21-20.00.48:682][  0]LogDerivedDataCache: Display: Pak cache opened for reading ../../../Engine/DerivedDataCache/Compressed.ddp.
[2022.02.21-20.00.48:682][  0]LogDerivedDataCache: FDerivedDataBackendGraph:  EnterprisePak pak cache file ../../../Enterprise/DerivedDataCache/Compressed.ddp not found, will not use a pak cache.
[2022.02.21-20.00.48:683][  0]LogDerivedDataCache: Unable to find inner node EnterprisePak for hierarchical cache Hierarchy.
[2022.02.21-20.00.48:690][  0]LogDerivedDataCache: Speed tests for C:/Users/James/AppData/Local/UnrealEngine/Common/DerivedDataCache took 0.01 seconds
[2022.02.21-20.00.48:691][  0]LogDerivedDataCache: Display: Performance to C:/Users/James/AppData/Local/UnrealEngine/Common/DerivedDataCache: Latency=0.03ms. RandomReadSpeed=1011.08MBs, RandomWriteSpeed=159.26MBs. Assigned SpeedClass 'Local'
[2022.02.21-20.00.48:692][  0]LogDerivedDataCache: Using Local data cache path C:/Users/James/AppData/Local/UnrealEngine/Common/DerivedDataCache: Writable
[2022.02.21-20.00.48:692][  0]LogDerivedDataCache: Shared data cache path not found in *engine.ini, will not use an Shared cache.
[2022.02.21-20.00.48:693][  0]LogDerivedDataCache: Unable to find inner node Shared for hierarchical cache Hierarchy.
[2022.02.21-20.00.48:730][  0]LogSlate: Using FreeType 2.10.0
[2022.02.21-20.00.48:731][  0]LogSlate: SlateFontServices - WITH_FREETYPE: 1, WITH_HARFBUZZ: 1
[2022.02.21-20.00.49:232][  0]LogHMD: Failed to get an OpenXR system, result is XR_ERROR_FORM_FACTOR_UNAVAILABLE. Please check that your runtime supports VR headsets.
[2022.02.21-20.00.49:320][  0]LogInit: Using OS detected language (en-US).
[2022.02.21-20.00.49:320][  0]LogInit: Using OS detected locale (en-US).
[2022.02.21-20.00.49:323][  0]LogTextLocalizationManager: No localization for 'en-US' exists, so 'en' will be used for the language.
[2022.02.21-20.00.49:323][  0]LogTextLocalizationManager: No localization for 'en-US' exists, so 'en' will be used for the locale.
[2022.02.21-20.00.49:324][  0]LogSlate: FontCache flush requested. Reason: Culture for localization was changed
[2022.02.21-20.00.49:324][  0]LogSlate: FontCache flush requested. Reason: Culture for localization was changed
[2022.02.21-20.00.49:327][  0]LogTextLocalizationManager: Compacting localization data took   0.01ms
[2022.02.21-20.00.49:328][  0]LogAssetRegistry: FAssetRegistry took 0.0014 seconds to start up
[2022.02.21-20.00.49:500][  0]LogPackageLocalizationCache: Processed 27 localized package path(s) for 1 prioritized culture(s) in 0.025481 seconds
[2022.02.21-20.00.49:562][  0]LogInit: Selected Device Profile: [Windows]
[2022.02.21-20.00.49:562][  0]LogInit: Active device profile: [0000016DFD248A00][0000016DF22AA2C0 49] Windows
[2022.02.21-20.00.49:564][  0]LogInit: Profiles: [0000016DFD248A00][0000016DF22AA2C0 49] Windows, [0000016DFD205A00][0000016DF22B2440 49] WindowsNoEditor, [0000016DFD24B500][0000016DF22B65C0 49] WindowsServer, [0000016DFD207D00][0000016DF363C740 49] WindowsClient, [0000016DFD24B300][0000016DF36408C0 49] IOS, [0000016DFD207F00][0000016DF3644A40 49] iPadAir, [0000016DFD24A000][0000016DF3648BC0 49] iPadAir2, [0000016DFD1ACC00][0000016DF3650E80 49] IPadPro, [0000016DFD1ACD00][0000016DF364CEC0 49] iPadAir3, [0000016DFD207300][0000016DF3655040 49] iPadAir4, [0000016DFD1AF200][0000016DF36591C0 49] iPadMini2, [0000016DFD206A00][0000016DF365D340 49] iPadMini3, [0000016DFD1AD700][0000016DF36614C0 49] iPadMini4, [0000016DFD206300][0000016DF22AF600 49] iPadMini5, [0000016DFD1D0500][0000016DF3669840 49] iPhone6, [0000016DFD1D0600][0000016DF3665880 49] iPodTouch6, [0000016DFD1AF800][0000016DF3675B40 49] iPhone7, [0000016DFD1ADC00][0000016DF3671B80 49] iPodTouch7, [0000016DFD1D0400][0000016DF3678180 49] iPhone5S, [0000016DFD206100][0000016DF367C300 49] iPhone6Plus, [0000016DFD1D2F00][0000016DF3680480 49] iPhone6S, [0000016DFD1ACA00][0000016DF3684600 49] iPhone6SPlus, [0000016DFD1D2300][0000016DF3C76780 49] iPhone7Plus, [0000016DFD1AC100][0000016DF3C7A900 49] iPhoneSE, [0000016DFD1D0800][0000016DF3C7EA80 49] iPhone8, [0000016DFD1ADF00][0000016DF3C82C00 49] iPhone8Plus, [0000016DFD1D0700][0000016DF3C86D80 49] iPhoneX, [0000016DFD1AE200][0000016DF3C8AF00 49] iPhoneXS, [0000016DFD1D3800][0000016DF3C8F080 49] iPhoneXSMax, [0000016DFD1AC900][0000016DF3C93200 49] iPhoneXR, [0000016DFD1D1900][0000016DF3C97380 49] iPhone11, [0000016DFD1AE800][0000016DF3C9B500 49] iPhone11Pro, [0000016DFD1D1000][0000016DF3C9F680 49] iPhone11ProMax, [0000016DFD1AD500][0000016DF366D7C0 49] iPhoneSE2, [0000016DFD1D3500][0000016DF3CA3900 49] iPhone12Mini, [0000016DFD1AFD00][0000016DF3CA7A40 49] iPhone12, [0000016DFD1D1F00][0000016DF3CAFBC0 49] iPhone12Pro, [0000016DFD1AF000][0000016DF3CB21C0 49] iPhone12ProMax, [0000016DFD1D1400][0000016DF3CB6340 49] iPadPro105, [0000016DFD1AE700][0000016DF3CBA4C0 49] iPadPro129, [0000016DFD1D3400][0000016DF3CBE640 49] iPadPro97, [0000016DFD1AE600][0000016DF3CC27C0 49] iPadPro2_129, [0000016DFD1D1E00][0000016DF3CC6940 49] iPad5, [0000016DFD1AC200][0000016DF3CCAAC0 49] iPad6, [0000016DFD1D3B00][0000016DF3CCEC40 49] iPad7, [0000016DFD1AFB00][0000016DF3CD2DC0 49] iPad8, [0000016DFD1D3A00][0000016DF3CD6F40 49] iPadPro11, [0000016DFD1AE900][0000016DF3CDB0C0 49] iPadPro2_11, [0000016DFD1D1C00][0000016DF3CDF240 49] iPadPro3_129, [0000016DFD1ACF00][0000016DF3CE33C0 49] iPadPro4_129, [0000016DFD1D0100][0000016DF3CE7540 49] AppleTV, [0000016DFD1AD000][0000016DF3CEB6C0 49] AppleTV4K, [0000016DFD1D3D00][0000016DF3EC5840 49] TVOS, [0000016DFD1AC700][0000016DF3CAB980 49] Mac, [0000016DFD1D0300][0000016DF3EC9AC0 49] MacClient, [0000016DFD1AC600][0000016DF3ECDC00 49] MacNoEditor, [0000016DFD1D1700][0000016DF3ED01C0 49] MacServer, [0000016DFD1AD600][0000016DF3ED8340 49] Linux, [0000016DFD1D3000][0000016DF3EDC4C0 49] LinuxAArch64, [0000016DFD1AF400][0000016DF3EE0640 49] LinuxNoEditor, [0000016DFD1D2E00][0000016DF3EE47C0 49] LinuxAArch64NoEditor, [0000016DFD1AF700][0000016DF3EE8940 49] LinuxClient, [0000016DFD1D0C00][0000016DF3EECAC0 49] LinuxAArch64Client, [0000016DFD1AE400][0000016DF3EF0C40 49] LinuxServer, [0000016DFD1D3E00][0000016DF3EF4DC0 49] LinuxAArch64Server, [0000016DFD1AF900][0000016DF3EF8F40 49] Android, [0000016DFD1D0B00][0000016DF3EFD0C0 49] Android_Low, [0000016DFD1AF500][0000016DF3F01240 49] Android_Mid, [0000016DFD1D2800][0000016DF3F053C0 49] Android_High, [0000016DFD207800][0000016DF3F09540 49] Android_Default, [0000016DFD24A100][0000016DF3F0D6C0 49] Android_Adreno4xx, [0000016DFD207E00][0000016DF3F11840 49] Android_Adreno5xx_Low, [0000016DFD24AB00][0000016DF3F159C0 49] Android_Adreno5xx, [0000016DFD207200][0000016DF3ED5B00 49] Android_Adreno6xx, [0000016DFD24A800][0000016DF3F180C0 49] Android_Adreno6xx_Vulkan, [0000016DFD205900][0000016DF3F1C200 49] Android_Mali_T6xx, [0000016DFD24BB00][0000016DF3F20340 49] Android_Mali_T7xx, [0000016DFD204B00][0000016DF3F284C0 49] Android_Mali_T8xx, [0000016DFD24BE00][0000016DF3F2C640 49] Android_Mali_G71, [0000016DFD204A00][0000016DF3F307C0 49] Android_Mali_G72, [0000016DFD249800][0000016DF3F34940 49] Android_Mali_G72_Vulkan, [0000016DFD207600][0000016DF3F38AC0 49] Android_Mali_G76, [0000016DFD249B00][0000016DF3F3CC40 49] Android_Mali_G76_Vulkan, [0000016DFD205F00][0000016DF3F40DC0 49] Android_Mali_G77, [0000016DFD249000][0000016DF3F44F40 49] Android_Mali_G77_Vulkan, [0000016DFD205700][0000016DF3F490C0 49] Android_Mali_G78, [0000016DFD24A900][0000016DF3F4D240 49] Android_Mali_G78_Vulkan, [0000016DFD206800][0000016DF3F513C0 49] Android_Mali_G710, [0000016DFD248700][0000016DF3F55540 49] Android_Mali_G710_Vulkan, [0000016DFD205100][0000016DF3F596C0 49] Android_Vulkan_SM5, [0000016DFD249600][0000016DF3F5D840 49] Android_PowerVR_G6xxx, [0000016DFD205500][0000016DF3F619C0 49] Android_PowerVR_GT7xxx, [0000016DFD24AF00][0000016DF3F65B40 49] Android_PowerVR_GE8xxx, [0000016DFD205400][0000016DF3F68140 49] Android_PowerVR_GM9xxx, [0000016DFD248300][0000016DF3F24280 49] Android_PowerVR_GM9xxx_Vulkan, [0000016DFD204400][0000016DF3F6C3C0 49] Android_TegraK1, [0000016DFD24AC00][0000016DF3F70500 49] Android_Unknown_Vulkan, [0000016DFD204300][0000016DF3F78680 49] Lumin, [0000016DFD1AD900][0000016DF3F7C800 49] Lumin_Desktop, [0000016DFD206E00][0000016DF3F80980 49] HoloLens, 
[2022.02.21-20.00.49:611][  0]LogMeshReduction: Using QuadricMeshReduction for automatic static mesh reduction
[2022.02.21-20.00.49:611][  0]LogMeshReduction: Using SimplygonMeshReduction for automatic skeletal mesh reduction
[2022.02.21-20.00.49:613][  0]LogMeshReduction: Using ProxyLODMeshReduction for automatic mesh merging
[2022.02.21-20.00.49:613][  0]LogMeshReduction: No distributed automatic mesh merging module available
[2022.02.21-20.00.49:614][  0]LogMeshMerging: No distributed automatic mesh merging module available
[2022.02.21-20.00.49:732][  0]LogNetVersion: GAME259_A_URE 1.0.0, NetCL: 17155196, EngineNetVer: 17, GameNetVer: 0 (Checksum: 2250587433)
[2022.02.21-20.00.50:023][  0]LogTexture: Default maximum texture size for cubemaps generated from long-lat sources has been changed from 512 to unlimited. In order to preserve old behaiour for '/Engine/MapTemplates/Sky/DaylightAmbientCubemap.DaylightAmbientCubemap', its maximum texture size has been explicitly set to 512.
[2022.02.21-20.00.50:082][  0]LogHMD: PokeAHoleMaterial loaded successfully
[2022.02.21-20.00.50:180][  0]LogMoviePlayer: Initializing movie player
[2022.02.21-20.00.50:269][  0]LogNiagaraDebuggerClient: Niagara Debugger Client Initialized | Session: EC46396142470EA7D0248E9EF6F70335 | Instance: 753BDE4B4B16E372734B049E02CCC4D1 (OMEN-13784).
[2022.02.21-20.00.50:296][  0]LogCollectionManager: Loaded 0 collections in 0.000886 seconds
[2022.02.21-20.00.50:299][  0]LogFileCache: Scanning file cache for directory 'D:/GitHub/GAME259-2022-A/GAME259_A_URE/Saved/Collections/' took 0.00s
[2022.02.21-20.00.50:300][  0]LogFileCache: Scanning file cache for directory 'D:/GitHub/GAME259-2022-A/GAME259_A_URE/Content/Developers/James/Collections/' took 0.00s
[2022.02.21-20.00.50:301][  0]LogCollectionManager: Fixed up redirectors for 0 collections in 0.000002 seconds (updated 0 objects)
[2022.02.21-20.00.50:385][  0]LogFileCache: Scanning file cache for directory 'D:/GitHub/GAME259-2022-A/GAME259_A_URE/Content/Collections/' took 0.00s
[2022.02.21-20.00.50:385][  0]LogPython: Using Python 3.7.7
[2022.02.21-20.00.50:856][  0]LogSteamShared: Display: Loading Steam SDK 1.51
[2022.02.21-20.00.50:857][  0]LogSteamShared: Steam SDK Loaded!
[2022.02.21-20.00.51:044][  0]SourceControl: Source control is disabled
[2022.02.21-20.00.51:045][  0]SourceControl: Source control is disabled
[2022.02.21-20.00.51:050][  0]LogUProjectInfo: Found projects:
[2022.02.21-20.00.51:052][  0]SourceControl: Source control is disabled
[2022.02.21-20.00.51:119][  0]LogOpenImageDenoise: OIDN starting up
[2022.02.21-20.00.51:153][  0]LogAndroidPermission: UAndroidPermissionCallbackProxy::GetInstance
[2022.02.21-20.00.51:170][  0]LogAudioCaptureCore: Display: No Audio Capture implementations found. Audio input will be silent.
[2022.02.21-20.00.51:170][  0]LogAudioCaptureCore: Display: No Audio Capture implementations found. Audio input will be silent.
[2022.02.21-20.00.51:241][  0]LogOcInput: OculusInput pre-init called
[2022.02.21-20.00.51:250][  0]LogUObjectArray: 23049 objects as part of root set at end of initial load.
[2022.02.21-20.00.51:250][  0]LogUObjectAllocator: 6399616 out of 0 bytes used by permanent object pool.
[2022.02.21-20.00.51:251][  0]LogUObjectArray: CloseDisregardForGC: 0/0 objects in disregard for GC pool
[2022.02.21-20.00.51:293][  0]LogClass: Display: IntProperty FServerInfo::CurrentPlayers is not initialized properly. Module:GAME259_A_URE File:GameInstance_GAME259_A_URE.h
[2022.02.21-20.00.51:294][  0]LogClass: Display: IntProperty FServerInfo::MaxPlayers is not initialized properly. Module:GAME259_A_URE File:GameInstance_GAME259_A_URE.h
[2022.02.21-20.00.51:296][  0]LogClass: Display: IntProperty FServerInfo::ServerArrayIndex is not initialized properly. Module:GAME259_A_URE File:GameInstance_GAME259_A_URE.h
[2022.02.21-20.00.51:297][  0]LogClass: Display: 3 Uninitialized script struct members found including 0 object properties
[2022.02.21-20.00.51:299][  0]LogEngine: Initializing Engine...
[2022.02.21-20.00.51:800][  0]LogHMD: Failed to get an OpenXR system, result is XR_ERROR_FORM_FACTOR_UNAVAILABLE. Please check that your runtime supports VR headsets.
[2022.02.21-20.00.51:800][  0]LogMagicLeap: Warning: VR disabled because ZI is not enabled.  To enable, in the editor, Edit -> Project Settings -> Plugins -> Magic Leap Plugin -> Enable Zero Iteration
[2022.02.21-20.00.51:806][  0]LogStats: UGameplayTagsManager::InitializeManager -  0.000 s
[2022.02.21-20.00.51:910][  0]LogInit: Initializing FReadOnlyCVARCache
[2022.02.21-20.00.51:910][  0]LogAudio: Display: Initializing Audio Device Manager...
[2022.02.21-20.00.51:918][  0]LogAudio: Display: Loading Default Audio Settings Objects...
[2022.02.21-20.00.51:919][  0]LogAudio: Display: No default SoundConcurrencyObject specified (or failed to load).
[2022.02.21-20.00.51:919][  0]LogAudio: Display: Audio Device Manager Initialized
[2022.02.21-20.00.51:919][  0]LogAudio: Display: Creating Audio Device:                 Id: 1, Scope: Shared, Realtime: True
[2022.02.21-20.00.51:921][  0]LogAudioMixer: Display: Audio Mixer Platform Settings:
[2022.02.21-20.00.51:923][  0]LogAudioMixer: Display: 	Sample Rate:						  48000
[2022.02.21-20.00.51:923][  0]LogAudioMixer: Display: 	Callback Buffer Frame Size Requested: 1024
[2022.02.21-20.00.51:923][  0]LogAudioMixer: Display: 	Callback Buffer Frame Size To Use:	  1024
[2022.02.21-20.00.51:923][  0]LogAudioMixer: Display: 	Number of buffers to queue:			  2
[2022.02.21-20.00.51:924][  0]LogAudioMixer: Display: 	Max Channels (voices):				  32
[2022.02.21-20.00.51:924][  0]LogAudioMixer: Display: 	Number of Async Source Workers:		  0
[2022.02.21-20.00.51:924][  0]LogAudio: Display: AudioDevice MaxSources: 32
[2022.02.21-20.00.51:926][  0]LogAudio: Display: Audio Spatialization Plugin: None (built-in).
[2022.02.21-20.00.51:926][  0]LogAudio: Display: Audio Reverb Plugin: None (built-in).
[2022.02.21-20.00.51:926][  0]LogAudio: Display: Audio Occlusion Plugin: None (built-in).
[2022.02.21-20.00.51:927][  0]LogAudioMixer: Display: Initializing audio mixer.
[2022.02.21-20.00.51:951][  0]LogAudioMixer: Display: 0: FrontLeft
[2022.02.21-20.00.51:951][  0]LogAudioMixer: Display: 1: FrontRight
[2022.02.21-20.00.52:003][  0]LogAudioMixer: Display: Using Audio Device Headphones (Arctis 7 Game)
[2022.02.21-20.00.52:010][  0]LogAudioMixer: Display: Initializing Sound Submixes...
[2022.02.21-20.00.52:012][  0]LogAudioMixer: Display: Creating Master Submix 'MasterSubmixDefault'
[2022.02.21-20.00.52:013][  0]LogAudioMixer: Display: Creating Master Submix 'MasterReverbSubmixDefault'
[2022.02.21-20.00.52:015][  0]LogAudioMixer: Display: Creating Master Submix 'MasterEQSubmixDefault'
[2022.02.21-20.00.52:015][  0]LogAudioMixer: FMixerPlatformXAudio2::StartAudioStream() called
[2022.02.21-20.00.52:015][  0]LogAudioMixer: Display: Output buffers initialized: Frames=1024, Channels=2, Samples=2048
[2022.02.21-20.00.52:017][  0]LogAudioMixer: Display: Starting AudioMixerPlatformInterface::RunInternal()
[2022.02.21-20.00.52:017][  0]LogAudioMixer: Display: FMixerPlatformXAudio2::SubmitBuffer() called for the first time
[2022.02.21-20.00.52:017][  0]LogInit: FAudioDevice initialized.
[2022.02.21-20.00.52:019][  0]LogNetVersion: Set ProjectVersion to 1.0.0.0. Version Checksum will be recalculated on next use.
[2022.02.21-20.00.52:086][  0]LogDerivedDataCache: Saved boot cache 0.07s 103MB C:/Users/James/AppData/Local/UnrealEngine/4.27/DerivedDataCache/Boot.ddc.
[2022.02.21-20.00.52:090][  0]LogInit: Texture streaming: Enabled
[2022.02.21-20.00.52:143][  0]LogAudio: Display: Audio Device (ID: 1) registered with world 'Untitled'.
[2022.02.21-20.00.52:144][  0]LogSlate: Updating window title bar state: overlay mode, drag disabled, window buttons hidden, title bar hidden
[2022.02.21-20.00.52:145][  0]LogInit: Display: Game Engine Initialized.
[2022.02.21-20.00.52:146][  0]LogNiagaraEditor: GEditor isn't valid! Particle reset commands will not work for Niagara components!
[2022.02.21-20.00.52:192][  0]LogInit: Display: Starting Game.
[2022.02.21-20.00.52:192][  0]LogNet: Browse: /Game/LobbySystem/Levels/LobbyMainMenu?Name=Player
[2022.02.21-20.00.52:193][  0]LogLoad: LoadMap: /Game/LobbySystem/Levels/LobbyMainMenu?Name=Player
[2022.02.21-20.00.52:195][  0]LogWorld: BeginTearingDown for /Temp/Untitled_0
[2022.02.21-20.00.52:196][  0]LogWorld: UWorld::CleanupWorld for Untitled, bSessionEnded=true, bCleanupResources=true
[2022.02.21-20.00.52:196][  0]LogSlate: InvalidateAllWidgets triggered.  All widgets were invalidated
[2022.02.21-20.00.52:204][  0]LogAudio: Display: Audio Device unregistered from world 'None'.
[2022.02.21-20.00.52:206][  0]LogUObjectHash: Compacting FUObjectHashTables data took   0.74ms
[2022.02.21-20.00.52:232][  0]LogAudio: Display: Audio Device (ID: 1) registered with world 'LobbyMainMenu'.
[2022.02.21-20.00.52:238][  0]LogAIModule: Creating AISystem for world LobbyMainMenu
[2022.02.21-20.00.52:239][  0]LogLoad: Game class is 'BP_LobbyGameMode_C'
[2022.02.21-20.00.52:240][  0]LogWorld: Bringing World /Game/LobbySystem/Levels/LobbyMainMenu.LobbyMainMenu up for play (max tick rate 0) at 2022.02.21-15.00.52
[2022.02.21-20.00.52:240][  0]LogWorld: Bringing up level for play took: 0.000642
[2022.02.21-20.00.52:242][  0]LogGameMode: FindPlayerStart: PATHS NOT DEFINED or NO PLAYERSTART with positive rating
[2022.02.21-20.00.52:247][  0]LogViewport: Display: Viewport MouseLockMode Changed, LockOnCapture -> DoNotLock
[2022.02.21-20.00.52:247][  0]LogViewport: Display: Viewport MouseCaptureMode Changed, CapturePermanently_IncludingInitialMouseDown -> NoCapture
[2022.02.21-20.00.52:248][  0]LogLoad: Took 0.053884 seconds to LoadMap(/Game/LobbySystem/Levels/LobbyMainMenu)
[2022.02.21-20.00.52:484][  0]LogSlate: Took 0.000336 seconds to synchronously load lazily loaded font '../../../Engine/Content/Slate/Fonts/Roboto-Regular.ttf' (155K)
[2022.02.21-20.00.52:596][  0]LogRenderer: Reallocating scene render targets to support 800x900 Format 10 NumSamples 1 (Frame:1).
[2022.02.21-20.00.52:596][  0]LogInit: Display: Engine is initialized. Leaving FEngineLoop::Init()
[2022.02.21-20.00.52:599][  0]LogLoad: (Engine Initialization) Total time: 8.64 seconds
[2022.02.21-20.00.52:599][  0]LogLoad: (Engine Initialization) Total Blueprint compile time: 0.00 seconds
[2022.02.21-20.00.52:602][  0]LogContentStreaming: Texture pool size now 1000 MB
[2022.02.21-20.00.52:606][  0]LogSlate: InvalidateAllWidgets triggered.  All widgets were invalidated
[2022.02.21-20.00.52:693][  1]LogSlate: Took 0.000232 seconds to synchronously load lazily loaded font '../../../Engine/Content/Slate/Fonts/Roboto-Regular.ttf' (155K)
[2022.02.21-20.00.58:726][588]LogTemp: Warning: Create Server Called
[2022.02.21-20.00.58:732][588]LogTemp: Warning: OnCreateSessionComplete, Succeeded: 1
[2022.02.21-20.00.58:733][588]LogGameMode: ProcessServerTravel: /Game/LobbySystem/Levels/Networking_GameTestMap?listen
[2022.02.21-20.00.58:734][588]LogEngine: Server switch level: /Game/LobbySystem/Levels/Networking_GameTestMap?Name=Player?listen
[2022.02.21-20.00.58:734][588]LogNet: Browse: /Game/LobbySystem/Levels/Networking_GameTestMap?Name=Player?listen
[2022.02.21-20.00.58:735][588]LogLoad: LoadMap: /Game/LobbySystem/Levels/Networking_GameTestMap?Name=Player?listen
[2022.02.21-20.00.58:736][588]LogWorld: BeginTearingDown for /Game/LobbySystem/Levels/LobbyMainMenu
[2022.02.21-20.00.58:737][588]LogWorld: UWorld::CleanupWorld for LobbyMainMenu, bSessionEnded=true, bCleanupResources=true
[2022.02.21-20.00.58:737][588]LogSlate: InvalidateAllWidgets triggered.  All widgets were invalidated
[2022.02.21-20.00.58:773][588]LogAudio: Display: Waited 35.106598 ms for audio thread.
[2022.02.21-20.00.58:784][588]LogAudio: Display: Waited 46.491398 ms for audio thread.
[2022.02.21-20.00.58:794][588]LogAudio: Display: Audio Device unregistered from world 'None'.
[2022.02.21-20.00.58:796][588]LogUObjectHash: Compacting FUObjectHashTables data took   0.73ms
[2022.02.21-20.00.58:835][588]LogAudio: Display: Audio Device (ID: 1) registered with world 'Networking_GameTestMap'.
[2022.02.21-20.00.58:836][588]LogAIModule: Creating AISystem for world Networking_GameTestMap
[2022.02.21-20.00.58:838][588]LogLoad: Game class is 'GAME259_A_UREGameMode'
[2022.02.21-20.00.58:838][588]LogNet: ReplicationDriverClass is null! Not using ReplicationDriver.
[2022.02.21-20.00.58:838][588]LogNetCore: DDoS detection status: detection enabled: 0 analytics enabled: 0
[2022.02.21-20.00.58:839][588]LogInit: WinSock: Socket queue. Rx: 131072 (config 131072) Tx: 131072 (config 131072)
[2022.02.21-20.00.58:839][588]LogNet: Created socket for bind address: 0.0.0.0 on port 7777
[2022.02.21-20.00.58:839][588]PacketHandlerLog: Loaded PacketHandler component: Engine.EngineHandlerComponentFactory (StatelessConnectHandlerComponent)
[2022.02.21-20.00.58:840][588]LogNet: GameNetDriver IpNetDriver_0 IpNetDriver listening on port 7777
[2022.02.21-20.00.58:841][588]LogWorld: Bringing World /Game/LobbySystem/Levels/Networking_GameTestMap.Networking_GameTestMap up for play (max tick rate 0) at 2022.02.21-15.00.58
[2022.02.21-20.00.58:842][588]LogWorld: Bringing up level for play took: 0.001273
[2022.02.21-20.00.58:843][588]LogOnlineSession: Warning: OSS: No game present to join for session (GameSession)
[2022.02.21-20.00.58:923][588]LogViewport: Display: Viewport MouseLockMode Changed, DoNotLock -> LockOnCapture
[2022.02.21-20.00.58:923][588]LogViewport: Display: Viewport MouseCaptureMode Changed, NoCapture -> CapturePermanently
[2022.02.21-20.00.58:925][588]LogLoad: Took 0.190653 seconds to LoadMap(/Game/LobbySystem/Levels/Networking_GameTestMap)
[2022.02.21-20.01.09:295][290]LogNet: NotifyAcceptingConnection accepted from: 192.168.56.1:51525
[2022.02.21-20.01.09:295][290]LogHandshake: SendConnectChallenge. Timestamp: 10.571260, Cookie: 132019026073101066077047116044104199140178206193051092060038
[2022.02.21-20.01.09:301][291]LogNet: NotifyAcceptingConnection accepted from: 192.168.56.1:51525
[2022.02.21-20.01.09:301][291]LogHandshake: SendChallengeAck. InCookie: 132019026073101066077047116044104199140178206193051092060038
[2022.02.21-20.01.09:301][291]LogNet: Server accepting post-challenge connection from: 192.168.56.1:51525
[2022.02.21-20.01.09:302][291]PacketHandlerLog: Loaded PacketHandler component: Engine.EngineHandlerComponentFactory (StatelessConnectHandlerComponent)
[2022.02.21-20.01.09:302][291]LogNet: NotifyAcceptedConnection: Name: Networking_GameTestMap, TimeStamp: 02/21/22 15:01:09, [UNetConnection] RemoteAddr: 192.168.56.1:51525, Name: IpConnection_0, Driver: GameNetDriver IpNetDriver_0, IsServer: YES, PC: NULL, Owner: NULL, UniqueId: INVALID
[2022.02.21-20.01.09:302][291]LogNet: AddClientConnection: Added client connection: [UNetConnection] RemoteAddr: 192.168.56.1:51525, Name: IpConnection_0, Driver: GameNetDriver IpNetDriver_0, IsServer: YES, PC: NULL, Owner: NULL, UniqueId: INVALID
[2022.02.21-20.01.09:307][292]LogNet: NotifyAcceptingChannel Control 0 server World /Game/LobbySystem/Levels/Networking_GameTestMap.Networking_GameTestMap: Accepted
[2022.02.21-20.01.09:307][292]LogNet: Remote platform little endian=1
[2022.02.21-20.01.09:308][292]LogNet: This platform little endian=1
[2022.02.21-20.01.09:308][292]LogNetVersion: GAME259_A_URE 1.0.0.0, NetCL: 17155196, EngineNetVer: 17, GameNetVer: 0 (Checksum: 1639948920)
[2022.02.21-20.01.09:314][293]LogNet: Login request: ?Name=OMEN-8B66BD064CAFB786B2523094E9E1840D userId: NULL:OMEN-8B66BD064CAFB786B2523094E9E1840D platform: NULL
[2022.02.21-20.01.09:408][327]LogNet: Client netspeed is 100000
[2022.02.21-20.01.09:408][327]LogNet: Join request: /Game/LobbySystem/Levels/LobbyMainMenu?Name=OMEN-8B66BD064CAFB786B2523094E9E1840D?SplitscreenCount=1
[2022.02.21-20.01.09:409][327]LogOnlineSession: Warning: OSS: No game present to join for session (GameSession)
[2022.02.21-20.01.09:411][327]LogNet: Join succeeded: OMEN-8B66BD064CAFB78
[2022.02.21-20.01.34:984][ 63]LogNet: NotifyAcceptingConnection accepted from: 192.168.56.1:55343
[2022.02.21-20.01.34:984][ 63]LogHandshake: SendConnectChallenge. Timestamp: 36.260071, Cookie: 163133169104054143037152242188170198242059108015106197001033
[2022.02.21-20.01.34:989][ 64]LogNet: NotifyAcceptingConnection accepted from: 192.168.56.1:55343
[2022.02.21-20.01.34:989][ 64]LogHandshake: SendChallengeAck. InCookie: 163133169104054143037152242188170198242059108015106197001033
[2022.02.21-20.01.34:990][ 64]LogNet: Server accepting post-challenge connection from: 192.168.56.1:55343
[2022.02.21-20.01.34:990][ 64]PacketHandlerLog: Loaded PacketHandler component: Engine.EngineHandlerComponentFactory (StatelessConnectHandlerComponent)
[2022.02.21-20.01.34:991][ 64]LogNet: NotifyAcceptedConnection: Name: Networking_GameTestMap, TimeStamp: 02/21/22 15:01:34, [UNetConnection] RemoteAddr: 192.168.56.1:55343, Name: IpConnection_1, Driver: GameNetDriver IpNetDriver_0, IsServer: YES, PC: NULL, Owner: NULL, UniqueId: INVALID
[2022.02.21-20.01.34:991][ 64]LogNet: AddClientConnection: Added client connection: [UNetConnection] RemoteAddr: 192.168.56.1:55343, Name: IpConnection_1, Driver: GameNetDriver IpNetDriver_0, IsServer: YES, PC: NULL, Owner: NULL, UniqueId: INVALID
[2022.02.21-20.01.35:012][ 66]LogNet: NotifyAcceptingChannel Control 0 server World /Game/LobbySystem/Levels/Networking_GameTestMap.Networking_GameTestMap: Accepted
[2022.02.21-20.01.35:012][ 66]LogNet: Remote platform little endian=1
[2022.02.21-20.01.35:015][ 66]LogNet: This platform little endian=1
[2022.02.21-20.01.35:019][ 67]LogNet: Login request: ?Name=OMEN-E97D79BB41A2F8BDC4AA45AE2F5AFEC1 userId: NULL:OMEN-E97D79BB41A2F8BDC4AA45AE2F5AFEC1 platform: NULL
[2022.02.21-20.01.35:103][ 87]LogNet: Client netspeed is 100000
[2022.02.21-20.01.35:103][ 87]LogNet: Join request: /Game/LobbySystem/Levels/LobbyMainMenu?Name=OMEN-E97D79BB41A2F8BDC4AA45AE2F5AFEC1?SplitscreenCount=1
[2022.02.21-20.01.35:106][ 87]LogOnlineSession: Warning: OSS: No game present to join for session (GameSession)
[2022.02.21-20.01.35:108][ 87]LogNet: Join succeeded: OMEN-E97D79BB41A2F8B
[2022.02.21-20.02.02:488][170]LogNet: NotifyAcceptingConnection accepted from: 192.168.56.1:52606
[2022.02.21-20.02.02:488][170]LogHandshake: SendConnectChallenge. Timestamp: 63.764292, Cookie: 247008222009152000245017158223154057075039242025041157155050
[2022.02.21-20.02.02:494][171]LogNet: NotifyAcceptingConnection accepted from: 192.168.56.1:52606
[2022.02.21-20.02.02:495][171]LogHandshake: SendChallengeAck. InCookie: 247008222009152000245017158223154057075039242025041157155050
[2022.02.21-20.02.02:495][171]LogNet: Server accepting post-challenge connection from: 192.168.56.1:52606
[2022.02.21-20.02.02:496][171]PacketHandlerLog: Loaded PacketHandler component: Engine.EngineHandlerComponentFactory (StatelessConnectHandlerComponent)
[2022.02.21-20.02.02:497][171]LogNet: NotifyAcceptedConnection: Name: Networking_GameTestMap, TimeStamp: 02/21/22 15:02:02, [UNetConnection] RemoteAddr: 192.168.56.1:52606, Name: IpConnection_2, Driver: GameNetDriver IpNetDriver_0, IsServer: YES, PC: NULL, Owner: NULL, UniqueId: INVALID
[2022.02.21-20.02.02:497][171]LogNet: AddClientConnection: Added client connection: [UNetConnection] RemoteAddr: 192.168.56.1:52606, Name: IpConnection_2, Driver: GameNetDriver IpNetDriver_0, IsServer: YES, PC: NULL, Owner: NULL, UniqueId: INVALID
[2022.02.21-20.02.02:498][171]LogNet: NotifyAcceptingChannel Control 0 server World /Game/LobbySystem/Levels/Networking_GameTestMap.Networking_GameTestMap: Accepted
[2022.02.21-20.02.02:502][171]LogNet: Remote platform little endian=1
[2022.02.21-20.02.02:502][171]LogNet: This platform little endian=1
[2022.02.21-20.02.02:529][173]LogNet: Login request: ?Name=OMEN-E2D83143409C6BFF004F7AA1BDC815D0 userId: NULL:OMEN-E2D83143409C6BFF004F7AA1BDC815D0 platform: NULL
[2022.02.21-20.02.02:646][187]LogNet: Client netspeed is 100000
[2022.02.21-20.02.02:646][187]LogNet: Join request: /Game/LobbySystem/Levels/LobbyMainMenu?Name=OMEN-E2D83143409C6BFF004F7AA1BDC815D0?SplitscreenCount=1
[2022.02.21-20.02.02:650][187]LogOnlineSession: Warning: OSS: No game present to join for session (GameSession)
[2022.02.21-20.02.02:693][187]LogNet: Join succeeded: OMEN-E2D83143409C6BF
[2022.02.21-20.02.07:248][430]LogNet: NotifyAcceptingConnection accepted from: 192.168.56.1:51210
[2022.02.21-20.02.07:248][430]LogHandshake: SendConnectChallenge. Timestamp: 68.524054, Cookie: 173028110023133092129164014144229251143238193141210182022050
[2022.02.21-20.02.07:256][431]LogNet: NotifyAcceptingConnection accepted from: 192.168.56.1:51210
[2022.02.21-20.02.07:257][431]LogHandshake: SendChallengeAck. InCookie: 173028110023133092129164014144229251143238193141210182022050
[2022.02.21-20.02.07:257][431]LogNet: Server accepting post-challenge connection from: 192.168.56.1:51210
[2022.02.21-20.02.07:258][431]PacketHandlerLog: Loaded PacketHandler component: Engine.EngineHandlerComponentFactory (StatelessConnectHandlerComponent)
[2022.02.21-20.02.07:260][431]LogNet: NotifyAcceptedConnection: Name: Networking_GameTestMap, TimeStamp: 02/21/22 15:02:07, [UNetConnection] RemoteAddr: 192.168.56.1:51210, Name: IpConnection_3, Driver: GameNetDriver IpNetDriver_0, IsServer: YES, PC: NULL, Owner: NULL, UniqueId: INVALID
[2022.02.21-20.02.07:261][431]LogNet: AddClientConnection: Added client connection: [UNetConnection] RemoteAddr: 192.168.56.1:51210, Name: IpConnection_3, Driver: GameNetDriver IpNetDriver_0, IsServer: YES, PC: NULL, Owner: NULL, UniqueId: INVALID
[2022.02.21-20.02.07:262][431]LogNet: NotifyAcceptingChannel Control 0 server World /Game/LobbySystem/Levels/Networking_GameTestMap.Networking_GameTestMap: Accepted
[2022.02.21-20.02.07:263][431]LogNet: Remote platform little endian=1
[2022.02.21-20.02.07:264][431]LogNet: This platform little endian=1
[2022.02.21-20.02.07:296][432]LogNet: Login request: ?Name=OMEN-2A4586A04A374D72D03B22B3F4E0C27D userId: NULL:OMEN-2A4586A04A374D72D03B22B3F4E0C27D platform: NULL
[2022.02.21-20.02.07:432][447]LogNet: Client netspeed is 100000
[2022.02.21-20.02.07:432][447]LogNet: Join request: /Game/LobbySystem/Levels/LobbyMainMenu?Name=OMEN-2A4586A04A374D72D03B22B3F4E0C27D?SplitscreenCount=1
[2022.02.21-20.02.07:438][447]LogOnlineSession: Warning: OSS: No game present to join for session (GameSession)
[2022.02.21-20.02.07:441][447]LogNet: Join succeeded: OMEN-2A4586A04A374D7
[2022.02.21-20.02.54:576][865]LogNet: NotifyAcceptingConnection accepted from: 192.168.56.1:61924
[2022.02.21-20.02.54:576][865]LogHandshake: SendConnectChallenge. Timestamp: 115.851499, Cookie: 187141113131073180016108036255250239051020014027229230209192
[2022.02.21-20.02.54:641][868]LogNet: NotifyAcceptingConnection accepted from: 192.168.56.1:61924
[2022.02.21-20.02.54:642][868]LogHandshake: SendChallengeAck. InCookie: 187141113131073180016108036255250239051020014027229230209192
[2022.02.21-20.02.54:644][868]LogNet: Server accepting post-challenge connection from: 192.168.56.1:61924
[2022.02.21-20.02.54:645][868]PacketHandlerLog: Loaded PacketHandler component: Engine.EngineHandlerComponentFactory (StatelessConnectHandlerComponent)
[2022.02.21-20.02.54:645][868]LogNet: NotifyAcceptedConnection: Name: Networking_GameTestMap, TimeStamp: 02/21/22 15:02:54, [UNetConnection] RemoteAddr: 192.168.56.1:61924, Name: IpConnection_4, Driver: GameNetDriver IpNetDriver_0, IsServer: YES, PC: NULL, Owner: NULL, UniqueId: INVALID
[2022.02.21-20.02.54:646][868]LogNet: AddClientConnection: Added client connection: [UNetConnection] RemoteAddr: 192.168.56.1:61924, Name: IpConnection_4, Driver: GameNetDriver IpNetDriver_0, IsServer: YES, PC: NULL, Owner: NULL, UniqueId: INVALID
[2022.02.21-20.02.54:715][870]LogNet: NotifyAcceptingChannel Control 0 server World /Game/LobbySystem/Levels/Networking_GameTestMap.Networking_GameTestMap: Accepted
[2022.02.21-20.02.54:716][870]LogNet: Remote platform little endian=1
[2022.02.21-20.02.54:718][870]LogNet: This platform little endian=1
[2022.02.21-20.02.54:816][872]LogNet: Login request: ?Name=OMEN-1DAC401A446FC6D213C14C9E6CD580F1 userId: NULL:OMEN-1DAC401A446FC6D213C14C9E6CD580F1 platform: NULL
[2022.02.21-20.02.54:826][873]LogNet: Client netspeed is 100000
[2022.02.21-20.02.55:234][890]LogNet: Join request: /Game/LobbySystem/Levels/LobbyMainMenu?Name=OMEN-1DAC401A446FC6D213C14C9E6CD580F1?SplitscreenCount=1
[2022.02.21-20.02.55:235][890]LogOnlineSession: Warning: OSS: No game present to join for session (GameSession)
[2022.02.21-20.02.55:239][890]LogNet: Join succeeded: OMEN-1DAC401A446FC6D
[2022.02.21-20.02.55:575][907]LogNet: NotifyAcceptingConnection accepted from: 192.168.56.1:52592
[2022.02.21-20.02.55:575][907]LogHandshake: SendConnectChallenge. Timestamp: 116.851043, Cookie: 194082112168245083054230077065225143160232118212073153090108
[2022.02.21-20.02.55:583][908]LogNet: NotifyAcceptingConnection accepted from: 192.168.56.1:52592
[2022.02.21-20.02.55:585][908]LogHandshake: SendChallengeAck. InCookie: 194082112168245083054230077065225143160232118212073153090108
[2022.02.21-20.02.55:587][908]LogNet: Server accepting post-challenge connection from: 192.168.56.1:52592
[2022.02.21-20.02.55:588][908]PacketHandlerLog: Loaded PacketHandler component: Engine.EngineHandlerComponentFactory (StatelessConnectHandlerComponent)
[2022.02.21-20.02.55:588][908]LogNet: NotifyAcceptedConnection: Name: Networking_GameTestMap, TimeStamp: 02/21/22 15:02:55, [UNetConnection] RemoteAddr: 192.168.56.1:52592, Name: IpConnection_5, Driver: GameNetDriver IpNetDriver_0, IsServer: YES, PC: NULL, Owner: NULL, UniqueId: INVALID
[2022.02.21-20.02.55:589][908]LogNet: AddClientConnection: Added client connection: [UNetConnection] RemoteAddr: 192.168.56.1:52592, Name: IpConnection_5, Driver: GameNetDriver IpNetDriver_0, IsServer: YES, PC: NULL, Owner: NULL, UniqueId: INVALID
[2022.02.21-20.02.55:610][909]LogNet: NotifyAcceptingChannel Control 0 server World /Game/LobbySystem/Levels/Networking_GameTestMap.Networking_GameTestMap: Accepted
[2022.02.21-20.02.55:611][909]LogNet: Remote platform little endian=1
[2022.02.21-20.02.55:613][909]LogNet: This platform little endian=1
[2022.02.21-20.02.55:639][910]LogNet: Login request: ?Name=OMEN-0F70737E4206F36F211B5F8B0E629322 userId: NULL:OMEN-0F70737E4206F36F211B5F8B0E629322 platform: NULL
[2022.02.21-20.02.55:784][919]LogNet: Client netspeed is 100000
[2022.02.21-20.02.55:787][919]LogNet: Join request: /Game/LobbySystem/Levels/LobbyMainMenu?Name=OMEN-0F70737E4206F36F211B5F8B0E629322?SplitscreenCount=1
[2022.02.21-20.02.55:789][919]LogOnlineSession: Warning: OSS: No game present to join for session (GameSession)
[2022.02.21-20.02.55:819][919]LogNet: Join succeeded: OMEN-0F70737E4206F36
[2022.02.21-20.03.08:073][871]LogNet: UNetConnection::Cleanup: Closing open connection. [UNetConnection] RemoteAddr: 192.168.56.1:52606, Name: IpConnection_2, Driver: GameNetDriver IpNetDriver_0, IsServer: YES, PC: PlayerController_3, Owner: PlayerController_3, UniqueId: NULL:OMEN-E2D83143409C6BFF004F7AA1BDC815D0
[2022.02.21-20.03.08:074][871]LogNet: UNetConnection::Close: [UNetConnection] RemoteAddr: 192.168.56.1:52606, Name: IpConnection_2, Driver: GameNetDriver IpNetDriver_0, IsServer: YES, PC: PlayerController_3, Owner: PlayerController_3, UniqueId: NULL:OMEN-E2D83143409C6BFF004F7AA1BDC815D0, Channels: 21, Time: 2022.02.21-20.03.08
[2022.02.21-20.03.08:075][871]LogNet: UChannel::Close: Sending CloseBunch. ChIndex == 0. Name: [UChannel] ChIndex: 0, Closing: 0 [UNetConnection] RemoteAddr: 192.168.56.1:52606, Name: IpConnection_2, Driver: GameNetDriver IpNetDriver_0, IsServer: YES, PC: PlayerController_3, Owner: PlayerController_3, UniqueId: NULL:OMEN-E2D83143409C6BFF004F7AA1BDC815D0
[2022.02.21-20.03.08:140][871]LogOnlineSession: Warning: OSS: No game present to leave for session (GameSession)
[2022.02.21-20.03.08:486][907]LogNet: UNetConnection::Cleanup: Closing open connection. [UNetConnection] RemoteAddr: 192.168.56.1:51210, Name: IpConnection_3, Driver: GameNetDriver IpNetDriver_0, IsServer: YES, PC: PlayerController_4, Owner: PlayerController_4, UniqueId: NULL:OMEN-2A4586A04A374D72D03B22B3F4E0C27D
[2022.02.21-20.03.08:486][907]LogNet: UNetConnection::Close: [UNetConnection] RemoteAddr: 192.168.56.1:51210, Name: IpConnection_3, Driver: GameNetDriver IpNetDriver_0, IsServer: YES, PC: PlayerController_4, Owner: PlayerController_4, UniqueId: NULL:OMEN-2A4586A04A374D72D03B22B3F4E0C27D, Channels: 21, Time: 2022.02.21-20.03.08
[2022.02.21-20.03.08:488][907]LogNet: UChannel::Close: Sending CloseBunch. ChIndex == 0. Name: [UChannel] ChIndex: 0, Closing: 0 [UNetConnection] RemoteAddr: 192.168.56.1:51210, Name: IpConnection_3, Driver: GameNetDriver IpNetDriver_0, IsServer: YES, PC: PlayerController_4, Owner: PlayerController_4, UniqueId: NULL:OMEN-2A4586A04A374D72D03B22B3F4E0C27D
[2022.02.21-20.03.08:489][907]LogOnlineSession: Warning: OSS: No game present to leave for session (GameSession)
[2022.02.21-20.03.16:376][ 68]LogNet: UNetConnection::Cleanup: Closing open connection. [UNetConnection] RemoteAddr: 192.168.56.1:61924, Name: IpConnection_4, Driver: GameNetDriver IpNetDriver_0, IsServer: YES, PC: PlayerController_5, Owner: PlayerController_5, UniqueId: NULL:OMEN-1DAC401A446FC6D213C14C9E6CD580F1
[2022.02.21-20.03.16:376][ 68]LogNet: UNetConnection::Close: [UNetConnection] RemoteAddr: 192.168.56.1:61924, Name: IpConnection_4, Driver: GameNetDriver IpNetDriver_0, IsServer: YES, PC: PlayerController_5, Owner: PlayerController_5, UniqueId: NULL:OMEN-1DAC401A446FC6D213C14C9E6CD580F1, Channels: 17, Time: 2022.02.21-20.03.16
[2022.02.21-20.03.16:378][ 68]LogNet: UChannel::Close: Sending CloseBunch. ChIndex == 0. Name: [UChannel] ChIndex: 0, Closing: 0 [UNetConnection] RemoteAddr: 192.168.56.1:61924, Name: IpConnection_4, Driver: GameNetDriver IpNetDriver_0, IsServer: YES, PC: PlayerController_5, Owner: PlayerController_5, UniqueId: NULL:OMEN-1DAC401A446FC6D213C14C9E6CD580F1
[2022.02.21-20.03.16:379][ 68]LogOnlineSession: Warning: OSS: No game present to leave for session (GameSession)
[2022.02.21-20.03.18:789][437]LogNet: UNetConnection::Cleanup: Closing open connection. [UNetConnection] RemoteAddr: 192.168.56.1:52592, Name: IpConnection_5, Driver: GameNetDriver IpNetDriver_0, IsServer: YES, PC: PlayerController_6, Owner: PlayerController_6, UniqueId: NULL:OMEN-0F70737E4206F36F211B5F8B0E629322
[2022.02.21-20.03.18:789][437]LogNet: UNetConnection::Close: [UNetConnection] RemoteAddr: 192.168.56.1:52592, Name: IpConnection_5, Driver: GameNetDriver IpNetDriver_0, IsServer: YES, PC: PlayerController_6, Owner: PlayerController_6, UniqueId: NULL:OMEN-0F70737E4206F36F211B5F8B0E629322, Channels: 15, Time: 2022.02.21-20.03.18
[2022.02.21-20.03.18:792][437]LogNet: UChannel::Close: Sending CloseBunch. ChIndex == 0. Name: [UChannel] ChIndex: 0, Closing: 0 [UNetConnection] RemoteAddr: 192.168.56.1:52592, Name: IpConnection_5, Driver: GameNetDriver IpNetDriver_0, IsServer: YES, PC: PlayerController_6, Owner: PlayerController_6, UniqueId: NULL:OMEN-0F70737E4206F36F211B5F8B0E629322
[2022.02.21-20.03.18:793][437]LogOnlineSession: Warning: OSS: No game present to leave for session (GameSession)
