Log file open, 02/28/22 20:45:46
LogWindows: Failed to load 'aqProf.dll' (GetLastError=126)
LogWindows: File 'aqProf.dll' does not exist
LogWindows: Failed to load 'VtuneApi.dll' (GetLastError=126)
LogWindows: File 'VtuneApi.dll' does not exist
LogWindows: Failed to load 'VtuneApi32e.dll' (GetLastError=126)
LogWindows: File 'VtuneApi32e.dll' does not exist
LogConsoleResponse: Display: Failed to find resolution value strings in scalability ini. Falling back to default.
LogConsoleResponse: Display: Failed to find resolution value strings in scalability ini. Falling back to default.
LogInit: Display: Running engine for game: GAME259_A_URE
LogPlatformFile: Not using cached read wrapper
LogTaskGraph: Started task graph with 5 named threads and 47 total threads with 3 sets of task threads.
LogStats: Stats thread started at 0.180789
LogICUInternationalization: ICU TimeZone Detection - Raw Offset: -5:00, Platform Override: ''
LogInit: Display: Loading text-based GConfig....
LogPluginManager: Mounting plugin MeshPainting
LogPluginManager: Mounting plugin XGEController
LogPluginManager: Mounting plugin AISupport
LogPluginManager: Mounting plugin Paper2D
LogPluginManager: Mounting plugin EnvironmentQueryEditor
LogPluginManager: Mounting plugin LiveLink
LogPluginManager: Mounting plugin OodleData
LogPluginManager: Mounting plugin AnimationSharing
LogPluginManager: Mounting plugin CameraShakePreviewer
LogPluginManager: Mounting plugin GameplayCameras
LogPluginManager: Mounting plugin OodleNetwork
LogPluginManager: Mounting plugin KDevelopSourceCodeAccess
LogPluginManager: Mounting plugin GitSourceControl
LogPluginManager: Mounting plugin PixWinPlugin
LogPluginManager: Mounting plugin PropertyAccessNode
LogPluginManager: Mounting plugin CLionSourceCodeAccess
LogPluginManager: Mounting plugin SubversionSourceControl
LogPluginManager: Mounting plugin NullSourceCodeAccess
LogPluginManager: Mounting plugin PlasticSourceControl
LogPluginManager: Mounting plugin UObjectPlugin
LogPluginManager: Mounting plugin PerforceSourceControl
LogPluginManager: Mounting plugin PluginUtils
LogPluginManager: Mounting plugin VisualStudioCodeSourceCodeAccess
LogPluginManager: Mounting plugin RiderSourceCodeAccess
LogPluginManager: Mounting plugin VisualStudioSourceCodeAccess
LogPluginManager: Mounting plugin CodeLiteSourceCodeAccess
LogPluginManager: Mounting plugin XCodeSourceCodeAccess
LogPluginManager: Mounting plugin DatasmithContent
LogPluginManager: Mounting plugin TextureFormatOodle
LogPluginManager: Mounting plugin VariantManagerContent
LogPluginManager: Mounting plugin AssetManagerEditor
LogPluginManager: Mounting plugin CryptoKeys
LogPluginManager: Mounting plugin DataValidation
LogPluginManager: Mounting plugin GameplayTagsEditor
LogPluginManager: Mounting plugin CurveEditorTools
LogPluginManager: Mounting plugin FacialAnimation
LogPluginManager: Mounting plugin MacGraphicsSwitching
LogPluginManager: Mounting plugin GeometryMode
LogPluginManager: Mounting plugin MaterialAnalyzer
LogPluginManager: Mounting plugin MobileLauncherProfileWizard
LogPluginManager: Mounting plugin PluginBrowser
LogPluginManager: Mounting plugin Niagara
LogPluginManager: Mounting plugin SpeedTreeImporter
LogPluginManager: Mounting plugin AlembicImporter
LogPluginManager: Mounting plugin LuminPlatformFeatures
LogPluginManager: Mounting plugin AutomationUtils
LogPluginManager: Mounting plugin BackChannel
LogPluginManager: Mounting plugin AndroidMedia
LogPluginManager: Mounting plugin MagicLeap
LogPluginManager: Mounting plugin ChaosCloth
LogPluginManager: Mounting plugin ChaosEditor
LogPluginManager: Mounting plugin MagicLeapLightEstimation
LogPluginManager: Mounting plugin ChaosNiagara
LogPluginManager: Mounting plugin ChaosClothEditor
LogPluginManager: Mounting plugin AvfMedia
LogPluginManager: Mounting plugin ChaosSolverPlugin
LogPluginManager: Mounting plugin MagicLeapMedia
LogPluginManager: Mounting plugin CharacterAI
LogPluginManager: Mounting plugin MagicLeapPassableWorld
LogPluginManager: Mounting plugin GeometryCache
LogPluginManager: Mounting plugin MLSDK
LogPluginManager: Mounting plugin GeometryCollectionPlugin
LogPluginManager: Mounting plugin ImgMedia
LogPluginManager: Mounting plugin MediaCompositing
LogPluginManager: Mounting plugin MediaPlayerEditor
LogPluginManager: Mounting plugin WebMMedia
LogPluginManager: Mounting plugin WmfMedia
LogPluginManager: Mounting plugin GeometryProcessing
LogPluginManager: Mounting plugin MotoSynth
LogPluginManager: Mounting plugin OpenImageDenoise
LogPluginManager: Mounting plugin PlanarCut
LogPluginManager: Mounting plugin PlatformCrypto
LogPluginManager: Mounting plugin ProxyLODPlugin
LogPluginManager: Mounting plugin PythonScriptPlugin
LogPluginManager: Mounting plugin SkeletalReduction
LogPluginManager: Mounting plugin TcpMessaging
LogPluginManager: Mounting plugin UdpMessaging
LogPluginManager: Mounting plugin ActorSequence
LogPluginManager: Mounting plugin LevelSequenceEditor
LogPluginManager: Mounting plugin MatineeToLevelSequence
LogPluginManager: Mounting plugin ActorLayerUtilities
LogPluginManager: Mounting plugin TemplateSequence
LogPluginManager: Mounting plugin LauncherChunkInstaller
LogPluginManager: Mounting plugin AndroidDeviceProfileSelector
LogPluginManager: Mounting plugin AndroidMoviePlayer
LogPluginManager: Mounting plugin AndroidPermission
LogPluginManager: Mounting plugin AppleImageUtils
LogPluginManager: Mounting plugin AssetTags
LogPluginManager: Mounting plugin AudioCapture
LogPluginManager: Mounting plugin AppleMoviePlayer
LogPluginManager: Mounting plugin ArchVisCharacter
LogPluginManager: Mounting plugin AudioSynesthesia
LogPluginManager: Mounting plugin CableComponent
LogPluginManager: Mounting plugin ChunkDownloader
LogPluginManager: Mounting plugin CustomMeshComponent
LogPluginManager: Mounting plugin EditableMesh
LogPluginManager: Mounting plugin ExampleDeviceProfileSelector
LogPluginManager: Mounting plugin GoogleCloudMessaging
LogPluginManager: Mounting plugin GooglePAD
LogPluginManager: Mounting plugin EOSShared
LogPluginManager: Mounting plugin OnlineSubsystem
LogPluginManager: Mounting plugin OnlineSubsystemNull
LogPluginManager: Mounting plugin OnlineSubsystemSteam
LogPluginManager: Mounting plugin OnlineSubsystemUtils
LogPluginManager: Mounting plugin IOSDeviceProfileSelector
LogPluginManager: Mounting plugin LinuxDeviceProfileSelector
LogPluginManager: Mounting plugin LocationServicesBPLibrary
LogPluginManager: Mounting plugin MobilePatchingUtils
LogPluginManager: Mounting plugin ScreenshotTools
LogPluginManager: Mounting plugin OpenXREyeTracker
LogPluginManager: Mounting plugin OpenXR
LogPluginManager: Mounting plugin OpenXRHandTracking
LogPluginManager: Mounting plugin PhysXVehicles
LogPluginManager: Mounting plugin PostSplashScreen
LogPluginManager: Mounting plugin ProceduralMeshComponent
LogPluginManager: Mounting plugin PropertyAccessEditor
LogPluginManager: Mounting plugin Takes
LogPluginManager: Mounting plugin SignificanceManager
LogPluginManager: Mounting plugin RuntimePhysXCooking
LogPluginManager: Mounting plugin SoundFields
LogPluginManager: Mounting plugin Synthesis
LogPluginManager: Mounting plugin WindowsMoviePlayer
LogPluginManager: Mounting plugin LightPropagationVolume
LogPluginManager: Mounting plugin WebMMoviePlayer
LogPluginManager: Mounting plugin ContentBrowserAssetDataSource
LogPluginManager: Mounting plugin ContentBrowserClassDataSource
LogPluginManager: Mounting plugin ContentBrowserFileDataSource
LogPluginManager: Mounting plugin OnlineSubsystemGooglePlay
LogPluginManager: Mounting plugin OnlineSubsystemIOS
LogPluginManager: Mounting plugin EOSVoiceChat
LogPluginManager: Mounting plugin OculusVR
LogPluginManager: Mounting plugin SteamShared
PixWinPlugin: PIX capture plugin failed to initialize! Check that the process is launched from PIX.
LogInit: Using libcurl 7.55.1-DEV
LogInit:  - built for x86_64-pc-win32
LogInit:  - supports SSL with OpenSSL/1.1.1
LogInit:  - supports HTTP deflate (compression) using libz 1.2.8
LogInit:  - other features:
LogInit:      CURL_VERSION_SSL
LogInit:      CURL_VERSION_LIBZ
LogInit:      CURL_VERSION_IPV6
LogInit:      CURL_VERSION_ASYNCHDNS
LogInit:      CURL_VERSION_LARGEFILE
LogInit:      CURL_VERSION_IDN
LogInit:  CurlRequestOptions (configurable via config and command line):
LogInit:  - bVerifyPeer = true  - Libcurl will verify peer certificate
LogInit:  - bUseHttpProxy = false  - Libcurl will NOT use HTTP proxy
LogInit:  - bDontReuseConnections = false  - Libcurl will reuse connections
LogInit:  - MaxHostConnections = 16  - Libcurl will limit the number of connections to a host
LogInit:  - LocalHostAddr = Default
LogInit:  - BufferSize = 65536
LogOnline: OSS: Creating online subsystem instance for: NULL
LogInit: WinSock: version 1.1 (2.2), MaxSocks=32767, MaxUdp=65467
LogOnline: OSS: TryLoadSubsystemAndSetDefault: Loaded subsystem for module [NULL]
LogOculusPluginWrapper: OculusPlugin initialized successfully
LogHMD: Failed initializing OVRPlugin 1.59.0
LogInit: Build: ++UE4+Release-4.27-CL-18319896
LogInit: Engine Version: 4.27.2-18319896+++UE4+Release-4.27
LogInit: Compatible Engine Version: 4.27.0-17155196+++UE4+Release-4.27
LogInit: Net CL: 17155196
LogInit: OS: Windows 10 (Release 2009) (), CPU: Intel(R) Core(TM) i7-10700K CPU @ 3.80GHz, GPU: NVIDIA GeForce RTX 2070 SUPER
LogInit: Compiled (64-bit): Nov 30 2021 07:12:08
LogInit: Compiled with Visual C++: 19.24.28315.00
LogInit: Build Configuration: Development
LogInit: Branch Name: ++UE4+Release-4.27
LogInit: Command Line:  /Game/UI/Maps/L_MainMenu -game -PIEVIACONSOLE -Multiprocess GameUserSettingsINI=D:/GitHub/GAME259-2022-A/GAME259_A_URE/Saved/Config/Windows/PIEGameUserSettings0.ini -MultiprocessSaveConfig -forcepassthrough -messaging -SessionName="Play in Standalone Game" -windowed -WinX=320 -WinY=184 SAVEWINPOS=1 -ResX=1270 -ResY=686
LogInit: Base Directory: D:/Unreal Engine/UE_4.27/Engine/Binaries/Win64/
LogInit: Allocator: TBB
LogInit: Installed Engine Build: 1
LogDevObjectVersion: Number of dev versions registered: 29
LogDevObjectVersion:   Dev-Blueprints (B0D832E4-1F89-4F0D-ACCF-7EB736FD4AA2): 10
LogDevObjectVersion:   Dev-Build (E1C64328-A22C-4D53-A36C-8E866417BD8C): 0
LogDevObjectVersion:   Dev-Core (375EC13C-06E4-48FB-B500-84F0262A717E): 4
LogDevObjectVersion:   Dev-Editor (E4B068ED-F494-42E9-A231-DA0B2E46BB41): 40
LogDevObjectVersion:   Dev-Framework (CFFC743F-43B0-4480-9391-14DF171D2073): 37
LogDevObjectVersion:   Dev-Mobile (B02B49B5-BB20-44E9-A304-32B752E40360): 3
LogDevObjectVersion:   Dev-Networking (A4E4105C-59A1-49B5-A7C5-40C4547EDFEE): 0
LogDevObjectVersion:   Dev-Online (39C831C9-5AE6-47DC-9A44-9C173E1C8E7C): 0
LogDevObjectVersion:   Dev-Physics (78F01B33-EBEA-4F98-B9B4-84EACCB95AA2): 14
LogDevObjectVersion:   Dev-Platform (6631380F-2D4D-43E0-8009-CF276956A95A): 0
LogDevObjectVersion:   Dev-Rendering (12F88B9F-8875-4AFC-A67C-D90C383ABD29): 45
LogDevObjectVersion:   Dev-Sequencer (7B5AE74C-D270-4C10-A958-57980B212A5A): 13
LogDevObjectVersion:   Dev-VR (D7296918-1DD6-4BDD-9DE2-64A83CC13884): 3
LogDevObjectVersion:   Dev-LoadTimes (C2A15278-BFE7-4AFE-6C17-90FF531DF755): 1
LogDevObjectVersion:   Private-Geometry (6EACA3D4-40EC-4CC1-B786-8BED09428FC5): 3
LogDevObjectVersion:   Dev-AnimPhys (29E575DD-E0A3-4627-9D10-D276232CDCEA): 17
LogDevObjectVersion:   Dev-Anim (AF43A65D-7FD3-4947-9873-3E8ED9C1BB05): 15
LogDevObjectVersion:   Dev-ReflectionCapture (6B266CEC-1EC7-4B8F-A30B-E4D90942FC07): 1
LogDevObjectVersion:   Dev-Automation (0DF73D61-A23F-47EA-B727-89E90C41499A): 1
LogDevObjectVersion:   FortniteMain (601D1886-AC64-4F84-AA16-D3DE0DEAC7D6): 47
LogDevObjectVersion:   FortniteRelease (E7086368-6B23-4C58-8439-1B7016265E91): 1
LogDevObjectVersion:   Dev-Enterprise (9DFFBCD6-494F-0158-E221-12823C92A888): 10
LogDevObjectVersion:   Dev-Niagara (F2AED0AC-9AFE-416F-8664-AA7FFA26D6FC): 1
LogDevObjectVersion:   Dev-Destruction (174F1F0B-B4C6-45A5-B13F-2EE8D0FB917D): 10
LogDevObjectVersion:   Dev-Physics-Ext (35F94A83-E258-406C-A318-09F59610247C): 41
LogDevObjectVersion:   Dev-PhysicsMaterial-Chaos (B68FC16E-8B1B-42E2-B453-215C058844FE): 1
LogDevObjectVersion:   Dev-CineCamera (B2E18506-4273-CFC2-A54E-F4BB758BBA07): 1
LogDevObjectVersion:   Dev-VirtualProduction (64F58936-FD1B-42BA-BA96-7289D5D0FA4E): 1
LogDevObjectVersion:   Dev-MediaFramework (6F0ED827-A609-4895-9C91-998D90180EA4): 2
LogInit: Presizing for max 25165824 objects, including 0 objects not considered by GC, pre-allocating 0 bytes for permanent pool.
LogConfig: Applying CVar settings from Section [/Script/Engine.StreamingSettings] File [D:/GitHub/GAME259-2022-A/GAME259_A_URE/Saved/Config/Windows/Engine.ini]
LogConfig: Setting CVar [[s.MinBulkDataSizeForAsyncLoading:131072]]
LogConfig: Setting CVar [[s.AsyncLoadingThreadEnabled:0]]
LogConfig: Setting CVar [[s.EventDrivenLoaderEnabled:1]]
LogConfig: Setting CVar [[s.WarnIfTimeLimitExceeded:0]]
LogConfig: Setting CVar [[s.TimeLimitExceededMultiplier:1.5]]
LogConfig: Setting CVar [[s.TimeLimitExceededMinTime:0.005]]
LogConfig: Setting CVar [[s.UseBackgroundLevelStreaming:1]]
LogConfig: Setting CVar [[s.PriorityAsyncLoadingExtraTime:15.0]]
LogConfig: Setting CVar [[s.LevelStreamingActorsUpdateTimeLimit:5.0]]
LogConfig: Setting CVar [[s.PriorityLevelStreamingActorsUpdateExtraTime:5.0]]
LogConfig: Setting CVar [[s.LevelStreamingComponentsRegistrationGranularity:10]]
LogConfig: Setting CVar [[s.UnregisterComponentsTimeLimit:1.0]]
LogConfig: Setting CVar [[s.LevelStreamingComponentsUnregistrationGranularity:5]]
LogConfig: Setting CVar [[s.FlushStreamingOnExit:1]]
LogInit: Object subsystem initialized
LogConfig: Setting CVar [[con.DebugEarlyDefault:1]]
LogConfig: Setting CVar [[r.setres:1280x720]]
[2022.03.01-01.45.46:720][  0]LogConfig: Setting CVar [[con.DebugEarlyDefault:1]]
[2022.03.01-01.45.46:720][  0]LogConfig: Setting CVar [[r.setres:1280x720]]
[2022.03.01-01.45.46:720][  0]LogConfig: Applying CVar settings from Section [/Script/Engine.RendererSettings] File [D:/GitHub/GAME259-2022-A/GAME259_A_URE/Saved/Config/Windows/Engine.ini]
[2022.03.01-01.45.46:720][  0]LogConfig: Setting CVar [[r.GPUCrashDebugging:0]]
[2022.03.01-01.45.46:720][  0]LogConfig: Applying CVar settings from Section [/Script/Engine.RendererOverrideSettings] File [D:/GitHub/GAME259-2022-A/GAME259_A_URE/Saved/Config/Windows/Engine.ini]
[2022.03.01-01.45.46:720][  0]LogConfig: Applying CVar settings from Section [/Script/Engine.StreamingSettings] File [D:/GitHub/GAME259-2022-A/GAME259_A_URE/Saved/Config/Windows/Engine.ini]
[2022.03.01-01.45.46:720][  0]LogConfig: Setting CVar [[s.MinBulkDataSizeForAsyncLoading:131072]]
[2022.03.01-01.45.46:720][  0]LogConfig: Setting CVar [[s.AsyncLoadingThreadEnabled:0]]
[2022.03.01-01.45.46:720][  0]LogConfig: Setting CVar [[s.EventDrivenLoaderEnabled:1]]
[2022.03.01-01.45.46:720][  0]LogConfig: Setting CVar [[s.WarnIfTimeLimitExceeded:0]]
[2022.03.01-01.45.46:720][  0]LogConfig: Setting CVar [[s.TimeLimitExceededMultiplier:1.5]]
[2022.03.01-01.45.46:720][  0]LogConfig: Setting CVar [[s.TimeLimitExceededMinTime:0.005]]
[2022.03.01-01.45.46:720][  0]LogConfig: Setting CVar [[s.UseBackgroundLevelStreaming:1]]
[2022.03.01-01.45.46:720][  0]LogConfig: Setting CVar [[s.PriorityAsyncLoadingExtraTime:15.0]]
[2022.03.01-01.45.46:720][  0]LogConfig: Setting CVar [[s.LevelStreamingActorsUpdateTimeLimit:5.0]]
[2022.03.01-01.45.46:720][  0]LogConfig: Setting CVar [[s.PriorityLevelStreamingActorsUpdateExtraTime:5.0]]
[2022.03.01-01.45.46:720][  0]LogConfig: Setting CVar [[s.LevelStreamingComponentsRegistrationGranularity:10]]
[2022.03.01-01.45.46:720][  0]LogConfig: Setting CVar [[s.UnregisterComponentsTimeLimit:1.0]]
[2022.03.01-01.45.46:720][  0]LogConfig: Setting CVar [[s.LevelStreamingComponentsUnregistrationGranularity:5]]
[2022.03.01-01.45.46:720][  0]LogConfig: Setting CVar [[s.FlushStreamingOnExit:1]]
[2022.03.01-01.45.46:720][  0]LogConfig: Applying CVar settings from Section [/Script/Engine.GarbageCollectionSettings] File [D:/GitHub/GAME259-2022-A/GAME259_A_URE/Saved/Config/Windows/Engine.ini]
[2022.03.01-01.45.46:720][  0]LogConfig: Setting CVar [[gc.MaxObjectsNotConsideredByGC:1]]
[2022.03.01-01.45.46:720][  0]LogConfig: Setting CVar [[gc.SizeOfPermanentObjectPool:0]]
[2022.03.01-01.45.46:720][  0]LogConfig: Setting CVar [[gc.FlushStreamingOnGC:0]]
[2022.03.01-01.45.46:720][  0]LogConfig: Setting CVar [[gc.NumRetriesBeforeForcingGC:10]]
[2022.03.01-01.45.46:720][  0]LogConfig: Setting CVar [[gc.AllowParallelGC:1]]
[2022.03.01-01.45.46:720][  0]LogConfig: Setting CVar [[gc.TimeBetweenPurgingPendingKillObjects:61.1]]
[2022.03.01-01.45.46:720][  0]LogConfig: Setting CVar [[gc.MaxObjectsInEditor:25165824]]
[2022.03.01-01.45.46:720][  0]LogConfig: Setting CVar [[gc.IncrementalBeginDestroyEnabled:1]]
[2022.03.01-01.45.46:720][  0]LogConfig: Setting CVar [[gc.CreateGCClusters:1]]
[2022.03.01-01.45.46:720][  0]LogConfig: Setting CVar [[gc.MinGCClusterSize:5]]
[2022.03.01-01.45.46:720][  0]LogConfig: Setting CVar [[gc.ActorClusteringEnabled:0]]
[2022.03.01-01.45.46:720][  0]LogConfig: Setting CVar [[gc.BlueprintClusteringEnabled:0]]
[2022.03.01-01.45.46:720][  0]LogConfig: Setting CVar [[gc.UseDisregardForGCOnDedicatedServers:0]]
[2022.03.01-01.45.46:720][  0]LogConfig: Setting CVar [[gc.MultithreadedDestructionEnabled:1]]
[2022.03.01-01.45.46:720][  0]LogConfig: Applying CVar settings from Section [/Script/Engine.NetworkSettings] File [D:/GitHub/GAME259-2022-A/GAME259_A_URE/Saved/Config/Windows/Engine.ini]
[2022.03.01-01.45.46:720][  0]LogConfig: Applying CVar settings from Section [/Script/UnrealEd.CookerSettings] File [D:/GitHub/GAME259-2022-A/GAME259_A_URE/Saved/Config/Windows/Engine.ini]
[2022.03.01-01.45.46:735][  0]LogConfig: Applying CVar settings from Section [ViewDistanceQuality@3] File [D:/GitHub/GAME259-2022-A/GAME259_A_URE/Saved/Config/Windows/Scalability.ini]
[2022.03.01-01.45.46:735][  0]LogConfig: Setting CVar [[r.SkeletalMeshLODBias:0]]
[2022.03.01-01.45.46:735][  0]LogConfig: Setting CVar [[r.ViewDistanceScale:1.0]]
[2022.03.01-01.45.46:735][  0]LogConfig: Applying CVar settings from Section [AntiAliasingQuality@3] File [D:/GitHub/GAME259-2022-A/GAME259_A_URE/Saved/Config/Windows/Scalability.ini]
[2022.03.01-01.45.46:735][  0]LogConfig: Setting CVar [[r.PostProcessAAQuality:4]]
[2022.03.01-01.45.46:735][  0]LogConfig: Applying CVar settings from Section [ShadowQuality@3] File [D:/GitHub/GAME259-2022-A/GAME259_A_URE/Saved/Config/Windows/Scalability.ini]
[2022.03.01-01.45.46:735][  0]LogConfig: Setting CVar [[r.LightFunctionQuality:1]]
[2022.03.01-01.45.46:735][  0]LogConfig: Setting CVar [[r.ShadowQuality:5]]
[2022.03.01-01.45.46:735][  0]LogConfig: Setting CVar [[r.Shadow.CSM.MaxCascades:10]]
[2022.03.01-01.45.46:735][  0]LogConfig: Setting CVar [[r.Shadow.MaxResolution:2048]]
[2022.03.01-01.45.46:735][  0]LogConfig: Setting CVar [[r.Shadow.MaxCSMResolution:2048]]
[2022.03.01-01.45.46:735][  0]LogConfig: Setting CVar [[r.Shadow.RadiusThreshold:0.01]]
[2022.03.01-01.45.46:735][  0]LogConfig: Setting CVar [[r.Shadow.DistanceScale:1.0]]
[2022.03.01-01.45.46:735][  0]LogConfig: Setting CVar [[r.Shadow.CSM.TransitionScale:1.0]]
[2022.03.01-01.45.46:735][  0]LogConfig: Setting CVar [[r.Shadow.PreShadowResolutionFactor:1.0]]
[2022.03.01-01.45.46:735][  0]LogConfig: Setting CVar [[r.DistanceFieldShadowing:1]]
[2022.03.01-01.45.46:735][  0]LogConfig: Setting CVar [[r.DistanceFieldAO:1]]
[2022.03.01-01.45.46:735][  0]LogConfig: Setting CVar [[r.AOQuality:2]]
[2022.03.01-01.45.46:735][  0]LogConfig: Setting CVar [[r.VolumetricFog:1]]
[2022.03.01-01.45.46:735][  0]LogConfig: Setting CVar [[r.VolumetricFog.GridPixelSize:8]]
[2022.03.01-01.45.46:735][  0]LogConfig: Setting CVar [[r.VolumetricFog.GridSizeZ:128]]
[2022.03.01-01.45.46:735][  0]LogConfig: Setting CVar [[r.VolumetricFog.HistoryMissSupersampleCount:4]]
[2022.03.01-01.45.46:735][  0]LogConfig: Setting CVar [[r.LightMaxDrawDistanceScale:1]]
[2022.03.01-01.45.46:735][  0]LogConfig: Setting CVar [[r.CapsuleShadows:1]]
[2022.03.01-01.45.46:735][  0]LogConfig: Applying CVar settings from Section [PostProcessQuality@3] File [D:/GitHub/GAME259-2022-A/GAME259_A_URE/Saved/Config/Windows/Scalability.ini]
[2022.03.01-01.45.46:735][  0]LogConfig: Setting CVar [[r.MotionBlurQuality:4]]
[2022.03.01-01.45.46:735][  0]LogConfig: Setting CVar [[r.AmbientOcclusionMipLevelFactor:0.4]]
[2022.03.01-01.45.46:735][  0]LogConfig: Setting CVar [[r.AmbientOcclusionMaxQuality:100]]
[2022.03.01-01.45.46:735][  0]LogConfig: Setting CVar [[r.AmbientOcclusionLevels:-1]]
[2022.03.01-01.45.46:735][  0]LogConfig: Setting CVar [[r.AmbientOcclusionRadiusScale:1.0]]
[2022.03.01-01.45.46:735][  0]LogConfig: Setting CVar [[r.DepthOfFieldQuality:2]]
[2022.03.01-01.45.46:735][  0]LogConfig: Setting CVar [[r.RenderTargetPoolMin:400]]
[2022.03.01-01.45.46:735][  0]LogConfig: Setting CVar [[r.LensFlareQuality:2]]
[2022.03.01-01.45.46:735][  0]LogConfig: Setting CVar [[r.SceneColorFringeQuality:1]]
[2022.03.01-01.45.46:735][  0]LogConfig: Setting CVar [[r.EyeAdaptationQuality:2]]
[2022.03.01-01.45.46:735][  0]LogConfig: Setting CVar [[r.BloomQuality:5]]
[2022.03.01-01.45.46:735][  0]LogConfig: Setting CVar [[r.FastBlurThreshold:100]]
[2022.03.01-01.45.46:735][  0]LogConfig: Setting CVar [[r.Upscale.Quality:3]]
[2022.03.01-01.45.46:735][  0]LogConfig: Setting CVar [[r.Tonemapper.GrainQuantization:1]]
[2022.03.01-01.45.46:735][  0]LogConfig: Setting CVar [[r.LightShaftQuality:1]]
[2022.03.01-01.45.46:735][  0]LogConfig: Setting CVar [[r.Filter.SizeScale:1]]
[2022.03.01-01.45.46:735][  0]LogConfig: Setting CVar [[r.Tonemapper.Quality:5]]
[2022.03.01-01.45.46:735][  0]LogConfig: Setting CVar [[r.DOF.Gather.AccumulatorQuality:1        ; higher gathering accumulator quality]]
[2022.03.01-01.45.46:735][  0]LogConfig: Setting CVar [[r.DOF.Gather.PostfilterMethod:1          ; Median3x3 postfilering method]]
[2022.03.01-01.45.46:735][  0]LogConfig: Setting CVar [[r.DOF.Gather.EnableBokehSettings:0       ; no bokeh simulation when gathering]]
[2022.03.01-01.45.46:735][  0]LogConfig: Setting CVar [[r.DOF.Gather.RingCount:4                 ; medium number of samples when gathering]]
[2022.03.01-01.45.46:735][  0]LogConfig: Setting CVar [[r.DOF.Scatter.ForegroundCompositing:1    ; additive foreground scattering]]
[2022.03.01-01.45.46:735][  0]LogConfig: Setting CVar [[r.DOF.Scatter.BackgroundCompositing:2    ; additive background scattering]]
[2022.03.01-01.45.46:735][  0]LogConfig: Setting CVar [[r.DOF.Scatter.EnableBokehSettings:1      ; bokeh simulation when scattering]]
[2022.03.01-01.45.46:735][  0]LogConfig: Setting CVar [[r.DOF.Scatter.MaxSpriteRatio:0.1         ; only a maximum of 10% of scattered bokeh]]
[2022.03.01-01.45.46:735][  0]LogConfig: Setting CVar [[r.DOF.Recombine.Quality:1                ; cheap slight out of focus]]
[2022.03.01-01.45.46:735][  0]LogConfig: Setting CVar [[r.DOF.Recombine.EnableBokehSettings:0    ; no bokeh simulation on slight out of focus]]
[2022.03.01-01.45.46:735][  0]LogConfig: Setting CVar [[r.DOF.TemporalAAQuality:1                ; more stable temporal accumulation]]
[2022.03.01-01.45.46:736][  0]LogConfig: Setting CVar [[r.DOF.Kernel.MaxForegroundRadius:0.025]]
[2022.03.01-01.45.46:736][  0]LogConfig: Setting CVar [[r.DOF.Kernel.MaxBackgroundRadius:0.025]]
[2022.03.01-01.45.46:736][  0]LogConfig: Applying CVar settings from Section [TextureQuality@3] File [D:/GitHub/GAME259-2022-A/GAME259_A_URE/Saved/Config/Windows/Scalability.ini]
[2022.03.01-01.45.46:736][  0]LogConfig: Setting CVar [[r.Streaming.MipBias:0]]
[2022.03.01-01.45.46:736][  0]LogConfig: Setting CVar [[r.Streaming.AmortizeCPUToGPUCopy:0]]
[2022.03.01-01.45.46:736][  0]LogConfig: Setting CVar [[r.Streaming.MaxNumTexturesToStreamPerFrame:0]]
[2022.03.01-01.45.46:736][  0]LogConfig: Setting CVar [[r.Streaming.Boost:1]]
[2022.03.01-01.45.46:736][  0]LogConfig: Setting CVar [[r.MaxAnisotropy:8]]
[2022.03.01-01.45.46:736][  0]LogConfig: Setting CVar [[r.VT.MaxAnisotropy:8]]
[2022.03.01-01.45.46:736][  0]LogConfig: Setting CVar [[r.Streaming.LimitPoolSizeToVRAM:0]]
[2022.03.01-01.45.46:736][  0]LogConfig: Setting CVar [[r.Streaming.PoolSize:1000]]
[2022.03.01-01.45.46:736][  0]LogConfig: Setting CVar [[r.Streaming.MaxEffectiveScreenSize:0]]
[2022.03.01-01.45.46:736][  0]LogConfig: Applying CVar settings from Section [EffectsQuality@3] File [D:/GitHub/GAME259-2022-A/GAME259_A_URE/Saved/Config/Windows/Scalability.ini]
[2022.03.01-01.45.46:736][  0]LogConfig: Setting CVar [[r.TranslucencyLightingVolumeDim:64]]
[2022.03.01-01.45.46:736][  0]LogConfig: Setting CVar [[r.RefractionQuality:2]]
[2022.03.01-01.45.46:736][  0]LogConfig: Setting CVar [[r.SSR.Quality:3]]
[2022.03.01-01.45.46:736][  0]LogConfig: Setting CVar [[r.SSR.HalfResSceneColor:0]]
[2022.03.01-01.45.46:736][  0]LogConfig: Setting CVar [[r.SceneColorFormat:4]]
[2022.03.01-01.45.46:736][  0]LogConfig: Setting CVar [[r.DetailMode:2]]
[2022.03.01-01.45.46:736][  0]LogConfig: Setting CVar [[r.TranslucencyVolumeBlur:1]]
[2022.03.01-01.45.46:736][  0]LogConfig: Setting CVar [[r.MaterialQualityLevel:1 ; High quality]]
[2022.03.01-01.45.46:736][  0]LogConfig: Setting CVar [[r.AnisotropicMaterials:1]]
[2022.03.01-01.45.46:736][  0]LogConfig: Setting CVar [[r.SSS.Scale:1]]
[2022.03.01-01.45.46:736][  0]LogConfig: Setting CVar [[r.SSS.SampleSet:2]]
[2022.03.01-01.45.46:736][  0]LogConfig: Setting CVar [[r.SSS.Quality:1]]
[2022.03.01-01.45.46:736][  0]LogConfig: Setting CVar [[r.SSS.HalfRes:0]]
[2022.03.01-01.45.46:736][  0]LogConfig: Setting CVar [[r.SSGI.Quality:3]]
[2022.03.01-01.45.46:736][  0]LogConfig: Setting CVar [[r.EmitterSpawnRateScale:1.0]]
[2022.03.01-01.45.46:736][  0]LogConfig: Setting CVar [[r.ParticleLightQuality:2]]
[2022.03.01-01.45.46:736][  0]LogConfig: Setting CVar [[r.SkyAtmosphere.AerialPerspectiveLUT.FastApplyOnOpaque:1 ; Always have FastSkyLUT 1 in this case to avoid wrong sky]]
[2022.03.01-01.45.46:736][  0]LogConfig: Setting CVar [[r.SkyAtmosphere.AerialPerspectiveLUT.SampleCountMaxPerSlice:4]]
[2022.03.01-01.45.46:736][  0]LogConfig: Setting CVar [[r.SkyAtmosphere.AerialPerspectiveLUT.DepthResolution:16.0]]
[2022.03.01-01.45.46:736][  0]LogConfig: Setting CVar [[r.SkyAtmosphere.FastSkyLUT:1]]
[2022.03.01-01.45.46:736][  0]LogConfig: Setting CVar [[r.SkyAtmosphere.FastSkyLUT.SampleCountMin:4.0]]
[2022.03.01-01.45.46:736][  0]LogConfig: Setting CVar [[r.SkyAtmosphere.FastSkyLUT.SampleCountMax:128.0]]
[2022.03.01-01.45.46:736][  0]LogConfig: Setting CVar [[r.SkyAtmosphere.SampleCountMin:4.0]]
[2022.03.01-01.45.46:736][  0]LogConfig: Setting CVar [[r.SkyAtmosphere.SampleCountMax:128.0]]
[2022.03.01-01.45.46:736][  0]LogConfig: Setting CVar [[r.SkyAtmosphere.TransmittanceLUT.UseSmallFormat:0]]
[2022.03.01-01.45.46:736][  0]LogConfig: Setting CVar [[r.SkyAtmosphere.TransmittanceLUT.SampleCount:10.0]]
[2022.03.01-01.45.46:736][  0]LogConfig: Setting CVar [[r.SkyAtmosphere.MultiScatteringLUT.SampleCount:15.0]]
[2022.03.01-01.45.46:736][  0]LogConfig: Setting CVar [[r.SkyLight.RealTimeReflectionCapture:1]]
[2022.03.01-01.45.46:736][  0]LogConfig: Applying CVar settings from Section [FoliageQuality@3] File [D:/GitHub/GAME259-2022-A/GAME259_A_URE/Saved/Config/Windows/Scalability.ini]
[2022.03.01-01.45.46:736][  0]LogConfig: Setting CVar [[foliage.DensityScale:1.0]]
[2022.03.01-01.45.46:736][  0]LogConfig: Setting CVar [[grass.DensityScale:1.0]]
[2022.03.01-01.45.46:736][  0]LogConfig: Applying CVar settings from Section [ShadingQuality@3] File [D:/GitHub/GAME259-2022-A/GAME259_A_URE/Saved/Config/Windows/Scalability.ini]
[2022.03.01-01.45.46:736][  0]LogConfig: Setting CVar [[r.HairStrands.SkyLighting.IntegrationType:2]]
[2022.03.01-01.45.46:736][  0]LogConfig: Setting CVar [[r.HairStrands.SkyAO.SampleCount:4]]
[2022.03.01-01.45.46:736][  0]LogConfig: Setting CVar [[r.HairStrands.Visibility.MSAA.SamplePerPixel:4]]
[2022.03.01-01.45.46:736][  0]LogInit: Selected Device Profile: [Windows]
[2022.03.01-01.45.46:736][  0]LogInit: Applying CVar settings loaded from the selected device profile: [Windows]
[2022.03.01-01.45.46:736][  0]LogHAL: Display: Platform has ~ 16 GB [17089699840 / 17179869184 / 16], which maps to Larger [LargestMinGB=32, LargerMinGB=12, DefaultMinGB=8, SmallerMinGB=6, SmallestMinGB=0)
[2022.03.01-01.45.46:736][  0]LogInit: Going up to parent DeviceProfile []
[2022.03.01-01.45.46:736][  0]LogConfig: Applying CVar settings from Section [ViewDistanceQuality@3] File [D:/GitHub/GAME259-2022-A/GAME259_A_URE/Saved/Config/Windows/Scalability.ini]
[2022.03.01-01.45.46:736][  0]LogConfig: Setting CVar [[r.SkeletalMeshLODBias:0]]
[2022.03.01-01.45.46:736][  0]LogConfig: Setting CVar [[r.ViewDistanceScale:1.0]]
[2022.03.01-01.45.46:736][  0]LogConfig: Applying CVar settings from Section [AntiAliasingQuality@3] File [D:/GitHub/GAME259-2022-A/GAME259_A_URE/Saved/Config/Windows/Scalability.ini]
[2022.03.01-01.45.46:736][  0]LogConfig: Setting CVar [[r.PostProcessAAQuality:4]]
[2022.03.01-01.45.46:736][  0]LogConfig: Applying CVar settings from Section [ShadowQuality@3] File [D:/GitHub/GAME259-2022-A/GAME259_A_URE/Saved/Config/Windows/Scalability.ini]
[2022.03.01-01.45.46:736][  0]LogConfig: Setting CVar [[r.LightFunctionQuality:1]]
[2022.03.01-01.45.46:736][  0]LogConfig: Setting CVar [[r.ShadowQuality:5]]
[2022.03.01-01.45.46:736][  0]LogConfig: Setting CVar [[r.Shadow.CSM.MaxCascades:10]]
[2022.03.01-01.45.46:736][  0]LogConfig: Setting CVar [[r.Shadow.MaxResolution:2048]]
[2022.03.01-01.45.46:736][  0]LogConfig: Setting CVar [[r.Shadow.MaxCSMResolution:2048]]
[2022.03.01-01.45.46:736][  0]LogConfig: Setting CVar [[r.Shadow.RadiusThreshold:0.01]]
[2022.03.01-01.45.46:736][  0]LogConfig: Setting CVar [[r.Shadow.DistanceScale:1.0]]
[2022.03.01-01.45.46:736][  0]LogConfig: Setting CVar [[r.Shadow.CSM.TransitionScale:1.0]]
[2022.03.01-01.45.46:736][  0]LogConfig: Setting CVar [[r.Shadow.PreShadowResolutionFactor:1.0]]
[2022.03.01-01.45.46:736][  0]LogConfig: Setting CVar [[r.DistanceFieldShadowing:1]]
[2022.03.01-01.45.46:736][  0]LogConfig: Setting CVar [[r.DistanceFieldAO:1]]
[2022.03.01-01.45.46:736][  0]LogConfig: Setting CVar [[r.AOQuality:2]]
[2022.03.01-01.45.46:736][  0]LogConfig: Setting CVar [[r.VolumetricFog:1]]
[2022.03.01-01.45.46:736][  0]LogConfig: Setting CVar [[r.VolumetricFog.GridPixelSize:8]]
[2022.03.01-01.45.46:736][  0]LogConfig: Setting CVar [[r.VolumetricFog.GridSizeZ:128]]
[2022.03.01-01.45.46:736][  0]LogConfig: Setting CVar [[r.VolumetricFog.HistoryMissSupersampleCount:4]]
[2022.03.01-01.45.46:736][  0]LogConfig: Setting CVar [[r.LightMaxDrawDistanceScale:1]]
[2022.03.01-01.45.46:736][  0]LogConfig: Setting CVar [[r.CapsuleShadows:1]]
[2022.03.01-01.45.46:736][  0]LogConfig: Applying CVar settings from Section [PostProcessQuality@3] File [D:/GitHub/GAME259-2022-A/GAME259_A_URE/Saved/Config/Windows/Scalability.ini]
[2022.03.01-01.45.46:736][  0]LogConfig: Setting CVar [[r.MotionBlurQuality:4]]
[2022.03.01-01.45.46:736][  0]LogConfig: Setting CVar [[r.AmbientOcclusionMipLevelFactor:0.4]]
[2022.03.01-01.45.46:736][  0]LogConfig: Setting CVar [[r.AmbientOcclusionMaxQuality:100]]
[2022.03.01-01.45.46:736][  0]LogConfig: Setting CVar [[r.AmbientOcclusionLevels:-1]]
[2022.03.01-01.45.46:736][  0]LogConfig: Setting CVar [[r.AmbientOcclusionRadiusScale:1.0]]
[2022.03.01-01.45.46:736][  0]LogConfig: Setting CVar [[r.DepthOfFieldQuality:2]]
[2022.03.01-01.45.46:736][  0]LogConfig: Setting CVar [[r.RenderTargetPoolMin:400]]
[2022.03.01-01.45.46:736][  0]LogConfig: Setting CVar [[r.LensFlareQuality:2]]
[2022.03.01-01.45.46:736][  0]LogConfig: Setting CVar [[r.SceneColorFringeQuality:1]]
[2022.03.01-01.45.46:736][  0]LogConfig: Setting CVar [[r.EyeAdaptationQuality:2]]
[2022.03.01-01.45.46:736][  0]LogConfig: Setting CVar [[r.BloomQuality:5]]
[2022.03.01-01.45.46:736][  0]LogConfig: Setting CVar [[r.FastBlurThreshold:100]]
[2022.03.01-01.45.46:736][  0]LogConfig: Setting CVar [[r.Upscale.Quality:3]]
[2022.03.01-01.45.46:736][  0]LogConfig: Setting CVar [[r.Tonemapper.GrainQuantization:1]]
[2022.03.01-01.45.46:736][  0]LogConfig: Setting CVar [[r.LightShaftQuality:1]]
[2022.03.01-01.45.46:736][  0]LogConfig: Setting CVar [[r.Filter.SizeScale:1]]
[2022.03.01-01.45.46:736][  0]LogConfig: Setting CVar [[r.Tonemapper.Quality:5]]
[2022.03.01-01.45.46:736][  0]LogConfig: Setting CVar [[r.DOF.Gather.AccumulatorQuality:1        ; higher gathering accumulator quality]]
[2022.03.01-01.45.46:736][  0]LogConfig: Setting CVar [[r.DOF.Gather.PostfilterMethod:1          ; Median3x3 postfilering method]]
[2022.03.01-01.45.46:736][  0]LogConfig: Setting CVar [[r.DOF.Gather.EnableBokehSettings:0       ; no bokeh simulation when gathering]]
[2022.03.01-01.45.46:736][  0]LogConfig: Setting CVar [[r.DOF.Gather.RingCount:4                 ; medium number of samples when gathering]]
[2022.03.01-01.45.46:736][  0]LogConfig: Setting CVar [[r.DOF.Scatter.ForegroundCompositing:1    ; additive foreground scattering]]
[2022.03.01-01.45.46:736][  0]LogConfig: Setting CVar [[r.DOF.Scatter.BackgroundCompositing:2    ; additive background scattering]]
[2022.03.01-01.45.46:737][  0]LogConfig: Setting CVar [[r.DOF.Scatter.EnableBokehSettings:1      ; bokeh simulation when scattering]]
[2022.03.01-01.45.46:737][  0]LogConfig: Setting CVar [[r.DOF.Scatter.MaxSpriteRatio:0.1         ; only a maximum of 10% of scattered bokeh]]
[2022.03.01-01.45.46:737][  0]LogConfig: Setting CVar [[r.DOF.Recombine.Quality:1                ; cheap slight out of focus]]
[2022.03.01-01.45.46:737][  0]LogConfig: Setting CVar [[r.DOF.Recombine.EnableBokehSettings:0    ; no bokeh simulation on slight out of focus]]
[2022.03.01-01.45.46:737][  0]LogConfig: Setting CVar [[r.DOF.TemporalAAQuality:1                ; more stable temporal accumulation]]
[2022.03.01-01.45.46:737][  0]LogConfig: Setting CVar [[r.DOF.Kernel.MaxForegroundRadius:0.025]]
[2022.03.01-01.45.46:737][  0]LogConfig: Setting CVar [[r.DOF.Kernel.MaxBackgroundRadius:0.025]]
[2022.03.01-01.45.46:737][  0]LogConfig: Applying CVar settings from Section [TextureQuality@1] File [D:/GitHub/GAME259-2022-A/GAME259_A_URE/Saved/Config/Windows/Scalability.ini]
[2022.03.01-01.45.46:737][  0]LogConfig: Setting CVar [[r.Streaming.MipBias:1]]
[2022.03.01-01.45.46:737][  0]LogConfig: Setting CVar [[r.Streaming.AmortizeCPUToGPUCopy:0]]
[2022.03.01-01.45.46:737][  0]LogConfig: Setting CVar [[r.Streaming.MaxNumTexturesToStreamPerFrame:0]]
[2022.03.01-01.45.46:737][  0]LogConfig: Setting CVar [[r.Streaming.Boost:1]]
[2022.03.01-01.45.46:737][  0]LogConfig: Setting CVar [[r.MaxAnisotropy:2]]
[2022.03.01-01.45.46:737][  0]LogConfig: Setting CVar [[r.VT.MaxAnisotropy:4]]
[2022.03.01-01.45.46:737][  0]LogConfig: Setting CVar [[r.Streaming.LimitPoolSizeToVRAM:1]]
[2022.03.01-01.45.46:737][  0]LogConfig: Setting CVar [[r.Streaming.PoolSize:600]]
[2022.03.01-01.45.46:737][  0]LogConfig: Setting CVar [[r.Streaming.MaxEffectiveScreenSize:0]]
[2022.03.01-01.45.46:737][  0]LogConfig: Applying CVar settings from Section [EffectsQuality@3] File [D:/GitHub/GAME259-2022-A/GAME259_A_URE/Saved/Config/Windows/Scalability.ini]
[2022.03.01-01.45.46:737][  0]LogConfig: Setting CVar [[r.TranslucencyLightingVolumeDim:64]]
[2022.03.01-01.45.46:737][  0]LogConfig: Setting CVar [[r.RefractionQuality:2]]
[2022.03.01-01.45.46:737][  0]LogConfig: Setting CVar [[r.SSR.Quality:3]]
[2022.03.01-01.45.46:737][  0]LogConfig: Setting CVar [[r.SSR.HalfResSceneColor:0]]
[2022.03.01-01.45.46:737][  0]LogConfig: Setting CVar [[r.SceneColorFormat:4]]
[2022.03.01-01.45.46:737][  0]LogConfig: Setting CVar [[r.DetailMode:2]]
[2022.03.01-01.45.46:737][  0]LogConfig: Setting CVar [[r.TranslucencyVolumeBlur:1]]
[2022.03.01-01.45.46:737][  0]LogConfig: Setting CVar [[r.MaterialQualityLevel:1 ; High quality]]
[2022.03.01-01.45.46:737][  0]LogConfig: Setting CVar [[r.AnisotropicMaterials:1]]
[2022.03.01-01.45.46:737][  0]LogConfig: Setting CVar [[r.SSS.Scale:1]]
[2022.03.01-01.45.46:737][  0]LogConfig: Setting CVar [[r.SSS.SampleSet:2]]
[2022.03.01-01.45.46:737][  0]LogConfig: Setting CVar [[r.SSS.Quality:1]]
[2022.03.01-01.45.46:737][  0]LogConfig: Setting CVar [[r.SSS.HalfRes:0]]
[2022.03.01-01.45.46:737][  0]LogConfig: Setting CVar [[r.SSGI.Quality:3]]
[2022.03.01-01.45.46:737][  0]LogConfig: Setting CVar [[r.EmitterSpawnRateScale:1.0]]
[2022.03.01-01.45.46:737][  0]LogConfig: Setting CVar [[r.ParticleLightQuality:2]]
[2022.03.01-01.45.46:737][  0]LogConfig: Setting CVar [[r.SkyAtmosphere.AerialPerspectiveLUT.FastApplyOnOpaque:1 ; Always have FastSkyLUT 1 in this case to avoid wrong sky]]
[2022.03.01-01.45.46:737][  0]LogConfig: Setting CVar [[r.SkyAtmosphere.AerialPerspectiveLUT.SampleCountMaxPerSlice:4]]
[2022.03.01-01.45.46:737][  0]LogConfig: Setting CVar [[r.SkyAtmosphere.AerialPerspectiveLUT.DepthResolution:16.0]]
[2022.03.01-01.45.46:737][  0]LogConfig: Setting CVar [[r.SkyAtmosphere.FastSkyLUT:1]]
[2022.03.01-01.45.46:737][  0]LogConfig: Setting CVar [[r.SkyAtmosphere.FastSkyLUT.SampleCountMin:4.0]]
[2022.03.01-01.45.46:737][  0]LogConfig: Setting CVar [[r.SkyAtmosphere.FastSkyLUT.SampleCountMax:128.0]]
[2022.03.01-01.45.46:737][  0]LogConfig: Setting CVar [[r.SkyAtmosphere.SampleCountMin:4.0]]
[2022.03.01-01.45.46:737][  0]LogConfig: Setting CVar [[r.SkyAtmosphere.SampleCountMax:128.0]]
[2022.03.01-01.45.46:737][  0]LogConfig: Setting CVar [[r.SkyAtmosphere.TransmittanceLUT.UseSmallFormat:0]]
[2022.03.01-01.45.46:737][  0]LogConfig: Setting CVar [[r.SkyAtmosphere.TransmittanceLUT.SampleCount:10.0]]
[2022.03.01-01.45.46:737][  0]LogConfig: Setting CVar [[r.SkyAtmosphere.MultiScatteringLUT.SampleCount:15.0]]
[2022.03.01-01.45.46:737][  0]LogConfig: Setting CVar [[r.SkyLight.RealTimeReflectionCapture:1]]
[2022.03.01-01.45.46:737][  0]LogConfig: Applying CVar settings from Section [FoliageQuality@3] File [D:/GitHub/GAME259-2022-A/GAME259_A_URE/Saved/Config/Windows/Scalability.ini]
[2022.03.01-01.45.46:737][  0]LogConfig: Setting CVar [[foliage.DensityScale:1.0]]
[2022.03.01-01.45.46:737][  0]LogConfig: Setting CVar [[grass.DensityScale:1.0]]
[2022.03.01-01.45.46:737][  0]LogConfig: Applying CVar settings from Section [ShadingQuality@3] File [D:/GitHub/GAME259-2022-A/GAME259_A_URE/Saved/Config/Windows/Scalability.ini]
[2022.03.01-01.45.46:737][  0]LogConfig: Setting CVar [[r.HairStrands.SkyLighting.IntegrationType:2]]
[2022.03.01-01.45.46:737][  0]LogConfig: Setting CVar [[r.HairStrands.SkyAO.SampleCount:4]]
[2022.03.01-01.45.46:737][  0]LogConfig: Setting CVar [[r.HairStrands.Visibility.MSAA.SamplePerPixel:4]]
[2022.03.01-01.45.46:737][  0]LogConfig: Applying CVar settings from Section [Startup] File [../../../Engine/Config/ConsoleVariables.ini]
[2022.03.01-01.45.46:737][  0]LogConfig: Setting CVar [[net.UseAdaptiveNetUpdateFrequency:0]]
[2022.03.01-01.45.46:737][  0]LogConfig: Setting CVar [[p.chaos.AllowCreatePhysxBodies:1]]
[2022.03.01-01.45.46:737][  0]LogConfig: Setting CVar [[fx.SkipVectorVMBackendOptimizations:1]]
[2022.03.01-01.45.46:737][  0]LogConfig: Applying CVar settings from Section [ConsoleVariables] File [D:/GitHub/GAME259-2022-A/GAME259_A_URE/Saved/Config/Windows/Engine.ini]
[2022.03.01-01.45.46:737][  0]LogConfig: Applying CVar settings from Section [ConsoleVariables] File [D:/GitHub/GAME259-2022-A/GAME259_A_URE/Saved/Config/Windows/Editor.ini]
[2022.03.01-01.45.46:737][  0]LogInit: Computer: TREVORPC
[2022.03.01-01.45.46:737][  0]LogInit: User: Trevor
[2022.03.01-01.45.46:737][  0]LogInit: CPU Page size=4096, Cores=8
[2022.03.01-01.45.46:737][  0]LogInit: High frequency timer resolution =10.000000 MHz
[2022.03.01-01.45.46:737][  0]LogMemory: Memory total: Physical=15.9GB (16GB approx)
[2022.03.01-01.45.46:737][  0]LogMemory: Platform Memory Stats for Windows
[2022.03.01-01.45.46:737][  0]LogMemory: Process Physical Memory: 145.05 MB used, 145.05 MB peak
[2022.03.01-01.45.46:737][  0]LogMemory: Process Virtual Memory: 126.36 MB used, 126.36 MB peak
[2022.03.01-01.45.46:737][  0]LogMemory: Physical Memory: 7249.99 MB used,  9048.02 MB free, 16298.01 MB total
[2022.03.01-01.45.46:737][  0]LogMemory: Virtual Memory: 134210576.00 MB used,  7150.17 MB free, 134217728.00 MB total
[2022.03.01-01.45.46:741][  0]LogWindows: WindowsPlatformFeatures enabled
[2022.03.01-01.45.46:771][  0]LogInit: Physics initialised using underlying interface: PhysX
[2022.03.01-01.45.46:772][  0]LogInit: Using OS detected language (en-US).
[2022.03.01-01.45.46:772][  0]LogInit: Using OS detected locale (en-CA).
[2022.03.01-01.45.46:773][  0]LogTextLocalizationManager: No specific localization for 'en-US' exists, so the 'en' localization will be used.
[2022.03.01-01.45.46:914][  0]LogWindowsTextInputMethodSystem: Display: IME system deactivated.
[2022.03.01-01.45.46:942][  0]LogSlate: New Slate User Created.  User Index 0, Is Virtual User: 0
[2022.03.01-01.45.46:942][  0]LogSlate: Slate User Registered.  User Index 0, Is Virtual User: 0
[2022.03.01-01.45.46:960][  0]LogD3D11RHI: Loaded GFSDK_Aftermath_Lib.x64.dll
[2022.03.01-01.45.46:963][  0]LogHMD: Failed to enumerate extensions. Please check that you have a valid OpenXR runtime installed.
[2022.03.01-01.45.46:963][  0]LogD3D11RHI: D3D11 min allowed feature level: 11_0
[2022.03.01-01.45.46:963][  0]LogD3D11RHI: D3D11 max allowed feature level: 11_0
[2022.03.01-01.45.46:963][  0]LogD3D11RHI: D3D11 adapters:
[2022.03.01-01.45.47:052][  0]LogD3D11RHI:    0. 'NVIDIA GeForce RTX 2070 SUPER' (Feature Level 11_0)
[2022.03.01-01.45.47:052][  0]LogD3D11RHI:       8011/0/8149 MB DedicatedVideo/DedicatedSystem/SharedSystem, Outputs:2, VendorId:0x10de
[2022.03.01-01.45.47:054][  0]LogD3D11RHI:    1. 'Microsoft Basic Render Driver' (Feature Level 11_0)
[2022.03.01-01.45.47:054][  0]LogD3D11RHI:       0/0/8149 MB DedicatedVideo/DedicatedSystem/SharedSystem, Outputs:0, VendorId:0x1414
[2022.03.01-01.45.47:054][  0]LogD3D11RHI: Chosen D3D11 Adapter:
[2022.03.01-01.45.47:054][  0]LogD3D11RHI:     Description : NVIDIA GeForce RTX 2070 SUPER
[2022.03.01-01.45.47:054][  0]LogD3D11RHI:     VendorId    : 10de
[2022.03.01-01.45.47:054][  0]LogD3D11RHI:     DeviceId    : 1e84
[2022.03.01-01.45.47:054][  0]LogD3D11RHI:     SubSysId    : 373e1462
[2022.03.01-01.45.47:054][  0]LogD3D11RHI:     Revision    : 00a1
[2022.03.01-01.45.47:054][  0]LogD3D11RHI:     DedicatedVideoMemory : 8400142336 bytes
[2022.03.01-01.45.47:054][  0]LogD3D11RHI:     DedicatedSystemMemory : 0 bytes
[2022.03.01-01.45.47:054][  0]LogD3D11RHI:     SharedSystemMemory : 8544849920 bytes
[2022.03.01-01.45.47:054][  0]LogD3D11RHI:     AdapterLuid : 0 47873
[2022.03.01-01.45.47:058][  0]LogD3D11RHI: Creating new Direct3DDevice
[2022.03.01-01.45.47:058][  0]LogD3D11RHI:     GPU DeviceId: 0x1e84 (for the marketing name, search the web for "GPU Device Id")
[2022.03.01-01.45.47:058][  0]LogWindows: EnumDisplayDevices:
[2022.03.01-01.45.47:059][  0]LogWindows:    0. 'NVIDIA GeForce RTX 2070 SUPER' (P:1 D:1)
[2022.03.01-01.45.47:059][  0]LogWindows:    1. 'NVIDIA GeForce RTX 2070 SUPER' (P:0 D:1)
[2022.03.01-01.45.47:059][  0]LogWindows:    2. 'NVIDIA GeForce RTX 2070 SUPER' (P:0 D:0)
[2022.03.01-01.45.47:059][  0]LogWindows:    3. 'NVIDIA GeForce RTX 2070 SUPER' (P:0 D:0)
[2022.03.01-01.45.47:059][  0]LogWindows: DebugString: FoundDriverCount:4 
[2022.03.01-01.45.47:059][  0]LogD3D11RHI:     Adapter Name: NVIDIA GeForce RTX 2070 SUPER
[2022.03.01-01.45.47:059][  0]LogD3D11RHI:   Driver Version: 472.12 (internal:30.0.14.7212, unified:472.12)
[2022.03.01-01.45.47:059][  0]LogD3D11RHI:      Driver Date: 9-13-2021
[2022.03.01-01.45.47:059][  0]LogRHI: Texture pool is 5607 MB (70% of 8011 MB)
[2022.03.01-01.45.47:059][  0]LogD3D11RHI: Creating D3DDevice using adapter:
[2022.03.01-01.45.47:059][  0]LogD3D11RHI:     Description : NVIDIA GeForce RTX 2070 SUPER
[2022.03.01-01.45.47:059][  0]LogD3D11RHI:     VendorId    : 10de
[2022.03.01-01.45.47:059][  0]LogD3D11RHI:     DeviceId    : 1e84
[2022.03.01-01.45.47:059][  0]LogD3D11RHI:     SubSysId    : 373e1462
[2022.03.01-01.45.47:059][  0]LogD3D11RHI:     Revision    : 00a1
[2022.03.01-01.45.47:059][  0]LogD3D11RHI:     DedicatedVideoMemory : 8400142336 bytes
[2022.03.01-01.45.47:059][  0]LogD3D11RHI:     DedicatedSystemMemory : 0 bytes
[2022.03.01-01.45.47:059][  0]LogD3D11RHI:     SharedSystemMemory : 8544849920 bytes
[2022.03.01-01.45.47:059][  0]LogD3D11RHI:     AdapterLuid : 0 47873
[2022.03.01-01.45.47:121][  0]LogD3D11RHI: RHI has support for 64 bit atomics
[2022.03.01-01.45.47:121][  0]LogD3D11RHI: Async texture creation enabled
[2022.03.01-01.45.47:121][  0]LogD3D11RHI: Array index from any shader is supported
[2022.03.01-01.45.47:144][  0]LogD3D11RHI: GPU Timing Frequency: 1000.000000 (Debug: 2 2)
[2022.03.01-01.45.47:174][  0]LogRHI: GeForceNow SDK initialized: 1
[2022.03.01-01.45.47:392][  0]LogTargetPlatformManager: Display: Loaded TargetPlatform 'WindowsNoEditor'
[2022.03.01-01.45.47:393][  0]LogTargetPlatformManager: Display: Loaded TargetPlatform 'Windows'
[2022.03.01-01.45.47:396][  0]LogTargetPlatformManager: Display: Loaded TargetPlatform 'WindowsClient'
[2022.03.01-01.45.47:399][  0]LogTargetPlatformManager: Display: Loaded TargetPlatform 'WindowsServer'
[2022.03.01-01.45.47:399][  0]LogTargetPlatformManager: Display: Building Assets For Windows
[2022.03.01-01.45.47:404][  0]LogAudioDebug: Display: Lib vorbis DLL was dynamically loaded.
[2022.03.01-01.45.47:422][  0]LogTextureFormatOodle: Display: Oodle Texture 2.9.0 init RDO Off
[2022.03.01-01.45.47:442][  0]LogRendererCore: Ray tracing is disabled. Reason: r.RayTracing=0.
[2022.03.01-01.45.47:442][  0]LogShaderCompilers: Guid format shader working directory is -4 characters bigger than the processId version (../../../../../GitHub/GAME259-2022-A/GAME259_A_URE/Intermediate/Shaders/WorkingDirectory/20712/).
[2022.03.01-01.45.47:442][  0]LogShaderCompilers: Cleaned the shader compiler working directory 'C:/Users/Trevor/AppData/Local/Temp/UnrealShaderWorkingDir/49F0E37C425369923F85EB99CCCC1229/'.
[2022.03.01-01.45.47:442][  0]LogXGEController: Cannot use XGE Controller as Incredibuild is not installed on this machine.
[2022.03.01-01.45.47:442][  0]LogShaderCompilers: Cannot use XGE Shader Compiler as Incredibuild is not installed on this machine.
[2022.03.01-01.45.47:442][  0]LogShaderCompilers: Display: Using Local Shader Compiler.
[2022.03.01-01.45.48:025][  0]LogDerivedDataCache: Display: Max Cache Size: 512 MB
[2022.03.01-01.45.48:071][  0]LogDerivedDataCache: Loaded boot cache 0.05s 103MB C:/Users/Trevor/AppData/Local/UnrealEngine/4.27/DerivedDataCache/Boot.ddc.
[2022.03.01-01.45.48:071][  0]LogDerivedDataCache: Display: Loaded Boot cache: C:/Users/Trevor/AppData/Local/UnrealEngine/4.27/DerivedDataCache/Boot.ddc
[2022.03.01-01.45.48:071][  0]LogDerivedDataCache: FDerivedDataBackendGraph:  Pak pak cache file ../../../../../GitHub/GAME259-2022-A/GAME259_A_URE/DerivedDataCache/DDC.ddp not found, will not use a pak cache.
[2022.03.01-01.45.48:071][  0]LogDerivedDataCache: Unable to find inner node Pak for hierarchical cache Hierarchy.
[2022.03.01-01.45.48:071][  0]LogDerivedDataCache: FDerivedDataBackendGraph:  CompressedPak pak cache file ../../../../../GitHub/GAME259-2022-A/GAME259_A_URE/DerivedDataCache/Compressed.ddp not found, will not use a pak cache.
[2022.03.01-01.45.48:071][  0]LogDerivedDataCache: Unable to find inner node CompressedPak for hierarchical cache Hierarchy.
[2022.03.01-01.45.48:083][  0]LogDerivedDataCache: Display: Pak cache opened for reading ../../../Engine/DerivedDataCache/Compressed.ddp.
[2022.03.01-01.45.48:083][  0]LogDerivedDataCache: FDerivedDataBackendGraph:  EnterprisePak pak cache file ../../../Enterprise/DerivedDataCache/Compressed.ddp not found, will not use a pak cache.
[2022.03.01-01.45.48:083][  0]LogDerivedDataCache: Unable to find inner node EnterprisePak for hierarchical cache Hierarchy.
[2022.03.01-01.45.48:094][  0]LogDerivedDataCache: Speed tests for C:/Users/Trevor/AppData/Local/UnrealEngine/Common/DerivedDataCache took 0.01 seconds
[2022.03.01-01.45.48:094][  0]LogDerivedDataCache: Display: Performance to C:/Users/Trevor/AppData/Local/UnrealEngine/Common/DerivedDataCache: Latency=0.02ms. RandomReadSpeed=1640.53MBs, RandomWriteSpeed=101.40MBs. Assigned SpeedClass 'Local'
[2022.03.01-01.45.48:094][  0]LogDerivedDataCache: Using Local data cache path C:/Users/Trevor/AppData/Local/UnrealEngine/Common/DerivedDataCache: Writable
[2022.03.01-01.45.48:094][  0]LogDerivedDataCache: Shared data cache path not found in *engine.ini, will not use an Shared cache.
[2022.03.01-01.45.48:094][  0]LogDerivedDataCache: Unable to find inner node Shared for hierarchical cache Hierarchy.
[2022.03.01-01.45.48:122][  0]LogSlate: Using FreeType 2.10.0
[2022.03.01-01.45.48:123][  0]LogSlate: SlateFontServices - WITH_FREETYPE: 1, WITH_HARFBUZZ: 1
[2022.03.01-01.45.48:123][  0]LogHMD: Failed to enumerate extensions. Please check that you have a valid OpenXR runtime installed.
[2022.03.01-01.45.48:176][  0]LogInit: Using OS detected language (en-US).
[2022.03.01-01.45.48:176][  0]LogInit: Using OS detected locale (en-CA).
[2022.03.01-01.45.48:176][  0]LogTextLocalizationManager: No localization for 'en-US' exists, so 'en' will be used for the language.
[2022.03.01-01.45.48:176][  0]LogTextLocalizationManager: No localization for 'en-CA' exists, so 'en' will be used for the locale.
[2022.03.01-01.45.48:176][  0]LogSlate: FontCache flush requested. Reason: Culture for localization was changed
[2022.03.01-01.45.48:176][  0]LogSlate: FontCache flush requested. Reason: Culture for localization was changed
[2022.03.01-01.45.48:178][  0]LogTextLocalizationManager: Compacting localization data took   0.00ms
[2022.03.01-01.45.48:178][  0]LogAssetRegistry: FAssetRegistry took 0.0012 seconds to start up
[2022.03.01-01.45.48:297][  0]LogPackageLocalizationCache: Processed 26 localized package path(s) for 1 prioritized culture(s) in 0.000716 seconds
[2022.03.01-01.45.48:342][  0]LogInit: Selected Device Profile: [Windows]
[2022.03.01-01.45.48:342][  0]LogInit: Active device profile: [00000276F2EC0D00][00000276E4F4F6C0 49] Windows
[2022.03.01-01.45.48:342][  0]LogInit: Profiles: [00000276F2EC0D00][00000276E4F4F6C0 49] Windows, [00000276F2E7E300][00000276E4F57840 49] WindowsNoEditor, [00000276F2EC1C00][00000276E4F5B9C0 49] WindowsServer, [00000276F2E7F100][00000276E4F5FB40 49] WindowsClient, [00000276F2EC2900][00000276E4F62140 49] IOS, [00000276F2E7DA00][00000276EA7A62C0 49] iPadAir, [00000276F2EC3E00][00000276EA7AA440 49] iPadAir2, [00000276F2E39100][00000276EA7B2700 49] IPadPro, [00000276F2E39200][00000276EA7AE740 49] iPadAir3, [00000276F2E7CC00][00000276EA7B68C0 49] iPadAir4, [00000276F2E39E00][00000276EA7BAA40 49] iPadMini2, [00000276F2E7F300][00000276EA7BEBC0 49] iPadMini3, [00000276F2E3B900][00000276EA7C2D40 49] iPadMini4, [00000276F2E7D000][00000276EA7C6EC0 49] iPadMini5, [00000276F2E64900][00000276EA7CF180 49] iPhone6, [00000276F2E64A00][00000276EA7CB1C0 49] iPodTouch6, [00000276F2EC2E00][00000276EA7D7480 49] iPhone7, [00000276F2EC2F00][00000276EA7D34C0 49] iPodTouch7, [00000276F2E3BE00][00000276E4F53600 49] iPhone5S, [00000276F2EC1000][00000276EA7DB740 49] iPhone6Plus, [00000276F2E64100][00000276EA7DF880 49] iPhone6S, [00000276F2E38300][00000276EA7E7A00 49] iPhone6SPlus, [00000276F2E66800][00000276EA7EBB80 49] iPhone7Plus, [00000276F2E3A400][00000276EA7EE180 49] iPhoneSE, [00000276F2E66600][00000276EA686300 49] iPhone8, [00000276F2E38400][00000276EA68A480 49] iPhone8Plus, [00000276F2E67100][00000276EA68E600 49] iPhoneX, [00000276F2EC1500][00000276EA692780 49] iPhoneXS, [00000276F2E66B00][00000276EA696900 49] iPhoneXSMax, [00000276F2EC0700][00000276EA69AA80 49] iPhoneXR, [00000276F2E64800][00000276EA69EC00 49] iPhone11, [00000276F2EC1100][00000276EA6A2D80 49] iPhone11Pro, [00000276F2E65A00][00000276EA6A6F00 49] iPhone11ProMax, [00000276F2EC3700][00000276EA6AB080 49] iPhoneSE2, [00000276F2E67800][00000276EA6AF200 49] iPhone12Mini, [00000276F2EC2300][00000276EA6B3380 49] iPhone12, [00000276F2E67200][00000276EA6B7500 49] iPhone12Pro, [00000276F2EC1300][00000276EA6BB680 49] iPhone12ProMax, [00000276F2E65500][00000276EA7E37C0 49] iPadPro105, [00000276F2EC0A00][00000276EA6BF900 49] iPadPro129, [00000276F2E67D00][00000276EA6C3A40 49] iPadPro97, [00000276F2EC2A00][00000276EA6CBBC0 49] iPadPro2_129, [00000276F2E64E00][00000276EA6CE1C0 49] iPad5, [00000276F2EC1F00][00000276EA6D2340 49] iPad6, [00000276F2E65300][00000276EA6D64C0 49] iPad7, [00000276F2EC0200][00000276EA6DA640 49] iPad8, [00000276F2E67A00][00000276EA6DE7C0 49] iPadPro11, [00000276F2EC1400][00000276EA6E2940 49] iPadPro2_11, [00000276F2E67E00][00000276EA6E6AC0 49] iPadPro3_129, [00000276F2EC2700][00000276EA6EAC40 49] iPadPro4_129, [00000276F2E64200][00000276EA6EEDC0 49] AppleTV, [00000276F2EC0900][00000276EA6F2F40 49] AppleTV4K, [00000276F2E66300][00000276EA6F70C0 49] TVOS, [00000276F2EC2D00][00000276EA6FB240 49] Mac, [00000276F2E67600][00000276EA6FF3C0 49] MacClient, [00000276F2EC2100][00000276EA703540 49] MacNoEditor, [00000276F2E67000][00000276EA7076C0 49] MacServer, [00000276F2EC2600][00000276EA70B840 49] Linux, [00000276F2E65D00][00000276EA6C7980 49] LinuxAArch64, [00000276F2EC1A00][00000276E9F01AC0 49] LinuxNoEditor, [00000276F2E67B00][00000276E9F05C00 49] LinuxAArch64NoEditor, [00000276F2EC1200][00000276E9F081C0 49] LinuxClient, [00000276F2E66D00][00000276E9F10340 49] LinuxAArch64Client, [00000276F2EC0100][00000276E9F144C0 49] LinuxServer, [00000276F2E67F00][00000276E9F18640 49] LinuxAArch64Server, [00000276F2EC2C00][00000276E9F1C7C0 49] Android, [00000276F2E65C00][00000276E9F20940 49] Android_Low, [00000276F2EC3300][00000276E9F24AC0 49] Android_Mid, [00000276F2E66200][00000276E9F28C40 49] Android_High, [00000276F2EC3400][00000276E9F2CDC0 49] Android_Default, [00000276F2E65F00][00000276E9F30F40 49] Android_Adreno4xx, [00000276F2EC3F00][00000276E9F350C0 49] Android_Adreno5xx_Low, [00000276F2E64B00][00000276E9F39240 49] Android_Adreno5xx, [00000276F2EC3D00][00000276E9F3D3C0 49] Android_Adreno6xx, [00000276F2E7C500][00000276E9F41540 49] Android_Adreno6xx_Vulkan, [00000276F2E3B600][00000276E9F456C0 49] Android_Mali_T6xx, [00000276F2E7D100][00000276E9F49840 49] Android_Mali_T7xx, [00000276F2E3B300][00000276E9F4D9C0 49] Android_Mali_T8xx, [00000276F2E7EF00][00000276E9F0DB00 49] Android_Mali_G71, [00000276F2E38100][00000276E9F500C0 49] Android_Mali_G72, [00000276F2E7D600][00000276E9F54200 49] Android_Mali_G72_Vulkan, [00000276F2E39300][00000276E9F58340 49] Android_Mali_G76, [00000276F2E7FD00][00000276E9F604C0 49] Android_Mali_G76_Vulkan, [00000276F2E3AC00][00000276E9F64640 49] Android_Mali_G77, [00000276F2E7D500][00000276E9F687C0 49] Android_Mali_G77_Vulkan, [00000276F2E39800][00000276E9F6C940 49] Android_Mali_G78, [00000276F2E7E200][00000276E9F70AC0 49] Android_Mali_G78_Vulkan, [00000276F2E3BD00][00000276E9F74C40 49] Android_Mali_G710, [00000276F2E7C300][00000276E9F78DC0 49] Android_Mali_G710_Vulkan, [00000276F2E38200][00000276E9F7CF40 49] Android_Vulkan_SM5, [00000276F2E7C800][00000276E9F810C0 49] Android_PowerVR_G6xxx, [00000276F2E3A500][00000276E9F85240 49] Android_PowerVR_GT7xxx, [00000276F2E7CE00][00000276E9F893C0 49] Android_PowerVR_GE8xxx, [00000276F2E39400][00000276E9F8D540 49] Android_PowerVR_GM9xxx, [00000276F2E7CD00][00000276E9F916C0 49] Android_PowerVR_GM9xxx_Vulkan, [00000276F2E3A600][00000276E9F95840 49] Android_TegraK1, [00000276F2E7DE00][00000276E9F999C0 49] Android_Unknown_Vulkan, [00000276F2E3BC00][00000276E9F9DB40 49] Lumin, [00000276F2E7CA00][00000276E9FA0140 49] Lumin_Desktop, [00000276F2E3BB00][00000276E9F5C280 49] HoloLens, 
[2022.03.01-01.45.48:432][  0]LogMeshReduction: Using QuadricMeshReduction for automatic static mesh reduction
[2022.03.01-01.45.48:432][  0]LogMeshReduction: Using SimplygonMeshReduction for automatic skeletal mesh reduction
[2022.03.01-01.45.48:432][  0]LogMeshReduction: Using ProxyLODMeshReduction for automatic mesh merging
[2022.03.01-01.45.48:432][  0]LogMeshReduction: No distributed automatic mesh merging module available
[2022.03.01-01.45.48:432][  0]LogMeshMerging: No distributed automatic mesh merging module available
[2022.03.01-01.45.48:454][  0]LogNetVersion: GAME259_A_URE 1.0.0, NetCL: 17155196, EngineNetVer: 17, GameNetVer: 0 (Checksum: 2250587433)
[2022.03.01-01.45.48:610][  0]LogTexture: Default maximum texture size for cubemaps generated from long-lat sources has been changed from 512 to unlimited. In order to preserve old behaiour for '/Engine/MapTemplates/Sky/DaylightAmbientCubemap.DaylightAmbientCubemap', its maximum texture size has been explicitly set to 512.
[2022.03.01-01.45.48:648][  0]LogHMD: PokeAHoleMaterial loaded successfully
[2022.03.01-01.45.48:712][  0]LogMoviePlayer: Initializing movie player
[2022.03.01-01.45.48:790][  0]LogNiagaraDebuggerClient: Niagara Debugger Client Initialized | Session: C6634BAB4219C90F301F5D93543883DA | Instance: C599DCC44A0D9C2B3B25D8A8C8782CB9 (TREVORPC-20712).
[2022.03.01-01.45.48:805][  0]LogCollectionManager: Loaded 0 collections in 0.000621 seconds
[2022.03.01-01.45.48:806][  0]LogFileCache: Scanning file cache for directory 'D:/GitHub/GAME259-2022-A/GAME259_A_URE/Saved/Collections/' took 0.00s
[2022.03.01-01.45.48:806][  0]LogFileCache: Scanning file cache for directory 'D:/GitHub/GAME259-2022-A/GAME259_A_URE/Content/Developers/Trevor/Collections/' took 0.00s
[2022.03.01-01.45.48:806][  0]LogFileCache: Scanning file cache for directory 'D:/GitHub/GAME259-2022-A/GAME259_A_URE/Content/Collections/' took 0.00s
[2022.03.01-01.45.48:806][  0]LogCollectionManager: Fixed up redirectors for 0 collections in 0.000002 seconds (updated 0 objects)
[2022.03.01-01.45.48:871][  0]LogPython: Using Python 3.7.7
[2022.03.01-01.45.49:209][  0]LogTcpMessaging: Initializing TcpMessaging bridge
[2022.03.01-01.45.49:212][  0]LogUdpMessaging: Initializing bridge on interface 0.0.0.0:0 to multicast group 230.0.0.1:6666.
[2022.03.01-01.45.49:240][  0]LogSteamShared: Display: Loading Steam SDK 1.51
[2022.03.01-01.45.49:240][  0]LogSteamShared: Steam SDK Loaded!
[2022.03.01-01.45.49:380][  0]SourceControl: Source control is disabled
[2022.03.01-01.45.49:380][  0]SourceControl: Source control is disabled
[2022.03.01-01.45.49:384][  0]SourceControl: Source control is disabled
[2022.03.01-01.45.49:386][  0]LogUProjectInfo: Found projects:
[2022.03.01-01.45.49:455][  0]LogOpenImageDenoise: OIDN starting up
[2022.03.01-01.45.49:459][  0]LogAndroidPermission: UAndroidPermissionCallbackProxy::GetInstance
[2022.03.01-01.45.49:470][  0]LogAudioCaptureCore: Display: No Audio Capture implementations found. Audio input will be silent.
[2022.03.01-01.45.49:470][  0]LogAudioCaptureCore: Display: No Audio Capture implementations found. Audio input will be silent.
[2022.03.01-01.45.49:525][  0]LogOcInput: OculusInput pre-init called
[2022.03.01-01.45.49:532][  0]LogUObjectArray: 23037 objects as part of root set at end of initial load.
[2022.03.01-01.45.49:532][  0]LogUObjectAllocator: 6396240 out of 0 bytes used by permanent object pool.
[2022.03.01-01.45.49:532][  0]LogUObjectArray: CloseDisregardForGC: 0/0 objects in disregard for GC pool
[2022.03.01-01.45.49:567][  0]LogEngine: Initializing Engine...
[2022.03.01-01.45.49:567][  0]LogHMD: Failed to enumerate extensions. Please check that you have a valid OpenXR runtime installed.
[2022.03.01-01.45.49:567][  0]LogMagicLeap: Warning: VR disabled because ZI is not enabled.  To enable, in the editor, Edit -> Project Settings -> Plugins -> Magic Leap Plugin -> Enable Zero Iteration
[2022.03.01-01.45.49:568][  0]LogStats: UGameplayTagsManager::InitializeManager -  0.000 s
[2022.03.01-01.45.49:635][  0]LogInit: Initializing FReadOnlyCVARCache
[2022.03.01-01.45.49:635][  0]LogAudio: Display: Initializing Audio Device Manager...
[2022.03.01-01.45.49:638][  0]LogAudio: Display: Loading Default Audio Settings Objects...
[2022.03.01-01.45.49:638][  0]LogAudio: Display: No default SoundConcurrencyObject specified (or failed to load).
[2022.03.01-01.45.49:639][  0]LogAudio: Display: Audio Device Manager Initialized
[2022.03.01-01.45.49:639][  0]LogAudio: Display: Creating Audio Device:                 Id: 1, Scope: Shared, Realtime: True
[2022.03.01-01.45.49:639][  0]LogAudioMixer: Display: Audio Mixer Platform Settings:
[2022.03.01-01.45.49:639][  0]LogAudioMixer: Display: 	Sample Rate:						  48000
[2022.03.01-01.45.49:639][  0]LogAudioMixer: Display: 	Callback Buffer Frame Size Requested: 1024
[2022.03.01-01.45.49:639][  0]LogAudioMixer: Display: 	Callback Buffer Frame Size To Use:	  1024
[2022.03.01-01.45.49:639][  0]LogAudioMixer: Display: 	Number of buffers to queue:			  2
[2022.03.01-01.45.49:639][  0]LogAudioMixer: Display: 	Max Channels (voices):				  32
[2022.03.01-01.45.49:639][  0]LogAudioMixer: Display: 	Number of Async Source Workers:		  0
[2022.03.01-01.45.49:639][  0]LogAudio: Display: AudioDevice MaxSources: 32
[2022.03.01-01.45.49:639][  0]LogAudio: Display: Audio Spatialization Plugin: None (built-in).
[2022.03.01-01.45.49:639][  0]LogAudio: Display: Audio Reverb Plugin: None (built-in).
[2022.03.01-01.45.49:639][  0]LogAudio: Display: Audio Occlusion Plugin: None (built-in).
[2022.03.01-01.45.49:639][  0]LogAudioMixer: Display: Initializing audio mixer.
[2022.03.01-01.45.49:648][  0]LogAudioMixer: Display: 0: FrontLeft
[2022.03.01-01.45.49:648][  0]LogAudioMixer: Display: 1: FrontRight
[2022.03.01-01.45.49:659][  0]LogAudioMixer: Display: Using Audio Device Speakers (HyperX Cloud Alpha S Game)
[2022.03.01-01.45.49:662][  0]LogAudioMixer: Display: Initializing Sound Submixes...
[2022.03.01-01.45.49:663][  0]LogAudioMixer: Display: Creating Master Submix 'MasterSubmixDefault'
[2022.03.01-01.45.49:663][  0]LogAudioMixer: Display: Creating Master Submix 'MasterReverbSubmixDefault'
[2022.03.01-01.45.49:664][  0]LogAudioMixer: Display: Creating Master Submix 'MasterEQSubmixDefault'
[2022.03.01-01.45.49:664][  0]LogAudioMixer: FMixerPlatformXAudio2::StartAudioStream() called
[2022.03.01-01.45.49:664][  0]LogAudioMixer: Display: Output buffers initialized: Frames=1024, Channels=2, Samples=2048
[2022.03.01-01.45.49:665][  0]LogAudioMixer: Display: Starting AudioMixerPlatformInterface::RunInternal()
[2022.03.01-01.45.49:665][  0]LogAudioMixer: Display: FMixerPlatformXAudio2::SubmitBuffer() called for the first time
[2022.03.01-01.45.49:665][  0]LogInit: FAudioDevice initialized.
[2022.03.01-01.45.49:665][  0]LogNetVersion: Set ProjectVersion to 1.0.0.0. Version Checksum will be recalculated on next use.
[2022.03.01-01.45.49:668][  0]LogInit: Texture streaming: Enabled
[2022.03.01-01.45.49:711][  0]LogAudio: Display: Audio Device (ID: 1) registered with world 'Untitled'.
[2022.03.01-01.45.49:712][  0]LogSlate: Updating window title bar state: overlay mode, drag disabled, window buttons hidden, title bar hidden
[2022.03.01-01.45.49:712][  0]LogInit: Display: Game Engine Initialized.
[2022.03.01-01.45.49:712][  0]LogNiagaraEditor: GEditor isn't valid! Particle reset commands will not work for Niagara components!
[2022.03.01-01.45.49:753][  0]LogInit: Display: Starting Game.
[2022.03.01-01.45.49:753][  0]LogNet: Browse: /Game/UI/Maps/L_MainMenu?Name=Player
[2022.03.01-01.45.49:753][  0]LogLoad: LoadMap: /Game/UI/Maps/L_MainMenu?Name=Player
[2022.03.01-01.45.49:754][  0]LogWorld: BeginTearingDown for /Temp/Untitled_0
[2022.03.01-01.45.49:754][  0]LogWorld: UWorld::CleanupWorld for Untitled, bSessionEnded=true, bCleanupResources=true
[2022.03.01-01.45.49:755][  0]LogSlate: InvalidateAllWidgets triggered.  All widgets were invalidated
[2022.03.01-01.45.49:759][  0]LogAudio: Display: Audio Device unregistered from world 'None'.
[2022.03.01-01.45.49:761][  0]LogUObjectHash: Compacting FUObjectHashTables data took   0.66ms
[2022.03.01-01.45.49:802][  0]LogAudio: Display: Audio Device (ID: 1) registered with world 'L_MainMenu'.
[2022.03.01-01.45.49:807][  0]LogAIModule: Creating AISystem for world L_MainMenu
[2022.03.01-01.45.49:807][  0]LogLoad: Game class is 'GM_MainMenu_C'
[2022.03.01-01.45.49:808][  0]LogWorld: Bringing World /Game/UI/Maps/L_MainMenu.L_MainMenu up for play (max tick rate 0) at 2022.02.28-20.45.49
[2022.03.01-01.45.49:808][  0]LogWorld: Bringing up level for play took: 0.000309
[2022.03.01-01.45.49:808][  0]LogGameMode: FindPlayerStart: PATHS NOT DEFINED or NO PLAYERSTART with positive rating
[2022.03.01-01.45.49:809][  0]LogLoad: Took 0.055782 seconds to LoadMap(/Game/UI/Maps/L_MainMenu)
[2022.03.01-01.45.49:885][  0]LogSlate: Took 0.000115 seconds to synchronously load lazily loaded font '../../../Engine/Content/Slate/Fonts/Roboto-Regular.ttf' (155K)
[2022.03.01-01.45.49:919][  0]LogRenderer: Reallocating scene render targets to support 1272x688 Format 10 NumSamples 1 (Frame:1).
[2022.03.01-01.45.49:919][  0]LogInit: Display: Engine is initialized. Leaving FEngineLoop::Init()
[2022.03.01-01.45.49:919][  0]LogLoad: (Engine Initialization) Total time: 3.83 seconds
[2022.03.01-01.45.49:919][  0]LogLoad: (Engine Initialization) Total Blueprint compile time: 0.00 seconds
[2022.03.01-01.45.49:921][  0]LogContentStreaming: Texture pool size now 600 MB
[2022.03.01-01.45.49:923][  0]LogSlate: InvalidateAllWidgets triggered.  All widgets were invalidated
[2022.03.01-01.45.49:984][  1]LogSlate: Took 0.000093 seconds to synchronously load lazily loaded font '../../../Engine/Content/Slate/Fonts/Roboto-Regular.ttf' (155K)
[2022.03.01-01.45.55:969][203]r.SetRes = "2560x1440"
[2022.03.01-01.45.56:075][204]LogRenderer: Reallocating scene render targets to support 2560x1080 Format 10 NumSamples 1 (Frame:3207).
[2022.03.01-01.45.57:034][513]r.SetRes = "1920x1080"
[2022.03.01-01.45.57:136][514]LogRenderer: Reallocating scene render targets to support 1920x1080 Format 10 NumSamples 1 (Frame:3518).
[2022.03.01-01.45.57:921][923]r.SetRes = "1280x720"
[2022.03.01-01.45.58:027][926]LogRenderer: Reallocating scene render targets to support 1280x720 Format 10 NumSamples 1 (Frame:3931).
[2022.03.01-01.46.02:786][432]Closing by request
[2022.03.01-01.46.02:786][432]LogWindows: FPlatformMisc::RequestExit(0)
[2022.03.01-01.46.02:786][432]LogWindows: FPlatformMisc::RequestExitWithStatus(0, 0)
[2022.03.01-01.46.02:786][432]LogCore: Engine exit requested (reason: Win RequestExit)
[2022.03.01-01.46.02:787][433]LogCore: Engine exit requested (reason: EngineExit() was called; note: exit was already requested)
[2022.03.01-01.46.02:787][433]LogInit: Display: PreExit Game.
[2022.03.01-01.46.02:787][433]LogWorld: BeginTearingDown for /Game/UI/Maps/L_MainMenu
[2022.03.01-01.46.02:788][433]LogWorld: UWorld::CleanupWorld for L_MainMenu, bSessionEnded=true, bCleanupResources=true
[2022.03.01-01.46.02:788][433]LogSlate: InvalidateAllWidgets triggered.  All widgets were invalidated
[2022.03.01-01.46.03:575][433]LogAudio: Display: Beginning Audio Device Manager Shutdown (Module: AudioMixerXAudio2)...
[2022.03.01-01.46.03:575][433]LogAudio: Display: Destroying 1 Remaining Audio Device(s)...
[2022.03.01-01.46.03:575][433]LogAudio: Display: Audio Device unregistered from world 'L_MainMenu'.
[2022.03.01-01.46.03:622][433]LogAudioMixer: FMixerPlatformXAudio2::StopAudioStream() called
[2022.03.01-01.46.03:622][433]LogAudioMixer: FMixerPlatformXAudio2::StopAudioStream() called
[2022.03.01-01.46.03:624][433]LogAudio: Display: Audio Device Manager Shutdown
[2022.03.01-01.46.03:632][433]LogSlate: Window 'GAME259_A_URE (64-bit Development PCD3D_SM5) ' being destroyed
[2022.03.01-01.46.03:632][433]LogWindowsTextInputMethodSystem: Display: IME system deactivated.
[2022.03.01-01.46.03:635][433]LogWindowsTextInputMethodSystem: Display: IME system deactivated.
[2022.03.01-01.46.03:638][433]LogExit: Preparing to exit.
[2022.03.01-01.46.04:228][433]LogUObjectHash: Compacting FUObjectHashTables data took   0.65ms
[2022.03.01-01.46.04:315][433]LogMoviePlayer: Shutting down movie player
[2022.03.01-01.46.04:336][433]LogSlate: Updating window title bar state: overlay mode, drag disabled, window buttons hidden, title bar hidden
[2022.03.01-01.46.04:339][433]LogDemo: Cleaned up 0 splitscreen connections with owner deletion
[2022.03.01-01.46.04:343][433]LogExit: Game engine shut down
[2022.03.01-01.46.04:370][433]LogExit: Object subsystem successfully closed.
[2022.03.01-01.46.04:380][433]LogShaderCompilers: Display: === FShaderJobCache stats ===
[2022.03.01-01.46.04:380][433]LogShaderCompilers: Display: Total job queries 0, among them cache hits 0 (0.00%)
[2022.03.01-01.46.04:380][433]LogShaderCompilers: Display: Tracking 0 distinct input hashes that result in 0 distinct outputs (0.00%)
[2022.03.01-01.46.04:380][433]LogShaderCompilers: Display: RAM used: 0.00 MB (0.00 GB) of 819.20 MB (0.80 GB) budget. Usage: 0.00%
[2022.03.01-01.46.04:380][433]LogShaderCompilers: Display: ================================================
[2022.03.01-01.46.04:392][433]LogShaderCompilers: Display: Shaders left to compile 0
[2022.03.01-01.46.04:397][433]LogModuleManager: Shutting down and abandoning module SequenceRecorderSections (560)
[2022.03.01-01.46.04:397][433]LogModuleManager: Shutting down and abandoning module SequenceRecorder (558)
[2022.03.01-01.46.04:397][433]LogModuleManager: Shutting down and abandoning module AutomationController (556)
[2022.03.01-01.46.04:397][433]LogModuleManager: Shutting down and abandoning module AutomationWorker (554)
[2022.03.01-01.46.04:397][433]LogModuleManager: Shutting down and abandoning module Voice (552)
[2022.03.01-01.46.04:397][433]LogModuleManager: Shutting down and abandoning module AIModule (550)
[2022.03.01-01.46.04:397][433]LogModuleManager: Shutting down and abandoning module GameplayDebugger (549)
[2022.03.01-01.46.04:397][433]LogModuleManager: Shutting down and abandoning module AITestSuite (547)
[2022.03.01-01.46.04:397][433]LogModuleManager: Shutting down and abandoning module NavigationSystem (545)
[2022.03.01-01.46.04:397][433]LogModuleManager: Shutting down and abandoning module OculusMR (542)
[2022.03.01-01.46.04:397][433]LogModuleManager: Shutting down and abandoning module TakeRecorderSources (540)
[2022.03.01-01.46.04:397][433]LogModuleManager: Shutting down and abandoning module TakeRecorder (539)
[2022.03.01-01.46.04:397][433]LogModuleManager: Shutting down and abandoning module TakeTrackRecorders (536)
[2022.03.01-01.46.04:397][433]LogModuleManager: Shutting down and abandoning module TakesCore (534)
[2022.03.01-01.46.04:397][433]LogModuleManager: Shutting down and abandoning module OpenXRInput (532)
[2022.03.01-01.46.04:397][433]LogModuleManager: Shutting down and abandoning module PlanarCut (530)
[2022.03.01-01.46.04:397][433]LogModuleManager: Shutting down and abandoning module WmfMediaFactory (528)
[2022.03.01-01.46.04:397][433]LogModuleManager: Shutting down and abandoning module WebMMediaFactory (526)
[2022.03.01-01.46.04:397][433]LogModuleManager: Shutting down and abandoning module WebMMedia (524)
[2022.03.01-01.46.04:397][433]LogModuleManager: Shutting down and abandoning module OpenExrWrapper (522)
[2022.03.01-01.46.04:397][433]LogModuleManager: Shutting down and abandoning module ImgMediaFactory (520)
[2022.03.01-01.46.04:397][433]LogModuleManager: Shutting down and abandoning module CharacterAI (518)
[2022.03.01-01.46.04:397][433]LogModuleManager: Shutting down and abandoning module MagicLeapMediaCodecFactory (516)
[2022.03.01-01.46.04:397][433]LogModuleManager: Shutting down and abandoning module MagicLeapMediaFactory (514)
[2022.03.01-01.46.04:397][433]LogModuleManager: Shutting down and abandoning module AvfMediaFactory (512)
[2022.03.01-01.46.04:397][433]LogModuleManager: Shutting down and abandoning module SessionServices (510)
[2022.03.01-01.46.04:397][433]LogModuleManager: Shutting down and abandoning module MovieSceneCapture (508)
[2022.03.01-01.46.04:397][433]LogModuleManager: Shutting down and abandoning module LiveCoding (506)
[2022.03.01-01.46.04:398][433]LogModuleManager: Shutting down and abandoning module LevelSequence (504)
[2022.03.01-01.46.04:398][433]LogModuleManager: Shutting down and abandoning module MovieSceneTracks (502)
[2022.03.01-01.46.04:398][433]LogModuleManager: Shutting down and abandoning module MovieScene (500)
[2022.03.01-01.46.04:398][433]LogModuleManager: Shutting down and abandoning module StreamingPauseRendering (498)
[2022.03.01-01.46.04:398][433]LogModuleManager: Shutting down and abandoning module PortalServices (496)
[2022.03.01-01.46.04:398][433]LogModuleManager: Shutting down and abandoning module PortalRpc (494)
[2022.03.01-01.46.04:398][433]LogModuleManager: Shutting down and abandoning module MessagingRpc (492)
[2022.03.01-01.46.04:398][433]LogModuleManager: Shutting down and abandoning module AudioMixerXAudio2 (490)
[2022.03.01-01.46.04:398][433]LogModuleManager: Shutting down and abandoning module AudioMixerCore (489)
[2022.03.01-01.46.04:398][433]LogModuleManager: Shutting down and abandoning module ImageWriteQueue (486)
[2022.03.01-01.46.04:400][433]LogModuleManager: Shutting down and abandoning module ProfilerService (484)
[2022.03.01-01.46.04:566][433]LogModuleManager: Shutting down and abandoning module TaskGraph (482)
[2022.03.01-01.46.04:566][433]LogModuleManager: Shutting down and abandoning module OculusInput (480)
[2022.03.01-01.46.04:566][433]LogModuleManager: Shutting down and abandoning module EOSVoiceChat (478)
[2022.03.01-01.46.04:566][433]LogModuleManager: Shutting down and abandoning module Synthesis (476)
[2022.03.01-01.46.04:566][433]LogModuleManager: Shutting down and abandoning module TakeMovieScene (474)
[2022.03.01-01.46.04:566][433]LogModuleManager: Shutting down and abandoning module ProceduralMeshComponent (472)
[2022.03.01-01.46.04:566][433]LogModuleManager: Shutting down and abandoning module MobilePatchingUtils (470)
[2022.03.01-01.46.04:566][433]LogModuleManager: Shutting down and abandoning module GooglePAD (466)
[2022.03.01-01.46.04:566][433]LogModuleManager: Shutting down and abandoning module EditableMesh (464)
[2022.03.01-01.46.04:566][433]LogModuleManager: Shutting down and abandoning module CustomMeshComponent (462)
[2022.03.01-01.46.04:566][433]LogModuleManager: Shutting down and abandoning module CableComponent (460)
[2022.03.01-01.46.04:566][433]LogModuleManager: Shutting down and abandoning module ArchVisCharacter (458)
[2022.03.01-01.46.04:566][433]LogModuleManager: Shutting down and abandoning module AudioCapture (456)
[2022.03.01-01.46.04:566][433]LogModuleManager: Shutting down and abandoning module AudioCaptureRtAudio (455)
[2022.03.01-01.46.04:566][433]LogModuleManager: Shutting down and abandoning module AssetTags (452)
[2022.03.01-01.46.04:566][433]LogModuleManager: Shutting down and abandoning module AppleImageUtilsBlueprintSupport (450)
[2022.03.01-01.46.04:566][433]LogModuleManager: Shutting down and abandoning module AppleImageUtils (448)
[2022.03.01-01.46.04:566][433]LogModuleManager: Shutting down and abandoning module AndroidPermission (446)
[2022.03.01-01.46.04:566][433]LogModuleManager: Shutting down and abandoning module TemplateSequence (444)
[2022.03.01-01.46.04:566][433]LogModuleManager: Shutting down and abandoning module ActorLayerUtilities (442)
[2022.03.01-01.46.04:566][433]LogModuleManager: Shutting down and abandoning module OpenImageDenoise (440)
[2022.03.01-01.46.04:566][433]LogOpenImageDenoise: OIDN shutting down
[2022.03.01-01.46.04:566][433]LogModuleManager: Shutting down and abandoning module MotoSynth (438)
[2022.03.01-01.46.04:566][433]LogModuleManager: Shutting down and abandoning module MeshConversion (436)
[2022.03.01-01.46.04:566][433]LogModuleManager: Shutting down and abandoning module DynamicMesh (434)
[2022.03.01-01.46.04:566][433]LogModuleManager: Shutting down and abandoning module GeometryAlgorithms (432)
[2022.03.01-01.46.04:566][433]LogModuleManager: Shutting down and abandoning module GeometricObjects (430)
[2022.03.01-01.46.04:566][433]LogModuleManager: Shutting down and abandoning module MediaCompositing (428)
[2022.03.01-01.46.04:566][433]LogModuleManager: Shutting down and abandoning module ImgMedia (426)
[2022.03.01-01.46.04:566][433]LogModuleManager: Shutting down and abandoning module GeometryCollectionTracks (424)
[2022.03.01-01.46.04:566][433]LogModuleManager: Shutting down and abandoning module GeometryCollectionSequencer (423)
[2022.03.01-01.46.04:566][433]LogModuleManager: Shutting down and abandoning module GeometryCacheTracks (420)
[2022.03.01-01.46.04:566][433]LogModuleManager: Shutting down and abandoning module GeometryCacheSequencer (419)
[2022.03.01-01.46.04:566][433]LogModuleManager: Shutting down and abandoning module GeometryCache (416)
[2022.03.01-01.46.04:567][433]LogModuleManager: Shutting down and abandoning module GeometryCacheEd (415)
[2022.03.01-01.46.04:567][433]LogModuleManager: Shutting down and abandoning module MagicLeapSharedWorld (412)
[2022.03.01-01.46.04:567][433]LogModuleManager: Shutting down and abandoning module ChaosNiagara (410)
[2022.03.01-01.46.04:567][433]LogModuleManager: Shutting down and abandoning module FieldSystemEngine (409)
[2022.03.01-01.46.04:567][433]LogModuleManager: Shutting down and abandoning module MagicLeapLightEstimation (406)
[2022.03.01-01.46.04:567][433]LogModuleManager: Shutting down and abandoning module MagicLeapHelperVulkan (404)
[2022.03.01-01.46.04:567][433]LogModuleManager: Shutting down and abandoning module MagicLeapHelperOpenGL (402)
[2022.03.01-01.46.04:567][433]LogModuleManager: Shutting down and abandoning module MagicLeapAudio (400)
[2022.03.01-01.46.04:567][433]LogModuleManager: Shutting down and abandoning module BackChannel (398)
[2022.03.01-01.46.04:567][433]LogModuleManager: Shutting down and abandoning module AutomationUtils (396)
[2022.03.01-01.46.04:567][433]LogModuleManager: Shutting down and abandoning module VisualStudioSourceCodeAccess (394)
[2022.03.01-01.46.04:567][433]LogModuleManager: Shutting down and abandoning module HotReload (393)
[2022.03.01-01.46.04:567][433]LogModuleManager: Shutting down and abandoning module VisualStudioCodeSourceCodeAccess (390)
[2022.03.01-01.46.04:567][433]LogModuleManager: Shutting down and abandoning module PerforceSourceControl (388)
[2022.03.01-01.46.04:567][433]LogModuleManager: Shutting down and abandoning module UObjectPlugin (386)
[2022.03.01-01.46.04:567][433]LogModuleManager: Shutting down and abandoning module SubversionSourceControl (384)
[2022.03.01-01.46.04:567][433]LogModuleManager: Shutting down and abandoning module SourceControl (383)
[2022.03.01-01.46.04:567][433]LogModuleManager: Shutting down and abandoning module CLionSourceCodeAccess (380)
[2022.03.01-01.46.04:567][433]LogModuleManager: Shutting down and abandoning module OodleNetworkHandlerComponent (378)
[2022.03.01-01.46.04:567][433]LogModuleManager: Shutting down and abandoning module LiveLinkSequencer (376)
[2022.03.01-01.46.04:567][433]LogModuleManager: Shutting down and abandoning module LiveLinkMovieScene (374)
[2022.03.01-01.46.04:567][433]LogModuleManager: Shutting down and abandoning module LiveLinkGraphNode (372)
[2022.03.01-01.46.04:567][433]LogModuleManager: Shutting down and abandoning module LiveLinkComponents (370)
[2022.03.01-01.46.04:567][433]LogModuleManager: Shutting down and abandoning module LiveLink (368)
[2022.03.01-01.46.05:358][433]LogModuleManager: Shutting down and abandoning module GAME259_A_URE (366)
[2022.03.01-01.46.05:358][433]LogModuleManager: Shutting down and abandoning module AnimGraph (365)
[2022.03.01-01.46.05:358][433]LogModuleManager: Shutting down and abandoning module SteamShared (362)
[2022.03.01-01.46.05:358][433]LogSteamShared: Freeing the Steam Loaded Modules...
[2022.03.01-01.46.05:358][433]LogModuleManager: Shutting down and abandoning module LightPropagationVolumeRuntime (360)
[2022.03.01-01.46.05:358][433]LogModuleManager: Shutting down and abandoning module SoundFields (358)
[2022.03.01-01.46.05:358][433]LogModuleManager: Shutting down and abandoning module RuntimePhysXCooking (356)
[2022.03.01-01.46.05:358][433]LogModuleManager: Shutting down and abandoning module SignificanceManager (354)
[2022.03.01-01.46.05:358][433]LogModuleManager: Shutting down and abandoning module PropertyAccessEditor (352)
[2022.03.01-01.46.05:358][433]LogModuleManager: Shutting down and abandoning module PhysXVehiclesEditor (350)
[2022.03.01-01.46.05:358][433]LogModuleManager: Shutting down and abandoning module LocationServicesBPLibrary (346)
[2022.03.01-01.46.05:358][433]LogModuleManager: Shutting down and abandoning module AudioSynesthesia (344)
[2022.03.01-01.46.05:358][433]LogModuleManager: Shutting down and abandoning module AudioSynesthesiaCore (342)
[2022.03.01-01.46.05:358][433]LogModuleManager: Shutting down and abandoning module ActorSequence (340)
[2022.03.01-01.46.05:358][433]LogModuleManager: Shutting down and abandoning module UdpMessaging (338)
[2022.03.01-01.46.05:460][433]LogModuleManager: Shutting down and abandoning module TcpMessaging (336)
[2022.03.01-01.46.05:561][433]LogModuleManager: Shutting down and abandoning module PythonScriptPlugin (334)
[2022.03.01-01.46.05:561][433]LogModuleManager: Shutting down and abandoning module ImgMediaEngine (332)
[2022.03.01-01.46.05:561][433]LogModuleManager: Shutting down and abandoning module MagicLeapARPin (330)
[2022.03.01-01.46.05:561][433]LogModuleManager: Shutting down and abandoning module MagicLeapHandMeshing (328)
[2022.03.01-01.46.05:561][433]LogModuleManager: Shutting down and abandoning module MagicLeapSecureStorage (326)
[2022.03.01-01.46.05:561][433]LogModuleManager: Shutting down and abandoning module MagicLeapPrivileges (324)
[2022.03.01-01.46.05:561][433]LogModuleManager: Shutting down and abandoning module MagicLeapPlanes (322)
[2022.03.01-01.46.05:561][433]LogMagicLeapPlanes: Planes tracker already destroyed.
[2022.03.01-01.46.05:561][433]LogModuleManager: Shutting down and abandoning module MagicLeapImageTracker (320)
[2022.03.01-01.46.05:561][433]LogModuleManager: Shutting down and abandoning module MagicLeapIdentity (318)
[2022.03.01-01.46.05:561][433]LogModuleManager: Shutting down and abandoning module MagicLeapHandTracking (316)
[2022.03.01-01.46.05:561][433]LogModuleManager: Shutting down and abandoning module MagicLeapEyeTracker (314)
[2022.03.01-01.46.05:561][433]LogModuleManager: Shutting down and abandoning module MagicLeapController (312)
[2022.03.01-01.46.05:561][433]LogModuleManager: Shutting down and abandoning module MagicLeapARPinImpl (310)
[2022.03.01-01.46.05:561][433]LogModuleManager: Shutting down and abandoning module MagicLeapAR (308)
[2022.03.01-01.46.05:561][433]LogModuleManager: Shutting down and abandoning module NiagaraAnimNotifies (306)
[2022.03.01-01.46.05:561][433]LogModuleManager: Shutting down and abandoning module Niagara (304)
[2022.03.01-01.46.05:561][433]LogModuleManager: Shutting down and abandoning module SignalProcessing (303)
[2022.03.01-01.46.05:561][433]LogModuleManager: Shutting down and abandoning module NiagaraEditor (301)
[2022.03.01-01.46.05:561][433]LogModuleManager: Shutting down and abandoning module ContentBrowser (300)
[2022.03.01-01.46.05:561][433]LogModuleManager: Shutting down and abandoning module CollectionManager (299)
[2022.03.01-01.46.05:561][433]LogModuleManager: Shutting down and abandoning module DirectoryWatcher (298)
[2022.03.01-01.46.05:561][433]LogModuleManager: Shutting down and abandoning module ContentBrowserData (295)
[2022.03.01-01.46.05:561][433]LogModuleManager: Shutting down and abandoning module NiagaraCore (290)
[2022.03.01-01.46.05:561][433]LogModuleManager: Shutting down and abandoning module FacialAnimation (288)
[2022.03.01-01.46.05:561][433]LogModuleManager: Shutting down and abandoning module GameplayTagsEditor (286)
[2022.03.01-01.46.05:561][433]LogModuleManager: Shutting down and abandoning module AssetManagerEditor (284)
[2022.03.01-01.46.05:561][433]LogModuleManager: Shutting down and abandoning module TreeMap (283)
[2022.03.01-01.46.05:561][433]LogModuleManager: Shutting down and abandoning module PropertyAccessNode (280)
[2022.03.01-01.46.05:561][433]LogModuleManager: Shutting down and abandoning module GameplayCameras (278)
[2022.03.01-01.46.05:561][433]LogModuleManager: Shutting down and abandoning module AnimationSharing (276)
[2022.03.01-01.46.05:561][433]LogModuleManager: Shutting down and abandoning module EnvironmentQueryEditor (274)
[2022.03.01-01.46.05:561][433]LogModuleManager: Shutting down and abandoning module Paper2D (272)
[2022.03.01-01.46.05:561][433]LogModuleManager: Shutting down and abandoning module WebMMoviePlayer (270)
[2022.03.01-01.46.05:561][433]LogModuleManager: Shutting down and abandoning module WindowsMoviePlayer (268)
[2022.03.01-01.46.05:562][433]LogModuleManager: Shutting down and abandoning module NetworkReplayStreaming (266)
[2022.03.01-01.46.05:562][433]LogModuleManager: Shutting down and abandoning module PacketHandler (264)
[2022.03.01-01.46.05:562][433]LogModuleManager: Shutting down and abandoning module ClothingSystemEditor (262)
[2022.03.01-01.46.05:562][433]LogModuleManager: Shutting down and abandoning module ClothingSystemRuntimeNv (260)
[2022.03.01-01.46.05:562][433]LogModuleManager: Shutting down and abandoning module MediaAssets (258)
[2022.03.01-01.46.05:562][433]LogModuleManager: Shutting down and abandoning module Overlay (256)
[2022.03.01-01.46.05:562][433]LogModuleManager: Shutting down and abandoning module OverlayEditor (255)
[2022.03.01-01.46.05:562][433]LogModuleManager: Shutting down and abandoning module VREditor (252)
[2022.03.01-01.46.05:562][433]LogModuleManager: Shutting down and abandoning module StringTableEditor (250)
[2022.03.01-01.46.05:562][433]LogModuleManager: Shutting down and abandoning module GameplayTasksEditor (248)
[2022.03.01-01.46.05:562][433]LogModuleManager: Shutting down and abandoning module BehaviorTreeEditor (246)
[2022.03.01-01.46.05:562][433]LogModuleManager: Shutting down and abandoning module FunctionalTesting (244)
[2022.03.01-01.46.05:562][433]LogModuleManager: Shutting down and abandoning module CollisionAnalyzer (242)
[2022.03.01-01.46.05:562][433]LogModuleManager: Shutting down and abandoning module WorkspaceMenuStructure (241)
[2022.03.01-01.46.05:562][433]LogModuleManager: Shutting down and abandoning module UMG (238)
[2022.03.01-01.46.05:562][433]LogModuleManager: Shutting down and abandoning module UMGEditor (237)
[2022.03.01-01.46.05:562][433]LogModuleManager: Shutting down and abandoning module Sequencer (236)
[2022.03.01-01.46.05:562][433]LogModuleManager: Shutting down and abandoning module MessageLog (233)
[2022.03.01-01.46.05:562][433]LogModuleManager: Shutting down and abandoning module SlateReflector (228)
[2022.03.01-01.46.05:562][433]LogModuleManager: Shutting down and abandoning module Slate (226)
[2022.03.01-01.46.05:562][433]LogModuleManager: Shutting down and abandoning module SlateCore (224)
[2022.03.01-01.46.05:563][433]LogModuleManager: Shutting down and abandoning module LandscapeEditorUtilities (222)
[2022.03.01-01.46.05:563][433]LogModuleManager: Shutting down and abandoning module UnrealEd (220)
[2022.03.01-01.46.05:563][433]LogModuleManager: Shutting down and abandoning module MRMesh (218)
[2022.03.01-01.46.05:563][433]LogModuleManager: Shutting down and abandoning module Messaging (216)
[2022.03.01-01.46.05:563][433]LogModuleManager: Shutting down and abandoning module SourceCodeAccess (214)
[2022.03.01-01.46.05:563][433]LogModuleManager: Shutting down and abandoning module HeadMountedDisplay (212)
[2022.03.01-01.46.05:563][433]LogModuleManager: Shutting down and abandoning module XAudio2 (210)
[2022.03.01-01.46.05:563][433]LogModuleManager: Shutting down and abandoning module Networking (208)
[2022.03.01-01.46.05:563][433]LogModuleManager: Shutting down and abandoning module Core (206)
[2022.03.01-01.46.05:563][433]LogModuleManager: Shutting down and abandoning module MaterialEditor (204)
[2022.03.01-01.46.05:563][433]LogModuleManager: Shutting down and abandoning module MovieSceneTools (202)
[2022.03.01-01.46.05:563][433]LogModuleManager: Shutting down and abandoning module EditorStyle (201)
[2022.03.01-01.46.05:563][433]LogModuleManager: Shutting down and abandoning module KismetCompiler (198)
[2022.03.01-01.46.05:563][433]LogModuleManager: Shutting down and abandoning module MeshBuilder (196)
[2022.03.01-01.46.05:563][433]LogModuleManager: Shutting down and abandoning module MeshUtilities (194)
[2022.03.01-01.46.05:563][433]LogModuleManager: Shutting down and abandoning module MeshMergeUtilities (193)
[2022.03.01-01.46.05:563][433]LogModuleManager: Shutting down and abandoning module MeshReductionInterface (192)
[2022.03.01-01.46.05:563][433]LogModuleManager: Shutting down and abandoning module MeshBoneReduction (191)
[2022.03.01-01.46.05:563][433]LogModuleManager: Shutting down and abandoning module SkeletalMeshReduction (189)
[2022.03.01-01.46.05:563][433]LogModuleManager: Shutting down and abandoning module ProxyLODMeshReduction (187)
[2022.03.01-01.46.05:563][433]LogModuleManager: Shutting down and abandoning module QuadricMeshReduction (185)
[2022.03.01-01.46.05:563][433]LogModuleManager: Shutting down and abandoning module MaterialBaking (181)
[2022.03.01-01.46.05:563][433]LogModuleManager: Shutting down and abandoning module NullInstallBundleManager (176)
[2022.03.01-01.46.05:563][433]LogModuleManager: Shutting down and abandoning module PIEPreviewDeviceProfileSelector (174)
[2022.03.01-01.46.05:563][433]LogModuleManager: Shutting down and abandoning module DerivedDataCache (172)
[2022.03.01-01.46.05:563][433]LogModuleManager: Shutting down and abandoning module TargetPlatform (170)
[2022.03.01-01.46.05:563][433]LogModuleManager: Shutting down and abandoning module VulkanShaderFormat (169)
[2022.03.01-01.46.05:564][433]LogModuleManager: Shutting down and abandoning module ShaderFormatVectorVM (167)
[2022.03.01-01.46.05:564][433]LogModuleManager: Shutting down and abandoning module ShaderFormatOpenGL (165)
[2022.03.01-01.46.05:564][433]LogModuleManager: Shutting down and abandoning module ShaderFormatD3D (163)
[2022.03.01-01.46.05:564][433]LogModuleManager: Shutting down and abandoning module MetalShaderFormat (161)
[2022.03.01-01.46.05:564][433]LogModuleManager: Shutting down and abandoning module TextureFormatOodle (159)
[2022.03.01-01.46.05:564][433]LogModuleManager: Shutting down and abandoning module TextureFormatUncompressed (157)
[2022.03.01-01.46.05:564][433]LogModuleManager: Shutting down and abandoning module TextureFormatPVR (155)
[2022.03.01-01.46.05:564][433]LogModuleManager: Shutting down and abandoning module TextureFormatETC2 (153)
[2022.03.01-01.46.05:564][433]LogModuleManager: Shutting down and abandoning module TextureFormatDXT (151)
[2022.03.01-01.46.05:564][433]LogModuleManager: Shutting down and abandoning module TextureFormatIntelISPCTexComp (149)
[2022.03.01-01.46.05:564][433]LogModuleManager: Shutting down and abandoning module TextureFormatASTC (147)
[2022.03.01-01.46.05:564][433]LogModuleManager: Shutting down and abandoning module ImageWrapper (146)
[2022.03.01-01.46.05:564][433]LogModuleManager: Shutting down and abandoning module AudioFormatOpus (143)
[2022.03.01-01.46.05:564][433]LogModuleManager: Shutting down and abandoning module AudioFormatOgg (141)
[2022.03.01-01.46.05:564][433]LogModuleManager: Shutting down and abandoning module AudioFormatADPCM (139)
[2022.03.01-01.46.05:564][433]LogModuleManager: Shutting down and abandoning module WindowsServerTargetPlatform (137)
[2022.03.01-01.46.05:564][433]LogModuleManager: Shutting down and abandoning module WindowsClientTargetPlatform (135)
[2022.03.01-01.46.05:564][433]LogModuleManager: Shutting down and abandoning module WindowsTargetPlatform (133)
[2022.03.01-01.46.05:564][433]LogModuleManager: Shutting down and abandoning module WindowsNoEditorTargetPlatform (131)
[2022.03.01-01.46.05:564][433]LogModuleManager: Shutting down and abandoning module D3D11RHI (128)
[2022.03.01-01.46.05:564][433]LogModuleManager: Shutting down and abandoning module InputCore (126)
[2022.03.01-01.46.05:564][433]LogModuleManager: Shutting down and abandoning module Settings (124)
[2022.03.01-01.46.05:564][433]LogModuleManager: Shutting down and abandoning module PhysXCooking (122)
[2022.03.01-01.46.05:564][433]LogModuleManager: Shutting down and abandoning module Chaos (120)
[2022.03.01-01.46.05:564][433]LogModuleManager: Shutting down and abandoning module WindowsPlatformFeatures (118)
[2022.03.01-01.46.05:564][433]LogModuleManager: Shutting down and abandoning module GameplayMediaEncoder (117)
[2022.03.01-01.46.05:564][433]LogModuleManager: Shutting down and abandoning module AVEncoder (116)
[2022.03.01-01.46.05:564][433]LogModuleManager: Shutting down and abandoning module OculusHMD (112)
[2022.03.01-01.46.05:564][433]LogModuleManager: Shutting down and abandoning module OpenXRHandTracking (110)
[2022.03.01-01.46.05:564][433]LogSlate: Slate User Destroyed.  User Index 0, Is Virtual User: 0
[2022.03.01-01.46.05:564][433]LogModuleManager: Shutting down and abandoning module OpenXRAR (108)
[2022.03.01-01.46.05:564][433]LogModuleManager: Shutting down and abandoning module AugmentedReality (107)
[2022.03.01-01.46.05:564][433]LogModuleManager: Shutting down and abandoning module OpenXRHMD (104)
[2022.03.01-01.46.05:564][433]LogModuleManager: Shutting down and abandoning module OpenXREyeTracker (102)
[2022.03.01-01.46.05:564][433]LogModuleManager: Shutting down and abandoning module OnlineBlueprintSupport (100)
[2022.03.01-01.46.05:564][433]LogModuleManager: Shutting down and abandoning module OnlineSubsystem (96)
[2022.03.01-01.46.05:565][433]LogModuleManager: Shutting down and abandoning module XMPP (91)
[2022.03.01-01.46.05:565][433]LogModuleManager: Shutting down and abandoning module WebSockets (90)
[2022.03.01-01.46.05:580][433]LogModuleManager: Shutting down and abandoning module HTTP (87)
[2022.03.01-01.46.05:580][433]LogHttp: Display: cleaning up 0 outstanding Http requests.
[2022.03.01-01.46.05:593][433]LogModuleManager: Shutting down and abandoning module SSL (86)
[2022.03.01-01.46.05:594][433]LogModuleManager: Shutting down and abandoning module EOSShared (82)
[2022.03.01-01.46.05:594][433]LogModuleManager: Shutting down and abandoning module ExampleDeviceProfileSelector (80)
[2022.03.01-01.46.05:594][433]LogModuleManager: Shutting down and abandoning module ChunkDownloader (78)
[2022.03.01-01.46.05:594][433]LogModuleManager: Shutting down and abandoning module LauncherChunkInstaller (76)
[2022.03.01-01.46.05:594][433]LogModuleManager: Shutting down and abandoning module WmfMedia (74)
[2022.03.01-01.46.05:595][433]LogModuleManager: Shutting down and abandoning module Media (73)
[2022.03.01-01.46.05:595][433]LogModuleManager: Shutting down and abandoning module MediaInfo (72)
[2022.03.01-01.46.05:595][433]LogModuleManager: Shutting down and abandoning module ExrReaderGpu (68)
[2022.03.01-01.46.05:595][433]LogModuleManager: Shutting down and abandoning module MLSDK (66)
[2022.03.01-01.46.05:595][433]LogModuleManager: Shutting down and abandoning module ChaosCloth (64)
[2022.03.01-01.46.05:595][433]LogModuleManager: Shutting down and abandoning module MagicLeap (62)
[2022.03.01-01.46.05:595][433]LogModuleManager: Shutting down and abandoning module NiagaraVertexFactories (60)
[2022.03.01-01.46.05:595][433]LogModuleManager: Shutting down and abandoning module NiagaraShader (58)
[2022.03.01-01.46.05:595][433]LogModuleManager: Shutting down and abandoning module VariantManagerContent (56)
[2022.03.01-01.46.05:595][433]LogModuleManager: Shutting down and abandoning module DatasmithContent (54)
[2022.03.01-01.46.05:595][433]LogModuleManager: Shutting down and abandoning module PixWinPlugin (52)
[2022.03.01-01.46.05:596][433]LogModuleManager: Shutting down and abandoning module AISupportModule (50)
[2022.03.01-01.46.05:596][433]LogModuleManager: Shutting down and abandoning module DesktopPlatform (48)
[2022.03.01-01.46.05:596][433]LogModuleManager: Shutting down and abandoning module PythonScriptPluginPreload (46)
[2022.03.01-01.46.05:596][433]LogModuleManager: Shutting down and abandoning module PlatformCryptoOpenSSL (44)
[2022.03.01-01.46.05:596][433]LogModuleManager: Shutting down and abandoning module PlatformCryptoTypes (42)
[2022.03.01-01.46.05:596][433]LogModuleManager: Shutting down and abandoning module PlatformCrypto (40)
[2022.03.01-01.46.05:596][433]LogModuleManager: Shutting down and abandoning module OodleDataCompressionFormat (38)
[2022.03.01-01.46.05:596][433]LogModuleManager: Shutting down and abandoning module XGEController (36)
[2022.03.01-01.46.05:596][433]LogModuleManager: Shutting down and abandoning module AnimationModifiers (34)
[2022.03.01-01.46.05:596][433]LogModuleManager: Shutting down and abandoning module AudioEditor (32)
[2022.03.01-01.46.05:596][433]LogModuleManager: Shutting down and abandoning module PropertyEditor (31)
[2022.03.01-01.46.05:596][433]LogModuleManager: Shutting down and abandoning module TextureCompressor (28)
[2022.03.01-01.46.05:596][433]LogModuleManager: Shutting down and abandoning module RenderCore (26)
[2022.03.01-01.46.05:596][433]LogModuleManager: Shutting down and abandoning module Landscape (24)
[2022.03.01-01.46.05:596][433]LogModuleManager: Shutting down and abandoning module SlateRHIRenderer (22)
[2022.03.01-01.46.05:596][433]LogModuleManager: Shutting down and abandoning module AnimGraphRuntime (20)
[2022.03.01-01.46.05:596][433]LogModuleManager: Shutting down and abandoning module Renderer (18)
[2022.03.01-01.46.05:596][433]LogModuleManager: Shutting down and abandoning module Engine (16)
[2022.03.01-01.46.05:596][433]LogModuleManager: Shutting down and abandoning module CoreUObject (14)
[2022.03.01-01.46.05:596][433]LogModuleManager: Shutting down and abandoning module NetworkFile (12)
[2022.03.01-01.46.05:596][433]LogModuleManager: Shutting down and abandoning module CookedIterativeFile (10)
[2022.03.01-01.46.05:596][433]LogModuleManager: Shutting down and abandoning module StreamingFile (8)
[2022.03.01-01.46.05:596][433]LogModuleManager: Shutting down and abandoning module SandboxFile (6)
[2022.03.01-01.46.05:596][433]LogModuleManager: Shutting down and abandoning module PakFile (4)
[2022.03.01-01.46.05:596][433]LogModuleManager: Shutting down and abandoning module RSA (3)
[2022.03.01-01.46.05:862][433]LogContentStreaming: Display: There are 1 unreleased StreamingManagers
[2022.03.01-01.46.05:873][433]LogD3D11RHI: Shutdown
[2022.03.01-01.46.05:873][433]LogD3D11RHI: CleanupD3DDevice
[2022.03.01-01.46.05:873][433]LogExit: Exiting.
[2022.03.01-01.46.05:958][433]Log file closed, 02/28/22 20:46:05
