Log file open, 02/21/22 15:00:44
LogWindows: Failed to load 'aqProf.dll' (GetLastError=126)
LogWindows: File 'aqProf.dll' does not exist
LogWindows: Failed to load 'VtuneApi.dll' (GetLastError=126)
LogWindows: File 'VtuneApi.dll' does not exist
LogWindows: Failed to load 'VtuneApi32e.dll' (GetLastError=126)
LogWindows: File 'VtuneApi32e.dll' does not exist
LogConsoleResponse: Display: Failed to find resolution value strings in scalability ini. Falling back to default.
LogConsoleResponse: Display: Failed to find resolution value strings in scalability ini. Falling back to default.
LogInit: Display: Running engine for game: GAME259_A_URE
LogPlatformFile: Not using cached read wrapper
LogTaskGraph: Started task graph with 5 named threads and 35 total threads with 3 sets of task threads.
LogStats: Stats thread started at 0.215630
LogICUInternationalization: ICU TimeZone Detection - Raw Offset: -5:00, Platform Override: ''
LogInit: Display: Loading text-based GConfig....
LogPluginManager: Mounting plugin MegascansPlugin
LogPluginManager: Mounting plugin MeshPainting
LogPluginManager: Mounting plugin XGEController
LogPluginManager: Mounting plugin Paper2D
LogPluginManager: Mounting plugin LiveLink
LogPluginManager: Mounting plugin AISupport
LogPluginManager: Mounting plugin LightPropagationVolume
LogPluginManager: Mounting plugin EnvironmentQueryEditor
LogPluginManager: Mounting plugin CameraShakePreviewer
LogPluginManager: Mounting plugin GameplayCameras
LogPluginManager: Mounting plugin AssetManagerEditor
LogPluginManager: Mounting plugin OodleData
LogPluginManager: Mounting plugin OodleNetwork
LogPluginManager: Mounting plugin CryptoKeys
LogPluginManager: Mounting plugin CurveEditorTools
LogPluginManager: Mounting plugin DataValidation
LogPluginManager: Mounting plugin FacialAnimation
LogPluginManager: Mounting plugin EditorScriptingUtilities
LogPluginManager: Mounting plugin GameplayTagsEditor
LogPluginManager: Mounting plugin GeometryMode
LogPluginManager: Mounting plugin MacGraphicsSwitching
LogPluginManager: Mounting plugin MaterialAnalyzer
LogPluginManager: Mounting plugin MobileLauncherProfileWizard
LogPluginManager: Mounting plugin PluginBrowser
LogPluginManager: Mounting plugin SpeedTreeImporter
LogPluginManager: Mounting plugin AnimationSharing
LogPluginManager: Mounting plugin CodeLiteSourceCodeAccess
LogPluginManager: Mounting plugin CLionSourceCodeAccess
LogPluginManager: Mounting plugin GitSourceControl
LogPluginManager: Mounting plugin KDevelopSourceCodeAccess
LogPluginManager: Mounting plugin NullSourceCodeAccess
LogPluginManager: Mounting plugin PerforceSourceControl
LogPluginManager: Mounting plugin PixWinPlugin
LogPluginManager: Mounting plugin PlasticSourceControl
LogPluginManager: Mounting plugin PluginUtils
LogPluginManager: Mounting plugin PropertyAccessNode
LogPluginManager: Mounting plugin RiderSourceCodeAccess
LogPluginManager: Mounting plugin RiderLink
LogPluginManager: Mounting plugin SubversionSourceControl
LogPluginManager: Mounting plugin VisualStudioCodeSourceCodeAccess
LogPluginManager: Mounting plugin TextureFormatOodle
LogPluginManager: Mounting plugin VisualStudioSourceCodeAccess
LogPluginManager: Mounting plugin Niagara
LogPluginManager: Mounting plugin XCodeSourceCodeAccess
LogPluginManager: Mounting plugin UObjectPlugin
LogPluginManager: Mounting plugin DatasmithContent
LogPluginManager: Mounting plugin AlembicImporter
LogPluginManager: Mounting plugin VariantManagerContent
LogPluginManager: Mounting plugin AutomationUtils
LogPluginManager: Mounting plugin BackChannel
LogPluginManager: Mounting plugin ChaosCloth
LogPluginManager: Mounting plugin ChaosClothEditor
LogPluginManager: Mounting plugin ChaosNiagara
LogPluginManager: Mounting plugin ChaosEditor
LogPluginManager: Mounting plugin CharacterAI
LogPluginManager: Mounting plugin ChaosSolverPlugin
LogPluginManager: Mounting plugin GeometryCache
LogPluginManager: Mounting plugin GeometryProcessing
LogPluginManager: Mounting plugin GeometryCollectionPlugin
LogPluginManager: Mounting plugin MotoSynth
LogPluginManager: Mounting plugin OpenImageDenoise
LogPluginManager: Mounting plugin PlatformCrypto
LogPluginManager: Mounting plugin PlanarCut
LogPluginManager: Mounting plugin ProxyLODPlugin
LogPluginManager: Mounting plugin PythonScriptPlugin
LogPluginManager: Mounting plugin SkeletalReduction
LogPluginManager: Mounting plugin LuminPlatformFeatures
LogPluginManager: Mounting plugin MagicLeap
LogPluginManager: Mounting plugin MagicLeapLightEstimation
LogPluginManager: Mounting plugin MagicLeapMedia
LogPluginManager: Mounting plugin MagicLeapPassableWorld
LogPluginManager: Mounting plugin MLSDK
LogPluginManager: Mounting plugin AndroidMedia
LogPluginManager: Mounting plugin AvfMedia
LogPluginManager: Mounting plugin ImgMedia
LogPluginManager: Mounting plugin MediaCompositing
LogPluginManager: Mounting plugin MediaPlayerEditor
LogPluginManager: Mounting plugin WebMMedia
LogPluginManager: Mounting plugin TcpMessaging
LogPluginManager: Mounting plugin WmfMedia
LogPluginManager: Mounting plugin UdpMessaging
LogPluginManager: Mounting plugin ActorSequence
LogPluginManager: Mounting plugin LevelSequenceEditor
LogPluginManager: Mounting plugin MatineeToLevelSequence
LogPluginManager: Mounting plugin EOSShared
LogPluginManager: Mounting plugin TemplateSequence
LogPluginManager: Mounting plugin OnlineSubsystem
LogPluginManager: Mounting plugin OnlineSubsystemSteam
LogPluginManager: Mounting plugin OnlineSubsystemUtils
LogPluginManager: Mounting plugin OnlineSubsystemNull
LogPluginManager: Mounting plugin LauncherChunkInstaller
LogPluginManager: Mounting plugin ActorLayerUtilities
LogPluginManager: Mounting plugin AndroidDeviceProfileSelector
LogPluginManager: Mounting plugin AndroidMoviePlayer
LogPluginManager: Mounting plugin AndroidPermission
LogPluginManager: Mounting plugin AppleImageUtils
LogPluginManager: Mounting plugin AppleMoviePlayer
LogPluginManager: Mounting plugin AssetTags
LogPluginManager: Mounting plugin ArchVisCharacter
LogPluginManager: Mounting plugin AudioCapture
LogPluginManager: Mounting plugin AudioSynesthesia
LogPluginManager: Mounting plugin CableComponent
LogPluginManager: Mounting plugin ChunkDownloader
LogPluginManager: Mounting plugin CustomMeshComponent
LogPluginManager: Mounting plugin EditableMesh
LogPluginManager: Mounting plugin ExampleDeviceProfileSelector
LogPluginManager: Mounting plugin GooglePAD
LogPluginManager: Mounting plugin GoogleCloudMessaging
LogPluginManager: Mounting plugin ScreenshotTools
LogPluginManager: Mounting plugin IOSDeviceProfileSelector
LogPluginManager: Mounting plugin LinuxDeviceProfileSelector
LogPluginManager: Mounting plugin LocationServicesBPLibrary
LogPluginManager: Mounting plugin MobilePatchingUtils
LogPluginManager: Mounting plugin OpenXR
LogPluginManager: Mounting plugin OpenXRHandTracking
LogPluginManager: Mounting plugin OpenXREyeTracker
LogPluginManager: Mounting plugin PhysXVehicles
LogPluginManager: Mounting plugin PostSplashScreen
LogPluginManager: Mounting plugin Takes
LogPluginManager: Mounting plugin ProceduralMeshComponent
LogPluginManager: Mounting plugin PropertyAccessEditor
LogPluginManager: Mounting plugin RuntimePhysXCooking
LogPluginManager: Mounting plugin SignificanceManager
LogPluginManager: Mounting plugin SoundFields
LogPluginManager: Mounting plugin Synthesis
LogPluginManager: Mounting plugin WebMMoviePlayer
LogPluginManager: Mounting plugin WindowsMoviePlayer
LogPluginManager: Mounting plugin ContentBrowserAssetDataSource
LogPluginManager: Mounting plugin ContentBrowserFileDataSource
LogPluginManager: Mounting plugin ContentBrowserClassDataSource
LogPluginManager: Mounting plugin OnlineSubsystemGooglePlay
LogPluginManager: Mounting plugin OnlineSubsystemIOS
LogPluginManager: Mounting plugin EOSVoiceChat
LogPluginManager: Mounting plugin DatabaseSupport
LogPluginManager: Mounting plugin SQLiteCore
LogPluginManager: Mounting plugin SQLiteSupport
LogPluginManager: Mounting plugin OculusVR
LogPluginManager: Mounting plugin SteamShared
PixWinPlugin: PIX capture plugin failed to initialize! Check that the process is launched from PIX.
LogInit: Using libcurl 7.55.1-DEV
LogInit:  - built for x86_64-pc-win32
LogInit:  - supports SSL with OpenSSL/1.1.1
LogInit:  - supports HTTP deflate (compression) using libz 1.2.8
LogInit:  - other features:
LogInit:      CURL_VERSION_SSL
LogInit:      CURL_VERSION_LIBZ
LogInit:      CURL_VERSION_IPV6
LogInit:      CURL_VERSION_ASYNCHDNS
LogInit:      CURL_VERSION_LARGEFILE
LogInit:      CURL_VERSION_IDN
LogInit:  CurlRequestOptions (configurable via config and command line):
LogInit:  - bVerifyPeer = true  - Libcurl will verify peer certificate
LogInit:  - bUseHttpProxy = false  - Libcurl will NOT use HTTP proxy
LogInit:  - bDontReuseConnections = false  - Libcurl will reuse connections
LogInit:  - MaxHostConnections = 16  - Libcurl will limit the number of connections to a host
LogInit:  - LocalHostAddr = Default
LogInit:  - BufferSize = 65536
LogOnline: OSS: Creating online subsystem instance for: NULL
LogInit: WinSock: version 1.1 (2.2), MaxSocks=32767, MaxUdp=65467
LogOnline: OSS: TryLoadSubsystemAndSetDefault: Loaded subsystem for module [NULL]
LogOculusPluginWrapper: OculusPlugin initialized successfully
LogHMD: Failed initializing OVRPlugin 1.59.0
LogInit: Build: ++UE4+Release-4.27-CL-18319896
LogInit: Engine Version: 4.27.2-18319896+++UE4+Release-4.27
LogInit: Compatible Engine Version: 4.27.0-17155196+++UE4+Release-4.27
LogInit: Net CL: 17155196
LogInit: OS: Windows 10 (Release 2009) (), CPU: Intel(R) Core(TM) i7-8700 CPU @ 3.20GHz, GPU: NVIDIA GeForce GTX 1070
LogInit: Compiled (64-bit): Nov 30 2021 07:12:08
LogInit: Compiled with Visual C++: 19.24.28315.00
LogInit: Build Configuration: Development
LogInit: Branch Name: ++UE4+Release-4.27
LogInit: Command Line: -ResX=800 -ResY=900 -WinX=0 -WinY=20 -log -game
LogInit: Base Directory: D:/UE_4.27/Engine/Binaries/Win64/
LogInit: Allocator: TBB
LogInit: Installed Engine Build: 1
LogDevObjectVersion: Number of dev versions registered: 29
LogDevObjectVersion:   Dev-Blueprints (B0D832E4-1F89-4F0D-ACCF-7EB736FD4AA2): 10
LogDevObjectVersion:   Dev-Build (E1C64328-A22C-4D53-A36C-8E866417BD8C): 0
LogDevObjectVersion:   Dev-Core (375EC13C-06E4-48FB-B500-84F0262A717E): 4
LogDevObjectVersion:   Dev-Editor (E4B068ED-F494-42E9-A231-DA0B2E46BB41): 40
LogDevObjectVersion:   Dev-Framework (CFFC743F-43B0-4480-9391-14DF171D2073): 37
LogDevObjectVersion:   Dev-Mobile (B02B49B5-BB20-44E9-A304-32B752E40360): 3
LogDevObjectVersion:   Dev-Networking (A4E4105C-59A1-49B5-A7C5-40C4547EDFEE): 0
LogDevObjectVersion:   Dev-Online (39C831C9-5AE6-47DC-9A44-9C173E1C8E7C): 0
LogDevObjectVersion:   Dev-Physics (78F01B33-EBEA-4F98-B9B4-84EACCB95AA2): 14
LogDevObjectVersion:   Dev-Platform (6631380F-2D4D-43E0-8009-CF276956A95A): 0
LogDevObjectVersion:   Dev-Rendering (12F88B9F-8875-4AFC-A67C-D90C383ABD29): 45
LogDevObjectVersion:   Dev-Sequencer (7B5AE74C-D270-4C10-A958-57980B212A5A): 13
LogDevObjectVersion:   Dev-VR (D7296918-1DD6-4BDD-9DE2-64A83CC13884): 3
LogDevObjectVersion:   Dev-LoadTimes (C2A15278-BFE7-4AFE-6C17-90FF531DF755): 1
LogDevObjectVersion:   Private-Geometry (6EACA3D4-40EC-4CC1-B786-8BED09428FC5): 3
LogDevObjectVersion:   Dev-AnimPhys (29E575DD-E0A3-4627-9D10-D276232CDCEA): 17
LogDevObjectVersion:   Dev-Anim (AF43A65D-7FD3-4947-9873-3E8ED9C1BB05): 15
LogDevObjectVersion:   Dev-ReflectionCapture (6B266CEC-1EC7-4B8F-A30B-E4D90942FC07): 1
LogDevObjectVersion:   Dev-Automation (0DF73D61-A23F-47EA-B727-89E90C41499A): 1
LogDevObjectVersion:   FortniteMain (601D1886-AC64-4F84-AA16-D3DE0DEAC7D6): 47
LogDevObjectVersion:   FortniteRelease (E7086368-6B23-4C58-8439-1B7016265E91): 1
LogDevObjectVersion:   Dev-Enterprise (9DFFBCD6-494F-0158-E221-12823C92A888): 10
LogDevObjectVersion:   Dev-Niagara (F2AED0AC-9AFE-416F-8664-AA7FFA26D6FC): 1
LogDevObjectVersion:   Dev-Destruction (174F1F0B-B4C6-45A5-B13F-2EE8D0FB917D): 10
LogDevObjectVersion:   Dev-Physics-Ext (35F94A83-E258-406C-A318-09F59610247C): 41
LogDevObjectVersion:   Dev-PhysicsMaterial-Chaos (B68FC16E-8B1B-42E2-B453-215C058844FE): 1
LogDevObjectVersion:   Dev-CineCamera (B2E18506-4273-CFC2-A54E-F4BB758BBA07): 1
LogDevObjectVersion:   Dev-VirtualProduction (64F58936-FD1B-42BA-BA96-7289D5D0FA4E): 1
LogDevObjectVersion:   Dev-MediaFramework (6F0ED827-A609-4895-9C91-998D90180EA4): 2
LogInit: Presizing for max 25165824 objects, including 0 objects not considered by GC, pre-allocating 0 bytes for permanent pool.
LogConfig: Applying CVar settings from Section [/Script/Engine.StreamingSettings] File [D:/GitHub/GAME259-2022-A/GAME259_A_URE/Saved/Config/Windows/Engine.ini]
LogConfig: Setting CVar [[s.MinBulkDataSizeForAsyncLoading:131072]]
LogConfig: Setting CVar [[s.AsyncLoadingThreadEnabled:0]]
LogConfig: Setting CVar [[s.EventDrivenLoaderEnabled:1]]
LogConfig: Setting CVar [[s.WarnIfTimeLimitExceeded:0]]
LogConfig: Setting CVar [[s.TimeLimitExceededMultiplier:1.5]]
LogConfig: Setting CVar [[s.TimeLimitExceededMinTime:0.005]]
LogConfig: Setting CVar [[s.UseBackgroundLevelStreaming:1]]
LogConfig: Setting CVar [[s.PriorityAsyncLoadingExtraTime:15.0]]
LogConfig: Setting CVar [[s.LevelStreamingActorsUpdateTimeLimit:5.0]]
LogConfig: Setting CVar [[s.PriorityLevelStreamingActorsUpdateExtraTime:5.0]]
LogConfig: Setting CVar [[s.LevelStreamingComponentsRegistrationGranularity:10]]
LogConfig: Setting CVar [[s.UnregisterComponentsTimeLimit:1.0]]
LogConfig: Setting CVar [[s.LevelStreamingComponentsUnregistrationGranularity:5]]
LogConfig: Setting CVar [[s.FlushStreamingOnExit:1]]
LogInit: Object subsystem initialized
LogConfig: Setting CVar [[con.DebugEarlyDefault:1]]
LogConfig: Setting CVar [[r.setres:1280x720]]
[2022.02.21-20.00.46:061][  0]LogConfig: Setting CVar [[con.DebugEarlyDefault:1]]
[2022.02.21-20.00.46:062][  0]LogConfig: Setting CVar [[r.setres:1280x720]]
[2022.02.21-20.00.46:063][  0]LogConfig: Applying CVar settings from Section [/Script/Engine.RendererSettings] File [D:/GitHub/GAME259-2022-A/GAME259_A_URE/Saved/Config/Windows/Engine.ini]
[2022.02.21-20.00.46:063][  0]LogConfig: Setting CVar [[r.GPUCrashDebugging:0]]
[2022.02.21-20.00.46:064][  0]LogConfig: Applying CVar settings from Section [/Script/Engine.RendererOverrideSettings] File [D:/GitHub/GAME259-2022-A/GAME259_A_URE/Saved/Config/Windows/Engine.ini]
[2022.02.21-20.00.46:065][  0]LogConfig: Applying CVar settings from Section [/Script/Engine.StreamingSettings] File [D:/GitHub/GAME259-2022-A/GAME259_A_URE/Saved/Config/Windows/Engine.ini]
[2022.02.21-20.00.46:066][  0]LogConfig: Setting CVar [[s.MinBulkDataSizeForAsyncLoading:131072]]
[2022.02.21-20.00.46:067][  0]LogConfig: Setting CVar [[s.AsyncLoadingThreadEnabled:0]]
[2022.02.21-20.00.46:069][  0]LogConfig: Setting CVar [[s.EventDrivenLoaderEnabled:1]]
[2022.02.21-20.00.46:070][  0]LogConfig: Setting CVar [[s.WarnIfTimeLimitExceeded:0]]
[2022.02.21-20.00.46:070][  0]LogConfig: Setting CVar [[s.TimeLimitExceededMultiplier:1.5]]
[2022.02.21-20.00.46:071][  0]LogConfig: Setting CVar [[s.TimeLimitExceededMinTime:0.005]]
[2022.02.21-20.00.46:071][  0]LogConfig: Setting CVar [[s.UseBackgroundLevelStreaming:1]]
[2022.02.21-20.00.46:071][  0]LogConfig: Setting CVar [[s.PriorityAsyncLoadingExtraTime:15.0]]
[2022.02.21-20.00.46:072][  0]LogConfig: Setting CVar [[s.LevelStreamingActorsUpdateTimeLimit:5.0]]
[2022.02.21-20.00.46:072][  0]LogConfig: Setting CVar [[s.PriorityLevelStreamingActorsUpdateExtraTime:5.0]]
[2022.02.21-20.00.46:072][  0]LogConfig: Setting CVar [[s.LevelStreamingComponentsRegistrationGranularity:10]]
[2022.02.21-20.00.46:073][  0]LogConfig: Setting CVar [[s.UnregisterComponentsTimeLimit:1.0]]
[2022.02.21-20.00.46:073][  0]LogConfig: Setting CVar [[s.LevelStreamingComponentsUnregistrationGranularity:5]]
[2022.02.21-20.00.46:073][  0]LogConfig: Setting CVar [[s.FlushStreamingOnExit:1]]
[2022.02.21-20.00.46:074][  0]LogConfig: Applying CVar settings from Section [/Script/Engine.GarbageCollectionSettings] File [D:/GitHub/GAME259-2022-A/GAME259_A_URE/Saved/Config/Windows/Engine.ini]
[2022.02.21-20.00.46:075][  0]LogConfig: Setting CVar [[gc.MaxObjectsNotConsideredByGC:1]]
[2022.02.21-20.00.46:075][  0]LogConfig: Setting CVar [[gc.SizeOfPermanentObjectPool:0]]
[2022.02.21-20.00.46:076][  0]LogConfig: Setting CVar [[gc.FlushStreamingOnGC:0]]
[2022.02.21-20.00.46:076][  0]LogConfig: Setting CVar [[gc.NumRetriesBeforeForcingGC:10]]
[2022.02.21-20.00.46:077][  0]LogConfig: Setting CVar [[gc.AllowParallelGC:1]]
[2022.02.21-20.00.46:080][  0]LogConfig: Setting CVar [[gc.TimeBetweenPurgingPendingKillObjects:61.1]]
[2022.02.21-20.00.46:080][  0]LogConfig: Setting CVar [[gc.MaxObjectsInEditor:25165824]]
[2022.02.21-20.00.46:081][  0]LogConfig: Setting CVar [[gc.IncrementalBeginDestroyEnabled:1]]
[2022.02.21-20.00.46:081][  0]LogConfig: Setting CVar [[gc.CreateGCClusters:1]]
[2022.02.21-20.00.46:082][  0]LogConfig: Setting CVar [[gc.MinGCClusterSize:5]]
[2022.02.21-20.00.46:082][  0]LogConfig: Setting CVar [[gc.ActorClusteringEnabled:0]]
[2022.02.21-20.00.46:082][  0]LogConfig: Setting CVar [[gc.BlueprintClusteringEnabled:0]]
[2022.02.21-20.00.46:083][  0]LogConfig: Setting CVar [[gc.UseDisregardForGCOnDedicatedServers:0]]
[2022.02.21-20.00.46:083][  0]LogConfig: Setting CVar [[gc.MultithreadedDestructionEnabled:1]]
[2022.02.21-20.00.46:083][  0]LogConfig: Applying CVar settings from Section [/Script/Engine.NetworkSettings] File [D:/GitHub/GAME259-2022-A/GAME259_A_URE/Saved/Config/Windows/Engine.ini]
[2022.02.21-20.00.46:084][  0]LogConfig: Applying CVar settings from Section [/Script/UnrealEd.CookerSettings] File [D:/GitHub/GAME259-2022-A/GAME259_A_URE/Saved/Config/Windows/Engine.ini]
[2022.02.21-20.00.46:125][  0]LogConfig: Applying CVar settings from Section [ViewDistanceQuality@3] File [D:/GitHub/GAME259-2022-A/GAME259_A_URE/Saved/Config/Windows/Scalability.ini]
[2022.02.21-20.00.46:126][  0]LogConfig: Setting CVar [[r.SkeletalMeshLODBias:0]]
[2022.02.21-20.00.46:132][  0]LogConfig: Setting CVar [[r.ViewDistanceScale:1.0]]
[2022.02.21-20.00.46:132][  0]LogConfig: Applying CVar settings from Section [AntiAliasingQuality@3] File [D:/GitHub/GAME259-2022-A/GAME259_A_URE/Saved/Config/Windows/Scalability.ini]
[2022.02.21-20.00.46:135][  0]LogConfig: Setting CVar [[r.PostProcessAAQuality:4]]
[2022.02.21-20.00.46:140][  0]LogConfig: Applying CVar settings from Section [ShadowQuality@3] File [D:/GitHub/GAME259-2022-A/GAME259_A_URE/Saved/Config/Windows/Scalability.ini]
[2022.02.21-20.00.46:140][  0]LogConfig: Setting CVar [[r.LightFunctionQuality:1]]
[2022.02.21-20.00.46:141][  0]LogConfig: Setting CVar [[r.ShadowQuality:5]]
[2022.02.21-20.00.46:142][  0]LogConfig: Setting CVar [[r.Shadow.CSM.MaxCascades:10]]
[2022.02.21-20.00.46:143][  0]LogConfig: Setting CVar [[r.Shadow.MaxResolution:2048]]
[2022.02.21-20.00.46:143][  0]LogConfig: Setting CVar [[r.Shadow.MaxCSMResolution:2048]]
[2022.02.21-20.00.46:144][  0]LogConfig: Setting CVar [[r.Shadow.RadiusThreshold:0.01]]
[2022.02.21-20.00.46:144][  0]LogConfig: Setting CVar [[r.Shadow.DistanceScale:1.0]]
[2022.02.21-20.00.46:145][  0]LogConfig: Setting CVar [[r.Shadow.CSM.TransitionScale:1.0]]
[2022.02.21-20.00.46:146][  0]LogConfig: Setting CVar [[r.Shadow.PreShadowResolutionFactor:1.0]]
[2022.02.21-20.00.46:146][  0]LogConfig: Setting CVar [[r.DistanceFieldShadowing:1]]
[2022.02.21-20.00.46:147][  0]LogConfig: Setting CVar [[r.DistanceFieldAO:1]]
[2022.02.21-20.00.46:147][  0]LogConfig: Setting CVar [[r.AOQuality:2]]
[2022.02.21-20.00.46:148][  0]LogConfig: Setting CVar [[r.VolumetricFog:1]]
[2022.02.21-20.00.46:148][  0]LogConfig: Setting CVar [[r.VolumetricFog.GridPixelSize:8]]
[2022.02.21-20.00.46:149][  0]LogConfig: Setting CVar [[r.VolumetricFog.GridSizeZ:128]]
[2022.02.21-20.00.46:153][  0]LogConfig: Setting CVar [[r.VolumetricFog.HistoryMissSupersampleCount:4]]
[2022.02.21-20.00.46:153][  0]LogConfig: Setting CVar [[r.LightMaxDrawDistanceScale:1]]
[2022.02.21-20.00.46:154][  0]LogConfig: Setting CVar [[r.CapsuleShadows:1]]
[2022.02.21-20.00.46:154][  0]LogConfig: Applying CVar settings from Section [PostProcessQuality@3] File [D:/GitHub/GAME259-2022-A/GAME259_A_URE/Saved/Config/Windows/Scalability.ini]
[2022.02.21-20.00.46:155][  0]LogConfig: Setting CVar [[r.MotionBlurQuality:4]]
[2022.02.21-20.00.46:156][  0]LogConfig: Setting CVar [[r.AmbientOcclusionMipLevelFactor:0.4]]
[2022.02.21-20.00.46:156][  0]LogConfig: Setting CVar [[r.AmbientOcclusionMaxQuality:100]]
[2022.02.21-20.00.46:157][  0]LogConfig: Setting CVar [[r.AmbientOcclusionLevels:-1]]
[2022.02.21-20.00.46:157][  0]LogConfig: Setting CVar [[r.AmbientOcclusionRadiusScale:1.0]]
[2022.02.21-20.00.46:158][  0]LogConfig: Setting CVar [[r.DepthOfFieldQuality:2]]
[2022.02.21-20.00.46:158][  0]LogConfig: Setting CVar [[r.RenderTargetPoolMin:400]]
[2022.02.21-20.00.46:159][  0]LogConfig: Setting CVar [[r.LensFlareQuality:2]]
[2022.02.21-20.00.46:159][  0]LogConfig: Setting CVar [[r.SceneColorFringeQuality:1]]
[2022.02.21-20.00.46:160][  0]LogConfig: Setting CVar [[r.EyeAdaptationQuality:2]]
[2022.02.21-20.00.46:161][  0]LogConfig: Setting CVar [[r.BloomQuality:5]]
[2022.02.21-20.00.46:161][  0]LogConfig: Setting CVar [[r.FastBlurThreshold:100]]
[2022.02.21-20.00.46:162][  0]LogConfig: Setting CVar [[r.Upscale.Quality:3]]
[2022.02.21-20.00.46:165][  0]LogConfig: Setting CVar [[r.Tonemapper.GrainQuantization:1]]
[2022.02.21-20.00.46:166][  0]LogConfig: Setting CVar [[r.LightShaftQuality:1]]
[2022.02.21-20.00.46:167][  0]LogConfig: Setting CVar [[r.Filter.SizeScale:1]]
[2022.02.21-20.00.46:168][  0]LogConfig: Setting CVar [[r.Tonemapper.Quality:5]]
[2022.02.21-20.00.46:168][  0]LogConfig: Setting CVar [[r.DOF.Gather.AccumulatorQuality:1        ; higher gathering accumulator quality]]
[2022.02.21-20.00.46:169][  0]LogConfig: Setting CVar [[r.DOF.Gather.PostfilterMethod:1          ; Median3x3 postfilering method]]
[2022.02.21-20.00.46:170][  0]LogConfig: Setting CVar [[r.DOF.Gather.EnableBokehSettings:0       ; no bokeh simulation when gathering]]
[2022.02.21-20.00.46:172][  0]LogConfig: Setting CVar [[r.DOF.Gather.RingCount:4                 ; medium number of samples when gathering]]
[2022.02.21-20.00.46:173][  0]LogConfig: Setting CVar [[r.DOF.Scatter.ForegroundCompositing:1    ; additive foreground scattering]]
[2022.02.21-20.00.46:175][  0]LogConfig: Setting CVar [[r.DOF.Scatter.BackgroundCompositing:2    ; additive background scattering]]
[2022.02.21-20.00.46:179][  0]LogConfig: Setting CVar [[r.DOF.Scatter.EnableBokehSettings:1      ; bokeh simulation when scattering]]
[2022.02.21-20.00.46:179][  0]LogConfig: Setting CVar [[r.DOF.Scatter.MaxSpriteRatio:0.1         ; only a maximum of 10% of scattered bokeh]]
[2022.02.21-20.00.46:180][  0]LogConfig: Setting CVar [[r.DOF.Recombine.Quality:1                ; cheap slight out of focus]]
[2022.02.21-20.00.46:180][  0]LogConfig: Setting CVar [[r.DOF.Recombine.EnableBokehSettings:0    ; no bokeh simulation on slight out of focus]]
[2022.02.21-20.00.46:181][  0]LogConfig: Setting CVar [[r.DOF.TemporalAAQuality:1                ; more stable temporal accumulation]]
[2022.02.21-20.00.46:182][  0]LogConfig: Setting CVar [[r.DOF.Kernel.MaxForegroundRadius:0.025]]
[2022.02.21-20.00.46:182][  0]LogConfig: Setting CVar [[r.DOF.Kernel.MaxBackgroundRadius:0.025]]
[2022.02.21-20.00.46:183][  0]LogConfig: Applying CVar settings from Section [TextureQuality@3] File [D:/GitHub/GAME259-2022-A/GAME259_A_URE/Saved/Config/Windows/Scalability.ini]
[2022.02.21-20.00.46:185][  0]LogConfig: Setting CVar [[r.Streaming.MipBias:0]]
[2022.02.21-20.00.46:186][  0]LogConfig: Setting CVar [[r.Streaming.AmortizeCPUToGPUCopy:0]]
[2022.02.21-20.00.46:188][  0]LogConfig: Setting CVar [[r.Streaming.MaxNumTexturesToStreamPerFrame:0]]
[2022.02.21-20.00.46:188][  0]LogConfig: Setting CVar [[r.Streaming.Boost:1]]
[2022.02.21-20.00.46:188][  0]LogConfig: Setting CVar [[r.MaxAnisotropy:8]]
[2022.02.21-20.00.46:189][  0]LogConfig: Setting CVar [[r.VT.MaxAnisotropy:8]]
[2022.02.21-20.00.46:189][  0]LogConfig: Setting CVar [[r.Streaming.LimitPoolSizeToVRAM:0]]
[2022.02.21-20.00.46:190][  0]LogConfig: Setting CVar [[r.Streaming.PoolSize:1000]]
[2022.02.21-20.00.46:190][  0]LogConfig: Setting CVar [[r.Streaming.MaxEffectiveScreenSize:0]]
[2022.02.21-20.00.46:191][  0]LogConfig: Applying CVar settings from Section [EffectsQuality@3] File [D:/GitHub/GAME259-2022-A/GAME259_A_URE/Saved/Config/Windows/Scalability.ini]
[2022.02.21-20.00.46:192][  0]LogConfig: Setting CVar [[r.TranslucencyLightingVolumeDim:64]]
[2022.02.21-20.00.46:192][  0]LogConfig: Setting CVar [[r.RefractionQuality:2]]
[2022.02.21-20.00.46:193][  0]LogConfig: Setting CVar [[r.SSR.Quality:3]]
[2022.02.21-20.00.46:194][  0]LogConfig: Setting CVar [[r.SSR.HalfResSceneColor:0]]
[2022.02.21-20.00.46:194][  0]LogConfig: Setting CVar [[r.SceneColorFormat:4]]
[2022.02.21-20.00.46:195][  0]LogConfig: Setting CVar [[r.DetailMode:2]]
[2022.02.21-20.00.46:195][  0]LogConfig: Setting CVar [[r.TranslucencyVolumeBlur:1]]
[2022.02.21-20.00.46:196][  0]LogConfig: Setting CVar [[r.MaterialQualityLevel:1 ; High quality]]
[2022.02.21-20.00.46:200][  0]LogConfig: Setting CVar [[r.AnisotropicMaterials:1]]
[2022.02.21-20.00.46:200][  0]LogConfig: Setting CVar [[r.SSS.Scale:1]]
[2022.02.21-20.00.46:200][  0]LogConfig: Setting CVar [[r.SSS.SampleSet:2]]
[2022.02.21-20.00.46:201][  0]LogConfig: Setting CVar [[r.SSS.Quality:1]]
[2022.02.21-20.00.46:201][  0]LogConfig: Setting CVar [[r.SSS.HalfRes:0]]
[2022.02.21-20.00.46:202][  0]LogConfig: Setting CVar [[r.SSGI.Quality:3]]
[2022.02.21-20.00.46:203][  0]LogConfig: Setting CVar [[r.EmitterSpawnRateScale:1.0]]
[2022.02.21-20.00.46:203][  0]LogConfig: Setting CVar [[r.ParticleLightQuality:2]]
[2022.02.21-20.00.46:204][  0]LogConfig: Setting CVar [[r.SkyAtmosphere.AerialPerspectiveLUT.FastApplyOnOpaque:1 ; Always have FastSkyLUT 1 in this case to avoid wrong sky]]
[2022.02.21-20.00.46:205][  0]LogConfig: Setting CVar [[r.SkyAtmosphere.AerialPerspectiveLUT.SampleCountMaxPerSlice:4]]
[2022.02.21-20.00.46:206][  0]LogConfig: Setting CVar [[r.SkyAtmosphere.AerialPerspectiveLUT.DepthResolution:16.0]]
[2022.02.21-20.00.46:206][  0]LogConfig: Setting CVar [[r.SkyAtmosphere.FastSkyLUT:1]]
[2022.02.21-20.00.46:207][  0]LogConfig: Setting CVar [[r.SkyAtmosphere.FastSkyLUT.SampleCountMin:4.0]]
[2022.02.21-20.00.46:207][  0]LogConfig: Setting CVar [[r.SkyAtmosphere.FastSkyLUT.SampleCountMax:128.0]]
[2022.02.21-20.00.46:208][  0]LogConfig: Setting CVar [[r.SkyAtmosphere.SampleCountMin:4.0]]
[2022.02.21-20.00.46:208][  0]LogConfig: Setting CVar [[r.SkyAtmosphere.SampleCountMax:128.0]]
[2022.02.21-20.00.46:212][  0]LogConfig: Setting CVar [[r.SkyAtmosphere.TransmittanceLUT.UseSmallFormat:0]]
[2022.02.21-20.00.46:212][  0]LogConfig: Setting CVar [[r.SkyAtmosphere.TransmittanceLUT.SampleCount:10.0]]
[2022.02.21-20.00.46:213][  0]LogConfig: Setting CVar [[r.SkyAtmosphere.MultiScatteringLUT.SampleCount:15.0]]
[2022.02.21-20.00.46:213][  0]LogConfig: Setting CVar [[r.SkyLight.RealTimeReflectionCapture:1]]
[2022.02.21-20.00.46:214][  0]LogConfig: Applying CVar settings from Section [FoliageQuality@3] File [D:/GitHub/GAME259-2022-A/GAME259_A_URE/Saved/Config/Windows/Scalability.ini]
[2022.02.21-20.00.46:214][  0]LogConfig: Setting CVar [[foliage.DensityScale:1.0]]
[2022.02.21-20.00.46:215][  0]LogConfig: Setting CVar [[grass.DensityScale:1.0]]
[2022.02.21-20.00.46:215][  0]LogConfig: Applying CVar settings from Section [ShadingQuality@3] File [D:/GitHub/GAME259-2022-A/GAME259_A_URE/Saved/Config/Windows/Scalability.ini]
[2022.02.21-20.00.46:216][  0]LogConfig: Setting CVar [[r.HairStrands.SkyLighting.IntegrationType:2]]
[2022.02.21-20.00.46:216][  0]LogConfig: Setting CVar [[r.HairStrands.SkyAO.SampleCount:4]]
[2022.02.21-20.00.46:217][  0]LogConfig: Setting CVar [[r.HairStrands.Visibility.MSAA.SamplePerPixel:4]]
[2022.02.21-20.00.46:217][  0]LogInit: Selected Device Profile: [Windows]
[2022.02.21-20.00.46:218][  0]LogInit: Applying CVar settings loaded from the selected device profile: [Windows]
[2022.02.21-20.00.46:218][  0]LogHAL: Display: Platform has ~ 16 GB [17065410560 / 17179869184 / 16], which maps to Larger [LargestMinGB=32, LargerMinGB=12, DefaultMinGB=8, SmallerMinGB=6, SmallestMinGB=0)
[2022.02.21-20.00.46:219][  0]LogInit: Going up to parent DeviceProfile []
[2022.02.21-20.00.46:219][  0]LogConfig: Applying CVar settings from Section [ViewDistanceQuality@3] File [D:/GitHub/GAME259-2022-A/GAME259_A_URE/Saved/Config/Windows/Scalability.ini]
[2022.02.21-20.00.46:220][  0]LogConfig: Setting CVar [[r.SkeletalMeshLODBias:0]]
[2022.02.21-20.00.46:220][  0]LogConfig: Setting CVar [[r.ViewDistanceScale:1.0]]
[2022.02.21-20.00.46:221][  0]LogConfig: Applying CVar settings from Section [AntiAliasingQuality@3] File [D:/GitHub/GAME259-2022-A/GAME259_A_URE/Saved/Config/Windows/Scalability.ini]
[2022.02.21-20.00.46:225][  0]LogConfig: Setting CVar [[r.PostProcessAAQuality:4]]
[2022.02.21-20.00.46:226][  0]LogConfig: Applying CVar settings from Section [ShadowQuality@3] File [D:/GitHub/GAME259-2022-A/GAME259_A_URE/Saved/Config/Windows/Scalability.ini]
[2022.02.21-20.00.46:226][  0]LogConfig: Setting CVar [[r.LightFunctionQuality:1]]
[2022.02.21-20.00.46:227][  0]LogConfig: Setting CVar [[r.ShadowQuality:5]]
[2022.02.21-20.00.46:228][  0]LogConfig: Setting CVar [[r.Shadow.CSM.MaxCascades:10]]
[2022.02.21-20.00.46:228][  0]LogConfig: Setting CVar [[r.Shadow.MaxResolution:2048]]
[2022.02.21-20.00.46:229][  0]LogConfig: Setting CVar [[r.Shadow.MaxCSMResolution:2048]]
[2022.02.21-20.00.46:229][  0]LogConfig: Setting CVar [[r.Shadow.RadiusThreshold:0.01]]
[2022.02.21-20.00.46:230][  0]LogConfig: Setting CVar [[r.Shadow.DistanceScale:1.0]]
[2022.02.21-20.00.46:230][  0]LogConfig: Setting CVar [[r.Shadow.CSM.TransitionScale:1.0]]
[2022.02.21-20.00.46:231][  0]LogConfig: Setting CVar [[r.Shadow.PreShadowResolutionFactor:1.0]]
[2022.02.21-20.00.46:231][  0]LogConfig: Setting CVar [[r.DistanceFieldShadowing:1]]
[2022.02.21-20.00.46:232][  0]LogConfig: Setting CVar [[r.DistanceFieldAO:1]]
[2022.02.21-20.00.46:232][  0]LogConfig: Setting CVar [[r.AOQuality:2]]
[2022.02.21-20.00.46:233][  0]LogConfig: Setting CVar [[r.VolumetricFog:1]]
[2022.02.21-20.00.46:233][  0]LogConfig: Setting CVar [[r.VolumetricFog.GridPixelSize:8]]
[2022.02.21-20.00.46:237][  0]LogConfig: Setting CVar [[r.VolumetricFog.GridSizeZ:128]]
[2022.02.21-20.00.46:239][  0]LogConfig: Setting CVar [[r.VolumetricFog.HistoryMissSupersampleCount:4]]
[2022.02.21-20.00.46:239][  0]LogConfig: Setting CVar [[r.LightMaxDrawDistanceScale:1]]
[2022.02.21-20.00.46:240][  0]LogConfig: Setting CVar [[r.CapsuleShadows:1]]
[2022.02.21-20.00.46:240][  0]LogConfig: Applying CVar settings from Section [PostProcessQuality@3] File [D:/GitHub/GAME259-2022-A/GAME259_A_URE/Saved/Config/Windows/Scalability.ini]
[2022.02.21-20.00.46:241][  0]LogConfig: Setting CVar [[r.MotionBlurQuality:4]]
[2022.02.21-20.00.46:242][  0]LogConfig: Setting CVar [[r.AmbientOcclusionMipLevelFactor:0.4]]
[2022.02.21-20.00.46:242][  0]LogConfig: Setting CVar [[r.AmbientOcclusionMaxQuality:100]]
[2022.02.21-20.00.46:243][  0]LogConfig: Setting CVar [[r.AmbientOcclusionLevels:-1]]
[2022.02.21-20.00.46:243][  0]LogConfig: Setting CVar [[r.AmbientOcclusionRadiusScale:1.0]]
[2022.02.21-20.00.46:244][  0]LogConfig: Setting CVar [[r.DepthOfFieldQuality:2]]
[2022.02.21-20.00.46:244][  0]LogConfig: Setting CVar [[r.RenderTargetPoolMin:400]]
[2022.02.21-20.00.46:245][  0]LogConfig: Setting CVar [[r.LensFlareQuality:2]]
[2022.02.21-20.00.46:245][  0]LogConfig: Setting CVar [[r.SceneColorFringeQuality:1]]
[2022.02.21-20.00.46:246][  0]LogConfig: Setting CVar [[r.EyeAdaptationQuality:2]]
[2022.02.21-20.00.46:250][  0]LogConfig: Setting CVar [[r.BloomQuality:5]]
[2022.02.21-20.00.46:250][  0]LogConfig: Setting CVar [[r.FastBlurThreshold:100]]
[2022.02.21-20.00.46:250][  0]LogConfig: Setting CVar [[r.Upscale.Quality:3]]
[2022.02.21-20.00.46:251][  0]LogConfig: Setting CVar [[r.Tonemapper.GrainQuantization:1]]
[2022.02.21-20.00.46:252][  0]LogConfig: Setting CVar [[r.LightShaftQuality:1]]
[2022.02.21-20.00.46:252][  0]LogConfig: Setting CVar [[r.Filter.SizeScale:1]]
[2022.02.21-20.00.46:253][  0]LogConfig: Setting CVar [[r.Tonemapper.Quality:5]]
[2022.02.21-20.00.46:253][  0]LogConfig: Setting CVar [[r.DOF.Gather.AccumulatorQuality:1        ; higher gathering accumulator quality]]
[2022.02.21-20.00.46:254][  0]LogConfig: Setting CVar [[r.DOF.Gather.PostfilterMethod:1          ; Median3x3 postfilering method]]
[2022.02.21-20.00.46:254][  0]LogConfig: Setting CVar [[r.DOF.Gather.EnableBokehSettings:0       ; no bokeh simulation when gathering]]
[2022.02.21-20.00.46:255][  0]LogConfig: Setting CVar [[r.DOF.Gather.RingCount:4                 ; medium number of samples when gathering]]
[2022.02.21-20.00.46:255][  0]LogConfig: Setting CVar [[r.DOF.Scatter.ForegroundCompositing:1    ; additive foreground scattering]]
[2022.02.21-20.00.46:256][  0]LogConfig: Setting CVar [[r.DOF.Scatter.BackgroundCompositing:2    ; additive background scattering]]
[2022.02.21-20.00.46:256][  0]LogConfig: Setting CVar [[r.DOF.Scatter.EnableBokehSettings:1      ; bokeh simulation when scattering]]
[2022.02.21-20.00.46:257][  0]LogConfig: Setting CVar [[r.DOF.Scatter.MaxSpriteRatio:0.1         ; only a maximum of 10% of scattered bokeh]]
[2022.02.21-20.00.46:257][  0]LogConfig: Setting CVar [[r.DOF.Recombine.Quality:1                ; cheap slight out of focus]]
[2022.02.21-20.00.46:258][  0]LogConfig: Setting CVar [[r.DOF.Recombine.EnableBokehSettings:0    ; no bokeh simulation on slight out of focus]]
[2022.02.21-20.00.46:263][  0]LogConfig: Setting CVar [[r.DOF.TemporalAAQuality:1                ; more stable temporal accumulation]]
[2022.02.21-20.00.46:264][  0]LogConfig: Setting CVar [[r.DOF.Kernel.MaxForegroundRadius:0.025]]
[2022.02.21-20.00.46:264][  0]LogConfig: Setting CVar [[r.DOF.Kernel.MaxBackgroundRadius:0.025]]
[2022.02.21-20.00.46:265][  0]LogConfig: Applying CVar settings from Section [TextureQuality@3] File [D:/GitHub/GAME259-2022-A/GAME259_A_URE/Saved/Config/Windows/Scalability.ini]
[2022.02.21-20.00.46:266][  0]LogConfig: Setting CVar [[r.Streaming.MipBias:0]]
[2022.02.21-20.00.46:266][  0]LogConfig: Setting CVar [[r.Streaming.AmortizeCPUToGPUCopy:0]]
[2022.02.21-20.00.46:266][  0]LogConfig: Setting CVar [[r.Streaming.MaxNumTexturesToStreamPerFrame:0]]
[2022.02.21-20.00.46:267][  0]LogConfig: Setting CVar [[r.Streaming.Boost:1]]
[2022.02.21-20.00.46:268][  0]LogConfig: Setting CVar [[r.MaxAnisotropy:8]]
[2022.02.21-20.00.46:268][  0]LogConfig: Setting CVar [[r.VT.MaxAnisotropy:8]]
[2022.02.21-20.00.46:269][  0]LogConfig: Setting CVar [[r.Streaming.LimitPoolSizeToVRAM:0]]
[2022.02.21-20.00.46:269][  0]LogConfig: Setting CVar [[r.Streaming.PoolSize:1000]]
[2022.02.21-20.00.46:270][  0]LogConfig: Setting CVar [[r.Streaming.MaxEffectiveScreenSize:0]]
[2022.02.21-20.00.46:270][  0]LogConfig: Applying CVar settings from Section [EffectsQuality@3] File [D:/GitHub/GAME259-2022-A/GAME259_A_URE/Saved/Config/Windows/Scalability.ini]
[2022.02.21-20.00.46:271][  0]LogConfig: Setting CVar [[r.TranslucencyLightingVolumeDim:64]]
[2022.02.21-20.00.46:274][  0]LogConfig: Setting CVar [[r.RefractionQuality:2]]
[2022.02.21-20.00.46:274][  0]LogConfig: Setting CVar [[r.SSR.Quality:3]]
[2022.02.21-20.00.46:274][  0]LogConfig: Setting CVar [[r.SSR.HalfResSceneColor:0]]
[2022.02.21-20.00.46:274][  0]LogConfig: Setting CVar [[r.SceneColorFormat:4]]
[2022.02.21-20.00.46:275][  0]LogConfig: Setting CVar [[r.DetailMode:2]]
[2022.02.21-20.00.46:275][  0]LogConfig: Setting CVar [[r.TranslucencyVolumeBlur:1]]
[2022.02.21-20.00.46:276][  0]LogConfig: Setting CVar [[r.MaterialQualityLevel:1 ; High quality]]
[2022.02.21-20.00.46:276][  0]LogConfig: Setting CVar [[r.AnisotropicMaterials:1]]
[2022.02.21-20.00.46:277][  0]LogConfig: Setting CVar [[r.SSS.Scale:1]]
[2022.02.21-20.00.46:277][  0]LogConfig: Setting CVar [[r.SSS.SampleSet:2]]
[2022.02.21-20.00.46:278][  0]LogConfig: Setting CVar [[r.SSS.Quality:1]]
[2022.02.21-20.00.46:278][  0]LogConfig: Setting CVar [[r.SSS.HalfRes:0]]
[2022.02.21-20.00.46:279][  0]LogConfig: Setting CVar [[r.SSGI.Quality:3]]
[2022.02.21-20.00.46:279][  0]LogConfig: Setting CVar [[r.EmitterSpawnRateScale:1.0]]
[2022.02.21-20.00.46:280][  0]LogConfig: Setting CVar [[r.ParticleLightQuality:2]]
[2022.02.21-20.00.46:281][  0]LogConfig: Setting CVar [[r.SkyAtmosphere.AerialPerspectiveLUT.FastApplyOnOpaque:1 ; Always have FastSkyLUT 1 in this case to avoid wrong sky]]
[2022.02.21-20.00.46:282][  0]LogConfig: Setting CVar [[r.SkyAtmosphere.AerialPerspectiveLUT.SampleCountMaxPerSlice:4]]
[2022.02.21-20.00.46:284][  0]LogConfig: Setting CVar [[r.SkyAtmosphere.AerialPerspectiveLUT.DepthResolution:16.0]]
[2022.02.21-20.00.46:285][  0]LogConfig: Setting CVar [[r.SkyAtmosphere.FastSkyLUT:1]]
[2022.02.21-20.00.46:285][  0]LogConfig: Setting CVar [[r.SkyAtmosphere.FastSkyLUT.SampleCountMin:4.0]]
[2022.02.21-20.00.46:285][  0]LogConfig: Setting CVar [[r.SkyAtmosphere.FastSkyLUT.SampleCountMax:128.0]]
[2022.02.21-20.00.46:286][  0]LogConfig: Setting CVar [[r.SkyAtmosphere.SampleCountMin:4.0]]
[2022.02.21-20.00.46:286][  0]LogConfig: Setting CVar [[r.SkyAtmosphere.SampleCountMax:128.0]]
[2022.02.21-20.00.46:286][  0]LogConfig: Setting CVar [[r.SkyAtmosphere.TransmittanceLUT.UseSmallFormat:0]]
[2022.02.21-20.00.46:287][  0]LogConfig: Setting CVar [[r.SkyAtmosphere.TransmittanceLUT.SampleCount:10.0]]
[2022.02.21-20.00.46:287][  0]LogConfig: Setting CVar [[r.SkyAtmosphere.MultiScatteringLUT.SampleCount:15.0]]
[2022.02.21-20.00.46:288][  0]LogConfig: Setting CVar [[r.SkyLight.RealTimeReflectionCapture:1]]
[2022.02.21-20.00.46:288][  0]LogConfig: Applying CVar settings from Section [FoliageQuality@3] File [D:/GitHub/GAME259-2022-A/GAME259_A_URE/Saved/Config/Windows/Scalability.ini]
[2022.02.21-20.00.46:289][  0]LogConfig: Setting CVar [[foliage.DensityScale:1.0]]
[2022.02.21-20.00.46:289][  0]LogConfig: Setting CVar [[grass.DensityScale:1.0]]
[2022.02.21-20.00.46:290][  0]LogConfig: Applying CVar settings from Section [ShadingQuality@3] File [D:/GitHub/GAME259-2022-A/GAME259_A_URE/Saved/Config/Windows/Scalability.ini]
[2022.02.21-20.00.46:290][  0]LogConfig: Setting CVar [[r.HairStrands.SkyLighting.IntegrationType:2]]
[2022.02.21-20.00.46:291][  0]LogConfig: Setting CVar [[r.HairStrands.SkyAO.SampleCount:4]]
[2022.02.21-20.00.46:291][  0]LogConfig: Setting CVar [[r.HairStrands.Visibility.MSAA.SamplePerPixel:4]]
[2022.02.21-20.00.46:292][  0]LogConfig: Applying CVar settings from Section [Startup] File [../../../Engine/Config/ConsoleVariables.ini]
[2022.02.21-20.00.46:293][  0]LogConfig: Setting CVar [[net.UseAdaptiveNetUpdateFrequency:0]]
[2022.02.21-20.00.46:296][  0]LogConfig: Setting CVar [[p.chaos.AllowCreatePhysxBodies:1]]
[2022.02.21-20.00.46:296][  0]LogConfig: Setting CVar [[fx.SkipVectorVMBackendOptimizations:1]]
[2022.02.21-20.00.46:296][  0]LogConfig: Applying CVar settings from Section [ConsoleVariables] File [D:/GitHub/GAME259-2022-A/GAME259_A_URE/Saved/Config/Windows/Engine.ini]
[2022.02.21-20.00.46:297][  0]LogConfig: Applying CVar settings from Section [ConsoleVariables] File [D:/GitHub/GAME259-2022-A/GAME259_A_URE/Saved/Config/Windows/Editor.ini]
[2022.02.21-20.00.46:297][  0]LogInit: Computer: OMEN
[2022.02.21-20.00.46:297][  0]LogInit: User: James
[2022.02.21-20.00.46:298][  0]LogInit: CPU Page size=4096, Cores=6
[2022.02.21-20.00.46:298][  0]LogInit: High frequency timer resolution =10.000000 MHz
[2022.02.21-20.00.46:299][  0]LogMemory: Memory total: Physical=15.9GB (16GB approx)
[2022.02.21-20.00.46:299][  0]LogMemory: Platform Memory Stats for Windows
[2022.02.21-20.00.46:300][  0]LogMemory: Process Physical Memory: 147.85 MB used, 147.85 MB peak
[2022.02.21-20.00.46:300][  0]LogMemory: Process Virtual Memory: 131.04 MB used, 131.04 MB peak
[2022.02.21-20.00.46:301][  0]LogMemory: Physical Memory: 12644.06 MB used,  3630.79 MB free, 16274.84 MB total
[2022.02.21-20.00.46:301][  0]LogMemory: Virtual Memory: 134212040.00 MB used,  5685.21 MB free, 134217728.00 MB total
[2022.02.21-20.00.46:306][  0]LogWindows: WindowsPlatformFeatures enabled
[2022.02.21-20.00.46:355][  0]LogInit: Physics initialised using underlying interface: PhysX
[2022.02.21-20.00.46:356][  0]LogInit: Using OS detected language (en-US).
[2022.02.21-20.00.46:358][  0]LogInit: Using OS detected locale (en-US).
[2022.02.21-20.00.46:362][  0]LogTextLocalizationManager: No specific localization for 'en-US' exists, so the 'en' localization will be used.
[2022.02.21-20.00.46:559][  0]LogWindowsTextInputMethodSystem: Display: IME system deactivated.
[2022.02.21-20.00.46:637][  0]LogSlate: New Slate User Created.  User Index 0, Is Virtual User: 0
[2022.02.21-20.00.46:637][  0]LogSlate: Slate User Registered.  User Index 0, Is Virtual User: 0
[2022.02.21-20.00.46:696][  0]LogD3D11RHI: Loaded GFSDK_Aftermath_Lib.x64.dll
[2022.02.21-20.00.46:750][  0]LogHMD: Optional extension XR_VARJO_quad_views is not available
[2022.02.21-20.00.46:751][  0]LogHMD: Warning: Required extension XR_EXT_eye_gaze_interaction is not available
[2022.02.21-20.00.46:753][  0]LogHMD: Could not enable all required OpenXR extensions for OpenXREyeTracker on current system. This plugin will be loaded but ignored, but will be enabled on a target platform that supports the required extension.
[2022.02.21-20.00.47:257][  0]LogHMD: Failed to get an OpenXR system, result is XR_ERROR_FORM_FACTOR_UNAVAILABLE. Please check that your runtime supports VR headsets.
[2022.02.21-20.00.47:257][  0]LogD3D11RHI: D3D11 min allowed feature level: 11_0
[2022.02.21-20.00.47:259][  0]LogD3D11RHI: D3D11 max allowed feature level: 11_0
[2022.02.21-20.00.47:261][  0]LogD3D11RHI: D3D11 adapters:
[2022.02.21-20.00.47:413][  0]LogD3D11RHI:    0. 'NVIDIA GeForce GTX 1070' (Feature Level 11_0)
[2022.02.21-20.00.47:413][  0]LogD3D11RHI:       8088/0/8137 MB DedicatedVideo/DedicatedSystem/SharedSystem, Outputs:2, VendorId:0x10de
[2022.02.21-20.00.47:417][  0]LogD3D11RHI:    1. 'Microsoft Basic Render Driver' (Feature Level 11_0)
[2022.02.21-20.00.47:417][  0]LogD3D11RHI:       0/0/8137 MB DedicatedVideo/DedicatedSystem/SharedSystem, Outputs:0, VendorId:0x1414
[2022.02.21-20.00.47:417][  0]LogD3D11RHI: Chosen D3D11 Adapter:
[2022.02.21-20.00.47:417][  0]LogD3D11RHI:     Description : NVIDIA GeForce GTX 1070
[2022.02.21-20.00.47:418][  0]LogD3D11RHI:     VendorId    : 10de
[2022.02.21-20.00.47:418][  0]LogD3D11RHI:     DeviceId    : 1b81
[2022.02.21-20.00.47:418][  0]LogD3D11RHI:     SubSysId    : 82fb103c
[2022.02.21-20.00.47:419][  0]LogD3D11RHI:     Revision    : 00a1
[2022.02.21-20.00.47:419][  0]LogD3D11RHI:     DedicatedVideoMemory : 8480882688 bytes
[2022.02.21-20.00.47:419][  0]LogD3D11RHI:     DedicatedSystemMemory : 0 bytes
[2022.02.21-20.00.47:419][  0]LogD3D11RHI:     SharedSystemMemory : 8532705280 bytes
[2022.02.21-20.00.47:420][  0]LogD3D11RHI:     AdapterLuid : 0 89200
[2022.02.21-20.00.47:429][  0]LogD3D11RHI: Creating new Direct3DDevice
[2022.02.21-20.00.47:429][  0]LogD3D11RHI:     GPU DeviceId: 0x1b81 (for the marketing name, search the web for "GPU Device Id")
[2022.02.21-20.00.47:430][  0]LogWindows: EnumDisplayDevices:
[2022.02.21-20.00.47:430][  0]LogWindows:    0. 'NVIDIA GeForce GTX 1070' (P:1 D:1)
[2022.02.21-20.00.47:431][  0]LogWindows:    1. 'NVIDIA GeForce GTX 1070' (P:0 D:1)
[2022.02.21-20.00.47:431][  0]LogWindows:    2. 'NVIDIA GeForce GTX 1070' (P:0 D:0)
[2022.02.21-20.00.47:432][  0]LogWindows:    3. 'NVIDIA GeForce GTX 1070' (P:0 D:0)
[2022.02.21-20.00.47:432][  0]LogWindows: DebugString: FoundDriverCount:4 
[2022.02.21-20.00.47:432][  0]LogD3D11RHI:     Adapter Name: NVIDIA GeForce GTX 1070
[2022.02.21-20.00.47:432][  0]LogD3D11RHI:   Driver Version: 472.08 (internal:30.0.14.7208, unified:472.08)
[2022.02.21-20.00.47:433][  0]LogD3D11RHI:      Driver Date: 9-13-2021
[2022.02.21-20.00.47:433][  0]LogRHI: Texture pool is 5661 MB (70% of 8088 MB)
[2022.02.21-20.00.47:433][  0]LogD3D11RHI: Creating D3DDevice using adapter:
[2022.02.21-20.00.47:434][  0]LogD3D11RHI:     Description : NVIDIA GeForce GTX 1070
[2022.02.21-20.00.47:436][  0]LogD3D11RHI:     VendorId    : 10de
[2022.02.21-20.00.47:436][  0]LogD3D11RHI:     DeviceId    : 1b81
[2022.02.21-20.00.47:436][  0]LogD3D11RHI:     SubSysId    : 82fb103c
[2022.02.21-20.00.47:436][  0]LogD3D11RHI:     Revision    : 00a1
[2022.02.21-20.00.47:437][  0]LogD3D11RHI:     DedicatedVideoMemory : 8480882688 bytes
[2022.02.21-20.00.47:437][  0]LogD3D11RHI:     DedicatedSystemMemory : 0 bytes
[2022.02.21-20.00.47:437][  0]LogD3D11RHI:     SharedSystemMemory : 8532705280 bytes
[2022.02.21-20.00.47:438][  0]LogD3D11RHI:     AdapterLuid : 0 89200
[2022.02.21-20.00.47:512][  0]LogD3D11RHI: RHI has support for 64 bit atomics
[2022.02.21-20.00.47:513][  0]LogD3D11RHI: Async texture creation enabled
[2022.02.21-20.00.47:514][  0]LogD3D11RHI: Array index from any shader is supported
[2022.02.21-20.00.47:516][  0]LogD3D11RHI: HDR output is supported on display 0 (NvId: 0x80061082).
[2022.02.21-20.00.47:532][  0]LogD3D11RHI: GPU Timing Frequency: 1000.000000 (Debug: 2 1)
[2022.02.21-20.00.47:559][  0]LogRHI: GeForceNow SDK initialized: 1
[2022.02.21-20.00.47:885][  0]LogTargetPlatformManager: Display: Loaded TargetPlatform 'WindowsNoEditor'
[2022.02.21-20.00.47:887][  0]LogTargetPlatformManager: Display: Loaded TargetPlatform 'Windows'
[2022.02.21-20.00.47:890][  0]LogTargetPlatformManager: Display: Loaded TargetPlatform 'WindowsClient'
[2022.02.21-20.00.47:892][  0]LogTargetPlatformManager: Display: Loaded TargetPlatform 'WindowsServer'
[2022.02.21-20.00.47:892][  0]LogTargetPlatformManager: Display: Building Assets For Windows
[2022.02.21-20.00.47:896][  0]LogAudioDebug: Display: Lib vorbis DLL was dynamically loaded.
[2022.02.21-20.00.47:909][  0]LogTextureFormatOodle: Display: Oodle Texture 2.9.0 init RDO Off
[2022.02.21-20.00.47:925][  0]LogRendererCore: Ray tracing is disabled. Reason: r.RayTracing=0.
[2022.02.21-20.00.47:925][  0]LogShaderCompilers: Guid format shader working directory is -2 characters bigger than the processId version (../../../../GitHub/GAME259-2022-A/GAME259_A_URE/Intermediate/Shaders/WorkingDirectory/28740/).
[2022.02.21-20.00.47:927][  0]LogShaderCompilers: Cleaned the shader compiler working directory 'C:/Users/James/AppData/Local/Temp/UnrealShaderWorkingDir/E32901B34A5761AD7723168DDC8B32C9/'.
[2022.02.21-20.00.47:928][  0]LogXGEController: Cannot use XGE Controller as Incredibuild is not installed on this machine.
[2022.02.21-20.00.47:928][  0]LogShaderCompilers: Cannot use XGE Shader Compiler as Incredibuild is not installed on this machine.
[2022.02.21-20.00.47:928][  0]LogShaderCompilers: Display: Using Local Shader Compiler.
[2022.02.21-20.00.48:640][  0]LogDerivedDataCache: Display: Max Cache Size: 512 MB
[2022.02.21-20.00.48:719][  0]LogDerivedDataCache: Loaded boot cache 0.08s 103MB C:/Users/James/AppData/Local/UnrealEngine/4.27/DerivedDataCache/Boot.ddc.
[2022.02.21-20.00.48:720][  0]LogDerivedDataCache: Display: Loaded Boot cache: C:/Users/James/AppData/Local/UnrealEngine/4.27/DerivedDataCache/Boot.ddc
[2022.02.21-20.00.48:721][  0]LogDerivedDataCache: FDerivedDataBackendGraph:  Pak pak cache file ../../../../GitHub/GAME259-2022-A/GAME259_A_URE/DerivedDataCache/DDC.ddp not found, will not use a pak cache.
[2022.02.21-20.00.48:721][  0]LogDerivedDataCache: Unable to find inner node Pak for hierarchical cache Hierarchy.
[2022.02.21-20.00.48:721][  0]LogDerivedDataCache: FDerivedDataBackendGraph:  CompressedPak pak cache file ../../../../GitHub/GAME259-2022-A/GAME259_A_URE/DerivedDataCache/Compressed.ddp not found, will not use a pak cache.
[2022.02.21-20.00.48:722][  0]LogDerivedDataCache: Unable to find inner node CompressedPak for hierarchical cache Hierarchy.
[2022.02.21-20.00.48:737][  0]LogDerivedDataCache: Display: Pak cache opened for reading ../../../Engine/DerivedDataCache/Compressed.ddp.
[2022.02.21-20.00.48:737][  0]LogDerivedDataCache: FDerivedDataBackendGraph:  EnterprisePak pak cache file ../../../Enterprise/DerivedDataCache/Compressed.ddp not found, will not use a pak cache.
[2022.02.21-20.00.48:738][  0]LogDerivedDataCache: Unable to find inner node EnterprisePak for hierarchical cache Hierarchy.
[2022.02.21-20.00.48:746][  0]LogDerivedDataCache: Speed tests for C:/Users/James/AppData/Local/UnrealEngine/Common/DerivedDataCache took 0.01 seconds
[2022.02.21-20.00.48:746][  0]LogDerivedDataCache: Display: Performance to C:/Users/James/AppData/Local/UnrealEngine/Common/DerivedDataCache: Latency=0.03ms. RandomReadSpeed=1419.15MBs, RandomWriteSpeed=143.15MBs. Assigned SpeedClass 'Local'
[2022.02.21-20.00.48:749][  0]LogDerivedDataCache: Using Local data cache path C:/Users/James/AppData/Local/UnrealEngine/Common/DerivedDataCache: Writable
[2022.02.21-20.00.48:751][  0]LogDerivedDataCache: Shared data cache path not found in *engine.ini, will not use an Shared cache.
[2022.02.21-20.00.48:751][  0]LogDerivedDataCache: Unable to find inner node Shared for hierarchical cache Hierarchy.
[2022.02.21-20.00.48:795][  0]LogSlate: Using FreeType 2.10.0
[2022.02.21-20.00.48:797][  0]LogSlate: SlateFontServices - WITH_FREETYPE: 1, WITH_HARFBUZZ: 1
[2022.02.21-20.00.49:300][  0]LogHMD: Failed to get an OpenXR system, result is XR_ERROR_FORM_FACTOR_UNAVAILABLE. Please check that your runtime supports VR headsets.
[2022.02.21-20.00.49:380][  0]LogInit: Using OS detected language (en-US).
[2022.02.21-20.00.49:380][  0]LogInit: Using OS detected locale (en-US).
[2022.02.21-20.00.49:382][  0]LogTextLocalizationManager: No localization for 'en-US' exists, so 'en' will be used for the language.
[2022.02.21-20.00.49:382][  0]LogTextLocalizationManager: No localization for 'en-US' exists, so 'en' will be used for the locale.
[2022.02.21-20.00.49:383][  0]LogSlate: FontCache flush requested. Reason: Culture for localization was changed
[2022.02.21-20.00.49:383][  0]LogSlate: FontCache flush requested. Reason: Culture for localization was changed
[2022.02.21-20.00.49:386][  0]LogTextLocalizationManager: Compacting localization data took   0.00ms
[2022.02.21-20.00.49:386][  0]LogAssetRegistry: FAssetRegistry took 0.0015 seconds to start up
[2022.02.21-20.00.49:558][  0]LogPackageLocalizationCache: Processed 27 localized package path(s) for 1 prioritized culture(s) in 0.023640 seconds
[2022.02.21-20.00.49:618][  0]LogInit: Selected Device Profile: [Windows]
[2022.02.21-20.00.49:619][  0]LogInit: Active device profile: [0000025BD979CA00][0000025BCF4A2540 49] Windows
[2022.02.21-20.00.49:622][  0]LogInit: Profiles: [0000025BD979CA00][0000025BCF4A2540 49] Windows, [0000025BD9789A00][0000025BCF4AA6C0 49] WindowsNoEditor, [0000025BD979F500][0000025BCF4AE840 49] WindowsServer, [0000025BD978BD00][0000025BCF8029C0 49] WindowsClient, [0000025BD979F300][0000025BCF806B40 49] IOS, [0000025BD978BF00][0000025BCF80ACC0 49] iPadAir, [0000025BD979E000][0000025BCF80EE40 49] iPadAir2, [0000025BD9728C00][0000025BCF817100 49] IPadPro, [0000025BD9728D00][0000025BCF813140 49] iPadAir3, [0000025BD978B300][0000025BCF81B2C0 49] iPadAir4, [0000025BD972B200][0000025BCF81F440 49] iPadMini2, [0000025BD978AA00][0000025BCF4A7580 49] iPadMini3, [0000025BD9729700][0000025BCF8236C0 49] iPadMini4, [0000025BD978A300][0000025BCF827800 49] iPadMini5, [0000025BD9748500][0000025BCF833A80 49] iPhone6, [0000025BD9748600][0000025BCF82BAC0 49] iPodTouch6, [0000025BD972B800][0000025BCF83A200 49] iPhone7, [0000025BD9729C00][0000025BCF836240 49] iPodTouch7, [0000025BD9748400][0000025BCF83E3C0 49] iPhone5S, [0000025BD978A100][0000025BCF842540 49] iPhone6Plus, [0000025BD974AF00][0000025BCF8466C0 49] iPhone6S, [0000025BD9728A00][0000025BCF84A840 49] iPhone6SPlus, [0000025BD974A300][0000025BD06169C0 49] iPhone7Plus, [0000025BD9728100][0000025BD061AB40 49] iPhoneSE, [0000025BD9748800][0000025BD061ECC0 49] iPhone8, [0000025BD9729F00][0000025BD0622E40 49] iPhone8Plus, [0000025BD9748700][0000025BD0626FC0 49] iPhoneX, [0000025BD972A200][0000025BD062B140 49] iPhoneXS, [0000025BD974B800][0000025BD062F2C0 49] iPhoneXSMax, [0000025BD9728900][0000025BD0633440 49] iPhoneXR, [0000025BD9749900][0000025BD06375C0 49] iPhone11, [0000025BD972A800][0000025BCF82F700 49] iPhone11Pro, [0000025BD9749000][0000025BD063B840 49] iPhone11ProMax, [0000025BD9729500][0000025BD063F980 49] iPhoneSE2, [0000025BD974B500][0000025BD0643AC0 49] iPhone12Mini, [0000025BD972BD00][0000025BD064A0C0 49] iPhone12, [0000025BD9749F00][0000025BD064E240 49] iPhone12Pro, [0000025BD972B000][0000025BD06523C0 49] iPhone12ProMax, [0000025BD9749400][0000025BD0656540 49] iPadPro105, [0000025BD972A700][0000025BD065A6C0 49] iPadPro129, [0000025BD974B400][0000025BD065E840 49] iPadPro97, [0000025BD972A600][0000025BD06629C0 49] iPadPro2_129, [0000025BD9749E00][0000025BD0666B40 49] iPad5, [0000025BD9728200][0000025BD066ACC0 49] iPad6, [0000025BD974BB00][0000025BD066EE40 49] iPad7, [0000025BD972BB00][0000025BD0672FC0 49] iPad8, [0000025BD974BA00][0000025BD0677140 49] iPadPro11, [0000025BD972A900][0000025BD067B2C0 49] iPadPro2_11, [0000025BD9749C00][0000025BD067F440 49] iPadPro3_129, [0000025BD9728F00][0000025BD06835C0 49] iPadPro4_129, [0000025BD9748100][0000025BD0687740 49] AppleTV, [0000025BD9729000][0000025BD068B8C0 49] AppleTV4K, [0000025BD974BD00][0000025BD0647A00 49] TVOS, [0000025BD9728700][0000025BD00D3B40 49] Mac, [0000025BD9748300][0000025BD00D6100 49] MacClient, [0000025BD9728600][0000025BD00DE280 49] MacNoEditor, [0000025BD9749700][0000025BD00E2400 49] MacServer, [0000025BD9729600][0000025BD00E6580 49] Linux, [0000025BD974B000][0000025BD00EA700 49] LinuxAArch64, [0000025BD972B400][0000025BD00EE880 49] LinuxNoEditor, [0000025BD974AE00][0000025BD00F2A00 49] LinuxAArch64NoEditor, [0000025BD972B700][0000025BD00F6B80 49] LinuxClient, [0000025BD9748C00][0000025BD00FAD00 49] LinuxAArch64Client, [0000025BD972A400][0000025BD00FEE80 49] LinuxServer, [0000025BD974BE00][0000025BD0103000 49] LinuxAArch64Server, [0000025BD972B900][0000025BD0107180 49] Android, [0000025BD9748B00][0000025BD010B300 49] Android_Low, [0000025BD972B500][0000025BD010F480 49] Android_Mid, [0000025BD974A800][0000025BD0113600 49] Android_High, [0000025BD978B800][0000025BD0117780 49] Android_Default, [0000025BD979E100][0000025BD011B900 49] Android_Adreno4xx, [0000025BD978BE00][0000025BD011FA80 49] Android_Adreno5xx_Low, [0000025BD979EB00][0000025BD00DBBC0 49] Android_Adreno5xx, [0000025BD978B200][0000025BD0122180 49] Android_Adreno6xx, [0000025BD979E800][0000025BD01262C0 49] Android_Adreno6xx_Vulkan, [0000025BD9789900][0000025BD012E440 49] Android_Mali_T6xx, [0000025BD979FB00][0000025BD01325C0 49] Android_Mali_T7xx, [0000025BD9788B00][0000025BD0136740 49] Android_Mali_T8xx, [0000025BD979FE00][0000025BD013A8C0 49] Android_Mali_G71, [0000025BD9788A00][0000025BD013EA40 49] Android_Mali_G72, [0000025BD979D800][0000025BD0142BC0 49] Android_Mali_G72_Vulkan, [0000025BD978B600][0000025BD0146D40 49] Android_Mali_G76, [0000025BD979DB00][0000025BD014AEC0 49] Android_Mali_G76_Vulkan, [0000025BD9789F00][0000025BD014F040 49] Android_Mali_G77, [0000025BD979D000][0000025BD01531C0 49] Android_Mali_G77_Vulkan, [0000025BD9789700][0000025BD0157340 49] Android_Mali_G78, [0000025BD979E900][0000025BD015B4C0 49] Android_Mali_G78_Vulkan, [0000025BD978A800][0000025BD015F640 49] Android_Mali_G710, [0000025BD979C700][0000025BD01637C0 49] Android_Mali_G710_Vulkan, [0000025BD9789100][0000025BD0167940 49] Android_Vulkan_SM5, [0000025BD979D600][0000025BD016BAC0 49] Android_PowerVR_G6xxx, [0000025BD9789500][0000025BD016E0C0 49] Android_PowerVR_GT7xxx, [0000025BD979EF00][0000025BD012A200 49] Android_PowerVR_GE8xxx, [0000025BD9789400][0000025BD0172340 49] Android_PowerVR_GM9xxx, [0000025BD979C300][0000025BD0176480 49] Android_PowerVR_GM9xxx_Vulkan, [0000025BD9788400][0000025BD017A5C0 49] Android_TegraK1, [0000025BD979EC00][0000025BD0182740 49] Android_Unknown_Vulkan, [0000025BD9788300][0000025BD01868C0 49] Lumin, [0000025BD9729900][0000025BD018AA40 49] Lumin_Desktop, [0000025BD978AE00][0000025BD018EBC0 49] HoloLens, 
[2022.02.21-20.00.49:646][  0]LogMeshReduction: Using QuadricMeshReduction for automatic static mesh reduction
[2022.02.21-20.00.49:646][  0]LogMeshReduction: Using SimplygonMeshReduction for automatic skeletal mesh reduction
[2022.02.21-20.00.49:647][  0]LogMeshReduction: Using ProxyLODMeshReduction for automatic mesh merging
[2022.02.21-20.00.49:648][  0]LogMeshReduction: No distributed automatic mesh merging module available
[2022.02.21-20.00.49:648][  0]LogMeshMerging: No distributed automatic mesh merging module available
[2022.02.21-20.00.49:777][  0]LogNetVersion: GAME259_A_URE 1.0.0, NetCL: 17155196, EngineNetVer: 17, GameNetVer: 0 (Checksum: 2250587433)
[2022.02.21-20.00.50:050][  0]LogTexture: Default maximum texture size for cubemaps generated from long-lat sources has been changed from 512 to unlimited. In order to preserve old behaiour for '/Engine/MapTemplates/Sky/DaylightAmbientCubemap.DaylightAmbientCubemap', its maximum texture size has been explicitly set to 512.
[2022.02.21-20.00.50:105][  0]LogHMD: PokeAHoleMaterial loaded successfully
[2022.02.21-20.00.50:174][  0]LogMoviePlayer: Initializing movie player
[2022.02.21-20.00.50:269][  0]LogNiagaraDebuggerClient: Niagara Debugger Client Initialized | Session: 297952D84DAC81FF4CF40C93AFDBB222 | Instance: 5A6999354D5097B1F5424E9772578218 (OMEN-28740).
[2022.02.21-20.00.50:287][  0]LogCollectionManager: Loaded 0 collections in 0.000912 seconds
[2022.02.21-20.00.50:290][  0]LogFileCache: Scanning file cache for directory 'D:/GitHub/GAME259-2022-A/GAME259_A_URE/Saved/Collections/' took 0.00s
[2022.02.21-20.00.50:290][  0]LogFileCache: Scanning file cache for directory 'D:/GitHub/GAME259-2022-A/GAME259_A_URE/Content/Developers/James/Collections/' took 0.00s
[2022.02.21-20.00.50:290][  0]LogCollectionManager: Fixed up redirectors for 0 collections in 0.000002 seconds (updated 0 objects)
[2022.02.21-20.00.50:307][  0]LogFileCache: Scanning file cache for directory 'D:/GitHub/GAME259-2022-A/GAME259_A_URE/Content/Collections/' took 0.00s
[2022.02.21-20.00.50:308][  0]LogPython: Using Python 3.7.7
[2022.02.21-20.00.50:842][  0]LogSteamShared: Display: Loading Steam SDK 1.51
[2022.02.21-20.00.50:843][  0]LogSteamShared: Steam SDK Loaded!
[2022.02.21-20.00.51:044][  0]SourceControl: Source control is disabled
[2022.02.21-20.00.51:045][  0]SourceControl: Source control is disabled
[2022.02.21-20.00.51:060][  0]SourceControl: Source control is disabled
[2022.02.21-20.00.51:061][  0]LogUProjectInfo: Found projects:
[2022.02.21-20.00.51:132][  0]LogOpenImageDenoise: OIDN starting up
[2022.02.21-20.00.51:152][  0]LogAndroidPermission: UAndroidPermissionCallbackProxy::GetInstance
[2022.02.21-20.00.51:169][  0]LogAudioCaptureCore: Display: No Audio Capture implementations found. Audio input will be silent.
[2022.02.21-20.00.51:169][  0]LogAudioCaptureCore: Display: No Audio Capture implementations found. Audio input will be silent.
[2022.02.21-20.00.51:241][  0]LogOcInput: OculusInput pre-init called
[2022.02.21-20.00.51:250][  0]LogUObjectArray: 23049 objects as part of root set at end of initial load.
[2022.02.21-20.00.51:250][  0]LogUObjectAllocator: 6399616 out of 0 bytes used by permanent object pool.
[2022.02.21-20.00.51:251][  0]LogUObjectArray: CloseDisregardForGC: 0/0 objects in disregard for GC pool
[2022.02.21-20.00.51:293][  0]LogClass: Display: IntProperty FServerInfo::CurrentPlayers is not initialized properly. Module:GAME259_A_URE File:GameInstance_GAME259_A_URE.h
[2022.02.21-20.00.51:294][  0]LogClass: Display: IntProperty FServerInfo::MaxPlayers is not initialized properly. Module:GAME259_A_URE File:GameInstance_GAME259_A_URE.h
[2022.02.21-20.00.51:296][  0]LogClass: Display: IntProperty FServerInfo::ServerArrayIndex is not initialized properly. Module:GAME259_A_URE File:GameInstance_GAME259_A_URE.h
[2022.02.21-20.00.51:297][  0]LogClass: Display: 3 Uninitialized script struct members found including 0 object properties
[2022.02.21-20.00.51:299][  0]LogEngine: Initializing Engine...
[2022.02.21-20.00.51:800][  0]LogHMD: Failed to get an OpenXR system, result is XR_ERROR_FORM_FACTOR_UNAVAILABLE. Please check that your runtime supports VR headsets.
[2022.02.21-20.00.51:800][  0]LogMagicLeap: Warning: VR disabled because ZI is not enabled.  To enable, in the editor, Edit -> Project Settings -> Plugins -> Magic Leap Plugin -> Enable Zero Iteration
[2022.02.21-20.00.51:806][  0]LogStats: UGameplayTagsManager::InitializeManager -  0.000 s
[2022.02.21-20.00.51:910][  0]LogInit: Initializing FReadOnlyCVARCache
[2022.02.21-20.00.51:911][  0]LogAudio: Display: Initializing Audio Device Manager...
[2022.02.21-20.00.51:919][  0]LogAudio: Display: Loading Default Audio Settings Objects...
[2022.02.21-20.00.51:920][  0]LogAudio: Display: No default SoundConcurrencyObject specified (or failed to load).
[2022.02.21-20.00.51:922][  0]LogAudio: Display: Audio Device Manager Initialized
[2022.02.21-20.00.51:924][  0]LogAudio: Display: Creating Audio Device:                 Id: 1, Scope: Shared, Realtime: True
[2022.02.21-20.00.51:925][  0]LogAudioMixer: Display: Audio Mixer Platform Settings:
[2022.02.21-20.00.51:926][  0]LogAudioMixer: Display: 	Sample Rate:						  48000
[2022.02.21-20.00.51:927][  0]LogAudioMixer: Display: 	Callback Buffer Frame Size Requested: 1024
[2022.02.21-20.00.51:927][  0]LogAudioMixer: Display: 	Callback Buffer Frame Size To Use:	  1024
[2022.02.21-20.00.51:928][  0]LogAudioMixer: Display: 	Number of buffers to queue:			  2
[2022.02.21-20.00.51:928][  0]LogAudioMixer: Display: 	Max Channels (voices):				  32
[2022.02.21-20.00.51:928][  0]LogAudioMixer: Display: 	Number of Async Source Workers:		  0
[2022.02.21-20.00.51:929][  0]LogAudio: Display: AudioDevice MaxSources: 32
[2022.02.21-20.00.51:930][  0]LogAudio: Display: Audio Spatialization Plugin: None (built-in).
[2022.02.21-20.00.51:930][  0]LogAudio: Display: Audio Reverb Plugin: None (built-in).
[2022.02.21-20.00.51:931][  0]LogAudio: Display: Audio Occlusion Plugin: None (built-in).
[2022.02.21-20.00.51:931][  0]LogAudioMixer: Display: Initializing audio mixer.
[2022.02.21-20.00.51:956][  0]LogAudioMixer: Display: 0: FrontLeft
[2022.02.21-20.00.51:956][  0]LogAudioMixer: Display: 1: FrontRight
[2022.02.21-20.00.52:041][  0]LogAudioMixer: Display: Using Audio Device Headphones (Arctis 7 Game)
[2022.02.21-20.00.52:047][  0]LogAudioMixer: Display: Initializing Sound Submixes...
[2022.02.21-20.00.52:049][  0]LogAudioMixer: Display: Creating Master Submix 'MasterSubmixDefault'
[2022.02.21-20.00.52:049][  0]LogAudioMixer: Display: Creating Master Submix 'MasterReverbSubmixDefault'
[2022.02.21-20.00.52:051][  0]LogAudioMixer: Display: Creating Master Submix 'MasterEQSubmixDefault'
[2022.02.21-20.00.52:052][  0]LogAudioMixer: FMixerPlatformXAudio2::StartAudioStream() called
[2022.02.21-20.00.52:052][  0]LogAudioMixer: Display: Output buffers initialized: Frames=1024, Channels=2, Samples=2048
[2022.02.21-20.00.52:053][  0]LogAudioMixer: Display: Starting AudioMixerPlatformInterface::RunInternal()
[2022.02.21-20.00.52:053][  0]LogAudioMixer: Display: FMixerPlatformXAudio2::SubmitBuffer() called for the first time
[2022.02.21-20.00.52:054][  0]LogInit: FAudioDevice initialized.
[2022.02.21-20.00.52:055][  0]LogNetVersion: Set ProjectVersion to 1.0.0.0. Version Checksum will be recalculated on next use.
[2022.02.21-20.00.52:070][  0]LogDerivedDataCache: Error: Could not save memory cache C:/Users/James/AppData/Local/UnrealEngine/4.27/DerivedDataCache/Boot.ddc.
[2022.02.21-20.00.52:074][  0]LogInit: Texture streaming: Enabled
[2022.02.21-20.00.52:134][  0]LogAudio: Display: Audio Device (ID: 1) registered with world 'Untitled'.
[2022.02.21-20.00.52:135][  0]LogSlate: Updating window title bar state: overlay mode, drag disabled, window buttons hidden, title bar hidden
[2022.02.21-20.00.52:137][  0]LogInit: Display: Game Engine Initialized.
[2022.02.21-20.00.52:137][  0]LogNiagaraEditor: GEditor isn't valid! Particle reset commands will not work for Niagara components!
[2022.02.21-20.00.52:192][  0]LogInit: Display: Starting Game.
[2022.02.21-20.00.52:192][  0]LogNet: Browse: /Game/LobbySystem/Levels/LobbyMainMenu?Name=Player
[2022.02.21-20.00.52:194][  0]LogLoad: LoadMap: /Game/LobbySystem/Levels/LobbyMainMenu?Name=Player
[2022.02.21-20.00.52:195][  0]LogWorld: BeginTearingDown for /Temp/Untitled_0
[2022.02.21-20.00.52:197][  0]LogWorld: UWorld::CleanupWorld for Untitled, bSessionEnded=true, bCleanupResources=true
[2022.02.21-20.00.52:197][  0]LogSlate: InvalidateAllWidgets triggered.  All widgets were invalidated
[2022.02.21-20.00.52:203][  0]LogAudio: Display: Audio Device unregistered from world 'None'.
[2022.02.21-20.00.52:206][  0]LogUObjectHash: Compacting FUObjectHashTables data took   0.75ms
[2022.02.21-20.00.52:231][  0]LogAudio: Display: Audio Device (ID: 1) registered with world 'LobbyMainMenu'.
[2022.02.21-20.00.52:238][  0]LogAIModule: Creating AISystem for world LobbyMainMenu
[2022.02.21-20.00.52:238][  0]LogLoad: Game class is 'BP_LobbyGameMode_C'
[2022.02.21-20.00.52:240][  0]LogWorld: Bringing World /Game/LobbySystem/Levels/LobbyMainMenu.LobbyMainMenu up for play (max tick rate 0) at 2022.02.21-15.00.52
[2022.02.21-20.00.52:240][  0]LogWorld: Bringing up level for play took: 0.000696
[2022.02.21-20.00.52:242][  0]LogGameMode: FindPlayerStart: PATHS NOT DEFINED or NO PLAYERSTART with positive rating
[2022.02.21-20.00.52:247][  0]LogViewport: Display: Viewport MouseLockMode Changed, LockOnCapture -> DoNotLock
[2022.02.21-20.00.52:247][  0]LogViewport: Display: Viewport MouseCaptureMode Changed, CapturePermanently_IncludingInitialMouseDown -> NoCapture
[2022.02.21-20.00.52:248][  0]LogLoad: Took 0.052746 seconds to LoadMap(/Game/LobbySystem/Levels/LobbyMainMenu)
[2022.02.21-20.00.52:484][  0]LogSlate: Took 0.000344 seconds to synchronously load lazily loaded font '../../../Engine/Content/Slate/Fonts/Roboto-Regular.ttf' (155K)
[2022.02.21-20.00.52:596][  0]LogRenderer: Reallocating scene render targets to support 800x900 Format 10 NumSamples 1 (Frame:1).
[2022.02.21-20.00.52:596][  0]LogInit: Display: Engine is initialized. Leaving FEngineLoop::Init()
[2022.02.21-20.00.52:598][  0]LogLoad: (Engine Initialization) Total time: 8.75 seconds
[2022.02.21-20.00.52:599][  0]LogLoad: (Engine Initialization) Total Blueprint compile time: 0.00 seconds
[2022.02.21-20.00.52:602][  0]LogContentStreaming: Texture pool size now 1000 MB
[2022.02.21-20.00.52:606][  0]LogSlate: InvalidateAllWidgets triggered.  All widgets were invalidated
[2022.02.21-20.00.52:657][  1]LogSlate: Took 0.000247 seconds to synchronously load lazily loaded font '../../../Engine/Content/Slate/Fonts/Roboto-Regular.ttf' (155K)
[2022.02.21-20.01.02:338][195]LogTemp: Warning: Find Servers Called
[2022.02.21-20.01.07:341][ 97]LogTemp: Warning: OnFindSessionComplete, Succeeded: 1
[2022.02.21-20.01.07:343][ 97]LogTemp: Warning: SearchResults, Server Count: 1
[2022.02.21-20.01.08:286][323]LogTemp: Warning: JOINING SERVER at index: 0
[2022.02.21-20.01.08:287][323]LogTemp: Warning: OnJoinSessionComplete, SessionName: My Session
[2022.02.21-20.01.08:288][323]LogNet: Browse: 192.168.56.1/Game/LobbySystem/Levels/LobbyMainMenu
[2022.02.21-20.01.08:289][323]LogInit: WinSock: Socket queue. Rx: 32768 (config 32768) Tx: 32768 (config 32768)
[2022.02.21-20.01.08:289][323]LogNet: Created socket for bind address: 0.0.0.0 on port 0
[2022.02.21-20.01.08:289][323]PacketHandlerLog: Loaded PacketHandler component: Engine.EngineHandlerComponentFactory (StatelessConnectHandlerComponent)
[2022.02.21-20.01.08:290][323]LogNet: Game client on port 7777, rate 100000
[2022.02.21-20.01.09:297][859]LogHandshake: SendChallengeResponse. Timestamp: 10.571260, Cookie: 132019026073101066077047116044104199140178206193051092060038
[2022.02.21-20.01.09:303][862]LogNetVersion: GAME259_A_URE 1.0.0.0, NetCL: 17155196, EngineNetVer: 17, GameNetVer: 0 (Checksum: 1639948920)
[2022.02.21-20.01.09:304][862]LogNet: UPendingNetGame::SendInitialJoin: Sending hello. [UNetConnection] RemoteAddr: 192.168.56.1:7777, Name: IpConnection_0, Driver: PendingNetDriver IpNetDriver_0, IsServer: NO, PC: NULL, Owner: NULL, UniqueId: INVALID
[2022.02.21-20.01.09:315][868]LogNet: Welcomed by server (Level: /Game/LobbySystem/Levels/Networking_GameTestMap, Game: /Script/GAME259_A_URE.GAME259_A_UREGameMode)
[2022.02.21-20.01.09:316][868]LogLoad: LoadMap: 192.168.56.1/Game/LobbySystem/Levels/Networking_GameTestMap?game=/Script/GAME259_A_URE.GAME259_A_UREGameMode
[2022.02.21-20.01.09:316][868]LogWorld: BeginTearingDown for /Game/LobbySystem/Levels/LobbyMainMenu
[2022.02.21-20.01.09:317][868]LogWorld: UWorld::CleanupWorld for LobbyMainMenu, bSessionEnded=true, bCleanupResources=true
[2022.02.21-20.01.09:318][868]LogSlate: InvalidateAllWidgets triggered.  All widgets were invalidated
[2022.02.21-20.01.09:354][868]LogAudio: Display: Waited 35.722599 ms for audio thread.
[2022.02.21-20.01.09:362][868]LogAudio: Display: Audio Device unregistered from world 'None'.
[2022.02.21-20.01.09:364][868]LogUObjectHash: Compacting FUObjectHashTables data took   0.81ms
[2022.02.21-20.01.09:402][868]LogAudio: Display: Audio Device (ID: 1) registered with world 'Networking_GameTestMap'.
[2022.02.21-20.01.09:404][868]LogWorld: Bringing World /Game/LobbySystem/Levels/Networking_GameTestMap.Networking_GameTestMap up for play (max tick rate 0) at 2022.02.21-15.01.09
[2022.02.21-20.01.09:405][868]LogWorld: Bringing up level for play took: 0.001102
[2022.02.21-20.01.09:406][868]LogLoad: Took 0.089681 seconds to LoadMap(/Game/LobbySystem/Levels/Networking_GameTestMap)
[2022.02.21-20.01.09:406][868]LogNavigation: Warning: NavData RegistrationFailed_DataPendingKill.
[2022.02.21-20.01.09:438][873]LogViewport: Display: Viewport MouseLockMode Changed, DoNotLock -> LockOnCapture
[2022.02.21-20.01.09:438][873]LogViewport: Display: Viewport MouseCaptureMode Changed, NoCapture -> CapturePermanently
[2022.02.21-20.01.09:440][873]LogOnlineSession: Warning: OSS: No game present to join for session (GameSession)
[2022.02.21-20.01.09:440][873]LogOnlineSession: Warning: OSS: No game present to join for session (GameSession)
[2022.02.21-20.01.12:670][780]LogRenderer: Reallocating scene render targets to support 800x904 Format 10 NumSamples 1 (Frame:915).
[2022.02.21-20.01.35:111][885]LogOnlineSession: Warning: OSS: No game present to join for session (GameSession)
[2022.02.21-20.02.02:724][ 15]LogOnlineSession: Warning: OSS: No game present to join for session (GameSession)
[2022.02.21-20.02.07:484][258]LogOnlineSession: Warning: OSS: No game present to join for session (GameSession)
[2022.02.21-20.02.55:245][711]LogOnlineSession: Warning: OSS: No game present to join for session (GameSession)
[2022.02.21-20.02.56:827][781]LogOnlineSession: Warning: OSS: No game present to join for session (GameSession)
[2022.02.21-20.03.08:233][229]LogOnlineSession: Warning: OSS: No game present to leave for session (GameSession)
[2022.02.21-20.03.08:606][258]LogOnlineSession: Warning: OSS: No game present to leave for session (GameSession)
[2022.02.21-20.03.16:416][843]LogOnlineSession: Warning: OSS: No game present to leave for session (GameSession)
[2022.02.21-20.03.18:796][ 83]LogOnlineSession: Warning: OSS: No game present to leave for session (GameSession)
