Log file open, 02/21/22 14:24:11
LogWindows: Failed to load 'aqProf.dll' (GetLastError=126)
LogWindows: File 'aqProf.dll' does not exist
LogWindows: Failed to load 'VtuneApi.dll' (GetLastError=126)
LogWindows: File 'VtuneApi.dll' does not exist
LogWindows: Failed to load 'VtuneApi32e.dll' (GetLastError=126)
LogWindows: File 'VtuneApi32e.dll' does not exist
LogConsoleResponse: Display: Failed to find resolution value strings in scalability ini. Falling back to default.
LogConsoleResponse: Display: Failed to find resolution value strings in scalability ini. Falling back to default.
LogInit: Display: Running engine for game: GAME259_A_URE
LogPlatformFile: Not using cached read wrapper
LogTaskGraph: Started task graph with 5 named threads and 35 total threads with 3 sets of task threads.
LogStats: Stats thread started at 0.199527
LogICUInternationalization: ICU TimeZone Detection - Raw Offset: -5:00, Platform Override: ''
LogInit: Display: Loading text-based GConfig....
LogPluginManager: Mounting plugin MegascansPlugin
LogPluginManager: Mounting plugin MeshPainting
LogPluginManager: Mounting plugin XGEController
LogPluginManager: Mounting plugin AISupport
LogPluginManager: Mounting plugin Paper2D
LogPluginManager: Mounting plugin EnvironmentQueryEditor
LogPluginManager: Mounting plugin LightPropagationVolume
LogPluginManager: Mounting plugin CameraShakePreviewer
LogPluginManager: Mounting plugin GameplayCameras
LogPluginManager: Mounting plugin LiveLink
LogPluginManager: Mounting plugin OodleData
LogPluginManager: Mounting plugin OodleNetwork
LogPluginManager: Mounting plugin AnimationSharing
LogPluginManager: Mounting plugin CLionSourceCodeAccess
LogPluginManager: Mounting plugin CodeLiteSourceCodeAccess
LogPluginManager: Mounting plugin KDevelopSourceCodeAccess
LogPluginManager: Mounting plugin GitSourceControl
LogPluginManager: Mounting plugin NullSourceCodeAccess
LogPluginManager: Mounting plugin PerforceSourceControl
LogPluginManager: Mounting plugin PixWinPlugin
LogPluginManager: Mounting plugin PlasticSourceControl
LogPluginManager: Mounting plugin PluginUtils
LogPluginManager: Mounting plugin PropertyAccessNode
LogPluginManager: Mounting plugin RiderLink
LogPluginManager: Mounting plugin AssetManagerEditor
LogPluginManager: Mounting plugin RiderSourceCodeAccess
LogPluginManager: Mounting plugin SubversionSourceControl
LogPluginManager: Mounting plugin TextureFormatOodle
LogPluginManager: Mounting plugin UObjectPlugin
LogPluginManager: Mounting plugin VisualStudioCodeSourceCodeAccess
LogPluginManager: Mounting plugin XCodeSourceCodeAccess
LogPluginManager: Mounting plugin VisualStudioSourceCodeAccess
LogPluginManager: Mounting plugin CryptoKeys
LogPluginManager: Mounting plugin CurveEditorTools
LogPluginManager: Mounting plugin DataValidation
LogPluginManager: Mounting plugin EditorScriptingUtilities
LogPluginManager: Mounting plugin FacialAnimation
LogPluginManager: Mounting plugin GameplayTagsEditor
LogPluginManager: Mounting plugin GeometryMode
LogPluginManager: Mounting plugin MaterialAnalyzer
LogPluginManager: Mounting plugin MacGraphicsSwitching
LogPluginManager: Mounting plugin MobileLauncherProfileWizard
LogPluginManager: Mounting plugin PluginBrowser
LogPluginManager: Mounting plugin SpeedTreeImporter
LogPluginManager: Mounting plugin DatasmithContent
LogPluginManager: Mounting plugin AlembicImporter
LogPluginManager: Mounting plugin VariantManagerContent
LogPluginManager: Mounting plugin AutomationUtils
LogPluginManager: Mounting plugin BackChannel
LogPluginManager: Mounting plugin ChaosCloth
LogPluginManager: Mounting plugin ChaosClothEditor
LogPluginManager: Mounting plugin ChaosNiagara
LogPluginManager: Mounting plugin ChaosEditor
LogPluginManager: Mounting plugin ChaosSolverPlugin
LogPluginManager: Mounting plugin CharacterAI
LogPluginManager: Mounting plugin GeometryCache
LogPluginManager: Mounting plugin GeometryCollectionPlugin
LogPluginManager: Mounting plugin GeometryProcessing
LogPluginManager: Mounting plugin MotoSynth
LogPluginManager: Mounting plugin OpenImageDenoise
LogPluginManager: Mounting plugin PlanarCut
LogPluginManager: Mounting plugin ProxyLODPlugin
LogPluginManager: Mounting plugin PlatformCrypto
LogPluginManager: Mounting plugin PythonScriptPlugin
LogPluginManager: Mounting plugin SkeletalReduction
LogPluginManager: Mounting plugin Niagara
LogPluginManager: Mounting plugin LuminPlatformFeatures
LogPluginManager: Mounting plugin MagicLeap
LogPluginManager: Mounting plugin MagicLeapMedia
LogPluginManager: Mounting plugin MagicLeapLightEstimation
LogPluginManager: Mounting plugin MagicLeapPassableWorld
LogPluginManager: Mounting plugin MLSDK
LogPluginManager: Mounting plugin AndroidMedia
LogPluginManager: Mounting plugin AvfMedia
LogPluginManager: Mounting plugin ImgMedia
LogPluginManager: Mounting plugin MediaCompositing
LogPluginManager: Mounting plugin MediaPlayerEditor
LogPluginManager: Mounting plugin TcpMessaging
LogPluginManager: Mounting plugin WebMMedia
LogPluginManager: Mounting plugin WmfMedia
LogPluginManager: Mounting plugin UdpMessaging
LogPluginManager: Mounting plugin ActorSequence
LogPluginManager: Mounting plugin LevelSequenceEditor
LogPluginManager: Mounting plugin MatineeToLevelSequence
LogPluginManager: Mounting plugin TemplateSequence
LogPluginManager: Mounting plugin EOSShared
LogPluginManager: Mounting plugin OnlineSubsystem
LogPluginManager: Mounting plugin OnlineSubsystemNull
LogPluginManager: Mounting plugin OnlineSubsystemSteam
LogPluginManager: Mounting plugin LauncherChunkInstaller
LogPluginManager: Mounting plugin OnlineSubsystemUtils
LogPluginManager: Mounting plugin ActorLayerUtilities
LogPluginManager: Mounting plugin AndroidDeviceProfileSelector
LogPluginManager: Mounting plugin AndroidMoviePlayer
LogPluginManager: Mounting plugin AndroidPermission
LogPluginManager: Mounting plugin AppleImageUtils
LogPluginManager: Mounting plugin AppleMoviePlayer
LogPluginManager: Mounting plugin ArchVisCharacter
LogPluginManager: Mounting plugin AssetTags
LogPluginManager: Mounting plugin AudioCapture
LogPluginManager: Mounting plugin AudioSynesthesia
LogPluginManager: Mounting plugin CableComponent
LogPluginManager: Mounting plugin ChunkDownloader
LogPluginManager: Mounting plugin CustomMeshComponent
LogPluginManager: Mounting plugin EditableMesh
LogPluginManager: Mounting plugin ExampleDeviceProfileSelector
LogPluginManager: Mounting plugin GoogleCloudMessaging
LogPluginManager: Mounting plugin GooglePAD
LogPluginManager: Mounting plugin IOSDeviceProfileSelector
LogPluginManager: Mounting plugin LinuxDeviceProfileSelector
LogPluginManager: Mounting plugin LocationServicesBPLibrary
LogPluginManager: Mounting plugin MobilePatchingUtils
LogPluginManager: Mounting plugin OpenXR
LogPluginManager: Mounting plugin OpenXREyeTracker
LogPluginManager: Mounting plugin OpenXRHandTracking
LogPluginManager: Mounting plugin PostSplashScreen
LogPluginManager: Mounting plugin PhysXVehicles
LogPluginManager: Mounting plugin ProceduralMeshComponent
LogPluginManager: Mounting plugin PropertyAccessEditor
LogPluginManager: Mounting plugin RuntimePhysXCooking
LogPluginManager: Mounting plugin SignificanceManager
LogPluginManager: Mounting plugin SoundFields
LogPluginManager: Mounting plugin Synthesis
LogPluginManager: Mounting plugin WebMMoviePlayer
LogPluginManager: Mounting plugin WindowsMoviePlayer
LogPluginManager: Mounting plugin ScreenshotTools
LogPluginManager: Mounting plugin Takes
LogPluginManager: Mounting plugin ContentBrowserAssetDataSource
LogPluginManager: Mounting plugin ContentBrowserClassDataSource
LogPluginManager: Mounting plugin ContentBrowserFileDataSource
LogPluginManager: Mounting plugin OnlineSubsystemGooglePlay
LogPluginManager: Mounting plugin OnlineSubsystemIOS
LogPluginManager: Mounting plugin EOSVoiceChat
LogPluginManager: Mounting plugin SQLiteCore
LogPluginManager: Mounting plugin DatabaseSupport
LogPluginManager: Mounting plugin SQLiteSupport
LogPluginManager: Mounting plugin OculusVR
LogPluginManager: Mounting plugin SteamShared
PixWinPlugin: PIX capture plugin failed to initialize! Check that the process is launched from PIX.
LogInit: Using libcurl 7.55.1-DEV
LogInit:  - built for x86_64-pc-win32
LogInit:  - supports SSL with OpenSSL/1.1.1
LogInit:  - supports HTTP deflate (compression) using libz 1.2.8
LogInit:  - other features:
LogInit:      CURL_VERSION_SSL
LogInit:      CURL_VERSION_LIBZ
LogInit:      CURL_VERSION_IPV6
LogInit:      CURL_VERSION_ASYNCHDNS
LogInit:      CURL_VERSION_LARGEFILE
LogInit:      CURL_VERSION_IDN
LogInit:  CurlRequestOptions (configurable via config and command line):
LogInit:  - bVerifyPeer = true  - Libcurl will verify peer certificate
LogInit:  - bUseHttpProxy = false  - Libcurl will NOT use HTTP proxy
LogInit:  - bDontReuseConnections = false  - Libcurl will reuse connections
LogInit:  - MaxHostConnections = 16  - Libcurl will limit the number of connections to a host
LogInit:  - LocalHostAddr = Default
LogInit:  - BufferSize = 65536
LogOnline: OSS: Creating online subsystem instance for: NULL
LogInit: WinSock: version 1.1 (2.2), MaxSocks=32767, MaxUdp=65467
LogOnline: OSS: TryLoadSubsystemAndSetDefault: Loaded subsystem for module [NULL]
LogOculusPluginWrapper: OculusPlugin initialized successfully
LogHMD: Failed initializing OVRPlugin 1.59.0
LogInit: Build: ++UE4+Release-4.27-CL-18319896
LogInit: Engine Version: 4.27.2-18319896+++UE4+Release-4.27
LogInit: Compatible Engine Version: 4.27.0-17155196+++UE4+Release-4.27
LogInit: Net CL: 17155196
LogInit: OS: Windows 10 (Release 2009) (), CPU: Intel(R) Core(TM) i7-8700 CPU @ 3.20GHz, GPU: NVIDIA GeForce GTX 1070
LogInit: Compiled (64-bit): Nov 30 2021 07:12:08
LogInit: Compiled with Visual C++: 19.24.28315.00
LogInit: Build Configuration: Development
LogInit: Branch Name: ++UE4+Release-4.27
LogInit: Command Line: -ResX=800 -ResY=900 -WinX=0 -WinY=20 -log -game
LogInit: Base Directory: D:/UE_4.27/Engine/Binaries/Win64/
LogInit: Allocator: TBB
LogInit: Installed Engine Build: 1
LogDevObjectVersion: Number of dev versions registered: 29
LogDevObjectVersion:   Dev-Blueprints (B0D832E4-1F89-4F0D-ACCF-7EB736FD4AA2): 10
LogDevObjectVersion:   Dev-Build (E1C64328-A22C-4D53-A36C-8E866417BD8C): 0
LogDevObjectVersion:   Dev-Core (375EC13C-06E4-48FB-B500-84F0262A717E): 4
LogDevObjectVersion:   Dev-Editor (E4B068ED-F494-42E9-A231-DA0B2E46BB41): 40
LogDevObjectVersion:   Dev-Framework (CFFC743F-43B0-4480-9391-14DF171D2073): 37
LogDevObjectVersion:   Dev-Mobile (B02B49B5-BB20-44E9-A304-32B752E40360): 3
LogDevObjectVersion:   Dev-Networking (A4E4105C-59A1-49B5-A7C5-40C4547EDFEE): 0
LogDevObjectVersion:   Dev-Online (39C831C9-5AE6-47DC-9A44-9C173E1C8E7C): 0
LogDevObjectVersion:   Dev-Physics (78F01B33-EBEA-4F98-B9B4-84EACCB95AA2): 14
LogDevObjectVersion:   Dev-Platform (6631380F-2D4D-43E0-8009-CF276956A95A): 0
LogDevObjectVersion:   Dev-Rendering (12F88B9F-8875-4AFC-A67C-D90C383ABD29): 45
LogDevObjectVersion:   Dev-Sequencer (7B5AE74C-D270-4C10-A958-57980B212A5A): 13
LogDevObjectVersion:   Dev-VR (D7296918-1DD6-4BDD-9DE2-64A83CC13884): 3
LogDevObjectVersion:   Dev-LoadTimes (C2A15278-BFE7-4AFE-6C17-90FF531DF755): 1
LogDevObjectVersion:   Private-Geometry (6EACA3D4-40EC-4CC1-B786-8BED09428FC5): 3
LogDevObjectVersion:   Dev-AnimPhys (29E575DD-E0A3-4627-9D10-D276232CDCEA): 17
LogDevObjectVersion:   Dev-Anim (AF43A65D-7FD3-4947-9873-3E8ED9C1BB05): 15
LogDevObjectVersion:   Dev-ReflectionCapture (6B266CEC-1EC7-4B8F-A30B-E4D90942FC07): 1
LogDevObjectVersion:   Dev-Automation (0DF73D61-A23F-47EA-B727-89E90C41499A): 1
LogDevObjectVersion:   FortniteMain (601D1886-AC64-4F84-AA16-D3DE0DEAC7D6): 47
LogDevObjectVersion:   FortniteRelease (E7086368-6B23-4C58-8439-1B7016265E91): 1
LogDevObjectVersion:   Dev-Enterprise (9DFFBCD6-494F-0158-E221-12823C92A888): 10
LogDevObjectVersion:   Dev-Niagara (F2AED0AC-9AFE-416F-8664-AA7FFA26D6FC): 1
LogDevObjectVersion:   Dev-Destruction (174F1F0B-B4C6-45A5-B13F-2EE8D0FB917D): 10
LogDevObjectVersion:   Dev-Physics-Ext (35F94A83-E258-406C-A318-09F59610247C): 41
LogDevObjectVersion:   Dev-PhysicsMaterial-Chaos (B68FC16E-8B1B-42E2-B453-215C058844FE): 1
LogDevObjectVersion:   Dev-CineCamera (B2E18506-4273-CFC2-A54E-F4BB758BBA07): 1
LogDevObjectVersion:   Dev-VirtualProduction (64F58936-FD1B-42BA-BA96-7289D5D0FA4E): 1
LogDevObjectVersion:   Dev-MediaFramework (6F0ED827-A609-4895-9C91-998D90180EA4): 2
LogInit: Presizing for max 25165824 objects, including 0 objects not considered by GC, pre-allocating 0 bytes for permanent pool.
LogConfig: Applying CVar settings from Section [/Script/Engine.StreamingSettings] File [D:/GitHub/GAME259-2022-A/GAME259_A_URE/Saved/Config/Windows/Engine.ini]
LogConfig: Setting CVar [[s.MinBulkDataSizeForAsyncLoading:131072]]
LogConfig: Setting CVar [[s.AsyncLoadingThreadEnabled:0]]
LogConfig: Setting CVar [[s.EventDrivenLoaderEnabled:1]]
LogConfig: Setting CVar [[s.WarnIfTimeLimitExceeded:0]]
LogConfig: Setting CVar [[s.TimeLimitExceededMultiplier:1.5]]
LogConfig: Setting CVar [[s.TimeLimitExceededMinTime:0.005]]
LogConfig: Setting CVar [[s.UseBackgroundLevelStreaming:1]]
LogConfig: Setting CVar [[s.PriorityAsyncLoadingExtraTime:15.0]]
LogConfig: Setting CVar [[s.LevelStreamingActorsUpdateTimeLimit:5.0]]
LogConfig: Setting CVar [[s.PriorityLevelStreamingActorsUpdateExtraTime:5.0]]
LogConfig: Setting CVar [[s.LevelStreamingComponentsRegistrationGranularity:10]]
LogConfig: Setting CVar [[s.UnregisterComponentsTimeLimit:1.0]]
LogConfig: Setting CVar [[s.LevelStreamingComponentsUnregistrationGranularity:5]]
LogConfig: Setting CVar [[s.FlushStreamingOnExit:1]]
LogInit: Object subsystem initialized
LogConfig: Setting CVar [[con.DebugEarlyDefault:1]]
LogConfig: Setting CVar [[r.setres:1280x720]]
[2022.02.21-19.24.13:092][  0]LogConfig: Setting CVar [[con.DebugEarlyDefault:1]]
[2022.02.21-19.24.13:092][  0]LogConfig: Setting CVar [[r.setres:1280x720]]
[2022.02.21-19.24.13:093][  0]LogConfig: Applying CVar settings from Section [/Script/Engine.RendererSettings] File [D:/GitHub/GAME259-2022-A/GAME259_A_URE/Saved/Config/Windows/Engine.ini]
[2022.02.21-19.24.13:093][  0]LogConfig: Setting CVar [[r.GPUCrashDebugging:0]]
[2022.02.21-19.24.13:093][  0]LogConfig: Applying CVar settings from Section [/Script/Engine.RendererOverrideSettings] File [D:/GitHub/GAME259-2022-A/GAME259_A_URE/Saved/Config/Windows/Engine.ini]
[2022.02.21-19.24.13:094][  0]LogConfig: Applying CVar settings from Section [/Script/Engine.StreamingSettings] File [D:/GitHub/GAME259-2022-A/GAME259_A_URE/Saved/Config/Windows/Engine.ini]
[2022.02.21-19.24.13:094][  0]LogConfig: Setting CVar [[s.MinBulkDataSizeForAsyncLoading:131072]]
[2022.02.21-19.24.13:095][  0]LogConfig: Setting CVar [[s.AsyncLoadingThreadEnabled:0]]
[2022.02.21-19.24.13:095][  0]LogConfig: Setting CVar [[s.EventDrivenLoaderEnabled:1]]
[2022.02.21-19.24.13:095][  0]LogConfig: Setting CVar [[s.WarnIfTimeLimitExceeded:0]]
[2022.02.21-19.24.13:096][  0]LogConfig: Setting CVar [[s.TimeLimitExceededMultiplier:1.5]]
[2022.02.21-19.24.13:096][  0]LogConfig: Setting CVar [[s.TimeLimitExceededMinTime:0.005]]
[2022.02.21-19.24.13:096][  0]LogConfig: Setting CVar [[s.UseBackgroundLevelStreaming:1]]
[2022.02.21-19.24.13:097][  0]LogConfig: Setting CVar [[s.PriorityAsyncLoadingExtraTime:15.0]]
[2022.02.21-19.24.13:097][  0]LogConfig: Setting CVar [[s.LevelStreamingActorsUpdateTimeLimit:5.0]]
[2022.02.21-19.24.13:097][  0]LogConfig: Setting CVar [[s.PriorityLevelStreamingActorsUpdateExtraTime:5.0]]
[2022.02.21-19.24.13:098][  0]LogConfig: Setting CVar [[s.LevelStreamingComponentsRegistrationGranularity:10]]
[2022.02.21-19.24.13:101][  0]LogConfig: Setting CVar [[s.UnregisterComponentsTimeLimit:1.0]]
[2022.02.21-19.24.13:101][  0]LogConfig: Setting CVar [[s.LevelStreamingComponentsUnregistrationGranularity:5]]
[2022.02.21-19.24.13:101][  0]LogConfig: Setting CVar [[s.FlushStreamingOnExit:1]]
[2022.02.21-19.24.13:102][  0]LogConfig: Applying CVar settings from Section [/Script/Engine.GarbageCollectionSettings] File [D:/GitHub/GAME259-2022-A/GAME259_A_URE/Saved/Config/Windows/Engine.ini]
[2022.02.21-19.24.13:102][  0]LogConfig: Setting CVar [[gc.MaxObjectsNotConsideredByGC:1]]
[2022.02.21-19.24.13:102][  0]LogConfig: Setting CVar [[gc.SizeOfPermanentObjectPool:0]]
[2022.02.21-19.24.13:103][  0]LogConfig: Setting CVar [[gc.FlushStreamingOnGC:0]]
[2022.02.21-19.24.13:103][  0]LogConfig: Setting CVar [[gc.NumRetriesBeforeForcingGC:10]]
[2022.02.21-19.24.13:103][  0]LogConfig: Setting CVar [[gc.AllowParallelGC:1]]
[2022.02.21-19.24.13:104][  0]LogConfig: Setting CVar [[gc.TimeBetweenPurgingPendingKillObjects:61.1]]
[2022.02.21-19.24.13:104][  0]LogConfig: Setting CVar [[gc.MaxObjectsInEditor:25165824]]
[2022.02.21-19.24.13:104][  0]LogConfig: Setting CVar [[gc.IncrementalBeginDestroyEnabled:1]]
[2022.02.21-19.24.13:105][  0]LogConfig: Setting CVar [[gc.CreateGCClusters:1]]
[2022.02.21-19.24.13:105][  0]LogConfig: Setting CVar [[gc.MinGCClusterSize:5]]
[2022.02.21-19.24.13:105][  0]LogConfig: Setting CVar [[gc.ActorClusteringEnabled:0]]
[2022.02.21-19.24.13:107][  0]LogConfig: Setting CVar [[gc.BlueprintClusteringEnabled:0]]
[2022.02.21-19.24.13:107][  0]LogConfig: Setting CVar [[gc.UseDisregardForGCOnDedicatedServers:0]]
[2022.02.21-19.24.13:107][  0]LogConfig: Setting CVar [[gc.MultithreadedDestructionEnabled:1]]
[2022.02.21-19.24.13:108][  0]LogConfig: Applying CVar settings from Section [/Script/Engine.NetworkSettings] File [D:/GitHub/GAME259-2022-A/GAME259_A_URE/Saved/Config/Windows/Engine.ini]
[2022.02.21-19.24.13:108][  0]LogConfig: Applying CVar settings from Section [/Script/UnrealEd.CookerSettings] File [D:/GitHub/GAME259-2022-A/GAME259_A_URE/Saved/Config/Windows/Engine.ini]
[2022.02.21-19.24.13:132][  0]LogConfig: Applying CVar settings from Section [ViewDistanceQuality@3] File [D:/GitHub/GAME259-2022-A/GAME259_A_URE/Saved/Config/Windows/Scalability.ini]
[2022.02.21-19.24.13:133][  0]LogConfig: Setting CVar [[r.SkeletalMeshLODBias:0]]
[2022.02.21-19.24.13:134][  0]LogConfig: Setting CVar [[r.ViewDistanceScale:1.0]]
[2022.02.21-19.24.13:135][  0]LogConfig: Applying CVar settings from Section [AntiAliasingQuality@3] File [D:/GitHub/GAME259-2022-A/GAME259_A_URE/Saved/Config/Windows/Scalability.ini]
[2022.02.21-19.24.13:135][  0]LogConfig: Setting CVar [[r.PostProcessAAQuality:4]]
[2022.02.21-19.24.13:136][  0]LogConfig: Applying CVar settings from Section [ShadowQuality@3] File [D:/GitHub/GAME259-2022-A/GAME259_A_URE/Saved/Config/Windows/Scalability.ini]
[2022.02.21-19.24.13:136][  0]LogConfig: Setting CVar [[r.LightFunctionQuality:1]]
[2022.02.21-19.24.13:137][  0]LogConfig: Setting CVar [[r.ShadowQuality:5]]
[2022.02.21-19.24.13:137][  0]LogConfig: Setting CVar [[r.Shadow.CSM.MaxCascades:10]]
[2022.02.21-19.24.13:137][  0]LogConfig: Setting CVar [[r.Shadow.MaxResolution:2048]]
[2022.02.21-19.24.13:137][  0]LogConfig: Setting CVar [[r.Shadow.MaxCSMResolution:2048]]
[2022.02.21-19.24.13:138][  0]LogConfig: Setting CVar [[r.Shadow.RadiusThreshold:0.01]]
[2022.02.21-19.24.13:138][  0]LogConfig: Setting CVar [[r.Shadow.DistanceScale:1.0]]
[2022.02.21-19.24.13:138][  0]LogConfig: Setting CVar [[r.Shadow.CSM.TransitionScale:1.0]]
[2022.02.21-19.24.13:139][  0]LogConfig: Setting CVar [[r.Shadow.PreShadowResolutionFactor:1.0]]
[2022.02.21-19.24.13:139][  0]LogConfig: Setting CVar [[r.DistanceFieldShadowing:1]]
[2022.02.21-19.24.13:139][  0]LogConfig: Setting CVar [[r.DistanceFieldAO:1]]
[2022.02.21-19.24.13:140][  0]LogConfig: Setting CVar [[r.AOQuality:2]]
[2022.02.21-19.24.13:140][  0]LogConfig: Setting CVar [[r.VolumetricFog:1]]
[2022.02.21-19.24.13:140][  0]LogConfig: Setting CVar [[r.VolumetricFog.GridPixelSize:8]]
[2022.02.21-19.24.13:140][  0]LogConfig: Setting CVar [[r.VolumetricFog.GridSizeZ:128]]
[2022.02.21-19.24.13:141][  0]LogConfig: Setting CVar [[r.VolumetricFog.HistoryMissSupersampleCount:4]]
[2022.02.21-19.24.13:141][  0]LogConfig: Setting CVar [[r.LightMaxDrawDistanceScale:1]]
[2022.02.21-19.24.13:141][  0]LogConfig: Setting CVar [[r.CapsuleShadows:1]]
[2022.02.21-19.24.13:142][  0]LogConfig: Applying CVar settings from Section [PostProcessQuality@3] File [D:/GitHub/GAME259-2022-A/GAME259_A_URE/Saved/Config/Windows/Scalability.ini]
[2022.02.21-19.24.13:142][  0]LogConfig: Setting CVar [[r.MotionBlurQuality:4]]
[2022.02.21-19.24.13:142][  0]LogConfig: Setting CVar [[r.AmbientOcclusionMipLevelFactor:0.4]]
[2022.02.21-19.24.13:143][  0]LogConfig: Setting CVar [[r.AmbientOcclusionMaxQuality:100]]
[2022.02.21-19.24.13:146][  0]LogConfig: Setting CVar [[r.AmbientOcclusionLevels:-1]]
[2022.02.21-19.24.13:146][  0]LogConfig: Setting CVar [[r.AmbientOcclusionRadiusScale:1.0]]
[2022.02.21-19.24.13:147][  0]LogConfig: Setting CVar [[r.DepthOfFieldQuality:2]]
[2022.02.21-19.24.13:147][  0]LogConfig: Setting CVar [[r.RenderTargetPoolMin:400]]
[2022.02.21-19.24.13:147][  0]LogConfig: Setting CVar [[r.LensFlareQuality:2]]
[2022.02.21-19.24.13:148][  0]LogConfig: Setting CVar [[r.SceneColorFringeQuality:1]]
[2022.02.21-19.24.13:148][  0]LogConfig: Setting CVar [[r.EyeAdaptationQuality:2]]
[2022.02.21-19.24.13:148][  0]LogConfig: Setting CVar [[r.BloomQuality:5]]
[2022.02.21-19.24.13:149][  0]LogConfig: Setting CVar [[r.FastBlurThreshold:100]]
[2022.02.21-19.24.13:149][  0]LogConfig: Setting CVar [[r.Upscale.Quality:3]]
[2022.02.21-19.24.13:149][  0]LogConfig: Setting CVar [[r.Tonemapper.GrainQuantization:1]]
[2022.02.21-19.24.13:150][  0]LogConfig: Setting CVar [[r.LightShaftQuality:1]]
[2022.02.21-19.24.13:150][  0]LogConfig: Setting CVar [[r.Filter.SizeScale:1]]
[2022.02.21-19.24.13:150][  0]LogConfig: Setting CVar [[r.Tonemapper.Quality:5]]
[2022.02.21-19.24.13:151][  0]LogConfig: Setting CVar [[r.DOF.Gather.AccumulatorQuality:1        ; higher gathering accumulator quality]]
[2022.02.21-19.24.13:151][  0]LogConfig: Setting CVar [[r.DOF.Gather.PostfilterMethod:1          ; Median3x3 postfilering method]]
[2022.02.21-19.24.13:151][  0]LogConfig: Setting CVar [[r.DOF.Gather.EnableBokehSettings:0       ; no bokeh simulation when gathering]]
[2022.02.21-19.24.13:152][  0]LogConfig: Setting CVar [[r.DOF.Gather.RingCount:4                 ; medium number of samples when gathering]]
[2022.02.21-19.24.13:152][  0]LogConfig: Setting CVar [[r.DOF.Scatter.ForegroundCompositing:1    ; additive foreground scattering]]
[2022.02.21-19.24.13:152][  0]LogConfig: Setting CVar [[r.DOF.Scatter.BackgroundCompositing:2    ; additive background scattering]]
[2022.02.21-19.24.13:153][  0]LogConfig: Setting CVar [[r.DOF.Scatter.EnableBokehSettings:1      ; bokeh simulation when scattering]]
[2022.02.21-19.24.13:153][  0]LogConfig: Setting CVar [[r.DOF.Scatter.MaxSpriteRatio:0.1         ; only a maximum of 10% of scattered bokeh]]
[2022.02.21-19.24.13:153][  0]LogConfig: Setting CVar [[r.DOF.Recombine.Quality:1                ; cheap slight out of focus]]
[2022.02.21-19.24.13:154][  0]LogConfig: Setting CVar [[r.DOF.Recombine.EnableBokehSettings:0    ; no bokeh simulation on slight out of focus]]
[2022.02.21-19.24.13:154][  0]LogConfig: Setting CVar [[r.DOF.TemporalAAQuality:1                ; more stable temporal accumulation]]
[2022.02.21-19.24.13:154][  0]LogConfig: Setting CVar [[r.DOF.Kernel.MaxForegroundRadius:0.025]]
[2022.02.21-19.24.13:155][  0]LogConfig: Setting CVar [[r.DOF.Kernel.MaxBackgroundRadius:0.025]]
[2022.02.21-19.24.13:158][  0]LogConfig: Applying CVar settings from Section [TextureQuality@3] File [D:/GitHub/GAME259-2022-A/GAME259_A_URE/Saved/Config/Windows/Scalability.ini]
[2022.02.21-19.24.13:158][  0]LogConfig: Setting CVar [[r.Streaming.MipBias:0]]
[2022.02.21-19.24.13:159][  0]LogConfig: Setting CVar [[r.Streaming.AmortizeCPUToGPUCopy:0]]
[2022.02.21-19.24.13:159][  0]LogConfig: Setting CVar [[r.Streaming.MaxNumTexturesToStreamPerFrame:0]]
[2022.02.21-19.24.13:160][  0]LogConfig: Setting CVar [[r.Streaming.Boost:1]]
[2022.02.21-19.24.13:160][  0]LogConfig: Setting CVar [[r.MaxAnisotropy:8]]
[2022.02.21-19.24.13:160][  0]LogConfig: Setting CVar [[r.VT.MaxAnisotropy:8]]
[2022.02.21-19.24.13:161][  0]LogConfig: Setting CVar [[r.Streaming.LimitPoolSizeToVRAM:0]]
[2022.02.21-19.24.13:161][  0]LogConfig: Setting CVar [[r.Streaming.PoolSize:1000]]
[2022.02.21-19.24.13:161][  0]LogConfig: Setting CVar [[r.Streaming.MaxEffectiveScreenSize:0]]
[2022.02.21-19.24.13:162][  0]LogConfig: Applying CVar settings from Section [EffectsQuality@3] File [D:/GitHub/GAME259-2022-A/GAME259_A_URE/Saved/Config/Windows/Scalability.ini]
[2022.02.21-19.24.13:162][  0]LogConfig: Setting CVar [[r.TranslucencyLightingVolumeDim:64]]
[2022.02.21-19.24.13:162][  0]LogConfig: Setting CVar [[r.RefractionQuality:2]]
[2022.02.21-19.24.13:163][  0]LogConfig: Setting CVar [[r.SSR.Quality:3]]
[2022.02.21-19.24.13:163][  0]LogConfig: Setting CVar [[r.SSR.HalfResSceneColor:0]]
[2022.02.21-19.24.13:163][  0]LogConfig: Setting CVar [[r.SceneColorFormat:4]]
[2022.02.21-19.24.13:164][  0]LogConfig: Setting CVar [[r.DetailMode:2]]
[2022.02.21-19.24.13:164][  0]LogConfig: Setting CVar [[r.TranslucencyVolumeBlur:1]]
[2022.02.21-19.24.13:164][  0]LogConfig: Setting CVar [[r.MaterialQualityLevel:1 ; High quality]]
[2022.02.21-19.24.13:165][  0]LogConfig: Setting CVar [[r.AnisotropicMaterials:1]]
[2022.02.21-19.24.13:165][  0]LogConfig: Setting CVar [[r.SSS.Scale:1]]
[2022.02.21-19.24.13:165][  0]LogConfig: Setting CVar [[r.SSS.SampleSet:2]]
[2022.02.21-19.24.13:166][  0]LogConfig: Setting CVar [[r.SSS.Quality:1]]
[2022.02.21-19.24.13:166][  0]LogConfig: Setting CVar [[r.SSS.HalfRes:0]]
[2022.02.21-19.24.13:166][  0]LogConfig: Setting CVar [[r.SSGI.Quality:3]]
[2022.02.21-19.24.13:167][  0]LogConfig: Setting CVar [[r.EmitterSpawnRateScale:1.0]]
[2022.02.21-19.24.13:170][  0]LogConfig: Setting CVar [[r.ParticleLightQuality:2]]
[2022.02.21-19.24.13:170][  0]LogConfig: Setting CVar [[r.SkyAtmosphere.AerialPerspectiveLUT.FastApplyOnOpaque:1 ; Always have FastSkyLUT 1 in this case to avoid wrong sky]]
[2022.02.21-19.24.13:171][  0]LogConfig: Setting CVar [[r.SkyAtmosphere.AerialPerspectiveLUT.SampleCountMaxPerSlice:4]]
[2022.02.21-19.24.13:171][  0]LogConfig: Setting CVar [[r.SkyAtmosphere.AerialPerspectiveLUT.DepthResolution:16.0]]
[2022.02.21-19.24.13:171][  0]LogConfig: Setting CVar [[r.SkyAtmosphere.FastSkyLUT:1]]
[2022.02.21-19.24.13:172][  0]LogConfig: Setting CVar [[r.SkyAtmosphere.FastSkyLUT.SampleCountMin:4.0]]
[2022.02.21-19.24.13:172][  0]LogConfig: Setting CVar [[r.SkyAtmosphere.FastSkyLUT.SampleCountMax:128.0]]
[2022.02.21-19.24.13:172][  0]LogConfig: Setting CVar [[r.SkyAtmosphere.SampleCountMin:4.0]]
[2022.02.21-19.24.13:173][  0]LogConfig: Setting CVar [[r.SkyAtmosphere.SampleCountMax:128.0]]
[2022.02.21-19.24.13:173][  0]LogConfig: Setting CVar [[r.SkyAtmosphere.TransmittanceLUT.UseSmallFormat:0]]
[2022.02.21-19.24.13:174][  0]LogConfig: Setting CVar [[r.SkyAtmosphere.TransmittanceLUT.SampleCount:10.0]]
[2022.02.21-19.24.13:174][  0]LogConfig: Setting CVar [[r.SkyAtmosphere.MultiScatteringLUT.SampleCount:15.0]]
[2022.02.21-19.24.13:174][  0]LogConfig: Setting CVar [[r.SkyLight.RealTimeReflectionCapture:1]]
[2022.02.21-19.24.13:175][  0]LogConfig: Applying CVar settings from Section [FoliageQuality@3] File [D:/GitHub/GAME259-2022-A/GAME259_A_URE/Saved/Config/Windows/Scalability.ini]
[2022.02.21-19.24.13:175][  0]LogConfig: Setting CVar [[foliage.DensityScale:1.0]]
[2022.02.21-19.24.13:175][  0]LogConfig: Setting CVar [[grass.DensityScale:1.0]]
[2022.02.21-19.24.13:176][  0]LogConfig: Applying CVar settings from Section [ShadingQuality@3] File [D:/GitHub/GAME259-2022-A/GAME259_A_URE/Saved/Config/Windows/Scalability.ini]
[2022.02.21-19.24.13:176][  0]LogConfig: Setting CVar [[r.HairStrands.SkyLighting.IntegrationType:2]]
[2022.02.21-19.24.13:176][  0]LogConfig: Setting CVar [[r.HairStrands.SkyAO.SampleCount:4]]
[2022.02.21-19.24.13:177][  0]LogConfig: Setting CVar [[r.HairStrands.Visibility.MSAA.SamplePerPixel:4]]
[2022.02.21-19.24.13:177][  0]LogInit: Selected Device Profile: [Windows]
[2022.02.21-19.24.13:177][  0]LogInit: Applying CVar settings loaded from the selected device profile: [Windows]
[2022.02.21-19.24.13:178][  0]LogHAL: Display: Platform has ~ 16 GB [17065410560 / 17179869184 / 16], which maps to Larger [LargestMinGB=32, LargerMinGB=12, DefaultMinGB=8, SmallerMinGB=6, SmallestMinGB=0)
[2022.02.21-19.24.13:178][  0]LogInit: Going up to parent DeviceProfile []
[2022.02.21-19.24.13:179][  0]LogConfig: Applying CVar settings from Section [ViewDistanceQuality@3] File [D:/GitHub/GAME259-2022-A/GAME259_A_URE/Saved/Config/Windows/Scalability.ini]
[2022.02.21-19.24.13:182][  0]LogConfig: Setting CVar [[r.SkeletalMeshLODBias:0]]
[2022.02.21-19.24.13:182][  0]LogConfig: Setting CVar [[r.ViewDistanceScale:1.0]]
[2022.02.21-19.24.13:183][  0]LogConfig: Applying CVar settings from Section [AntiAliasingQuality@3] File [D:/GitHub/GAME259-2022-A/GAME259_A_URE/Saved/Config/Windows/Scalability.ini]
[2022.02.21-19.24.13:183][  0]LogConfig: Setting CVar [[r.PostProcessAAQuality:4]]
[2022.02.21-19.24.13:183][  0]LogConfig: Applying CVar settings from Section [ShadowQuality@3] File [D:/GitHub/GAME259-2022-A/GAME259_A_URE/Saved/Config/Windows/Scalability.ini]
[2022.02.21-19.24.13:184][  0]LogConfig: Setting CVar [[r.LightFunctionQuality:1]]
[2022.02.21-19.24.13:184][  0]LogConfig: Setting CVar [[r.ShadowQuality:5]]
[2022.02.21-19.24.13:184][  0]LogConfig: Setting CVar [[r.Shadow.CSM.MaxCascades:10]]
[2022.02.21-19.24.13:185][  0]LogConfig: Setting CVar [[r.Shadow.MaxResolution:2048]]
[2022.02.21-19.24.13:185][  0]LogConfig: Setting CVar [[r.Shadow.MaxCSMResolution:2048]]
[2022.02.21-19.24.13:185][  0]LogConfig: Setting CVar [[r.Shadow.RadiusThreshold:0.01]]
[2022.02.21-19.24.13:186][  0]LogConfig: Setting CVar [[r.Shadow.DistanceScale:1.0]]
[2022.02.21-19.24.13:186][  0]LogConfig: Setting CVar [[r.Shadow.CSM.TransitionScale:1.0]]
[2022.02.21-19.24.13:187][  0]LogConfig: Setting CVar [[r.Shadow.PreShadowResolutionFactor:1.0]]
[2022.02.21-19.24.13:187][  0]LogConfig: Setting CVar [[r.DistanceFieldShadowing:1]]
[2022.02.21-19.24.13:187][  0]LogConfig: Setting CVar [[r.DistanceFieldAO:1]]
[2022.02.21-19.24.13:188][  0]LogConfig: Setting CVar [[r.AOQuality:2]]
[2022.02.21-19.24.13:188][  0]LogConfig: Setting CVar [[r.VolumetricFog:1]]
[2022.02.21-19.24.13:188][  0]LogConfig: Setting CVar [[r.VolumetricFog.GridPixelSize:8]]
[2022.02.21-19.24.13:189][  0]LogConfig: Setting CVar [[r.VolumetricFog.GridSizeZ:128]]
[2022.02.21-19.24.13:190][  0]LogConfig: Setting CVar [[r.VolumetricFog.HistoryMissSupersampleCount:4]]
[2022.02.21-19.24.13:191][  0]LogConfig: Setting CVar [[r.LightMaxDrawDistanceScale:1]]
[2022.02.21-19.24.13:194][  0]LogConfig: Setting CVar [[r.CapsuleShadows:1]]
[2022.02.21-19.24.13:194][  0]LogConfig: Applying CVar settings from Section [PostProcessQuality@3] File [D:/GitHub/GAME259-2022-A/GAME259_A_URE/Saved/Config/Windows/Scalability.ini]
[2022.02.21-19.24.13:195][  0]LogConfig: Setting CVar [[r.MotionBlurQuality:4]]
[2022.02.21-19.24.13:195][  0]LogConfig: Setting CVar [[r.AmbientOcclusionMipLevelFactor:0.4]]
[2022.02.21-19.24.13:196][  0]LogConfig: Setting CVar [[r.AmbientOcclusionMaxQuality:100]]
[2022.02.21-19.24.13:196][  0]LogConfig: Setting CVar [[r.AmbientOcclusionLevels:-1]]
[2022.02.21-19.24.13:196][  0]LogConfig: Setting CVar [[r.AmbientOcclusionRadiusScale:1.0]]
[2022.02.21-19.24.13:196][  0]LogConfig: Setting CVar [[r.DepthOfFieldQuality:2]]
[2022.02.21-19.24.13:197][  0]LogConfig: Setting CVar [[r.RenderTargetPoolMin:400]]
[2022.02.21-19.24.13:197][  0]LogConfig: Setting CVar [[r.LensFlareQuality:2]]
[2022.02.21-19.24.13:197][  0]LogConfig: Setting CVar [[r.SceneColorFringeQuality:1]]
[2022.02.21-19.24.13:198][  0]LogConfig: Setting CVar [[r.EyeAdaptationQuality:2]]
[2022.02.21-19.24.13:198][  0]LogConfig: Setting CVar [[r.BloomQuality:5]]
[2022.02.21-19.24.13:198][  0]LogConfig: Setting CVar [[r.FastBlurThreshold:100]]
[2022.02.21-19.24.13:199][  0]LogConfig: Setting CVar [[r.Upscale.Quality:3]]
[2022.02.21-19.24.13:199][  0]LogConfig: Setting CVar [[r.Tonemapper.GrainQuantization:1]]
[2022.02.21-19.24.13:199][  0]LogConfig: Setting CVar [[r.LightShaftQuality:1]]
[2022.02.21-19.24.13:199][  0]LogConfig: Setting CVar [[r.Filter.SizeScale:1]]
[2022.02.21-19.24.13:200][  0]LogConfig: Setting CVar [[r.Tonemapper.Quality:5]]
[2022.02.21-19.24.13:200][  0]LogConfig: Setting CVar [[r.DOF.Gather.AccumulatorQuality:1        ; higher gathering accumulator quality]]
[2022.02.21-19.24.13:201][  0]LogConfig: Setting CVar [[r.DOF.Gather.PostfilterMethod:1          ; Median3x3 postfilering method]]
[2022.02.21-19.24.13:201][  0]LogConfig: Setting CVar [[r.DOF.Gather.EnableBokehSettings:0       ; no bokeh simulation when gathering]]
[2022.02.21-19.24.13:201][  0]LogConfig: Setting CVar [[r.DOF.Gather.RingCount:4                 ; medium number of samples when gathering]]
[2022.02.21-19.24.13:202][  0]LogConfig: Setting CVar [[r.DOF.Scatter.ForegroundCompositing:1    ; additive foreground scattering]]
[2022.02.21-19.24.13:202][  0]LogConfig: Setting CVar [[r.DOF.Scatter.BackgroundCompositing:2    ; additive background scattering]]
[2022.02.21-19.24.13:202][  0]LogConfig: Setting CVar [[r.DOF.Scatter.EnableBokehSettings:1      ; bokeh simulation when scattering]]
[2022.02.21-19.24.13:203][  0]LogConfig: Setting CVar [[r.DOF.Scatter.MaxSpriteRatio:0.1         ; only a maximum of 10% of scattered bokeh]]
[2022.02.21-19.24.13:203][  0]LogConfig: Setting CVar [[r.DOF.Recombine.Quality:1                ; cheap slight out of focus]]
[2022.02.21-19.24.13:206][  0]LogConfig: Setting CVar [[r.DOF.Recombine.EnableBokehSettings:0    ; no bokeh simulation on slight out of focus]]
[2022.02.21-19.24.13:206][  0]LogConfig: Setting CVar [[r.DOF.TemporalAAQuality:1                ; more stable temporal accumulation]]
[2022.02.21-19.24.13:207][  0]LogConfig: Setting CVar [[r.DOF.Kernel.MaxForegroundRadius:0.025]]
[2022.02.21-19.24.13:207][  0]LogConfig: Setting CVar [[r.DOF.Kernel.MaxBackgroundRadius:0.025]]
[2022.02.21-19.24.13:208][  0]LogConfig: Applying CVar settings from Section [TextureQuality@3] File [D:/GitHub/GAME259-2022-A/GAME259_A_URE/Saved/Config/Windows/Scalability.ini]
[2022.02.21-19.24.13:208][  0]LogConfig: Setting CVar [[r.Streaming.MipBias:0]]
[2022.02.21-19.24.13:208][  0]LogConfig: Setting CVar [[r.Streaming.AmortizeCPUToGPUCopy:0]]
[2022.02.21-19.24.13:209][  0]LogConfig: Setting CVar [[r.Streaming.MaxNumTexturesToStreamPerFrame:0]]
[2022.02.21-19.24.13:209][  0]LogConfig: Setting CVar [[r.Streaming.Boost:1]]
[2022.02.21-19.24.13:209][  0]LogConfig: Setting CVar [[r.MaxAnisotropy:8]]
[2022.02.21-19.24.13:210][  0]LogConfig: Setting CVar [[r.VT.MaxAnisotropy:8]]
[2022.02.21-19.24.13:210][  0]LogConfig: Setting CVar [[r.Streaming.LimitPoolSizeToVRAM:0]]
[2022.02.21-19.24.13:210][  0]LogConfig: Setting CVar [[r.Streaming.PoolSize:1000]]
[2022.02.21-19.24.13:211][  0]LogConfig: Setting CVar [[r.Streaming.MaxEffectiveScreenSize:0]]
[2022.02.21-19.24.13:211][  0]LogConfig: Applying CVar settings from Section [EffectsQuality@3] File [D:/GitHub/GAME259-2022-A/GAME259_A_URE/Saved/Config/Windows/Scalability.ini]
[2022.02.21-19.24.13:211][  0]LogConfig: Setting CVar [[r.TranslucencyLightingVolumeDim:64]]
[2022.02.21-19.24.13:212][  0]LogConfig: Setting CVar [[r.RefractionQuality:2]]
[2022.02.21-19.24.13:212][  0]LogConfig: Setting CVar [[r.SSR.Quality:3]]
[2022.02.21-19.24.13:212][  0]LogConfig: Setting CVar [[r.SSR.HalfResSceneColor:0]]
[2022.02.21-19.24.13:213][  0]LogConfig: Setting CVar [[r.SceneColorFormat:4]]
[2022.02.21-19.24.13:213][  0]LogConfig: Setting CVar [[r.DetailMode:2]]
[2022.02.21-19.24.13:213][  0]LogConfig: Setting CVar [[r.TranslucencyVolumeBlur:1]]
[2022.02.21-19.24.13:214][  0]LogConfig: Setting CVar [[r.MaterialQualityLevel:1 ; High quality]]
[2022.02.21-19.24.13:214][  0]LogConfig: Setting CVar [[r.AnisotropicMaterials:1]]
[2022.02.21-19.24.13:214][  0]LogConfig: Setting CVar [[r.SSS.Scale:1]]
[2022.02.21-19.24.13:215][  0]LogConfig: Setting CVar [[r.SSS.SampleSet:2]]
[2022.02.21-19.24.13:218][  0]LogConfig: Setting CVar [[r.SSS.Quality:1]]
[2022.02.21-19.24.13:218][  0]LogConfig: Setting CVar [[r.SSS.HalfRes:0]]
[2022.02.21-19.24.13:219][  0]LogConfig: Setting CVar [[r.SSGI.Quality:3]]
[2022.02.21-19.24.13:219][  0]LogConfig: Setting CVar [[r.EmitterSpawnRateScale:1.0]]
[2022.02.21-19.24.13:219][  0]LogConfig: Setting CVar [[r.ParticleLightQuality:2]]
[2022.02.21-19.24.13:220][  0]LogConfig: Setting CVar [[r.SkyAtmosphere.AerialPerspectiveLUT.FastApplyOnOpaque:1 ; Always have FastSkyLUT 1 in this case to avoid wrong sky]]
[2022.02.21-19.24.13:220][  0]LogConfig: Setting CVar [[r.SkyAtmosphere.AerialPerspectiveLUT.SampleCountMaxPerSlice:4]]
[2022.02.21-19.24.13:220][  0]LogConfig: Setting CVar [[r.SkyAtmosphere.AerialPerspectiveLUT.DepthResolution:16.0]]
[2022.02.21-19.24.13:221][  0]LogConfig: Setting CVar [[r.SkyAtmosphere.FastSkyLUT:1]]
[2022.02.21-19.24.13:222][  0]LogConfig: Setting CVar [[r.SkyAtmosphere.FastSkyLUT.SampleCountMin:4.0]]
[2022.02.21-19.24.13:222][  0]LogConfig: Setting CVar [[r.SkyAtmosphere.FastSkyLUT.SampleCountMax:128.0]]
[2022.02.21-19.24.13:222][  0]LogConfig: Setting CVar [[r.SkyAtmosphere.SampleCountMin:4.0]]
[2022.02.21-19.24.13:223][  0]LogConfig: Setting CVar [[r.SkyAtmosphere.SampleCountMax:128.0]]
[2022.02.21-19.24.13:223][  0]LogConfig: Setting CVar [[r.SkyAtmosphere.TransmittanceLUT.UseSmallFormat:0]]
[2022.02.21-19.24.13:223][  0]LogConfig: Setting CVar [[r.SkyAtmosphere.TransmittanceLUT.SampleCount:10.0]]
[2022.02.21-19.24.13:224][  0]LogConfig: Setting CVar [[r.SkyAtmosphere.MultiScatteringLUT.SampleCount:15.0]]
[2022.02.21-19.24.13:224][  0]LogConfig: Setting CVar [[r.SkyLight.RealTimeReflectionCapture:1]]
[2022.02.21-19.24.13:224][  0]LogConfig: Applying CVar settings from Section [FoliageQuality@3] File [D:/GitHub/GAME259-2022-A/GAME259_A_URE/Saved/Config/Windows/Scalability.ini]
[2022.02.21-19.24.13:225][  0]LogConfig: Setting CVar [[foliage.DensityScale:1.0]]
[2022.02.21-19.24.13:225][  0]LogConfig: Setting CVar [[grass.DensityScale:1.0]]
[2022.02.21-19.24.13:225][  0]LogConfig: Applying CVar settings from Section [ShadingQuality@3] File [D:/GitHub/GAME259-2022-A/GAME259_A_URE/Saved/Config/Windows/Scalability.ini]
[2022.02.21-19.24.13:225][  0]LogConfig: Setting CVar [[r.HairStrands.SkyLighting.IntegrationType:2]]
[2022.02.21-19.24.13:226][  0]LogConfig: Setting CVar [[r.HairStrands.SkyAO.SampleCount:4]]
[2022.02.21-19.24.13:226][  0]LogConfig: Setting CVar [[r.HairStrands.Visibility.MSAA.SamplePerPixel:4]]
[2022.02.21-19.24.13:226][  0]LogConfig: Applying CVar settings from Section [Startup] File [../../../Engine/Config/ConsoleVariables.ini]
[2022.02.21-19.24.13:227][  0]LogConfig: Setting CVar [[net.UseAdaptiveNetUpdateFrequency:0]]
[2022.02.21-19.24.13:227][  0]LogConfig: Setting CVar [[p.chaos.AllowCreatePhysxBodies:1]]
[2022.02.21-19.24.13:230][  0]LogConfig: Setting CVar [[fx.SkipVectorVMBackendOptimizations:1]]
[2022.02.21-19.24.13:231][  0]LogConfig: Applying CVar settings from Section [ConsoleVariables] File [D:/GitHub/GAME259-2022-A/GAME259_A_URE/Saved/Config/Windows/Engine.ini]
[2022.02.21-19.24.13:231][  0]LogConfig: Applying CVar settings from Section [ConsoleVariables] File [D:/GitHub/GAME259-2022-A/GAME259_A_URE/Saved/Config/Windows/Editor.ini]
[2022.02.21-19.24.13:231][  0]LogInit: Computer: OMEN
[2022.02.21-19.24.13:232][  0]LogInit: User: James
[2022.02.21-19.24.13:232][  0]LogInit: CPU Page size=4096, Cores=6
[2022.02.21-19.24.13:232][  0]LogInit: High frequency timer resolution =10.000000 MHz
[2022.02.21-19.24.13:233][  0]LogMemory: Memory total: Physical=15.9GB (16GB approx)
[2022.02.21-19.24.13:233][  0]LogMemory: Platform Memory Stats for Windows
[2022.02.21-19.24.13:233][  0]LogMemory: Process Physical Memory: 148.68 MB used, 148.68 MB peak
[2022.02.21-19.24.13:234][  0]LogMemory: Process Virtual Memory: 131.80 MB used, 131.80 MB peak
[2022.02.21-19.24.13:234][  0]LogMemory: Physical Memory: 10862.16 MB used,  5412.68 MB free, 16274.84 MB total
[2022.02.21-19.24.13:234][  0]LogMemory: Virtual Memory: 134211736.00 MB used,  5995.66 MB free, 134217728.00 MB total
[2022.02.21-19.24.13:239][  0]LogWindows: WindowsPlatformFeatures enabled
[2022.02.21-19.24.13:283][  0]LogInit: Physics initialised using underlying interface: PhysX
[2022.02.21-19.24.13:283][  0]LogInit: Using OS detected language (en-US).
[2022.02.21-19.24.13:284][  0]LogInit: Using OS detected locale (en-US).
[2022.02.21-19.24.13:287][  0]LogTextLocalizationManager: No specific localization for 'en-US' exists, so the 'en' localization will be used.
[2022.02.21-19.24.13:471][  0]LogWindowsTextInputMethodSystem: Display: IME system deactivated.
[2022.02.21-19.24.13:512][  0]LogSlate: New Slate User Created.  User Index 0, Is Virtual User: 0
[2022.02.21-19.24.13:513][  0]LogSlate: Slate User Registered.  User Index 0, Is Virtual User: 0
[2022.02.21-19.24.13:570][  0]LogD3D11RHI: Loaded GFSDK_Aftermath_Lib.x64.dll
[2022.02.21-19.24.13:629][  0]LogHMD: Optional extension XR_VARJO_quad_views is not available
[2022.02.21-19.24.13:629][  0]LogHMD: Warning: Required extension XR_EXT_eye_gaze_interaction is not available
[2022.02.21-19.24.13:631][  0]LogHMD: Could not enable all required OpenXR extensions for OpenXREyeTracker on current system. This plugin will be loaded but ignored, but will be enabled on a target platform that supports the required extension.
[2022.02.21-19.24.14:132][  0]LogHMD: Failed to get an OpenXR system, result is XR_ERROR_FORM_FACTOR_UNAVAILABLE. Please check that your runtime supports VR headsets.
[2022.02.21-19.24.14:132][  0]LogD3D11RHI: D3D11 min allowed feature level: 11_0
[2022.02.21-19.24.14:133][  0]LogD3D11RHI: D3D11 max allowed feature level: 11_0
[2022.02.21-19.24.14:134][  0]LogD3D11RHI: D3D11 adapters:
[2022.02.21-19.24.14:220][  0]LogD3D11RHI:    0. 'NVIDIA GeForce GTX 1070' (Feature Level 11_0)
[2022.02.21-19.24.14:221][  0]LogD3D11RHI:       8088/0/8137 MB DedicatedVideo/DedicatedSystem/SharedSystem, Outputs:2, VendorId:0x10de
[2022.02.21-19.24.14:223][  0]LogD3D11RHI:    1. 'Microsoft Basic Render Driver' (Feature Level 11_0)
[2022.02.21-19.24.14:224][  0]LogD3D11RHI:       0/0/8137 MB DedicatedVideo/DedicatedSystem/SharedSystem, Outputs:0, VendorId:0x1414
[2022.02.21-19.24.14:224][  0]LogD3D11RHI: Chosen D3D11 Adapter:
[2022.02.21-19.24.14:224][  0]LogD3D11RHI:     Description : NVIDIA GeForce GTX 1070
[2022.02.21-19.24.14:225][  0]LogD3D11RHI:     VendorId    : 10de
[2022.02.21-19.24.14:225][  0]LogD3D11RHI:     DeviceId    : 1b81
[2022.02.21-19.24.14:225][  0]LogD3D11RHI:     SubSysId    : 82fb103c
[2022.02.21-19.24.14:226][  0]LogD3D11RHI:     Revision    : 00a1
[2022.02.21-19.24.14:226][  0]LogD3D11RHI:     DedicatedVideoMemory : 8480882688 bytes
[2022.02.21-19.24.14:226][  0]LogD3D11RHI:     DedicatedSystemMemory : 0 bytes
[2022.02.21-19.24.14:227][  0]LogD3D11RHI:     SharedSystemMemory : 8532705280 bytes
[2022.02.21-19.24.14:227][  0]LogD3D11RHI:     AdapterLuid : 0 89200
[2022.02.21-19.24.14:235][  0]LogD3D11RHI: Creating new Direct3DDevice
[2022.02.21-19.24.14:235][  0]LogD3D11RHI:     GPU DeviceId: 0x1b81 (for the marketing name, search the web for "GPU Device Id")
[2022.02.21-19.24.14:236][  0]LogWindows: EnumDisplayDevices:
[2022.02.21-19.24.14:236][  0]LogWindows:    0. 'NVIDIA GeForce GTX 1070' (P:1 D:1)
[2022.02.21-19.24.14:237][  0]LogWindows:    1. 'NVIDIA GeForce GTX 1070' (P:0 D:1)
[2022.02.21-19.24.14:237][  0]LogWindows:    2. 'NVIDIA GeForce GTX 1070' (P:0 D:0)
[2022.02.21-19.24.14:237][  0]LogWindows:    3. 'NVIDIA GeForce GTX 1070' (P:0 D:0)
[2022.02.21-19.24.14:238][  0]LogWindows: DebugString: FoundDriverCount:4 
[2022.02.21-19.24.14:238][  0]LogD3D11RHI:     Adapter Name: NVIDIA GeForce GTX 1070
[2022.02.21-19.24.14:238][  0]LogD3D11RHI:   Driver Version: 472.08 (internal:30.0.14.7208, unified:472.08)
[2022.02.21-19.24.14:239][  0]LogD3D11RHI:      Driver Date: 9-13-2021
[2022.02.21-19.24.14:239][  0]LogRHI: Texture pool is 5661 MB (70% of 8088 MB)
[2022.02.21-19.24.14:239][  0]LogD3D11RHI: Creating D3DDevice using adapter:
[2022.02.21-19.24.14:240][  0]LogD3D11RHI:     Description : NVIDIA GeForce GTX 1070
[2022.02.21-19.24.14:240][  0]LogD3D11RHI:     VendorId    : 10de
[2022.02.21-19.24.14:240][  0]LogD3D11RHI:     DeviceId    : 1b81
[2022.02.21-19.24.14:241][  0]LogD3D11RHI:     SubSysId    : 82fb103c
[2022.02.21-19.24.14:243][  0]LogD3D11RHI:     Revision    : 00a1
[2022.02.21-19.24.14:243][  0]LogD3D11RHI:     DedicatedVideoMemory : 8480882688 bytes
[2022.02.21-19.24.14:244][  0]LogD3D11RHI:     DedicatedSystemMemory : 0 bytes
[2022.02.21-19.24.14:244][  0]LogD3D11RHI:     SharedSystemMemory : 8532705280 bytes
[2022.02.21-19.24.14:244][  0]LogD3D11RHI:     AdapterLuid : 0 89200
[2022.02.21-19.24.14:315][  0]LogD3D11RHI: RHI has support for 64 bit atomics
[2022.02.21-19.24.14:315][  0]LogD3D11RHI: Async texture creation enabled
[2022.02.21-19.24.14:316][  0]LogD3D11RHI: Array index from any shader is supported
[2022.02.21-19.24.14:318][  0]LogD3D11RHI: HDR output is supported on display 0 (NvId: 0x80061082).
[2022.02.21-19.24.14:332][  0]LogD3D11RHI: GPU Timing Frequency: 1000.000000 (Debug: 2 1)
[2022.02.21-19.24.14:359][  0]LogRHI: GeForceNow SDK initialized: 1
[2022.02.21-19.24.14:600][  0]LogTargetPlatformManager: Display: Loaded TargetPlatform 'WindowsNoEditor'
[2022.02.21-19.24.14:604][  0]LogTargetPlatformManager: Display: Loaded TargetPlatform 'Windows'
[2022.02.21-19.24.14:608][  0]LogTargetPlatformManager: Display: Loaded TargetPlatform 'WindowsClient'
[2022.02.21-19.24.14:612][  0]LogTargetPlatformManager: Display: Loaded TargetPlatform 'WindowsServer'
[2022.02.21-19.24.14:612][  0]LogTargetPlatformManager: Display: Building Assets For Windows
[2022.02.21-19.24.14:620][  0]LogAudioDebug: Display: Lib vorbis DLL was dynamically loaded.
[2022.02.21-19.24.14:647][  0]LogTextureFormatOodle: Display: Oodle Texture 2.9.0 init RDO Off
[2022.02.21-19.24.14:675][  0]LogRendererCore: Ray tracing is disabled. Reason: r.RayTracing=0.
[2022.02.21-19.24.14:675][  0]LogShaderCompilers: Guid format shader working directory is -2 characters bigger than the processId version (../../../../GitHub/GAME259-2022-A/GAME259_A_URE/Intermediate/Shaders/WorkingDirectory/23992/).
[2022.02.21-19.24.14:677][  0]LogShaderCompilers: Cleaned the shader compiler working directory 'C:/Users/James/AppData/Local/Temp/UnrealShaderWorkingDir/A085DFAF487B7041EC7467BD9E66DE2D/'.
[2022.02.21-19.24.14:677][  0]LogXGEController: Cannot use XGE Controller as Incredibuild is not installed on this machine.
[2022.02.21-19.24.14:678][  0]LogShaderCompilers: Cannot use XGE Shader Compiler as Incredibuild is not installed on this machine.
[2022.02.21-19.24.14:678][  0]LogShaderCompilers: Display: Using Local Shader Compiler.
[2022.02.21-19.24.15:413][  0]LogDerivedDataCache: Display: Max Cache Size: 512 MB
[2022.02.21-19.24.15:469][  0]LogDerivedDataCache: Loaded boot cache 0.06s 103MB C:/Users/James/AppData/Local/UnrealEngine/4.27/DerivedDataCache/Boot.ddc.
[2022.02.21-19.24.15:470][  0]LogDerivedDataCache: Display: Loaded Boot cache: C:/Users/James/AppData/Local/UnrealEngine/4.27/DerivedDataCache/Boot.ddc
[2022.02.21-19.24.15:471][  0]LogDerivedDataCache: FDerivedDataBackendGraph:  Pak pak cache file ../../../../GitHub/GAME259-2022-A/GAME259_A_URE/DerivedDataCache/DDC.ddp not found, will not use a pak cache.
[2022.02.21-19.24.15:471][  0]LogDerivedDataCache: Unable to find inner node Pak for hierarchical cache Hierarchy.
[2022.02.21-19.24.15:472][  0]LogDerivedDataCache: FDerivedDataBackendGraph:  CompressedPak pak cache file ../../../../GitHub/GAME259-2022-A/GAME259_A_URE/DerivedDataCache/Compressed.ddp not found, will not use a pak cache.
[2022.02.21-19.24.15:472][  0]LogDerivedDataCache: Unable to find inner node CompressedPak for hierarchical cache Hierarchy.
[2022.02.21-19.24.15:487][  0]LogDerivedDataCache: Display: Pak cache opened for reading ../../../Engine/DerivedDataCache/Compressed.ddp.
[2022.02.21-19.24.15:487][  0]LogDerivedDataCache: FDerivedDataBackendGraph:  EnterprisePak pak cache file ../../../Enterprise/DerivedDataCache/Compressed.ddp not found, will not use a pak cache.
[2022.02.21-19.24.15:488][  0]LogDerivedDataCache: Unable to find inner node EnterprisePak for hierarchical cache Hierarchy.
[2022.02.21-19.24.15:495][  0]LogDerivedDataCache: Speed tests for C:/Users/James/AppData/Local/UnrealEngine/Common/DerivedDataCache took 0.01 seconds
[2022.02.21-19.24.15:496][  0]LogDerivedDataCache: Display: Performance to C:/Users/James/AppData/Local/UnrealEngine/Common/DerivedDataCache: Latency=0.03ms. RandomReadSpeed=1282.50MBs, RandomWriteSpeed=152.53MBs. Assigned SpeedClass 'Local'
[2022.02.21-19.24.15:497][  0]LogDerivedDataCache: Using Local data cache path C:/Users/James/AppData/Local/UnrealEngine/Common/DerivedDataCache: Writable
[2022.02.21-19.24.15:497][  0]LogDerivedDataCache: Shared data cache path not found in *engine.ini, will not use an Shared cache.
[2022.02.21-19.24.15:498][  0]LogDerivedDataCache: Unable to find inner node Shared for hierarchical cache Hierarchy.
[2022.02.21-19.24.15:533][  0]LogSlate: Using FreeType 2.10.0
[2022.02.21-19.24.15:533][  0]LogSlate: SlateFontServices - WITH_FREETYPE: 1, WITH_HARFBUZZ: 1
[2022.02.21-19.24.16:035][  0]LogHMD: Failed to get an OpenXR system, result is XR_ERROR_FORM_FACTOR_UNAVAILABLE. Please check that your runtime supports VR headsets.
[2022.02.21-19.24.16:110][  0]LogInit: Using OS detected language (en-US).
[2022.02.21-19.24.16:110][  0]LogInit: Using OS detected locale (en-US).
[2022.02.21-19.24.16:112][  0]LogTextLocalizationManager: No localization for 'en-US' exists, so 'en' will be used for the language.
[2022.02.21-19.24.16:113][  0]LogTextLocalizationManager: No localization for 'en-US' exists, so 'en' will be used for the locale.
[2022.02.21-19.24.16:113][  0]LogSlate: FontCache flush requested. Reason: Culture for localization was changed
[2022.02.21-19.24.16:113][  0]LogSlate: FontCache flush requested. Reason: Culture for localization was changed
[2022.02.21-19.24.16:116][  0]LogTextLocalizationManager: Compacting localization data took   0.01ms
[2022.02.21-19.24.16:116][  0]LogAssetRegistry: FAssetRegistry took 0.0014 seconds to start up
[2022.02.21-19.24.16:274][  0]LogPackageLocalizationCache: Processed 27 localized package path(s) for 1 prioritized culture(s) in 0.021772 seconds
[2022.02.21-19.24.16:331][  0]LogInit: Selected Device Profile: [Windows]
[2022.02.21-19.24.16:331][  0]LogInit: Active device profile: [0000014C947E8A00][0000014C918A40C0 49] Windows
[2022.02.21-19.24.16:332][  0]LogInit: Profiles: [0000014C947E8A00][0000014C918A40C0 49] Windows, [0000014C947B1A00][0000014C918AC240 49] WindowsNoEditor, [0000014C947EB500][0000014C918B03C0 49] WindowsServer, [0000014C947B3D00][0000014C918B4540 49] WindowsClient, [0000014C947EB300][0000014C918B86C0 49] IOS, [0000014C947B3F00][0000014C918BC840 49] iPadAir, [0000014C947EA000][0000014C918C09C0 49] iPadAir2, [0000014C94760C00][0000014C918C8C80 49] IPadPro, [0000014C94760D00][0000014C918C4CC0 49] iPadAir3, [0000014C947B3300][0000014C918CCE40 49] iPadAir4, [0000014C94763200][0000014C918D0FC0 49] iPadMini2, [0000014C947B2A00][0000014C918D5140 49] iPadMini3, [0000014C94761700][0000014C918D92C0 49] iPadMini4, [0000014C947B2300][0000014C91671440 49] iPadMini5, [0000014C9477C500][0000014C91675680 49] iPhone6, [0000014C9477C600][0000014C918A96C0 49] iPodTouch6, [0000014C94763800][0000014C9167D900 49] iPhone7, [0000014C94761C00][0000014C91679940 49] iPodTouch7, [0000014C9477C400][0000014C91685AC0 49] iPhone5S, [0000014C947B2100][0000014C916880C0 49] iPhone6Plus, [0000014C9477EF00][0000014C9168C240 49] iPhone6S, [0000014C94760A00][0000014C916903C0 49] iPhone6SPlus, [0000014C9477E300][0000014C91694540 49] iPhone7Plus, [0000014C94760100][0000014C916986C0 49] iPhoneSE, [0000014C9477C800][0000014C9169C840 49] iPhone8, [0000014C94761F00][0000014C916A09C0 49] iPhone8Plus, [0000014C9477C700][0000014C916A4B40 49] iPhoneX, [0000014C94762200][0000014C916A8CC0 49] iPhoneXS, [0000014C9477F800][0000014C916ACE40 49] iPhoneXSMax, [0000014C94760900][0000014C916B0FC0 49] iPhoneXR, [0000014C9477D900][0000014C916B5140 49] iPhone11, [0000014C94762800][0000014C916B92C0 49] iPhone11Pro, [0000014C9477D000][0000014C94C4F440 49] iPhone11ProMax, [0000014C94761500][0000014C94C535C0 49] iPhoneSE2, [0000014C9477F500][0000014C91681700 49] iPhone12Mini, [0000014C94763D00][0000014C94C57840 49] iPhone12, [0000014C9477DF00][0000014C94C5B980 49] iPhone12Pro, [0000014C94763000][0000014C94C5FAC0 49] iPhone12ProMax, [0000014C9477D400][0000014C94C660C0 49] iPadPro105, [0000014C94762700][0000014C94C6A240 49] iPadPro129, [0000014C9477F400][0000014C94C6E3C0 49] iPadPro97, [0000014C94762600][0000014C94C72540 49] iPadPro2_129, [0000014C9477DE00][0000014C94C766C0 49] iPad5, [0000014C94760200][0000014C94C7A840 49] iPad6, [0000014C9477FB00][0000014C94C7E9C0 49] iPad7, [0000014C94763B00][0000014C94C82B40 49] iPad8, [0000014C9477FA00][0000014C94C86CC0 49] iPadPro11, [0000014C94762900][0000014C94C8AE40 49] iPadPro2_11, [0000014C9477DC00][0000014C94C8EFC0 49] iPadPro3_129, [0000014C94760F00][0000014C94C93140 49] iPadPro4_129, [0000014C9477C100][0000014C94C972C0 49] AppleTV, [0000014C94761000][0000014C94C9B440 49] AppleTV4K, [0000014C9477FD00][0000014C94C9F5C0 49] TVOS, [0000014C94760700][0000014C94CA3740 49] Mac, [0000014C9477C300][0000014C94CA78C0 49] MacClient, [0000014C94760600][0000014C94C63A00 49] MacNoEditor, [0000014C9477D700][0000014C94CABB40 49] MacServer, [0000014C94761600][0000014C94CAE100 49] Linux, [0000014C9477F000][0000014C94CB6280 49] LinuxAArch64, [0000014C94763400][0000014C94CBA400 49] LinuxNoEditor, [0000014C9477EE00][0000014C94CBE580 49] LinuxAArch64NoEditor, [0000014C94763700][0000014C94CC2700 49] LinuxClient, [0000014C9477CC00][0000014C94CC6880 49] LinuxAArch64Client, [0000014C94762400][0000014C94CCAA00 49] LinuxServer, [0000014C9477FE00][0000014C94CCEB80 49] LinuxAArch64Server, [0000014C94763900][0000014C94CD2D00 49] Android, [0000014C9477CB00][0000014C94CD6E80 49] Android_Low, [0000014C94763500][0000014C94CDB000 49] Android_Mid, [0000014C9477E800][0000014C94CDF180 49] Android_High, [0000014C947B3800][0000014C94CE3300 49] Android_Default, [0000014C947EA100][0000014C94CE7480 49] Android_Adreno4xx, [0000014C947B3E00][0000014C94CEB600 49] Android_Adreno5xx_Low, [0000014C947EAB00][0000014C94CEF780 49] Android_Adreno5xx, [0000014C947B3200][0000014C94CF3900 49] Android_Adreno6xx, [0000014C947EA800][0000014C94CF7A80 49] Android_Adreno6xx_Vulkan, [0000014C947B1900][0000014C94CB3BC0 49] Android_Mali_T6xx, [0000014C947EBB00][0000014C94CFA180 49] Android_Mali_T7xx, [0000014C947B0B00][0000014C94CFE2C0 49] Android_Mali_T8xx, [0000014C947EBE00][0000014C94D06440 49] Android_Mali_G71, [0000014C947B0A00][0000014C94D0A5C0 49] Android_Mali_G72, [0000014C947E9800][0000014C94D0E740 49] Android_Mali_G72_Vulkan, [0000014C947B3600][0000014C94D128C0 49] Android_Mali_G76, [0000014C947E9B00][0000014C94D16A40 49] Android_Mali_G76_Vulkan, [0000014C947B1F00][0000014C94D1ABC0 49] Android_Mali_G77, [0000014C947E9000][0000014C94D1ED40 49] Android_Mali_G77_Vulkan, [0000014C947B1700][0000014C94D22EC0 49] Android_Mali_G78, [0000014C947EA900][0000014C94D27040 49] Android_Mali_G78_Vulkan, [0000014C947B2800][0000014C94D2B1C0 49] Android_Mali_G710, [0000014C947E8700][0000014C94D2F340 49] Android_Mali_G710_Vulkan, [0000014C947B1100][0000014C94D334C0 49] Android_Vulkan_SM5, [0000014C947E9600][0000014C94D37640 49] Android_PowerVR_G6xxx, [0000014C947B1500][0000014C94D3B7C0 49] Android_PowerVR_GT7xxx, [0000014C947EAF00][0000014C94D3F940 49] Android_PowerVR_GE8xxx, [0000014C947B1400][0000014C94D43AC0 49] Android_PowerVR_GM9xxx, [0000014C947E8300][0000014C94D460C0 49] Android_PowerVR_GM9xxx_Vulkan, [0000014C947B0400][0000014C94D02200 49] Android_TegraK1, [0000014C947EAC00][0000014C94D4A340 49] Android_Unknown_Vulkan, [0000014C947B0300][0000014C94D4E480 49] Lumin, [0000014C94761900][0000014C94D525C0 49] Lumin_Desktop, [0000014C947B2E00][0000014C94D5A740 49] HoloLens, 
[2022.02.21-19.24.16:370][  0]LogMeshReduction: Using QuadricMeshReduction for automatic static mesh reduction
[2022.02.21-19.24.16:371][  0]LogMeshReduction: Using SimplygonMeshReduction for automatic skeletal mesh reduction
[2022.02.21-19.24.16:372][  0]LogMeshReduction: Using ProxyLODMeshReduction for automatic mesh merging
[2022.02.21-19.24.16:372][  0]LogMeshReduction: No distributed automatic mesh merging module available
[2022.02.21-19.24.16:373][  0]LogMeshMerging: No distributed automatic mesh merging module available
[2022.02.21-19.24.16:493][  0]LogNetVersion: GAME259_A_URE 1.0.0, NetCL: 17155196, EngineNetVer: 17, GameNetVer: 0 (Checksum: 2250587433)
[2022.02.21-19.24.16:728][  0]LogTexture: Default maximum texture size for cubemaps generated from long-lat sources has been changed from 512 to unlimited. In order to preserve old behaiour for '/Engine/MapTemplates/Sky/DaylightAmbientCubemap.DaylightAmbientCubemap', its maximum texture size has been explicitly set to 512.
[2022.02.21-19.24.16:778][  0]LogHMD: PokeAHoleMaterial loaded successfully
[2022.02.21-19.24.16:866][  0]LogMoviePlayer: Initializing movie player
[2022.02.21-19.24.16:962][  0]LogPython: Using Python 3.7.7
[2022.02.21-19.24.17:387][  0]LogNiagaraDebuggerClient: Niagara Debugger Client Initialized | Session: 634307FA46A971E30B162F8839C76A93 | Instance: 150AE66343CE93BA225B69AC93E73292 (OMEN-23992).
[2022.02.21-19.24.17:406][  0]LogCollectionManager: Loaded 0 collections in 0.000905 seconds
[2022.02.21-19.24.17:409][  0]LogFileCache: Scanning file cache for directory 'D:/GitHub/GAME259-2022-A/GAME259_A_URE/Saved/Collections/' took 0.00s
[2022.02.21-19.24.17:409][  0]LogFileCache: Scanning file cache for directory 'D:/GitHub/GAME259-2022-A/GAME259_A_URE/Content/Developers/James/Collections/' took 0.00s
[2022.02.21-19.24.17:409][  0]LogFileCache: Scanning file cache for directory 'D:/GitHub/GAME259-2022-A/GAME259_A_URE/Content/Collections/' took 0.00s
[2022.02.21-19.24.17:410][  0]LogCollectionManager: Fixed up redirectors for 0 collections in 0.000002 seconds (updated 0 objects)
[2022.02.21-19.24.17:555][  0]LogSteamShared: Display: Loading Steam SDK 1.51
[2022.02.21-19.24.17:555][  0]LogSteamShared: Steam SDK Loaded!
[2022.02.21-19.24.17:748][  0]SourceControl: Source control is disabled
[2022.02.21-19.24.17:748][  0]SourceControl: Source control is disabled
[2022.02.21-19.24.17:752][  0]SourceControl: Source control is disabled
[2022.02.21-19.24.17:757][  0]LogUProjectInfo: Found projects:
[2022.02.21-19.24.17:827][  0]LogOpenImageDenoise: OIDN starting up
[2022.02.21-19.24.17:859][  0]LogAndroidPermission: UAndroidPermissionCallbackProxy::GetInstance
[2022.02.21-19.24.17:878][  0]LogAudioCaptureCore: Display: No Audio Capture implementations found. Audio input will be silent.
[2022.02.21-19.24.17:878][  0]LogAudioCaptureCore: Display: No Audio Capture implementations found. Audio input will be silent.
[2022.02.21-19.24.17:948][  0]LogOcInput: OculusInput pre-init called
[2022.02.21-19.24.17:956][  0]LogUObjectArray: 23049 objects as part of root set at end of initial load.
[2022.02.21-19.24.17:956][  0]LogUObjectAllocator: 6399616 out of 0 bytes used by permanent object pool.
[2022.02.21-19.24.17:957][  0]LogUObjectArray: CloseDisregardForGC: 0/0 objects in disregard for GC pool
[2022.02.21-19.24.18:004][  0]LogClass: Display: IntProperty FServerInfo::CurrentPlayers is not initialized properly. Module:GAME259_A_URE File:GameInstance_GAME259_A_URE.h
[2022.02.21-19.24.18:004][  0]LogClass: Display: IntProperty FServerInfo::MaxPlayers is not initialized properly. Module:GAME259_A_URE File:GameInstance_GAME259_A_URE.h
[2022.02.21-19.24.18:005][  0]LogClass: Display: IntProperty FServerInfo::ServerArrayIndex is not initialized properly. Module:GAME259_A_URE File:GameInstance_GAME259_A_URE.h
[2022.02.21-19.24.18:006][  0]LogClass: Display: 3 Uninitialized script struct members found including 0 object properties
[2022.02.21-19.24.18:007][  0]LogEngine: Initializing Engine...
[2022.02.21-19.24.18:508][  0]LogHMD: Failed to get an OpenXR system, result is XR_ERROR_FORM_FACTOR_UNAVAILABLE. Please check that your runtime supports VR headsets.
[2022.02.21-19.24.18:508][  0]LogMagicLeap: Warning: VR disabled because ZI is not enabled.  To enable, in the editor, Edit -> Project Settings -> Plugins -> Magic Leap Plugin -> Enable Zero Iteration
[2022.02.21-19.24.18:511][  0]LogStats: UGameplayTagsManager::InitializeManager -  0.000 s
[2022.02.21-19.24.18:593][  0]LogInit: Initializing FReadOnlyCVARCache
[2022.02.21-19.24.18:593][  0]LogAudio: Display: Initializing Audio Device Manager...
[2022.02.21-19.24.18:598][  0]LogAudio: Display: Loading Default Audio Settings Objects...
[2022.02.21-19.24.18:599][  0]LogAudio: Display: No default SoundConcurrencyObject specified (or failed to load).
[2022.02.21-19.24.18:599][  0]LogAudio: Display: Audio Device Manager Initialized
[2022.02.21-19.24.18:599][  0]LogAudio: Display: Creating Audio Device:                 Id: 1, Scope: Shared, Realtime: True
[2022.02.21-19.24.18:600][  0]LogAudioMixer: Display: Audio Mixer Platform Settings:
[2022.02.21-19.24.18:600][  0]LogAudioMixer: Display: 	Sample Rate:						  48000
[2022.02.21-19.24.18:600][  0]LogAudioMixer: Display: 	Callback Buffer Frame Size Requested: 1024
[2022.02.21-19.24.18:601][  0]LogAudioMixer: Display: 	Callback Buffer Frame Size To Use:	  1024
[2022.02.21-19.24.18:601][  0]LogAudioMixer: Display: 	Number of buffers to queue:			  2
[2022.02.21-19.24.18:601][  0]LogAudioMixer: Display: 	Max Channels (voices):				  32
[2022.02.21-19.24.18:602][  0]LogAudioMixer: Display: 	Number of Async Source Workers:		  0
[2022.02.21-19.24.18:603][  0]LogAudio: Display: AudioDevice MaxSources: 32
[2022.02.21-19.24.18:603][  0]LogAudio: Display: Audio Spatialization Plugin: None (built-in).
[2022.02.21-19.24.18:603][  0]LogAudio: Display: Audio Reverb Plugin: None (built-in).
[2022.02.21-19.24.18:604][  0]LogAudio: Display: Audio Occlusion Plugin: None (built-in).
[2022.02.21-19.24.18:607][  0]LogAudioMixer: Display: Initializing audio mixer.
[2022.02.21-19.24.18:628][  0]LogAudioMixer: Display: 0: FrontLeft
[2022.02.21-19.24.18:629][  0]LogAudioMixer: Display: 1: FrontRight
[2022.02.21-19.24.18:682][  0]LogAudioMixer: Display: Using Audio Device Headphones (Arctis 7 Game)
[2022.02.21-19.24.18:687][  0]LogAudioMixer: Display: Initializing Sound Submixes...
[2022.02.21-19.24.18:689][  0]LogAudioMixer: Display: Creating Master Submix 'MasterSubmixDefault'
[2022.02.21-19.24.18:689][  0]LogAudioMixer: Display: Creating Master Submix 'MasterReverbSubmixDefault'
[2022.02.21-19.24.18:691][  0]LogAudioMixer: Display: Creating Master Submix 'MasterEQSubmixDefault'
[2022.02.21-19.24.18:691][  0]LogAudioMixer: FMixerPlatformXAudio2::StartAudioStream() called
[2022.02.21-19.24.18:691][  0]LogAudioMixer: Display: Output buffers initialized: Frames=1024, Channels=2, Samples=2048
[2022.02.21-19.24.18:693][  0]LogAudioMixer: Display: Starting AudioMixerPlatformInterface::RunInternal()
[2022.02.21-19.24.18:694][  0]LogAudioMixer: Display: FMixerPlatformXAudio2::SubmitBuffer() called for the first time
[2022.02.21-19.24.18:694][  0]LogInit: FAudioDevice initialized.
[2022.02.21-19.24.18:696][  0]LogNetVersion: Set ProjectVersion to 1.0.0.0. Version Checksum will be recalculated on next use.
[2022.02.21-19.24.18:759][  0]LogDerivedDataCache: Saved boot cache 0.06s 103MB C:/Users/James/AppData/Local/UnrealEngine/4.27/DerivedDataCache/Boot.ddc.
[2022.02.21-19.24.18:764][  0]LogInit: Texture streaming: Enabled
[2022.02.21-19.24.18:819][  0]LogAudio: Display: Audio Device (ID: 1) registered with world 'Untitled'.
[2022.02.21-19.24.18:820][  0]LogSlate: Updating window title bar state: overlay mode, drag disabled, window buttons hidden, title bar hidden
[2022.02.21-19.24.18:822][  0]LogInit: Display: Game Engine Initialized.
[2022.02.21-19.24.18:822][  0]LogNiagaraEditor: GEditor isn't valid! Particle reset commands will not work for Niagara components!
[2022.02.21-19.24.18:882][  0]LogInit: Display: Starting Game.
[2022.02.21-19.24.18:882][  0]LogNet: Browse: /Game/LobbySystem/Levels/LobbyMainMenu?Name=Player
[2022.02.21-19.24.18:885][  0]LogLoad: LoadMap: /Game/LobbySystem/Levels/LobbyMainMenu?Name=Player
[2022.02.21-19.24.18:885][  0]LogWorld: BeginTearingDown for /Temp/Untitled_0
[2022.02.21-19.24.18:887][  0]LogWorld: UWorld::CleanupWorld for Untitled, bSessionEnded=true, bCleanupResources=true
[2022.02.21-19.24.18:888][  0]LogSlate: InvalidateAllWidgets triggered.  All widgets were invalidated
[2022.02.21-19.24.18:893][  0]LogAudio: Display: Audio Device unregistered from world 'None'.
[2022.02.21-19.24.18:896][  0]LogUObjectHash: Compacting FUObjectHashTables data took   0.79ms
[2022.02.21-19.24.18:921][  0]LogAudio: Display: Audio Device (ID: 1) registered with world 'LobbyMainMenu'.
[2022.02.21-19.24.18:926][  0]LogAIModule: Creating AISystem for world LobbyMainMenu
[2022.02.21-19.24.18:926][  0]LogLoad: Game class is 'BP_LobbyGameMode_C'
[2022.02.21-19.24.18:927][  0]LogWorld: Bringing World /Game/LobbySystem/Levels/LobbyMainMenu.LobbyMainMenu up for play (max tick rate 0) at 2022.02.21-14.24.18
[2022.02.21-19.24.18:927][  0]LogWorld: Bringing up level for play took: 0.000630
[2022.02.21-19.24.18:928][  0]LogGameMode: FindPlayerStart: PATHS NOT DEFINED or NO PLAYERSTART with positive rating
[2022.02.21-19.24.18:932][  0]LogViewport: Display: Viewport MouseLockMode Changed, LockOnCapture -> DoNotLock
[2022.02.21-19.24.18:933][  0]LogViewport: Display: Viewport MouseCaptureMode Changed, CapturePermanently_IncludingInitialMouseDown -> NoCapture
[2022.02.21-19.24.18:933][  0]LogLoad: Took 0.048223 seconds to LoadMap(/Game/LobbySystem/Levels/LobbyMainMenu)
[2022.02.21-19.24.19:165][  0]LogSlate: Took 0.000230 seconds to synchronously load lazily loaded font '../../../Engine/Content/Slate/Fonts/Roboto-Regular.ttf' (155K)
[2022.02.21-19.24.19:275][  0]LogRenderer: Reallocating scene render targets to support 800x900 Format 10 NumSamples 1 (Frame:1).
[2022.02.21-19.24.19:275][  0]LogInit: Display: Engine is initialized. Leaving FEngineLoop::Init()
[2022.02.21-19.24.19:277][  0]LogLoad: (Engine Initialization) Total time: 8.19 seconds
[2022.02.21-19.24.19:278][  0]LogLoad: (Engine Initialization) Total Blueprint compile time: 0.00 seconds
[2022.02.21-19.24.19:281][  0]LogContentStreaming: Texture pool size now 1000 MB
[2022.02.21-19.24.19:284][  0]LogSlate: InvalidateAllWidgets triggered.  All widgets were invalidated
[2022.02.21-19.24.19:376][  1]LogSlate: Took 0.000195 seconds to synchronously load lazily loaded font '../../../Engine/Content/Slate/Fonts/Roboto-Regular.ttf' (155K)
[2022.02.21-19.24.45:409][625]LogTemp: Warning: Create Server Called
[2022.02.21-19.24.45:416][625]LogTemp: Warning: OnCreateSessionComplete, Succeeded: 1
[2022.02.21-19.24.45:416][625]LogGameMode: ProcessServerTravel: /Game/LobbySystem/Levels/Networking_GameTest?listen
[2022.02.21-19.24.45:418][625]LogEngine: Server switch level: /Game/LobbySystem/Levels/Networking_GameTest?Name=Player?listen
[2022.02.21-19.24.45:418][625]LogNet: Browse: /Game/LobbySystem/Levels/Networking_GameTest?Name=Player?listen
[2022.02.21-19.24.45:419][625]LogLoad: LoadMap: /Game/LobbySystem/Levels/Networking_GameTest?Name=Player?listen
[2022.02.21-19.24.45:420][625]LogWorld: BeginTearingDown for /Game/LobbySystem/Levels/LobbyMainMenu
[2022.02.21-19.24.45:421][625]LogWorld: UWorld::CleanupWorld for LobbyMainMenu, bSessionEnded=true, bCleanupResources=true
[2022.02.21-19.24.45:422][625]LogSlate: InvalidateAllWidgets triggered.  All widgets were invalidated
[2022.02.21-19.24.45:454][625]LogAudio: Display: Audio Device unregistered from world 'None'.
[2022.02.21-19.24.45:457][625]LogUObjectHash: Compacting FUObjectHashTables data took   0.75ms
[2022.02.21-19.24.45:493][625]LogAudio: Display: Audio Device (ID: 1) registered with world 'Networking_GameTest'.
[2022.02.21-19.24.45:494][625]LogAIModule: Creating AISystem for world Networking_GameTest
[2022.02.21-19.24.45:495][625]LogLoad: Game class is 'GAME259_A_UREGameMode'
[2022.02.21-19.24.45:495][625]LogNet: ReplicationDriverClass is null! Not using ReplicationDriver.
[2022.02.21-19.24.45:495][625]LogNetCore: DDoS detection status: detection enabled: 0 analytics enabled: 0
[2022.02.21-19.24.45:496][625]LogInit: WinSock: Socket queue. Rx: 131072 (config 131072) Tx: 131072 (config 131072)
[2022.02.21-19.24.45:496][625]LogNet: Created socket for bind address: 0.0.0.0 on port 7777
[2022.02.21-19.24.45:497][625]PacketHandlerLog: Loaded PacketHandler component: Engine.EngineHandlerComponentFactory (StatelessConnectHandlerComponent)
[2022.02.21-19.24.45:497][625]LogNet: GameNetDriver IpNetDriver_0 IpNetDriver listening on port 7777
[2022.02.21-19.24.45:499][625]LogWorld: Bringing World /Game/LobbySystem/Levels/Networking_GameTest.Networking_GameTest up for play (max tick rate 0) at 2022.02.21-14.24.45
[2022.02.21-19.24.45:499][625]LogWorld: Bringing up level for play took: 0.001064
[2022.02.21-19.24.45:499][625]LogOnlineSession: Warning: OSS: No game present to join for session (GameSession)
[2022.02.21-19.24.45:502][625]LogLoad: Took 0.082636 seconds to LoadMap(/Game/LobbySystem/Levels/Networking_GameTest)
[2022.02.21-19.24.57:725][109]LogSlate: Window 'GAME259_A_URE (64-bit Development PCD3D_SM5) ' being destroyed
[2022.02.21-19.24.57:728][109]LogWindowsTextInputMethodSystem: Display: IME system deactivated.
[2022.02.21-19.24.57:734][109]LogOnlineSession: Warning: OSS: No game present to leave for session (GameSession)
[2022.02.21-19.24.57:735][109]LogSlate: Updating window title bar state: overlay mode, drag disabled, window buttons hidden, title bar hidden
[2022.02.21-19.24.57:737][109]LogEngine: All Windows Closed
[2022.02.21-19.24.57:738][109]LogWindows: FPlatformMisc::RequestExit(0)
[2022.02.21-19.24.57:739][109]LogWindows: FPlatformMisc::RequestExitWithStatus(0, 0)
[2022.02.21-19.24.57:740][109]LogCore: Engine exit requested (reason: Win RequestExit)
[2022.02.21-19.24.57:740][110]LogCore: Engine exit requested (reason: EngineExit() was called; note: exit was already requested)
[2022.02.21-19.24.57:741][110]LogInit: Display: PreExit Game.
[2022.02.21-19.24.57:752][110]LogWorld: BeginTearingDown for /Game/LobbySystem/Levels/Networking_GameTest
[2022.02.21-19.24.57:753][110]LogNet: World NetDriver shutdown IpNetDriver_0 [GameNetDriver]
[2022.02.21-19.24.57:753][110]LogNet: DestroyNamedNetDriver IpNetDriver_0 [GameNetDriver]
[2022.02.21-19.24.57:753][110]LogExit: GameNetDriver IpNetDriver_0 shut down
[2022.02.21-19.24.57:755][110]LogWorld: UWorld::CleanupWorld for Networking_GameTest, bSessionEnded=true, bCleanupResources=true
[2022.02.21-19.24.57:756][110]LogSlate: InvalidateAllWidgets triggered.  All widgets were invalidated
[2022.02.21-19.24.58:532][110]LogAudio: Display: Beginning Audio Device Manager Shutdown (Module: AudioMixerXAudio2)...
[2022.02.21-19.24.58:532][110]LogAudio: Display: Destroying 1 Remaining Audio Device(s)...
[2022.02.21-19.24.58:533][110]LogAudio: Display: Audio Device unregistered from world 'Networking_GameTest'.
[2022.02.21-19.24.58:567][110]LogAudioMixer: FMixerPlatformXAudio2::StopAudioStream() called
[2022.02.21-19.24.58:568][110]LogAudioMixer: FMixerPlatformXAudio2::StopAudioStream() called
[2022.02.21-19.24.58:573][110]LogAudio: Display: Audio Device Manager Shutdown
[2022.02.21-19.24.58:576][110]LogExit: Preparing to exit.
[2022.02.21-19.24.58:580][110]LogSlate: Updating window title bar state: overlay mode, drag disabled, window buttons hidden, title bar hidden
[2022.02.21-19.24.58:582][110]LogUObjectHash: Compacting FUObjectHashTables data took   0.67ms
[2022.02.21-19.24.58:652][110]LogMoviePlayer: Shutting down movie player
[2022.02.21-19.24.58:678][110]LogDemo: Cleaned up 0 splitscreen connections with owner deletion
[2022.02.21-19.24.58:683][110]LogExit: Game engine shut down
[2022.02.21-19.24.58:718][110]LogExit: Object subsystem successfully closed.
[2022.02.21-19.24.58:728][110]LogShaderCompilers: Display: === FShaderJobCache stats ===
[2022.02.21-19.24.58:728][110]LogShaderCompilers: Display: Total job queries 0, among them cache hits 0 (0.00%)
[2022.02.21-19.24.58:728][110]LogShaderCompilers: Display: Tracking 0 distinct input hashes that result in 0 distinct outputs (0.00%)
[2022.02.21-19.24.58:728][110]LogShaderCompilers: Display: RAM used: 0.00 MB (0.00 GB) of 819.20 MB (0.80 GB) budget. Usage: 0.00%
[2022.02.21-19.24.58:729][110]LogShaderCompilers: Display: ================================================
[2022.02.21-19.24.58:744][110]LogShaderCompilers: Display: Shaders left to compile 0
[2022.02.21-19.24.58:751][110]LogModuleManager: Shutting down and abandoning module SequenceRecorderSections (566)
[2022.02.21-19.24.58:751][110]LogModuleManager: Shutting down and abandoning module SequenceRecorder (564)
[2022.02.21-19.24.58:752][110]LogModuleManager: Shutting down and abandoning module AutomationController (562)
[2022.02.21-19.24.58:752][110]LogModuleManager: Shutting down and abandoning module AutomationWorker (560)
[2022.02.21-19.24.58:753][110]LogModuleManager: Shutting down and abandoning module Voice (558)
[2022.02.21-19.24.58:753][110]LogModuleManager: Shutting down and abandoning module AIModule (556)
[2022.02.21-19.24.58:754][110]LogModuleManager: Shutting down and abandoning module GameplayDebugger (555)
[2022.02.21-19.24.58:754][110]LogModuleManager: Shutting down and abandoning module AITestSuite (553)
[2022.02.21-19.24.58:755][110]LogModuleManager: Shutting down and abandoning module NavigationSystem (551)
[2022.02.21-19.24.58:755][110]LogModuleManager: Shutting down and abandoning module OculusMR (548)
[2022.02.21-19.24.58:755][110]LogModuleManager: Shutting down and abandoning module TakeRecorderSources (546)
[2022.02.21-19.24.58:756][110]LogModuleManager: Shutting down and abandoning module TakeRecorder (545)
[2022.02.21-19.24.58:757][110]LogModuleManager: Shutting down and abandoning module TakeTrackRecorders (542)
[2022.02.21-19.24.58:758][110]LogModuleManager: Shutting down and abandoning module TakesCore (540)
[2022.02.21-19.24.58:758][110]LogModuleManager: Shutting down and abandoning module OpenXRInput (538)
[2022.02.21-19.24.58:759][110]LogModuleManager: Shutting down and abandoning module WmfMediaFactory (536)
[2022.02.21-19.24.58:759][110]LogModuleManager: Shutting down and abandoning module WebMMediaFactory (534)
[2022.02.21-19.24.58:759][110]LogModuleManager: Shutting down and abandoning module WebMMedia (532)
[2022.02.21-19.24.58:760][110]LogModuleManager: Shutting down and abandoning module OpenExrWrapper (530)
[2022.02.21-19.24.58:760][110]LogModuleManager: Shutting down and abandoning module ImgMediaFactory (528)
[2022.02.21-19.24.58:761][110]LogModuleManager: Shutting down and abandoning module AvfMediaFactory (526)
[2022.02.21-19.24.58:761][110]LogModuleManager: Shutting down and abandoning module MagicLeapMediaCodecFactory (524)
[2022.02.21-19.24.58:761][110]LogModuleManager: Shutting down and abandoning module MagicLeapMediaFactory (522)
[2022.02.21-19.24.58:761][110]LogModuleManager: Shutting down and abandoning module PlanarCut (520)
[2022.02.21-19.24.58:762][110]LogModuleManager: Shutting down and abandoning module CharacterAI (518)
[2022.02.21-19.24.58:762][110]LogModuleManager: Shutting down and abandoning module SessionServices (516)
[2022.02.21-19.24.58:763][110]LogModuleManager: Shutting down and abandoning module MovieSceneCapture (514)
[2022.02.21-19.24.58:763][110]LogModuleManager: Shutting down and abandoning module LiveCoding (512)
[2022.02.21-19.24.58:763][110]LogModuleManager: Shutting down and abandoning module LevelSequence (510)
[2022.02.21-19.24.58:763][110]LogModuleManager: Shutting down and abandoning module MovieSceneTracks (508)
[2022.02.21-19.24.58:764][110]LogModuleManager: Shutting down and abandoning module MovieScene (506)
[2022.02.21-19.24.58:764][110]LogModuleManager: Shutting down and abandoning module StreamingPauseRendering (504)
[2022.02.21-19.24.58:765][110]LogModuleManager: Shutting down and abandoning module PortalServices (502)
[2022.02.21-19.24.58:765][110]LogModuleManager: Shutting down and abandoning module PortalRpc (500)
[2022.02.21-19.24.58:765][110]LogModuleManager: Shutting down and abandoning module MessagingRpc (498)
[2022.02.21-19.24.58:765][110]LogModuleManager: Shutting down and abandoning module AudioMixerXAudio2 (496)
[2022.02.21-19.24.58:766][110]LogModuleManager: Shutting down and abandoning module AudioMixerCore (495)
[2022.02.21-19.24.58:769][110]LogModuleManager: Shutting down and abandoning module ImageWriteQueue (492)
[2022.02.21-19.24.58:772][110]LogModuleManager: Shutting down and abandoning module ProfilerService (490)
[2022.02.21-19.24.58:788][110]LogModuleManager: Shutting down and abandoning module TaskGraph (488)
[2022.02.21-19.24.58:788][110]LogModuleManager: Shutting down and abandoning module OculusInput (486)
[2022.02.21-19.24.58:790][110]LogModuleManager: Shutting down and abandoning module SQLiteSupport (484)
[2022.02.21-19.24.58:790][110]LogModuleManager: Shutting down and abandoning module DatabaseSupport (482)
[2022.02.21-19.24.58:790][110]LogModuleManager: Shutting down and abandoning module EOSVoiceChat (480)
[2022.02.21-19.24.58:791][110]LogModuleManager: Shutting down and abandoning module TakeMovieScene (478)
[2022.02.21-19.24.58:791][110]LogModuleManager: Shutting down and abandoning module Synthesis (476)
[2022.02.21-19.24.58:791][110]LogModuleManager: Shutting down and abandoning module ProceduralMeshComponent (474)
[2022.02.21-19.24.58:792][110]LogModuleManager: Shutting down and abandoning module MobilePatchingUtils (472)
[2022.02.21-19.24.58:792][110]LogModuleManager: Shutting down and abandoning module GooglePAD (470)
[2022.02.21-19.24.58:792][110]LogModuleManager: Shutting down and abandoning module EditableMesh (468)
[2022.02.21-19.24.58:793][110]LogModuleManager: Shutting down and abandoning module CustomMeshComponent (466)
[2022.02.21-19.24.58:794][110]LogModuleManager: Shutting down and abandoning module CableComponent (464)
[2022.02.21-19.24.58:795][110]LogModuleManager: Shutting down and abandoning module AudioCapture (462)
[2022.02.21-19.24.58:795][110]LogModuleManager: Shutting down and abandoning module AudioCaptureRtAudio (461)
[2022.02.21-19.24.58:795][110]LogModuleManager: Shutting down and abandoning module AssetTags (458)
[2022.02.21-19.24.58:796][110]LogModuleManager: Shutting down and abandoning module ArchVisCharacter (456)
[2022.02.21-19.24.58:796][110]LogModuleManager: Shutting down and abandoning module AppleImageUtilsBlueprintSupport (454)
[2022.02.21-19.24.58:796][110]LogModuleManager: Shutting down and abandoning module AppleImageUtils (452)
[2022.02.21-19.24.58:796][110]LogModuleManager: Shutting down and abandoning module AndroidPermission (450)
[2022.02.21-19.24.58:797][110]LogModuleManager: Shutting down and abandoning module ActorLayerUtilities (448)
[2022.02.21-19.24.58:797][110]LogModuleManager: Shutting down and abandoning module TemplateSequence (444)
[2022.02.21-19.24.58:797][110]LogModuleManager: Shutting down and abandoning module MediaCompositing (442)
[2022.02.21-19.24.58:798][110]LogModuleManager: Shutting down and abandoning module ImgMedia (440)
[2022.02.21-19.24.58:800][110]LogModuleManager: Shutting down and abandoning module MagicLeapSharedWorld (438)
[2022.02.21-19.24.58:801][110]LogModuleManager: Shutting down and abandoning module MagicLeapLightEstimation (436)
[2022.02.21-19.24.58:801][110]LogModuleManager: Shutting down and abandoning module MagicLeapHelperVulkan (434)
[2022.02.21-19.24.58:801][110]LogModuleManager: Shutting down and abandoning module MagicLeapHelperOpenGL (432)
[2022.02.21-19.24.58:802][110]LogModuleManager: Shutting down and abandoning module MagicLeapAudio (430)
[2022.02.21-19.24.58:802][110]LogModuleManager: Shutting down and abandoning module OpenImageDenoise (428)
[2022.02.21-19.24.58:803][110]LogOpenImageDenoise: OIDN shutting down
[2022.02.21-19.24.58:803][110]LogModuleManager: Shutting down and abandoning module MotoSynth (426)
[2022.02.21-19.24.58:803][110]LogModuleManager: Shutting down and abandoning module MeshConversion (424)
[2022.02.21-19.24.58:804][110]LogModuleManager: Shutting down and abandoning module DynamicMesh (422)
[2022.02.21-19.24.58:804][110]LogModuleManager: Shutting down and abandoning module GeometryAlgorithms (420)
[2022.02.21-19.24.58:804][110]LogModuleManager: Shutting down and abandoning module GeometricObjects (418)
[2022.02.21-19.24.58:805][110]LogModuleManager: Shutting down and abandoning module GeometryCollectionTracks (416)
[2022.02.21-19.24.58:805][110]LogModuleManager: Shutting down and abandoning module GeometryCollectionSequencer (415)
[2022.02.21-19.24.58:805][110]LogModuleManager: Shutting down and abandoning module GeometryCacheTracks (412)
[2022.02.21-19.24.58:806][110]LogModuleManager: Shutting down and abandoning module GeometryCacheSequencer (411)
[2022.02.21-19.24.58:806][110]LogModuleManager: Shutting down and abandoning module GeometryCache (408)
[2022.02.21-19.24.58:807][110]LogModuleManager: Shutting down and abandoning module GeometryCacheEd (407)
[2022.02.21-19.24.58:807][110]LogModuleManager: Shutting down and abandoning module ChaosNiagara (404)
[2022.02.21-19.24.58:807][110]LogModuleManager: Shutting down and abandoning module FieldSystemEngine (403)
[2022.02.21-19.24.58:808][110]LogModuleManager: Shutting down and abandoning module BackChannel (400)
[2022.02.21-19.24.58:808][110]LogModuleManager: Shutting down and abandoning module AutomationUtils (398)
[2022.02.21-19.24.58:808][110]LogModuleManager: Shutting down and abandoning module VisualStudioSourceCodeAccess (396)
[2022.02.21-19.24.58:809][110]LogModuleManager: Shutting down and abandoning module HotReload (395)
[2022.02.21-19.24.58:812][110]LogModuleManager: Shutting down and abandoning module VisualStudioCodeSourceCodeAccess (392)
[2022.02.21-19.24.58:813][110]LogModuleManager: Shutting down and abandoning module UObjectPlugin (390)
[2022.02.21-19.24.58:813][110]LogModuleManager: Shutting down and abandoning module SubversionSourceControl (388)
[2022.02.21-19.24.58:813][110]LogModuleManager: Shutting down and abandoning module PerforceSourceControl (386)
[2022.02.21-19.24.58:814][110]LogModuleManager: Shutting down and abandoning module SourceControl (385)
[2022.02.21-19.24.58:814][110]LogModuleManager: Shutting down and abandoning module CLionSourceCodeAccess (382)
[2022.02.21-19.24.58:814][110]LogModuleManager: Shutting down and abandoning module OodleNetworkHandlerComponent (380)
[2022.02.21-19.24.58:815][110]LogModuleManager: Shutting down and abandoning module LiveLinkSequencer (378)
[2022.02.21-19.24.58:815][110]LogModuleManager: Shutting down and abandoning module LiveLinkMovieScene (376)
[2022.02.21-19.24.58:815][110]LogModuleManager: Shutting down and abandoning module LiveLinkGraphNode (374)
[2022.02.21-19.24.58:816][110]LogModuleManager: Shutting down and abandoning module LiveLinkComponents (372)
[2022.02.21-19.24.58:816][110]LogModuleManager: Shutting down and abandoning module LiveLink (370)
