Log file open, 02/26/22 17:47:53
LogWindows: Failed to load 'aqProf.dll' (GetLastError=126)
LogWindows: File 'aqProf.dll' does not exist
LogWindows: Failed to load 'VtuneApi.dll' (GetLastError=126)
LogWindows: File 'VtuneApi.dll' does not exist
LogWindows: Failed to load 'VtuneApi32e.dll' (GetLastError=126)
LogWindows: File 'VtuneApi32e.dll' does not exist
LogConsoleResponse: Display: Failed to find resolution value strings in scalability ini. Falling back to default.
LogConsoleResponse: Display: Failed to find resolution value strings in scalability ini. Falling back to default.
LogInit: Display: Running engine for game: GAME259_A_URE
LogPlatformFile: Not using cached read wrapper
LogTaskGraph: Started task graph with 5 named threads and 47 total threads with 3 sets of task threads.
LogStats: Stats thread started at 0.189745
LogICUInternationalization: ICU TimeZone Detection - Raw Offset: -5:00, Platform Override: ''
LogInit: Display: Loading text-based GConfig....
LogPluginManager: Mounting plugin MeshPainting
LogPluginManager: Mounting plugin XGEController
LogPluginManager: Mounting plugin Paper2D
LogPluginManager: Mounting plugin LiveLink
LogPluginManager: Mounting plugin AISupport
LogPluginManager: Mounting plugin EnvironmentQueryEditor
LogPluginManager: Mounting plugin LightPropagationVolume
LogPluginManager: Mounting plugin GameplayCameras
LogPluginManager: Mounting plugin CameraShakePreviewer
LogPluginManager: Mounting plugin CLionSourceCodeAccess
LogPluginManager: Mounting plugin CodeLiteSourceCodeAccess
LogPluginManager: Mounting plugin NullSourceCodeAccess
LogPluginManager: Mounting plugin KDevelopSourceCodeAccess
LogPluginManager: Mounting plugin AnimationSharing
LogPluginManager: Mounting plugin PerforceSourceControl
LogPluginManager: Mounting plugin PixWinPlugin
LogPluginManager: Mounting plugin PlasticSourceControl
LogPluginManager: Mounting plugin PluginUtils
LogPluginManager: Mounting plugin RiderSourceCodeAccess
LogPluginManager: Mounting plugin TextureFormatOodle
LogPluginManager: Mounting plugin GitSourceControl
LogPluginManager: Mounting plugin SubversionSourceControl
LogPluginManager: Mounting plugin UObjectPlugin
LogPluginManager: Mounting plugin XCodeSourceCodeAccess
LogPluginManager: Mounting plugin VisualStudioSourceCodeAccess
LogPluginManager: Mounting plugin AssetManagerEditor
LogPluginManager: Mounting plugin VisualStudioCodeSourceCodeAccess
LogPluginManager: Mounting plugin PropertyAccessNode
LogPluginManager: Mounting plugin CurveEditorTools
LogPluginManager: Mounting plugin CryptoKeys
LogPluginManager: Mounting plugin OodleData
LogPluginManager: Mounting plugin FacialAnimation
LogPluginManager: Mounting plugin MacGraphicsSwitching
LogPluginManager: Mounting plugin GeometryMode
LogPluginManager: Mounting plugin DataValidation
LogPluginManager: Mounting plugin MaterialAnalyzer
LogPluginManager: Mounting plugin MobileLauncherProfileWizard
LogPluginManager: Mounting plugin GameplayTagsEditor
LogPluginManager: Mounting plugin SpeedTreeImporter
LogPluginManager: Mounting plugin PluginBrowser
LogPluginManager: Mounting plugin OodleNetwork
LogPluginManager: Mounting plugin Niagara
LogPluginManager: Mounting plugin AlembicImporter
LogPluginManager: Mounting plugin AutomationUtils
LogPluginManager: Mounting plugin BackChannel
LogPluginManager: Mounting plugin ChaosCloth
LogPluginManager: Mounting plugin ChaosClothEditor
LogPluginManager: Mounting plugin ChaosNiagara
LogPluginManager: Mounting plugin ChaosEditor
LogPluginManager: Mounting plugin CharacterAI
LogPluginManager: Mounting plugin ChaosSolverPlugin
LogPluginManager: Mounting plugin GeometryCache
LogPluginManager: Mounting plugin GeometryCollectionPlugin
LogPluginManager: Mounting plugin LuminPlatformFeatures
LogPluginManager: Mounting plugin MagicLeap
LogPluginManager: Mounting plugin GeometryProcessing
LogPluginManager: Mounting plugin MagicLeapMedia
LogPluginManager: Mounting plugin MagicLeapLightEstimation
LogPluginManager: Mounting plugin MagicLeapPassableWorld
LogPluginManager: Mounting plugin MLSDK
LogPluginManager: Mounting plugin TcpMessaging
LogPluginManager: Mounting plugin UdpMessaging
LogPluginManager: Mounting plugin PlanarCut
LogPluginManager: Mounting plugin MotoSynth
LogPluginManager: Mounting plugin OpenImageDenoise
LogPluginManager: Mounting plugin PlatformCrypto
LogPluginManager: Mounting plugin ProxyLODPlugin
LogPluginManager: Mounting plugin PythonScriptPlugin
LogPluginManager: Mounting plugin AndroidMedia
LogPluginManager: Mounting plugin SkeletalReduction
LogPluginManager: Mounting plugin AvfMedia
LogPluginManager: Mounting plugin ImgMedia
LogPluginManager: Mounting plugin MediaCompositing
LogPluginManager: Mounting plugin MediaPlayerEditor
LogPluginManager: Mounting plugin WebMMedia
LogPluginManager: Mounting plugin WmfMedia
LogPluginManager: Mounting plugin EOSShared
LogPluginManager: Mounting plugin OnlineSubsystem
LogPluginManager: Mounting plugin ActorSequence
LogPluginManager: Mounting plugin OnlineSubsystemNull
LogPluginManager: Mounting plugin OnlineSubsystemUtils
LogPluginManager: Mounting plugin OnlineSubsystemSteam
LogPluginManager: Mounting plugin LauncherChunkInstaller
LogPluginManager: Mounting plugin LevelSequenceEditor
LogPluginManager: Mounting plugin MatineeToLevelSequence
LogPluginManager: Mounting plugin TemplateSequence
LogPluginManager: Mounting plugin ActorLayerUtilities
LogPluginManager: Mounting plugin AndroidDeviceProfileSelector
LogPluginManager: Mounting plugin AndroidPermission
LogPluginManager: Mounting plugin AppleImageUtils
LogPluginManager: Mounting plugin AssetTags
LogPluginManager: Mounting plugin AppleMoviePlayer
LogPluginManager: Mounting plugin AudioCapture
LogPluginManager: Mounting plugin AudioSynesthesia
LogPluginManager: Mounting plugin AndroidMoviePlayer
LogPluginManager: Mounting plugin CableComponent
LogPluginManager: Mounting plugin ChunkDownloader
LogPluginManager: Mounting plugin CustomMeshComponent
LogPluginManager: Mounting plugin EditableMesh
LogPluginManager: Mounting plugin ExampleDeviceProfileSelector
LogPluginManager: Mounting plugin GoogleCloudMessaging
LogPluginManager: Mounting plugin GooglePAD
LogPluginManager: Mounting plugin IOSDeviceProfileSelector
LogPluginManager: Mounting plugin LinuxDeviceProfileSelector
LogPluginManager: Mounting plugin LocationServicesBPLibrary
LogPluginManager: Mounting plugin MobilePatchingUtils
LogPluginManager: Mounting plugin OpenXR
LogPluginManager: Mounting plugin OpenXREyeTracker
LogPluginManager: Mounting plugin OpenXRHandTracking
LogPluginManager: Mounting plugin ArchVisCharacter
LogPluginManager: Mounting plugin ScreenshotTools
LogPluginManager: Mounting plugin PhysXVehicles
LogPluginManager: Mounting plugin Takes
LogPluginManager: Mounting plugin PropertyAccessEditor
LogPluginManager: Mounting plugin ProceduralMeshComponent
LogPluginManager: Mounting plugin RuntimePhysXCooking
LogPluginManager: Mounting plugin SignificanceManager
LogPluginManager: Mounting plugin PostSplashScreen
LogPluginManager: Mounting plugin SoundFields
LogPluginManager: Mounting plugin Synthesis
LogPluginManager: Mounting plugin WebMMoviePlayer
LogPluginManager: Mounting plugin DatasmithContent
LogPluginManager: Mounting plugin WindowsMoviePlayer
LogPluginManager: Mounting plugin VariantManagerContent
LogPluginManager: Mounting plugin ContentBrowserAssetDataSource
LogPluginManager: Mounting plugin ContentBrowserClassDataSource
LogPluginManager: Mounting plugin ContentBrowserFileDataSource
LogPluginManager: Mounting plugin OnlineSubsystemGooglePlay
LogPluginManager: Mounting plugin OnlineSubsystemIOS
LogPluginManager: Mounting plugin EOSVoiceChat
LogPluginManager: Mounting plugin OculusVR
LogPluginManager: Mounting plugin SteamShared
PixWinPlugin: PIX capture plugin failed to initialize! Check that the process is launched from PIX.
LogInit: Using libcurl 7.55.1-DEV
LogInit:  - built for x86_64-pc-win32
LogInit:  - supports SSL with OpenSSL/1.1.1
LogInit:  - supports HTTP deflate (compression) using libz 1.2.8
LogInit:  - other features:
LogInit:      CURL_VERSION_SSL
LogInit:      CURL_VERSION_LIBZ
LogInit:      CURL_VERSION_IPV6
LogInit:      CURL_VERSION_ASYNCHDNS
LogInit:      CURL_VERSION_LARGEFILE
LogInit:      CURL_VERSION_IDN
LogInit:  CurlRequestOptions (configurable via config and command line):
LogInit:  - bVerifyPeer = true  - Libcurl will verify peer certificate
LogInit:  - bUseHttpProxy = false  - Libcurl will NOT use HTTP proxy
LogInit:  - bDontReuseConnections = false  - Libcurl will reuse connections
LogInit:  - MaxHostConnections = 16  - Libcurl will limit the number of connections to a host
LogInit:  - LocalHostAddr = Default
LogInit:  - BufferSize = 65536
LogOnline: OSS: Creating online subsystem instance for: NULL
LogInit: WinSock: version 1.1 (2.2), MaxSocks=32767, MaxUdp=65467
LogOnline: OSS: TryLoadSubsystemAndSetDefault: Loaded subsystem for module [NULL]
LogOculusPluginWrapper: OculusPlugin initialized successfully
LogHMD: Failed initializing OVRPlugin 1.59.0
LogInit: Build: ++UE4+Release-4.27-CL-18319896
LogInit: Engine Version: 4.27.2-18319896+++UE4+Release-4.27
LogInit: Compatible Engine Version: 4.27.0-17155196+++UE4+Release-4.27
LogInit: Net CL: 17155196
LogInit: OS: Windows 10 (Release 2009) (), CPU: Intel(R) Core(TM) i7-10700K CPU @ 3.80GHz, GPU: NVIDIA GeForce RTX 2070 SUPER
LogInit: Compiled (64-bit): Nov 30 2021 07:12:08
LogInit: Compiled with Visual C++: 19.24.28315.00
LogInit: Build Configuration: Development
LogInit: Branch Name: ++UE4+Release-4.27
LogInit: Command Line:  /Game/UI/Maps/L_MainMenu -game -PIEVIACONSOLE -Multiprocess GameUserSettingsINI=D:/GitHub/GAME259-2022-A/GAME259_A_URE/Saved/Config/Windows/PIEGameUserSettings0.ini -MultiprocessSaveConfig -forcepassthrough -messaging -SessionName="Play in Standalone Game" -windowed -WinX=320 -WinY=184 SAVEWINPOS=1 -ResX=1270 -ResY=686
LogInit: Base Directory: D:/Unreal Engine/UE_4.27/Engine/Binaries/Win64/
LogInit: Allocator: TBB
LogInit: Installed Engine Build: 1
LogDevObjectVersion: Number of dev versions registered: 29
LogDevObjectVersion:   Dev-Blueprints (B0D832E4-1F89-4F0D-ACCF-7EB736FD4AA2): 10
LogDevObjectVersion:   Dev-Build (E1C64328-A22C-4D53-A36C-8E866417BD8C): 0
LogDevObjectVersion:   Dev-Core (375EC13C-06E4-48FB-B500-84F0262A717E): 4
LogDevObjectVersion:   Dev-Editor (E4B068ED-F494-42E9-A231-DA0B2E46BB41): 40
LogDevObjectVersion:   Dev-Framework (CFFC743F-43B0-4480-9391-14DF171D2073): 37
LogDevObjectVersion:   Dev-Mobile (B02B49B5-BB20-44E9-A304-32B752E40360): 3
LogDevObjectVersion:   Dev-Networking (A4E4105C-59A1-49B5-A7C5-40C4547EDFEE): 0
LogDevObjectVersion:   Dev-Online (39C831C9-5AE6-47DC-9A44-9C173E1C8E7C): 0
LogDevObjectVersion:   Dev-Physics (78F01B33-EBEA-4F98-B9B4-84EACCB95AA2): 14
LogDevObjectVersion:   Dev-Platform (6631380F-2D4D-43E0-8009-CF276956A95A): 0
LogDevObjectVersion:   Dev-Rendering (12F88B9F-8875-4AFC-A67C-D90C383ABD29): 45
LogDevObjectVersion:   Dev-Sequencer (7B5AE74C-D270-4C10-A958-57980B212A5A): 13
LogDevObjectVersion:   Dev-VR (D7296918-1DD6-4BDD-9DE2-64A83CC13884): 3
LogDevObjectVersion:   Dev-LoadTimes (C2A15278-BFE7-4AFE-6C17-90FF531DF755): 1
LogDevObjectVersion:   Private-Geometry (6EACA3D4-40EC-4CC1-B786-8BED09428FC5): 3
LogDevObjectVersion:   Dev-AnimPhys (29E575DD-E0A3-4627-9D10-D276232CDCEA): 17
LogDevObjectVersion:   Dev-Anim (AF43A65D-7FD3-4947-9873-3E8ED9C1BB05): 15
LogDevObjectVersion:   Dev-ReflectionCapture (6B266CEC-1EC7-4B8F-A30B-E4D90942FC07): 1
LogDevObjectVersion:   Dev-Automation (0DF73D61-A23F-47EA-B727-89E90C41499A): 1
LogDevObjectVersion:   FortniteMain (601D1886-AC64-4F84-AA16-D3DE0DEAC7D6): 47
LogDevObjectVersion:   FortniteRelease (E7086368-6B23-4C58-8439-1B7016265E91): 1
LogDevObjectVersion:   Dev-Enterprise (9DFFBCD6-494F-0158-E221-12823C92A888): 10
LogDevObjectVersion:   Dev-Niagara (F2AED0AC-9AFE-416F-8664-AA7FFA26D6FC): 1
LogDevObjectVersion:   Dev-Destruction (174F1F0B-B4C6-45A5-B13F-2EE8D0FB917D): 10
LogDevObjectVersion:   Dev-Physics-Ext (35F94A83-E258-406C-A318-09F59610247C): 41
LogDevObjectVersion:   Dev-PhysicsMaterial-Chaos (B68FC16E-8B1B-42E2-B453-215C058844FE): 1
LogDevObjectVersion:   Dev-CineCamera (B2E18506-4273-CFC2-A54E-F4BB758BBA07): 1
LogDevObjectVersion:   Dev-VirtualProduction (64F58936-FD1B-42BA-BA96-7289D5D0FA4E): 1
LogDevObjectVersion:   Dev-MediaFramework (6F0ED827-A609-4895-9C91-998D90180EA4): 2
LogInit: Presizing for max 25165824 objects, including 0 objects not considered by GC, pre-allocating 0 bytes for permanent pool.
LogConfig: Applying CVar settings from Section [/Script/Engine.StreamingSettings] File [D:/GitHub/GAME259-2022-A/GAME259_A_URE/Saved/Config/Windows/Engine.ini]
LogConfig: Setting CVar [[s.MinBulkDataSizeForAsyncLoading:131072]]
LogConfig: Setting CVar [[s.AsyncLoadingThreadEnabled:0]]
LogConfig: Setting CVar [[s.EventDrivenLoaderEnabled:1]]
LogConfig: Setting CVar [[s.WarnIfTimeLimitExceeded:0]]
LogConfig: Setting CVar [[s.TimeLimitExceededMultiplier:1.5]]
LogConfig: Setting CVar [[s.TimeLimitExceededMinTime:0.005]]
LogConfig: Setting CVar [[s.UseBackgroundLevelStreaming:1]]
LogConfig: Setting CVar [[s.PriorityAsyncLoadingExtraTime:15.0]]
LogConfig: Setting CVar [[s.LevelStreamingActorsUpdateTimeLimit:5.0]]
LogConfig: Setting CVar [[s.PriorityLevelStreamingActorsUpdateExtraTime:5.0]]
LogConfig: Setting CVar [[s.LevelStreamingComponentsRegistrationGranularity:10]]
LogConfig: Setting CVar [[s.UnregisterComponentsTimeLimit:1.0]]
LogConfig: Setting CVar [[s.LevelStreamingComponentsUnregistrationGranularity:5]]
LogConfig: Setting CVar [[s.FlushStreamingOnExit:1]]
LogInit: Object subsystem initialized
LogConfig: Setting CVar [[con.DebugEarlyDefault:1]]
LogConfig: Setting CVar [[r.setres:1280x720]]
[2022.02.26-22.47.54:227][  0]LogConfig: Setting CVar [[con.DebugEarlyDefault:1]]
[2022.02.26-22.47.54:227][  0]LogConfig: Setting CVar [[r.setres:1280x720]]
[2022.02.26-22.47.54:227][  0]LogConfig: Applying CVar settings from Section [/Script/Engine.RendererSettings] File [D:/GitHub/GAME259-2022-A/GAME259_A_URE/Saved/Config/Windows/Engine.ini]
[2022.02.26-22.47.54:227][  0]LogConfig: Setting CVar [[r.GPUCrashDebugging:0]]
[2022.02.26-22.47.54:227][  0]LogConfig: Applying CVar settings from Section [/Script/Engine.RendererOverrideSettings] File [D:/GitHub/GAME259-2022-A/GAME259_A_URE/Saved/Config/Windows/Engine.ini]
[2022.02.26-22.47.54:227][  0]LogConfig: Applying CVar settings from Section [/Script/Engine.StreamingSettings] File [D:/GitHub/GAME259-2022-A/GAME259_A_URE/Saved/Config/Windows/Engine.ini]
[2022.02.26-22.47.54:227][  0]LogConfig: Setting CVar [[s.MinBulkDataSizeForAsyncLoading:131072]]
[2022.02.26-22.47.54:227][  0]LogConfig: Setting CVar [[s.AsyncLoadingThreadEnabled:0]]
[2022.02.26-22.47.54:227][  0]LogConfig: Setting CVar [[s.EventDrivenLoaderEnabled:1]]
[2022.02.26-22.47.54:227][  0]LogConfig: Setting CVar [[s.WarnIfTimeLimitExceeded:0]]
[2022.02.26-22.47.54:227][  0]LogConfig: Setting CVar [[s.TimeLimitExceededMultiplier:1.5]]
[2022.02.26-22.47.54:227][  0]LogConfig: Setting CVar [[s.TimeLimitExceededMinTime:0.005]]
[2022.02.26-22.47.54:227][  0]LogConfig: Setting CVar [[s.UseBackgroundLevelStreaming:1]]
[2022.02.26-22.47.54:227][  0]LogConfig: Setting CVar [[s.PriorityAsyncLoadingExtraTime:15.0]]
[2022.02.26-22.47.54:227][  0]LogConfig: Setting CVar [[s.LevelStreamingActorsUpdateTimeLimit:5.0]]
[2022.02.26-22.47.54:227][  0]LogConfig: Setting CVar [[s.PriorityLevelStreamingActorsUpdateExtraTime:5.0]]
[2022.02.26-22.47.54:227][  0]LogConfig: Setting CVar [[s.LevelStreamingComponentsRegistrationGranularity:10]]
[2022.02.26-22.47.54:227][  0]LogConfig: Setting CVar [[s.UnregisterComponentsTimeLimit:1.0]]
[2022.02.26-22.47.54:227][  0]LogConfig: Setting CVar [[s.LevelStreamingComponentsUnregistrationGranularity:5]]
[2022.02.26-22.47.54:227][  0]LogConfig: Setting CVar [[s.FlushStreamingOnExit:1]]
[2022.02.26-22.47.54:227][  0]LogConfig: Applying CVar settings from Section [/Script/Engine.GarbageCollectionSettings] File [D:/GitHub/GAME259-2022-A/GAME259_A_URE/Saved/Config/Windows/Engine.ini]
[2022.02.26-22.47.54:227][  0]LogConfig: Setting CVar [[gc.MaxObjectsNotConsideredByGC:1]]
[2022.02.26-22.47.54:227][  0]LogConfig: Setting CVar [[gc.SizeOfPermanentObjectPool:0]]
[2022.02.26-22.47.54:227][  0]LogConfig: Setting CVar [[gc.FlushStreamingOnGC:0]]
[2022.02.26-22.47.54:227][  0]LogConfig: Setting CVar [[gc.NumRetriesBeforeForcingGC:10]]
[2022.02.26-22.47.54:227][  0]LogConfig: Setting CVar [[gc.AllowParallelGC:1]]
[2022.02.26-22.47.54:227][  0]LogConfig: Setting CVar [[gc.TimeBetweenPurgingPendingKillObjects:61.1]]
[2022.02.26-22.47.54:227][  0]LogConfig: Setting CVar [[gc.MaxObjectsInEditor:25165824]]
[2022.02.26-22.47.54:227][  0]LogConfig: Setting CVar [[gc.IncrementalBeginDestroyEnabled:1]]
[2022.02.26-22.47.54:227][  0]LogConfig: Setting CVar [[gc.CreateGCClusters:1]]
[2022.02.26-22.47.54:227][  0]LogConfig: Setting CVar [[gc.MinGCClusterSize:5]]
[2022.02.26-22.47.54:227][  0]LogConfig: Setting CVar [[gc.ActorClusteringEnabled:0]]
[2022.02.26-22.47.54:227][  0]LogConfig: Setting CVar [[gc.BlueprintClusteringEnabled:0]]
[2022.02.26-22.47.54:227][  0]LogConfig: Setting CVar [[gc.UseDisregardForGCOnDedicatedServers:0]]
[2022.02.26-22.47.54:227][  0]LogConfig: Setting CVar [[gc.MultithreadedDestructionEnabled:1]]
[2022.02.26-22.47.54:227][  0]LogConfig: Applying CVar settings from Section [/Script/Engine.NetworkSettings] File [D:/GitHub/GAME259-2022-A/GAME259_A_URE/Saved/Config/Windows/Engine.ini]
[2022.02.26-22.47.54:227][  0]LogConfig: Applying CVar settings from Section [/Script/UnrealEd.CookerSettings] File [D:/GitHub/GAME259-2022-A/GAME259_A_URE/Saved/Config/Windows/Engine.ini]
[2022.02.26-22.47.54:242][  0]LogConfig: Applying CVar settings from Section [ViewDistanceQuality@3] File [D:/GitHub/GAME259-2022-A/GAME259_A_URE/Saved/Config/Windows/Scalability.ini]
[2022.02.26-22.47.54:242][  0]LogConfig: Setting CVar [[r.SkeletalMeshLODBias:0]]
[2022.02.26-22.47.54:242][  0]LogConfig: Setting CVar [[r.ViewDistanceScale:1.0]]
[2022.02.26-22.47.54:242][  0]LogConfig: Applying CVar settings from Section [AntiAliasingQuality@3] File [D:/GitHub/GAME259-2022-A/GAME259_A_URE/Saved/Config/Windows/Scalability.ini]
[2022.02.26-22.47.54:242][  0]LogConfig: Setting CVar [[r.PostProcessAAQuality:4]]
[2022.02.26-22.47.54:242][  0]LogConfig: Applying CVar settings from Section [ShadowQuality@3] File [D:/GitHub/GAME259-2022-A/GAME259_A_URE/Saved/Config/Windows/Scalability.ini]
[2022.02.26-22.47.54:242][  0]LogConfig: Setting CVar [[r.LightFunctionQuality:1]]
[2022.02.26-22.47.54:242][  0]LogConfig: Setting CVar [[r.ShadowQuality:5]]
[2022.02.26-22.47.54:243][  0]LogConfig: Setting CVar [[r.Shadow.CSM.MaxCascades:10]]
[2022.02.26-22.47.54:243][  0]LogConfig: Setting CVar [[r.Shadow.MaxResolution:2048]]
[2022.02.26-22.47.54:243][  0]LogConfig: Setting CVar [[r.Shadow.MaxCSMResolution:2048]]
[2022.02.26-22.47.54:243][  0]LogConfig: Setting CVar [[r.Shadow.RadiusThreshold:0.01]]
[2022.02.26-22.47.54:243][  0]LogConfig: Setting CVar [[r.Shadow.DistanceScale:1.0]]
[2022.02.26-22.47.54:243][  0]LogConfig: Setting CVar [[r.Shadow.CSM.TransitionScale:1.0]]
[2022.02.26-22.47.54:243][  0]LogConfig: Setting CVar [[r.Shadow.PreShadowResolutionFactor:1.0]]
[2022.02.26-22.47.54:243][  0]LogConfig: Setting CVar [[r.DistanceFieldShadowing:1]]
[2022.02.26-22.47.54:243][  0]LogConfig: Setting CVar [[r.DistanceFieldAO:1]]
[2022.02.26-22.47.54:243][  0]LogConfig: Setting CVar [[r.AOQuality:2]]
[2022.02.26-22.47.54:243][  0]LogConfig: Setting CVar [[r.VolumetricFog:1]]
[2022.02.26-22.47.54:243][  0]LogConfig: Setting CVar [[r.VolumetricFog.GridPixelSize:8]]
[2022.02.26-22.47.54:243][  0]LogConfig: Setting CVar [[r.VolumetricFog.GridSizeZ:128]]
[2022.02.26-22.47.54:243][  0]LogConfig: Setting CVar [[r.VolumetricFog.HistoryMissSupersampleCount:4]]
[2022.02.26-22.47.54:243][  0]LogConfig: Setting CVar [[r.LightMaxDrawDistanceScale:1]]
[2022.02.26-22.47.54:243][  0]LogConfig: Setting CVar [[r.CapsuleShadows:1]]
[2022.02.26-22.47.54:243][  0]LogConfig: Applying CVar settings from Section [PostProcessQuality@3] File [D:/GitHub/GAME259-2022-A/GAME259_A_URE/Saved/Config/Windows/Scalability.ini]
[2022.02.26-22.47.54:243][  0]LogConfig: Setting CVar [[r.MotionBlurQuality:4]]
[2022.02.26-22.47.54:243][  0]LogConfig: Setting CVar [[r.AmbientOcclusionMipLevelFactor:0.4]]
[2022.02.26-22.47.54:243][  0]LogConfig: Setting CVar [[r.AmbientOcclusionMaxQuality:100]]
[2022.02.26-22.47.54:243][  0]LogConfig: Setting CVar [[r.AmbientOcclusionLevels:-1]]
[2022.02.26-22.47.54:243][  0]LogConfig: Setting CVar [[r.AmbientOcclusionRadiusScale:1.0]]
[2022.02.26-22.47.54:243][  0]LogConfig: Setting CVar [[r.DepthOfFieldQuality:2]]
[2022.02.26-22.47.54:243][  0]LogConfig: Setting CVar [[r.RenderTargetPoolMin:400]]
[2022.02.26-22.47.54:243][  0]LogConfig: Setting CVar [[r.LensFlareQuality:2]]
[2022.02.26-22.47.54:243][  0]LogConfig: Setting CVar [[r.SceneColorFringeQuality:1]]
[2022.02.26-22.47.54:243][  0]LogConfig: Setting CVar [[r.EyeAdaptationQuality:2]]
[2022.02.26-22.47.54:243][  0]LogConfig: Setting CVar [[r.BloomQuality:5]]
[2022.02.26-22.47.54:243][  0]LogConfig: Setting CVar [[r.FastBlurThreshold:100]]
[2022.02.26-22.47.54:243][  0]LogConfig: Setting CVar [[r.Upscale.Quality:3]]
[2022.02.26-22.47.54:243][  0]LogConfig: Setting CVar [[r.Tonemapper.GrainQuantization:1]]
[2022.02.26-22.47.54:243][  0]LogConfig: Setting CVar [[r.LightShaftQuality:1]]
[2022.02.26-22.47.54:243][  0]LogConfig: Setting CVar [[r.Filter.SizeScale:1]]
[2022.02.26-22.47.54:243][  0]LogConfig: Setting CVar [[r.Tonemapper.Quality:5]]
[2022.02.26-22.47.54:243][  0]LogConfig: Setting CVar [[r.DOF.Gather.AccumulatorQuality:1        ; higher gathering accumulator quality]]
[2022.02.26-22.47.54:243][  0]LogConfig: Setting CVar [[r.DOF.Gather.PostfilterMethod:1          ; Median3x3 postfilering method]]
[2022.02.26-22.47.54:243][  0]LogConfig: Setting CVar [[r.DOF.Gather.EnableBokehSettings:0       ; no bokeh simulation when gathering]]
[2022.02.26-22.47.54:243][  0]LogConfig: Setting CVar [[r.DOF.Gather.RingCount:4                 ; medium number of samples when gathering]]
[2022.02.26-22.47.54:243][  0]LogConfig: Setting CVar [[r.DOF.Scatter.ForegroundCompositing:1    ; additive foreground scattering]]
[2022.02.26-22.47.54:243][  0]LogConfig: Setting CVar [[r.DOF.Scatter.BackgroundCompositing:2    ; additive background scattering]]
[2022.02.26-22.47.54:243][  0]LogConfig: Setting CVar [[r.DOF.Scatter.EnableBokehSettings:1      ; bokeh simulation when scattering]]
[2022.02.26-22.47.54:243][  0]LogConfig: Setting CVar [[r.DOF.Scatter.MaxSpriteRatio:0.1         ; only a maximum of 10% of scattered bokeh]]
[2022.02.26-22.47.54:243][  0]LogConfig: Setting CVar [[r.DOF.Recombine.Quality:1                ; cheap slight out of focus]]
[2022.02.26-22.47.54:243][  0]LogConfig: Setting CVar [[r.DOF.Recombine.EnableBokehSettings:0    ; no bokeh simulation on slight out of focus]]
[2022.02.26-22.47.54:243][  0]LogConfig: Setting CVar [[r.DOF.TemporalAAQuality:1                ; more stable temporal accumulation]]
[2022.02.26-22.47.54:243][  0]LogConfig: Setting CVar [[r.DOF.Kernel.MaxForegroundRadius:0.025]]
[2022.02.26-22.47.54:243][  0]LogConfig: Setting CVar [[r.DOF.Kernel.MaxBackgroundRadius:0.025]]
[2022.02.26-22.47.54:243][  0]LogConfig: Applying CVar settings from Section [TextureQuality@3] File [D:/GitHub/GAME259-2022-A/GAME259_A_URE/Saved/Config/Windows/Scalability.ini]
[2022.02.26-22.47.54:243][  0]LogConfig: Setting CVar [[r.Streaming.MipBias:0]]
[2022.02.26-22.47.54:243][  0]LogConfig: Setting CVar [[r.Streaming.AmortizeCPUToGPUCopy:0]]
[2022.02.26-22.47.54:243][  0]LogConfig: Setting CVar [[r.Streaming.MaxNumTexturesToStreamPerFrame:0]]
[2022.02.26-22.47.54:243][  0]LogConfig: Setting CVar [[r.Streaming.Boost:1]]
[2022.02.26-22.47.54:243][  0]LogConfig: Setting CVar [[r.MaxAnisotropy:8]]
[2022.02.26-22.47.54:243][  0]LogConfig: Setting CVar [[r.VT.MaxAnisotropy:8]]
[2022.02.26-22.47.54:243][  0]LogConfig: Setting CVar [[r.Streaming.LimitPoolSizeToVRAM:0]]
[2022.02.26-22.47.54:243][  0]LogConfig: Setting CVar [[r.Streaming.PoolSize:1000]]
[2022.02.26-22.47.54:243][  0]LogConfig: Setting CVar [[r.Streaming.MaxEffectiveScreenSize:0]]
[2022.02.26-22.47.54:243][  0]LogConfig: Applying CVar settings from Section [EffectsQuality@3] File [D:/GitHub/GAME259-2022-A/GAME259_A_URE/Saved/Config/Windows/Scalability.ini]
[2022.02.26-22.47.54:243][  0]LogConfig: Setting CVar [[r.TranslucencyLightingVolumeDim:64]]
[2022.02.26-22.47.54:243][  0]LogConfig: Setting CVar [[r.RefractionQuality:2]]
[2022.02.26-22.47.54:243][  0]LogConfig: Setting CVar [[r.SSR.Quality:3]]
[2022.02.26-22.47.54:243][  0]LogConfig: Setting CVar [[r.SSR.HalfResSceneColor:0]]
[2022.02.26-22.47.54:243][  0]LogConfig: Setting CVar [[r.SceneColorFormat:4]]
[2022.02.26-22.47.54:243][  0]LogConfig: Setting CVar [[r.DetailMode:2]]
[2022.02.26-22.47.54:243][  0]LogConfig: Setting CVar [[r.TranslucencyVolumeBlur:1]]
[2022.02.26-22.47.54:243][  0]LogConfig: Setting CVar [[r.MaterialQualityLevel:1 ; High quality]]
[2022.02.26-22.47.54:243][  0]LogConfig: Setting CVar [[r.AnisotropicMaterials:1]]
[2022.02.26-22.47.54:243][  0]LogConfig: Setting CVar [[r.SSS.Scale:1]]
[2022.02.26-22.47.54:243][  0]LogConfig: Setting CVar [[r.SSS.SampleSet:2]]
[2022.02.26-22.47.54:243][  0]LogConfig: Setting CVar [[r.SSS.Quality:1]]
[2022.02.26-22.47.54:243][  0]LogConfig: Setting CVar [[r.SSS.HalfRes:0]]
[2022.02.26-22.47.54:243][  0]LogConfig: Setting CVar [[r.SSGI.Quality:3]]
[2022.02.26-22.47.54:243][  0]LogConfig: Setting CVar [[r.EmitterSpawnRateScale:1.0]]
[2022.02.26-22.47.54:243][  0]LogConfig: Setting CVar [[r.ParticleLightQuality:2]]
[2022.02.26-22.47.54:243][  0]LogConfig: Setting CVar [[r.SkyAtmosphere.AerialPerspectiveLUT.FastApplyOnOpaque:1 ; Always have FastSkyLUT 1 in this case to avoid wrong sky]]
[2022.02.26-22.47.54:243][  0]LogConfig: Setting CVar [[r.SkyAtmosphere.AerialPerspectiveLUT.SampleCountMaxPerSlice:4]]
[2022.02.26-22.47.54:243][  0]LogConfig: Setting CVar [[r.SkyAtmosphere.AerialPerspectiveLUT.DepthResolution:16.0]]
[2022.02.26-22.47.54:243][  0]LogConfig: Setting CVar [[r.SkyAtmosphere.FastSkyLUT:1]]
[2022.02.26-22.47.54:243][  0]LogConfig: Setting CVar [[r.SkyAtmosphere.FastSkyLUT.SampleCountMin:4.0]]
[2022.02.26-22.47.54:243][  0]LogConfig: Setting CVar [[r.SkyAtmosphere.FastSkyLUT.SampleCountMax:128.0]]
[2022.02.26-22.47.54:243][  0]LogConfig: Setting CVar [[r.SkyAtmosphere.SampleCountMin:4.0]]
[2022.02.26-22.47.54:243][  0]LogConfig: Setting CVar [[r.SkyAtmosphere.SampleCountMax:128.0]]
[2022.02.26-22.47.54:243][  0]LogConfig: Setting CVar [[r.SkyAtmosphere.TransmittanceLUT.UseSmallFormat:0]]
[2022.02.26-22.47.54:243][  0]LogConfig: Setting CVar [[r.SkyAtmosphere.TransmittanceLUT.SampleCount:10.0]]
[2022.02.26-22.47.54:243][  0]LogConfig: Setting CVar [[r.SkyAtmosphere.MultiScatteringLUT.SampleCount:15.0]]
[2022.02.26-22.47.54:243][  0]LogConfig: Setting CVar [[r.SkyLight.RealTimeReflectionCapture:1]]
[2022.02.26-22.47.54:243][  0]LogConfig: Applying CVar settings from Section [FoliageQuality@3] File [D:/GitHub/GAME259-2022-A/GAME259_A_URE/Saved/Config/Windows/Scalability.ini]
[2022.02.26-22.47.54:243][  0]LogConfig: Setting CVar [[foliage.DensityScale:1.0]]
[2022.02.26-22.47.54:243][  0]LogConfig: Setting CVar [[grass.DensityScale:1.0]]
[2022.02.26-22.47.54:243][  0]LogConfig: Applying CVar settings from Section [ShadingQuality@3] File [D:/GitHub/GAME259-2022-A/GAME259_A_URE/Saved/Config/Windows/Scalability.ini]
[2022.02.26-22.47.54:243][  0]LogConfig: Setting CVar [[r.HairStrands.SkyLighting.IntegrationType:2]]
[2022.02.26-22.47.54:243][  0]LogConfig: Setting CVar [[r.HairStrands.SkyAO.SampleCount:4]]
[2022.02.26-22.47.54:243][  0]LogConfig: Setting CVar [[r.HairStrands.Visibility.MSAA.SamplePerPixel:4]]
[2022.02.26-22.47.54:243][  0]LogInit: Selected Device Profile: [Windows]
[2022.02.26-22.47.54:243][  0]LogInit: Applying CVar settings loaded from the selected device profile: [Windows]
[2022.02.26-22.47.54:243][  0]LogHAL: Display: Platform has ~ 16 GB [17089699840 / 17179869184 / 16], which maps to Larger [LargestMinGB=32, LargerMinGB=12, DefaultMinGB=8, SmallerMinGB=6, SmallestMinGB=0)
[2022.02.26-22.47.54:243][  0]LogInit: Going up to parent DeviceProfile []
[2022.02.26-22.47.54:243][  0]LogConfig: Applying CVar settings from Section [ViewDistanceQuality@3] File [D:/GitHub/GAME259-2022-A/GAME259_A_URE/Saved/Config/Windows/Scalability.ini]
[2022.02.26-22.47.54:243][  0]LogConfig: Setting CVar [[r.SkeletalMeshLODBias:0]]
[2022.02.26-22.47.54:243][  0]LogConfig: Setting CVar [[r.ViewDistanceScale:1.0]]
[2022.02.26-22.47.54:243][  0]LogConfig: Applying CVar settings from Section [AntiAliasingQuality@3] File [D:/GitHub/GAME259-2022-A/GAME259_A_URE/Saved/Config/Windows/Scalability.ini]
[2022.02.26-22.47.54:244][  0]LogConfig: Setting CVar [[r.PostProcessAAQuality:4]]
[2022.02.26-22.47.54:244][  0]LogConfig: Applying CVar settings from Section [ShadowQuality@3] File [D:/GitHub/GAME259-2022-A/GAME259_A_URE/Saved/Config/Windows/Scalability.ini]
[2022.02.26-22.47.54:244][  0]LogConfig: Setting CVar [[r.LightFunctionQuality:1]]
[2022.02.26-22.47.54:244][  0]LogConfig: Setting CVar [[r.ShadowQuality:5]]
[2022.02.26-22.47.54:244][  0]LogConfig: Setting CVar [[r.Shadow.CSM.MaxCascades:10]]
[2022.02.26-22.47.54:244][  0]LogConfig: Setting CVar [[r.Shadow.MaxResolution:2048]]
[2022.02.26-22.47.54:244][  0]LogConfig: Setting CVar [[r.Shadow.MaxCSMResolution:2048]]
[2022.02.26-22.47.54:244][  0]LogConfig: Setting CVar [[r.Shadow.RadiusThreshold:0.01]]
[2022.02.26-22.47.54:244][  0]LogConfig: Setting CVar [[r.Shadow.DistanceScale:1.0]]
[2022.02.26-22.47.54:244][  0]LogConfig: Setting CVar [[r.Shadow.CSM.TransitionScale:1.0]]
[2022.02.26-22.47.54:244][  0]LogConfig: Setting CVar [[r.Shadow.PreShadowResolutionFactor:1.0]]
[2022.02.26-22.47.54:244][  0]LogConfig: Setting CVar [[r.DistanceFieldShadowing:1]]
[2022.02.26-22.47.54:244][  0]LogConfig: Setting CVar [[r.DistanceFieldAO:1]]
[2022.02.26-22.47.54:244][  0]LogConfig: Setting CVar [[r.AOQuality:2]]
[2022.02.26-22.47.54:244][  0]LogConfig: Setting CVar [[r.VolumetricFog:1]]
[2022.02.26-22.47.54:244][  0]LogConfig: Setting CVar [[r.VolumetricFog.GridPixelSize:8]]
[2022.02.26-22.47.54:244][  0]LogConfig: Setting CVar [[r.VolumetricFog.GridSizeZ:128]]
[2022.02.26-22.47.54:244][  0]LogConfig: Setting CVar [[r.VolumetricFog.HistoryMissSupersampleCount:4]]
[2022.02.26-22.47.54:244][  0]LogConfig: Setting CVar [[r.LightMaxDrawDistanceScale:1]]
[2022.02.26-22.47.54:244][  0]LogConfig: Setting CVar [[r.CapsuleShadows:1]]
[2022.02.26-22.47.54:244][  0]LogConfig: Applying CVar settings from Section [PostProcessQuality@3] File [D:/GitHub/GAME259-2022-A/GAME259_A_URE/Saved/Config/Windows/Scalability.ini]
[2022.02.26-22.47.54:244][  0]LogConfig: Setting CVar [[r.MotionBlurQuality:4]]
[2022.02.26-22.47.54:244][  0]LogConfig: Setting CVar [[r.AmbientOcclusionMipLevelFactor:0.4]]
[2022.02.26-22.47.54:244][  0]LogConfig: Setting CVar [[r.AmbientOcclusionMaxQuality:100]]
[2022.02.26-22.47.54:244][  0]LogConfig: Setting CVar [[r.AmbientOcclusionLevels:-1]]
[2022.02.26-22.47.54:244][  0]LogConfig: Setting CVar [[r.AmbientOcclusionRadiusScale:1.0]]
[2022.02.26-22.47.54:244][  0]LogConfig: Setting CVar [[r.DepthOfFieldQuality:2]]
[2022.02.26-22.47.54:244][  0]LogConfig: Setting CVar [[r.RenderTargetPoolMin:400]]
[2022.02.26-22.47.54:244][  0]LogConfig: Setting CVar [[r.LensFlareQuality:2]]
[2022.02.26-22.47.54:244][  0]LogConfig: Setting CVar [[r.SceneColorFringeQuality:1]]
[2022.02.26-22.47.54:244][  0]LogConfig: Setting CVar [[r.EyeAdaptationQuality:2]]
[2022.02.26-22.47.54:244][  0]LogConfig: Setting CVar [[r.BloomQuality:5]]
[2022.02.26-22.47.54:244][  0]LogConfig: Setting CVar [[r.FastBlurThreshold:100]]
[2022.02.26-22.47.54:244][  0]LogConfig: Setting CVar [[r.Upscale.Quality:3]]
[2022.02.26-22.47.54:244][  0]LogConfig: Setting CVar [[r.Tonemapper.GrainQuantization:1]]
[2022.02.26-22.47.54:244][  0]LogConfig: Setting CVar [[r.LightShaftQuality:1]]
[2022.02.26-22.47.54:244][  0]LogConfig: Setting CVar [[r.Filter.SizeScale:1]]
[2022.02.26-22.47.54:244][  0]LogConfig: Setting CVar [[r.Tonemapper.Quality:5]]
[2022.02.26-22.47.54:244][  0]LogConfig: Setting CVar [[r.DOF.Gather.AccumulatorQuality:1        ; higher gathering accumulator quality]]
[2022.02.26-22.47.54:244][  0]LogConfig: Setting CVar [[r.DOF.Gather.PostfilterMethod:1          ; Median3x3 postfilering method]]
[2022.02.26-22.47.54:244][  0]LogConfig: Setting CVar [[r.DOF.Gather.EnableBokehSettings:0       ; no bokeh simulation when gathering]]
[2022.02.26-22.47.54:244][  0]LogConfig: Setting CVar [[r.DOF.Gather.RingCount:4                 ; medium number of samples when gathering]]
[2022.02.26-22.47.54:244][  0]LogConfig: Setting CVar [[r.DOF.Scatter.ForegroundCompositing:1    ; additive foreground scattering]]
[2022.02.26-22.47.54:244][  0]LogConfig: Setting CVar [[r.DOF.Scatter.BackgroundCompositing:2    ; additive background scattering]]
[2022.02.26-22.47.54:244][  0]LogConfig: Setting CVar [[r.DOF.Scatter.EnableBokehSettings:1      ; bokeh simulation when scattering]]
[2022.02.26-22.47.54:244][  0]LogConfig: Setting CVar [[r.DOF.Scatter.MaxSpriteRatio:0.1         ; only a maximum of 10% of scattered bokeh]]
[2022.02.26-22.47.54:244][  0]LogConfig: Setting CVar [[r.DOF.Recombine.Quality:1                ; cheap slight out of focus]]
[2022.02.26-22.47.54:244][  0]LogConfig: Setting CVar [[r.DOF.Recombine.EnableBokehSettings:0    ; no bokeh simulation on slight out of focus]]
[2022.02.26-22.47.54:244][  0]LogConfig: Setting CVar [[r.DOF.TemporalAAQuality:1                ; more stable temporal accumulation]]
[2022.02.26-22.47.54:244][  0]LogConfig: Setting CVar [[r.DOF.Kernel.MaxForegroundRadius:0.025]]
[2022.02.26-22.47.54:244][  0]LogConfig: Setting CVar [[r.DOF.Kernel.MaxBackgroundRadius:0.025]]
[2022.02.26-22.47.54:244][  0]LogConfig: Applying CVar settings from Section [TextureQuality@1] File [D:/GitHub/GAME259-2022-A/GAME259_A_URE/Saved/Config/Windows/Scalability.ini]
[2022.02.26-22.47.54:244][  0]LogConfig: Setting CVar [[r.Streaming.MipBias:1]]
[2022.02.26-22.47.54:244][  0]LogConfig: Setting CVar [[r.Streaming.AmortizeCPUToGPUCopy:0]]
[2022.02.26-22.47.54:244][  0]LogConfig: Setting CVar [[r.Streaming.MaxNumTexturesToStreamPerFrame:0]]
[2022.02.26-22.47.54:244][  0]LogConfig: Setting CVar [[r.Streaming.Boost:1]]
[2022.02.26-22.47.54:244][  0]LogConfig: Setting CVar [[r.MaxAnisotropy:2]]
[2022.02.26-22.47.54:244][  0]LogConfig: Setting CVar [[r.VT.MaxAnisotropy:4]]
[2022.02.26-22.47.54:244][  0]LogConfig: Setting CVar [[r.Streaming.LimitPoolSizeToVRAM:1]]
[2022.02.26-22.47.54:244][  0]LogConfig: Setting CVar [[r.Streaming.PoolSize:600]]
[2022.02.26-22.47.54:244][  0]LogConfig: Setting CVar [[r.Streaming.MaxEffectiveScreenSize:0]]
[2022.02.26-22.47.54:244][  0]LogConfig: Applying CVar settings from Section [EffectsQuality@3] File [D:/GitHub/GAME259-2022-A/GAME259_A_URE/Saved/Config/Windows/Scalability.ini]
[2022.02.26-22.47.54:244][  0]LogConfig: Setting CVar [[r.TranslucencyLightingVolumeDim:64]]
[2022.02.26-22.47.54:244][  0]LogConfig: Setting CVar [[r.RefractionQuality:2]]
[2022.02.26-22.47.54:244][  0]LogConfig: Setting CVar [[r.SSR.Quality:3]]
[2022.02.26-22.47.54:244][  0]LogConfig: Setting CVar [[r.SSR.HalfResSceneColor:0]]
[2022.02.26-22.47.54:244][  0]LogConfig: Setting CVar [[r.SceneColorFormat:4]]
[2022.02.26-22.47.54:244][  0]LogConfig: Setting CVar [[r.DetailMode:2]]
[2022.02.26-22.47.54:244][  0]LogConfig: Setting CVar [[r.TranslucencyVolumeBlur:1]]
[2022.02.26-22.47.54:244][  0]LogConfig: Setting CVar [[r.MaterialQualityLevel:1 ; High quality]]
[2022.02.26-22.47.54:244][  0]LogConfig: Setting CVar [[r.AnisotropicMaterials:1]]
[2022.02.26-22.47.54:244][  0]LogConfig: Setting CVar [[r.SSS.Scale:1]]
[2022.02.26-22.47.54:244][  0]LogConfig: Setting CVar [[r.SSS.SampleSet:2]]
[2022.02.26-22.47.54:244][  0]LogConfig: Setting CVar [[r.SSS.Quality:1]]
[2022.02.26-22.47.54:244][  0]LogConfig: Setting CVar [[r.SSS.HalfRes:0]]
[2022.02.26-22.47.54:244][  0]LogConfig: Setting CVar [[r.SSGI.Quality:3]]
[2022.02.26-22.47.54:244][  0]LogConfig: Setting CVar [[r.EmitterSpawnRateScale:1.0]]
[2022.02.26-22.47.54:244][  0]LogConfig: Setting CVar [[r.ParticleLightQuality:2]]
[2022.02.26-22.47.54:244][  0]LogConfig: Setting CVar [[r.SkyAtmosphere.AerialPerspectiveLUT.FastApplyOnOpaque:1 ; Always have FastSkyLUT 1 in this case to avoid wrong sky]]
[2022.02.26-22.47.54:244][  0]LogConfig: Setting CVar [[r.SkyAtmosphere.AerialPerspectiveLUT.SampleCountMaxPerSlice:4]]
[2022.02.26-22.47.54:244][  0]LogConfig: Setting CVar [[r.SkyAtmosphere.AerialPerspectiveLUT.DepthResolution:16.0]]
[2022.02.26-22.47.54:244][  0]LogConfig: Setting CVar [[r.SkyAtmosphere.FastSkyLUT:1]]
[2022.02.26-22.47.54:244][  0]LogConfig: Setting CVar [[r.SkyAtmosphere.FastSkyLUT.SampleCountMin:4.0]]
[2022.02.26-22.47.54:244][  0]LogConfig: Setting CVar [[r.SkyAtmosphere.FastSkyLUT.SampleCountMax:128.0]]
[2022.02.26-22.47.54:244][  0]LogConfig: Setting CVar [[r.SkyAtmosphere.SampleCountMin:4.0]]
[2022.02.26-22.47.54:244][  0]LogConfig: Setting CVar [[r.SkyAtmosphere.SampleCountMax:128.0]]
[2022.02.26-22.47.54:244][  0]LogConfig: Setting CVar [[r.SkyAtmosphere.TransmittanceLUT.UseSmallFormat:0]]
[2022.02.26-22.47.54:244][  0]LogConfig: Setting CVar [[r.SkyAtmosphere.TransmittanceLUT.SampleCount:10.0]]
[2022.02.26-22.47.54:244][  0]LogConfig: Setting CVar [[r.SkyAtmosphere.MultiScatteringLUT.SampleCount:15.0]]
[2022.02.26-22.47.54:244][  0]LogConfig: Setting CVar [[r.SkyLight.RealTimeReflectionCapture:1]]
[2022.02.26-22.47.54:244][  0]LogConfig: Applying CVar settings from Section [FoliageQuality@3] File [D:/GitHub/GAME259-2022-A/GAME259_A_URE/Saved/Config/Windows/Scalability.ini]
[2022.02.26-22.47.54:244][  0]LogConfig: Setting CVar [[foliage.DensityScale:1.0]]
[2022.02.26-22.47.54:244][  0]LogConfig: Setting CVar [[grass.DensityScale:1.0]]
[2022.02.26-22.47.54:244][  0]LogConfig: Applying CVar settings from Section [ShadingQuality@3] File [D:/GitHub/GAME259-2022-A/GAME259_A_URE/Saved/Config/Windows/Scalability.ini]
[2022.02.26-22.47.54:244][  0]LogConfig: Setting CVar [[r.HairStrands.SkyLighting.IntegrationType:2]]
[2022.02.26-22.47.54:244][  0]LogConfig: Setting CVar [[r.HairStrands.SkyAO.SampleCount:4]]
[2022.02.26-22.47.54:244][  0]LogConfig: Setting CVar [[r.HairStrands.Visibility.MSAA.SamplePerPixel:4]]
[2022.02.26-22.47.54:244][  0]LogConfig: Applying CVar settings from Section [Startup] File [../../../Engine/Config/ConsoleVariables.ini]
[2022.02.26-22.47.54:245][  0]LogConfig: Setting CVar [[net.UseAdaptiveNetUpdateFrequency:0]]
[2022.02.26-22.47.54:245][  0]LogConfig: Setting CVar [[p.chaos.AllowCreatePhysxBodies:1]]
[2022.02.26-22.47.54:245][  0]LogConfig: Setting CVar [[fx.SkipVectorVMBackendOptimizations:1]]
[2022.02.26-22.47.54:245][  0]LogConfig: Applying CVar settings from Section [ConsoleVariables] File [D:/GitHub/GAME259-2022-A/GAME259_A_URE/Saved/Config/Windows/Engine.ini]
[2022.02.26-22.47.54:245][  0]LogConfig: Applying CVar settings from Section [ConsoleVariables] File [D:/GitHub/GAME259-2022-A/GAME259_A_URE/Saved/Config/Windows/Editor.ini]
[2022.02.26-22.47.54:245][  0]LogInit: Computer: TREVORPC
[2022.02.26-22.47.54:245][  0]LogInit: User: Trevor
[2022.02.26-22.47.54:245][  0]LogInit: CPU Page size=4096, Cores=8
[2022.02.26-22.47.54:245][  0]LogInit: High frequency timer resolution =10.000000 MHz
[2022.02.26-22.47.54:245][  0]LogMemory: Memory total: Physical=15.9GB (16GB approx)
[2022.02.26-22.47.54:245][  0]LogMemory: Platform Memory Stats for Windows
[2022.02.26-22.47.54:245][  0]LogMemory: Process Physical Memory: 145.30 MB used, 145.31 MB peak
[2022.02.26-22.47.54:245][  0]LogMemory: Process Virtual Memory: 123.30 MB used, 123.30 MB peak
[2022.02.26-22.47.54:245][  0]LogMemory: Physical Memory: 7825.17 MB used,  8472.84 MB free, 16298.01 MB total
[2022.02.26-22.47.54:245][  0]LogMemory: Virtual Memory: 134212136.00 MB used,  5595.62 MB free, 134217728.00 MB total
[2022.02.26-22.47.54:248][  0]LogWindows: WindowsPlatformFeatures enabled
[2022.02.26-22.47.54:278][  0]LogInit: Physics initialised using underlying interface: PhysX
[2022.02.26-22.47.54:278][  0]LogInit: Using OS detected language (en-US).
[2022.02.26-22.47.54:278][  0]LogInit: Using OS detected locale (en-CA).
[2022.02.26-22.47.54:280][  0]LogTextLocalizationManager: No specific localization for 'en-US' exists, so the 'en' localization will be used.
[2022.02.26-22.47.54:421][  0]LogWindowsTextInputMethodSystem: Display: IME system deactivated.
[2022.02.26-22.47.54:448][  0]LogSlate: New Slate User Created.  User Index 0, Is Virtual User: 0
[2022.02.26-22.47.54:448][  0]LogSlate: Slate User Registered.  User Index 0, Is Virtual User: 0
[2022.02.26-22.47.54:466][  0]LogD3D11RHI: Loaded GFSDK_Aftermath_Lib.x64.dll
[2022.02.26-22.47.54:468][  0]LogHMD: Failed to enumerate extensions. Please check that you have a valid OpenXR runtime installed.
[2022.02.26-22.47.54:468][  0]LogD3D11RHI: D3D11 min allowed feature level: 11_0
[2022.02.26-22.47.54:468][  0]LogD3D11RHI: D3D11 max allowed feature level: 11_0
[2022.02.26-22.47.54:468][  0]LogD3D11RHI: D3D11 adapters:
[2022.02.26-22.47.54:552][  0]LogD3D11RHI:    0. 'NVIDIA GeForce RTX 2070 SUPER' (Feature Level 11_0)
[2022.02.26-22.47.54:552][  0]LogD3D11RHI:       8011/0/8149 MB DedicatedVideo/DedicatedSystem/SharedSystem, Outputs:2, VendorId:0x10de
[2022.02.26-22.47.54:554][  0]LogD3D11RHI:    1. 'Microsoft Basic Render Driver' (Feature Level 11_0)
[2022.02.26-22.47.54:554][  0]LogD3D11RHI:       0/0/8149 MB DedicatedVideo/DedicatedSystem/SharedSystem, Outputs:0, VendorId:0x1414
[2022.02.26-22.47.54:554][  0]LogD3D11RHI: Chosen D3D11 Adapter:
[2022.02.26-22.47.54:554][  0]LogD3D11RHI:     Description : NVIDIA GeForce RTX 2070 SUPER
[2022.02.26-22.47.54:554][  0]LogD3D11RHI:     VendorId    : 10de
[2022.02.26-22.47.54:554][  0]LogD3D11RHI:     DeviceId    : 1e84
[2022.02.26-22.47.54:554][  0]LogD3D11RHI:     SubSysId    : 373e1462
[2022.02.26-22.47.54:554][  0]LogD3D11RHI:     Revision    : 00a1
[2022.02.26-22.47.54:554][  0]LogD3D11RHI:     DedicatedVideoMemory : 8400142336 bytes
[2022.02.26-22.47.54:554][  0]LogD3D11RHI:     DedicatedSystemMemory : 0 bytes
[2022.02.26-22.47.54:554][  0]LogD3D11RHI:     SharedSystemMemory : 8544849920 bytes
[2022.02.26-22.47.54:554][  0]LogD3D11RHI:     AdapterLuid : 0 47873
[2022.02.26-22.47.54:557][  0]LogD3D11RHI: Creating new Direct3DDevice
[2022.02.26-22.47.54:557][  0]LogD3D11RHI:     GPU DeviceId: 0x1e84 (for the marketing name, search the web for "GPU Device Id")
[2022.02.26-22.47.54:557][  0]LogWindows: EnumDisplayDevices:
[2022.02.26-22.47.54:558][  0]LogWindows:    0. 'NVIDIA GeForce RTX 2070 SUPER' (P:1 D:1)
[2022.02.26-22.47.54:558][  0]LogWindows:    1. 'NVIDIA GeForce RTX 2070 SUPER' (P:0 D:1)
[2022.02.26-22.47.54:558][  0]LogWindows:    2. 'NVIDIA GeForce RTX 2070 SUPER' (P:0 D:0)
[2022.02.26-22.47.54:558][  0]LogWindows:    3. 'NVIDIA GeForce RTX 2070 SUPER' (P:0 D:0)
[2022.02.26-22.47.54:558][  0]LogWindows: DebugString: FoundDriverCount:4 
[2022.02.26-22.47.54:558][  0]LogD3D11RHI:     Adapter Name: NVIDIA GeForce RTX 2070 SUPER
[2022.02.26-22.47.54:558][  0]LogD3D11RHI:   Driver Version: 472.12 (internal:30.0.14.7212, unified:472.12)
[2022.02.26-22.47.54:558][  0]LogD3D11RHI:      Driver Date: 9-13-2021
[2022.02.26-22.47.54:558][  0]LogRHI: Texture pool is 5607 MB (70% of 8011 MB)
[2022.02.26-22.47.54:558][  0]LogD3D11RHI: Creating D3DDevice using adapter:
[2022.02.26-22.47.54:558][  0]LogD3D11RHI:     Description : NVIDIA GeForce RTX 2070 SUPER
[2022.02.26-22.47.54:558][  0]LogD3D11RHI:     VendorId    : 10de
[2022.02.26-22.47.54:558][  0]LogD3D11RHI:     DeviceId    : 1e84
[2022.02.26-22.47.54:558][  0]LogD3D11RHI:     SubSysId    : 373e1462
[2022.02.26-22.47.54:558][  0]LogD3D11RHI:     Revision    : 00a1
[2022.02.26-22.47.54:558][  0]LogD3D11RHI:     DedicatedVideoMemory : 8400142336 bytes
[2022.02.26-22.47.54:558][  0]LogD3D11RHI:     DedicatedSystemMemory : 0 bytes
[2022.02.26-22.47.54:558][  0]LogD3D11RHI:     SharedSystemMemory : 8544849920 bytes
[2022.02.26-22.47.54:558][  0]LogD3D11RHI:     AdapterLuid : 0 47873
[2022.02.26-22.47.54:620][  0]LogD3D11RHI: RHI has support for 64 bit atomics
[2022.02.26-22.47.54:620][  0]LogD3D11RHI: Async texture creation enabled
[2022.02.26-22.47.54:620][  0]LogD3D11RHI: Array index from any shader is supported
[2022.02.26-22.47.54:645][  0]LogD3D11RHI: GPU Timing Frequency: 1000.000000 (Debug: 2 2)
[2022.02.26-22.47.54:675][  0]LogRHI: GeForceNow SDK initialized: 1
[2022.02.26-22.47.54:893][  0]LogTargetPlatformManager: Display: Loaded TargetPlatform 'WindowsNoEditor'
[2022.02.26-22.47.54:896][  0]LogTargetPlatformManager: Display: Loaded TargetPlatform 'Windows'
[2022.02.26-22.47.54:898][  0]LogTargetPlatformManager: Display: Loaded TargetPlatform 'WindowsClient'
[2022.02.26-22.47.54:901][  0]LogTargetPlatformManager: Display: Loaded TargetPlatform 'WindowsServer'
[2022.02.26-22.47.54:901][  0]LogTargetPlatformManager: Display: Building Assets For Windows
[2022.02.26-22.47.54:905][  0]LogAudioDebug: Display: Lib vorbis DLL was dynamically loaded.
[2022.02.26-22.47.54:924][  0]LogTextureFormatOodle: Display: Oodle Texture 2.9.0 init RDO Off
[2022.02.26-22.47.54:944][  0]LogRendererCore: Ray tracing is disabled. Reason: r.RayTracing=0.
[2022.02.26-22.47.54:944][  0]LogShaderCompilers: Guid format shader working directory is -4 characters bigger than the processId version (../../../../../GitHub/GAME259-2022-A/GAME259_A_URE/Intermediate/Shaders/WorkingDirectory/12460/).
[2022.02.26-22.47.54:944][  0]LogShaderCompilers: Cleaned the shader compiler working directory 'C:/Users/Trevor/AppData/Local/Temp/UnrealShaderWorkingDir/521AB939491255142DD1AFAF2A5D75BF/'.
[2022.02.26-22.47.54:945][  0]LogXGEController: Cannot use XGE Controller as Incredibuild is not installed on this machine.
[2022.02.26-22.47.54:945][  0]LogShaderCompilers: Cannot use XGE Shader Compiler as Incredibuild is not installed on this machine.
[2022.02.26-22.47.54:945][  0]LogShaderCompilers: Display: Using Local Shader Compiler.
[2022.02.26-22.47.55:531][  0]LogDerivedDataCache: Display: Max Cache Size: 512 MB
[2022.02.26-22.47.55:578][  0]LogDerivedDataCache: Loaded boot cache 0.05s 103MB C:/Users/Trevor/AppData/Local/UnrealEngine/4.27/DerivedDataCache/Boot.ddc.
[2022.02.26-22.47.55:578][  0]LogDerivedDataCache: Display: Loaded Boot cache: C:/Users/Trevor/AppData/Local/UnrealEngine/4.27/DerivedDataCache/Boot.ddc
[2022.02.26-22.47.55:578][  0]LogDerivedDataCache: FDerivedDataBackendGraph:  Pak pak cache file ../../../../../GitHub/GAME259-2022-A/GAME259_A_URE/DerivedDataCache/DDC.ddp not found, will not use a pak cache.
[2022.02.26-22.47.55:578][  0]LogDerivedDataCache: Unable to find inner node Pak for hierarchical cache Hierarchy.
[2022.02.26-22.47.55:578][  0]LogDerivedDataCache: FDerivedDataBackendGraph:  CompressedPak pak cache file ../../../../../GitHub/GAME259-2022-A/GAME259_A_URE/DerivedDataCache/Compressed.ddp not found, will not use a pak cache.
[2022.02.26-22.47.55:578][  0]LogDerivedDataCache: Unable to find inner node CompressedPak for hierarchical cache Hierarchy.
[2022.02.26-22.47.55:591][  0]LogDerivedDataCache: Display: Pak cache opened for reading ../../../Engine/DerivedDataCache/Compressed.ddp.
[2022.02.26-22.47.55:591][  0]LogDerivedDataCache: FDerivedDataBackendGraph:  EnterprisePak pak cache file ../../../Enterprise/DerivedDataCache/Compressed.ddp not found, will not use a pak cache.
[2022.02.26-22.47.55:591][  0]LogDerivedDataCache: Unable to find inner node EnterprisePak for hierarchical cache Hierarchy.
[2022.02.26-22.47.55:601][  0]LogDerivedDataCache: Speed tests for C:/Users/Trevor/AppData/Local/UnrealEngine/Common/DerivedDataCache took 0.01 seconds
[2022.02.26-22.47.55:601][  0]LogDerivedDataCache: Display: Performance to C:/Users/Trevor/AppData/Local/UnrealEngine/Common/DerivedDataCache: Latency=0.02ms. RandomReadSpeed=1595.21MBs, RandomWriteSpeed=101.13MBs. Assigned SpeedClass 'Local'
[2022.02.26-22.47.55:602][  0]LogDerivedDataCache: Using Local data cache path C:/Users/Trevor/AppData/Local/UnrealEngine/Common/DerivedDataCache: Writable
[2022.02.26-22.47.55:602][  0]LogDerivedDataCache: Shared data cache path not found in *engine.ini, will not use an Shared cache.
[2022.02.26-22.47.55:602][  0]LogDerivedDataCache: Unable to find inner node Shared for hierarchical cache Hierarchy.
[2022.02.26-22.47.55:630][  0]LogSlate: Using FreeType 2.10.0
[2022.02.26-22.47.55:631][  0]LogSlate: SlateFontServices - WITH_FREETYPE: 1, WITH_HARFBUZZ: 1
[2022.02.26-22.47.55:631][  0]LogHMD: Failed to enumerate extensions. Please check that you have a valid OpenXR runtime installed.
[2022.02.26-22.47.55:682][  0]LogInit: Using OS detected language (en-US).
[2022.02.26-22.47.55:682][  0]LogInit: Using OS detected locale (en-CA).
[2022.02.26-22.47.55:682][  0]LogTextLocalizationManager: No localization for 'en-US' exists, so 'en' will be used for the language.
[2022.02.26-22.47.55:682][  0]LogTextLocalizationManager: No localization for 'en-CA' exists, so 'en' will be used for the locale.
[2022.02.26-22.47.55:682][  0]LogSlate: FontCache flush requested. Reason: Culture for localization was changed
[2022.02.26-22.47.55:682][  0]LogSlate: FontCache flush requested. Reason: Culture for localization was changed
[2022.02.26-22.47.55:684][  0]LogTextLocalizationManager: Compacting localization data took   0.00ms
[2022.02.26-22.47.55:684][  0]LogAssetRegistry: FAssetRegistry took 0.0011 seconds to start up
[2022.02.26-22.47.55:803][  0]LogPackageLocalizationCache: Processed 26 localized package path(s) for 1 prioritized culture(s) in 0.000720 seconds
[2022.02.26-22.47.55:848][  0]LogInit: Selected Device Profile: [Windows]
[2022.02.26-22.47.55:848][  0]LogInit: Active device profile: [0000023E76560D00][0000023E6F9DBA80 49] Windows
[2022.02.26-22.47.55:848][  0]LogInit: Profiles: [0000023E76560D00][0000023E6F9DBA80 49] Windows, [0000023E7652E300][0000023E6F9E3C00 49] WindowsNoEditor, [0000023E76561C00][0000023E6F9E6200 49] WindowsServer, [0000023E7652F100][0000023E6F9EA380 49] WindowsClient, [0000023E76562900][0000023E6F9EE500 49] IOS, [0000023E7652DA00][0000023E6F9F2680 49] iPadAir, [0000023E76563E00][0000023E6F9F6800 49] iPadAir2, [0000023E764E9100][0000023E6F030AC0 49] IPadPro, [0000023E764E9200][0000023E6F9FAB00 49] iPadAir3, [0000023E7652CC00][0000023E6F034C80 49] iPadAir4, [0000023E764E9E00][0000023E6F038E00 49] iPadMini2, [0000023E7652F300][0000023E6F03CF80 49] iPadMini3, [0000023E764EB900][0000023E6F041100 49] iPadMini4, [0000023E7652D000][0000023E6F045280 49] iPadMini5, [0000023E764EC900][0000023E6F9DF500 49] iPhone6, [0000023E764ECA00][0000023E6F049540 49] iPodTouch6, [0000023E76562E00][0000023E6F051780 49] iPhone7, [0000023E76562F00][0000023E6F04D7C0 49] iPodTouch7, [0000023E764EBE00][0000023E6F055900 49] iPhone5S, [0000023E76561000][0000023E6F05DA80 49] iPhone6Plus, [0000023E764EC100][0000023E6F061C00 49] iPhone6S, [0000023E764E8300][0000023E6F064200 49] iPhone6SPlus, [0000023E764EE800][0000023E72B92380 49] iPhone7Plus, [0000023E764EA400][0000023E72B96500 49] iPhoneSE, [0000023E764EE600][0000023E72B9A680 49] iPhone8, [0000023E764E8400][0000023E72B9E800 49] iPhone8Plus, [0000023E764EF100][0000023E72BA2980 49] iPhoneX, [0000023E76561500][0000023E72BA6B00 49] iPhoneXS, [0000023E764EEB00][0000023E72BAAC80 49] iPhoneXSMax, [0000023E76560700][0000023E72BAEE00 49] iPhoneXR, [0000023E764EC800][0000023E72BB2F80 49] iPhone11, [0000023E76561100][0000023E72BB7100 49] iPhone11Pro, [0000023E764EDA00][0000023E72BBB280 49] iPhone11ProMax, [0000023E76563700][0000023E72BBF400 49] iPhoneSE2, [0000023E764EF800][0000023E72BC3580 49] iPhone12Mini, [0000023E76562300][0000023E6F0596C0 49] iPhone12, [0000023E764EF200][0000023E72BC7800 49] iPhone12Pro, [0000023E76561300][0000023E72BCB940 49] iPhone12ProMax, [0000023E764ED500][0000023E72BCFA80 49] iPadPro105, [0000023E76560A00][0000023E72BD7C00 49] iPadPro129, [0000023E764EFD00][0000023E72BDA200 49] iPadPro97, [0000023E76562A00][0000023E6F1F0380 49] iPadPro2_129, [0000023E764ECE00][0000023E6F1F4500 49] iPad5, [0000023E76561F00][0000023E6F1F8680 49] iPad6, [0000023E764ED300][0000023E6F1FC800 49] iPad7, [0000023E76560200][0000023E6F200980 49] iPad8, [0000023E764EFA00][0000023E6F204B00 49] iPadPro11, [0000023E76561400][0000023E6F208C80 49] iPadPro2_11, [0000023E764EFE00][0000023E6F20CE00 49] iPadPro3_129, [0000023E76562700][0000023E6F210F80 49] iPadPro4_129, [0000023E764EC200][0000023E6F215100 49] AppleTV, [0000023E76560900][0000023E6F219280 49] AppleTV4K, [0000023E764EE300][0000023E6F21D400 49] TVOS, [0000023E76562D00][0000023E6F221580 49] Mac, [0000023E764EF600][0000023E6F225700 49] MacClient, [0000023E76562100][0000023E6F229880 49] MacNoEditor, [0000023E764EF000][0000023E72BD39C0 49] MacServer, [0000023E76562600][0000023E6F22DB00 49] Linux, [0000023E764EDD00][0000023E6F2300C0 49] LinuxAArch64, [0000023E76561A00][0000023E6F238240 49] LinuxNoEditor, [0000023E764EFB00][0000023E6F23C3C0 49] LinuxAArch64NoEditor, [0000023E76561200][0000023E6F240540 49] LinuxClient, [0000023E764EED00][0000023E6F2446C0 49] LinuxAArch64Client, [0000023E76560100][0000023E6F248840 49] LinuxServer, [0000023E764EFF00][0000023E6F24C9C0 49] LinuxAArch64Server, [0000023E76562C00][0000023E6F250B40 49] Android, [0000023E764EDC00][0000023E6F254CC0 49] Android_Low, [0000023E76563300][0000023E6F258E40 49] Android_Mid, [0000023E764EE200][0000023E6F25CFC0 49] Android_High, [0000023E76563400][0000023E6F261140 49] Android_Default, [0000023E764EDF00][0000023E6F2652C0 49] Android_Adreno4xx, [0000023E76563F00][0000023E6F269440 49] Android_Adreno5xx_Low, [0000023E764ECB00][0000023E6F26D5C0 49] Android_Adreno5xx, [0000023E76563D00][0000023E6F271740 49] Android_Adreno6xx, [0000023E7652C500][0000023E6F2758C0 49] Android_Adreno6xx_Vulkan, [0000023E764EB600][0000023E6F279A40 49] Android_Mali_T6xx, [0000023E7652D100][0000023E6F235B80 49] Android_Mali_T7xx, [0000023E764EB300][0000023E6F27C140 49] Android_Mali_T8xx, [0000023E7652EF00][0000023E6F280280 49] Android_Mali_G71, [0000023E764E8100][0000023E6F2843C0 49] Android_Mali_G72, [0000023E7652D600][0000023E6F28C540 49] Android_Mali_G72_Vulkan, [0000023E764E9300][0000023E6F2906C0 49] Android_Mali_G76, [0000023E7652FD00][0000023E6F294840 49] Android_Mali_G76_Vulkan, [0000023E764EAC00][0000023E6F2989C0 49] Android_Mali_G77, [0000023E7652D500][0000023E6F29CB40 49] Android_Mali_G77_Vulkan, [0000023E764E9800][0000023E6F2A0CC0 49] Android_Mali_G78, [0000023E7652E200][0000023E6F2A4E40 49] Android_Mali_G78_Vulkan, [0000023E764EBD00][0000023E6F2A8FC0 49] Android_Mali_G710, [0000023E7652C300][0000023E6F2AD140 49] Android_Mali_G710_Vulkan, [0000023E764E8200][0000023E6F2B12C0 49] Android_Vulkan_SM5, [0000023E7652C800][0000023E6F2B5440 49] Android_PowerVR_G6xxx, [0000023E764EA500][0000023E6F2B95C0 49] Android_PowerVR_GT7xxx, [0000023E7652CE00][0000023E6F2BD740 49] Android_PowerVR_GE8xxx, [0000023E764E9400][0000023E6F2C18C0 49] Android_PowerVR_GM9xxx, [0000023E7652CD00][0000023E6F2C5A40 49] Android_PowerVR_GM9xxx_Vulkan, [0000023E764EA600][0000023E6F2C9BC0 49] Android_TegraK1, [0000023E7652DE00][0000023E6F288180 49] Android_Unknown_Vulkan, [0000023E764EBC00][0000023E6F2CC2C0 49] Lumin, [0000023E7652CA00][0000023E6F2D0400 49] Lumin_Desktop, [0000023E764EBB00][0000023E6F2D4540 49] HoloLens, 
[2022.02.26-22.47.55:938][  0]LogMeshReduction: Using QuadricMeshReduction for automatic static mesh reduction
[2022.02.26-22.47.55:938][  0]LogMeshReduction: Using SimplygonMeshReduction for automatic skeletal mesh reduction
[2022.02.26-22.47.55:938][  0]LogMeshReduction: Using ProxyLODMeshReduction for automatic mesh merging
[2022.02.26-22.47.55:938][  0]LogMeshReduction: No distributed automatic mesh merging module available
[2022.02.26-22.47.55:938][  0]LogMeshMerging: No distributed automatic mesh merging module available
[2022.02.26-22.47.55:960][  0]LogNetVersion: GAME259_A_URE 1.0.0, NetCL: 17155196, EngineNetVer: 17, GameNetVer: 0 (Checksum: 2250587433)
[2022.02.26-22.47.56:114][  0]LogTexture: Default maximum texture size for cubemaps generated from long-lat sources has been changed from 512 to unlimited. In order to preserve old behaiour for '/Engine/MapTemplates/Sky/DaylightAmbientCubemap.DaylightAmbientCubemap', its maximum texture size has been explicitly set to 512.
[2022.02.26-22.47.56:151][  0]LogHMD: PokeAHoleMaterial loaded successfully
[2022.02.26-22.47.56:215][  0]LogMoviePlayer: Initializing movie player
[2022.02.26-22.47.56:306][  0]LogNiagaraDebuggerClient: Niagara Debugger Client Initialized | Session: 28818F3A4C22A4261BE84D911B0311E3 | Instance: 2F99B8F34507D417B887A2BE641AF442 (TREVORPC-12460).
[2022.02.26-22.47.56:319][  0]LogCollectionManager: Loaded 0 collections in 0.000612 seconds
[2022.02.26-22.47.56:321][  0]LogFileCache: Scanning file cache for directory 'D:/GitHub/GAME259-2022-A/GAME259_A_URE/Saved/Collections/' took 0.00s
[2022.02.26-22.47.56:321][  0]LogFileCache: Scanning file cache for directory 'D:/GitHub/GAME259-2022-A/GAME259_A_URE/Content/Developers/Trevor/Collections/' took 0.00s
[2022.02.26-22.47.56:321][  0]LogCollectionManager: Fixed up redirectors for 0 collections in 0.000001 seconds (updated 0 objects)
[2022.02.26-22.47.56:386][  0]LogFileCache: Scanning file cache for directory 'D:/GitHub/GAME259-2022-A/GAME259_A_URE/Content/Collections/' took 0.00s
[2022.02.26-22.47.56:386][  0]LogTcpMessaging: Initializing TcpMessaging bridge
[2022.02.26-22.47.56:388][  0]LogUdpMessaging: Initializing bridge on interface 0.0.0.0:0 to multicast group 230.0.0.1:6666.
[2022.02.26-22.47.56:395][  0]LogPython: Using Python 3.7.7
[2022.02.26-22.47.56:747][  0]LogSteamShared: Display: Loading Steam SDK 1.51
[2022.02.26-22.47.56:747][  0]LogSteamShared: Steam SDK Loaded!
[2022.02.26-22.47.56:890][  0]SourceControl: Source control is disabled
[2022.02.26-22.47.56:890][  0]SourceControl: Source control is disabled
[2022.02.26-22.47.56:892][  0]SourceControl: Source control is disabled
[2022.02.26-22.47.56:898][  0]LogUProjectInfo: Found projects:
[2022.02.26-22.47.56:959][  0]LogOpenImageDenoise: OIDN starting up
[2022.02.26-22.47.56:973][  0]LogAndroidPermission: UAndroidPermissionCallbackProxy::GetInstance
[2022.02.26-22.47.56:983][  0]LogAudioCaptureCore: Display: No Audio Capture implementations found. Audio input will be silent.
[2022.02.26-22.47.56:984][  0]LogAudioCaptureCore: Display: No Audio Capture implementations found. Audio input will be silent.
[2022.02.26-22.47.57:038][  0]LogOcInput: OculusInput pre-init called
[2022.02.26-22.47.57:045][  0]LogUObjectArray: 23037 objects as part of root set at end of initial load.
[2022.02.26-22.47.57:045][  0]LogUObjectAllocator: 6396240 out of 0 bytes used by permanent object pool.
[2022.02.26-22.47.57:045][  0]LogUObjectArray: CloseDisregardForGC: 0/0 objects in disregard for GC pool
[2022.02.26-22.47.57:080][  0]LogEngine: Initializing Engine...
[2022.02.26-22.47.57:081][  0]LogHMD: Failed to enumerate extensions. Please check that you have a valid OpenXR runtime installed.
[2022.02.26-22.47.57:081][  0]LogMagicLeap: Warning: VR disabled because ZI is not enabled.  To enable, in the editor, Edit -> Project Settings -> Plugins -> Magic Leap Plugin -> Enable Zero Iteration
[2022.02.26-22.47.57:082][  0]LogStats: UGameplayTagsManager::InitializeManager -  0.000 s
[2022.02.26-22.47.57:154][  0]LogInit: Initializing FReadOnlyCVARCache
[2022.02.26-22.47.57:154][  0]LogAudio: Display: Initializing Audio Device Manager...
[2022.02.26-22.47.57:156][  0]LogAudio: Display: Loading Default Audio Settings Objects...
[2022.02.26-22.47.57:156][  0]LogAudio: Display: No default SoundConcurrencyObject specified (or failed to load).
[2022.02.26-22.47.57:157][  0]LogAudio: Display: Audio Device Manager Initialized
[2022.02.26-22.47.57:157][  0]LogAudio: Display: Creating Audio Device:                 Id: 1, Scope: Shared, Realtime: True
[2022.02.26-22.47.57:157][  0]LogAudioMixer: Display: Audio Mixer Platform Settings:
[2022.02.26-22.47.57:157][  0]LogAudioMixer: Display: 	Sample Rate:						  48000
[2022.02.26-22.47.57:157][  0]LogAudioMixer: Display: 	Callback Buffer Frame Size Requested: 1024
[2022.02.26-22.47.57:157][  0]LogAudioMixer: Display: 	Callback Buffer Frame Size To Use:	  1024
[2022.02.26-22.47.57:157][  0]LogAudioMixer: Display: 	Number of buffers to queue:			  2
[2022.02.26-22.47.57:157][  0]LogAudioMixer: Display: 	Max Channels (voices):				  32
[2022.02.26-22.47.57:157][  0]LogAudioMixer: Display: 	Number of Async Source Workers:		  0
[2022.02.26-22.47.57:157][  0]LogAudio: Display: AudioDevice MaxSources: 32
[2022.02.26-22.47.57:157][  0]LogAudio: Display: Audio Spatialization Plugin: None (built-in).
[2022.02.26-22.47.57:157][  0]LogAudio: Display: Audio Reverb Plugin: None (built-in).
[2022.02.26-22.47.57:157][  0]LogAudio: Display: Audio Occlusion Plugin: None (built-in).
[2022.02.26-22.47.57:157][  0]LogAudioMixer: Display: Initializing audio mixer.
[2022.02.26-22.47.57:166][  0]LogAudioMixer: Display: 0: FrontLeft
[2022.02.26-22.47.57:166][  0]LogAudioMixer: Display: 1: FrontRight
[2022.02.26-22.47.57:178][  0]LogAudioMixer: Display: Using Audio Device Speakers (HyperX Cloud Alpha S Game)
[2022.02.26-22.47.57:182][  0]LogAudioMixer: Display: Initializing Sound Submixes...
[2022.02.26-22.47.57:183][  0]LogAudioMixer: Display: Creating Master Submix 'MasterSubmixDefault'
[2022.02.26-22.47.57:183][  0]LogAudioMixer: Display: Creating Master Submix 'MasterReverbSubmixDefault'
[2022.02.26-22.47.57:184][  0]LogAudioMixer: Display: Creating Master Submix 'MasterEQSubmixDefault'
[2022.02.26-22.47.57:184][  0]LogAudioMixer: FMixerPlatformXAudio2::StartAudioStream() called
[2022.02.26-22.47.57:184][  0]LogAudioMixer: Display: Output buffers initialized: Frames=1024, Channels=2, Samples=2048
[2022.02.26-22.47.57:185][  0]LogAudioMixer: Display: Starting AudioMixerPlatformInterface::RunInternal()
[2022.02.26-22.47.57:185][  0]LogAudioMixer: Display: FMixerPlatformXAudio2::SubmitBuffer() called for the first time
[2022.02.26-22.47.57:185][  0]LogInit: FAudioDevice initialized.
[2022.02.26-22.47.57:185][  0]LogNetVersion: Set ProjectVersion to 1.0.0.0. Version Checksum will be recalculated on next use.
[2022.02.26-22.47.57:187][  0]LogInit: Texture streaming: Enabled
[2022.02.26-22.47.57:227][  0]LogAudio: Display: Audio Device (ID: 1) registered with world 'Untitled'.
[2022.02.26-22.47.57:228][  0]LogSlate: Updating window title bar state: overlay mode, drag disabled, window buttons hidden, title bar hidden
[2022.02.26-22.47.57:228][  0]LogInit: Display: Game Engine Initialized.
[2022.02.26-22.47.57:228][  0]LogNiagaraEditor: GEditor isn't valid! Particle reset commands will not work for Niagara components!
[2022.02.26-22.47.57:272][  0]LogInit: Display: Starting Game.
[2022.02.26-22.47.57:272][  0]LogNet: Browse: /Game/UI/Maps/L_MainMenu?Name=Player
[2022.02.26-22.47.57:272][  0]LogLoad: LoadMap: /Game/UI/Maps/L_MainMenu?Name=Player
[2022.02.26-22.47.57:272][  0]LogWorld: BeginTearingDown for /Temp/Untitled_0
[2022.02.26-22.47.57:273][  0]LogWorld: UWorld::CleanupWorld for Untitled, bSessionEnded=true, bCleanupResources=true
[2022.02.26-22.47.57:273][  0]LogSlate: InvalidateAllWidgets triggered.  All widgets were invalidated
[2022.02.26-22.47.57:276][  0]LogAudio: Display: Audio Device unregistered from world 'None'.
[2022.02.26-22.47.57:278][  0]LogUObjectHash: Compacting FUObjectHashTables data took   0.63ms
[2022.02.26-22.47.57:321][  0]LogAudio: Display: Audio Device (ID: 1) registered with world 'L_MainMenu'.
[2022.02.26-22.47.57:326][  0]LogAIModule: Creating AISystem for world L_MainMenu
[2022.02.26-22.47.57:326][  0]LogLoad: Game class is 'GM_MainMenu_C'
[2022.02.26-22.47.57:327][  0]LogWorld: Bringing World /Game/UI/Maps/L_MainMenu.L_MainMenu up for play (max tick rate 0) at 2022.02.26-17.47.57
[2022.02.26-22.47.57:327][  0]LogWorld: Bringing up level for play took: 0.000311
[2022.02.26-22.47.57:327][  0]LogGameMode: FindPlayerStart: PATHS NOT DEFINED or NO PLAYERSTART with positive rating
[2022.02.26-22.47.57:328][  0]LogLoad: Took 0.056187 seconds to LoadMap(/Game/UI/Maps/L_MainMenu)
[2022.02.26-22.47.57:401][  0]LogSlate: Took 0.000119 seconds to synchronously load lazily loaded font '../../../Engine/Content/Slate/Fonts/Roboto-Regular.ttf' (155K)
[2022.02.26-22.47.57:434][  0]LogRenderer: Reallocating scene render targets to support 1272x688 Format 10 NumSamples 1 (Frame:1).
[2022.02.26-22.47.57:434][  0]LogInit: Display: Engine is initialized. Leaving FEngineLoop::Init()
[2022.02.26-22.47.57:434][  0]LogLoad: (Engine Initialization) Total time: 3.81 seconds
[2022.02.26-22.47.57:434][  0]LogLoad: (Engine Initialization) Total Blueprint compile time: 0.00 seconds
[2022.02.26-22.47.57:436][  0]LogContentStreaming: Texture pool size now 600 MB
[2022.02.26-22.47.57:439][  0]LogSlate: InvalidateAllWidgets triggered.  All widgets were invalidated
[2022.02.26-22.47.57:494][  1]LogSlate: Took 0.000089 seconds to synchronously load lazily loaded font '../../../Engine/Content/Slate/Fonts/Roboto-Regular.ttf' (155K)
[2022.02.26-22.48.03:246][502]LogSlate: Window 'GAME259_A_URE (64-bit Development PCD3D_SM5) ' being destroyed
[2022.02.26-22.48.03:246][502]LogWindowsTextInputMethodSystem: Display: IME system deactivated.
[2022.02.26-22.48.03:250][502]LogWindowsTextInputMethodSystem: Display: IME system deactivated.
[2022.02.26-22.48.03:251][502]LogSlate: Updating window title bar state: overlay mode, drag disabled, window buttons hidden, title bar hidden
[2022.02.26-22.48.03:251][502]LogEngine: All Windows Closed
[2022.02.26-22.48.03:251][502]LogWindows: FPlatformMisc::RequestExit(0)
[2022.02.26-22.48.03:251][502]LogWindows: FPlatformMisc::RequestExitWithStatus(0, 0)
[2022.02.26-22.48.03:251][502]LogCore: Engine exit requested (reason: Win RequestExit)
[2022.02.26-22.48.03:251][503]LogCore: Engine exit requested (reason: EngineExit() was called; note: exit was already requested)
[2022.02.26-22.48.03:251][503]LogInit: Display: PreExit Game.
[2022.02.26-22.48.03:257][503]LogWorld: BeginTearingDown for /Game/UI/Maps/L_MainMenu
[2022.02.26-22.48.03:257][503]LogWorld: UWorld::CleanupWorld for L_MainMenu, bSessionEnded=true, bCleanupResources=true
[2022.02.26-22.48.03:258][503]LogSlate: InvalidateAllWidgets triggered.  All widgets were invalidated
[2022.02.26-22.48.04:084][503]LogAudio: Display: Beginning Audio Device Manager Shutdown (Module: AudioMixerXAudio2)...
[2022.02.26-22.48.04:084][503]LogAudio: Display: Destroying 1 Remaining Audio Device(s)...
[2022.02.26-22.48.04:084][503]LogAudio: Display: Audio Device unregistered from world 'L_MainMenu'.
[2022.02.26-22.48.04:119][503]LogAudioMixer: FMixerPlatformXAudio2::StopAudioStream() called
[2022.02.26-22.48.04:119][503]LogAudioMixer: FMixerPlatformXAudio2::StopAudioStream() called
[2022.02.26-22.48.04:121][503]LogAudio: Display: Audio Device Manager Shutdown
[2022.02.26-22.48.04:123][503]LogExit: Preparing to exit.
[2022.02.26-22.48.04:128][503]LogSlate: Updating window title bar state: overlay mode, drag disabled, window buttons hidden, title bar hidden
[2022.02.26-22.48.04:129][503]LogUObjectHash: Compacting FUObjectHashTables data took   0.60ms
[2022.02.26-22.48.05:395][503]LogMoviePlayer: Shutting down movie player
[2022.02.26-22.48.05:523][503]LogDemo: Cleaned up 0 splitscreen connections with owner deletion
[2022.02.26-22.48.05:526][503]LogExit: Game engine shut down
[2022.02.26-22.48.05:556][503]LogExit: Object subsystem successfully closed.
[2022.02.26-22.48.05:567][503]LogShaderCompilers: Display: === FShaderJobCache stats ===
[2022.02.26-22.48.05:567][503]LogShaderCompilers: Display: Total job queries 0, among them cache hits 0 (0.00%)
[2022.02.26-22.48.05:567][503]LogShaderCompilers: Display: Tracking 0 distinct input hashes that result in 0 distinct outputs (0.00%)
[2022.02.26-22.48.05:567][503]LogShaderCompilers: Display: RAM used: 0.00 MB (0.00 GB) of 819.20 MB (0.80 GB) budget. Usage: 0.00%
[2022.02.26-22.48.05:567][503]LogShaderCompilers: Display: ================================================
[2022.02.26-22.48.05:570][503]LogShaderCompilers: Display: Shaders left to compile 0
[2022.02.26-22.48.05:575][503]LogModuleManager: Shutting down and abandoning module SequenceRecorderSections (560)
[2022.02.26-22.48.05:575][503]LogModuleManager: Shutting down and abandoning module SequenceRecorder (558)
[2022.02.26-22.48.05:575][503]LogModuleManager: Shutting down and abandoning module AutomationController (556)
[2022.02.26-22.48.05:575][503]LogModuleManager: Shutting down and abandoning module AutomationWorker (554)
[2022.02.26-22.48.05:575][503]LogModuleManager: Shutting down and abandoning module Voice (552)
[2022.02.26-22.48.05:575][503]LogModuleManager: Shutting down and abandoning module AIModule (550)
[2022.02.26-22.48.05:575][503]LogModuleManager: Shutting down and abandoning module GameplayDebugger (549)
[2022.02.26-22.48.05:575][503]LogModuleManager: Shutting down and abandoning module AITestSuite (547)
[2022.02.26-22.48.05:575][503]LogModuleManager: Shutting down and abandoning module NavigationSystem (545)
[2022.02.26-22.48.05:575][503]LogModuleManager: Shutting down and abandoning module OculusMR (542)
[2022.02.26-22.48.05:575][503]LogModuleManager: Shutting down and abandoning module TakeRecorderSources (540)
[2022.02.26-22.48.05:575][503]LogModuleManager: Shutting down and abandoning module TakeRecorder (539)
[2022.02.26-22.48.05:576][503]LogModuleManager: Shutting down and abandoning module TakeTrackRecorders (536)
[2022.02.26-22.48.05:576][503]LogModuleManager: Shutting down and abandoning module TakesCore (534)
[2022.02.26-22.48.05:576][503]LogModuleManager: Shutting down and abandoning module OpenXRInput (532)
[2022.02.26-22.48.05:576][503]LogModuleManager: Shutting down and abandoning module WmfMediaFactory (530)
[2022.02.26-22.48.05:576][503]LogModuleManager: Shutting down and abandoning module WebMMediaFactory (528)
[2022.02.26-22.48.05:576][503]LogModuleManager: Shutting down and abandoning module WebMMedia (526)
[2022.02.26-22.48.05:576][503]LogModuleManager: Shutting down and abandoning module OpenExrWrapper (524)
[2022.02.26-22.48.05:576][503]LogModuleManager: Shutting down and abandoning module ImgMediaFactory (522)
[2022.02.26-22.48.05:576][503]LogModuleManager: Shutting down and abandoning module AvfMediaFactory (520)
[2022.02.26-22.48.05:576][503]LogModuleManager: Shutting down and abandoning module PlanarCut (518)
[2022.02.26-22.48.05:576][503]LogModuleManager: Shutting down and abandoning module MagicLeapMediaCodecFactory (516)
[2022.02.26-22.48.05:576][503]LogModuleManager: Shutting down and abandoning module MagicLeapMediaFactory (514)
[2022.02.26-22.48.05:576][503]LogModuleManager: Shutting down and abandoning module CharacterAI (512)
[2022.02.26-22.48.05:576][503]LogModuleManager: Shutting down and abandoning module SessionServices (510)
[2022.02.26-22.48.05:576][503]LogModuleManager: Shutting down and abandoning module MovieSceneCapture (508)
[2022.02.26-22.48.05:576][503]LogModuleManager: Shutting down and abandoning module LiveCoding (506)
[2022.02.26-22.48.05:576][503]LogModuleManager: Shutting down and abandoning module LevelSequence (504)
[2022.02.26-22.48.05:576][503]LogModuleManager: Shutting down and abandoning module MovieSceneTracks (502)
[2022.02.26-22.48.05:576][503]LogModuleManager: Shutting down and abandoning module MovieScene (500)
[2022.02.26-22.48.05:576][503]LogModuleManager: Shutting down and abandoning module StreamingPauseRendering (498)
[2022.02.26-22.48.05:576][503]LogModuleManager: Shutting down and abandoning module PortalServices (496)
[2022.02.26-22.48.05:576][503]LogModuleManager: Shutting down and abandoning module PortalRpc (494)
[2022.02.26-22.48.05:576][503]LogModuleManager: Shutting down and abandoning module MessagingRpc (492)
[2022.02.26-22.48.05:576][503]LogModuleManager: Shutting down and abandoning module AudioMixerXAudio2 (490)
[2022.02.26-22.48.05:576][503]LogModuleManager: Shutting down and abandoning module AudioMixerCore (489)
[2022.02.26-22.48.05:576][503]LogModuleManager: Shutting down and abandoning module ImageWriteQueue (486)
[2022.02.26-22.48.05:578][503]LogModuleManager: Shutting down and abandoning module ProfilerService (484)
[2022.02.26-22.48.05:819][503]LogModuleManager: Shutting down and abandoning module TaskGraph (482)
[2022.02.26-22.48.05:819][503]LogModuleManager: Shutting down and abandoning module OculusInput (480)
[2022.02.26-22.48.05:819][503]LogModuleManager: Shutting down and abandoning module EOSVoiceChat (478)
[2022.02.26-22.48.05:819][503]LogModuleManager: Shutting down and abandoning module Synthesis (476)
[2022.02.26-22.48.05:819][503]LogModuleManager: Shutting down and abandoning module ProceduralMeshComponent (474)
[2022.02.26-22.48.05:819][503]LogModuleManager: Shutting down and abandoning module TakeMovieScene (472)
[2022.02.26-22.48.05:819][503]LogModuleManager: Shutting down and abandoning module ArchVisCharacter (470)
[2022.02.26-22.48.05:819][503]LogModuleManager: Shutting down and abandoning module MobilePatchingUtils (468)
[2022.02.26-22.48.05:819][503]LogModuleManager: Shutting down and abandoning module GooglePAD (466)
[2022.02.26-22.48.05:819][503]LogModuleManager: Shutting down and abandoning module EditableMesh (464)
[2022.02.26-22.48.05:819][503]LogModuleManager: Shutting down and abandoning module CustomMeshComponent (462)
[2022.02.26-22.48.05:819][503]LogModuleManager: Shutting down and abandoning module CableComponent (460)
[2022.02.26-22.48.05:819][503]LogModuleManager: Shutting down and abandoning module AudioCapture (458)
[2022.02.26-22.48.05:819][503]LogModuleManager: Shutting down and abandoning module AudioCaptureRtAudio (457)
[2022.02.26-22.48.05:819][503]LogModuleManager: Shutting down and abandoning module AssetTags (454)
[2022.02.26-22.48.05:819][503]LogModuleManager: Shutting down and abandoning module AppleImageUtilsBlueprintSupport (452)
[2022.02.26-22.48.05:819][503]LogModuleManager: Shutting down and abandoning module AppleImageUtils (450)
[2022.02.26-22.48.05:819][503]LogModuleManager: Shutting down and abandoning module AndroidPermission (448)
[2022.02.26-22.48.05:819][503]LogModuleManager: Shutting down and abandoning module ActorLayerUtilities (446)
[2022.02.26-22.48.05:819][503]LogModuleManager: Shutting down and abandoning module TemplateSequence (444)
[2022.02.26-22.48.05:819][503]LogModuleManager: Shutting down and abandoning module MediaCompositing (440)
[2022.02.26-22.48.05:819][503]LogModuleManager: Shutting down and abandoning module ImgMedia (438)
[2022.02.26-22.48.05:819][503]LogModuleManager: Shutting down and abandoning module OpenImageDenoise (436)
[2022.02.26-22.48.05:819][503]LogOpenImageDenoise: OIDN shutting down
[2022.02.26-22.48.05:819][503]LogModuleManager: Shutting down and abandoning module MotoSynth (434)
[2022.02.26-22.48.05:819][503]LogModuleManager: Shutting down and abandoning module MagicLeapSharedWorld (432)
[2022.02.26-22.48.05:819][503]LogModuleManager: Shutting down and abandoning module MagicLeapLightEstimation (430)
[2022.02.26-22.48.05:819][503]LogModuleManager: Shutting down and abandoning module MeshConversion (428)
[2022.02.26-22.48.05:819][503]LogModuleManager: Shutting down and abandoning module DynamicMesh (426)
[2022.02.26-22.48.05:819][503]LogModuleManager: Shutting down and abandoning module GeometryAlgorithms (424)
[2022.02.26-22.48.05:819][503]LogModuleManager: Shutting down and abandoning module GeometricObjects (422)
[2022.02.26-22.48.05:820][503]LogModuleManager: Shutting down and abandoning module MagicLeapHelperVulkan (420)
[2022.02.26-22.48.05:820][503]LogModuleManager: Shutting down and abandoning module MagicLeapHelperOpenGL (418)
[2022.02.26-22.48.05:820][503]LogModuleManager: Shutting down and abandoning module MagicLeapAudio (416)
[2022.02.26-22.48.05:820][503]LogModuleManager: Shutting down and abandoning module GeometryCollectionTracks (414)
[2022.02.26-22.48.05:820][503]LogModuleManager: Shutting down and abandoning module GeometryCollectionSequencer (413)
[2022.02.26-22.48.05:820][503]LogModuleManager: Shutting down and abandoning module GeometryCacheTracks (410)
[2022.02.26-22.48.05:820][503]LogModuleManager: Shutting down and abandoning module GeometryCacheSequencer (409)
[2022.02.26-22.48.05:820][503]LogModuleManager: Shutting down and abandoning module GeometryCache (406)
[2022.02.26-22.48.05:820][503]LogModuleManager: Shutting down and abandoning module GeometryCacheEd (405)
[2022.02.26-22.48.05:820][503]LogModuleManager: Shutting down and abandoning module ChaosNiagara (402)
[2022.02.26-22.48.05:820][503]LogModuleManager: Shutting down and abandoning module FieldSystemEngine (401)
[2022.02.26-22.48.05:820][503]LogModuleManager: Shutting down and abandoning module BackChannel (398)
[2022.02.26-22.48.05:820][503]LogModuleManager: Shutting down and abandoning module AutomationUtils (396)
[2022.02.26-22.48.05:820][503]LogModuleManager: Shutting down and abandoning module OodleNetworkHandlerComponent (394)
[2022.02.26-22.48.05:820][503]LogModuleManager: Shutting down and abandoning module VisualStudioCodeSourceCodeAccess (392)
[2022.02.26-22.48.05:820][503]LogModuleManager: Shutting down and abandoning module VisualStudioSourceCodeAccess (390)
[2022.02.26-22.48.05:820][503]LogModuleManager: Shutting down and abandoning module HotReload (389)
[2022.02.26-22.48.05:820][503]LogModuleManager: Shutting down and abandoning module UObjectPlugin (386)
[2022.02.26-22.48.05:820][503]LogModuleManager: Shutting down and abandoning module SubversionSourceControl (384)
[2022.02.26-22.48.05:820][503]LogModuleManager: Shutting down and abandoning module PerforceSourceControl (382)
[2022.02.26-22.48.05:820][503]LogModuleManager: Shutting down and abandoning module SourceControl (381)
[2022.02.26-22.48.05:820][503]LogModuleManager: Shutting down and abandoning module CLionSourceCodeAccess (378)
[2022.02.26-22.48.05:820][503]LogModuleManager: Shutting down and abandoning module LiveLinkSequencer (376)
[2022.02.26-22.48.05:820][503]LogModuleManager: Shutting down and abandoning module LiveLinkMovieScene (374)
[2022.02.26-22.48.05:820][503]LogModuleManager: Shutting down and abandoning module LiveLinkGraphNode (372)
[2022.02.26-22.48.05:820][503]LogModuleManager: Shutting down and abandoning module LiveLinkComponents (370)
[2022.02.26-22.48.05:820][503]LogModuleManager: Shutting down and abandoning module LiveLink (368)
[2022.02.26-22.48.05:868][503]LogModuleManager: Shutting down and abandoning module GAME259_A_URE (366)
[2022.02.26-22.48.05:868][503]LogModuleManager: Shutting down and abandoning module AnimGraph (365)
[2022.02.26-22.48.05:868][503]LogModuleManager: Shutting down and abandoning module SteamShared (362)
[2022.02.26-22.48.05:868][503]LogSteamShared: Freeing the Steam Loaded Modules...
[2022.02.26-22.48.05:868][503]LogModuleManager: Shutting down and abandoning module SoundFields (360)
[2022.02.26-22.48.05:868][503]LogModuleManager: Shutting down and abandoning module SignificanceManager (358)
[2022.02.26-22.48.05:868][503]LogModuleManager: Shutting down and abandoning module RuntimePhysXCooking (356)
[2022.02.26-22.48.05:868][503]LogModuleManager: Shutting down and abandoning module PropertyAccessEditor (354)
[2022.02.26-22.48.05:868][503]LogModuleManager: Shutting down and abandoning module PhysXVehiclesEditor (352)
[2022.02.26-22.48.05:868][503]LogModuleManager: Shutting down and abandoning module LocationServicesBPLibrary (348)
[2022.02.26-22.48.05:868][503]LogModuleManager: Shutting down and abandoning module AudioSynesthesia (346)
[2022.02.26-22.48.05:868][503]LogModuleManager: Shutting down and abandoning module AudioSynesthesiaCore (344)
[2022.02.26-22.48.05:868][503]LogModuleManager: Shutting down and abandoning module ActorSequence (342)
[2022.02.26-22.48.05:868][503]LogModuleManager: Shutting down and abandoning module ImgMediaEngine (340)
[2022.02.26-22.48.05:868][503]LogModuleManager: Shutting down and abandoning module PythonScriptPlugin (338)
[2022.02.26-22.48.05:868][503]LogModuleManager: Shutting down and abandoning module UdpMessaging (336)
[2022.02.26-22.48.05:970][503]LogModuleManager: Shutting down and abandoning module TcpMessaging (334)
[2022.02.26-22.48.06:392][503]LogModuleManager: Shutting down and abandoning module MagicLeapARPin (332)
[2022.02.26-22.48.06:392][503]LogModuleManager: Shutting down and abandoning module MagicLeapHandMeshing (330)
[2022.02.26-22.48.06:392][503]LogModuleManager: Shutting down and abandoning module MagicLeapSecureStorage (328)
[2022.02.26-22.48.06:392][503]LogModuleManager: Shutting down and abandoning module MagicLeapPrivileges (326)
[2022.02.26-22.48.06:392][503]LogModuleManager: Shutting down and abandoning module MagicLeapPlanes (324)
[2022.02.26-22.48.06:392][503]LogMagicLeapPlanes: Planes tracker already destroyed.
[2022.02.26-22.48.06:392][503]LogModuleManager: Shutting down and abandoning module MagicLeapImageTracker (322)
[2022.02.26-22.48.06:392][503]LogModuleManager: Shutting down and abandoning module MagicLeapIdentity (320)
[2022.02.26-22.48.06:392][503]LogModuleManager: Shutting down and abandoning module MagicLeapHandTracking (318)
[2022.02.26-22.48.06:392][503]LogModuleManager: Shutting down and abandoning module MagicLeapEyeTracker (316)
[2022.02.26-22.48.06:392][503]LogModuleManager: Shutting down and abandoning module MagicLeapController (314)
[2022.02.26-22.48.06:392][503]LogModuleManager: Shutting down and abandoning module MagicLeapARPinImpl (312)
[2022.02.26-22.48.06:392][503]LogModuleManager: Shutting down and abandoning module MagicLeapAR (310)
[2022.02.26-22.48.06:392][503]LogModuleManager: Shutting down and abandoning module NiagaraAnimNotifies (308)
[2022.02.26-22.48.06:392][503]LogModuleManager: Shutting down and abandoning module Niagara (306)
[2022.02.26-22.48.06:392][503]LogModuleManager: Shutting down and abandoning module SignalProcessing (305)
[2022.02.26-22.48.06:392][503]LogModuleManager: Shutting down and abandoning module NiagaraEditor (303)
[2022.02.26-22.48.06:393][503]LogModuleManager: Shutting down and abandoning module ContentBrowser (302)
[2022.02.26-22.48.06:393][503]LogModuleManager: Shutting down and abandoning module CollectionManager (301)
[2022.02.26-22.48.06:393][503]LogModuleManager: Shutting down and abandoning module DirectoryWatcher (300)
[2022.02.26-22.48.06:393][503]LogModuleManager: Shutting down and abandoning module ContentBrowserData (297)
[2022.02.26-22.48.06:393][503]LogModuleManager: Shutting down and abandoning module NiagaraCore (292)
[2022.02.26-22.48.06:393][503]LogModuleManager: Shutting down and abandoning module GameplayTagsEditor (290)
[2022.02.26-22.48.06:393][503]LogModuleManager: Shutting down and abandoning module FacialAnimation (288)
[2022.02.26-22.48.06:393][503]LogModuleManager: Shutting down and abandoning module PropertyAccessNode (286)
[2022.02.26-22.48.06:393][503]LogModuleManager: Shutting down and abandoning module AssetManagerEditor (284)
[2022.02.26-22.48.06:393][503]LogModuleManager: Shutting down and abandoning module TreeMap (283)
[2022.02.26-22.48.06:393][503]LogModuleManager: Shutting down and abandoning module AnimationSharing (280)
[2022.02.26-22.48.06:393][503]LogModuleManager: Shutting down and abandoning module GameplayCameras (278)
[2022.02.26-22.48.06:393][503]LogModuleManager: Shutting down and abandoning module LightPropagationVolumeRuntime (276)
[2022.02.26-22.48.06:393][503]LogModuleManager: Shutting down and abandoning module EnvironmentQueryEditor (274)
[2022.02.26-22.48.06:393][503]LogModuleManager: Shutting down and abandoning module Paper2D (272)
[2022.02.26-22.48.06:393][503]LogModuleManager: Shutting down and abandoning module WindowsMoviePlayer (270)
[2022.02.26-22.48.06:393][503]LogModuleManager: Shutting down and abandoning module WebMMoviePlayer (268)
[2022.02.26-22.48.06:393][503]LogModuleManager: Shutting down and abandoning module NetworkReplayStreaming (266)
[2022.02.26-22.48.06:393][503]LogModuleManager: Shutting down and abandoning module PacketHandler (264)
[2022.02.26-22.48.06:393][503]LogModuleManager: Shutting down and abandoning module ClothingSystemEditor (262)
[2022.02.26-22.48.06:393][503]LogModuleManager: Shutting down and abandoning module ClothingSystemRuntimeNv (260)
[2022.02.26-22.48.06:393][503]LogModuleManager: Shutting down and abandoning module MediaAssets (258)
[2022.02.26-22.48.06:393][503]LogModuleManager: Shutting down and abandoning module Overlay (256)
[2022.02.26-22.48.06:393][503]LogModuleManager: Shutting down and abandoning module OverlayEditor (255)
[2022.02.26-22.48.06:393][503]LogModuleManager: Shutting down and abandoning module VREditor (252)
[2022.02.26-22.48.06:393][503]LogModuleManager: Shutting down and abandoning module StringTableEditor (250)
[2022.02.26-22.48.06:393][503]LogModuleManager: Shutting down and abandoning module GameplayTasksEditor (248)
[2022.02.26-22.48.06:393][503]LogModuleManager: Shutting down and abandoning module BehaviorTreeEditor (246)
[2022.02.26-22.48.06:393][503]LogModuleManager: Shutting down and abandoning module FunctionalTesting (244)
[2022.02.26-22.48.06:393][503]LogModuleManager: Shutting down and abandoning module CollisionAnalyzer (242)
[2022.02.26-22.48.06:393][503]LogModuleManager: Shutting down and abandoning module WorkspaceMenuStructure (241)
[2022.02.26-22.48.06:393][503]LogModuleManager: Shutting down and abandoning module UMG (238)
[2022.02.26-22.48.06:393][503]LogModuleManager: Shutting down and abandoning module UMGEditor (237)
[2022.02.26-22.48.06:393][503]LogModuleManager: Shutting down and abandoning module Sequencer (236)
[2022.02.26-22.48.06:393][503]LogModuleManager: Shutting down and abandoning module MessageLog (233)
[2022.02.26-22.48.06:394][503]LogModuleManager: Shutting down and abandoning module SlateReflector (228)
[2022.02.26-22.48.06:394][503]LogModuleManager: Shutting down and abandoning module Slate (226)
[2022.02.26-22.48.06:394][503]LogModuleManager: Shutting down and abandoning module SlateCore (224)
[2022.02.26-22.48.06:394][503]LogModuleManager: Shutting down and abandoning module LandscapeEditorUtilities (222)
[2022.02.26-22.48.06:394][503]LogModuleManager: Shutting down and abandoning module UnrealEd (220)
[2022.02.26-22.48.06:394][503]LogModuleManager: Shutting down and abandoning module MRMesh (218)
[2022.02.26-22.48.06:394][503]LogModuleManager: Shutting down and abandoning module Messaging (216)
[2022.02.26-22.48.06:394][503]LogModuleManager: Shutting down and abandoning module SourceCodeAccess (214)
[2022.02.26-22.48.06:394][503]LogModuleManager: Shutting down and abandoning module HeadMountedDisplay (212)
[2022.02.26-22.48.06:394][503]LogModuleManager: Shutting down and abandoning module XAudio2 (210)
[2022.02.26-22.48.06:394][503]LogModuleManager: Shutting down and abandoning module Networking (208)
[2022.02.26-22.48.06:394][503]LogModuleManager: Shutting down and abandoning module Core (206)
[2022.02.26-22.48.06:394][503]LogModuleManager: Shutting down and abandoning module MaterialEditor (204)
[2022.02.26-22.48.06:394][503]LogModuleManager: Shutting down and abandoning module MovieSceneTools (202)
[2022.02.26-22.48.06:394][503]LogModuleManager: Shutting down and abandoning module EditorStyle (201)
[2022.02.26-22.48.06:395][503]LogModuleManager: Shutting down and abandoning module KismetCompiler (198)
[2022.02.26-22.48.06:395][503]LogModuleManager: Shutting down and abandoning module MeshBuilder (196)
[2022.02.26-22.48.06:395][503]LogModuleManager: Shutting down and abandoning module MeshUtilities (194)
[2022.02.26-22.48.06:395][503]LogModuleManager: Shutting down and abandoning module MeshMergeUtilities (193)
[2022.02.26-22.48.06:395][503]LogModuleManager: Shutting down and abandoning module MeshReductionInterface (192)
[2022.02.26-22.48.06:395][503]LogModuleManager: Shutting down and abandoning module MeshBoneReduction (191)
[2022.02.26-22.48.06:395][503]LogModuleManager: Shutting down and abandoning module SkeletalMeshReduction (189)
[2022.02.26-22.48.06:395][503]LogModuleManager: Shutting down and abandoning module ProxyLODMeshReduction (187)
[2022.02.26-22.48.06:395][503]LogModuleManager: Shutting down and abandoning module QuadricMeshReduction (185)
[2022.02.26-22.48.06:395][503]LogModuleManager: Shutting down and abandoning module MaterialBaking (181)
[2022.02.26-22.48.06:395][503]LogModuleManager: Shutting down and abandoning module NullInstallBundleManager (176)
[2022.02.26-22.48.06:395][503]LogModuleManager: Shutting down and abandoning module PIEPreviewDeviceProfileSelector (174)
[2022.02.26-22.48.06:395][503]LogModuleManager: Shutting down and abandoning module DerivedDataCache (172)
[2022.02.26-22.48.06:395][503]LogModuleManager: Shutting down and abandoning module TargetPlatform (170)
[2022.02.26-22.48.06:395][503]LogModuleManager: Shutting down and abandoning module VulkanShaderFormat (169)
[2022.02.26-22.48.06:395][503]LogModuleManager: Shutting down and abandoning module ShaderFormatVectorVM (167)
[2022.02.26-22.48.06:395][503]LogModuleManager: Shutting down and abandoning module ShaderFormatOpenGL (165)
[2022.02.26-22.48.06:395][503]LogModuleManager: Shutting down and abandoning module ShaderFormatD3D (163)
[2022.02.26-22.48.06:395][503]LogModuleManager: Shutting down and abandoning module MetalShaderFormat (161)
[2022.02.26-22.48.06:395][503]LogModuleManager: Shutting down and abandoning module TextureFormatOodle (159)
[2022.02.26-22.48.06:395][503]LogModuleManager: Shutting down and abandoning module TextureFormatUncompressed (157)
[2022.02.26-22.48.06:395][503]LogModuleManager: Shutting down and abandoning module TextureFormatPVR (155)
[2022.02.26-22.48.06:395][503]LogModuleManager: Shutting down and abandoning module TextureFormatETC2 (153)
[2022.02.26-22.48.06:395][503]LogModuleManager: Shutting down and abandoning module TextureFormatDXT (151)
[2022.02.26-22.48.06:395][503]LogModuleManager: Shutting down and abandoning module TextureFormatIntelISPCTexComp (149)
[2022.02.26-22.48.06:395][503]LogModuleManager: Shutting down and abandoning module TextureFormatASTC (147)
[2022.02.26-22.48.06:395][503]LogModuleManager: Shutting down and abandoning module ImageWrapper (146)
[2022.02.26-22.48.06:395][503]LogModuleManager: Shutting down and abandoning module AudioFormatOpus (143)
[2022.02.26-22.48.06:395][503]LogModuleManager: Shutting down and abandoning module AudioFormatOgg (141)
[2022.02.26-22.48.06:395][503]LogModuleManager: Shutting down and abandoning module AudioFormatADPCM (139)
[2022.02.26-22.48.06:395][503]LogModuleManager: Shutting down and abandoning module WindowsServerTargetPlatform (137)
[2022.02.26-22.48.06:395][503]LogModuleManager: Shutting down and abandoning module WindowsClientTargetPlatform (135)
[2022.02.26-22.48.06:395][503]LogModuleManager: Shutting down and abandoning module WindowsTargetPlatform (133)
[2022.02.26-22.48.06:395][503]LogModuleManager: Shutting down and abandoning module WindowsNoEditorTargetPlatform (131)
[2022.02.26-22.48.06:395][503]LogModuleManager: Shutting down and abandoning module D3D11RHI (128)
[2022.02.26-22.48.06:395][503]LogModuleManager: Shutting down and abandoning module InputCore (126)
[2022.02.26-22.48.06:395][503]LogModuleManager: Shutting down and abandoning module Settings (124)
[2022.02.26-22.48.06:395][503]LogModuleManager: Shutting down and abandoning module PhysXCooking (122)
[2022.02.26-22.48.06:395][503]LogModuleManager: Shutting down and abandoning module Chaos (120)
[2022.02.26-22.48.06:395][503]LogModuleManager: Shutting down and abandoning module WindowsPlatformFeatures (118)
[2022.02.26-22.48.06:396][503]LogModuleManager: Shutting down and abandoning module GameplayMediaEncoder (117)
[2022.02.26-22.48.06:396][503]LogModuleManager: Shutting down and abandoning module AVEncoder (116)
[2022.02.26-22.48.06:396][503]LogModuleManager: Shutting down and abandoning module OculusHMD (112)
[2022.02.26-22.48.06:396][503]LogModuleManager: Shutting down and abandoning module VariantManagerContent (110)
[2022.02.26-22.48.06:396][503]LogModuleManager: Shutting down and abandoning module DatasmithContent (108)
[2022.02.26-22.48.06:396][503]LogModuleManager: Shutting down and abandoning module OpenXRHandTracking (106)
[2022.02.26-22.48.06:396][503]LogSlate: Slate User Destroyed.  User Index 0, Is Virtual User: 0
[2022.02.26-22.48.06:396][503]LogModuleManager: Shutting down and abandoning module OpenXREyeTracker (104)
[2022.02.26-22.48.06:396][503]LogModuleManager: Shutting down and abandoning module OpenXRAR (102)
[2022.02.26-22.48.06:396][503]LogModuleManager: Shutting down and abandoning module AugmentedReality (101)
[2022.02.26-22.48.06:396][503]LogModuleManager: Shutting down and abandoning module OpenXRHMD (98)
[2022.02.26-22.48.06:396][503]LogModuleManager: Shutting down and abandoning module ExampleDeviceProfileSelector (96)
[2022.02.26-22.48.06:396][503]LogModuleManager: Shutting down and abandoning module ChunkDownloader (94)
[2022.02.26-22.48.06:396][503]LogModuleManager: Shutting down and abandoning module LauncherChunkInstaller (92)
[2022.02.26-22.48.06:396][503]LogModuleManager: Shutting down and abandoning module OnlineBlueprintSupport (90)
[2022.02.26-22.48.06:396][503]LogModuleManager: Shutting down and abandoning module OnlineSubsystem (86)
[2022.02.26-22.48.06:396][503]LogModuleManager: Shutting down and abandoning module XMPP (81)
[2022.02.26-22.48.06:397][503]LogModuleManager: Shutting down and abandoning module WebSockets (80)
[2022.02.26-22.48.06:430][503]LogModuleManager: Shutting down and abandoning module HTTP (77)
[2022.02.26-22.48.06:430][503]LogHttp: Display: cleaning up 0 outstanding Http requests.
[2022.02.26-22.48.06:457][503]LogModuleManager: Shutting down and abandoning module SSL (76)
[2022.02.26-22.48.06:458][503]LogModuleManager: Shutting down and abandoning module EOSShared (72)
[2022.02.26-22.48.06:458][503]LogModuleManager: Shutting down and abandoning module WmfMedia (70)
[2022.02.26-22.48.06:459][503]LogModuleManager: Shutting down and abandoning module Media (69)
[2022.02.26-22.48.06:460][503]LogModuleManager: Shutting down and abandoning module MediaInfo (68)
[2022.02.26-22.48.06:460][503]LogModuleManager: Shutting down and abandoning module ExrReaderGpu (64)
[2022.02.26-22.48.06:460][503]LogModuleManager: Shutting down and abandoning module MLSDK (62)
[2022.02.26-22.48.06:460][503]LogModuleManager: Shutting down and abandoning module MagicLeap (60)
[2022.02.26-22.48.06:460][503]LogModuleManager: Shutting down and abandoning module ChaosCloth (58)
[2022.02.26-22.48.06:460][503]LogModuleManager: Shutting down and abandoning module NiagaraVertexFactories (56)
[2022.02.26-22.48.06:460][503]LogModuleManager: Shutting down and abandoning module NiagaraShader (54)
[2022.02.26-22.48.06:460][503]LogModuleManager: Shutting down and abandoning module PixWinPlugin (52)
[2022.02.26-22.48.06:460][503]LogModuleManager: Shutting down and abandoning module AISupportModule (50)
[2022.02.26-22.48.06:460][503]LogModuleManager: Shutting down and abandoning module DesktopPlatform (48)
[2022.02.26-22.48.06:460][503]LogModuleManager: Shutting down and abandoning module PythonScriptPluginPreload (46)
[2022.02.26-22.48.06:460][503]LogModuleManager: Shutting down and abandoning module PlatformCryptoOpenSSL (44)
[2022.02.26-22.48.06:460][503]LogModuleManager: Shutting down and abandoning module PlatformCryptoTypes (42)
[2022.02.26-22.48.06:460][503]LogModuleManager: Shutting down and abandoning module PlatformCrypto (40)
[2022.02.26-22.48.06:460][503]LogModuleManager: Shutting down and abandoning module OodleDataCompressionFormat (38)
[2022.02.26-22.48.06:460][503]LogModuleManager: Shutting down and abandoning module XGEController (36)
[2022.02.26-22.48.06:460][503]LogModuleManager: Shutting down and abandoning module AnimationModifiers (34)
[2022.02.26-22.48.06:460][503]LogModuleManager: Shutting down and abandoning module AudioEditor (32)
[2022.02.26-22.48.06:460][503]LogModuleManager: Shutting down and abandoning module PropertyEditor (31)
[2022.02.26-22.48.06:460][503]LogModuleManager: Shutting down and abandoning module TextureCompressor (28)
[2022.02.26-22.48.06:460][503]LogModuleManager: Shutting down and abandoning module RenderCore (26)
[2022.02.26-22.48.06:460][503]LogModuleManager: Shutting down and abandoning module Landscape (24)
[2022.02.26-22.48.06:460][503]LogModuleManager: Shutting down and abandoning module SlateRHIRenderer (22)
[2022.02.26-22.48.06:460][503]LogModuleManager: Shutting down and abandoning module AnimGraphRuntime (20)
[2022.02.26-22.48.06:460][503]LogModuleManager: Shutting down and abandoning module Renderer (18)
[2022.02.26-22.48.06:460][503]LogModuleManager: Shutting down and abandoning module Engine (16)
[2022.02.26-22.48.06:460][503]LogModuleManager: Shutting down and abandoning module CoreUObject (14)
[2022.02.26-22.48.06:460][503]LogModuleManager: Shutting down and abandoning module NetworkFile (12)
[2022.02.26-22.48.06:460][503]LogModuleManager: Shutting down and abandoning module CookedIterativeFile (10)
[2022.02.26-22.48.06:460][503]LogModuleManager: Shutting down and abandoning module StreamingFile (8)
[2022.02.26-22.48.06:460][503]LogModuleManager: Shutting down and abandoning module SandboxFile (6)
[2022.02.26-22.48.06:460][503]LogModuleManager: Shutting down and abandoning module PakFile (4)
[2022.02.26-22.48.06:460][503]LogModuleManager: Shutting down and abandoning module RSA (3)
[2022.02.26-22.48.06:862][503]LogContentStreaming: Display: There are 1 unreleased StreamingManagers
[2022.02.26-22.48.06:873][503]LogD3D11RHI: Shutdown
[2022.02.26-22.48.06:873][503]LogD3D11RHI: CleanupD3DDevice
[2022.02.26-22.48.06:874][503]LogExit: Exiting.
[2022.02.26-22.48.06:921][503]Log file closed, 02/26/22 17:48:06
