Log file open, 02/16/22 19:29:23
LogWindows: Failed to load 'aqProf.dll' (GetLastError=126)
LogWindows: File 'aqProf.dll' does not exist
LogWindows: Failed to load 'VtuneApi.dll' (GetLastError=126)
LogWindows: File 'VtuneApi.dll' does not exist
LogWindows: Failed to load 'VtuneApi32e.dll' (GetLastError=126)
LogWindows: File 'VtuneApi32e.dll' does not exist
LogConsoleResponse: Display: Failed to find resolution value strings in scalability ini. Falling back to default.
LogConsoleResponse: Display: Failed to find resolution value strings in scalability ini. Falling back to default.
LogInit: Display: Running engine for game: GAME259_A_URE
LogPlatformFile: Not using cached read wrapper
LogTaskGraph: Started task graph with 5 named threads and 35 total threads with 3 sets of task threads.
LogStats: Stats thread started at 1.069796
LogICUInternationalization: ICU TimeZone Detection - Raw Offset: -5:00, Platform Override: ''
LogInit: Display: Loading text-based GConfig....
LogPluginManager: Mounting plugin MeshPainting
LogPluginManager: Mounting plugin XGEController
LogPluginManager: Mounting plugin Paper2D
LogPluginManager: Mounting plugin AISupport
LogPluginManager: Mounting plugin LiveLink
LogPluginManager: Mounting plugin LightPropagationVolume
LogPluginManager: Mounting plugin CameraShakePreviewer
LogPluginManager: Mounting plugin AnimationSharing
LogPluginManager: Mounting plugin GameplayCameras
LogPluginManager: Mounting plugin EnvironmentQueryEditor
LogPluginManager: Mounting plugin CLionSourceCodeAccess
LogPluginManager: Mounting plugin CodeLiteSourceCodeAccess
LogPluginManager: Mounting plugin GitSourceControl
LogPluginManager: Mounting plugin PlasticSourceControl
LogPluginManager: Mounting plugin SubversionSourceControl
LogPluginManager: Mounting plugin KDevelopSourceCodeAccess
LogPluginManager: Mounting plugin PluginUtils
LogPluginManager: Mounting plugin NullSourceCodeAccess
LogPluginManager: Mounting plugin RiderSourceCodeAccess
LogPluginManager: Mounting plugin UObjectPlugin
LogPluginManager: Mounting plugin PropertyAccessNode
LogPluginManager: Mounting plugin OodleData
LogPluginManager: Mounting plugin AssetManagerEditor
LogPluginManager: Mounting plugin PerforceSourceControl
LogPluginManager: Mounting plugin VisualStudioCodeSourceCodeAccess
LogPluginManager: Mounting plugin OodleNetwork
LogPluginManager: Mounting plugin TextureFormatOodle
LogPluginManager: Mounting plugin VisualStudioSourceCodeAccess
LogPluginManager: Mounting plugin XCodeSourceCodeAccess
LogPluginManager: Mounting plugin PixWinPlugin
LogPluginManager: Mounting plugin CryptoKeys
LogPluginManager: Mounting plugin DataValidation
LogPluginManager: Mounting plugin CurveEditorTools
LogPluginManager: Mounting plugin FacialAnimation
LogPluginManager: Mounting plugin GameplayTagsEditor
LogPluginManager: Mounting plugin MacGraphicsSwitching
LogPluginManager: Mounting plugin PluginBrowser
LogPluginManager: Mounting plugin GeometryMode
LogPluginManager: Mounting plugin MaterialAnalyzer
LogPluginManager: Mounting plugin AlembicImporter
LogPluginManager: Mounting plugin MobileLauncherProfileWizard
LogPluginManager: Mounting plugin SpeedTreeImporter
LogPluginManager: Mounting plugin BackChannel
LogPluginManager: Mounting plugin AutomationUtils
LogPluginManager: Mounting plugin ChaosCloth
LogPluginManager: Mounting plugin CharacterAI
LogPluginManager: Mounting plugin ChaosEditor
LogPluginManager: Mounting plugin ChaosNiagara
LogPluginManager: Mounting plugin ChaosSolverPlugin
LogPluginManager: Mounting plugin ChaosClothEditor
LogPluginManager: Mounting plugin GeometryCache
LogPluginManager: Mounting plugin GeometryCollectionPlugin
LogPluginManager: Mounting plugin GeometryProcessing
LogPluginManager: Mounting plugin MotoSynth
LogPluginManager: Mounting plugin ProxyLODPlugin
LogPluginManager: Mounting plugin OpenImageDenoise
LogPluginManager: Mounting plugin PlanarCut
LogPluginManager: Mounting plugin PythonScriptPlugin
LogPluginManager: Mounting plugin PlatformCrypto
LogPluginManager: Mounting plugin SkeletalReduction
LogPluginManager: Mounting plugin Niagara
LogPluginManager: Mounting plugin DatasmithContent
LogPluginManager: Mounting plugin LuminPlatformFeatures
LogPluginManager: Mounting plugin VariantManagerContent
LogPluginManager: Mounting plugin MagicLeap
LogPluginManager: Mounting plugin MagicLeapMedia
LogPluginManager: Mounting plugin MLSDK
LogPluginManager: Mounting plugin MagicLeapPassableWorld
LogPluginManager: Mounting plugin MagicLeapLightEstimation
LogPluginManager: Mounting plugin AndroidMedia
LogPluginManager: Mounting plugin AvfMedia
LogPluginManager: Mounting plugin ImgMedia
LogPluginManager: Mounting plugin MediaPlayerEditor
LogPluginManager: Mounting plugin MediaCompositing
LogPluginManager: Mounting plugin ActorSequence
LogPluginManager: Mounting plugin WebMMedia
LogPluginManager: Mounting plugin LevelSequenceEditor
LogPluginManager: Mounting plugin WmfMedia
LogPluginManager: Mounting plugin TemplateSequence
LogPluginManager: Mounting plugin UdpMessaging
LogPluginManager: Mounting plugin MatineeToLevelSequence
LogPluginManager: Mounting plugin TcpMessaging
LogPluginManager: Mounting plugin OnlineSubsystem
LogPluginManager: Mounting plugin EOSShared
LogPluginManager: Mounting plugin OnlineSubsystemNull
LogPluginManager: Mounting plugin OnlineSubsystemSteam
LogPluginManager: Mounting plugin ActorLayerUtilities
LogPluginManager: Mounting plugin OnlineSubsystemUtils
LogPluginManager: Mounting plugin LauncherChunkInstaller
LogPluginManager: Mounting plugin AndroidDeviceProfileSelector
LogPluginManager: Mounting plugin AppleImageUtils
LogPluginManager: Mounting plugin AndroidMoviePlayer
LogPluginManager: Mounting plugin ArchVisCharacter
LogPluginManager: Mounting plugin AndroidPermission
LogPluginManager: Mounting plugin CustomMeshComponent
LogPluginManager: Mounting plugin AudioSynesthesia
LogPluginManager: Mounting plugin AssetTags
LogPluginManager: Mounting plugin ChunkDownloader
LogPluginManager: Mounting plugin ExampleDeviceProfileSelector
LogPluginManager: Mounting plugin AudioCapture
LogPluginManager: Mounting plugin AppleMoviePlayer
LogPluginManager: Mounting plugin CableComponent
LogPluginManager: Mounting plugin EditableMesh
LogPluginManager: Mounting plugin GooglePAD
LogPluginManager: Mounting plugin GoogleCloudMessaging
LogPluginManager: Mounting plugin IOSDeviceProfileSelector
LogPluginManager: Mounting plugin LinuxDeviceProfileSelector
LogPluginManager: Mounting plugin LocationServicesBPLibrary
LogPluginManager: Mounting plugin MobilePatchingUtils
LogPluginManager: Mounting plugin OpenXR
LogPluginManager: Mounting plugin ProceduralMeshComponent
LogPluginManager: Mounting plugin PhysXVehicles
LogPluginManager: Mounting plugin OpenXREyeTracker
LogPluginManager: Mounting plugin OpenXRHandTracking
LogPluginManager: Mounting plugin SoundFields
LogPluginManager: Mounting plugin PropertyAccessEditor
LogPluginManager: Mounting plugin SignificanceManager
LogPluginManager: Mounting plugin PostSplashScreen
LogPluginManager: Mounting plugin RuntimePhysXCooking
LogPluginManager: Mounting plugin Synthesis
LogPluginManager: Mounting plugin WebMMoviePlayer
LogPluginManager: Mounting plugin WindowsMoviePlayer
LogPluginManager: Mounting plugin ScreenshotTools
LogPluginManager: Mounting plugin Takes
LogPluginManager: Mounting plugin ContentBrowserAssetDataSource
LogPluginManager: Mounting plugin ContentBrowserClassDataSource
LogPluginManager: Mounting plugin ContentBrowserFileDataSource
LogPluginManager: Mounting plugin OnlineSubsystemGooglePlay
LogPluginManager: Mounting plugin OnlineSubsystemIOS
LogPluginManager: Mounting plugin EOSVoiceChat
LogPluginManager: Mounting plugin OculusVR
LogPluginManager: Mounting plugin SteamShared
LogInit: Warning: Incompatible or missing module: GAME259_A_URE
Running C:/Program Files/Epic Games/UE_4.27/Engine/Binaries/DotNET/UnrealBuildTool.exe Development Win64 -Project="C:/Users/yanus/Desktop/GitHub/GAME259/GAME259-2022-A/GAME259_A_URE/GAME259_A_URE.uproject" -TargetType=Editor -Progress -NoEngineChanges -NoHotReloadFromIDE
Using 'git status' to determine working set for adaptive non-unity build (C:\Users\yanus\Desktop\GitHub\GAME259\GAME259-2022-A).
Creating makefile for GAME259_A_UREEditor (game project files are newer)
@progress push 5%
Parsing headers for GAME259_A_UREEditor
  Running UnrealHeaderTool "C:\Users\yanus\Desktop\GitHub\GAME259\GAME259-2022-A\GAME259_A_URE\GAME259_A_URE.uproject" "C:\Users\yanus\Desktop\GitHub\GAME259\GAME259-2022-A\GAME259_A_URE\Intermediate\Build\Win64\GAME259_A_UREEditor\Development\GAME259_A_UREEditor.uhtmanifest" -LogCmds="loginit warning, logexit warning, logdatabase error" -Unattended -WarningsAsErrors -abslog="C:\Users\yanus\AppData\Local\UnrealBuildTool\Log_UHT.txt" -installed
LogInit: Display: Loading text-based GConfig....
Reflection code generated for GAME259_A_UREEditor in 13.2975007 seconds
@progress pop
Building GAME259_A_UREEditor...
Using Visual Studio 2019 14.29.30133 toolchain (C:\Program Files (x86)\Microsoft Visual Studio\2019\Community\VC\Tools\MSVC\14.29.30133) and Windows 10.0.18362.0 SDK (C:\Program Files (x86)\Windows Kits\10).
Building 15 actions with 12 processes...
  @progress 'Compiling C++ source code...' 0%
  @progress 'Compiling C++ source code...' 7%
  [1/15] Default.rc2
  @progress 'Compiling C++ source code...' 13%
  [2/15] SharedPCH.Engine.ShadowErrors.cpp
  @progress 'Compiling C++ source code...' 20%
  [3/15] GAME259_A_URE.cpp
  @progress 'Compiling C++ source code...' 27%
  [4/15] GameInstance_GAME259_A_URE.cpp
  @progress 'Compiling C++ source code...' 33%
  [5/15] GAME259_PlayerController.cpp
  @progress 'Compiling C++ source code...' 40%
  [6/15] GAME259_A_URE.init.gen.cpp
  @progress 'Compiling C++ source code...' 47%
  [7/15] GAME259_PlayerController.gen.cpp
  @progress 'Compiling C++ source code...' 53%
  [8/15] GameInstance_GAME259_A_URE.gen.cpp
  @progress 'Compiling C++ source code...' 60%
  [9/15] GAME259_A_UREGameMode.gen.cpp
  @progress 'Compiling C++ source code...' 67%
  [10/15] GAME259_A_URECharacter.gen.cpp
  @progress 'Compiling C++ source code...' 73%
  [11/15] GAME259_A_UREGameMode.cpp
  @progress 'Compiling C++ source code...' 80%
  [12/15] GAME259_A_URECharacter.cpp
  @progress 'Compiling C++ source code...' 87%
  [13/15] UE4Editor-GAME259_A_URE.lib
     Creating library C:\Users\yanus\Desktop\GitHub\GAME259\GAME259-2022-A\GAME259_A_URE\Intermediate\Build\Win64\UE4Editor\Development\GAME259_A_URE\UE4Editor-GAME259_A_URE.lib and object C:\Users\yanus\Desktop\GitHub\GAME259\GAME259-2022-A\GAME259_A_URE\Intermediate\Build\Win64\UE4Editor\Development\GAME259_A_URE\UE4Editor-GAME259_A_URE.exp
  @progress 'Compiling C++ source code...' 93%
  [14/15] UE4Editor-GAME259_A_URE.dll
     Creating library C:\Users\yanus\Desktop\GitHub\GAME259\GAME259-2022-A\GAME259_A_URE\Intermediate\Build\Win64\UE4Editor\Development\GAME259_A_URE\UE4Editor-GAME259_A_URE.suppressed.lib and object C:\Users\yanus\Desktop\GitHub\GAME259\GAME259-2022-A\GAME259_A_URE\Intermediate\Build\Win64\UE4Editor\Development\GAME259_A_URE\UE4Editor-GAME259_A_URE.suppressed.exp
  @progress 'Compiling C++ source code...' 100%
  [15/15] GAME259_A_UREEditor.target
Total time in Parallel executor: 26.19 seconds
Total execution time: 42.70 seconds
PixWinPlugin: PIX capture plugin failed to initialize! Check that the process is launched from PIX.
LogInit: Using libcurl 7.55.1-DEV
LogInit:  - built for x86_64-pc-win32
LogInit:  - supports SSL with OpenSSL/1.1.1
LogInit:  - supports HTTP deflate (compression) using libz 1.2.8
LogInit:  - other features:
LogInit:      CURL_VERSION_SSL
LogInit:      CURL_VERSION_LIBZ
LogInit:      CURL_VERSION_IPV6
LogInit:      CURL_VERSION_ASYNCHDNS
LogInit:      CURL_VERSION_LARGEFILE
LogInit:      CURL_VERSION_IDN
LogInit:  CurlRequestOptions (configurable via config and command line):
LogInit:  - bVerifyPeer = true  - Libcurl will verify peer certificate
LogInit:  - bUseHttpProxy = false  - Libcurl will NOT use HTTP proxy
LogInit:  - bDontReuseConnections = false  - Libcurl will reuse connections
LogInit:  - MaxHostConnections = 16  - Libcurl will limit the number of connections to a host
LogInit:  - LocalHostAddr = Default
LogInit:  - BufferSize = 65536
LogOnline: OSS: Creating online subsystem instance for: NULL
LogInit: WinSock: version 1.1 (2.2), MaxSocks=32767, MaxUdp=65467
LogOnline: OSS: TryLoadSubsystemAndSetDefault: Loaded subsystem for module [NULL]
LogOculusPluginWrapper: OculusPlugin initialized successfully
LogHMD: Failed initializing OVRPlugin 1.59.0
LogInit: Build: ++UE4+Release-4.27-CL-18319896
LogInit: Engine Version: 4.27.2-18319896+++UE4+Release-4.27
LogInit: Compatible Engine Version: 4.27.0-17155196+++UE4+Release-4.27
LogInit: Net CL: 17155196
LogInit: OS: Windows 10 (Release 2009) (), CPU: Intel(R) Core(TM) i7-10750H CPU @ 2.60GHz, GPU: Intel(R) UHD Graphics
LogInit: Compiled (64-bit): Nov 30 2021 07:12:08
LogInit: Compiled with Visual C++: 19.24.28315.00
LogInit: Build Configuration: Development
LogInit: Branch Name: ++UE4+Release-4.27
LogInit: Command Line: 
LogInit: Base Directory: C:/Program Files/Epic Games/UE_4.27/Engine/Binaries/Win64/
LogInit: Allocator: TBB
LogInit: Installed Engine Build: 1
LogDevObjectVersion: Number of dev versions registered: 29
LogDevObjectVersion:   Dev-Blueprints (B0D832E4-1F89-4F0D-ACCF-7EB736FD4AA2): 10
LogDevObjectVersion:   Dev-Build (E1C64328-A22C-4D53-A36C-8E866417BD8C): 0
LogDevObjectVersion:   Dev-Core (375EC13C-06E4-48FB-B500-84F0262A717E): 4
LogDevObjectVersion:   Dev-Editor (E4B068ED-F494-42E9-A231-DA0B2E46BB41): 40
LogDevObjectVersion:   Dev-Framework (CFFC743F-43B0-4480-9391-14DF171D2073): 37
LogDevObjectVersion:   Dev-Mobile (B02B49B5-BB20-44E9-A304-32B752E40360): 3
LogDevObjectVersion:   Dev-Networking (A4E4105C-59A1-49B5-A7C5-40C4547EDFEE): 0
LogDevObjectVersion:   Dev-Online (39C831C9-5AE6-47DC-9A44-9C173E1C8E7C): 0
LogDevObjectVersion:   Dev-Physics (78F01B33-EBEA-4F98-B9B4-84EACCB95AA2): 14
LogDevObjectVersion:   Dev-Platform (6631380F-2D4D-43E0-8009-CF276956A95A): 0
LogDevObjectVersion:   Dev-Rendering (12F88B9F-8875-4AFC-A67C-D90C383ABD29): 45
LogDevObjectVersion:   Dev-Sequencer (7B5AE74C-D270-4C10-A958-57980B212A5A): 13
LogDevObjectVersion:   Dev-VR (D7296918-1DD6-4BDD-9DE2-64A83CC13884): 3
LogDevObjectVersion:   Dev-LoadTimes (C2A15278-BFE7-4AFE-6C17-90FF531DF755): 1
LogDevObjectVersion:   Private-Geometry (6EACA3D4-40EC-4CC1-B786-8BED09428FC5): 3
LogDevObjectVersion:   Dev-AnimPhys (29E575DD-E0A3-4627-9D10-D276232CDCEA): 17
LogDevObjectVersion:   Dev-Anim (AF43A65D-7FD3-4947-9873-3E8ED9C1BB05): 15
LogDevObjectVersion:   Dev-ReflectionCapture (6B266CEC-1EC7-4B8F-A30B-E4D90942FC07): 1
LogDevObjectVersion:   Dev-Automation (0DF73D61-A23F-47EA-B727-89E90C41499A): 1
LogDevObjectVersion:   FortniteMain (601D1886-AC64-4F84-AA16-D3DE0DEAC7D6): 47
LogDevObjectVersion:   FortniteRelease (E7086368-6B23-4C58-8439-1B7016265E91): 1
LogDevObjectVersion:   Dev-Enterprise (9DFFBCD6-494F-0158-E221-12823C92A888): 10
LogDevObjectVersion:   Dev-Niagara (F2AED0AC-9AFE-416F-8664-AA7FFA26D6FC): 1
LogDevObjectVersion:   Dev-Destruction (174F1F0B-B4C6-45A5-B13F-2EE8D0FB917D): 10
LogDevObjectVersion:   Dev-Physics-Ext (35F94A83-E258-406C-A318-09F59610247C): 41
LogDevObjectVersion:   Dev-PhysicsMaterial-Chaos (B68FC16E-8B1B-42E2-B453-215C058844FE): 1
LogDevObjectVersion:   Dev-CineCamera (B2E18506-4273-CFC2-A54E-F4BB758BBA07): 1
LogDevObjectVersion:   Dev-VirtualProduction (64F58936-FD1B-42BA-BA96-7289D5D0FA4E): 1
LogDevObjectVersion:   Dev-MediaFramework (6F0ED827-A609-4895-9C91-998D90180EA4): 2
LogInit: Presizing for max 25165824 objects, including 0 objects not considered by GC, pre-allocating 0 bytes for permanent pool.
LogConfig: Applying CVar settings from Section [/Script/Engine.StreamingSettings] File [C:/Users/yanus/Desktop/GitHub/GAME259/GAME259-2022-A/GAME259_A_URE/Saved/Config/Windows/Engine.ini]
LogConfig: Setting CVar [[s.MinBulkDataSizeForAsyncLoading:131072]]
LogConfig: Setting CVar [[s.AsyncLoadingThreadEnabled:0]]
LogConfig: Setting CVar [[s.EventDrivenLoaderEnabled:1]]
LogConfig: Setting CVar [[s.WarnIfTimeLimitExceeded:0]]
LogConfig: Setting CVar [[s.TimeLimitExceededMultiplier:1.5]]
LogConfig: Setting CVar [[s.TimeLimitExceededMinTime:0.005]]
LogConfig: Setting CVar [[s.UseBackgroundLevelStreaming:1]]
LogConfig: Setting CVar [[s.PriorityAsyncLoadingExtraTime:15.0]]
LogConfig: Setting CVar [[s.LevelStreamingActorsUpdateTimeLimit:5.0]]
LogConfig: Setting CVar [[s.PriorityLevelStreamingActorsUpdateExtraTime:5.0]]
LogConfig: Setting CVar [[s.LevelStreamingComponentsRegistrationGranularity:10]]
LogConfig: Setting CVar [[s.UnregisterComponentsTimeLimit:1.0]]
LogConfig: Setting CVar [[s.LevelStreamingComponentsUnregistrationGranularity:5]]
LogConfig: Setting CVar [[s.FlushStreamingOnExit:1]]
LogInit: Object subsystem initialized
LogConfig: Setting CVar [[con.DebugEarlyDefault:1]]
LogConfig: Setting CVar [[r.setres:1280x720]]
[2022.02.17-00.30.16:028][  0]LogConfig: Setting CVar [[r.VSync:0]]
[2022.02.17-00.30.16:028][  0]LogConfig: Setting CVar [[r.RHICmdBypass:0]]
[2022.02.17-00.30.16:028][  0]LogConfig: Applying CVar settings from Section [/Script/Engine.RendererSettings] File [C:/Users/yanus/Desktop/GitHub/GAME259/GAME259-2022-A/GAME259_A_URE/Saved/Config/Windows/Engine.ini]
[2022.02.17-00.30.16:028][  0]LogConfig: Setting CVar [[r.GPUCrashDebugging:0]]
[2022.02.17-00.30.16:028][  0]LogConfig: Applying CVar settings from Section [/Script/Engine.RendererOverrideSettings] File [C:/Users/yanus/Desktop/GitHub/GAME259/GAME259-2022-A/GAME259_A_URE/Saved/Config/Windows/Engine.ini]
[2022.02.17-00.30.16:028][  0]LogConfig: Applying CVar settings from Section [/Script/Engine.StreamingSettings] File [C:/Users/yanus/Desktop/GitHub/GAME259/GAME259-2022-A/GAME259_A_URE/Saved/Config/Windows/Engine.ini]
[2022.02.17-00.30.16:028][  0]LogConfig: Setting CVar [[s.MinBulkDataSizeForAsyncLoading:131072]]
[2022.02.17-00.30.16:028][  0]LogConfig: Setting CVar [[s.AsyncLoadingThreadEnabled:0]]
[2022.02.17-00.30.16:028][  0]LogConfig: Setting CVar [[s.EventDrivenLoaderEnabled:1]]
[2022.02.17-00.30.16:028][  0]LogConfig: Setting CVar [[s.WarnIfTimeLimitExceeded:0]]
[2022.02.17-00.30.16:028][  0]LogConfig: Setting CVar [[s.TimeLimitExceededMultiplier:1.5]]
[2022.02.17-00.30.16:028][  0]LogConfig: Setting CVar [[s.TimeLimitExceededMinTime:0.005]]
[2022.02.17-00.30.16:028][  0]LogConfig: Setting CVar [[s.UseBackgroundLevelStreaming:1]]
[2022.02.17-00.30.16:028][  0]LogConfig: Setting CVar [[s.PriorityAsyncLoadingExtraTime:15.0]]
[2022.02.17-00.30.16:028][  0]LogConfig: Setting CVar [[s.LevelStreamingActorsUpdateTimeLimit:5.0]]
[2022.02.17-00.30.16:028][  0]LogConfig: Setting CVar [[s.PriorityLevelStreamingActorsUpdateExtraTime:5.0]]
[2022.02.17-00.30.16:028][  0]LogConfig: Setting CVar [[s.LevelStreamingComponentsRegistrationGranularity:10]]
[2022.02.17-00.30.16:028][  0]LogConfig: Setting CVar [[s.UnregisterComponentsTimeLimit:1.0]]
[2022.02.17-00.30.16:028][  0]LogConfig: Setting CVar [[s.LevelStreamingComponentsUnregistrationGranularity:5]]
[2022.02.17-00.30.16:028][  0]LogConfig: Setting CVar [[s.FlushStreamingOnExit:1]]
[2022.02.17-00.30.16:028][  0]LogConfig: Applying CVar settings from Section [/Script/Engine.GarbageCollectionSettings] File [C:/Users/yanus/Desktop/GitHub/GAME259/GAME259-2022-A/GAME259_A_URE/Saved/Config/Windows/Engine.ini]
[2022.02.17-00.30.16:028][  0]LogConfig: Setting CVar [[gc.MaxObjectsNotConsideredByGC:1]]
[2022.02.17-00.30.16:028][  0]LogConfig: Setting CVar [[gc.SizeOfPermanentObjectPool:0]]
[2022.02.17-00.30.16:028][  0]LogConfig: Setting CVar [[gc.FlushStreamingOnGC:0]]
[2022.02.17-00.30.16:029][  0]LogConfig: Setting CVar [[gc.NumRetriesBeforeForcingGC:10]]
[2022.02.17-00.30.16:029][  0]LogConfig: Setting CVar [[gc.AllowParallelGC:1]]
[2022.02.17-00.30.16:029][  0]LogConfig: Setting CVar [[gc.TimeBetweenPurgingPendingKillObjects:61.1]]
[2022.02.17-00.30.16:029][  0]LogConfig: Setting CVar [[gc.MaxObjectsInEditor:25165824]]
[2022.02.17-00.30.16:029][  0]LogConfig: Setting CVar [[gc.IncrementalBeginDestroyEnabled:1]]
[2022.02.17-00.30.16:029][  0]LogConfig: Setting CVar [[gc.CreateGCClusters:1]]
[2022.02.17-00.30.16:029][  0]LogConfig: Setting CVar [[gc.MinGCClusterSize:5]]
[2022.02.17-00.30.16:029][  0]LogConfig: Setting CVar [[gc.ActorClusteringEnabled:0]]
[2022.02.17-00.30.16:029][  0]LogConfig: Setting CVar [[gc.BlueprintClusteringEnabled:0]]
[2022.02.17-00.30.16:029][  0]LogConfig: Setting CVar [[gc.UseDisregardForGCOnDedicatedServers:0]]
[2022.02.17-00.30.16:029][  0]LogConfig: Setting CVar [[gc.MultithreadedDestructionEnabled:1]]
[2022.02.17-00.30.16:029][  0]LogConfig: Applying CVar settings from Section [/Script/Engine.NetworkSettings] File [C:/Users/yanus/Desktop/GitHub/GAME259/GAME259-2022-A/GAME259_A_URE/Saved/Config/Windows/Engine.ini]
[2022.02.17-00.30.16:029][  0]LogConfig: Applying CVar settings from Section [/Script/UnrealEd.CookerSettings] File [C:/Users/yanus/Desktop/GitHub/GAME259/GAME259-2022-A/GAME259_A_URE/Saved/Config/Windows/Engine.ini]
[2022.02.17-00.30.16:038][  0]LogConfig: Applying CVar settings from Section [ViewDistanceQuality@3] File [C:/Users/yanus/Desktop/GitHub/GAME259/GAME259-2022-A/GAME259_A_URE/Saved/Config/Windows/Scalability.ini]
[2022.02.17-00.30.16:038][  0]LogConfig: Setting CVar [[r.SkeletalMeshLODBias:0]]
[2022.02.17-00.30.16:038][  0]LogConfig: Setting CVar [[r.ViewDistanceScale:1.0]]
[2022.02.17-00.30.16:039][  0]LogConfig: Applying CVar settings from Section [AntiAliasingQuality@3] File [C:/Users/yanus/Desktop/GitHub/GAME259/GAME259-2022-A/GAME259_A_URE/Saved/Config/Windows/Scalability.ini]
[2022.02.17-00.30.16:039][  0]LogConfig: Setting CVar [[r.PostProcessAAQuality:4]]
[2022.02.17-00.30.16:039][  0]LogConfig: Applying CVar settings from Section [ShadowQuality@3] File [C:/Users/yanus/Desktop/GitHub/GAME259/GAME259-2022-A/GAME259_A_URE/Saved/Config/Windows/Scalability.ini]
[2022.02.17-00.30.16:039][  0]LogConfig: Setting CVar [[r.LightFunctionQuality:1]]
[2022.02.17-00.30.16:039][  0]LogConfig: Setting CVar [[r.ShadowQuality:5]]
[2022.02.17-00.30.16:039][  0]LogConfig: Setting CVar [[r.Shadow.CSM.MaxCascades:10]]
[2022.02.17-00.30.16:039][  0]LogConfig: Setting CVar [[r.Shadow.MaxResolution:2048]]
[2022.02.17-00.30.16:039][  0]LogConfig: Setting CVar [[r.Shadow.MaxCSMResolution:2048]]
[2022.02.17-00.30.16:039][  0]LogConfig: Setting CVar [[r.Shadow.RadiusThreshold:0.01]]
[2022.02.17-00.30.16:039][  0]LogConfig: Setting CVar [[r.Shadow.DistanceScale:1.0]]
[2022.02.17-00.30.16:039][  0]LogConfig: Setting CVar [[r.Shadow.CSM.TransitionScale:1.0]]
[2022.02.17-00.30.16:039][  0]LogConfig: Setting CVar [[r.Shadow.PreShadowResolutionFactor:1.0]]
[2022.02.17-00.30.16:039][  0]LogConfig: Setting CVar [[r.DistanceFieldShadowing:1]]
[2022.02.17-00.30.16:039][  0]LogConfig: Setting CVar [[r.DistanceFieldAO:1]]
[2022.02.17-00.30.16:039][  0]LogConfig: Setting CVar [[r.AOQuality:2]]
[2022.02.17-00.30.16:039][  0]LogConfig: Setting CVar [[r.VolumetricFog:1]]
[2022.02.17-00.30.16:039][  0]LogConfig: Setting CVar [[r.VolumetricFog.GridPixelSize:8]]
[2022.02.17-00.30.16:039][  0]LogConfig: Setting CVar [[r.VolumetricFog.GridSizeZ:128]]
[2022.02.17-00.30.16:039][  0]LogConfig: Setting CVar [[r.VolumetricFog.HistoryMissSupersampleCount:4]]
[2022.02.17-00.30.16:039][  0]LogConfig: Setting CVar [[r.LightMaxDrawDistanceScale:1]]
[2022.02.17-00.30.16:039][  0]LogConfig: Setting CVar [[r.CapsuleShadows:1]]
[2022.02.17-00.30.16:039][  0]LogConfig: Applying CVar settings from Section [PostProcessQuality@3] File [C:/Users/yanus/Desktop/GitHub/GAME259/GAME259-2022-A/GAME259_A_URE/Saved/Config/Windows/Scalability.ini]
[2022.02.17-00.30.16:039][  0]LogConfig: Setting CVar [[r.MotionBlurQuality:4]]
[2022.02.17-00.30.16:039][  0]LogConfig: Setting CVar [[r.AmbientOcclusionMipLevelFactor:0.4]]
[2022.02.17-00.30.16:039][  0]LogConfig: Setting CVar [[r.AmbientOcclusionMaxQuality:100]]
[2022.02.17-00.30.16:039][  0]LogConfig: Setting CVar [[r.AmbientOcclusionLevels:-1]]
[2022.02.17-00.30.16:039][  0]LogConfig: Setting CVar [[r.AmbientOcclusionRadiusScale:1.0]]
[2022.02.17-00.30.16:039][  0]LogConfig: Setting CVar [[r.DepthOfFieldQuality:2]]
[2022.02.17-00.30.16:039][  0]LogConfig: Setting CVar [[r.RenderTargetPoolMin:400]]
[2022.02.17-00.30.16:039][  0]LogConfig: Setting CVar [[r.LensFlareQuality:2]]
[2022.02.17-00.30.16:039][  0]LogConfig: Setting CVar [[r.SceneColorFringeQuality:1]]
[2022.02.17-00.30.16:039][  0]LogConfig: Setting CVar [[r.EyeAdaptationQuality:2]]
[2022.02.17-00.30.16:039][  0]LogConfig: Setting CVar [[r.BloomQuality:5]]
[2022.02.17-00.30.16:039][  0]LogConfig: Setting CVar [[r.FastBlurThreshold:100]]
[2022.02.17-00.30.16:039][  0]LogConfig: Setting CVar [[r.Upscale.Quality:3]]
[2022.02.17-00.30.16:039][  0]LogConfig: Setting CVar [[r.Tonemapper.GrainQuantization:1]]
[2022.02.17-00.30.16:039][  0]LogConfig: Setting CVar [[r.LightShaftQuality:1]]
[2022.02.17-00.30.16:039][  0]LogConfig: Setting CVar [[r.Filter.SizeScale:1]]
[2022.02.17-00.30.16:039][  0]LogConfig: Setting CVar [[r.Tonemapper.Quality:5]]
[2022.02.17-00.30.16:039][  0]LogConfig: Setting CVar [[r.DOF.Gather.AccumulatorQuality:1        ; higher gathering accumulator quality]]
[2022.02.17-00.30.16:039][  0]LogConfig: Setting CVar [[r.DOF.Gather.PostfilterMethod:1          ; Median3x3 postfilering method]]
[2022.02.17-00.30.16:039][  0]LogConfig: Setting CVar [[r.DOF.Gather.EnableBokehSettings:0       ; no bokeh simulation when gathering]]
[2022.02.17-00.30.16:039][  0]LogConfig: Setting CVar [[r.DOF.Gather.RingCount:4                 ; medium number of samples when gathering]]
[2022.02.17-00.30.16:039][  0]LogConfig: Setting CVar [[r.DOF.Scatter.ForegroundCompositing:1    ; additive foreground scattering]]
[2022.02.17-00.30.16:039][  0]LogConfig: Setting CVar [[r.DOF.Scatter.BackgroundCompositing:2    ; additive background scattering]]
[2022.02.17-00.30.16:039][  0]LogConfig: Setting CVar [[r.DOF.Scatter.EnableBokehSettings:1      ; bokeh simulation when scattering]]
[2022.02.17-00.30.16:039][  0]LogConfig: Setting CVar [[r.DOF.Scatter.MaxSpriteRatio:0.1         ; only a maximum of 10% of scattered bokeh]]
[2022.02.17-00.30.16:039][  0]LogConfig: Setting CVar [[r.DOF.Recombine.Quality:1                ; cheap slight out of focus]]
[2022.02.17-00.30.16:039][  0]LogConfig: Setting CVar [[r.DOF.Recombine.EnableBokehSettings:0    ; no bokeh simulation on slight out of focus]]
[2022.02.17-00.30.16:039][  0]LogConfig: Setting CVar [[r.DOF.TemporalAAQuality:1                ; more stable temporal accumulation]]
[2022.02.17-00.30.16:039][  0]LogConfig: Setting CVar [[r.DOF.Kernel.MaxForegroundRadius:0.025]]
[2022.02.17-00.30.16:039][  0]LogConfig: Setting CVar [[r.DOF.Kernel.MaxBackgroundRadius:0.025]]
[2022.02.17-00.30.16:039][  0]LogConfig: Applying CVar settings from Section [TextureQuality@3] File [C:/Users/yanus/Desktop/GitHub/GAME259/GAME259-2022-A/GAME259_A_URE/Saved/Config/Windows/Scalability.ini]
[2022.02.17-00.30.16:039][  0]LogConfig: Setting CVar [[r.Streaming.MipBias:0]]
[2022.02.17-00.30.16:039][  0]LogConfig: Setting CVar [[r.Streaming.AmortizeCPUToGPUCopy:0]]
[2022.02.17-00.30.16:039][  0]LogConfig: Setting CVar [[r.Streaming.MaxNumTexturesToStreamPerFrame:0]]
[2022.02.17-00.30.16:039][  0]LogConfig: Setting CVar [[r.Streaming.Boost:1]]
[2022.02.17-00.30.16:039][  0]LogConfig: Setting CVar [[r.MaxAnisotropy:8]]
[2022.02.17-00.30.16:039][  0]LogConfig: Setting CVar [[r.VT.MaxAnisotropy:8]]
[2022.02.17-00.30.16:039][  0]LogConfig: Setting CVar [[r.Streaming.LimitPoolSizeToVRAM:0]]
[2022.02.17-00.30.16:039][  0]LogConfig: Setting CVar [[r.Streaming.PoolSize:1000]]
[2022.02.17-00.30.16:039][  0]LogConfig: Setting CVar [[r.Streaming.MaxEffectiveScreenSize:0]]
[2022.02.17-00.30.16:039][  0]LogConfig: Applying CVar settings from Section [EffectsQuality@3] File [C:/Users/yanus/Desktop/GitHub/GAME259/GAME259-2022-A/GAME259_A_URE/Saved/Config/Windows/Scalability.ini]
[2022.02.17-00.30.16:039][  0]LogConfig: Setting CVar [[r.TranslucencyLightingVolumeDim:64]]
[2022.02.17-00.30.16:039][  0]LogConfig: Setting CVar [[r.RefractionQuality:2]]
[2022.02.17-00.30.16:039][  0]LogConfig: Setting CVar [[r.SSR.Quality:3]]
[2022.02.17-00.30.16:039][  0]LogConfig: Setting CVar [[r.SSR.HalfResSceneColor:0]]
[2022.02.17-00.30.16:039][  0]LogConfig: Setting CVar [[r.SceneColorFormat:4]]
[2022.02.17-00.30.16:039][  0]LogConfig: Setting CVar [[r.DetailMode:2]]
[2022.02.17-00.30.16:039][  0]LogConfig: Setting CVar [[r.TranslucencyVolumeBlur:1]]
[2022.02.17-00.30.16:039][  0]LogConfig: Setting CVar [[r.MaterialQualityLevel:1 ; High quality]]
[2022.02.17-00.30.16:039][  0]LogConfig: Setting CVar [[r.AnisotropicMaterials:1]]
[2022.02.17-00.30.16:039][  0]LogConfig: Setting CVar [[r.SSS.Scale:1]]
[2022.02.17-00.30.16:039][  0]LogConfig: Setting CVar [[r.SSS.SampleSet:2]]
[2022.02.17-00.30.16:039][  0]LogConfig: Setting CVar [[r.SSS.Quality:1]]
[2022.02.17-00.30.16:039][  0]LogConfig: Setting CVar [[r.SSS.HalfRes:0]]
[2022.02.17-00.30.16:039][  0]LogConfig: Setting CVar [[r.SSGI.Quality:3]]
[2022.02.17-00.30.16:039][  0]LogConfig: Setting CVar [[r.EmitterSpawnRateScale:1.0]]
[2022.02.17-00.30.16:039][  0]LogConfig: Setting CVar [[r.ParticleLightQuality:2]]
[2022.02.17-00.30.16:039][  0]LogConfig: Setting CVar [[r.SkyAtmosphere.AerialPerspectiveLUT.FastApplyOnOpaque:1 ; Always have FastSkyLUT 1 in this case to avoid wrong sky]]
[2022.02.17-00.30.16:039][  0]LogConfig: Setting CVar [[r.SkyAtmosphere.AerialPerspectiveLUT.SampleCountMaxPerSlice:4]]
[2022.02.17-00.30.16:039][  0]LogConfig: Setting CVar [[r.SkyAtmosphere.AerialPerspectiveLUT.DepthResolution:16.0]]
[2022.02.17-00.30.16:039][  0]LogConfig: Setting CVar [[r.SkyAtmosphere.FastSkyLUT:1]]
[2022.02.17-00.30.16:039][  0]LogConfig: Setting CVar [[r.SkyAtmosphere.FastSkyLUT.SampleCountMin:4.0]]
[2022.02.17-00.30.16:039][  0]LogConfig: Setting CVar [[r.SkyAtmosphere.FastSkyLUT.SampleCountMax:128.0]]
[2022.02.17-00.30.16:039][  0]LogConfig: Setting CVar [[r.SkyAtmosphere.SampleCountMin:4.0]]
[2022.02.17-00.30.16:039][  0]LogConfig: Setting CVar [[r.SkyAtmosphere.SampleCountMax:128.0]]
[2022.02.17-00.30.16:039][  0]LogConfig: Setting CVar [[r.SkyAtmosphere.TransmittanceLUT.UseSmallFormat:0]]
[2022.02.17-00.30.16:039][  0]LogConfig: Setting CVar [[r.SkyAtmosphere.TransmittanceLUT.SampleCount:10.0]]
[2022.02.17-00.30.16:039][  0]LogConfig: Setting CVar [[r.SkyAtmosphere.MultiScatteringLUT.SampleCount:15.0]]
[2022.02.17-00.30.16:039][  0]LogConfig: Setting CVar [[r.SkyLight.RealTimeReflectionCapture:1]]
[2022.02.17-00.30.16:039][  0]LogConfig: Applying CVar settings from Section [FoliageQuality@3] File [C:/Users/yanus/Desktop/GitHub/GAME259/GAME259-2022-A/GAME259_A_URE/Saved/Config/Windows/Scalability.ini]
[2022.02.17-00.30.16:039][  0]LogConfig: Setting CVar [[foliage.DensityScale:1.0]]
[2022.02.17-00.30.16:039][  0]LogConfig: Setting CVar [[grass.DensityScale:1.0]]
[2022.02.17-00.30.16:039][  0]LogConfig: Applying CVar settings from Section [ShadingQuality@3] File [C:/Users/yanus/Desktop/GitHub/GAME259/GAME259-2022-A/GAME259_A_URE/Saved/Config/Windows/Scalability.ini]
[2022.02.17-00.30.16:039][  0]LogConfig: Setting CVar [[r.HairStrands.SkyLighting.IntegrationType:2]]
[2022.02.17-00.30.16:039][  0]LogConfig: Setting CVar [[r.HairStrands.SkyAO.SampleCount:4]]
[2022.02.17-00.30.16:039][  0]LogConfig: Setting CVar [[r.HairStrands.Visibility.MSAA.SamplePerPixel:4]]
[2022.02.17-00.30.16:040][  0]LogInit: Selected Device Profile: [Windows]
[2022.02.17-00.30.16:041][  0]LogInit: Applying CVar settings loaded from the selected device profile: [Windows]
[2022.02.17-00.30.16:041][  0]LogHAL: Display: Platform has ~ 16 GB [16954851328 / 17179869184 / 16], which maps to Larger [LargestMinGB=32, LargerMinGB=12, DefaultMinGB=8, SmallerMinGB=6, SmallestMinGB=0)
[2022.02.17-00.30.16:042][  0]LogInit: Going up to parent DeviceProfile []
[2022.02.17-00.30.16:042][  0]LogConfig: Applying CVar settings from Section [ViewDistanceQuality@3] File [C:/Users/yanus/Desktop/GitHub/GAME259/GAME259-2022-A/GAME259_A_URE/Saved/Config/Windows/Scalability.ini]
[2022.02.17-00.30.16:042][  0]LogConfig: Setting CVar [[r.SkeletalMeshLODBias:0]]
[2022.02.17-00.30.16:042][  0]LogConfig: Setting CVar [[r.ViewDistanceScale:1.0]]
[2022.02.17-00.30.16:042][  0]LogConfig: Applying CVar settings from Section [AntiAliasingQuality@3] File [C:/Users/yanus/Desktop/GitHub/GAME259/GAME259-2022-A/GAME259_A_URE/Saved/Config/Windows/Scalability.ini]
[2022.02.17-00.30.16:042][  0]LogConfig: Setting CVar [[r.PostProcessAAQuality:4]]
[2022.02.17-00.30.16:042][  0]LogConfig: Applying CVar settings from Section [ShadowQuality@3] File [C:/Users/yanus/Desktop/GitHub/GAME259/GAME259-2022-A/GAME259_A_URE/Saved/Config/Windows/Scalability.ini]
[2022.02.17-00.30.16:042][  0]LogConfig: Setting CVar [[r.LightFunctionQuality:1]]
[2022.02.17-00.30.16:042][  0]LogConfig: Setting CVar [[r.ShadowQuality:5]]
[2022.02.17-00.30.16:042][  0]LogConfig: Setting CVar [[r.Shadow.CSM.MaxCascades:10]]
[2022.02.17-00.30.16:042][  0]LogConfig: Setting CVar [[r.Shadow.MaxResolution:2048]]
[2022.02.17-00.30.16:042][  0]LogConfig: Setting CVar [[r.Shadow.MaxCSMResolution:2048]]
[2022.02.17-00.30.16:042][  0]LogConfig: Setting CVar [[r.Shadow.RadiusThreshold:0.01]]
[2022.02.17-00.30.16:042][  0]LogConfig: Setting CVar [[r.Shadow.DistanceScale:1.0]]
[2022.02.17-00.30.16:042][  0]LogConfig: Setting CVar [[r.Shadow.CSM.TransitionScale:1.0]]
[2022.02.17-00.30.16:042][  0]LogConfig: Setting CVar [[r.Shadow.PreShadowResolutionFactor:1.0]]
[2022.02.17-00.30.16:042][  0]LogConfig: Setting CVar [[r.DistanceFieldShadowing:1]]
[2022.02.17-00.30.16:042][  0]LogConfig: Setting CVar [[r.DistanceFieldAO:1]]
[2022.02.17-00.30.16:042][  0]LogConfig: Setting CVar [[r.AOQuality:2]]
[2022.02.17-00.30.16:042][  0]LogConfig: Setting CVar [[r.VolumetricFog:1]]
[2022.02.17-00.30.16:042][  0]LogConfig: Setting CVar [[r.VolumetricFog.GridPixelSize:8]]
[2022.02.17-00.30.16:042][  0]LogConfig: Setting CVar [[r.VolumetricFog.GridSizeZ:128]]
[2022.02.17-00.30.16:042][  0]LogConfig: Setting CVar [[r.VolumetricFog.HistoryMissSupersampleCount:4]]
[2022.02.17-00.30.16:042][  0]LogConfig: Setting CVar [[r.LightMaxDrawDistanceScale:1]]
[2022.02.17-00.30.16:042][  0]LogConfig: Setting CVar [[r.CapsuleShadows:1]]
[2022.02.17-00.30.16:042][  0]LogConfig: Applying CVar settings from Section [PostProcessQuality@3] File [C:/Users/yanus/Desktop/GitHub/GAME259/GAME259-2022-A/GAME259_A_URE/Saved/Config/Windows/Scalability.ini]
[2022.02.17-00.30.16:042][  0]LogConfig: Setting CVar [[r.MotionBlurQuality:4]]
[2022.02.17-00.30.16:042][  0]LogConfig: Setting CVar [[r.AmbientOcclusionMipLevelFactor:0.4]]
[2022.02.17-00.30.16:042][  0]LogConfig: Setting CVar [[r.AmbientOcclusionMaxQuality:100]]
[2022.02.17-00.30.16:042][  0]LogConfig: Setting CVar [[r.AmbientOcclusionLevels:-1]]
[2022.02.17-00.30.16:042][  0]LogConfig: Setting CVar [[r.AmbientOcclusionRadiusScale:1.0]]
[2022.02.17-00.30.16:042][  0]LogConfig: Setting CVar [[r.DepthOfFieldQuality:2]]
[2022.02.17-00.30.16:042][  0]LogConfig: Setting CVar [[r.RenderTargetPoolMin:400]]
[2022.02.17-00.30.16:042][  0]LogConfig: Setting CVar [[r.LensFlareQuality:2]]
[2022.02.17-00.30.16:042][  0]LogConfig: Setting CVar [[r.SceneColorFringeQuality:1]]
[2022.02.17-00.30.16:042][  0]LogConfig: Setting CVar [[r.EyeAdaptationQuality:2]]
[2022.02.17-00.30.16:042][  0]LogConfig: Setting CVar [[r.BloomQuality:5]]
[2022.02.17-00.30.16:042][  0]LogConfig: Setting CVar [[r.FastBlurThreshold:100]]
[2022.02.17-00.30.16:042][  0]LogConfig: Setting CVar [[r.Upscale.Quality:3]]
[2022.02.17-00.30.16:042][  0]LogConfig: Setting CVar [[r.Tonemapper.GrainQuantization:1]]
[2022.02.17-00.30.16:042][  0]LogConfig: Setting CVar [[r.LightShaftQuality:1]]
[2022.02.17-00.30.16:042][  0]LogConfig: Setting CVar [[r.Filter.SizeScale:1]]
[2022.02.17-00.30.16:042][  0]LogConfig: Setting CVar [[r.Tonemapper.Quality:5]]
[2022.02.17-00.30.16:042][  0]LogConfig: Setting CVar [[r.DOF.Gather.AccumulatorQuality:1        ; higher gathering accumulator quality]]
[2022.02.17-00.30.16:042][  0]LogConfig: Setting CVar [[r.DOF.Gather.PostfilterMethod:1          ; Median3x3 postfilering method]]
[2022.02.17-00.30.16:042][  0]LogConfig: Setting CVar [[r.DOF.Gather.EnableBokehSettings:0       ; no bokeh simulation when gathering]]
[2022.02.17-00.30.16:042][  0]LogConfig: Setting CVar [[r.DOF.Gather.RingCount:4                 ; medium number of samples when gathering]]
[2022.02.17-00.30.16:042][  0]LogConfig: Setting CVar [[r.DOF.Scatter.ForegroundCompositing:1    ; additive foreground scattering]]
[2022.02.17-00.30.16:042][  0]LogConfig: Setting CVar [[r.DOF.Scatter.BackgroundCompositing:2    ; additive background scattering]]
[2022.02.17-00.30.16:042][  0]LogConfig: Setting CVar [[r.DOF.Scatter.EnableBokehSettings:1      ; bokeh simulation when scattering]]
[2022.02.17-00.30.16:042][  0]LogConfig: Setting CVar [[r.DOF.Scatter.MaxSpriteRatio:0.1         ; only a maximum of 10% of scattered bokeh]]
[2022.02.17-00.30.16:042][  0]LogConfig: Setting CVar [[r.DOF.Recombine.Quality:1                ; cheap slight out of focus]]
[2022.02.17-00.30.16:042][  0]LogConfig: Setting CVar [[r.DOF.Recombine.EnableBokehSettings:0    ; no bokeh simulation on slight out of focus]]
[2022.02.17-00.30.16:042][  0]LogConfig: Setting CVar [[r.DOF.TemporalAAQuality:1                ; more stable temporal accumulation]]
[2022.02.17-00.30.16:042][  0]LogConfig: Setting CVar [[r.DOF.Kernel.MaxForegroundRadius:0.025]]
[2022.02.17-00.30.16:043][  0]LogConfig: Setting CVar [[r.DOF.Kernel.MaxBackgroundRadius:0.025]]
[2022.02.17-00.30.16:043][  0]LogConfig: Applying CVar settings from Section [TextureQuality@3] File [C:/Users/yanus/Desktop/GitHub/GAME259/GAME259-2022-A/GAME259_A_URE/Saved/Config/Windows/Scalability.ini]
[2022.02.17-00.30.16:043][  0]LogConfig: Setting CVar [[r.Streaming.MipBias:0]]
[2022.02.17-00.30.16:043][  0]LogConfig: Setting CVar [[r.Streaming.AmortizeCPUToGPUCopy:0]]
[2022.02.17-00.30.16:043][  0]LogConfig: Setting CVar [[r.Streaming.MaxNumTexturesToStreamPerFrame:0]]
[2022.02.17-00.30.16:043][  0]LogConfig: Setting CVar [[r.Streaming.Boost:1]]
[2022.02.17-00.30.16:043][  0]LogConfig: Setting CVar [[r.MaxAnisotropy:8]]
[2022.02.17-00.30.16:043][  0]LogConfig: Setting CVar [[r.VT.MaxAnisotropy:8]]
[2022.02.17-00.30.16:043][  0]LogConfig: Setting CVar [[r.Streaming.LimitPoolSizeToVRAM:0]]
[2022.02.17-00.30.16:043][  0]LogConfig: Setting CVar [[r.Streaming.PoolSize:1000]]
[2022.02.17-00.30.16:043][  0]LogConfig: Setting CVar [[r.Streaming.MaxEffectiveScreenSize:0]]
[2022.02.17-00.30.16:043][  0]LogConfig: Applying CVar settings from Section [EffectsQuality@3] File [C:/Users/yanus/Desktop/GitHub/GAME259/GAME259-2022-A/GAME259_A_URE/Saved/Config/Windows/Scalability.ini]
[2022.02.17-00.30.16:043][  0]LogConfig: Setting CVar [[r.TranslucencyLightingVolumeDim:64]]
[2022.02.17-00.30.16:043][  0]LogConfig: Setting CVar [[r.RefractionQuality:2]]
[2022.02.17-00.30.16:043][  0]LogConfig: Setting CVar [[r.SSR.Quality:3]]
[2022.02.17-00.30.16:043][  0]LogConfig: Setting CVar [[r.SSR.HalfResSceneColor:0]]
[2022.02.17-00.30.16:043][  0]LogConfig: Setting CVar [[r.SceneColorFormat:4]]
[2022.02.17-00.30.16:043][  0]LogConfig: Setting CVar [[r.DetailMode:2]]
[2022.02.17-00.30.16:043][  0]LogConfig: Setting CVar [[r.TranslucencyVolumeBlur:1]]
[2022.02.17-00.30.16:043][  0]LogConfig: Setting CVar [[r.MaterialQualityLevel:1 ; High quality]]
[2022.02.17-00.30.16:043][  0]LogConfig: Setting CVar [[r.AnisotropicMaterials:1]]
[2022.02.17-00.30.16:043][  0]LogConfig: Setting CVar [[r.SSS.Scale:1]]
[2022.02.17-00.30.16:043][  0]LogConfig: Setting CVar [[r.SSS.SampleSet:2]]
[2022.02.17-00.30.16:043][  0]LogConfig: Setting CVar [[r.SSS.Quality:1]]
[2022.02.17-00.30.16:043][  0]LogConfig: Setting CVar [[r.SSS.HalfRes:0]]
[2022.02.17-00.30.16:043][  0]LogConfig: Setting CVar [[r.SSGI.Quality:3]]
[2022.02.17-00.30.16:043][  0]LogConfig: Setting CVar [[r.EmitterSpawnRateScale:1.0]]
[2022.02.17-00.30.16:043][  0]LogConfig: Setting CVar [[r.ParticleLightQuality:2]]
[2022.02.17-00.30.16:043][  0]LogConfig: Setting CVar [[r.SkyAtmosphere.AerialPerspectiveLUT.FastApplyOnOpaque:1 ; Always have FastSkyLUT 1 in this case to avoid wrong sky]]
[2022.02.17-00.30.16:043][  0]LogConfig: Setting CVar [[r.SkyAtmosphere.AerialPerspectiveLUT.SampleCountMaxPerSlice:4]]
[2022.02.17-00.30.16:043][  0]LogConfig: Setting CVar [[r.SkyAtmosphere.AerialPerspectiveLUT.DepthResolution:16.0]]
[2022.02.17-00.30.16:043][  0]LogConfig: Setting CVar [[r.SkyAtmosphere.FastSkyLUT:1]]
[2022.02.17-00.30.16:043][  0]LogConfig: Setting CVar [[r.SkyAtmosphere.FastSkyLUT.SampleCountMin:4.0]]
[2022.02.17-00.30.16:043][  0]LogConfig: Setting CVar [[r.SkyAtmosphere.FastSkyLUT.SampleCountMax:128.0]]
[2022.02.17-00.30.16:043][  0]LogConfig: Setting CVar [[r.SkyAtmosphere.SampleCountMin:4.0]]
[2022.02.17-00.30.16:043][  0]LogConfig: Setting CVar [[r.SkyAtmosphere.SampleCountMax:128.0]]
[2022.02.17-00.30.16:043][  0]LogConfig: Setting CVar [[r.SkyAtmosphere.TransmittanceLUT.UseSmallFormat:0]]
[2022.02.17-00.30.16:043][  0]LogConfig: Setting CVar [[r.SkyAtmosphere.TransmittanceLUT.SampleCount:10.0]]
[2022.02.17-00.30.16:043][  0]LogConfig: Setting CVar [[r.SkyAtmosphere.MultiScatteringLUT.SampleCount:15.0]]
[2022.02.17-00.30.16:043][  0]LogConfig: Setting CVar [[r.SkyLight.RealTimeReflectionCapture:1]]
[2022.02.17-00.30.16:043][  0]LogConfig: Applying CVar settings from Section [FoliageQuality@3] File [C:/Users/yanus/Desktop/GitHub/GAME259/GAME259-2022-A/GAME259_A_URE/Saved/Config/Windows/Scalability.ini]
[2022.02.17-00.30.16:043][  0]LogConfig: Setting CVar [[foliage.DensityScale:1.0]]
[2022.02.17-00.30.16:043][  0]LogConfig: Setting CVar [[grass.DensityScale:1.0]]
[2022.02.17-00.30.16:043][  0]LogConfig: Applying CVar settings from Section [ShadingQuality@3] File [C:/Users/yanus/Desktop/GitHub/GAME259/GAME259-2022-A/GAME259_A_URE/Saved/Config/Windows/Scalability.ini]
[2022.02.17-00.30.16:043][  0]LogConfig: Setting CVar [[r.HairStrands.SkyLighting.IntegrationType:2]]
[2022.02.17-00.30.16:043][  0]LogConfig: Setting CVar [[r.HairStrands.SkyAO.SampleCount:4]]
[2022.02.17-00.30.16:043][  0]LogConfig: Setting CVar [[r.HairStrands.Visibility.MSAA.SamplePerPixel:4]]
[2022.02.17-00.30.16:043][  0]LogConfig: Applying CVar settings from Section [Startup] File [../../../Engine/Config/ConsoleVariables.ini]
[2022.02.17-00.30.16:043][  0]LogConfig: Setting CVar [[net.UseAdaptiveNetUpdateFrequency:0]]
[2022.02.17-00.30.16:043][  0]LogConfig: Setting CVar [[p.chaos.AllowCreatePhysxBodies:1]]
[2022.02.17-00.30.16:043][  0]LogConfig: Setting CVar [[fx.SkipVectorVMBackendOptimizations:1]]
[2022.02.17-00.30.16:043][  0]LogConfig: Applying CVar settings from Section [ConsoleVariables] File [C:/Users/yanus/Desktop/GitHub/GAME259/GAME259-2022-A/GAME259_A_URE/Saved/Config/Windows/Engine.ini]
[2022.02.17-00.30.16:043][  0]LogConfig: Applying CVar settings from Section [ConsoleVariables] File [C:/Users/yanus/Desktop/GitHub/GAME259/GAME259-2022-A/GAME259_A_URE/Saved/Config/Windows/Editor.ini]
[2022.02.17-00.30.16:045][  0]LogInit: Computer: LAPTOP-NNH50O10
[2022.02.17-00.30.16:045][  0]LogInit: User: yanus
[2022.02.17-00.30.16:045][  0]LogInit: CPU Page size=4096, Cores=6
[2022.02.17-00.30.16:045][  0]LogInit: High frequency timer resolution =10.000000 MHz
[2022.02.17-00.30.16:045][  0]LogMemory: Memory total: Physical=15.8GB (16GB approx)
[2022.02.17-00.30.16:046][  0]LogMemory: Platform Memory Stats for Windows
[2022.02.17-00.30.16:046][  0]LogMemory: Process Physical Memory: 147.02 MB used, 147.03 MB peak
[2022.02.17-00.30.16:046][  0]LogMemory: Process Virtual Memory: 125.83 MB used, 125.83 MB peak
[2022.02.17-00.30.16:046][  0]LogMemory: Physical Memory: 12141.70 MB used,  4027.71 MB free, 16169.41 MB total
[2022.02.17-00.30.16:046][  0]LogMemory: Virtual Memory: 134206440.00 MB used,  11285.95 MB free, 134217728.00 MB total
[2022.02.17-00.30.16:051][  0]LogWindows: WindowsPlatformFeatures enabled
[2022.02.17-00.30.16:367][  0]LogInit: Physics initialised using underlying interface: PhysX
[2022.02.17-00.30.16:371][  0]LogInit: Using OS detected language (ru-RU).
[2022.02.17-00.30.16:371][  0]LogInit: Using OS detected locale (en-CA).
[2022.02.17-00.30.16:409][  0]LogTextLocalizationManager: No specific localization for 'ru-RU' exists, so the 'ru' localization will be used.
[2022.02.17-00.30.16:410][  0]LogTextLocalizationResource: LocRes '../../../Engine/Content/Localization/Editor/ru/Editor.locres' could not be opened for reading!
[2022.02.17-00.30.16:410][  0]LogTextLocalizationResource: LocRes '../../../Engine/Content/Localization/EditorTutorials/ru/EditorTutorials.locres' could not be opened for reading!
[2022.02.17-00.30.16:410][  0]LogTextLocalizationResource: LocRes '../../../Engine/Content/Localization/Keywords/ru/Keywords.locres' could not be opened for reading!
[2022.02.17-00.30.16:410][  0]LogTextLocalizationResource: LocRes '../../../Engine/Content/Localization/Category/ru/Category.locres' could not be opened for reading!
[2022.02.17-00.30.16:411][  0]LogTextLocalizationResource: LocRes '../../../Engine/Content/Localization/ToolTips/ru/ToolTips.locres' could not be opened for reading!
[2022.02.17-00.30.16:411][  0]LogTextLocalizationResource: LocRes '../../../Engine/Content/Localization/PropertyNames/ru/PropertyNames.locres' could not be opened for reading!
[2022.02.17-00.30.16:411][  0]LogTextLocalizationResource: LocRes '../../../Engine/Content/Localization/Engine/ru/Engine.locres' could not be opened for reading!
[2022.02.17-00.30.16:440][  0]LogInit: Setting process to per monitor DPI aware
[2022.02.17-00.30.16:467][  0]LogWindowsTextInputMethodSystem: Display: IME system deactivated.
[2022.02.17-00.30.16:575][  0]LogSlate: New Slate User Created.  User Index 0, Is Virtual User: 0
[2022.02.17-00.30.16:575][  0]LogSlate: Slate User Registered.  User Index 0, Is Virtual User: 0
[2022.02.17-00.30.19:076][  0]LogD3D11RHI: Loaded GFSDK_Aftermath_Lib.x64.dll
[2022.02.17-00.30.19:161][  0]LogHMD: Failed to enumerate extensions. Please check that you have a valid OpenXR runtime installed.
[2022.02.17-00.30.19:161][  0]LogD3D11RHI: D3D11 min allowed feature level: 11_0
[2022.02.17-00.30.19:161][  0]LogD3D11RHI: D3D11 max allowed feature level: 11_0
[2022.02.17-00.30.19:161][  0]LogD3D11RHI: D3D11 adapters:
[2022.02.17-00.30.19:264][  0]LogD3D11RHI:    0. 'NVIDIA GeForce RTX 2070 Super' (Feature Level 11_0)
[2022.02.17-00.30.19:264][  0]LogD3D11RHI:       8012/0/8084 MB DedicatedVideo/DedicatedSystem/SharedSystem, Outputs:1, VendorId:0x10de
[2022.02.17-00.30.19:337][  0]LogD3D11RHI:    1. 'Intel(R) UHD Graphics' (Feature Level 11_0)
[2022.02.17-00.30.19:337][  0]LogD3D11RHI:       128/0/8084 MB DedicatedVideo/DedicatedSystem/SharedSystem, Outputs:0, VendorId:0x8086
[2022.02.17-00.30.19:339][  0]LogD3D11RHI:    2. 'Microsoft Basic Render Driver' (Feature Level 11_0)
[2022.02.17-00.30.19:339][  0]LogD3D11RHI:       0/0/8084 MB DedicatedVideo/DedicatedSystem/SharedSystem, Outputs:0, VendorId:0x1414
[2022.02.17-00.30.19:339][  0]LogD3D11RHI: Chosen D3D11 Adapter:
[2022.02.17-00.30.19:339][  0]LogD3D11RHI:     Description : NVIDIA GeForce RTX 2070 Super
[2022.02.17-00.30.19:339][  0]LogD3D11RHI:     VendorId    : 10de
[2022.02.17-00.30.19:339][  0]LogD3D11RHI:     DeviceId    : 1e91
[2022.02.17-00.30.19:339][  0]LogD3D11RHI:     SubSysId    : 199f1043
[2022.02.17-00.30.19:339][  0]LogD3D11RHI:     Revision    : 00a1
[2022.02.17-00.30.19:339][  0]LogD3D11RHI:     DedicatedVideoMemory : 8401190912 bytes
[2022.02.17-00.30.19:339][  0]LogD3D11RHI:     DedicatedSystemMemory : 0 bytes
[2022.02.17-00.30.19:339][  0]LogD3D11RHI:     SharedSystemMemory : 8477425664 bytes
[2022.02.17-00.30.19:339][  0]LogD3D11RHI:     AdapterLuid : 0 79870
[2022.02.17-00.30.19:345][  0]LogD3D11RHI: Creating new Direct3DDevice
[2022.02.17-00.30.19:345][  0]LogD3D11RHI:     GPU DeviceId: 0x1e91 (for the marketing name, search the web for "GPU Device Id")
[2022.02.17-00.30.19:345][  0]LogWindows: EnumDisplayDevices:
[2022.02.17-00.30.19:345][  0]LogWindows:    0. 'Intel(R) UHD Graphics' (P:1 D:1)
[2022.02.17-00.30.19:345][  0]LogWindows:    1. 'Intel(R) UHD Graphics' (P:0 D:0)
[2022.02.17-00.30.19:345][  0]LogWindows:    2. 'Intel(R) UHD Graphics' (P:0 D:0)
[2022.02.17-00.30.19:346][  0]LogWindows:    3. 'NVIDIA GeForce RTX 2070 Super' (P:0 D:0)
[2022.02.17-00.30.19:346][  0]LogWindows:    4. 'NVIDIA GeForce RTX 2070 Super' (P:0 D:0)
[2022.02.17-00.30.19:346][  0]LogWindows:    5. 'NVIDIA GeForce RTX 2070 Super' (P:0 D:0)
[2022.02.17-00.30.19:346][  0]LogWindows:    6. 'NVIDIA GeForce RTX 2070 Super' (P:0 D:0)
[2022.02.17-00.30.19:346][  0]LogWindows: DebugString: PrimaryIsNotTheChoosenAdapter PrimaryIsNotTheChoosenAdapter PrimaryIsNotTheChoosenAdapter FoundDriverCount:4 
[2022.02.17-00.30.19:346][  0]LogD3D11RHI:     Adapter Name: NVIDIA GeForce RTX 2070 Super
[2022.02.17-00.30.19:346][  0]LogD3D11RHI:   Driver Version: 496.76 (internal:30.0.14.9676, unified:496.76)
[2022.02.17-00.30.19:346][  0]LogD3D11RHI:      Driver Date: 11-9-2021
[2022.02.17-00.30.19:346][  0]LogRHI: Texture pool is 5608 MB (70% of 8012 MB)
[2022.02.17-00.30.19:346][  0]LogD3D11RHI: Creating D3DDevice using adapter:
[2022.02.17-00.30.19:346][  0]LogD3D11RHI:     Description : NVIDIA GeForce RTX 2070 Super
[2022.02.17-00.30.19:346][  0]LogD3D11RHI:     VendorId    : 10de
[2022.02.17-00.30.19:346][  0]LogD3D11RHI:     DeviceId    : 1e91
[2022.02.17-00.30.19:346][  0]LogD3D11RHI:     SubSysId    : 199f1043
[2022.02.17-00.30.19:346][  0]LogD3D11RHI:     Revision    : 00a1
[2022.02.17-00.30.19:346][  0]LogD3D11RHI:     DedicatedVideoMemory : 8401190912 bytes
[2022.02.17-00.30.19:346][  0]LogD3D11RHI:     DedicatedSystemMemory : 0 bytes
[2022.02.17-00.30.19:346][  0]LogD3D11RHI:     SharedSystemMemory : 8477425664 bytes
[2022.02.17-00.30.19:346][  0]LogD3D11RHI:     AdapterLuid : 0 79870
[2022.02.17-00.30.19:416][  0]LogD3D11RHI: RHI has support for 64 bit atomics
[2022.02.17-00.30.19:417][  0]LogD3D11RHI: Async texture creation enabled
[2022.02.17-00.30.19:417][  0]LogD3D11RHI: Array index from any shader is supported
[2022.02.17-00.30.19:472][  0]LogD3D11RHI: GPU Timing Frequency: 1000.000000 (Debug: 2 1)
[2022.02.17-00.30.19:523][  0]LogRHI: GeForceNow SDK initialized: 1
[2022.02.17-00.30.19:806][  0]LogTargetPlatformManager: Display: Loaded TargetPlatform 'AllDesktop'
[2022.02.17-00.30.19:844][  0]LogTargetPlatformManager: Display: Loaded TargetPlatform 'Android'
[2022.02.17-00.30.19:844][  0]LogTargetPlatformManager: Display: Loaded TargetPlatform 'Android_ASTC'
[2022.02.17-00.30.19:844][  0]LogTargetPlatformManager: Display: Loaded TargetPlatform 'Android_DXT'
[2022.02.17-00.30.19:844][  0]LogTargetPlatformManager: Display: Loaded TargetPlatform 'Android_ETC2'
[2022.02.17-00.30.19:844][  0]LogTargetPlatformManager: Display: Loaded TargetPlatform 'AndroidClient'
[2022.02.17-00.30.19:845][  0]LogTargetPlatformManager: Display: Loaded TargetPlatform 'Android_ASTCClient'
[2022.02.17-00.30.19:845][  0]LogTargetPlatformManager: Display: Loaded TargetPlatform 'Android_DXTClient'
[2022.02.17-00.30.19:845][  0]LogTargetPlatformManager: Display: Loaded TargetPlatform 'Android_ETC2Client'
[2022.02.17-00.30.19:845][  0]LogTargetPlatformManager: Display: Loaded TargetPlatform 'Android_Multi'
[2022.02.17-00.30.19:845][  0]LogTargetPlatformManager: Display: Loaded TargetPlatform 'Android_MultiClient'
[2022.02.17-00.30.19:908][  0]LogTargetPlatformManager: Display: Loaded TargetPlatform 'IOSClient'
[2022.02.17-00.30.19:908][  0]LogTargetPlatformManager: Display: Loaded TargetPlatform 'IOS'
[2022.02.17-00.30.19:943][  0]LogTargetPlatformManager: Display: Loaded TargetPlatform 'Linux'
[2022.02.17-00.30.19:965][  0]LogTargetPlatformManager: Display: Loaded TargetPlatform 'LinuxNoEditor'
[2022.02.17-00.30.19:984][  0]LogTargetPlatformManager: Display: Loaded TargetPlatform 'LinuxClient'
[2022.02.17-00.30.20:005][  0]LogTargetPlatformManager: Display: Loaded TargetPlatform 'LinuxServer'
[2022.02.17-00.30.20:035][  0]LogTargetPlatformManager: Display: Loaded TargetPlatform 'LinuxAArch64NoEditor'
[2022.02.17-00.30.20:054][  0]LogTargetPlatformManager: Display: Loaded TargetPlatform 'LinuxAArch64Client'
[2022.02.17-00.30.20:074][  0]LogTargetPlatformManager: Display: Loaded TargetPlatform 'LinuxAArch64Server'
[2022.02.17-00.30.20:116][  0]LogTargetPlatformManager: Display: Loaded TargetPlatform 'Lumin'
[2022.02.17-00.30.20:116][  0]LogTargetPlatformManager: Display: Loaded TargetPlatform 'LuminClient'
[2022.02.17-00.30.20:146][  0]LogTargetPlatformManager: Display: Loaded TargetPlatform 'MacNoEditor'
[2022.02.17-00.30.20:166][  0]LogTargetPlatformManager: Display: Loaded TargetPlatform 'Mac'
[2022.02.17-00.30.20:182][  0]LogTargetPlatformManager: Display: Loaded TargetPlatform 'MacClient'
[2022.02.17-00.30.20:202][  0]LogTargetPlatformManager: Display: Loaded TargetPlatform 'MacServer'
[2022.02.17-00.30.20:231][  0]LogTargetPlatformManager: Display: Loaded TargetPlatform 'TVOSClient'
[2022.02.17-00.30.20:231][  0]LogTargetPlatformManager: Display: Loaded TargetPlatform 'TVOS'
[2022.02.17-00.30.20:253][  0]LogTargetPlatformManager: Display: Loaded TargetPlatform 'WindowsNoEditor'
[2022.02.17-00.30.20:274][  0]LogTargetPlatformManager: Display: Loaded TargetPlatform 'Windows'
[2022.02.17-00.30.20:296][  0]LogTargetPlatformManager: Display: Loaded TargetPlatform 'WindowsClient'
[2022.02.17-00.30.20:315][  0]LogTargetPlatformManager: Display: Loaded TargetPlatform 'WindowsServer'
[2022.02.17-00.30.20:315][  0]LogTargetPlatformManager: Display: Building Assets For Windows
[2022.02.17-00.30.20:393][  0]LogAudioDebug: Display: Lib vorbis DLL was dynamically loaded.
[2022.02.17-00.30.20:619][  0]LogTextureFormatOodle: Display: Oodle Texture 2.9.0 init RDO Off
[2022.02.17-00.30.20:916][  0]LogRendererCore: Ray tracing is disabled. Reason: r.RayTracing=0.
[2022.02.17-00.30.20:918][  0]LogShaderCompilers: Guid format shader working directory is -36 characters bigger than the processId version (../../../../../../Users/yanus/Desktop/GitHub/GAME259/GAME259-2022-A/GAME259_A_URE/Intermediate/Shaders/WorkingDirectory/21104/).
[2022.02.17-00.30.20:918][  0]LogShaderCompilers: Cleaned the shader compiler working directory 'C:/Users/yanus/AppData/Local/Temp/UnrealShaderWorkingDir/F957164044BA14832063219A49175E88/'.
[2022.02.17-00.30.20:920][  0]LogXGEController: Cannot use XGE Controller as Incredibuild is not installed on this machine.
[2022.02.17-00.30.20:920][  0]LogShaderCompilers: Cannot use XGE Shader Compiler as Incredibuild is not installed on this machine.
[2022.02.17-00.30.20:920][  0]LogShaderCompilers: Display: Using Local Shader Compiler.
[2022.02.17-00.30.24:232][  0]LogDerivedDataCache: Display: Max Cache Size: 512 MB
[2022.02.17-00.30.24:420][  0]LogDerivedDataCache: Loaded boot cache 0.19s 98MB C:/Users/yanus/AppData/Local/UnrealEngine/4.27/DerivedDataCache/Boot.ddc.
[2022.02.17-00.30.24:420][  0]LogDerivedDataCache: Display: Loaded Boot cache: C:/Users/yanus/AppData/Local/UnrealEngine/4.27/DerivedDataCache/Boot.ddc
[2022.02.17-00.30.24:420][  0]LogDerivedDataCache: FDerivedDataBackendGraph:  Pak pak cache file ../../../../../../Users/yanus/Desktop/GitHub/GAME259/GAME259-2022-A/GAME259_A_URE/DerivedDataCache/DDC.ddp not found, will not use a pak cache.
[2022.02.17-00.30.24:420][  0]LogDerivedDataCache: Unable to find inner node Pak for hierarchical cache Hierarchy.
[2022.02.17-00.30.24:420][  0]LogDerivedDataCache: FDerivedDataBackendGraph:  CompressedPak pak cache file ../../../../../../Users/yanus/Desktop/GitHub/GAME259/GAME259-2022-A/GAME259_A_URE/DerivedDataCache/Compressed.ddp not found, will not use a pak cache.
[2022.02.17-00.30.24:421][  0]LogDerivedDataCache: Unable to find inner node CompressedPak for hierarchical cache Hierarchy.
[2022.02.17-00.30.24:447][  0]LogDerivedDataCache: Display: Pak cache opened for reading ../../../Engine/DerivedDataCache/Compressed.ddp.
[2022.02.17-00.30.24:447][  0]LogDerivedDataCache: FDerivedDataBackendGraph:  EnterprisePak pak cache file ../../../Enterprise/DerivedDataCache/Compressed.ddp not found, will not use a pak cache.
[2022.02.17-00.30.24:447][  0]LogDerivedDataCache: Unable to find inner node EnterprisePak for hierarchical cache Hierarchy.
[2022.02.17-00.30.24:502][  0]LogDerivedDataCache: Speed tests for C:/Users/yanus/AppData/Local/UnrealEngine/Common/DerivedDataCache took 0.05 seconds
[2022.02.17-00.30.24:502][  0]LogDerivedDataCache: Display: Performance to C:/Users/yanus/AppData/Local/UnrealEngine/Common/DerivedDataCache: Latency=0.32ms. RandomReadSpeed=20.34MBs, RandomWriteSpeed=175.40MBs. Assigned SpeedClass 'Local'
[2022.02.17-00.30.24:503][  0]LogDerivedDataCache: Using Local data cache path C:/Users/yanus/AppData/Local/UnrealEngine/Common/DerivedDataCache: Writable
[2022.02.17-00.30.24:503][  0]LogDerivedDataCache: Shared data cache path not found in *engine.ini, will not use an Shared cache.
[2022.02.17-00.30.24:503][  0]LogDerivedDataCache: Unable to find inner node Shared for hierarchical cache Hierarchy.
[2022.02.17-00.30.24:564][  0]LogSlate: Using FreeType 2.10.0
[2022.02.17-00.30.24:577][  0]LogSlate: SlateFontServices - WITH_FREETYPE: 1, WITH_HARFBUZZ: 1
[2022.02.17-00.30.24:578][  0]LogHMD: Failed to enumerate extensions. Please check that you have a valid OpenXR runtime installed.
[2022.02.17-00.30.24:633][  0]LogAssetRegistry: FAssetRegistry took 0.0069 seconds to start up
[2022.02.17-00.30.25:217][  0]LogInit: Selected Device Profile: [Windows]
[2022.02.17-00.30.25:217][  0]LogInit: Active device profile: [0000019132E65400][00000191301E14C0 49] Windows
[2022.02.17-00.30.25:217][  0]LogInit: Profiles: [0000019132E65400][00000191301E14C0 49] Windows, [0000019132DEC100][0000019132363640 49] WindowsNoEditor, [0000019132DCC200][00000191323677C0 49] WindowsServer, [0000019132DEDF00][000001913236B940 49] WindowsClient, [0000019132DCE100][000001913236FAC0 49] IOS, [0000019132DEF900][00000191323720C0 49] iPadAir, [0000019132DCC800][0000019132376240 49] iPadAir2, [0000019132D84A00][000001913237E500 49] IPadPro, [0000019132D84B00][000001913237A540 49] iPadAir3, [0000019132DCC500][00000191323826C0 49] iPadAir4, [0000019132D84600][0000019132386840 49] iPadMini2, [0000019132DCF400][000001913235E980 49] iPadMini3, [0000019132D85500][000001913238AAC0 49] iPadMini4, [0000019132DCEC00][000001913238EC00 49] iPadMini5, [0000019132DEE200][000001913239AE80 49] iPhone6, [0000019132D7BF00][0000019132392EC0 49] iPodTouch6, [0000019132DEC600][00000191323A3180 49] iPhone7, [0000019132DEC700][000001913239F1C0 49] iPodTouch7, [0000019132D78700][00000191323A7340 49] iPhone5S, [0000019132DEE300][00000191323AB4C0 49] iPhone6Plus, [0000019132D7B400][00000191323AF640 49] iPhone6S, [0000019132DEEF00][00000191323B37C0 49] iPhone6SPlus, [0000019132D78F00][00000191323B7940 49] iPhone7Plus, [0000019132DEDB00][00000191323BBAC0 49] iPhoneSE, [0000019132D7AC00][00000191323BE0C0 49] iPhone8, [0000019132DEEE00][00000191323C2240 49] iPhone8Plus, [0000019132D79600][00000191323C63C0 49] iPhoneX, [0000019132DEE000][00000191323CA540 49] iPhoneXS, [0000019132D7A500][00000191323CE6C0 49] iPhoneXSMax, [0000019132DEFF00][00000191323D2840 49] iPhoneXR, [0000019132D79D00][00000191323D69C0 49] iPhone11, [0000019132DECC00][00000191323DAB40 49] iPhone11Pro, [0000019132D7B500][0000019132396C80 49] iPhone11ProMax, [0000019132DED400][00000191335AEDC0 49] iPhoneSE2, [0000019132D78C00][00000191335B2F00 49] iPhone12Mini, [0000019132DEF100][00000191335BB080 49] iPhone12, [0000019132D7AF00][00000191335BF200 49] iPhone12Pro, [0000019132DEDC00][00000191335C3380 49] iPhone12ProMax, [0000019132D7A900][00000191335C7500 49] iPadPro105, [0000019132DEE700][00000191335CB680 49] iPadPro129, [0000019132D79700][00000191335CF800 49] iPadPro97, [0000019132DED600][00000191335D3980 49] iPadPro2_129, [0000019132D78D00][00000191335D7B00 49] iPad5, [0000019132DED500][00000191335DA100 49] iPad6, [0000019132D7AB00][00000191335DE280 49] iPad7, [0000019132DEF300][00000191335E2400 49] iPad8, [0000019132D78600][00000191335E6580 49] iPadPro11, [0000019132DEF000][00000191335EA700 49] iPadPro2_11, [0000019132D78E00][00000191335EE880 49] iPadPro3_129, [0000019132DECD00][00000191335F2A00 49] iPadPro4_129, [0000019132D79800][00000191335F6B80 49] AppleTV, [0000019132DED900][00000191335FAD00 49] AppleTV4K, [0000019132D7BE00][00000191335B6E40 49] TVOS, [0000019132DEDE00][00000191335FEF80 49] Mac, [0000019132D7AD00][00000191336030C0 49] MacClient, [0000019132DEE900][000001913360B240 49] MacNoEditor, [0000019132D79300][000001913360F3C0 49] MacServer, [0000019132DED100][0000019133613540 49] Linux, [0000019132D7BA00][00000191336176C0 49] LinuxAArch64, [0000019132DEE100][000001913361B840 49] LinuxNoEditor, [0000019132D7BC00][000001913361F9C0 49] LinuxAArch64NoEditor, [0000019132DEE800][0000019133623B40 49] LinuxClient, [0000019132D7BB00][0000019133626140 49] LinuxAArch64Client, [0000019132DEFE00][000001913362A2C0 49] LinuxServer, [0000019132D7B600][000001913362E440 49] LinuxAArch64Server, [0000019132DED200][00000191336325C0 49] Android, [0000019132D7A600][0000019133636740 49] Android_Low, [0000019132DEEC00][000001913363A8C0 49] Android_Mid, [0000019132D7BD00][000001913363EA40 49] Android_High, [0000019132DEC400][0000019133642BC0 49] Android_Default, [0000019132E66E00][0000019133646D40 49] Android_Adreno4xx, [0000019132DCF000][000001913364AEC0 49] Android_Adreno5xx_Low, [0000019132E65600][0000019133607000 49] Android_Adreno5xx, [0000019132DCF300][000001913364F140 49] Android_Adreno6xx, [0000019132E64200][0000019133653280 49] Android_Adreno6xx_Vulkan, [0000019132DCC600][00000191336573C0 49] Android_Mali_T6xx, [0000019132E65D00][000001913365F540 49] Android_Mali_T7xx, [0000019132DCCF00][00000191336636C0 49] Android_Mali_T8xx, [0000019132E64D00][0000019133667840 49] Android_Mali_G71, [0000019132DCE700][000001913366B9C0 49] Android_Mali_G72, [0000019132E64500][000001913366FB40 49] Android_Mali_G72_Vulkan, [0000019132DCD700][0000019133672140 49] Android_Mali_G76, [0000019132E64100][00000191336762C0 49] Android_Mali_G76_Vulkan, [0000019132DCD600][000001913367A440 49] Android_Mali_G77, [0000019132E64800][000001913367E5C0 49] Android_Mali_G77_Vulkan, [0000019132DCFD00][0000019133682740 49] Android_Mali_G78, [0000019132E65900][00000191336868C0 49] Android_Mali_G78_Vulkan, [0000019132DCCE00][000001913368AA40 49] Android_Mali_G710, [0000019132DEFD00][000001913368EBC0 49] Android_Mali_G710_Vulkan, [0000019132DCDB00][0000019133692D40 49] Android_Vulkan_SM5, [0000019132E65200][0000019133696EC0 49] Android_PowerVR_G6xxx, [0000019132DCF900][000001913369B040 49] Android_PowerVR_GT7xxx, [0000019132E65300][000001913365B180 49] Android_PowerVR_GE8xxx, [0000019132D78500][000001913369F2C0 49] Android_PowerVR_GM9xxx, [0000019132E65800][00000191336A3400 49] Android_PowerVR_GM9xxx_Vulkan, [0000019132D78300][00000191336A7540 49] Android_TegraK1, [0000019132E64400][00000191336AF6C0 49] Android_Unknown_Vulkan, [0000019132D78A00][00000191336B3840 49] Lumin, [0000019132E66000][00000191336B79C0 49] Lumin_Desktop, [0000019132D7B000][00000191336BBB40 49] HoloLens, 
[2022.02.17-00.30.25:881][  0]LogMeshReduction: Using QuadricMeshReduction for automatic static mesh reduction
[2022.02.17-00.30.25:881][  0]LogMeshReduction: Using SimplygonMeshReduction for automatic skeletal mesh reduction
[2022.02.17-00.30.25:881][  0]LogMeshReduction: Using ProxyLODMeshReduction for automatic mesh merging
[2022.02.17-00.30.25:881][  0]LogMeshReduction: No distributed automatic mesh merging module available
[2022.02.17-00.30.25:882][  0]LogMeshMerging: No distributed automatic mesh merging module available
[2022.02.17-00.30.25:969][  0]LogNetVersion: GAME259_A_URE 1.0.0, NetCL: 17155196, EngineNetVer: 17, GameNetVer: 0 (Checksum: 2250587433)
[2022.02.17-00.30.26:843][  0]LogTexture: Default maximum texture size for cubemaps generated from long-lat sources has been changed from 512 to unlimited. In order to preserve old behaiour for '/Engine/MapTemplates/Sky/DaylightAmbientCubemap.DaylightAmbientCubemap', its maximum texture size has been explicitly set to 512.
[2022.02.17-00.30.26:949][  0]LogHMD: PokeAHoleMaterial loaded successfully
[2022.02.17-00.30.26:958][  0]LogUObjectArray: 17075 objects as part of root set at end of initial load.
[2022.02.17-00.30.26:958][  0]LogUObjectAllocator: 4275792 out of 0 bytes used by permanent object pool.
[2022.02.17-00.30.26:958][  0]LogUObjectArray: CloseDisregardForGC: 0/0 objects in disregard for GC pool
[2022.02.17-00.30.28:634][  0]LogPython: Using Python 3.7.7
[2022.02.17-00.30.29:386][  0]LogNiagaraDebuggerClient: Niagara Debugger Client Initialized | Session: DFC0D9064A2B82D4290EE68AB14FAC2A | Instance: D3AAF18040E031222B08E692EC4A497A (LAPTOP-NNH50O10-21104).
[2022.02.17-00.30.30:018][  0]LogUdpMessaging: Initializing bridge on interface 0.0.0.0:0 to multicast group 230.0.0.1:6666.
[2022.02.17-00.30.30:043][  0]LogTcpMessaging: Initializing TcpMessaging bridge
[2022.02.17-00.30.30:264][  0]LogSteamShared: Display: Loading Steam SDK 1.51
[2022.02.17-00.30.30:267][  0]LogSteamShared: Steam SDK Loaded!
[2022.02.17-00.30.31:076][  0]SourceControl: Source control is disabled
[2022.02.17-00.30.31:076][  0]SourceControl: Source control is disabled
[2022.02.17-00.30.31:102][  0]SourceControl: Source control is disabled
[2022.02.17-00.30.31:126][  0]SourceControl: Source control is disabled
[2022.02.17-00.30.31:227][  0]SourceControl: Source control is disabled
[2022.02.17-00.30.31:243][  0]LogUProjectInfo: Found projects:
[2022.02.17-00.30.32:211][  0]LogOpenImageDenoise: OIDN starting up
[2022.02.17-00.30.32:643][  0]LogAndroidPermission: UAndroidPermissionCallbackProxy::GetInstance
[2022.02.17-00.30.32:725][  0]LogAudioCaptureCore: Display: No Audio Capture implementations found. Audio input will be silent.
[2022.02.17-00.30.32:725][  0]LogAudioCaptureCore: Display: No Audio Capture implementations found. Audio input will be silent.
[2022.02.17-00.30.33:109][  0]LogCollectionManager: Loaded 0 collections in 0.002128 seconds
[2022.02.17-00.30.33:226][  0]LogFileCache: Scanning file cache for directory 'C:/Users/yanus/Desktop/GitHub/GAME259/GAME259-2022-A/GAME259_A_URE/Saved/Collections/' took 0.00s
[2022.02.17-00.30.33:226][  0]LogFileCache: Scanning file cache for directory 'C:/Users/yanus/Desktop/GitHub/GAME259/GAME259-2022-A/GAME259_A_URE/Content/Developers/yanus/Collections/' took 0.00s
[2022.02.17-00.30.33:226][  0]LogFileCache: Scanning file cache for directory 'C:/Users/yanus/Desktop/GitHub/GAME259/GAME259-2022-A/GAME259_A_URE/Content/Collections/' took 0.00s
[2022.02.17-00.30.33:226][  0]LogOcInput: OculusInput pre-init called
[2022.02.17-00.30.33:596][  0]LogEngine: Initializing Engine...
[2022.02.17-00.30.33:597][  0]LogHMD: Failed to enumerate extensions. Please check that you have a valid OpenXR runtime installed.
[2022.02.17-00.30.33:598][  0]LogMagicLeap: Warning: VR disabled because ZI is not enabled.  To enable, in the editor, Edit -> Project Settings -> Plugins -> Magic Leap Plugin -> Enable Zero Iteration
[2022.02.17-00.30.33:602][  0]LogStats: UGameplayTagsManager::InitializeManager -  0.001 s
[2022.02.17-00.30.33:762][  0]LogInit: Initializing FReadOnlyCVARCache
[2022.02.17-00.30.33:825][  0]LogAIModule: Creating AISystem for world Untitled
[2022.02.17-00.30.33:829][  0]LogAudio: Display: Initializing Audio Device Manager...
[2022.02.17-00.30.33:848][  0]LogAudio: Display: Loading Default Audio Settings Objects...
[2022.02.17-00.30.33:849][  0]LogAudio: Display: No default SoundConcurrencyObject specified (or failed to load).
[2022.02.17-00.30.33:852][  0]LogAudio: Display: Audio Device Manager Initialized
[2022.02.17-00.30.33:852][  0]LogAudio: Display: Creating Audio Device:                 Id: 1, Scope: Shared, Realtime: True
[2022.02.17-00.30.33:853][  0]LogAudioMixer: Display: Audio Mixer Platform Settings:
[2022.02.17-00.30.33:853][  0]LogAudioMixer: Display: 	Sample Rate:						  48000
[2022.02.17-00.30.33:853][  0]LogAudioMixer: Display: 	Callback Buffer Frame Size Requested: 1024
[2022.02.17-00.30.33:853][  0]LogAudioMixer: Display: 	Callback Buffer Frame Size To Use:	  1024
[2022.02.17-00.30.33:853][  0]LogAudioMixer: Display: 	Number of buffers to queue:			  2
[2022.02.17-00.30.33:853][  0]LogAudioMixer: Display: 	Max Channels (voices):				  32
[2022.02.17-00.30.33:853][  0]LogAudioMixer: Display: 	Number of Async Source Workers:		  0
[2022.02.17-00.30.33:854][  0]LogAudio: Display: AudioDevice MaxSources: 32
[2022.02.17-00.30.33:855][  0]LogAudio: Display: Audio Spatialization Plugin: None (built-in).
[2022.02.17-00.30.33:855][  0]LogAudio: Display: Audio Reverb Plugin: None (built-in).
[2022.02.17-00.30.33:855][  0]LogAudio: Display: Audio Occlusion Plugin: None (built-in).
[2022.02.17-00.30.33:855][  0]LogAudioMixer: Display: Initializing audio mixer.
[2022.02.17-00.30.34:297][  0]LogAudioMixer: Display: 0: FrontLeft
[2022.02.17-00.30.34:297][  0]LogAudioMixer: Display: 1: FrontRight
[2022.02.17-00.30.34:297][  0]LogAudioMixer: Display: 2: FrontCenter
[2022.02.17-00.30.34:297][  0]LogAudioMixer: Display: 3: LowFrequency
[2022.02.17-00.30.34:297][  0]LogAudioMixer: Display: 4: BackLeft
[2022.02.17-00.30.34:297][  0]LogAudioMixer: Display: 5: BackRight
[2022.02.17-00.30.34:297][  0]LogAudioMixer: Display: 6: SideLeft
[2022.02.17-00.30.34:297][  0]LogAudioMixer: Display: 7: SideRight
[2022.02.17-00.30.34:315][  0]LogAudioMixer: Display: Using Audio Device Динамики (Logitech PRO X Gaming Headset)
[2022.02.17-00.30.34:322][  0]LogAudioMixer: Display: Initializing Sound Submixes...
[2022.02.17-00.30.34:325][  0]LogAudioMixer: Display: Creating Master Submix 'MasterSubmixDefault'
[2022.02.17-00.30.34:325][  0]LogAudioMixer: Display: Creating Master Submix 'MasterReverbSubmixDefault'
[2022.02.17-00.30.34:327][  0]LogAudioMixer: Display: Creating Master Submix 'MasterEQSubmixDefault'
[2022.02.17-00.30.34:327][  0]LogAudioMixer: FMixerPlatformXAudio2::StartAudioStream() called
[2022.02.17-00.30.34:327][  0]LogAudioMixer: Display: Output buffers initialized: Frames=1024, Channels=8, Samples=8192
[2022.02.17-00.30.34:327][  0]LogAudioMixer: Display: Starting AudioMixerPlatformInterface::RunInternal()
[2022.02.17-00.30.34:327][  0]LogAudioMixer: Display: FMixerPlatformXAudio2::SubmitBuffer() called for the first time
[2022.02.17-00.30.34:327][  0]LogInit: FAudioDevice initialized.
[2022.02.17-00.30.34:328][  0]LogAudio: Display: Audio Device (ID: 1) registered with world 'Untitled'.
[2022.02.17-00.30.34:329][  0]LogNetVersion: Set ProjectVersion to 1.0.0.0. Version Checksum will be recalculated on next use.
[2022.02.17-00.30.34:404][  0]LogDerivedDataCache: Saved boot cache 0.08s 129MB C:/Users/yanus/AppData/Local/UnrealEngine/4.27/DerivedDataCache/Boot.ddc.
[2022.02.17-00.30.34:408][  0]LogInit: Texture streaming: Enabled
[2022.02.17-00.30.34:489][  0]LogAnalytics: Display: [UEEditor.Rocket.Release] APIServer = https://datarouter.ol.epicgames.com/. AppVersion = 4.27.2-18319896+++UE4+Release-4.27
[2022.02.17-00.30.34:513][  0]LogEngineSessionManager: EngineSessionManager initialized
[2022.02.17-00.30.34:513][  0]LogEditorSessionSummary: Verbose: Initializing EditorSessionSummaryWriter for editor session tracking
[2022.02.17-00.30.34:516][  0]LogEditorSessionSummary: EditorSessionSummaryWriter initialized
[2022.02.17-00.30.35:097][  0]LogInit: Transaction tracking system initialized
[2022.02.17-00.30.35:244][  0]BlueprintLog: New page: Editor Load
[2022.02.17-00.30.35:807][  0]LocalizationService: Localization service is disabled
[2022.02.17-00.30.35:988][  0]TimingProfiler: Initialize
[2022.02.17-00.30.35:990][  0]TimingProfiler: OnSessionChanged
[2022.02.17-00.30.35:991][  0]LoadingProfiler: Initialize
[2022.02.17-00.30.35:991][  0]LoadingProfiler: OnSessionChanged
[2022.02.17-00.30.35:992][  0]NetworkingProfiler: Initialize
[2022.02.17-00.30.35:992][  0]NetworkingProfiler: OnSessionChanged
[2022.02.17-00.30.35:992][  0]MemoryProfiler: Initialize
[2022.02.17-00.30.35:992][  0]MemoryProfiler: OnSessionChanged
[2022.02.17-00.30.36:447][  0]LogFileCache: Scanning file cache for directory 'C:/Users/yanus/Desktop/GitHub/GAME259/GAME259-2022-A/GAME259_A_URE/Content/' took 0.00s
[2022.02.17-00.30.36:447][  0]LogCook: Display: CookSettings for Memory: MemoryMaxUsedVirtual 0MiB, MemoryMaxUsedPhysical 16384MiB, MemoryMinFreeVirtual 0MiB, MemoryMinFreePhysical 1024MiB
[2022.02.17-00.30.36:447][  0]LogCook: Display: Mobile HDR setting 1
[2022.02.17-00.30.37:473][  0]LogInit: Display: Engine is initialized. Leaving FEngineLoop::Init()
[2022.02.17-00.30.37:487][  0]SourceControl: Source control is disabled
[2022.02.17-00.30.37:489][  0]LogUnrealEdMisc: Loading editor; pre map load, took 77.019
[2022.02.17-00.30.37:493][  0]Cmd: MAP LOAD FILE="../../../../../../Users/yanus/Desktop/GitHub/GAME259/GAME259-2022-A/GAME259_A_URE/Content/ThirdPersonCPP/Maps/ThirdPersonExampleMap.umap" TEMPLATE=0 SHOWPROGRESS=1 FEATURELEVEL=3
[2022.02.17-00.30.37:495][  0]LightingResults: New page: Lighting Build
[2022.02.17-00.30.37:512][  0]LogWorld: UWorld::CleanupWorld for Untitled, bSessionEnded=true, bCleanupResources=true
[2022.02.17-00.30.37:518][  0]LogSlate: InvalidateAllWidgets triggered.  All widgets were invalidated
[2022.02.17-00.30.37:524][  0]MapCheck: New page: Map Check
[2022.02.17-00.30.37:524][  0]LightingResults: New page: Lighting Build
[2022.02.17-00.30.37:546][  0]LogAudio: Display: Audio Device unregistered from world 'None'.
[2022.02.17-00.30.37:588][  0]LogUObjectHash: Compacting FUObjectHashTables data took   1.55ms
[2022.02.17-00.30.37:628][  0]LogLinker: Warning: [AssetLog] C:\Users\yanus\Desktop\GitHub\GAME259\GAME259-2022-A\GAME259_A_URE\Content\ThirdPersonCPP\Maps\ThirdPersonExampleMap.umap: Failed to load '/Game/ThirdPersonCPP/Maps/ThirdPersonExampleMap_BuiltData': Can't find file.
[2022.02.17-00.30.37:629][  0]LogLinker: Warning: [AssetLog] C:\Users\yanus\Desktop\GitHub\GAME259\GAME259-2022-A\GAME259_A_URE\Content\ThirdPersonCPP\Maps\ThirdPersonExampleMap.umap: Failed to load '/Game/ThirdPersonCPP/Maps/ThirdPersonExampleMap_BuiltData': Can't find file.
[2022.02.17-00.30.37:634][  0]LogLinker: Warning: [AssetLog] C:\Users\yanus\Desktop\GitHub\GAME259\GAME259-2022-A\GAME259_A_URE\Content\ThirdPersonCPP\Maps\ThirdPersonExampleMap.umap: Failed to load '/Game/ThirdPersonCPP/Maps/ThirdPersonExampleMap_BuiltData': Can't find file.
[2022.02.17-00.30.37:636][  0]LogLinker: Warning: Failed to load '/Game/ThirdPersonCPP/Maps/ThirdPersonExampleMap_BuiltData': Can't find file.
[2022.02.17-00.30.37:636][  0]LogLinker: Warning: Failed to load '/Game/ThirdPersonCPP/Maps/ThirdPersonExampleMap_BuiltData': Can't find file.
[2022.02.17-00.30.37:641][  0]LogLinker: Warning: [AssetLog] C:\Users\yanus\Desktop\GitHub\GAME259\GAME259-2022-A\GAME259_A_URE\Content\ThirdPersonCPP\Maps\ThirdPersonExampleMap.umap: Failed to load '/Game/ThirdPersonCPP/Maps/ThirdPersonExampleMap_BuiltData': Can't find file.
[2022.02.17-00.30.37:641][  0]LoadErrors: Failed to load /Game/ThirdPersonCPP/Maps/ThirdPersonExampleMap_BuiltData.ThirdPersonExampleMap_BuiltData Referenced by PersistentLevel
[2022.02.17-00.30.37:711][  0]LogAudio: Display: Audio Device (ID: 1) registered with world 'ThirdPersonExampleMap'.
[2022.02.17-00.30.37:713][  0]LogAIModule: Creating AISystem for world ThirdPersonExampleMap
[2022.02.17-00.30.37:794][  0]LogEditorServer: Finished looking for orphan Actors (0.000 secs)
[2022.02.17-00.30.37:826][  0]LogUObjectHash: Compacting FUObjectHashTables data took   0.82ms
[2022.02.17-00.30.37:830][  0]Cmd: MAP CHECKDEP NOCLEARLOG
[2022.02.17-00.30.37:832][  0]MapCheck: Map check complete: 0 Error(s), 0 Warning(s), took 1.292ms to complete.
[2022.02.17-00.30.37:832][  0]LogFileHelpers: Loading map 'ThirdPersonExampleMap' took 0.341
[2022.02.17-00.30.37:894][  0]LogUnrealEdMisc: Total Editor Startup Time, took 77.424
[2022.02.17-00.30.38:106][  0]LogSlate: Updating window title bar state: overlay mode, drag disabled, window buttons hidden, title bar hidden
[2022.02.17-00.30.38:113][  0]LogSlate: Updating window title bar state: overlay mode, drag disabled, window buttons hidden, title bar hidden
[2022.02.17-00.30.38:118][  0]LogSlate: Updating window title bar state: overlay mode, drag disabled, window buttons hidden, title bar hidden
[2022.02.17-00.30.38:125][  0]LogSlate: Updating window title bar state: overlay mode, drag disabled, window buttons hidden, title bar hidden
[2022.02.17-00.30.38:176][  0]LogNativeClassHierarchy: Verbose: Native class hierarchy populated in 0.0086 seconds. Added 3821 classes and 927 folders.
[2022.02.17-00.30.38:190][  0]LogNativeClassHierarchy: Verbose: Native class hierarchy updated for 'WidgetCarousel' in 0.0004 seconds. Added 0 classes and 0 folders.
[2022.02.17-00.30.38:204][  0]LogPakFile: PakFile PrimaryIndexSize=187
[2022.02.17-00.30.38:204][  0]LogPakFile: PakFile PathHashIndexSize=101
[2022.02.17-00.30.38:204][  0]LogPakFile: PakFile FullDirectoryIndexSize=148
[2022.02.17-00.30.38:205][  0]LogShaderLibrary: Display: ShaderCodeLibraryPakFileMountedCallback: PakFile 'C:/Program Files/Epic Games/UE_4.27/FeaturePacks/FP_FirstPerson.upack' (chunk index -1, root 'root:/') mounted
[2022.02.17-00.30.38:205][  0]LogShaderLibrary: Display: ShaderCodeLibraryPakFileMountedCallback: pending pak file info (ChunkID:-1 Root:root:/ File:C:/Program Files/Epic Games/UE_4.27/FeaturePacks/FP_FirstPerson.upack)
[2022.02.17-00.30.38:206][  0]LogPakFile: OnPakFileMounted2Time == 0.001688
[2022.02.17-00.30.38:217][  0]LogPakFile: PakFile PrimaryIndexSize=189
[2022.02.17-00.30.38:217][  0]LogPakFile: PakFile PathHashIndexSize=101
[2022.02.17-00.30.38:217][  0]LogPakFile: PakFile FullDirectoryIndexSize=152
[2022.02.17-00.30.38:217][  0]LogShaderLibrary: Display: ShaderCodeLibraryPakFileMountedCallback: PakFile 'C:/Program Files/Epic Games/UE_4.27/FeaturePacks/FP_FirstPersonBP.upack' (chunk index -1, root 'root:/') mounted
[2022.02.17-00.30.38:217][  0]LogShaderLibrary: Display: ShaderCodeLibraryPakFileMountedCallback: pending pak file info (ChunkID:-1 Root:root:/ File:C:/Program Files/Epic Games/UE_4.27/FeaturePacks/FP_FirstPersonBP.upack)
[2022.02.17-00.30.38:217][  0]LogPakFile: OnPakFileMounted2Time == 0.000339
[2022.02.17-00.30.38:224][  0]LogPakFile: PakFile PrimaryIndexSize=191
[2022.02.17-00.30.38:224][  0]LogPakFile: PakFile PathHashIndexSize=101
[2022.02.17-00.30.38:224][  0]LogPakFile: PakFile FullDirectoryIndexSize=160
[2022.02.17-00.30.38:224][  0]LogShaderLibrary: Display: ShaderCodeLibraryPakFileMountedCallback: PakFile 'C:/Program Files/Epic Games/UE_4.27/FeaturePacks/MobileStarterContent.upack' (chunk index -1, root 'root:/') mounted
[2022.02.17-00.30.38:224][  0]LogShaderLibrary: Display: ShaderCodeLibraryPakFileMountedCallback: pending pak file info (ChunkID:-1 Root:root:/ File:C:/Program Files/Epic Games/UE_4.27/FeaturePacks/MobileStarterContent.upack)
[2022.02.17-00.30.38:224][  0]LogPakFile: OnPakFileMounted2Time == 0.000040
[2022.02.17-00.30.38:231][  0]LogPakFile: PakFile PrimaryIndexSize=185
[2022.02.17-00.30.38:231][  0]LogPakFile: PakFile PathHashIndexSize=101
[2022.02.17-00.30.38:231][  0]LogPakFile: PakFile FullDirectoryIndexSize=148
[2022.02.17-00.30.38:231][  0]LogShaderLibrary: Display: ShaderCodeLibraryPakFileMountedCallback: PakFile 'C:/Program Files/Epic Games/UE_4.27/FeaturePacks/StarterContent.upack' (chunk index -1, root 'root:/') mounted
[2022.02.17-00.30.38:231][  0]LogShaderLibrary: Display: ShaderCodeLibraryPakFileMountedCallback: pending pak file info (ChunkID:-1 Root:root:/ File:C:/Program Files/Epic Games/UE_4.27/FeaturePacks/StarterContent.upack)
[2022.02.17-00.30.38:231][  0]LogPakFile: OnPakFileMounted2Time == 0.000039
[2022.02.17-00.30.38:235][  0]LogPakFile: PakFile PrimaryIndexSize=190
[2022.02.17-00.30.38:235][  0]LogPakFile: PakFile PathHashIndexSize=101
[2022.02.17-00.30.38:235][  0]LogPakFile: PakFile FullDirectoryIndexSize=154
[2022.02.17-00.30.38:235][  0]LogShaderLibrary: Display: ShaderCodeLibraryPakFileMountedCallback: PakFile 'C:/Program Files/Epic Games/UE_4.27/FeaturePacks/TP_2DSideScroller.upack' (chunk index -1, root 'root:/') mounted
[2022.02.17-00.30.38:235][  0]LogShaderLibrary: Display: ShaderCodeLibraryPakFileMountedCallback: pending pak file info (ChunkID:-1 Root:root:/ File:C:/Program Files/Epic Games/UE_4.27/FeaturePacks/TP_2DSideScroller.upack)
[2022.02.17-00.30.38:235][  0]LogPakFile: OnPakFileMounted2Time == 0.000033
[2022.02.17-00.30.38:240][  0]LogPakFile: PakFile PrimaryIndexSize=192
[2022.02.17-00.30.38:240][  0]LogPakFile: PakFile PathHashIndexSize=101
[2022.02.17-00.30.38:240][  0]LogPakFile: PakFile FullDirectoryIndexSize=158
[2022.02.17-00.30.38:240][  0]LogShaderLibrary: Display: ShaderCodeLibraryPakFileMountedCallback: PakFile 'C:/Program Files/Epic Games/UE_4.27/FeaturePacks/TP_2DSideScrollerBP.upack' (chunk index -1, root 'root:/') mounted
[2022.02.17-00.30.38:240][  0]LogShaderLibrary: Display: ShaderCodeLibraryPakFileMountedCallback: pending pak file info (ChunkID:-1 Root:root:/ File:C:/Program Files/Epic Games/UE_4.27/FeaturePacks/TP_2DSideScrollerBP.upack)
[2022.02.17-00.30.38:240][  0]LogPakFile: OnPakFileMounted2Time == 0.000032
[2022.02.17-00.30.38:245][  0]LogPakFile: PakFile PrimaryIndexSize=182
[2022.02.17-00.30.38:245][  0]LogPakFile: PakFile PathHashIndexSize=101
[2022.02.17-00.30.38:245][  0]LogPakFile: PakFile FullDirectoryIndexSize=138
[2022.02.17-00.30.38:245][  0]LogShaderLibrary: Display: ShaderCodeLibraryPakFileMountedCallback: PakFile 'C:/Program Files/Epic Games/UE_4.27/FeaturePacks/TP_Flying.upack' (chunk index -1, root 'root:/') mounted
[2022.02.17-00.30.38:245][  0]LogShaderLibrary: Display: ShaderCodeLibraryPakFileMountedCallback: pending pak file info (ChunkID:-1 Root:root:/ File:C:/Program Files/Epic Games/UE_4.27/FeaturePacks/TP_Flying.upack)
[2022.02.17-00.30.38:245][  0]LogPakFile: OnPakFileMounted2Time == 0.000038
[2022.02.17-00.30.38:251][  0]LogPakFile: PakFile PrimaryIndexSize=184
[2022.02.17-00.30.38:251][  0]LogPakFile: PakFile PathHashIndexSize=101
[2022.02.17-00.30.38:251][  0]LogPakFile: PakFile FullDirectoryIndexSize=142
[2022.02.17-00.30.38:251][  0]LogShaderLibrary: Display: ShaderCodeLibraryPakFileMountedCallback: PakFile 'C:/Program Files/Epic Games/UE_4.27/FeaturePacks/TP_FlyingBP.upack' (chunk index -1, root 'root:/') mounted
[2022.02.17-00.30.38:251][  0]LogShaderLibrary: Display: ShaderCodeLibraryPakFileMountedCallback: pending pak file info (ChunkID:-1 Root:root:/ File:C:/Program Files/Epic Games/UE_4.27/FeaturePacks/TP_FlyingBP.upack)
[2022.02.17-00.30.38:251][  0]LogPakFile: OnPakFileMounted2Time == 0.000035
[2022.02.17-00.30.38:257][  0]LogPakFile: PakFile PrimaryIndexSize=188
[2022.02.17-00.30.38:257][  0]LogPakFile: PakFile PathHashIndexSize=101
[2022.02.17-00.30.38:257][  0]LogPakFile: PakFile FullDirectoryIndexSize=150
[2022.02.17-00.30.38:257][  0]LogShaderLibrary: Display: ShaderCodeLibraryPakFileMountedCallback: PakFile 'C:/Program Files/Epic Games/UE_4.27/FeaturePacks/TP_HandheldARBP.upack' (chunk index -1, root 'root:/') mounted
[2022.02.17-00.30.38:257][  0]LogShaderLibrary: Display: ShaderCodeLibraryPakFileMountedCallback: pending pak file info (ChunkID:-1 Root:root:/ File:C:/Program Files/Epic Games/UE_4.27/FeaturePacks/TP_HandheldARBP.upack)
[2022.02.17-00.30.38:257][  0]LogPakFile: OnPakFileMounted2Time == 0.000037
[2022.02.17-00.30.38:266][  0]LogPakFile: PakFile PrimaryIndexSize=182
[2022.02.17-00.30.38:266][  0]LogPakFile: PakFile PathHashIndexSize=101
[2022.02.17-00.30.38:266][  0]LogPakFile: PakFile FullDirectoryIndexSize=138
[2022.02.17-00.30.38:266][  0]LogShaderLibrary: Display: ShaderCodeLibraryPakFileMountedCallback: PakFile 'C:/Program Files/Epic Games/UE_4.27/FeaturePacks/TP_Puzzle.upack' (chunk index -1, root 'root:/') mounted
[2022.02.17-00.30.38:266][  0]LogShaderLibrary: Display: ShaderCodeLibraryPakFileMountedCallback: pending pak file info (ChunkID:-1 Root:root:/ File:C:/Program Files/Epic Games/UE_4.27/FeaturePacks/TP_Puzzle.upack)
[2022.02.17-00.30.38:266][  0]LogPakFile: OnPakFileMounted2Time == 0.000036
[2022.02.17-00.30.38:271][  0]LogPakFile: PakFile PrimaryIndexSize=184
[2022.02.17-00.30.38:271][  0]LogPakFile: PakFile PathHashIndexSize=101
[2022.02.17-00.30.38:271][  0]LogPakFile: PakFile FullDirectoryIndexSize=142
[2022.02.17-00.30.38:271][  0]LogShaderLibrary: Display: ShaderCodeLibraryPakFileMountedCallback: PakFile 'C:/Program Files/Epic Games/UE_4.27/FeaturePacks/TP_PuzzleBP.upack' (chunk index -1, root 'root:/') mounted
[2022.02.17-00.30.38:271][  0]LogShaderLibrary: Display: ShaderCodeLibraryPakFileMountedCallback: pending pak file info (ChunkID:-1 Root:root:/ File:C:/Program Files/Epic Games/UE_4.27/FeaturePacks/TP_PuzzleBP.upack)
[2022.02.17-00.30.38:271][  0]LogPakFile: OnPakFileMounted2Time == 0.000032
[2022.02.17-00.30.38:277][  0]LogPakFile: PakFile PrimaryIndexSize=183
[2022.02.17-00.30.38:277][  0]LogPakFile: PakFile PathHashIndexSize=101
[2022.02.17-00.30.38:277][  0]LogPakFile: PakFile FullDirectoryIndexSize=140
[2022.02.17-00.30.38:277][  0]LogShaderLibrary: Display: ShaderCodeLibraryPakFileMountedCallback: PakFile 'C:/Program Files/Epic Games/UE_4.27/FeaturePacks/TP_Rolling.upack' (chunk index -1, root 'root:/') mounted
[2022.02.17-00.30.38:277][  0]LogShaderLibrary: Display: ShaderCodeLibraryPakFileMountedCallback: pending pak file info (ChunkID:-1 Root:root:/ File:C:/Program Files/Epic Games/UE_4.27/FeaturePacks/TP_Rolling.upack)
[2022.02.17-00.30.38:277][  0]LogPakFile: OnPakFileMounted2Time == 0.000034
[2022.02.17-00.30.38:282][  0]LogPakFile: PakFile PrimaryIndexSize=185
[2022.02.17-00.30.38:282][  0]LogPakFile: PakFile PathHashIndexSize=101
[2022.02.17-00.30.38:282][  0]LogPakFile: PakFile FullDirectoryIndexSize=144
[2022.02.17-00.30.38:282][  0]LogShaderLibrary: Display: ShaderCodeLibraryPakFileMountedCallback: PakFile 'C:/Program Files/Epic Games/UE_4.27/FeaturePacks/TP_RollingBP.upack' (chunk index -1, root 'root:/') mounted
[2022.02.17-00.30.38:282][  0]LogShaderLibrary: Display: ShaderCodeLibraryPakFileMountedCallback: pending pak file info (ChunkID:-1 Root:root:/ File:C:/Program Files/Epic Games/UE_4.27/FeaturePacks/TP_RollingBP.upack)
[2022.02.17-00.30.38:282][  0]LogPakFile: OnPakFileMounted2Time == 0.000037
[2022.02.17-00.30.38:287][  0]LogPakFile: PakFile PrimaryIndexSize=188
[2022.02.17-00.30.38:287][  0]LogPakFile: PakFile PathHashIndexSize=101
[2022.02.17-00.30.38:287][  0]LogPakFile: PakFile FullDirectoryIndexSize=150
[2022.02.17-00.30.38:287][  0]LogShaderLibrary: Display: ShaderCodeLibraryPakFileMountedCallback: PakFile 'C:/Program Files/Epic Games/UE_4.27/FeaturePacks/TP_SideScroller.upack' (chunk index -1, root 'root:/') mounted
[2022.02.17-00.30.38:287][  0]LogShaderLibrary: Display: ShaderCodeLibraryPakFileMountedCallback: pending pak file info (ChunkID:-1 Root:root:/ File:C:/Program Files/Epic Games/UE_4.27/FeaturePacks/TP_SideScroller.upack)
[2022.02.17-00.30.38:287][  0]LogPakFile: OnPakFileMounted2Time == 0.000039
[2022.02.17-00.30.38:295][  0]LogPakFile: PakFile PrimaryIndexSize=190
[2022.02.17-00.30.38:295][  0]LogPakFile: PakFile PathHashIndexSize=101
[2022.02.17-00.30.38:295][  0]LogPakFile: PakFile FullDirectoryIndexSize=154
[2022.02.17-00.30.38:295][  0]LogShaderLibrary: Display: ShaderCodeLibraryPakFileMountedCallback: PakFile 'C:/Program Files/Epic Games/UE_4.27/FeaturePacks/TP_SideScrollerBP.upack' (chunk index -1, root 'root:/') mounted
[2022.02.17-00.30.38:295][  0]LogShaderLibrary: Display: ShaderCodeLibraryPakFileMountedCallback: pending pak file info (ChunkID:-1 Root:root:/ File:C:/Program Files/Epic Games/UE_4.27/FeaturePacks/TP_SideScrollerBP.upack)
[2022.02.17-00.30.38:295][  0]LogPakFile: OnPakFileMounted2Time == 0.000038
[2022.02.17-00.30.38:302][  0]LogPakFile: PakFile PrimaryIndexSize=187
[2022.02.17-00.30.38:302][  0]LogPakFile: PakFile PathHashIndexSize=101
[2022.02.17-00.30.38:302][  0]LogPakFile: PakFile FullDirectoryIndexSize=148
[2022.02.17-00.30.38:302][  0]LogShaderLibrary: Display: ShaderCodeLibraryPakFileMountedCallback: PakFile 'C:/Program Files/Epic Games/UE_4.27/FeaturePacks/TP_ThirdPerson.upack' (chunk index -1, root 'root:/') mounted
[2022.02.17-00.30.38:302][  0]LogShaderLibrary: Display: ShaderCodeLibraryPakFileMountedCallback: pending pak file info (ChunkID:-1 Root:root:/ File:C:/Program Files/Epic Games/UE_4.27/FeaturePacks/TP_ThirdPerson.upack)
[2022.02.17-00.30.38:302][  0]LogPakFile: OnPakFileMounted2Time == 0.000035
[2022.02.17-00.30.38:308][  0]LogPakFile: PakFile PrimaryIndexSize=189
[2022.02.17-00.30.38:308][  0]LogPakFile: PakFile PathHashIndexSize=101
[2022.02.17-00.30.38:308][  0]LogPakFile: PakFile FullDirectoryIndexSize=152
[2022.02.17-00.30.38:308][  0]LogShaderLibrary: Display: ShaderCodeLibraryPakFileMountedCallback: PakFile 'C:/Program Files/Epic Games/UE_4.27/FeaturePacks/TP_ThirdPersonBP.upack' (chunk index -1, root 'root:/') mounted
[2022.02.17-00.30.38:308][  0]LogShaderLibrary: Display: ShaderCodeLibraryPakFileMountedCallback: pending pak file info (ChunkID:-1 Root:root:/ File:C:/Program Files/Epic Games/UE_4.27/FeaturePacks/TP_ThirdPersonBP.upack)
[2022.02.17-00.30.38:308][  0]LogPakFile: OnPakFileMounted2Time == 0.000035
[2022.02.17-00.30.38:314][  0]LogPakFile: PakFile PrimaryIndexSize=183
[2022.02.17-00.30.38:314][  0]LogPakFile: PakFile PathHashIndexSize=101
[2022.02.17-00.30.38:314][  0]LogPakFile: PakFile FullDirectoryIndexSize=140
[2022.02.17-00.30.38:314][  0]LogShaderLibrary: Display: ShaderCodeLibraryPakFileMountedCallback: PakFile 'C:/Program Files/Epic Games/UE_4.27/FeaturePacks/TP_TopDown.upack' (chunk index -1, root 'root:/') mounted
[2022.02.17-00.30.38:314][  0]LogShaderLibrary: Display: ShaderCodeLibraryPakFileMountedCallback: pending pak file info (ChunkID:-1 Root:root:/ File:C:/Program Files/Epic Games/UE_4.27/FeaturePacks/TP_TopDown.upack)
[2022.02.17-00.30.38:314][  0]LogPakFile: OnPakFileMounted2Time == 0.000047
[2022.02.17-00.30.38:322][  0]LogPakFile: PakFile PrimaryIndexSize=185
[2022.02.17-00.30.38:322][  0]LogPakFile: PakFile PathHashIndexSize=101
[2022.02.17-00.30.38:322][  0]LogPakFile: PakFile FullDirectoryIndexSize=144
[2022.02.17-00.30.38:322][  0]LogShaderLibrary: Display: ShaderCodeLibraryPakFileMountedCallback: PakFile 'C:/Program Files/Epic Games/UE_4.27/FeaturePacks/TP_TopDownBP.upack' (chunk index -1, root 'root:/') mounted
[2022.02.17-00.30.38:322][  0]LogShaderLibrary: Display: ShaderCodeLibraryPakFileMountedCallback: pending pak file info (ChunkID:-1 Root:root:/ File:C:/Program Files/Epic Games/UE_4.27/FeaturePacks/TP_TopDownBP.upack)
[2022.02.17-00.30.38:322][  0]LogPakFile: OnPakFileMounted2Time == 0.000041
[2022.02.17-00.30.38:331][  0]LogPakFile: PakFile PrimaryIndexSize=185
[2022.02.17-00.30.38:331][  0]LogPakFile: PakFile PathHashIndexSize=101
[2022.02.17-00.30.38:331][  0]LogPakFile: PakFile FullDirectoryIndexSize=144
[2022.02.17-00.30.38:331][  0]LogShaderLibrary: Display: ShaderCodeLibraryPakFileMountedCallback: PakFile 'C:/Program Files/Epic Games/UE_4.27/FeaturePacks/TP_TwinStick.upack' (chunk index -1, root 'root:/') mounted
[2022.02.17-00.30.38:331][  0]LogShaderLibrary: Display: ShaderCodeLibraryPakFileMountedCallback: pending pak file info (ChunkID:-1 Root:root:/ File:C:/Program Files/Epic Games/UE_4.27/FeaturePacks/TP_TwinStick.upack)
[2022.02.17-00.30.38:331][  0]LogPakFile: OnPakFileMounted2Time == 0.000038
[2022.02.17-00.30.38:336][  0]LogPakFile: PakFile PrimaryIndexSize=187
[2022.02.17-00.30.38:336][  0]LogPakFile: PakFile PathHashIndexSize=101
[2022.02.17-00.30.38:336][  0]LogPakFile: PakFile FullDirectoryIndexSize=148
[2022.02.17-00.30.38:336][  0]LogShaderLibrary: Display: ShaderCodeLibraryPakFileMountedCallback: PakFile 'C:/Program Files/Epic Games/UE_4.27/FeaturePacks/TP_TwinStickBP.upack' (chunk index -1, root 'root:/') mounted
[2022.02.17-00.30.38:336][  0]LogShaderLibrary: Display: ShaderCodeLibraryPakFileMountedCallback: pending pak file info (ChunkID:-1 Root:root:/ File:C:/Program Files/Epic Games/UE_4.27/FeaturePacks/TP_TwinStickBP.upack)
[2022.02.17-00.30.38:336][  0]LogPakFile: OnPakFileMounted2Time == 0.000034
[2022.02.17-00.30.38:343][  0]LogPakFile: PakFile PrimaryIndexSize=183
[2022.02.17-00.30.38:343][  0]LogPakFile: PakFile PathHashIndexSize=101
[2022.02.17-00.30.38:343][  0]LogPakFile: PakFile FullDirectoryIndexSize=140
[2022.02.17-00.30.38:343][  0]LogShaderLibrary: Display: ShaderCodeLibraryPakFileMountedCallback: PakFile 'C:/Program Files/Epic Games/UE_4.27/FeaturePacks/TP_Vehicle.upack' (chunk index -1, root 'root:/') mounted
[2022.02.17-00.30.38:343][  0]LogShaderLibrary: Display: ShaderCodeLibraryPakFileMountedCallback: pending pak file info (ChunkID:-1 Root:root:/ File:C:/Program Files/Epic Games/UE_4.27/FeaturePacks/TP_Vehicle.upack)
[2022.02.17-00.30.38:343][  0]LogPakFile: OnPakFileMounted2Time == 0.000036
[2022.02.17-00.30.38:349][  0]LogPakFile: PakFile PrimaryIndexSize=186
[2022.02.17-00.30.38:349][  0]LogPakFile: PakFile PathHashIndexSize=101
[2022.02.17-00.30.38:349][  0]LogPakFile: PakFile FullDirectoryIndexSize=146
[2022.02.17-00.30.38:349][  0]LogShaderLibrary: Display: ShaderCodeLibraryPakFileMountedCallback: PakFile 'C:/Program Files/Epic Games/UE_4.27/FeaturePacks/TP_VehicleAdv.upack' (chunk index -1, root 'root:/') mounted
[2022.02.17-00.30.38:349][  0]LogShaderLibrary: Display: ShaderCodeLibraryPakFileMountedCallback: pending pak file info (ChunkID:-1 Root:root:/ File:C:/Program Files/Epic Games/UE_4.27/FeaturePacks/TP_VehicleAdv.upack)
[2022.02.17-00.30.38:349][  0]LogPakFile: OnPakFileMounted2Time == 0.000037
[2022.02.17-00.30.38:357][  0]LogPakFile: PakFile PrimaryIndexSize=188
[2022.02.17-00.30.38:357][  0]LogPakFile: PakFile PathHashIndexSize=101
[2022.02.17-00.30.38:357][  0]LogPakFile: PakFile FullDirectoryIndexSize=150
[2022.02.17-00.30.38:357][  0]LogShaderLibrary: Display: ShaderCodeLibraryPakFileMountedCallback: PakFile 'C:/Program Files/Epic Games/UE_4.27/FeaturePacks/TP_VehicleAdvBP.upack' (chunk index -1, root 'root:/') mounted
[2022.02.17-00.30.38:357][  0]LogShaderLibrary: Display: ShaderCodeLibraryPakFileMountedCallback: pending pak file info (ChunkID:-1 Root:root:/ File:C:/Program Files/Epic Games/UE_4.27/FeaturePacks/TP_VehicleAdvBP.upack)
[2022.02.17-00.30.38:357][  0]LogPakFile: OnPakFileMounted2Time == 0.000043
[2022.02.17-00.30.38:366][  0]LogPakFile: PakFile PrimaryIndexSize=185
[2022.02.17-00.30.38:366][  0]LogPakFile: PakFile PathHashIndexSize=101
[2022.02.17-00.30.38:366][  0]LogPakFile: PakFile FullDirectoryIndexSize=144
[2022.02.17-00.30.38:366][  0]LogShaderLibrary: Display: ShaderCodeLibraryPakFileMountedCallback: PakFile 'C:/Program Files/Epic Games/UE_4.27/FeaturePacks/TP_VehicleBP.upack' (chunk index -1, root 'root:/') mounted
[2022.02.17-00.30.38:366][  0]LogShaderLibrary: Display: ShaderCodeLibraryPakFileMountedCallback: pending pak file info (ChunkID:-1 Root:root:/ File:C:/Program Files/Epic Games/UE_4.27/FeaturePacks/TP_VehicleBP.upack)
[2022.02.17-00.30.38:366][  0]LogPakFile: OnPakFileMounted2Time == 0.000035
[2022.02.17-00.30.38:372][  0]LogPakFile: PakFile PrimaryIndexSize=192
[2022.02.17-00.30.38:372][  0]LogPakFile: PakFile PathHashIndexSize=101
[2022.02.17-00.30.38:372][  0]LogPakFile: PakFile FullDirectoryIndexSize=158
[2022.02.17-00.30.38:372][  0]LogShaderLibrary: Display: ShaderCodeLibraryPakFileMountedCallback: PakFile 'C:/Program Files/Epic Games/UE_4.27/FeaturePacks/TP_VirtualRealityBP.upack' (chunk index -1, root 'root:/') mounted
[2022.02.17-00.30.38:372][  0]LogShaderLibrary: Display: ShaderCodeLibraryPakFileMountedCallback: pending pak file info (ChunkID:-1 Root:root:/ File:C:/Program Files/Epic Games/UE_4.27/FeaturePacks/TP_VirtualRealityBP.upack)
[2022.02.17-00.30.38:372][  0]LogPakFile: OnPakFileMounted2Time == 0.000035
[2022.02.17-00.30.38:623][  0]LogNativeClassHierarchy: Verbose: Native class hierarchy updated for 'AddContentDialog' in 0.0003 seconds. Added 0 classes and 0 folders.
[2022.02.17-00.30.38:721][  0]LogNativeClassHierarchy: Verbose: Native class hierarchy updated for 'SceneOutliner' in 0.0004 seconds. Added 2 classes and 0 folders.
[2022.02.17-00.30.38:852][  0]LogSlate: Took 0.006492 seconds to synchronously load lazily loaded font '../../../Engine/Content/Slate/Fonts/Roboto-Regular.ttf' (155K)
[2022.02.17-00.30.38:864][  0]LogSlate: Took 0.007338 seconds to synchronously load lazily loaded font '../../../Engine/Content/Editor/Slate/Fonts/FontAwesome.ttf' (139K)
[2022.02.17-00.30.38:872][  0]LogSlate: Took 0.006027 seconds to synchronously load lazily loaded font '../../../Engine/Content/Slate/Fonts/Roboto-Bold.ttf' (160K)
[2022.02.17-00.30.39:044][  0]LogRenderer: Reallocating scene render targets to support 1116x492 Format 10 NumSamples 1 (Frame:1).
[2022.02.17-00.30.39:369][  0]LogNativeClassHierarchy: Verbose: Native class hierarchy updated for 'HierarchicalLODOutliner' in 0.0003 seconds. Added 0 classes and 0 folders.
[2022.02.17-00.30.39:369][  0]LogInput: Warning: Action Jump uses invalid key OculusGo_Left_Trigger_Click.
[2022.02.17-00.30.39:369][  0]LogInput: Warning: Action ResetVR uses invalid key OculusGo_Left_Trackpad_Click.
[2022.02.17-00.30.39:369][  0]LogInput: Warning: Use -RemoveInvalidKeys to remove instances of these keys from the action mapping.
[2022.02.17-00.30.39:369][  0]LogLoad: (Engine Initialization) Total time: 78.90 seconds
[2022.02.17-00.30.39:369][  0]LogLoad: (Engine Initialization) Total Blueprint compile time: 0.00 seconds
[2022.02.17-00.30.39:434][  0]LogAssetRegistry: Asset discovery search completed in 14.8011 seconds
[2022.02.17-00.30.39:442][  0]LogCollectionManager: Fixed up redirectors for 0 collections in 0.000003 seconds (updated 0 objects)
[2022.02.17-00.30.39:457][  0]LogContentStreaming: Texture pool size now 1000 MB
[2022.02.17-00.30.39:511][  0]LogSlate: Took 0.006340 seconds to synchronously load lazily loaded font '../../../Engine/Content/Slate/Fonts/DroidSansMono.ttf' (77K)
[2022.02.17-00.30.47:287][421]LogSlate: Window 'Message Log' being destroyed
[2022.02.17-00.30.47:291][421]LogSlate: Window 'Message Log' being destroyed
[2022.02.17-00.30.52:634][739]LogSlate: Took 0.005730 seconds to synchronously load lazily loaded font '../../../Engine/Content/Slate/Fonts/Roboto-Light.ttf' (167K)
[2022.02.17-00.31.08:739][671]LogSlate: Only BGRA pngs, bmps or icos are supported in by External Image Picker
