Log file open, 02/24/22 19:59:10
LogWindows: Failed to load 'aqProf.dll' (GetLastError=126)
LogWindows: File 'aqProf.dll' does not exist
LogWindows: Failed to load 'VtuneApi.dll' (GetLastError=126)
LogWindows: File 'VtuneApi.dll' does not exist
LogWindows: Failed to load 'VtuneApi32e.dll' (GetLastError=126)
LogWindows: File 'VtuneApi32e.dll' does not exist
LogConsoleResponse: Display: Failed to find resolution value strings in scalability ini. Falling back to default.
LogConsoleResponse: Display: Failed to find resolution value strings in scalability ini. Falling back to default.
LogInit: Display: Running engine for game: GAME259_A_URE
LogPlatformFile: Not using cached read wrapper
LogTaskGraph: Started task graph with 5 named threads and 47 total threads with 3 sets of task threads.
LogStats: Stats thread started at 0.201025
LogICUInternationalization: ICU TimeZone Detection - Raw Offset: -5:00, Platform Override: ''
LogInit: Display: Loading text-based GConfig....
LogPluginManager: Mounting plugin MeshPainting
LogPluginManager: Mounting plugin XGEController
LogPluginManager: Mounting plugin Paper2D
LogPluginManager: Mounting plugin LiveLink
LogPluginManager: Mounting plugin LightPropagationVolume
LogPluginManager: Mounting plugin OodleData
LogPluginManager: Mounting plugin GameplayCameras
LogPluginManager: Mounting plugin OodleNetwork
LogPluginManager: Mounting plugin CameraShakePreviewer
LogPluginManager: Mounting plugin DatasmithContent
LogPluginManager: Mounting plugin CryptoKeys
LogPluginManager: Mounting plugin AssetManagerEditor
LogPluginManager: Mounting plugin CurveEditorTools
LogPluginManager: Mounting plugin GameplayTagsEditor
LogPluginManager: Mounting plugin DataValidation
LogPluginManager: Mounting plugin FacialAnimation
LogPluginManager: Mounting plugin MacGraphicsSwitching
LogPluginManager: Mounting plugin GeometryMode
LogPluginManager: Mounting plugin MaterialAnalyzer
LogPluginManager: Mounting plugin PluginBrowser
LogPluginManager: Mounting plugin SpeedTreeImporter
LogPluginManager: Mounting plugin AnimationSharing
LogPluginManager: Mounting plugin CLionSourceCodeAccess
LogPluginManager: Mounting plugin CodeLiteSourceCodeAccess
LogPluginManager: Mounting plugin MobileLauncherProfileWizard
LogPluginManager: Mounting plugin GitSourceControl
LogPluginManager: Mounting plugin KDevelopSourceCodeAccess
LogPluginManager: Mounting plugin PerforceSourceControl
LogPluginManager: Mounting plugin PlasticSourceControl
LogPluginManager: Mounting plugin VariantManagerContent
LogPluginManager: Mounting plugin PluginUtils
LogPluginManager: Mounting plugin SubversionSourceControl
LogPluginManager: Mounting plugin PixWinPlugin
LogPluginManager: Mounting plugin PropertyAccessNode
LogPluginManager: Mounting plugin VisualStudioCodeSourceCodeAccess
LogPluginManager: Mounting plugin XCodeSourceCodeAccess
LogPluginManager: Mounting plugin VisualStudioSourceCodeAccess
LogPluginManager: Mounting plugin UObjectPlugin
LogPluginManager: Mounting plugin Niagara
LogPluginManager: Mounting plugin AndroidMedia
LogPluginManager: Mounting plugin AvfMedia
LogPluginManager: Mounting plugin ImgMedia
LogPluginManager: Mounting plugin MediaCompositing
LogPluginManager: Mounting plugin RiderSourceCodeAccess
LogPluginManager: Mounting plugin NullSourceCodeAccess
LogPluginManager: Mounting plugin MediaPlayerEditor
LogPluginManager: Mounting plugin WebMMedia
LogPluginManager: Mounting plugin WmfMedia
LogPluginManager: Mounting plugin LuminPlatformFeatures
LogPluginManager: Mounting plugin MagicLeapLightEstimation
LogPluginManager: Mounting plugin MagicLeapMedia
LogPluginManager: Mounting plugin MagicLeap
LogPluginManager: Mounting plugin MagicLeapPassableWorld
LogPluginManager: Mounting plugin TextureFormatOodle
LogPluginManager: Mounting plugin MLSDK
LogPluginManager: Mounting plugin AlembicImporter
LogPluginManager: Mounting plugin AutomationUtils
LogPluginManager: Mounting plugin BackChannel
LogPluginManager: Mounting plugin ChaosCloth
LogPluginManager: Mounting plugin ChaosClothEditor
LogPluginManager: Mounting plugin ChaosEditor
LogPluginManager: Mounting plugin ChaosNiagara
LogPluginManager: Mounting plugin ChaosSolverPlugin
LogPluginManager: Mounting plugin CharacterAI
LogPluginManager: Mounting plugin TcpMessaging
LogPluginManager: Mounting plugin UdpMessaging
LogPluginManager: Mounting plugin GeometryCache
LogPluginManager: Mounting plugin GeometryCollectionPlugin
LogPluginManager: Mounting plugin ActorSequence
LogPluginManager: Mounting plugin LevelSequenceEditor
LogPluginManager: Mounting plugin MatineeToLevelSequence
LogPluginManager: Mounting plugin GeometryProcessing
LogPluginManager: Mounting plugin TemplateSequence
LogPluginManager: Mounting plugin MotoSynth
LogPluginManager: Mounting plugin PlanarCut
LogPluginManager: Mounting plugin PlatformCrypto
LogPluginManager: Mounting plugin ProxyLODPlugin
LogPluginManager: Mounting plugin PythonScriptPlugin
LogPluginManager: Mounting plugin SkeletalReduction
LogPluginManager: Mounting plugin EOSShared
LogPluginManager: Mounting plugin OnlineSubsystem
LogPluginManager: Mounting plugin OnlineSubsystemSteam
LogPluginManager: Mounting plugin OpenImageDenoise
LogPluginManager: Mounting plugin OnlineSubsystemUtils
LogPluginManager: Mounting plugin ActorLayerUtilities
LogPluginManager: Mounting plugin LauncherChunkInstaller
LogPluginManager: Mounting plugin AndroidDeviceProfileSelector
LogPluginManager: Mounting plugin AndroidPermission
LogPluginManager: Mounting plugin AndroidMoviePlayer
LogPluginManager: Mounting plugin OnlineSubsystemNull
LogPluginManager: Mounting plugin AppleImageUtils
LogPluginManager: Mounting plugin ArchVisCharacter
LogPluginManager: Mounting plugin AppleMoviePlayer
LogPluginManager: Mounting plugin AssetTags
LogPluginManager: Mounting plugin AudioCapture
LogPluginManager: Mounting plugin AudioSynesthesia
LogPluginManager: Mounting plugin CableComponent
LogPluginManager: Mounting plugin ChunkDownloader
LogPluginManager: Mounting plugin EditableMesh
LogPluginManager: Mounting plugin ExampleDeviceProfileSelector
LogPluginManager: Mounting plugin GoogleCloudMessaging
LogPluginManager: Mounting plugin GooglePAD
LogPluginManager: Mounting plugin LinuxDeviceProfileSelector
LogPluginManager: Mounting plugin CustomMeshComponent
LogPluginManager: Mounting plugin LocationServicesBPLibrary
LogPluginManager: Mounting plugin MobilePatchingUtils
LogPluginManager: Mounting plugin IOSDeviceProfileSelector
LogPluginManager: Mounting plugin OpenXR
LogPluginManager: Mounting plugin OpenXREyeTracker
LogPluginManager: Mounting plugin OpenXRHandTracking
LogPluginManager: Mounting plugin PhysXVehicles
LogPluginManager: Mounting plugin ScreenshotTools
LogPluginManager: Mounting plugin PostSplashScreen
LogPluginManager: Mounting plugin ProceduralMeshComponent
LogPluginManager: Mounting plugin SoundFields
LogPluginManager: Mounting plugin PropertyAccessEditor
LogPluginManager: Mounting plugin RuntimePhysXCooking
LogPluginManager: Mounting plugin SignificanceManager
LogPluginManager: Mounting plugin WebMMoviePlayer
LogPluginManager: Mounting plugin WindowsMoviePlayer
LogPluginManager: Mounting plugin Synthesis
LogPluginManager: Mounting plugin Takes
LogPluginManager: Mounting plugin AISupport
LogPluginManager: Mounting plugin EnvironmentQueryEditor
LogPluginManager: Mounting plugin ContentBrowserAssetDataSource
LogPluginManager: Mounting plugin ContentBrowserClassDataSource
LogPluginManager: Mounting plugin ContentBrowserFileDataSource
LogPluginManager: Mounting plugin OnlineSubsystemGooglePlay
LogPluginManager: Mounting plugin OnlineSubsystemIOS
LogPluginManager: Mounting plugin EOSVoiceChat
LogPluginManager: Mounting plugin OculusVR
LogPluginManager: Mounting plugin SteamShared
PixWinPlugin: PIX capture plugin failed to initialize! Check that the process is launched from PIX.
LogInit: Using libcurl 7.55.1-DEV
LogInit:  - built for x86_64-pc-win32
LogInit:  - supports SSL with OpenSSL/1.1.1
LogInit:  - supports HTTP deflate (compression) using libz 1.2.8
LogInit:  - other features:
LogInit:      CURL_VERSION_SSL
LogInit:      CURL_VERSION_LIBZ
LogInit:      CURL_VERSION_IPV6
LogInit:      CURL_VERSION_ASYNCHDNS
LogInit:      CURL_VERSION_LARGEFILE
LogInit:      CURL_VERSION_IDN
LogInit:  CurlRequestOptions (configurable via config and command line):
LogInit:  - bVerifyPeer = true  - Libcurl will verify peer certificate
LogInit:  - bUseHttpProxy = false  - Libcurl will NOT use HTTP proxy
LogInit:  - bDontReuseConnections = false  - Libcurl will reuse connections
LogInit:  - MaxHostConnections = 16  - Libcurl will limit the number of connections to a host
LogInit:  - LocalHostAddr = Default
LogInit:  - BufferSize = 65536
LogOnline: OSS: Creating online subsystem instance for: NULL
LogInit: WinSock: version 1.1 (2.2), MaxSocks=32767, MaxUdp=65467
LogOnline: OSS: TryLoadSubsystemAndSetDefault: Loaded subsystem for module [NULL]
LogOculusPluginWrapper: OculusPlugin initialized successfully
LogHMD: Failed initializing OVRPlugin 1.59.0
LogInit: Build: ++UE4+Release-4.27-CL-18319896
LogInit: Engine Version: 4.27.2-18319896+++UE4+Release-4.27
LogInit: Compatible Engine Version: 4.27.0-17155196+++UE4+Release-4.27
LogInit: Net CL: 17155196
LogInit: OS: Windows 10 (Release 2009) (), CPU: Intel(R) Core(TM) i7-10700K CPU @ 3.80GHz, GPU: NVIDIA GeForce RTX 2070 SUPER
LogInit: Compiled (64-bit): Nov 30 2021 07:12:08
LogInit: Compiled with Visual C++: 19.24.28315.00
LogInit: Build Configuration: Development
LogInit: Branch Name: ++UE4+Release-4.27
LogInit: Command Line:  /Game/UI/Maps/L_MainMenu -game -PIEVIACONSOLE -Multiprocess GameUserSettingsINI=D:/GitHub/GAME259-2022-A/GAME259_A_URE/Saved/Config/Windows/PIEGameUserSettings0.ini -MultiprocessSaveConfig -forcepassthrough -messaging -SessionName="Play in Standalone Game" -windowed -WinX=320 -WinY=184 SAVEWINPOS=1 -ResX=1270 -ResY=686
LogInit: Base Directory: D:/Unreal Engine/UE_4.27/Engine/Binaries/Win64/
LogInit: Allocator: TBB
LogInit: Installed Engine Build: 1
LogDevObjectVersion: Number of dev versions registered: 29
LogDevObjectVersion:   Dev-Blueprints (B0D832E4-1F89-4F0D-ACCF-7EB736FD4AA2): 10
LogDevObjectVersion:   Dev-Build (E1C64328-A22C-4D53-A36C-8E866417BD8C): 0
LogDevObjectVersion:   Dev-Core (375EC13C-06E4-48FB-B500-84F0262A717E): 4
LogDevObjectVersion:   Dev-Editor (E4B068ED-F494-42E9-A231-DA0B2E46BB41): 40
LogDevObjectVersion:   Dev-Framework (CFFC743F-43B0-4480-9391-14DF171D2073): 37
LogDevObjectVersion:   Dev-Mobile (B02B49B5-BB20-44E9-A304-32B752E40360): 3
LogDevObjectVersion:   Dev-Networking (A4E4105C-59A1-49B5-A7C5-40C4547EDFEE): 0
LogDevObjectVersion:   Dev-Online (39C831C9-5AE6-47DC-9A44-9C173E1C8E7C): 0
LogDevObjectVersion:   Dev-Physics (78F01B33-EBEA-4F98-B9B4-84EACCB95AA2): 14
LogDevObjectVersion:   Dev-Platform (6631380F-2D4D-43E0-8009-CF276956A95A): 0
LogDevObjectVersion:   Dev-Rendering (12F88B9F-8875-4AFC-A67C-D90C383ABD29): 45
LogDevObjectVersion:   Dev-Sequencer (7B5AE74C-D270-4C10-A958-57980B212A5A): 13
LogDevObjectVersion:   Dev-VR (D7296918-1DD6-4BDD-9DE2-64A83CC13884): 3
LogDevObjectVersion:   Dev-LoadTimes (C2A15278-BFE7-4AFE-6C17-90FF531DF755): 1
LogDevObjectVersion:   Private-Geometry (6EACA3D4-40EC-4CC1-B786-8BED09428FC5): 3
LogDevObjectVersion:   Dev-AnimPhys (29E575DD-E0A3-4627-9D10-D276232CDCEA): 17
LogDevObjectVersion:   Dev-Anim (AF43A65D-7FD3-4947-9873-3E8ED9C1BB05): 15
LogDevObjectVersion:   Dev-ReflectionCapture (6B266CEC-1EC7-4B8F-A30B-E4D90942FC07): 1
LogDevObjectVersion:   Dev-Automation (0DF73D61-A23F-47EA-B727-89E90C41499A): 1
LogDevObjectVersion:   FortniteMain (601D1886-AC64-4F84-AA16-D3DE0DEAC7D6): 47
LogDevObjectVersion:   FortniteRelease (E7086368-6B23-4C58-8439-1B7016265E91): 1
LogDevObjectVersion:   Dev-Enterprise (9DFFBCD6-494F-0158-E221-12823C92A888): 10
LogDevObjectVersion:   Dev-Niagara (F2AED0AC-9AFE-416F-8664-AA7FFA26D6FC): 1
LogDevObjectVersion:   Dev-Destruction (174F1F0B-B4C6-45A5-B13F-2EE8D0FB917D): 10
LogDevObjectVersion:   Dev-Physics-Ext (35F94A83-E258-406C-A318-09F59610247C): 41
LogDevObjectVersion:   Dev-PhysicsMaterial-Chaos (B68FC16E-8B1B-42E2-B453-215C058844FE): 1
LogDevObjectVersion:   Dev-CineCamera (B2E18506-4273-CFC2-A54E-F4BB758BBA07): 1
LogDevObjectVersion:   Dev-VirtualProduction (64F58936-FD1B-42BA-BA96-7289D5D0FA4E): 1
LogDevObjectVersion:   Dev-MediaFramework (6F0ED827-A609-4895-9C91-998D90180EA4): 2
LogInit: Presizing for max 25165824 objects, including 0 objects not considered by GC, pre-allocating 0 bytes for permanent pool.
LogConfig: Applying CVar settings from Section [/Script/Engine.StreamingSettings] File [D:/GitHub/GAME259-2022-A/GAME259_A_URE/Saved/Config/Windows/Engine.ini]
LogConfig: Setting CVar [[s.MinBulkDataSizeForAsyncLoading:131072]]
LogConfig: Setting CVar [[s.AsyncLoadingThreadEnabled:0]]
LogConfig: Setting CVar [[s.EventDrivenLoaderEnabled:1]]
LogConfig: Setting CVar [[s.WarnIfTimeLimitExceeded:0]]
LogConfig: Setting CVar [[s.TimeLimitExceededMultiplier:1.5]]
LogConfig: Setting CVar [[s.TimeLimitExceededMinTime:0.005]]
LogConfig: Setting CVar [[s.UseBackgroundLevelStreaming:1]]
LogConfig: Setting CVar [[s.PriorityAsyncLoadingExtraTime:15.0]]
LogConfig: Setting CVar [[s.LevelStreamingActorsUpdateTimeLimit:5.0]]
LogConfig: Setting CVar [[s.PriorityLevelStreamingActorsUpdateExtraTime:5.0]]
LogConfig: Setting CVar [[s.LevelStreamingComponentsRegistrationGranularity:10]]
LogConfig: Setting CVar [[s.UnregisterComponentsTimeLimit:1.0]]
LogConfig: Setting CVar [[s.LevelStreamingComponentsUnregistrationGranularity:5]]
LogConfig: Setting CVar [[s.FlushStreamingOnExit:1]]
LogInit: Object subsystem initialized
LogConfig: Setting CVar [[con.DebugEarlyDefault:1]]
LogConfig: Setting CVar [[r.setres:1280x720]]
[2022.02.25-00.59.11:260][  0]LogConfig: Setting CVar [[con.DebugEarlyDefault:1]]
[2022.02.25-00.59.11:260][  0]LogConfig: Setting CVar [[r.setres:1280x720]]
[2022.02.25-00.59.11:260][  0]LogConfig: Applying CVar settings from Section [/Script/Engine.RendererSettings] File [D:/GitHub/GAME259-2022-A/GAME259_A_URE/Saved/Config/Windows/Engine.ini]
[2022.02.25-00.59.11:260][  0]LogConfig: Setting CVar [[r.GPUCrashDebugging:0]]
[2022.02.25-00.59.11:260][  0]LogConfig: Applying CVar settings from Section [/Script/Engine.RendererOverrideSettings] File [D:/GitHub/GAME259-2022-A/GAME259_A_URE/Saved/Config/Windows/Engine.ini]
[2022.02.25-00.59.11:260][  0]LogConfig: Applying CVar settings from Section [/Script/Engine.StreamingSettings] File [D:/GitHub/GAME259-2022-A/GAME259_A_URE/Saved/Config/Windows/Engine.ini]
[2022.02.25-00.59.11:260][  0]LogConfig: Setting CVar [[s.MinBulkDataSizeForAsyncLoading:131072]]
[2022.02.25-00.59.11:260][  0]LogConfig: Setting CVar [[s.AsyncLoadingThreadEnabled:0]]
[2022.02.25-00.59.11:260][  0]LogConfig: Setting CVar [[s.EventDrivenLoaderEnabled:1]]
[2022.02.25-00.59.11:260][  0]LogConfig: Setting CVar [[s.WarnIfTimeLimitExceeded:0]]
[2022.02.25-00.59.11:260][  0]LogConfig: Setting CVar [[s.TimeLimitExceededMultiplier:1.5]]
[2022.02.25-00.59.11:260][  0]LogConfig: Setting CVar [[s.TimeLimitExceededMinTime:0.005]]
[2022.02.25-00.59.11:260][  0]LogConfig: Setting CVar [[s.UseBackgroundLevelStreaming:1]]
[2022.02.25-00.59.11:260][  0]LogConfig: Setting CVar [[s.PriorityAsyncLoadingExtraTime:15.0]]
[2022.02.25-00.59.11:260][  0]LogConfig: Setting CVar [[s.LevelStreamingActorsUpdateTimeLimit:5.0]]
[2022.02.25-00.59.11:260][  0]LogConfig: Setting CVar [[s.PriorityLevelStreamingActorsUpdateExtraTime:5.0]]
[2022.02.25-00.59.11:260][  0]LogConfig: Setting CVar [[s.LevelStreamingComponentsRegistrationGranularity:10]]
[2022.02.25-00.59.11:260][  0]LogConfig: Setting CVar [[s.UnregisterComponentsTimeLimit:1.0]]
[2022.02.25-00.59.11:260][  0]LogConfig: Setting CVar [[s.LevelStreamingComponentsUnregistrationGranularity:5]]
[2022.02.25-00.59.11:260][  0]LogConfig: Setting CVar [[s.FlushStreamingOnExit:1]]
[2022.02.25-00.59.11:260][  0]LogConfig: Applying CVar settings from Section [/Script/Engine.GarbageCollectionSettings] File [D:/GitHub/GAME259-2022-A/GAME259_A_URE/Saved/Config/Windows/Engine.ini]
[2022.02.25-00.59.11:260][  0]LogConfig: Setting CVar [[gc.MaxObjectsNotConsideredByGC:1]]
[2022.02.25-00.59.11:260][  0]LogConfig: Setting CVar [[gc.SizeOfPermanentObjectPool:0]]
[2022.02.25-00.59.11:260][  0]LogConfig: Setting CVar [[gc.FlushStreamingOnGC:0]]
[2022.02.25-00.59.11:260][  0]LogConfig: Setting CVar [[gc.NumRetriesBeforeForcingGC:10]]
[2022.02.25-00.59.11:260][  0]LogConfig: Setting CVar [[gc.AllowParallelGC:1]]
[2022.02.25-00.59.11:260][  0]LogConfig: Setting CVar [[gc.TimeBetweenPurgingPendingKillObjects:61.1]]
[2022.02.25-00.59.11:260][  0]LogConfig: Setting CVar [[gc.MaxObjectsInEditor:25165824]]
[2022.02.25-00.59.11:260][  0]LogConfig: Setting CVar [[gc.IncrementalBeginDestroyEnabled:1]]
[2022.02.25-00.59.11:260][  0]LogConfig: Setting CVar [[gc.CreateGCClusters:1]]
[2022.02.25-00.59.11:260][  0]LogConfig: Setting CVar [[gc.MinGCClusterSize:5]]
[2022.02.25-00.59.11:260][  0]LogConfig: Setting CVar [[gc.ActorClusteringEnabled:0]]
[2022.02.25-00.59.11:260][  0]LogConfig: Setting CVar [[gc.BlueprintClusteringEnabled:0]]
[2022.02.25-00.59.11:260][  0]LogConfig: Setting CVar [[gc.UseDisregardForGCOnDedicatedServers:0]]
[2022.02.25-00.59.11:260][  0]LogConfig: Setting CVar [[gc.MultithreadedDestructionEnabled:1]]
[2022.02.25-00.59.11:260][  0]LogConfig: Applying CVar settings from Section [/Script/Engine.NetworkSettings] File [D:/GitHub/GAME259-2022-A/GAME259_A_URE/Saved/Config/Windows/Engine.ini]
[2022.02.25-00.59.11:260][  0]LogConfig: Applying CVar settings from Section [/Script/UnrealEd.CookerSettings] File [D:/GitHub/GAME259-2022-A/GAME259_A_URE/Saved/Config/Windows/Engine.ini]
[2022.02.25-00.59.11:276][  0]LogConfig: Applying CVar settings from Section [ViewDistanceQuality@3] File [D:/GitHub/GAME259-2022-A/GAME259_A_URE/Saved/Config/Windows/Scalability.ini]
[2022.02.25-00.59.11:276][  0]LogConfig: Setting CVar [[r.SkeletalMeshLODBias:0]]
[2022.02.25-00.59.11:276][  0]LogConfig: Setting CVar [[r.ViewDistanceScale:1.0]]
[2022.02.25-00.59.11:276][  0]LogConfig: Applying CVar settings from Section [AntiAliasingQuality@3] File [D:/GitHub/GAME259-2022-A/GAME259_A_URE/Saved/Config/Windows/Scalability.ini]
[2022.02.25-00.59.11:276][  0]LogConfig: Setting CVar [[r.PostProcessAAQuality:4]]
[2022.02.25-00.59.11:276][  0]LogConfig: Applying CVar settings from Section [ShadowQuality@3] File [D:/GitHub/GAME259-2022-A/GAME259_A_URE/Saved/Config/Windows/Scalability.ini]
[2022.02.25-00.59.11:276][  0]LogConfig: Setting CVar [[r.LightFunctionQuality:1]]
[2022.02.25-00.59.11:276][  0]LogConfig: Setting CVar [[r.ShadowQuality:5]]
[2022.02.25-00.59.11:276][  0]LogConfig: Setting CVar [[r.Shadow.CSM.MaxCascades:10]]
[2022.02.25-00.59.11:276][  0]LogConfig: Setting CVar [[r.Shadow.MaxResolution:2048]]
[2022.02.25-00.59.11:276][  0]LogConfig: Setting CVar [[r.Shadow.MaxCSMResolution:2048]]
[2022.02.25-00.59.11:276][  0]LogConfig: Setting CVar [[r.Shadow.RadiusThreshold:0.01]]
[2022.02.25-00.59.11:276][  0]LogConfig: Setting CVar [[r.Shadow.DistanceScale:1.0]]
[2022.02.25-00.59.11:276][  0]LogConfig: Setting CVar [[r.Shadow.CSM.TransitionScale:1.0]]
[2022.02.25-00.59.11:276][  0]LogConfig: Setting CVar [[r.Shadow.PreShadowResolutionFactor:1.0]]
[2022.02.25-00.59.11:276][  0]LogConfig: Setting CVar [[r.DistanceFieldShadowing:1]]
[2022.02.25-00.59.11:276][  0]LogConfig: Setting CVar [[r.DistanceFieldAO:1]]
[2022.02.25-00.59.11:276][  0]LogConfig: Setting CVar [[r.AOQuality:2]]
[2022.02.25-00.59.11:276][  0]LogConfig: Setting CVar [[r.VolumetricFog:1]]
[2022.02.25-00.59.11:276][  0]LogConfig: Setting CVar [[r.VolumetricFog.GridPixelSize:8]]
[2022.02.25-00.59.11:276][  0]LogConfig: Setting CVar [[r.VolumetricFog.GridSizeZ:128]]
[2022.02.25-00.59.11:276][  0]LogConfig: Setting CVar [[r.VolumetricFog.HistoryMissSupersampleCount:4]]
[2022.02.25-00.59.11:276][  0]LogConfig: Setting CVar [[r.LightMaxDrawDistanceScale:1]]
[2022.02.25-00.59.11:276][  0]LogConfig: Setting CVar [[r.CapsuleShadows:1]]
[2022.02.25-00.59.11:276][  0]LogConfig: Applying CVar settings from Section [PostProcessQuality@3] File [D:/GitHub/GAME259-2022-A/GAME259_A_URE/Saved/Config/Windows/Scalability.ini]
[2022.02.25-00.59.11:276][  0]LogConfig: Setting CVar [[r.MotionBlurQuality:4]]
[2022.02.25-00.59.11:276][  0]LogConfig: Setting CVar [[r.AmbientOcclusionMipLevelFactor:0.4]]
[2022.02.25-00.59.11:276][  0]LogConfig: Setting CVar [[r.AmbientOcclusionMaxQuality:100]]
[2022.02.25-00.59.11:276][  0]LogConfig: Setting CVar [[r.AmbientOcclusionLevels:-1]]
[2022.02.25-00.59.11:276][  0]LogConfig: Setting CVar [[r.AmbientOcclusionRadiusScale:1.0]]
[2022.02.25-00.59.11:276][  0]LogConfig: Setting CVar [[r.DepthOfFieldQuality:2]]
[2022.02.25-00.59.11:276][  0]LogConfig: Setting CVar [[r.RenderTargetPoolMin:400]]
[2022.02.25-00.59.11:276][  0]LogConfig: Setting CVar [[r.LensFlareQuality:2]]
[2022.02.25-00.59.11:276][  0]LogConfig: Setting CVar [[r.SceneColorFringeQuality:1]]
[2022.02.25-00.59.11:276][  0]LogConfig: Setting CVar [[r.EyeAdaptationQuality:2]]
[2022.02.25-00.59.11:276][  0]LogConfig: Setting CVar [[r.BloomQuality:5]]
[2022.02.25-00.59.11:276][  0]LogConfig: Setting CVar [[r.FastBlurThreshold:100]]
[2022.02.25-00.59.11:276][  0]LogConfig: Setting CVar [[r.Upscale.Quality:3]]
[2022.02.25-00.59.11:276][  0]LogConfig: Setting CVar [[r.Tonemapper.GrainQuantization:1]]
[2022.02.25-00.59.11:276][  0]LogConfig: Setting CVar [[r.LightShaftQuality:1]]
[2022.02.25-00.59.11:276][  0]LogConfig: Setting CVar [[r.Filter.SizeScale:1]]
[2022.02.25-00.59.11:276][  0]LogConfig: Setting CVar [[r.Tonemapper.Quality:5]]
[2022.02.25-00.59.11:276][  0]LogConfig: Setting CVar [[r.DOF.Gather.AccumulatorQuality:1        ; higher gathering accumulator quality]]
[2022.02.25-00.59.11:276][  0]LogConfig: Setting CVar [[r.DOF.Gather.PostfilterMethod:1          ; Median3x3 postfilering method]]
[2022.02.25-00.59.11:276][  0]LogConfig: Setting CVar [[r.DOF.Gather.EnableBokehSettings:0       ; no bokeh simulation when gathering]]
[2022.02.25-00.59.11:276][  0]LogConfig: Setting CVar [[r.DOF.Gather.RingCount:4                 ; medium number of samples when gathering]]
[2022.02.25-00.59.11:276][  0]LogConfig: Setting CVar [[r.DOF.Scatter.ForegroundCompositing:1    ; additive foreground scattering]]
[2022.02.25-00.59.11:276][  0]LogConfig: Setting CVar [[r.DOF.Scatter.BackgroundCompositing:2    ; additive background scattering]]
[2022.02.25-00.59.11:276][  0]LogConfig: Setting CVar [[r.DOF.Scatter.EnableBokehSettings:1      ; bokeh simulation when scattering]]
[2022.02.25-00.59.11:276][  0]LogConfig: Setting CVar [[r.DOF.Scatter.MaxSpriteRatio:0.1         ; only a maximum of 10% of scattered bokeh]]
[2022.02.25-00.59.11:276][  0]LogConfig: Setting CVar [[r.DOF.Recombine.Quality:1                ; cheap slight out of focus]]
[2022.02.25-00.59.11:277][  0]LogConfig: Setting CVar [[r.DOF.Recombine.EnableBokehSettings:0    ; no bokeh simulation on slight out of focus]]
[2022.02.25-00.59.11:277][  0]LogConfig: Setting CVar [[r.DOF.TemporalAAQuality:1                ; more stable temporal accumulation]]
[2022.02.25-00.59.11:277][  0]LogConfig: Setting CVar [[r.DOF.Kernel.MaxForegroundRadius:0.025]]
[2022.02.25-00.59.11:277][  0]LogConfig: Setting CVar [[r.DOF.Kernel.MaxBackgroundRadius:0.025]]
[2022.02.25-00.59.11:277][  0]LogConfig: Applying CVar settings from Section [TextureQuality@3] File [D:/GitHub/GAME259-2022-A/GAME259_A_URE/Saved/Config/Windows/Scalability.ini]
[2022.02.25-00.59.11:277][  0]LogConfig: Setting CVar [[r.Streaming.MipBias:0]]
[2022.02.25-00.59.11:277][  0]LogConfig: Setting CVar [[r.Streaming.AmortizeCPUToGPUCopy:0]]
[2022.02.25-00.59.11:277][  0]LogConfig: Setting CVar [[r.Streaming.MaxNumTexturesToStreamPerFrame:0]]
[2022.02.25-00.59.11:277][  0]LogConfig: Setting CVar [[r.Streaming.Boost:1]]
[2022.02.25-00.59.11:277][  0]LogConfig: Setting CVar [[r.MaxAnisotropy:8]]
[2022.02.25-00.59.11:277][  0]LogConfig: Setting CVar [[r.VT.MaxAnisotropy:8]]
[2022.02.25-00.59.11:277][  0]LogConfig: Setting CVar [[r.Streaming.LimitPoolSizeToVRAM:0]]
[2022.02.25-00.59.11:277][  0]LogConfig: Setting CVar [[r.Streaming.PoolSize:1000]]
[2022.02.25-00.59.11:277][  0]LogConfig: Setting CVar [[r.Streaming.MaxEffectiveScreenSize:0]]
[2022.02.25-00.59.11:277][  0]LogConfig: Applying CVar settings from Section [EffectsQuality@3] File [D:/GitHub/GAME259-2022-A/GAME259_A_URE/Saved/Config/Windows/Scalability.ini]
[2022.02.25-00.59.11:277][  0]LogConfig: Setting CVar [[r.TranslucencyLightingVolumeDim:64]]
[2022.02.25-00.59.11:277][  0]LogConfig: Setting CVar [[r.RefractionQuality:2]]
[2022.02.25-00.59.11:277][  0]LogConfig: Setting CVar [[r.SSR.Quality:3]]
[2022.02.25-00.59.11:277][  0]LogConfig: Setting CVar [[r.SSR.HalfResSceneColor:0]]
[2022.02.25-00.59.11:277][  0]LogConfig: Setting CVar [[r.SceneColorFormat:4]]
[2022.02.25-00.59.11:277][  0]LogConfig: Setting CVar [[r.DetailMode:2]]
[2022.02.25-00.59.11:277][  0]LogConfig: Setting CVar [[r.TranslucencyVolumeBlur:1]]
[2022.02.25-00.59.11:277][  0]LogConfig: Setting CVar [[r.MaterialQualityLevel:1 ; High quality]]
[2022.02.25-00.59.11:277][  0]LogConfig: Setting CVar [[r.AnisotropicMaterials:1]]
[2022.02.25-00.59.11:277][  0]LogConfig: Setting CVar [[r.SSS.Scale:1]]
[2022.02.25-00.59.11:277][  0]LogConfig: Setting CVar [[r.SSS.SampleSet:2]]
[2022.02.25-00.59.11:277][  0]LogConfig: Setting CVar [[r.SSS.Quality:1]]
[2022.02.25-00.59.11:277][  0]LogConfig: Setting CVar [[r.SSS.HalfRes:0]]
[2022.02.25-00.59.11:277][  0]LogConfig: Setting CVar [[r.SSGI.Quality:3]]
[2022.02.25-00.59.11:277][  0]LogConfig: Setting CVar [[r.EmitterSpawnRateScale:1.0]]
[2022.02.25-00.59.11:277][  0]LogConfig: Setting CVar [[r.ParticleLightQuality:2]]
[2022.02.25-00.59.11:277][  0]LogConfig: Setting CVar [[r.SkyAtmosphere.AerialPerspectiveLUT.FastApplyOnOpaque:1 ; Always have FastSkyLUT 1 in this case to avoid wrong sky]]
[2022.02.25-00.59.11:277][  0]LogConfig: Setting CVar [[r.SkyAtmosphere.AerialPerspectiveLUT.SampleCountMaxPerSlice:4]]
[2022.02.25-00.59.11:277][  0]LogConfig: Setting CVar [[r.SkyAtmosphere.AerialPerspectiveLUT.DepthResolution:16.0]]
[2022.02.25-00.59.11:277][  0]LogConfig: Setting CVar [[r.SkyAtmosphere.FastSkyLUT:1]]
[2022.02.25-00.59.11:277][  0]LogConfig: Setting CVar [[r.SkyAtmosphere.FastSkyLUT.SampleCountMin:4.0]]
[2022.02.25-00.59.11:277][  0]LogConfig: Setting CVar [[r.SkyAtmosphere.FastSkyLUT.SampleCountMax:128.0]]
[2022.02.25-00.59.11:277][  0]LogConfig: Setting CVar [[r.SkyAtmosphere.SampleCountMin:4.0]]
[2022.02.25-00.59.11:277][  0]LogConfig: Setting CVar [[r.SkyAtmosphere.SampleCountMax:128.0]]
[2022.02.25-00.59.11:277][  0]LogConfig: Setting CVar [[r.SkyAtmosphere.TransmittanceLUT.UseSmallFormat:0]]
[2022.02.25-00.59.11:277][  0]LogConfig: Setting CVar [[r.SkyAtmosphere.TransmittanceLUT.SampleCount:10.0]]
[2022.02.25-00.59.11:277][  0]LogConfig: Setting CVar [[r.SkyAtmosphere.MultiScatteringLUT.SampleCount:15.0]]
[2022.02.25-00.59.11:277][  0]LogConfig: Setting CVar [[r.SkyLight.RealTimeReflectionCapture:1]]
[2022.02.25-00.59.11:277][  0]LogConfig: Applying CVar settings from Section [FoliageQuality@3] File [D:/GitHub/GAME259-2022-A/GAME259_A_URE/Saved/Config/Windows/Scalability.ini]
[2022.02.25-00.59.11:277][  0]LogConfig: Setting CVar [[foliage.DensityScale:1.0]]
[2022.02.25-00.59.11:277][  0]LogConfig: Setting CVar [[grass.DensityScale:1.0]]
[2022.02.25-00.59.11:277][  0]LogConfig: Applying CVar settings from Section [ShadingQuality@3] File [D:/GitHub/GAME259-2022-A/GAME259_A_URE/Saved/Config/Windows/Scalability.ini]
[2022.02.25-00.59.11:277][  0]LogConfig: Setting CVar [[r.HairStrands.SkyLighting.IntegrationType:2]]
[2022.02.25-00.59.11:277][  0]LogConfig: Setting CVar [[r.HairStrands.SkyAO.SampleCount:4]]
[2022.02.25-00.59.11:277][  0]LogConfig: Setting CVar [[r.HairStrands.Visibility.MSAA.SamplePerPixel:4]]
[2022.02.25-00.59.11:277][  0]LogInit: Selected Device Profile: [Windows]
[2022.02.25-00.59.11:277][  0]LogInit: Applying CVar settings loaded from the selected device profile: [Windows]
[2022.02.25-00.59.11:277][  0]LogHAL: Display: Platform has ~ 16 GB [17089699840 / 17179869184 / 16], which maps to Larger [LargestMinGB=32, LargerMinGB=12, DefaultMinGB=8, SmallerMinGB=6, SmallestMinGB=0)
[2022.02.25-00.59.11:277][  0]LogInit: Going up to parent DeviceProfile []
[2022.02.25-00.59.11:277][  0]LogConfig: Applying CVar settings from Section [ViewDistanceQuality@3] File [D:/GitHub/GAME259-2022-A/GAME259_A_URE/Saved/Config/Windows/Scalability.ini]
[2022.02.25-00.59.11:277][  0]LogConfig: Setting CVar [[r.SkeletalMeshLODBias:0]]
[2022.02.25-00.59.11:277][  0]LogConfig: Setting CVar [[r.ViewDistanceScale:1.0]]
[2022.02.25-00.59.11:277][  0]LogConfig: Applying CVar settings from Section [AntiAliasingQuality@3] File [D:/GitHub/GAME259-2022-A/GAME259_A_URE/Saved/Config/Windows/Scalability.ini]
[2022.02.25-00.59.11:277][  0]LogConfig: Setting CVar [[r.PostProcessAAQuality:4]]
[2022.02.25-00.59.11:277][  0]LogConfig: Applying CVar settings from Section [ShadowQuality@3] File [D:/GitHub/GAME259-2022-A/GAME259_A_URE/Saved/Config/Windows/Scalability.ini]
[2022.02.25-00.59.11:277][  0]LogConfig: Setting CVar [[r.LightFunctionQuality:1]]
[2022.02.25-00.59.11:277][  0]LogConfig: Setting CVar [[r.ShadowQuality:5]]
[2022.02.25-00.59.11:277][  0]LogConfig: Setting CVar [[r.Shadow.CSM.MaxCascades:10]]
[2022.02.25-00.59.11:277][  0]LogConfig: Setting CVar [[r.Shadow.MaxResolution:2048]]
[2022.02.25-00.59.11:277][  0]LogConfig: Setting CVar [[r.Shadow.MaxCSMResolution:2048]]
[2022.02.25-00.59.11:277][  0]LogConfig: Setting CVar [[r.Shadow.RadiusThreshold:0.01]]
[2022.02.25-00.59.11:277][  0]LogConfig: Setting CVar [[r.Shadow.DistanceScale:1.0]]
[2022.02.25-00.59.11:277][  0]LogConfig: Setting CVar [[r.Shadow.CSM.TransitionScale:1.0]]
[2022.02.25-00.59.11:277][  0]LogConfig: Setting CVar [[r.Shadow.PreShadowResolutionFactor:1.0]]
[2022.02.25-00.59.11:277][  0]LogConfig: Setting CVar [[r.DistanceFieldShadowing:1]]
[2022.02.25-00.59.11:277][  0]LogConfig: Setting CVar [[r.DistanceFieldAO:1]]
[2022.02.25-00.59.11:277][  0]LogConfig: Setting CVar [[r.AOQuality:2]]
[2022.02.25-00.59.11:277][  0]LogConfig: Setting CVar [[r.VolumetricFog:1]]
[2022.02.25-00.59.11:277][  0]LogConfig: Setting CVar [[r.VolumetricFog.GridPixelSize:8]]
[2022.02.25-00.59.11:277][  0]LogConfig: Setting CVar [[r.VolumetricFog.GridSizeZ:128]]
[2022.02.25-00.59.11:277][  0]LogConfig: Setting CVar [[r.VolumetricFog.HistoryMissSupersampleCount:4]]
[2022.02.25-00.59.11:277][  0]LogConfig: Setting CVar [[r.LightMaxDrawDistanceScale:1]]
[2022.02.25-00.59.11:277][  0]LogConfig: Setting CVar [[r.CapsuleShadows:1]]
[2022.02.25-00.59.11:277][  0]LogConfig: Applying CVar settings from Section [PostProcessQuality@3] File [D:/GitHub/GAME259-2022-A/GAME259_A_URE/Saved/Config/Windows/Scalability.ini]
[2022.02.25-00.59.11:277][  0]LogConfig: Setting CVar [[r.MotionBlurQuality:4]]
[2022.02.25-00.59.11:277][  0]LogConfig: Setting CVar [[r.AmbientOcclusionMipLevelFactor:0.4]]
[2022.02.25-00.59.11:277][  0]LogConfig: Setting CVar [[r.AmbientOcclusionMaxQuality:100]]
[2022.02.25-00.59.11:277][  0]LogConfig: Setting CVar [[r.AmbientOcclusionLevels:-1]]
[2022.02.25-00.59.11:277][  0]LogConfig: Setting CVar [[r.AmbientOcclusionRadiusScale:1.0]]
[2022.02.25-00.59.11:277][  0]LogConfig: Setting CVar [[r.DepthOfFieldQuality:2]]
[2022.02.25-00.59.11:277][  0]LogConfig: Setting CVar [[r.RenderTargetPoolMin:400]]
[2022.02.25-00.59.11:277][  0]LogConfig: Setting CVar [[r.LensFlareQuality:2]]
[2022.02.25-00.59.11:277][  0]LogConfig: Setting CVar [[r.SceneColorFringeQuality:1]]
[2022.02.25-00.59.11:277][  0]LogConfig: Setting CVar [[r.EyeAdaptationQuality:2]]
[2022.02.25-00.59.11:277][  0]LogConfig: Setting CVar [[r.BloomQuality:5]]
[2022.02.25-00.59.11:277][  0]LogConfig: Setting CVar [[r.FastBlurThreshold:100]]
[2022.02.25-00.59.11:277][  0]LogConfig: Setting CVar [[r.Upscale.Quality:3]]
[2022.02.25-00.59.11:277][  0]LogConfig: Setting CVar [[r.Tonemapper.GrainQuantization:1]]
[2022.02.25-00.59.11:277][  0]LogConfig: Setting CVar [[r.LightShaftQuality:1]]
[2022.02.25-00.59.11:277][  0]LogConfig: Setting CVar [[r.Filter.SizeScale:1]]
[2022.02.25-00.59.11:277][  0]LogConfig: Setting CVar [[r.Tonemapper.Quality:5]]
[2022.02.25-00.59.11:277][  0]LogConfig: Setting CVar [[r.DOF.Gather.AccumulatorQuality:1        ; higher gathering accumulator quality]]
[2022.02.25-00.59.11:277][  0]LogConfig: Setting CVar [[r.DOF.Gather.PostfilterMethod:1          ; Median3x3 postfilering method]]
[2022.02.25-00.59.11:277][  0]LogConfig: Setting CVar [[r.DOF.Gather.EnableBokehSettings:0       ; no bokeh simulation when gathering]]
[2022.02.25-00.59.11:277][  0]LogConfig: Setting CVar [[r.DOF.Gather.RingCount:4                 ; medium number of samples when gathering]]
[2022.02.25-00.59.11:278][  0]LogConfig: Setting CVar [[r.DOF.Scatter.ForegroundCompositing:1    ; additive foreground scattering]]
[2022.02.25-00.59.11:278][  0]LogConfig: Setting CVar [[r.DOF.Scatter.BackgroundCompositing:2    ; additive background scattering]]
[2022.02.25-00.59.11:278][  0]LogConfig: Setting CVar [[r.DOF.Scatter.EnableBokehSettings:1      ; bokeh simulation when scattering]]
[2022.02.25-00.59.11:278][  0]LogConfig: Setting CVar [[r.DOF.Scatter.MaxSpriteRatio:0.1         ; only a maximum of 10% of scattered bokeh]]
[2022.02.25-00.59.11:278][  0]LogConfig: Setting CVar [[r.DOF.Recombine.Quality:1                ; cheap slight out of focus]]
[2022.02.25-00.59.11:278][  0]LogConfig: Setting CVar [[r.DOF.Recombine.EnableBokehSettings:0    ; no bokeh simulation on slight out of focus]]
[2022.02.25-00.59.11:278][  0]LogConfig: Setting CVar [[r.DOF.TemporalAAQuality:1                ; more stable temporal accumulation]]
[2022.02.25-00.59.11:278][  0]LogConfig: Setting CVar [[r.DOF.Kernel.MaxForegroundRadius:0.025]]
[2022.02.25-00.59.11:278][  0]LogConfig: Setting CVar [[r.DOF.Kernel.MaxBackgroundRadius:0.025]]
[2022.02.25-00.59.11:278][  0]LogConfig: Applying CVar settings from Section [TextureQuality@1] File [D:/GitHub/GAME259-2022-A/GAME259_A_URE/Saved/Config/Windows/Scalability.ini]
[2022.02.25-00.59.11:278][  0]LogConfig: Setting CVar [[r.Streaming.MipBias:1]]
[2022.02.25-00.59.11:278][  0]LogConfig: Setting CVar [[r.Streaming.AmortizeCPUToGPUCopy:0]]
[2022.02.25-00.59.11:278][  0]LogConfig: Setting CVar [[r.Streaming.MaxNumTexturesToStreamPerFrame:0]]
[2022.02.25-00.59.11:278][  0]LogConfig: Setting CVar [[r.Streaming.Boost:1]]
[2022.02.25-00.59.11:278][  0]LogConfig: Setting CVar [[r.MaxAnisotropy:2]]
[2022.02.25-00.59.11:278][  0]LogConfig: Setting CVar [[r.VT.MaxAnisotropy:4]]
[2022.02.25-00.59.11:278][  0]LogConfig: Setting CVar [[r.Streaming.LimitPoolSizeToVRAM:1]]
[2022.02.25-00.59.11:278][  0]LogConfig: Setting CVar [[r.Streaming.PoolSize:600]]
[2022.02.25-00.59.11:278][  0]LogConfig: Setting CVar [[r.Streaming.MaxEffectiveScreenSize:0]]
[2022.02.25-00.59.11:278][  0]LogConfig: Applying CVar settings from Section [EffectsQuality@3] File [D:/GitHub/GAME259-2022-A/GAME259_A_URE/Saved/Config/Windows/Scalability.ini]
[2022.02.25-00.59.11:278][  0]LogConfig: Setting CVar [[r.TranslucencyLightingVolumeDim:64]]
[2022.02.25-00.59.11:278][  0]LogConfig: Setting CVar [[r.RefractionQuality:2]]
[2022.02.25-00.59.11:278][  0]LogConfig: Setting CVar [[r.SSR.Quality:3]]
[2022.02.25-00.59.11:278][  0]LogConfig: Setting CVar [[r.SSR.HalfResSceneColor:0]]
[2022.02.25-00.59.11:278][  0]LogConfig: Setting CVar [[r.SceneColorFormat:4]]
[2022.02.25-00.59.11:278][  0]LogConfig: Setting CVar [[r.DetailMode:2]]
[2022.02.25-00.59.11:278][  0]LogConfig: Setting CVar [[r.TranslucencyVolumeBlur:1]]
[2022.02.25-00.59.11:278][  0]LogConfig: Setting CVar [[r.MaterialQualityLevel:1 ; High quality]]
[2022.02.25-00.59.11:278][  0]LogConfig: Setting CVar [[r.AnisotropicMaterials:1]]
[2022.02.25-00.59.11:278][  0]LogConfig: Setting CVar [[r.SSS.Scale:1]]
[2022.02.25-00.59.11:278][  0]LogConfig: Setting CVar [[r.SSS.SampleSet:2]]
[2022.02.25-00.59.11:278][  0]LogConfig: Setting CVar [[r.SSS.Quality:1]]
[2022.02.25-00.59.11:278][  0]LogConfig: Setting CVar [[r.SSS.HalfRes:0]]
[2022.02.25-00.59.11:278][  0]LogConfig: Setting CVar [[r.SSGI.Quality:3]]
[2022.02.25-00.59.11:278][  0]LogConfig: Setting CVar [[r.EmitterSpawnRateScale:1.0]]
[2022.02.25-00.59.11:278][  0]LogConfig: Setting CVar [[r.ParticleLightQuality:2]]
[2022.02.25-00.59.11:278][  0]LogConfig: Setting CVar [[r.SkyAtmosphere.AerialPerspectiveLUT.FastApplyOnOpaque:1 ; Always have FastSkyLUT 1 in this case to avoid wrong sky]]
[2022.02.25-00.59.11:278][  0]LogConfig: Setting CVar [[r.SkyAtmosphere.AerialPerspectiveLUT.SampleCountMaxPerSlice:4]]
[2022.02.25-00.59.11:278][  0]LogConfig: Setting CVar [[r.SkyAtmosphere.AerialPerspectiveLUT.DepthResolution:16.0]]
[2022.02.25-00.59.11:278][  0]LogConfig: Setting CVar [[r.SkyAtmosphere.FastSkyLUT:1]]
[2022.02.25-00.59.11:278][  0]LogConfig: Setting CVar [[r.SkyAtmosphere.FastSkyLUT.SampleCountMin:4.0]]
[2022.02.25-00.59.11:278][  0]LogConfig: Setting CVar [[r.SkyAtmosphere.FastSkyLUT.SampleCountMax:128.0]]
[2022.02.25-00.59.11:278][  0]LogConfig: Setting CVar [[r.SkyAtmosphere.SampleCountMin:4.0]]
[2022.02.25-00.59.11:278][  0]LogConfig: Setting CVar [[r.SkyAtmosphere.SampleCountMax:128.0]]
[2022.02.25-00.59.11:278][  0]LogConfig: Setting CVar [[r.SkyAtmosphere.TransmittanceLUT.UseSmallFormat:0]]
[2022.02.25-00.59.11:278][  0]LogConfig: Setting CVar [[r.SkyAtmosphere.TransmittanceLUT.SampleCount:10.0]]
[2022.02.25-00.59.11:278][  0]LogConfig: Setting CVar [[r.SkyAtmosphere.MultiScatteringLUT.SampleCount:15.0]]
[2022.02.25-00.59.11:278][  0]LogConfig: Setting CVar [[r.SkyLight.RealTimeReflectionCapture:1]]
[2022.02.25-00.59.11:278][  0]LogConfig: Applying CVar settings from Section [FoliageQuality@3] File [D:/GitHub/GAME259-2022-A/GAME259_A_URE/Saved/Config/Windows/Scalability.ini]
[2022.02.25-00.59.11:278][  0]LogConfig: Setting CVar [[foliage.DensityScale:1.0]]
[2022.02.25-00.59.11:278][  0]LogConfig: Setting CVar [[grass.DensityScale:1.0]]
[2022.02.25-00.59.11:278][  0]LogConfig: Applying CVar settings from Section [ShadingQuality@3] File [D:/GitHub/GAME259-2022-A/GAME259_A_URE/Saved/Config/Windows/Scalability.ini]
[2022.02.25-00.59.11:278][  0]LogConfig: Setting CVar [[r.HairStrands.SkyLighting.IntegrationType:2]]
[2022.02.25-00.59.11:278][  0]LogConfig: Setting CVar [[r.HairStrands.SkyAO.SampleCount:4]]
[2022.02.25-00.59.11:278][  0]LogConfig: Setting CVar [[r.HairStrands.Visibility.MSAA.SamplePerPixel:4]]
[2022.02.25-00.59.11:278][  0]LogConfig: Applying CVar settings from Section [Startup] File [../../../Engine/Config/ConsoleVariables.ini]
[2022.02.25-00.59.11:278][  0]LogConfig: Setting CVar [[net.UseAdaptiveNetUpdateFrequency:0]]
[2022.02.25-00.59.11:278][  0]LogConfig: Setting CVar [[p.chaos.AllowCreatePhysxBodies:1]]
[2022.02.25-00.59.11:278][  0]LogConfig: Setting CVar [[fx.SkipVectorVMBackendOptimizations:1]]
[2022.02.25-00.59.11:278][  0]LogConfig: Applying CVar settings from Section [ConsoleVariables] File [D:/GitHub/GAME259-2022-A/GAME259_A_URE/Saved/Config/Windows/Engine.ini]
[2022.02.25-00.59.11:278][  0]LogConfig: Applying CVar settings from Section [ConsoleVariables] File [D:/GitHub/GAME259-2022-A/GAME259_A_URE/Saved/Config/Windows/Editor.ini]
[2022.02.25-00.59.11:278][  0]LogInit: Computer: TREVORPC
[2022.02.25-00.59.11:278][  0]LogInit: User: Trevor
[2022.02.25-00.59.11:278][  0]LogInit: CPU Page size=4096, Cores=8
[2022.02.25-00.59.11:278][  0]LogInit: High frequency timer resolution =10.000000 MHz
[2022.02.25-00.59.11:278][  0]LogMemory: Memory total: Physical=15.9GB (16GB approx)
[2022.02.25-00.59.11:278][  0]LogMemory: Platform Memory Stats for Windows
[2022.02.25-00.59.11:278][  0]LogMemory: Process Physical Memory: 145.27 MB used, 145.27 MB peak
[2022.02.25-00.59.11:278][  0]LogMemory: Process Virtual Memory: 123.19 MB used, 123.19 MB peak
[2022.02.25-00.59.11:278][  0]LogMemory: Physical Memory: 8492.58 MB used,  7805.43 MB free, 16298.01 MB total
[2022.02.25-00.59.11:278][  0]LogMemory: Virtual Memory: 134213024.00 MB used,  4707.18 MB free, 134217728.00 MB total
[2022.02.25-00.59.11:282][  0]LogWindows: WindowsPlatformFeatures enabled
[2022.02.25-00.59.11:312][  0]LogInit: Physics initialised using underlying interface: PhysX
[2022.02.25-00.59.11:313][  0]LogInit: Using OS detected language (en-US).
[2022.02.25-00.59.11:313][  0]LogInit: Using OS detected locale (en-CA).
[2022.02.25-00.59.11:314][  0]LogTextLocalizationManager: No specific localization for 'en-US' exists, so the 'en' localization will be used.
[2022.02.25-00.59.11:461][  0]LogWindowsTextInputMethodSystem: Display: IME system deactivated.
[2022.02.25-00.59.11:488][  0]LogSlate: New Slate User Created.  User Index 0, Is Virtual User: 0
[2022.02.25-00.59.11:488][  0]LogSlate: Slate User Registered.  User Index 0, Is Virtual User: 0
[2022.02.25-00.59.11:506][  0]LogD3D11RHI: Loaded GFSDK_Aftermath_Lib.x64.dll
[2022.02.25-00.59.11:508][  0]LogHMD: Failed to enumerate extensions. Please check that you have a valid OpenXR runtime installed.
[2022.02.25-00.59.11:509][  0]LogD3D11RHI: D3D11 min allowed feature level: 11_0
[2022.02.25-00.59.11:509][  0]LogD3D11RHI: D3D11 max allowed feature level: 11_0
[2022.02.25-00.59.11:509][  0]LogD3D11RHI: D3D11 adapters:
[2022.02.25-00.59.11:592][  0]LogD3D11RHI:    0. 'NVIDIA GeForce RTX 2070 SUPER' (Feature Level 11_0)
[2022.02.25-00.59.11:592][  0]LogD3D11RHI:       8011/0/8149 MB DedicatedVideo/DedicatedSystem/SharedSystem, Outputs:2, VendorId:0x10de
[2022.02.25-00.59.11:594][  0]LogD3D11RHI:    1. 'Microsoft Basic Render Driver' (Feature Level 11_0)
[2022.02.25-00.59.11:594][  0]LogD3D11RHI:       0/0/8149 MB DedicatedVideo/DedicatedSystem/SharedSystem, Outputs:0, VendorId:0x1414
[2022.02.25-00.59.11:594][  0]LogD3D11RHI: Chosen D3D11 Adapter:
[2022.02.25-00.59.11:594][  0]LogD3D11RHI:     Description : NVIDIA GeForce RTX 2070 SUPER
[2022.02.25-00.59.11:594][  0]LogD3D11RHI:     VendorId    : 10de
[2022.02.25-00.59.11:594][  0]LogD3D11RHI:     DeviceId    : 1e84
[2022.02.25-00.59.11:594][  0]LogD3D11RHI:     SubSysId    : 373e1462
[2022.02.25-00.59.11:594][  0]LogD3D11RHI:     Revision    : 00a1
[2022.02.25-00.59.11:594][  0]LogD3D11RHI:     DedicatedVideoMemory : 8400142336 bytes
[2022.02.25-00.59.11:594][  0]LogD3D11RHI:     DedicatedSystemMemory : 0 bytes
[2022.02.25-00.59.11:594][  0]LogD3D11RHI:     SharedSystemMemory : 8544849920 bytes
[2022.02.25-00.59.11:594][  0]LogD3D11RHI:     AdapterLuid : 0 47873
[2022.02.25-00.59.11:598][  0]LogD3D11RHI: Creating new Direct3DDevice
[2022.02.25-00.59.11:598][  0]LogD3D11RHI:     GPU DeviceId: 0x1e84 (for the marketing name, search the web for "GPU Device Id")
[2022.02.25-00.59.11:598][  0]LogWindows: EnumDisplayDevices:
[2022.02.25-00.59.11:598][  0]LogWindows:    0. 'NVIDIA GeForce RTX 2070 SUPER' (P:1 D:1)
[2022.02.25-00.59.11:598][  0]LogWindows:    1. 'NVIDIA GeForce RTX 2070 SUPER' (P:0 D:1)
[2022.02.25-00.59.11:598][  0]LogWindows:    2. 'NVIDIA GeForce RTX 2070 SUPER' (P:0 D:0)
[2022.02.25-00.59.11:598][  0]LogWindows:    3. 'NVIDIA GeForce RTX 2070 SUPER' (P:0 D:0)
[2022.02.25-00.59.11:598][  0]LogWindows: DebugString: FoundDriverCount:4 
[2022.02.25-00.59.11:598][  0]LogD3D11RHI:     Adapter Name: NVIDIA GeForce RTX 2070 SUPER
[2022.02.25-00.59.11:598][  0]LogD3D11RHI:   Driver Version: 472.12 (internal:30.0.14.7212, unified:472.12)
[2022.02.25-00.59.11:598][  0]LogD3D11RHI:      Driver Date: 9-13-2021
[2022.02.25-00.59.11:598][  0]LogRHI: Texture pool is 5607 MB (70% of 8011 MB)
[2022.02.25-00.59.11:598][  0]LogD3D11RHI: Creating D3DDevice using adapter:
[2022.02.25-00.59.11:598][  0]LogD3D11RHI:     Description : NVIDIA GeForce RTX 2070 SUPER
[2022.02.25-00.59.11:598][  0]LogD3D11RHI:     VendorId    : 10de
[2022.02.25-00.59.11:598][  0]LogD3D11RHI:     DeviceId    : 1e84
[2022.02.25-00.59.11:598][  0]LogD3D11RHI:     SubSysId    : 373e1462
[2022.02.25-00.59.11:598][  0]LogD3D11RHI:     Revision    : 00a1
[2022.02.25-00.59.11:598][  0]LogD3D11RHI:     DedicatedVideoMemory : 8400142336 bytes
[2022.02.25-00.59.11:598][  0]LogD3D11RHI:     DedicatedSystemMemory : 0 bytes
[2022.02.25-00.59.11:598][  0]LogD3D11RHI:     SharedSystemMemory : 8544849920 bytes
[2022.02.25-00.59.11:598][  0]LogD3D11RHI:     AdapterLuid : 0 47873
[2022.02.25-00.59.11:667][  0]LogD3D11RHI: RHI has support for 64 bit atomics
[2022.02.25-00.59.11:667][  0]LogD3D11RHI: Async texture creation enabled
[2022.02.25-00.59.11:667][  0]LogD3D11RHI: Array index from any shader is supported
[2022.02.25-00.59.11:689][  0]LogD3D11RHI: GPU Timing Frequency: 1000.000000 (Debug: 2 1)
[2022.02.25-00.59.11:719][  0]LogRHI: GeForceNow SDK initialized: 1
[2022.02.25-00.59.11:959][  0]LogTargetPlatformManager: Display: Loaded TargetPlatform 'WindowsNoEditor'
[2022.02.25-00.59.11:961][  0]LogTargetPlatformManager: Display: Loaded TargetPlatform 'Windows'
[2022.02.25-00.59.11:964][  0]LogTargetPlatformManager: Display: Loaded TargetPlatform 'WindowsClient'
[2022.02.25-00.59.11:967][  0]LogTargetPlatformManager: Display: Loaded TargetPlatform 'WindowsServer'
[2022.02.25-00.59.11:967][  0]LogTargetPlatformManager: Display: Building Assets For Windows
[2022.02.25-00.59.11:972][  0]LogAudioDebug: Display: Lib vorbis DLL was dynamically loaded.
[2022.02.25-00.59.11:991][  0]LogTextureFormatOodle: Display: Oodle Texture 2.9.0 init RDO Off
[2022.02.25-00.59.12:012][  0]LogRendererCore: Ray tracing is disabled. Reason: r.RayTracing=0.
[2022.02.25-00.59.12:012][  0]LogShaderCompilers: Guid format shader working directory is -3 characters bigger than the processId version (../../../../../GitHub/GAME259-2022-A/GAME259_A_URE/Intermediate/Shaders/WorkingDirectory/6392/).
[2022.02.25-00.59.12:012][  0]LogShaderCompilers: Cleaned the shader compiler working directory 'C:/Users/Trevor/AppData/Local/Temp/UnrealShaderWorkingDir/2729416446A484D92D4C66AB65D948E6/'.
[2022.02.25-00.59.12:012][  0]LogXGEController: Cannot use XGE Controller as Incredibuild is not installed on this machine.
[2022.02.25-00.59.12:012][  0]LogShaderCompilers: Cannot use XGE Shader Compiler as Incredibuild is not installed on this machine.
[2022.02.25-00.59.12:012][  0]LogShaderCompilers: Display: Using Local Shader Compiler.
[2022.02.25-00.59.12:598][  0]LogDerivedDataCache: Display: Max Cache Size: 512 MB
[2022.02.25-00.59.12:654][  0]LogDerivedDataCache: Loaded boot cache 0.06s 103MB C:/Users/Trevor/AppData/Local/UnrealEngine/4.27/DerivedDataCache/Boot.ddc.
[2022.02.25-00.59.12:654][  0]LogDerivedDataCache: Display: Loaded Boot cache: C:/Users/Trevor/AppData/Local/UnrealEngine/4.27/DerivedDataCache/Boot.ddc
[2022.02.25-00.59.12:654][  0]LogDerivedDataCache: FDerivedDataBackendGraph:  Pak pak cache file ../../../../../GitHub/GAME259-2022-A/GAME259_A_URE/DerivedDataCache/DDC.ddp not found, will not use a pak cache.
[2022.02.25-00.59.12:654][  0]LogDerivedDataCache: Unable to find inner node Pak for hierarchical cache Hierarchy.
[2022.02.25-00.59.12:654][  0]LogDerivedDataCache: FDerivedDataBackendGraph:  CompressedPak pak cache file ../../../../../GitHub/GAME259-2022-A/GAME259_A_URE/DerivedDataCache/Compressed.ddp not found, will not use a pak cache.
[2022.02.25-00.59.12:654][  0]LogDerivedDataCache: Unable to find inner node CompressedPak for hierarchical cache Hierarchy.
[2022.02.25-00.59.12:667][  0]LogDerivedDataCache: Display: Pak cache opened for reading ../../../Engine/DerivedDataCache/Compressed.ddp.
[2022.02.25-00.59.12:667][  0]LogDerivedDataCache: FDerivedDataBackendGraph:  EnterprisePak pak cache file ../../../Enterprise/DerivedDataCache/Compressed.ddp not found, will not use a pak cache.
[2022.02.25-00.59.12:667][  0]LogDerivedDataCache: Unable to find inner node EnterprisePak for hierarchical cache Hierarchy.
[2022.02.25-00.59.12:671][  0]LogDerivedDataCache: Speed tests for C:/Users/Trevor/AppData/Local/UnrealEngine/Common/DerivedDataCache took 0.00 seconds
[2022.02.25-00.59.12:671][  0]LogDerivedDataCache: Display: Performance to C:/Users/Trevor/AppData/Local/UnrealEngine/Common/DerivedDataCache: Latency=0.02ms. RandomReadSpeed=1603.74MBs, RandomWriteSpeed=262.78MBs. Assigned SpeedClass 'Local'
[2022.02.25-00.59.12:672][  0]LogDerivedDataCache: Using Local data cache path C:/Users/Trevor/AppData/Local/UnrealEngine/Common/DerivedDataCache: Writable
[2022.02.25-00.59.12:672][  0]LogDerivedDataCache: Shared data cache path not found in *engine.ini, will not use an Shared cache.
[2022.02.25-00.59.12:672][  0]LogDerivedDataCache: Unable to find inner node Shared for hierarchical cache Hierarchy.
[2022.02.25-00.59.12:701][  0]LogSlate: Using FreeType 2.10.0
[2022.02.25-00.59.12:701][  0]LogSlate: SlateFontServices - WITH_FREETYPE: 1, WITH_HARFBUZZ: 1
[2022.02.25-00.59.12:701][  0]LogHMD: Failed to enumerate extensions. Please check that you have a valid OpenXR runtime installed.
[2022.02.25-00.59.12:755][  0]LogInit: Using OS detected language (en-US).
[2022.02.25-00.59.12:755][  0]LogInit: Using OS detected locale (en-CA).
[2022.02.25-00.59.12:755][  0]LogTextLocalizationManager: No localization for 'en-US' exists, so 'en' will be used for the language.
[2022.02.25-00.59.12:755][  0]LogTextLocalizationManager: No localization for 'en-CA' exists, so 'en' will be used for the locale.
[2022.02.25-00.59.12:755][  0]LogSlate: FontCache flush requested. Reason: Culture for localization was changed
[2022.02.25-00.59.12:755][  0]LogSlate: FontCache flush requested. Reason: Culture for localization was changed
[2022.02.25-00.59.12:757][  0]LogTextLocalizationManager: Compacting localization data took   0.00ms
[2022.02.25-00.59.12:757][  0]LogAssetRegistry: FAssetRegistry took 0.0012 seconds to start up
[2022.02.25-00.59.12:881][  0]LogPackageLocalizationCache: Processed 26 localized package path(s) for 1 prioritized culture(s) in 0.000697 seconds
[2022.02.25-00.59.12:925][  0]LogInit: Selected Device Profile: [Windows]
[2022.02.25-00.59.12:925][  0]LogInit: Active device profile: [0000017057734D00][000001704EDD5AC0 49] Windows
[2022.02.25-00.59.12:925][  0]LogInit: Profiles: [0000017057734D00][000001704EDD5AC0 49] Windows, [0000017057702300][000001704F40C0C0 49] WindowsNoEditor, [0000017057735C00][00000170499D6240 49] WindowsServer, [0000017057703100][00000170499DA3C0 49] WindowsClient, [0000017057736900][00000170499DE540 49] IOS, [0000017057701A00][00000170499E26C0 49] iPadAir, [0000017057737E00][00000170499E6840 49] iPadAir2, [00000170576B1100][000001704F676B00 49] IPadPro, [00000170576B1200][00000170499EAB40 49] iPadAir3, [0000017057700C00][000001704F67ACC0 49] iPadAir4, [00000170576B1E00][000001704F67EE40 49] iPadMini2, [0000017057703300][000001704F682FC0 49] iPadMini3, [00000170576B3900][000001704F687140 49] iPadMini4, [0000017057701000][000001704F68B2C0 49] iPadMini5, [00000170576E0900][000001704F409540 49] iPhone6, [00000170576E0A00][000001704F68F580 49] iPodTouch6, [0000017057736E00][000001704F6977C0 49] iPhone7, [0000017057736F00][000001704F693800 49] iPodTouch7, [00000170576B3E00][000001704F69B940 49] iPhone5S, [0000017057735000][000001704F6A3AC0 49] iPhone6Plus, [00000170576E0100][000001704F6A60C0 49] iPhone6S, [00000170576B0300][000001704F6AA240 49] iPhone6SPlus, [00000170576E2800][000001704F6AE3C0 49] iPhone7Plus, [00000170576B2400][000001704F6B2540 49] iPhoneSE, [00000170576E2600][000001704F6B66C0 49] iPhone8, [00000170576B0400][000001704F6BA840 49] iPhone8Plus, [00000170576E3100][000001704F6BE9C0 49] iPhoneX, [0000017057735500][000001704F6C2B40 49] iPhoneXS, [00000170576E2B00][000001704F6C6CC0 49] iPhoneXSMax, [0000017057734700][000001704F6CAE40 49] iPhoneXR, [00000170576E0800][000001704F6CEFC0 49] iPhone11, [0000017057735100][000001704F6D3140 49] iPhone11Pro, [00000170576E1A00][000001704F6D72C0 49] iPhone11ProMax, [0000017057737700][000001704F6DB440 49] iPhoneSE2, [00000170576E3800][000001704F6DF5C0 49] iPhone12Mini, [0000017057736300][000001704F69F700 49] iPhone12, [00000170576E3200][000001704F6E3840 49] iPhone12Pro, [0000017057735300][000001704F6E7980 49] iPhone12ProMax, [00000170576E1500][000001704F6EBAC0 49] iPadPro105, [0000017057734A00][000001704F6F20C0 49] iPadPro129, [00000170576E3D00][000001704F6F6240 49] iPadPro97, [0000017057736A00][000001704F6FA3C0 49] iPadPro2_129, [00000170576E0E00][000001704F6FE540 49] iPad5, [0000017057735F00][000001704F7026C0 49] iPad6, [00000170576E1300][000001704F706840 49] iPad7, [0000017057734200][000001704F70A9C0 49] iPad8, [00000170576E3A00][000001704F70EB40 49] iPadPro11, [0000017057735400][000001704F712CC0 49] iPadPro2_11, [00000170576E3E00][000001704F716E40 49] iPadPro3_129, [0000017057736700][000001704F71AFC0 49] iPadPro4_129, [00000170576E0200][000001704F71F140 49] AppleTV, [0000017057734900][000001704F7232C0 49] AppleTV4K, [00000170576E2300][000001704F727440 49] TVOS, [0000017057736D00][000001704F72B5C0 49] Mac, [00000170576E3600][000001704F72F740 49] MacClient, [0000017057736100][000001704F7338C0 49] MacNoEditor, [00000170576E3000][000001704F6EFA00 49] MacServer, [0000017057736600][000001704F737B40 49] Linux, [00000170576E1D00][000001704F73A100 49] LinuxAArch64, [0000017057735A00][000001704F742280 49] LinuxNoEditor, [00000170576E3B00][000001704F746400 49] LinuxAArch64NoEditor, [0000017057735200][000001704F74A580 49] LinuxClient, [00000170576E2D00][000001704F74E700 49] LinuxAArch64Client, [0000017057734100][000001704F752880 49] LinuxServer, [00000170576E3F00][000001704F756A00 49] LinuxAArch64Server, [0000017057736C00][000001704F75AB80 49] Android, [00000170576E1C00][000001704F75ED00 49] Android_Low, [0000017057737300][000001704F762E80 49] Android_Mid, [00000170576E2200][000001704F767000 49] Android_High, [0000017057737400][000001704F76B180 49] Android_Default, [00000170576E1F00][000001704F76F300 49] Android_Adreno4xx, [0000017057737F00][000001704F773480 49] Android_Adreno5xx_Low, [00000170576E0B00][000001704F777600 49] Android_Adreno5xx, [0000017057737D00][000001704F77B780 49] Android_Adreno6xx, [0000017057700500][000001704F77F900 49] Android_Adreno6xx_Vulkan, [00000170576B3600][000001704F783A80 49] Android_Mali_T6xx, [0000017057701100][000001704F73FBC0 49] Android_Mali_T7xx, [00000170576B3300][000001704F786180 49] Android_Mali_T8xx, [0000017057702F00][000001704F78A2C0 49] Android_Mali_G71, [00000170576B0100][000001704F792440 49] Android_Mali_G72, [0000017057701600][000001704F7965C0 49] Android_Mali_G72_Vulkan, [00000170576B1300][000001704F79A740 49] Android_Mali_G76, [0000017057703D00][000001704F79E8C0 49] Android_Mali_G76_Vulkan, [00000170576B2C00][000001704F7A2A40 49] Android_Mali_G77, [0000017057701500][000001704F7A6BC0 49] Android_Mali_G77_Vulkan, [00000170576B1800][000001704F7AAD40 49] Android_Mali_G78, [0000017057702200][000001704F7AEEC0 49] Android_Mali_G78_Vulkan, [00000170576B3D00][000001704F7B3040 49] Android_Mali_G710, [0000017057700300][000001704F7B71C0 49] Android_Mali_G710_Vulkan, [00000170576B0200][000001704F7BB340 49] Android_Vulkan_SM5, [0000017057700800][000001704F7BF4C0 49] Android_PowerVR_G6xxx, [00000170576B2500][000001704F7C3640 49] Android_PowerVR_GT7xxx, [0000017057700E00][000001704F7C77C0 49] Android_PowerVR_GE8xxx, [00000170576B1400][000001704F7CB940 49] Android_PowerVR_GM9xxx, [0000017057700D00][000001704F7CFAC0 49] Android_PowerVR_GM9xxx_Vulkan, [00000170576B2600][000001704F7D20C0 49] Android_TegraK1, [0000017057701E00][000001704F78E200 49] Android_Unknown_Vulkan, [00000170576B3C00][000001704F7D6340 49] Lumin, [0000017057700A00][000001704F7DA480 49] Lumin_Desktop, [00000170576B3B00][000001704F7DE5C0 49] HoloLens, 
[2022.02.25-00.59.13:062][  0]LogMeshReduction: Using QuadricMeshReduction for automatic static mesh reduction
[2022.02.25-00.59.13:062][  0]LogMeshReduction: Using SimplygonMeshReduction for automatic skeletal mesh reduction
[2022.02.25-00.59.13:062][  0]LogMeshReduction: Using ProxyLODMeshReduction for automatic mesh merging
[2022.02.25-00.59.13:062][  0]LogMeshReduction: No distributed automatic mesh merging module available
[2022.02.25-00.59.13:062][  0]LogMeshMerging: No distributed automatic mesh merging module available
[2022.02.25-00.59.13:085][  0]LogNetVersion: GAME259_A_URE 1.0.0, NetCL: 17155196, EngineNetVer: 17, GameNetVer: 0 (Checksum: 2250587433)
[2022.02.25-00.59.13:246][  0]LogTexture: Default maximum texture size for cubemaps generated from long-lat sources has been changed from 512 to unlimited. In order to preserve old behaiour for '/Engine/MapTemplates/Sky/DaylightAmbientCubemap.DaylightAmbientCubemap', its maximum texture size has been explicitly set to 512.
[2022.02.25-00.59.13:288][  0]LogHMD: PokeAHoleMaterial loaded successfully
[2022.02.25-00.59.13:357][  0]LogMoviePlayer: Initializing movie player
[2022.02.25-00.59.13:445][  0]LogNiagaraDebuggerClient: Niagara Debugger Client Initialized | Session: 05A012104085EC226B9D508FC47083D1 | Instance: B2CF99584862D54588EB74A30183F3F7 (TREVORPC-6392).
[2022.02.25-00.59.13:459][  0]LogCollectionManager: Loaded 0 collections in 0.000615 seconds
[2022.02.25-00.59.13:461][  0]LogFileCache: Scanning file cache for directory 'D:/GitHub/GAME259-2022-A/GAME259_A_URE/Saved/Collections/' took 0.00s
[2022.02.25-00.59.13:461][  0]LogFileCache: Scanning file cache for directory 'D:/GitHub/GAME259-2022-A/GAME259_A_URE/Content/Developers/Trevor/Collections/' took 0.00s
[2022.02.25-00.59.13:461][  0]LogCollectionManager: Fixed up redirectors for 0 collections in 0.000001 seconds (updated 0 objects)
[2022.02.25-00.59.13:528][  0]LogFileCache: Scanning file cache for directory 'D:/GitHub/GAME259-2022-A/GAME259_A_URE/Content/Collections/' took 0.00s
[2022.02.25-00.59.13:528][  0]LogTcpMessaging: Initializing TcpMessaging bridge
[2022.02.25-00.59.13:529][  0]LogUdpMessaging: Initializing bridge on interface 0.0.0.0:0 to multicast group 230.0.0.1:6666.
[2022.02.25-00.59.13:538][  0]LogPython: Using Python 3.7.7
[2022.02.25-00.59.13:908][  0]LogSteamShared: Display: Loading Steam SDK 1.51
[2022.02.25-00.59.13:909][  0]LogSteamShared: Steam SDK Loaded!
[2022.02.25-00.59.14:058][  0]SourceControl: Source control is disabled
[2022.02.25-00.59.14:058][  0]SourceControl: Source control is disabled
[2022.02.25-00.59.14:060][  0]SourceControl: Source control is disabled
[2022.02.25-00.59.14:062][  0]LogUProjectInfo: Found projects:
[2022.02.25-00.59.14:133][  0]LogOpenImageDenoise: OIDN starting up
[2022.02.25-00.59.14:137][  0]LogAndroidPermission: UAndroidPermissionCallbackProxy::GetInstance
[2022.02.25-00.59.14:152][  0]LogAudioCaptureCore: Display: No Audio Capture implementations found. Audio input will be silent.
[2022.02.25-00.59.14:152][  0]LogAudioCaptureCore: Display: No Audio Capture implementations found. Audio input will be silent.
[2022.02.25-00.59.14:204][  0]LogOcInput: OculusInput pre-init called
[2022.02.25-00.59.14:211][  0]LogUObjectArray: 23037 objects as part of root set at end of initial load.
[2022.02.25-00.59.14:211][  0]LogUObjectAllocator: 6396240 out of 0 bytes used by permanent object pool.
[2022.02.25-00.59.14:211][  0]LogUObjectArray: CloseDisregardForGC: 0/0 objects in disregard for GC pool
[2022.02.25-00.59.14:253][  0]LogEngine: Initializing Engine...
[2022.02.25-00.59.14:254][  0]LogHMD: Failed to enumerate extensions. Please check that you have a valid OpenXR runtime installed.
[2022.02.25-00.59.14:254][  0]LogMagicLeap: Warning: VR disabled because ZI is not enabled.  To enable, in the editor, Edit -> Project Settings -> Plugins -> Magic Leap Plugin -> Enable Zero Iteration
[2022.02.25-00.59.14:255][  0]LogStats: UGameplayTagsManager::InitializeManager -  0.000 s
[2022.02.25-00.59.14:327][  0]LogInit: Initializing FReadOnlyCVARCache
[2022.02.25-00.59.14:327][  0]LogAudio: Display: Initializing Audio Device Manager...
[2022.02.25-00.59.14:330][  0]LogAudio: Display: Loading Default Audio Settings Objects...
[2022.02.25-00.59.14:330][  0]LogAudio: Display: No default SoundConcurrencyObject specified (or failed to load).
[2022.02.25-00.59.14:331][  0]LogAudio: Display: Audio Device Manager Initialized
[2022.02.25-00.59.14:331][  0]LogAudio: Display: Creating Audio Device:                 Id: 1, Scope: Shared, Realtime: True
[2022.02.25-00.59.14:331][  0]LogAudioMixer: Display: Audio Mixer Platform Settings:
[2022.02.25-00.59.14:331][  0]LogAudioMixer: Display: 	Sample Rate:						  48000
[2022.02.25-00.59.14:331][  0]LogAudioMixer: Display: 	Callback Buffer Frame Size Requested: 1024
[2022.02.25-00.59.14:331][  0]LogAudioMixer: Display: 	Callback Buffer Frame Size To Use:	  1024
[2022.02.25-00.59.14:331][  0]LogAudioMixer: Display: 	Number of buffers to queue:			  2
[2022.02.25-00.59.14:331][  0]LogAudioMixer: Display: 	Max Channels (voices):				  32
[2022.02.25-00.59.14:331][  0]LogAudioMixer: Display: 	Number of Async Source Workers:		  0
[2022.02.25-00.59.14:331][  0]LogAudio: Display: AudioDevice MaxSources: 32
[2022.02.25-00.59.14:331][  0]LogAudio: Display: Audio Spatialization Plugin: None (built-in).
[2022.02.25-00.59.14:331][  0]LogAudio: Display: Audio Reverb Plugin: None (built-in).
[2022.02.25-00.59.14:331][  0]LogAudio: Display: Audio Occlusion Plugin: None (built-in).
[2022.02.25-00.59.14:331][  0]LogAudioMixer: Display: Initializing audio mixer.
[2022.02.25-00.59.14:340][  0]LogAudioMixer: Display: 0: FrontLeft
[2022.02.25-00.59.14:340][  0]LogAudioMixer: Display: 1: FrontRight
[2022.02.25-00.59.14:352][  0]LogAudioMixer: Display: Using Audio Device Speakers (HyperX Cloud Alpha S Game)
[2022.02.25-00.59.14:355][  0]LogAudioMixer: Display: Initializing Sound Submixes...
[2022.02.25-00.59.14:356][  0]LogAudioMixer: Display: Creating Master Submix 'MasterSubmixDefault'
[2022.02.25-00.59.14:356][  0]LogAudioMixer: Display: Creating Master Submix 'MasterReverbSubmixDefault'
[2022.02.25-00.59.14:357][  0]LogAudioMixer: Display: Creating Master Submix 'MasterEQSubmixDefault'
[2022.02.25-00.59.14:357][  0]LogAudioMixer: FMixerPlatformXAudio2::StartAudioStream() called
[2022.02.25-00.59.14:357][  0]LogAudioMixer: Display: Output buffers initialized: Frames=1024, Channels=2, Samples=2048
[2022.02.25-00.59.14:358][  0]LogAudioMixer: Display: Starting AudioMixerPlatformInterface::RunInternal()
[2022.02.25-00.59.14:358][  0]LogAudioMixer: Display: FMixerPlatformXAudio2::SubmitBuffer() called for the first time
[2022.02.25-00.59.14:358][  0]LogInit: FAudioDevice initialized.
[2022.02.25-00.59.14:359][  0]LogNetVersion: Set ProjectVersion to 1.0.0.0. Version Checksum will be recalculated on next use.
[2022.02.25-00.59.14:360][  0]LogInit: Texture streaming: Enabled
[2022.02.25-00.59.14:403][  0]LogAudio: Display: Audio Device (ID: 1) registered with world 'Untitled'.
[2022.02.25-00.59.14:403][  0]LogSlate: Updating window title bar state: overlay mode, drag disabled, window buttons hidden, title bar hidden
[2022.02.25-00.59.14:404][  0]LogInit: Display: Game Engine Initialized.
[2022.02.25-00.59.14:404][  0]LogNiagaraEditor: GEditor isn't valid! Particle reset commands will not work for Niagara components!
[2022.02.25-00.59.14:447][  0]LogInit: Display: Starting Game.
[2022.02.25-00.59.14:447][  0]LogNet: Browse: /Game/UI/Maps/L_MainMenu?Name=Player
[2022.02.25-00.59.14:447][  0]LogLoad: LoadMap: /Game/UI/Maps/L_MainMenu?Name=Player
[2022.02.25-00.59.14:447][  0]LogWorld: BeginTearingDown for /Temp/Untitled_0
[2022.02.25-00.59.14:448][  0]LogWorld: UWorld::CleanupWorld for Untitled, bSessionEnded=true, bCleanupResources=true
[2022.02.25-00.59.14:448][  0]LogSlate: InvalidateAllWidgets triggered.  All widgets were invalidated
[2022.02.25-00.59.14:451][  0]LogAudio: Display: Audio Device unregistered from world 'None'.
[2022.02.25-00.59.14:453][  0]LogUObjectHash: Compacting FUObjectHashTables data took   0.64ms
[2022.02.25-00.59.14:491][  0]LogAudio: Display: Audio Device (ID: 1) registered with world 'L_MainMenu'.
[2022.02.25-00.59.14:496][  0]LogAIModule: Creating AISystem for world L_MainMenu
[2022.02.25-00.59.14:496][  0]LogLoad: Game class is 'GM_MainMenu_C'
[2022.02.25-00.59.14:497][  0]LogWorld: Bringing World /Game/UI/Maps/L_MainMenu.L_MainMenu up for play (max tick rate 0) at 2022.02.24-19.59.14
[2022.02.25-00.59.14:497][  0]LogWorld: Bringing up level for play took: 0.000308
[2022.02.25-00.59.14:497][  0]LogGameMode: FindPlayerStart: PATHS NOT DEFINED or NO PLAYERSTART with positive rating
[2022.02.25-00.59.14:498][  0]LogLoad: Took 0.050887 seconds to LoadMap(/Game/UI/Maps/L_MainMenu)
[2022.02.25-00.59.14:572][  0]LogSlate: Took 0.000110 seconds to synchronously load lazily loaded font '../../../Engine/Content/Slate/Fonts/Roboto-Regular.ttf' (155K)
[2022.02.25-00.59.14:605][  0]LogRenderer: Reallocating scene render targets to support 1272x688 Format 10 NumSamples 1 (Frame:1).
[2022.02.25-00.59.14:605][  0]LogInit: Display: Engine is initialized. Leaving FEngineLoop::Init()
[2022.02.25-00.59.14:605][  0]LogLoad: (Engine Initialization) Total time: 3.99 seconds
[2022.02.25-00.59.14:605][  0]LogLoad: (Engine Initialization) Total Blueprint compile time: 0.00 seconds
[2022.02.25-00.59.14:606][  0]LogContentStreaming: Texture pool size now 600 MB
[2022.02.25-00.59.14:609][  0]LogSlate: InvalidateAllWidgets triggered.  All widgets were invalidated
[2022.02.25-00.59.14:663][  1]LogSlate: Took 0.000105 seconds to synchronously load lazily loaded font '../../../Engine/Content/Slate/Fonts/Roboto-Regular.ttf' (155K)
[2022.02.25-00.59.16:650][426]r.SetRes = "2560x1440"
[2022.02.25-00.59.16:763][427]LogRenderer: Reallocating scene render targets to support 2560x1080 Format 10 NumSamples 1 (Frame:1428).
[2022.02.25-00.59.17:434][624]r.SetRes = "1920x1080"
[2022.02.25-00.59.17:541][625]LogRenderer: Reallocating scene render targets to support 1920x1080 Format 10 NumSamples 1 (Frame:1627).
[2022.02.25-00.59.18:339][ 18]r.SetRes = "1280x720"
[2022.02.25-00.59.18:455][ 20]LogRenderer: Reallocating scene render targets to support 1280x720 Format 10 NumSamples 1 (Frame:2024).
[2022.02.25-00.59.20:990][968]r.SetRes = "720x480"
[2022.02.25-00.59.21:098][969]LogRenderer: Reallocating scene render targets to support 720x480 Format 10 NumSamples 1 (Frame:3973).
[2022.02.25-00.59.21:814][671]r.SetRes = "1280x720"
[2022.02.25-00.59.21:920][672]LogRenderer: Reallocating scene render targets to support 1280x720 Format 10 NumSamples 1 (Frame:4677).
[2022.02.25-00.59.29:310][433]Closing by request
[2022.02.25-00.59.29:310][433]LogWindows: FPlatformMisc::RequestExit(0)
[2022.02.25-00.59.29:310][433]LogWindows: FPlatformMisc::RequestExitWithStatus(0, 0)
[2022.02.25-00.59.29:310][433]LogCore: Engine exit requested (reason: Win RequestExit)
[2022.02.25-00.59.29:311][434]LogCore: Engine exit requested (reason: EngineExit() was called; note: exit was already requested)
[2022.02.25-00.59.29:311][434]LogInit: Display: PreExit Game.
[2022.02.25-00.59.29:312][434]LogWorld: BeginTearingDown for /Game/UI/Maps/L_MainMenu
[2022.02.25-00.59.29:312][434]LogWorld: UWorld::CleanupWorld for L_MainMenu, bSessionEnded=true, bCleanupResources=true
[2022.02.25-00.59.29:312][434]LogSlate: InvalidateAllWidgets triggered.  All widgets were invalidated
[2022.02.25-00.59.30:263][434]LogAudio: Display: Beginning Audio Device Manager Shutdown (Module: AudioMixerXAudio2)...
[2022.02.25-00.59.30:263][434]LogAudio: Display: Destroying 1 Remaining Audio Device(s)...
[2022.02.25-00.59.30:263][434]LogAudio: Display: Audio Device unregistered from world 'L_MainMenu'.
[2022.02.25-00.59.30:294][434]LogAudioMixer: FMixerPlatformXAudio2::StopAudioStream() called
[2022.02.25-00.59.30:294][434]LogAudioMixer: FMixerPlatformXAudio2::StopAudioStream() called
[2022.02.25-00.59.30:296][434]LogAudio: Display: Audio Device Manager Shutdown
[2022.02.25-00.59.30:298][434]LogSlate: Window 'GAME259_A_URE (64-bit Development PCD3D_SM5) ' being destroyed
[2022.02.25-00.59.30:299][434]LogWindowsTextInputMethodSystem: Display: IME system deactivated.
[2022.02.25-00.59.30:301][434]LogWindowsTextInputMethodSystem: Display: IME system deactivated.
[2022.02.25-00.59.30:304][434]LogExit: Preparing to exit.
[2022.02.25-00.59.30:313][434]LogUObjectHash: Compacting FUObjectHashTables data took   0.74ms
[2022.02.25-00.59.30:540][434]LogMoviePlayer: Shutting down movie player
[2022.02.25-00.59.30:655][434]LogSlate: Updating window title bar state: overlay mode, drag disabled, window buttons hidden, title bar hidden
[2022.02.25-00.59.30:664][434]LogDemo: Cleaned up 0 splitscreen connections with owner deletion
[2022.02.25-00.59.30:667][434]LogExit: Game engine shut down
[2022.02.25-00.59.30:695][434]LogExit: Object subsystem successfully closed.
[2022.02.25-00.59.30:705][434]LogShaderCompilers: Display: === FShaderJobCache stats ===
[2022.02.25-00.59.30:705][434]LogShaderCompilers: Display: Total job queries 0, among them cache hits 0 (0.00%)
[2022.02.25-00.59.30:705][434]LogShaderCompilers: Display: Tracking 0 distinct input hashes that result in 0 distinct outputs (0.00%)
[2022.02.25-00.59.30:705][434]LogShaderCompilers: Display: RAM used: 0.00 MB (0.00 GB) of 819.20 MB (0.80 GB) budget. Usage: 0.00%
[2022.02.25-00.59.30:705][434]LogShaderCompilers: Display: ================================================
[2022.02.25-00.59.30:714][434]LogShaderCompilers: Display: Shaders left to compile 0
[2022.02.25-00.59.30:719][434]LogModuleManager: Shutting down and abandoning module SequenceRecorderSections (560)
[2022.02.25-00.59.30:719][434]LogModuleManager: Shutting down and abandoning module SequenceRecorder (558)
[2022.02.25-00.59.30:719][434]LogModuleManager: Shutting down and abandoning module AutomationController (556)
[2022.02.25-00.59.30:719][434]LogModuleManager: Shutting down and abandoning module AutomationWorker (554)
[2022.02.25-00.59.30:719][434]LogModuleManager: Shutting down and abandoning module Voice (552)
[2022.02.25-00.59.30:719][434]LogModuleManager: Shutting down and abandoning module AIModule (550)
[2022.02.25-00.59.30:719][434]LogModuleManager: Shutting down and abandoning module GameplayDebugger (549)
[2022.02.25-00.59.30:719][434]LogModuleManager: Shutting down and abandoning module AITestSuite (547)
[2022.02.25-00.59.30:719][434]LogModuleManager: Shutting down and abandoning module NavigationSystem (545)
[2022.02.25-00.59.30:719][434]LogModuleManager: Shutting down and abandoning module OculusMR (542)
[2022.02.25-00.59.30:719][434]LogModuleManager: Shutting down and abandoning module TakeRecorderSources (540)
[2022.02.25-00.59.30:719][434]LogModuleManager: Shutting down and abandoning module TakeRecorder (539)
[2022.02.25-00.59.30:719][434]LogModuleManager: Shutting down and abandoning module TakeTrackRecorders (536)
[2022.02.25-00.59.30:719][434]LogModuleManager: Shutting down and abandoning module TakesCore (534)
[2022.02.25-00.59.30:719][434]LogModuleManager: Shutting down and abandoning module OpenXRInput (532)
[2022.02.25-00.59.30:719][434]LogModuleManager: Shutting down and abandoning module PlanarCut (530)
[2022.02.25-00.59.30:719][434]LogModuleManager: Shutting down and abandoning module CharacterAI (528)
[2022.02.25-00.59.30:719][434]LogModuleManager: Shutting down and abandoning module MagicLeapMediaCodecFactory (526)
[2022.02.25-00.59.30:719][434]LogModuleManager: Shutting down and abandoning module MagicLeapMediaFactory (524)
[2022.02.25-00.59.30:720][434]LogModuleManager: Shutting down and abandoning module WmfMediaFactory (522)
[2022.02.25-00.59.30:720][434]LogModuleManager: Shutting down and abandoning module WebMMediaFactory (520)
[2022.02.25-00.59.30:720][434]LogModuleManager: Shutting down and abandoning module WebMMedia (518)
[2022.02.25-00.59.30:720][434]LogModuleManager: Shutting down and abandoning module OpenExrWrapper (516)
[2022.02.25-00.59.30:720][434]LogModuleManager: Shutting down and abandoning module ImgMediaFactory (514)
[2022.02.25-00.59.30:720][434]LogModuleManager: Shutting down and abandoning module AvfMediaFactory (512)
[2022.02.25-00.59.30:720][434]LogModuleManager: Shutting down and abandoning module SessionServices (510)
[2022.02.25-00.59.30:720][434]LogModuleManager: Shutting down and abandoning module MovieSceneCapture (508)
[2022.02.25-00.59.30:720][434]LogModuleManager: Shutting down and abandoning module LiveCoding (506)
[2022.02.25-00.59.30:720][434]LogModuleManager: Shutting down and abandoning module LevelSequence (504)
[2022.02.25-00.59.30:720][434]LogModuleManager: Shutting down and abandoning module MovieSceneTracks (502)
[2022.02.25-00.59.30:720][434]LogModuleManager: Shutting down and abandoning module MovieScene (500)
[2022.02.25-00.59.30:720][434]LogModuleManager: Shutting down and abandoning module StreamingPauseRendering (498)
[2022.02.25-00.59.30:720][434]LogModuleManager: Shutting down and abandoning module PortalServices (496)
[2022.02.25-00.59.30:720][434]LogModuleManager: Shutting down and abandoning module PortalRpc (494)
[2022.02.25-00.59.30:720][434]LogModuleManager: Shutting down and abandoning module MessagingRpc (492)
[2022.02.25-00.59.30:720][434]LogModuleManager: Shutting down and abandoning module AudioMixerXAudio2 (490)
[2022.02.25-00.59.30:720][434]LogModuleManager: Shutting down and abandoning module AudioMixerCore (489)
[2022.02.25-00.59.30:720][434]LogModuleManager: Shutting down and abandoning module ImageWriteQueue (486)
[2022.02.25-00.59.30:722][434]LogModuleManager: Shutting down and abandoning module ProfilerService (484)
[2022.02.25-00.59.30:746][434]LogModuleManager: Shutting down and abandoning module TaskGraph (482)
[2022.02.25-00.59.30:746][434]LogModuleManager: Shutting down and abandoning module OculusInput (480)
[2022.02.25-00.59.30:746][434]LogModuleManager: Shutting down and abandoning module EOSVoiceChat (478)
[2022.02.25-00.59.30:746][434]LogModuleManager: Shutting down and abandoning module TakeMovieScene (476)
[2022.02.25-00.59.30:746][434]LogModuleManager: Shutting down and abandoning module Synthesis (474)
[2022.02.25-00.59.30:746][434]LogModuleManager: Shutting down and abandoning module ProceduralMeshComponent (472)
[2022.02.25-00.59.30:746][434]LogModuleManager: Shutting down and abandoning module MobilePatchingUtils (470)
[2022.02.25-00.59.30:746][434]LogModuleManager: Shutting down and abandoning module CustomMeshComponent (468)
[2022.02.25-00.59.30:746][434]LogModuleManager: Shutting down and abandoning module GooglePAD (466)
[2022.02.25-00.59.30:746][434]LogModuleManager: Shutting down and abandoning module EditableMesh (464)
[2022.02.25-00.59.30:746][434]LogModuleManager: Shutting down and abandoning module CableComponent (462)
[2022.02.25-00.59.30:746][434]LogModuleManager: Shutting down and abandoning module AudioCapture (460)
[2022.02.25-00.59.30:746][434]LogModuleManager: Shutting down and abandoning module AudioCaptureRtAudio (459)
[2022.02.25-00.59.30:746][434]LogModuleManager: Shutting down and abandoning module AssetTags (456)
[2022.02.25-00.59.30:746][434]LogModuleManager: Shutting down and abandoning module ArchVisCharacter (454)
[2022.02.25-00.59.30:746][434]LogModuleManager: Shutting down and abandoning module AppleImageUtilsBlueprintSupport (452)
[2022.02.25-00.59.30:746][434]LogModuleManager: Shutting down and abandoning module AppleImageUtils (450)
[2022.02.25-00.59.30:746][434]LogModuleManager: Shutting down and abandoning module AndroidPermission (448)
[2022.02.25-00.59.30:746][434]LogModuleManager: Shutting down and abandoning module ActorLayerUtilities (446)
[2022.02.25-00.59.30:746][434]LogModuleManager: Shutting down and abandoning module OpenImageDenoise (444)
[2022.02.25-00.59.30:746][434]LogOpenImageDenoise: OIDN shutting down
[2022.02.25-00.59.30:746][434]LogModuleManager: Shutting down and abandoning module MotoSynth (440)
[2022.02.25-00.59.30:746][434]LogModuleManager: Shutting down and abandoning module TemplateSequence (438)
[2022.02.25-00.59.30:746][434]LogModuleManager: Shutting down and abandoning module MeshConversion (436)
[2022.02.25-00.59.30:746][434]LogModuleManager: Shutting down and abandoning module DynamicMesh (434)
[2022.02.25-00.59.30:746][434]LogModuleManager: Shutting down and abandoning module GeometryAlgorithms (432)
[2022.02.25-00.59.30:746][434]LogModuleManager: Shutting down and abandoning module GeometricObjects (430)
[2022.02.25-00.59.30:746][434]LogModuleManager: Shutting down and abandoning module GeometryCollectionTracks (428)
[2022.02.25-00.59.30:746][434]LogModuleManager: Shutting down and abandoning module GeometryCollectionSequencer (427)
[2022.02.25-00.59.30:746][434]LogModuleManager: Shutting down and abandoning module GeometryCacheTracks (424)
[2022.02.25-00.59.30:746][434]LogModuleManager: Shutting down and abandoning module GeometryCacheSequencer (423)
[2022.02.25-00.59.30:746][434]LogModuleManager: Shutting down and abandoning module GeometryCache (420)
[2022.02.25-00.59.30:746][434]LogModuleManager: Shutting down and abandoning module GeometryCacheEd (419)
[2022.02.25-00.59.30:746][434]LogModuleManager: Shutting down and abandoning module ChaosNiagara (416)
[2022.02.25-00.59.30:746][434]LogModuleManager: Shutting down and abandoning module FieldSystemEngine (415)
[2022.02.25-00.59.30:746][434]LogModuleManager: Shutting down and abandoning module BackChannel (412)
[2022.02.25-00.59.30:746][434]LogModuleManager: Shutting down and abandoning module AutomationUtils (410)
[2022.02.25-00.59.30:746][434]LogModuleManager: Shutting down and abandoning module MagicLeapSharedWorld (408)
[2022.02.25-00.59.30:747][434]LogModuleManager: Shutting down and abandoning module MagicLeapHelperVulkan (406)
[2022.02.25-00.59.30:747][434]LogModuleManager: Shutting down and abandoning module MagicLeapHelperOpenGL (404)
[2022.02.25-00.59.30:747][434]LogModuleManager: Shutting down and abandoning module MagicLeapAudio (402)
[2022.02.25-00.59.30:747][434]LogModuleManager: Shutting down and abandoning module MagicLeapLightEstimation (400)
[2022.02.25-00.59.30:747][434]LogModuleManager: Shutting down and abandoning module MediaCompositing (398)
[2022.02.25-00.59.30:747][434]LogModuleManager: Shutting down and abandoning module ImgMedia (396)
[2022.02.25-00.59.30:747][434]LogModuleManager: Shutting down and abandoning module UObjectPlugin (394)
[2022.02.25-00.59.30:747][434]LogModuleManager: Shutting down and abandoning module VisualStudioSourceCodeAccess (392)
[2022.02.25-00.59.30:747][434]LogModuleManager: Shutting down and abandoning module HotReload (391)
[2022.02.25-00.59.30:747][434]LogModuleManager: Shutting down and abandoning module VisualStudioCodeSourceCodeAccess (388)
[2022.02.25-00.59.30:747][434]LogModuleManager: Shutting down and abandoning module SubversionSourceControl (386)
[2022.02.25-00.59.30:747][434]LogModuleManager: Shutting down and abandoning module PerforceSourceControl (384)
[2022.02.25-00.59.30:747][434]LogModuleManager: Shutting down and abandoning module SourceControl (383)
[2022.02.25-00.59.30:747][434]LogModuleManager: Shutting down and abandoning module CLionSourceCodeAccess (380)
[2022.02.25-00.59.30:747][434]LogModuleManager: Shutting down and abandoning module OodleNetworkHandlerComponent (378)
[2022.02.25-00.59.30:747][434]LogModuleManager: Shutting down and abandoning module LiveLinkSequencer (376)
[2022.02.25-00.59.30:747][434]LogModuleManager: Shutting down and abandoning module LiveLinkMovieScene (374)
[2022.02.25-00.59.30:747][434]LogModuleManager: Shutting down and abandoning module LiveLinkGraphNode (372)
[2022.02.25-00.59.30:747][434]LogModuleManager: Shutting down and abandoning module LiveLinkComponents (370)
[2022.02.25-00.59.30:747][434]LogModuleManager: Shutting down and abandoning module LiveLink (368)
[2022.02.25-00.59.31:037][434]LogModuleManager: Shutting down and abandoning module GAME259_A_URE (366)
[2022.02.25-00.59.31:037][434]LogModuleManager: Shutting down and abandoning module AnimGraph (365)
[2022.02.25-00.59.31:037][434]LogModuleManager: Shutting down and abandoning module SteamShared (362)
[2022.02.25-00.59.31:037][434]LogSteamShared: Freeing the Steam Loaded Modules...
[2022.02.25-00.59.31:037][434]LogModuleManager: Shutting down and abandoning module EnvironmentQueryEditor (360)
[2022.02.25-00.59.31:037][434]LogModuleManager: Shutting down and abandoning module SignificanceManager (358)
[2022.02.25-00.59.31:037][434]LogModuleManager: Shutting down and abandoning module RuntimePhysXCooking (356)
[2022.02.25-00.59.31:037][434]LogModuleManager: Shutting down and abandoning module PropertyAccessEditor (354)
[2022.02.25-00.59.31:037][434]LogModuleManager: Shutting down and abandoning module SoundFields (352)
[2022.02.25-00.59.31:037][434]LogModuleManager: Shutting down and abandoning module PhysXVehiclesEditor (350)
[2022.02.25-00.59.31:037][434]LogModuleManager: Shutting down and abandoning module LocationServicesBPLibrary (346)
[2022.02.25-00.59.31:037][434]LogModuleManager: Shutting down and abandoning module AudioSynesthesia (344)
[2022.02.25-00.59.31:037][434]LogModuleManager: Shutting down and abandoning module AudioSynesthesiaCore (342)
[2022.02.25-00.59.31:037][434]LogModuleManager: Shutting down and abandoning module PythonScriptPlugin (340)
[2022.02.25-00.59.31:037][434]LogModuleManager: Shutting down and abandoning module ActorSequence (338)
[2022.02.25-00.59.31:037][434]LogModuleManager: Shutting down and abandoning module UdpMessaging (336)
[2022.02.25-00.59.31:139][434]LogModuleManager: Shutting down and abandoning module TcpMessaging (334)
[2022.02.25-00.59.31:539][434]LogModuleManager: Shutting down and abandoning module MagicLeapARPin (332)
[2022.02.25-00.59.31:539][434]LogModuleManager: Shutting down and abandoning module MagicLeapHandMeshing (330)
[2022.02.25-00.59.31:539][434]LogModuleManager: Shutting down and abandoning module MagicLeapSecureStorage (328)
[2022.02.25-00.59.31:539][434]LogModuleManager: Shutting down and abandoning module MagicLeapPrivileges (326)
[2022.02.25-00.59.31:539][434]LogModuleManager: Shutting down and abandoning module MagicLeapPlanes (324)
[2022.02.25-00.59.31:539][434]LogMagicLeapPlanes: Planes tracker already destroyed.
[2022.02.25-00.59.31:539][434]LogModuleManager: Shutting down and abandoning module MagicLeapImageTracker (322)
[2022.02.25-00.59.31:539][434]LogModuleManager: Shutting down and abandoning module MagicLeapIdentity (320)
[2022.02.25-00.59.31:539][434]LogModuleManager: Shutting down and abandoning module MagicLeapHandTracking (318)
[2022.02.25-00.59.31:539][434]LogModuleManager: Shutting down and abandoning module MagicLeapEyeTracker (316)
[2022.02.25-00.59.31:539][434]LogModuleManager: Shutting down and abandoning module MagicLeapController (314)
[2022.02.25-00.59.31:539][434]LogModuleManager: Shutting down and abandoning module MagicLeapARPinImpl (312)
[2022.02.25-00.59.31:539][434]LogModuleManager: Shutting down and abandoning module MagicLeapAR (310)
[2022.02.25-00.59.31:539][434]LogModuleManager: Shutting down and abandoning module ImgMediaEngine (308)
[2022.02.25-00.59.31:539][434]LogModuleManager: Shutting down and abandoning module NiagaraAnimNotifies (306)
[2022.02.25-00.59.31:539][434]LogModuleManager: Shutting down and abandoning module Niagara (304)
[2022.02.25-00.59.31:539][434]LogModuleManager: Shutting down and abandoning module SignalProcessing (303)
[2022.02.25-00.59.31:539][434]LogModuleManager: Shutting down and abandoning module NiagaraEditor (301)
[2022.02.25-00.59.31:540][434]LogModuleManager: Shutting down and abandoning module ContentBrowser (300)
[2022.02.25-00.59.31:540][434]LogModuleManager: Shutting down and abandoning module CollectionManager (299)
[2022.02.25-00.59.31:540][434]LogModuleManager: Shutting down and abandoning module DirectoryWatcher (298)
[2022.02.25-00.59.31:540][434]LogModuleManager: Shutting down and abandoning module ContentBrowserData (295)
[2022.02.25-00.59.31:540][434]LogModuleManager: Shutting down and abandoning module NiagaraCore (290)
[2022.02.25-00.59.31:540][434]LogModuleManager: Shutting down and abandoning module PropertyAccessNode (288)
[2022.02.25-00.59.31:540][434]LogModuleManager: Shutting down and abandoning module AnimationSharing (286)
[2022.02.25-00.59.31:540][434]LogModuleManager: Shutting down and abandoning module FacialAnimation (284)
[2022.02.25-00.59.31:540][434]LogModuleManager: Shutting down and abandoning module GameplayTagsEditor (282)
[2022.02.25-00.59.31:540][434]LogModuleManager: Shutting down and abandoning module AssetManagerEditor (280)
[2022.02.25-00.59.31:540][434]LogModuleManager: Shutting down and abandoning module TreeMap (279)
[2022.02.25-00.59.31:540][434]LogModuleManager: Shutting down and abandoning module GameplayCameras (276)
[2022.02.25-00.59.31:540][434]LogModuleManager: Shutting down and abandoning module LightPropagationVolumeRuntime (274)
[2022.02.25-00.59.31:540][434]LogModuleManager: Shutting down and abandoning module Paper2D (272)
[2022.02.25-00.59.31:540][434]LogModuleManager: Shutting down and abandoning module WindowsMoviePlayer (270)
[2022.02.25-00.59.31:540][434]LogModuleManager: Shutting down and abandoning module WebMMoviePlayer (268)
[2022.02.25-00.59.31:540][434]LogModuleManager: Shutting down and abandoning module NetworkReplayStreaming (266)
[2022.02.25-00.59.31:540][434]LogModuleManager: Shutting down and abandoning module PacketHandler (264)
[2022.02.25-00.59.31:540][434]LogModuleManager: Shutting down and abandoning module ClothingSystemEditor (262)
[2022.02.25-00.59.31:540][434]LogModuleManager: Shutting down and abandoning module ClothingSystemRuntimeNv (260)
[2022.02.25-00.59.31:540][434]LogModuleManager: Shutting down and abandoning module MediaAssets (258)
[2022.02.25-00.59.31:540][434]LogModuleManager: Shutting down and abandoning module Overlay (256)
[2022.02.25-00.59.31:540][434]LogModuleManager: Shutting down and abandoning module OverlayEditor (255)
[2022.02.25-00.59.31:540][434]LogModuleManager: Shutting down and abandoning module VREditor (252)
[2022.02.25-00.59.31:540][434]LogModuleManager: Shutting down and abandoning module StringTableEditor (250)
[2022.02.25-00.59.31:540][434]LogModuleManager: Shutting down and abandoning module GameplayTasksEditor (248)
[2022.02.25-00.59.31:540][434]LogModuleManager: Shutting down and abandoning module BehaviorTreeEditor (246)
[2022.02.25-00.59.31:540][434]LogModuleManager: Shutting down and abandoning module FunctionalTesting (244)
[2022.02.25-00.59.31:540][434]LogModuleManager: Shutting down and abandoning module CollisionAnalyzer (242)
[2022.02.25-00.59.31:540][434]LogModuleManager: Shutting down and abandoning module WorkspaceMenuStructure (241)
[2022.02.25-00.59.31:540][434]LogModuleManager: Shutting down and abandoning module UMG (238)
[2022.02.25-00.59.31:540][434]LogModuleManager: Shutting down and abandoning module UMGEditor (237)
[2022.02.25-00.59.31:541][434]LogModuleManager: Shutting down and abandoning module Sequencer (236)
[2022.02.25-00.59.31:541][434]LogModuleManager: Shutting down and abandoning module MessageLog (233)
[2022.02.25-00.59.31:541][434]LogModuleManager: Shutting down and abandoning module SlateReflector (228)
[2022.02.25-00.59.31:541][434]LogModuleManager: Shutting down and abandoning module Slate (226)
[2022.02.25-00.59.31:541][434]LogModuleManager: Shutting down and abandoning module SlateCore (224)
[2022.02.25-00.59.31:541][434]LogModuleManager: Shutting down and abandoning module LandscapeEditorUtilities (222)
[2022.02.25-00.59.31:541][434]LogModuleManager: Shutting down and abandoning module UnrealEd (220)
[2022.02.25-00.59.31:541][434]LogModuleManager: Shutting down and abandoning module MRMesh (218)
[2022.02.25-00.59.31:541][434]LogModuleManager: Shutting down and abandoning module Messaging (216)
[2022.02.25-00.59.31:541][434]LogModuleManager: Shutting down and abandoning module SourceCodeAccess (214)
[2022.02.25-00.59.31:541][434]LogModuleManager: Shutting down and abandoning module HeadMountedDisplay (212)
[2022.02.25-00.59.31:541][434]LogModuleManager: Shutting down and abandoning module XAudio2 (210)
[2022.02.25-00.59.31:541][434]LogModuleManager: Shutting down and abandoning module Networking (208)
[2022.02.25-00.59.31:542][434]LogModuleManager: Shutting down and abandoning module Core (206)
[2022.02.25-00.59.31:542][434]LogModuleManager: Shutting down and abandoning module MaterialEditor (204)
[2022.02.25-00.59.31:542][434]LogModuleManager: Shutting down and abandoning module MovieSceneTools (202)
[2022.02.25-00.59.31:542][434]LogModuleManager: Shutting down and abandoning module EditorStyle (201)
[2022.02.25-00.59.31:542][434]LogModuleManager: Shutting down and abandoning module KismetCompiler (198)
[2022.02.25-00.59.31:542][434]LogModuleManager: Shutting down and abandoning module MeshBuilder (196)
[2022.02.25-00.59.31:542][434]LogModuleManager: Shutting down and abandoning module MeshUtilities (194)
[2022.02.25-00.59.31:542][434]LogModuleManager: Shutting down and abandoning module MeshMergeUtilities (193)
[2022.02.25-00.59.31:542][434]LogModuleManager: Shutting down and abandoning module MeshReductionInterface (192)
[2022.02.25-00.59.31:542][434]LogModuleManager: Shutting down and abandoning module MeshBoneReduction (191)
[2022.02.25-00.59.31:542][434]LogModuleManager: Shutting down and abandoning module SkeletalMeshReduction (189)
[2022.02.25-00.59.31:542][434]LogModuleManager: Shutting down and abandoning module ProxyLODMeshReduction (187)
[2022.02.25-00.59.31:542][434]LogModuleManager: Shutting down and abandoning module QuadricMeshReduction (185)
[2022.02.25-00.59.31:542][434]LogModuleManager: Shutting down and abandoning module MaterialBaking (181)
[2022.02.25-00.59.31:542][434]LogModuleManager: Shutting down and abandoning module NullInstallBundleManager (176)
[2022.02.25-00.59.31:542][434]LogModuleManager: Shutting down and abandoning module PIEPreviewDeviceProfileSelector (174)
[2022.02.25-00.59.31:542][434]LogModuleManager: Shutting down and abandoning module DerivedDataCache (172)
[2022.02.25-00.59.31:542][434]LogModuleManager: Shutting down and abandoning module TargetPlatform (170)
[2022.02.25-00.59.31:542][434]LogModuleManager: Shutting down and abandoning module VulkanShaderFormat (169)
[2022.02.25-00.59.31:542][434]LogModuleManager: Shutting down and abandoning module ShaderFormatVectorVM (167)
[2022.02.25-00.59.31:542][434]LogModuleManager: Shutting down and abandoning module ShaderFormatOpenGL (165)
[2022.02.25-00.59.31:542][434]LogModuleManager: Shutting down and abandoning module ShaderFormatD3D (163)
[2022.02.25-00.59.31:542][434]LogModuleManager: Shutting down and abandoning module MetalShaderFormat (161)
[2022.02.25-00.59.31:543][434]LogModuleManager: Shutting down and abandoning module TextureFormatOodle (159)
[2022.02.25-00.59.31:543][434]LogModuleManager: Shutting down and abandoning module TextureFormatUncompressed (157)
[2022.02.25-00.59.31:543][434]LogModuleManager: Shutting down and abandoning module TextureFormatPVR (155)
[2022.02.25-00.59.31:543][434]LogModuleManager: Shutting down and abandoning module TextureFormatETC2 (153)
[2022.02.25-00.59.31:543][434]LogModuleManager: Shutting down and abandoning module TextureFormatDXT (151)
[2022.02.25-00.59.31:543][434]LogModuleManager: Shutting down and abandoning module TextureFormatIntelISPCTexComp (149)
[2022.02.25-00.59.31:543][434]LogModuleManager: Shutting down and abandoning module TextureFormatASTC (147)
[2022.02.25-00.59.31:543][434]LogModuleManager: Shutting down and abandoning module ImageWrapper (146)
[2022.02.25-00.59.31:543][434]LogModuleManager: Shutting down and abandoning module AudioFormatOpus (143)
[2022.02.25-00.59.31:543][434]LogModuleManager: Shutting down and abandoning module AudioFormatOgg (141)
[2022.02.25-00.59.31:543][434]LogModuleManager: Shutting down and abandoning module AudioFormatADPCM (139)
[2022.02.25-00.59.31:543][434]LogModuleManager: Shutting down and abandoning module WindowsServerTargetPlatform (137)
[2022.02.25-00.59.31:543][434]LogModuleManager: Shutting down and abandoning module WindowsClientTargetPlatform (135)
[2022.02.25-00.59.31:543][434]LogModuleManager: Shutting down and abandoning module WindowsTargetPlatform (133)
[2022.02.25-00.59.31:543][434]LogModuleManager: Shutting down and abandoning module WindowsNoEditorTargetPlatform (131)
[2022.02.25-00.59.31:543][434]LogModuleManager: Shutting down and abandoning module D3D11RHI (128)
[2022.02.25-00.59.31:543][434]LogModuleManager: Shutting down and abandoning module InputCore (126)
[2022.02.25-00.59.31:543][434]LogModuleManager: Shutting down and abandoning module Settings (124)
[2022.02.25-00.59.31:543][434]LogModuleManager: Shutting down and abandoning module PhysXCooking (122)
[2022.02.25-00.59.31:543][434]LogModuleManager: Shutting down and abandoning module Chaos (120)
[2022.02.25-00.59.31:543][434]LogModuleManager: Shutting down and abandoning module WindowsPlatformFeatures (118)
[2022.02.25-00.59.31:543][434]LogModuleManager: Shutting down and abandoning module GameplayMediaEncoder (117)
[2022.02.25-00.59.31:543][434]LogModuleManager: Shutting down and abandoning module AVEncoder (116)
[2022.02.25-00.59.31:543][434]LogModuleManager: Shutting down and abandoning module OculusHMD (112)
[2022.02.25-00.59.31:543][434]LogModuleManager: Shutting down and abandoning module AISupportModule (110)
[2022.02.25-00.59.31:543][434]LogModuleManager: Shutting down and abandoning module OpenXRHandTracking (108)
[2022.02.25-00.59.31:543][434]LogSlate: Slate User Destroyed.  User Index 0, Is Virtual User: 0
[2022.02.25-00.59.31:543][434]LogModuleManager: Shutting down and abandoning module OpenXREyeTracker (106)
[2022.02.25-00.59.31:543][434]LogModuleManager: Shutting down and abandoning module OpenXRAR (104)
[2022.02.25-00.59.31:543][434]LogModuleManager: Shutting down and abandoning module AugmentedReality (103)
[2022.02.25-00.59.31:543][434]LogModuleManager: Shutting down and abandoning module OpenXRHMD (100)
[2022.02.25-00.59.31:543][434]LogModuleManager: Shutting down and abandoning module ExampleDeviceProfileSelector (98)
[2022.02.25-00.59.31:543][434]LogModuleManager: Shutting down and abandoning module ChunkDownloader (96)
[2022.02.25-00.59.31:543][434]LogModuleManager: Shutting down and abandoning module LauncherChunkInstaller (94)
[2022.02.25-00.59.31:543][434]LogModuleManager: Shutting down and abandoning module OnlineBlueprintSupport (92)
[2022.02.25-00.59.31:543][434]LogModuleManager: Shutting down and abandoning module OnlineSubsystem (88)
[2022.02.25-00.59.31:544][434]LogModuleManager: Shutting down and abandoning module XMPP (83)
[2022.02.25-00.59.31:544][434]LogModuleManager: Shutting down and abandoning module WebSockets (82)
[2022.02.25-00.59.31:548][434]LogModuleManager: Shutting down and abandoning module HTTP (79)
[2022.02.25-00.59.31:548][434]LogHttp: Display: cleaning up 0 outstanding Http requests.
[2022.02.25-00.59.31:579][434]LogModuleManager: Shutting down and abandoning module SSL (78)
[2022.02.25-00.59.31:580][434]LogModuleManager: Shutting down and abandoning module EOSShared (74)
[2022.02.25-00.59.31:580][434]LogModuleManager: Shutting down and abandoning module ChaosCloth (72)
[2022.02.25-00.59.31:580][434]LogModuleManager: Shutting down and abandoning module MLSDK (70)
[2022.02.25-00.59.31:580][434]LogModuleManager: Shutting down and abandoning module MagicLeap (68)
[2022.02.25-00.59.31:580][434]LogModuleManager: Shutting down and abandoning module WmfMedia (66)
[2022.02.25-00.59.31:581][434]LogModuleManager: Shutting down and abandoning module Media (65)
[2022.02.25-00.59.31:581][434]LogModuleManager: Shutting down and abandoning module MediaInfo (64)
[2022.02.25-00.59.31:581][434]LogModuleManager: Shutting down and abandoning module ExrReaderGpu (60)
[2022.02.25-00.59.31:581][434]LogModuleManager: Shutting down and abandoning module NiagaraVertexFactories (58)
[2022.02.25-00.59.31:581][434]LogModuleManager: Shutting down and abandoning module NiagaraShader (56)
[2022.02.25-00.59.31:581][434]LogModuleManager: Shutting down and abandoning module PixWinPlugin (54)
[2022.02.25-00.59.31:581][434]LogModuleManager: Shutting down and abandoning module VariantManagerContent (52)
[2022.02.25-00.59.31:581][434]LogModuleManager: Shutting down and abandoning module DatasmithContent (50)
[2022.02.25-00.59.31:581][434]LogModuleManager: Shutting down and abandoning module DesktopPlatform (48)
[2022.02.25-00.59.31:581][434]LogModuleManager: Shutting down and abandoning module PythonScriptPluginPreload (46)
[2022.02.25-00.59.31:582][434]LogModuleManager: Shutting down and abandoning module PlatformCryptoOpenSSL (44)
[2022.02.25-00.59.31:582][434]LogModuleManager: Shutting down and abandoning module PlatformCryptoTypes (42)
[2022.02.25-00.59.31:582][434]LogModuleManager: Shutting down and abandoning module PlatformCrypto (40)
[2022.02.25-00.59.31:582][434]LogModuleManager: Shutting down and abandoning module OodleDataCompressionFormat (38)
[2022.02.25-00.59.31:582][434]LogModuleManager: Shutting down and abandoning module XGEController (36)
[2022.02.25-00.59.31:582][434]LogModuleManager: Shutting down and abandoning module AnimationModifiers (34)
[2022.02.25-00.59.31:582][434]LogModuleManager: Shutting down and abandoning module AudioEditor (32)
[2022.02.25-00.59.31:582][434]LogModuleManager: Shutting down and abandoning module PropertyEditor (31)
[2022.02.25-00.59.31:582][434]LogModuleManager: Shutting down and abandoning module TextureCompressor (28)
[2022.02.25-00.59.31:582][434]LogModuleManager: Shutting down and abandoning module RenderCore (26)
[2022.02.25-00.59.31:582][434]LogModuleManager: Shutting down and abandoning module Landscape (24)
[2022.02.25-00.59.31:582][434]LogModuleManager: Shutting down and abandoning module SlateRHIRenderer (22)
[2022.02.25-00.59.31:582][434]LogModuleManager: Shutting down and abandoning module AnimGraphRuntime (20)
[2022.02.25-00.59.31:582][434]LogModuleManager: Shutting down and abandoning module Renderer (18)
[2022.02.25-00.59.31:582][434]LogModuleManager: Shutting down and abandoning module Engine (16)
[2022.02.25-00.59.31:582][434]LogModuleManager: Shutting down and abandoning module CoreUObject (14)
[2022.02.25-00.59.31:582][434]LogModuleManager: Shutting down and abandoning module NetworkFile (12)
[2022.02.25-00.59.31:582][434]LogModuleManager: Shutting down and abandoning module CookedIterativeFile (10)
[2022.02.25-00.59.31:582][434]LogModuleManager: Shutting down and abandoning module StreamingFile (8)
[2022.02.25-00.59.31:582][434]LogModuleManager: Shutting down and abandoning module SandboxFile (6)
[2022.02.25-00.59.31:582][434]LogModuleManager: Shutting down and abandoning module PakFile (4)
[2022.02.25-00.59.31:582][434]LogModuleManager: Shutting down and abandoning module RSA (3)
[2022.02.25-00.59.31:983][434]LogContentStreaming: Display: There are 1 unreleased StreamingManagers
[2022.02.25-00.59.31:993][434]LogD3D11RHI: Shutdown
[2022.02.25-00.59.31:993][434]LogD3D11RHI: CleanupD3DDevice
[2022.02.25-00.59.31:994][434]LogExit: Exiting.
[2022.02.25-00.59.32:019][434]Log file closed, 02/24/22 19:59:32
