Log file open, 02/23/22 19:11:14
LogWindows: Failed to load 'aqProf.dll' (GetLastError=126)
LogWindows: File 'aqProf.dll' does not exist
LogWindows: Failed to load 'VtuneApi.dll' (GetLastError=126)
LogWindows: File 'VtuneApi.dll' does not exist
LogWindows: Failed to load 'VtuneApi32e.dll' (GetLastError=126)
LogWindows: File 'VtuneApi32e.dll' does not exist
LogConsoleResponse: Display: Failed to find resolution value strings in scalability ini. Falling back to default.
LogConsoleResponse: Display: Failed to find resolution value strings in scalability ini. Falling back to default.
LogInit: Display: Running engine for game: GAME259_A_URE
LogPlatformFile: Not using cached read wrapper
LogTaskGraph: Started task graph with 5 named threads and 47 total threads with 3 sets of task threads.
LogStats: Stats thread started at 0.173813
LogICUInternationalization: ICU TimeZone Detection - Raw Offset: -5:00, Platform Override: ''
LogInit: Display: Loading text-based GConfig....
LogPluginManager: Mounting plugin MeshPainting
LogPluginManager: Mounting plugin XGEController
LogPluginManager: Mounting plugin Paper2D
LogPluginManager: Mounting plugin LiveLink
LogPluginManager: Mounting plugin AISupport
LogPluginManager: Mounting plugin EnvironmentQueryEditor
LogPluginManager: Mounting plugin LightPropagationVolume
LogPluginManager: Mounting plugin CameraShakePreviewer
LogPluginManager: Mounting plugin AnimationSharing
LogPluginManager: Mounting plugin CLionSourceCodeAccess
LogPluginManager: Mounting plugin GameplayCameras
LogPluginManager: Mounting plugin CodeLiteSourceCodeAccess
LogPluginManager: Mounting plugin PixWinPlugin
LogPluginManager: Mounting plugin NullSourceCodeAccess
LogPluginManager: Mounting plugin KDevelopSourceCodeAccess
LogPluginManager: Mounting plugin PlasticSourceControl
LogPluginManager: Mounting plugin PluginUtils
LogPluginManager: Mounting plugin GitSourceControl
LogPluginManager: Mounting plugin PropertyAccessNode
LogPluginManager: Mounting plugin RiderSourceCodeAccess
LogPluginManager: Mounting plugin TextureFormatOodle
LogPluginManager: Mounting plugin VisualStudioCodeSourceCodeAccess
LogPluginManager: Mounting plugin VisualStudioSourceCodeAccess
LogPluginManager: Mounting plugin XCodeSourceCodeAccess
LogPluginManager: Mounting plugin OodleData
LogPluginManager: Mounting plugin OodleNetwork
LogPluginManager: Mounting plugin UObjectPlugin
LogPluginManager: Mounting plugin AlembicImporter
LogPluginManager: Mounting plugin PerforceSourceControl
LogPluginManager: Mounting plugin SubversionSourceControl
LogPluginManager: Mounting plugin AutomationUtils
LogPluginManager: Mounting plugin BackChannel
LogPluginManager: Mounting plugin ChaosCloth
LogPluginManager: Mounting plugin ChaosClothEditor
LogPluginManager: Mounting plugin ChaosEditor
LogPluginManager: Mounting plugin ChaosNiagara
LogPluginManager: Mounting plugin ChaosSolverPlugin
LogPluginManager: Mounting plugin CharacterAI
LogPluginManager: Mounting plugin GeometryCache
LogPluginManager: Mounting plugin GeometryProcessing
LogPluginManager: Mounting plugin GeometryCollectionPlugin
LogPluginManager: Mounting plugin OpenImageDenoise
LogPluginManager: Mounting plugin MotoSynth
LogPluginManager: Mounting plugin LuminPlatformFeatures
LogPluginManager: Mounting plugin PlanarCut
LogPluginManager: Mounting plugin PlatformCrypto
LogPluginManager: Mounting plugin MagicLeap
LogPluginManager: Mounting plugin MagicLeapLightEstimation
LogPluginManager: Mounting plugin ProxyLODPlugin
LogPluginManager: Mounting plugin MagicLeapMedia
LogPluginManager: Mounting plugin PythonScriptPlugin
LogPluginManager: Mounting plugin MagicLeapPassableWorld
LogPluginManager: Mounting plugin MLSDK
LogPluginManager: Mounting plugin SkeletalReduction
LogPluginManager: Mounting plugin DatasmithContent
LogPluginManager: Mounting plugin VariantManagerContent
LogPluginManager: Mounting plugin EOSShared
LogPluginManager: Mounting plugin OnlineSubsystem
LogPluginManager: Mounting plugin OnlineSubsystemNull
LogPluginManager: Mounting plugin OnlineSubsystemSteam
LogPluginManager: Mounting plugin OnlineSubsystemUtils
LogPluginManager: Mounting plugin AndroidMedia
LogPluginManager: Mounting plugin AvfMedia
LogPluginManager: Mounting plugin ImgMedia
LogPluginManager: Mounting plugin MediaCompositing
LogPluginManager: Mounting plugin MediaPlayerEditor
LogPluginManager: Mounting plugin WebMMedia
LogPluginManager: Mounting plugin WmfMedia
LogPluginManager: Mounting plugin ActorSequence
LogPluginManager: Mounting plugin LauncherChunkInstaller
LogPluginManager: Mounting plugin LevelSequenceEditor
LogPluginManager: Mounting plugin MatineeToLevelSequence
LogPluginManager: Mounting plugin TemplateSequence
LogPluginManager: Mounting plugin TcpMessaging
LogPluginManager: Mounting plugin UdpMessaging
LogPluginManager: Mounting plugin Takes
LogPluginManager: Mounting plugin ActorLayerUtilities
LogPluginManager: Mounting plugin AndroidDeviceProfileSelector
LogPluginManager: Mounting plugin AppleMoviePlayer
LogPluginManager: Mounting plugin AndroidMoviePlayer
LogPluginManager: Mounting plugin AndroidPermission
LogPluginManager: Mounting plugin AppleImageUtils
LogPluginManager: Mounting plugin ArchVisCharacter
LogPluginManager: Mounting plugin AssetTags
LogPluginManager: Mounting plugin AudioCapture
LogPluginManager: Mounting plugin CableComponent
LogPluginManager: Mounting plugin ChunkDownloader
LogPluginManager: Mounting plugin CustomMeshComponent
LogPluginManager: Mounting plugin GoogleCloudMessaging
LogPluginManager: Mounting plugin EditableMesh
LogPluginManager: Mounting plugin ExampleDeviceProfileSelector
LogPluginManager: Mounting plugin GooglePAD
LogPluginManager: Mounting plugin ScreenshotTools
LogPluginManager: Mounting plugin IOSDeviceProfileSelector
LogPluginManager: Mounting plugin LinuxDeviceProfileSelector
LogPluginManager: Mounting plugin LocationServicesBPLibrary
LogPluginManager: Mounting plugin AudioSynesthesia
LogPluginManager: Mounting plugin MobilePatchingUtils
LogPluginManager: Mounting plugin OpenXRHandTracking
LogPluginManager: Mounting plugin OpenXR
LogPluginManager: Mounting plugin OpenXREyeTracker
LogPluginManager: Mounting plugin PhysXVehicles
LogPluginManager: Mounting plugin PostSplashScreen
LogPluginManager: Mounting plugin ProceduralMeshComponent
LogPluginManager: Mounting plugin SoundFields
LogPluginManager: Mounting plugin PropertyAccessEditor
LogPluginManager: Mounting plugin SignificanceManager
LogPluginManager: Mounting plugin RuntimePhysXCooking
LogPluginManager: Mounting plugin Synthesis
LogPluginManager: Mounting plugin WebMMoviePlayer
LogPluginManager: Mounting plugin WindowsMoviePlayer
LogPluginManager: Mounting plugin AssetManagerEditor
LogPluginManager: Mounting plugin CurveEditorTools
LogPluginManager: Mounting plugin CryptoKeys
LogPluginManager: Mounting plugin DataValidation
LogPluginManager: Mounting plugin MacGraphicsSwitching
LogPluginManager: Mounting plugin MaterialAnalyzer
LogPluginManager: Mounting plugin FacialAnimation
LogPluginManager: Mounting plugin GameplayTagsEditor
LogPluginManager: Mounting plugin GeometryMode
LogPluginManager: Mounting plugin MobileLauncherProfileWizard
LogPluginManager: Mounting plugin PluginBrowser
LogPluginManager: Mounting plugin SpeedTreeImporter
LogPluginManager: Mounting plugin Niagara
LogPluginManager: Mounting plugin OnlineSubsystemGooglePlay
LogPluginManager: Mounting plugin OnlineSubsystemIOS
LogPluginManager: Mounting plugin EOSVoiceChat
LogPluginManager: Mounting plugin OculusVR
LogPluginManager: Mounting plugin SteamShared
LogPluginManager: Mounting plugin ContentBrowserAssetDataSource
LogPluginManager: Mounting plugin ContentBrowserClassDataSource
LogPluginManager: Mounting plugin ContentBrowserFileDataSource
PixWinPlugin: PIX capture plugin failed to initialize! Check that the process is launched from PIX.
LogInit: Using libcurl 7.55.1-DEV
LogInit:  - built for x86_64-pc-win32
LogInit:  - supports SSL with OpenSSL/1.1.1
LogInit:  - supports HTTP deflate (compression) using libz 1.2.8
LogInit:  - other features:
LogInit:      CURL_VERSION_SSL
LogInit:      CURL_VERSION_LIBZ
LogInit:      CURL_VERSION_IPV6
LogInit:      CURL_VERSION_ASYNCHDNS
LogInit:      CURL_VERSION_LARGEFILE
LogInit:      CURL_VERSION_IDN
LogInit:  CurlRequestOptions (configurable via config and command line):
LogInit:  - bVerifyPeer = true  - Libcurl will verify peer certificate
LogInit:  - bUseHttpProxy = false  - Libcurl will NOT use HTTP proxy
LogInit:  - bDontReuseConnections = false  - Libcurl will reuse connections
LogInit:  - MaxHostConnections = 16  - Libcurl will limit the number of connections to a host
LogInit:  - LocalHostAddr = Default
LogInit:  - BufferSize = 65536
LogOnline: OSS: Creating online subsystem instance for: NULL
LogInit: WinSock: version 1.1 (2.2), MaxSocks=32767, MaxUdp=65467
LogOnline: OSS: TryLoadSubsystemAndSetDefault: Loaded subsystem for module [NULL]
LogOculusPluginWrapper: OculusPlugin initialized successfully
LogHMD: Failed initializing OVRPlugin 1.59.0
LogInit: Build: ++UE4+Release-4.27-CL-18319896
LogInit: Engine Version: 4.27.2-18319896+++UE4+Release-4.27
LogInit: Compatible Engine Version: 4.27.0-17155196+++UE4+Release-4.27
LogInit: Net CL: 17155196
LogInit: OS: Windows 10 (Release 2009) (), CPU: Intel(R) Core(TM) i7-10700K CPU @ 3.80GHz, GPU: NVIDIA GeForce RTX 2070 SUPER
LogInit: Compiled (64-bit): Nov 30 2021 07:12:08
LogInit: Compiled with Visual C++: 19.24.28315.00
LogInit: Build Configuration: Development
LogInit: Branch Name: ++UE4+Release-4.27
LogInit: Command Line:  /Game/UI/Maps/L_MainMenu -game -PIEVIACONSOLE -Multiprocess GameUserSettingsINI=D:/GitHub/GAME259-2022-A/GAME259_A_URE/Saved/Config/Windows/PIEGameUserSettings0.ini -MultiprocessSaveConfig -forcepassthrough -messaging -SessionName="Play in Standalone Game" -windowed -WinX=320 -WinY=184 SAVEWINPOS=1 -ResX=1270 -ResY=686
LogInit: Base Directory: D:/Unreal Engine/UE_4.27/Engine/Binaries/Win64/
LogInit: Allocator: TBB
LogInit: Installed Engine Build: 1
LogDevObjectVersion: Number of dev versions registered: 29
LogDevObjectVersion:   Dev-Blueprints (B0D832E4-1F89-4F0D-ACCF-7EB736FD4AA2): 10
LogDevObjectVersion:   Dev-Build (E1C64328-A22C-4D53-A36C-8E866417BD8C): 0
LogDevObjectVersion:   Dev-Core (375EC13C-06E4-48FB-B500-84F0262A717E): 4
LogDevObjectVersion:   Dev-Editor (E4B068ED-F494-42E9-A231-DA0B2E46BB41): 40
LogDevObjectVersion:   Dev-Framework (CFFC743F-43B0-4480-9391-14DF171D2073): 37
LogDevObjectVersion:   Dev-Mobile (B02B49B5-BB20-44E9-A304-32B752E40360): 3
LogDevObjectVersion:   Dev-Networking (A4E4105C-59A1-49B5-A7C5-40C4547EDFEE): 0
LogDevObjectVersion:   Dev-Online (39C831C9-5AE6-47DC-9A44-9C173E1C8E7C): 0
LogDevObjectVersion:   Dev-Physics (78F01B33-EBEA-4F98-B9B4-84EACCB95AA2): 14
LogDevObjectVersion:   Dev-Platform (6631380F-2D4D-43E0-8009-CF276956A95A): 0
LogDevObjectVersion:   Dev-Rendering (12F88B9F-8875-4AFC-A67C-D90C383ABD29): 45
LogDevObjectVersion:   Dev-Sequencer (7B5AE74C-D270-4C10-A958-57980B212A5A): 13
LogDevObjectVersion:   Dev-VR (D7296918-1DD6-4BDD-9DE2-64A83CC13884): 3
LogDevObjectVersion:   Dev-LoadTimes (C2A15278-BFE7-4AFE-6C17-90FF531DF755): 1
LogDevObjectVersion:   Private-Geometry (6EACA3D4-40EC-4CC1-B786-8BED09428FC5): 3
LogDevObjectVersion:   Dev-AnimPhys (29E575DD-E0A3-4627-9D10-D276232CDCEA): 17
LogDevObjectVersion:   Dev-Anim (AF43A65D-7FD3-4947-9873-3E8ED9C1BB05): 15
LogDevObjectVersion:   Dev-ReflectionCapture (6B266CEC-1EC7-4B8F-A30B-E4D90942FC07): 1
LogDevObjectVersion:   Dev-Automation (0DF73D61-A23F-47EA-B727-89E90C41499A): 1
LogDevObjectVersion:   FortniteMain (601D1886-AC64-4F84-AA16-D3DE0DEAC7D6): 47
LogDevObjectVersion:   FortniteRelease (E7086368-6B23-4C58-8439-1B7016265E91): 1
LogDevObjectVersion:   Dev-Enterprise (9DFFBCD6-494F-0158-E221-12823C92A888): 10
LogDevObjectVersion:   Dev-Niagara (F2AED0AC-9AFE-416F-8664-AA7FFA26D6FC): 1
LogDevObjectVersion:   Dev-Destruction (174F1F0B-B4C6-45A5-B13F-2EE8D0FB917D): 10
LogDevObjectVersion:   Dev-Physics-Ext (35F94A83-E258-406C-A318-09F59610247C): 41
LogDevObjectVersion:   Dev-PhysicsMaterial-Chaos (B68FC16E-8B1B-42E2-B453-215C058844FE): 1
LogDevObjectVersion:   Dev-CineCamera (B2E18506-4273-CFC2-A54E-F4BB758BBA07): 1
LogDevObjectVersion:   Dev-VirtualProduction (64F58936-FD1B-42BA-BA96-7289D5D0FA4E): 1
LogDevObjectVersion:   Dev-MediaFramework (6F0ED827-A609-4895-9C91-998D90180EA4): 2
LogInit: Presizing for max 25165824 objects, including 0 objects not considered by GC, pre-allocating 0 bytes for permanent pool.
LogConfig: Applying CVar settings from Section [/Script/Engine.StreamingSettings] File [D:/GitHub/GAME259-2022-A/GAME259_A_URE/Saved/Config/Windows/Engine.ini]
LogConfig: Setting CVar [[s.MinBulkDataSizeForAsyncLoading:131072]]
LogConfig: Setting CVar [[s.AsyncLoadingThreadEnabled:0]]
LogConfig: Setting CVar [[s.EventDrivenLoaderEnabled:1]]
LogConfig: Setting CVar [[s.WarnIfTimeLimitExceeded:0]]
LogConfig: Setting CVar [[s.TimeLimitExceededMultiplier:1.5]]
LogConfig: Setting CVar [[s.TimeLimitExceededMinTime:0.005]]
LogConfig: Setting CVar [[s.UseBackgroundLevelStreaming:1]]
LogConfig: Setting CVar [[s.PriorityAsyncLoadingExtraTime:15.0]]
LogConfig: Setting CVar [[s.LevelStreamingActorsUpdateTimeLimit:5.0]]
LogConfig: Setting CVar [[s.PriorityLevelStreamingActorsUpdateExtraTime:5.0]]
LogConfig: Setting CVar [[s.LevelStreamingComponentsRegistrationGranularity:10]]
LogConfig: Setting CVar [[s.UnregisterComponentsTimeLimit:1.0]]
LogConfig: Setting CVar [[s.LevelStreamingComponentsUnregistrationGranularity:5]]
LogConfig: Setting CVar [[s.FlushStreamingOnExit:1]]
LogInit: Object subsystem initialized
LogConfig: Setting CVar [[con.DebugEarlyDefault:1]]
LogConfig: Setting CVar [[r.setres:1280x720]]
[2022.02.24-00.11.14:411][  0]LogConfig: Setting CVar [[con.DebugEarlyDefault:1]]
[2022.02.24-00.11.14:411][  0]LogConfig: Setting CVar [[r.setres:1280x720]]
[2022.02.24-00.11.14:411][  0]LogConfig: Applying CVar settings from Section [/Script/Engine.RendererSettings] File [D:/GitHub/GAME259-2022-A/GAME259_A_URE/Saved/Config/Windows/Engine.ini]
[2022.02.24-00.11.14:411][  0]LogConfig: Setting CVar [[r.GPUCrashDebugging:0]]
[2022.02.24-00.11.14:411][  0]LogConfig: Applying CVar settings from Section [/Script/Engine.RendererOverrideSettings] File [D:/GitHub/GAME259-2022-A/GAME259_A_URE/Saved/Config/Windows/Engine.ini]
[2022.02.24-00.11.14:411][  0]LogConfig: Applying CVar settings from Section [/Script/Engine.StreamingSettings] File [D:/GitHub/GAME259-2022-A/GAME259_A_URE/Saved/Config/Windows/Engine.ini]
[2022.02.24-00.11.14:411][  0]LogConfig: Setting CVar [[s.MinBulkDataSizeForAsyncLoading:131072]]
[2022.02.24-00.11.14:411][  0]LogConfig: Setting CVar [[s.AsyncLoadingThreadEnabled:0]]
[2022.02.24-00.11.14:411][  0]LogConfig: Setting CVar [[s.EventDrivenLoaderEnabled:1]]
[2022.02.24-00.11.14:411][  0]LogConfig: Setting CVar [[s.WarnIfTimeLimitExceeded:0]]
[2022.02.24-00.11.14:411][  0]LogConfig: Setting CVar [[s.TimeLimitExceededMultiplier:1.5]]
[2022.02.24-00.11.14:411][  0]LogConfig: Setting CVar [[s.TimeLimitExceededMinTime:0.005]]
[2022.02.24-00.11.14:411][  0]LogConfig: Setting CVar [[s.UseBackgroundLevelStreaming:1]]
[2022.02.24-00.11.14:411][  0]LogConfig: Setting CVar [[s.PriorityAsyncLoadingExtraTime:15.0]]
[2022.02.24-00.11.14:411][  0]LogConfig: Setting CVar [[s.LevelStreamingActorsUpdateTimeLimit:5.0]]
[2022.02.24-00.11.14:411][  0]LogConfig: Setting CVar [[s.PriorityLevelStreamingActorsUpdateExtraTime:5.0]]
[2022.02.24-00.11.14:411][  0]LogConfig: Setting CVar [[s.LevelStreamingComponentsRegistrationGranularity:10]]
[2022.02.24-00.11.14:411][  0]LogConfig: Setting CVar [[s.UnregisterComponentsTimeLimit:1.0]]
[2022.02.24-00.11.14:411][  0]LogConfig: Setting CVar [[s.LevelStreamingComponentsUnregistrationGranularity:5]]
[2022.02.24-00.11.14:411][  0]LogConfig: Setting CVar [[s.FlushStreamingOnExit:1]]
[2022.02.24-00.11.14:411][  0]LogConfig: Applying CVar settings from Section [/Script/Engine.GarbageCollectionSettings] File [D:/GitHub/GAME259-2022-A/GAME259_A_URE/Saved/Config/Windows/Engine.ini]
[2022.02.24-00.11.14:411][  0]LogConfig: Setting CVar [[gc.MaxObjectsNotConsideredByGC:1]]
[2022.02.24-00.11.14:411][  0]LogConfig: Setting CVar [[gc.SizeOfPermanentObjectPool:0]]
[2022.02.24-00.11.14:411][  0]LogConfig: Setting CVar [[gc.FlushStreamingOnGC:0]]
[2022.02.24-00.11.14:411][  0]LogConfig: Setting CVar [[gc.NumRetriesBeforeForcingGC:10]]
[2022.02.24-00.11.14:411][  0]LogConfig: Setting CVar [[gc.AllowParallelGC:1]]
[2022.02.24-00.11.14:411][  0]LogConfig: Setting CVar [[gc.TimeBetweenPurgingPendingKillObjects:61.1]]
[2022.02.24-00.11.14:411][  0]LogConfig: Setting CVar [[gc.MaxObjectsInEditor:25165824]]
[2022.02.24-00.11.14:411][  0]LogConfig: Setting CVar [[gc.IncrementalBeginDestroyEnabled:1]]
[2022.02.24-00.11.14:411][  0]LogConfig: Setting CVar [[gc.CreateGCClusters:1]]
[2022.02.24-00.11.14:411][  0]LogConfig: Setting CVar [[gc.MinGCClusterSize:5]]
[2022.02.24-00.11.14:411][  0]LogConfig: Setting CVar [[gc.ActorClusteringEnabled:0]]
[2022.02.24-00.11.14:411][  0]LogConfig: Setting CVar [[gc.BlueprintClusteringEnabled:0]]
[2022.02.24-00.11.14:411][  0]LogConfig: Setting CVar [[gc.UseDisregardForGCOnDedicatedServers:0]]
[2022.02.24-00.11.14:411][  0]LogConfig: Setting CVar [[gc.MultithreadedDestructionEnabled:1]]
[2022.02.24-00.11.14:411][  0]LogConfig: Applying CVar settings from Section [/Script/Engine.NetworkSettings] File [D:/GitHub/GAME259-2022-A/GAME259_A_URE/Saved/Config/Windows/Engine.ini]
[2022.02.24-00.11.14:411][  0]LogConfig: Applying CVar settings from Section [/Script/UnrealEd.CookerSettings] File [D:/GitHub/GAME259-2022-A/GAME259_A_URE/Saved/Config/Windows/Engine.ini]
[2022.02.24-00.11.14:426][  0]LogConfig: Applying CVar settings from Section [ViewDistanceQuality@3] File [D:/GitHub/GAME259-2022-A/GAME259_A_URE/Saved/Config/Windows/Scalability.ini]
[2022.02.24-00.11.14:426][  0]LogConfig: Setting CVar [[r.SkeletalMeshLODBias:0]]
[2022.02.24-00.11.14:426][  0]LogConfig: Setting CVar [[r.ViewDistanceScale:1.0]]
[2022.02.24-00.11.14:426][  0]LogConfig: Applying CVar settings from Section [AntiAliasingQuality@3] File [D:/GitHub/GAME259-2022-A/GAME259_A_URE/Saved/Config/Windows/Scalability.ini]
[2022.02.24-00.11.14:426][  0]LogConfig: Setting CVar [[r.PostProcessAAQuality:4]]
[2022.02.24-00.11.14:426][  0]LogConfig: Applying CVar settings from Section [ShadowQuality@3] File [D:/GitHub/GAME259-2022-A/GAME259_A_URE/Saved/Config/Windows/Scalability.ini]
[2022.02.24-00.11.14:426][  0]LogConfig: Setting CVar [[r.LightFunctionQuality:1]]
[2022.02.24-00.11.14:426][  0]LogConfig: Setting CVar [[r.ShadowQuality:5]]
[2022.02.24-00.11.14:426][  0]LogConfig: Setting CVar [[r.Shadow.CSM.MaxCascades:10]]
[2022.02.24-00.11.14:426][  0]LogConfig: Setting CVar [[r.Shadow.MaxResolution:2048]]
[2022.02.24-00.11.14:426][  0]LogConfig: Setting CVar [[r.Shadow.MaxCSMResolution:2048]]
[2022.02.24-00.11.14:426][  0]LogConfig: Setting CVar [[r.Shadow.RadiusThreshold:0.01]]
[2022.02.24-00.11.14:426][  0]LogConfig: Setting CVar [[r.Shadow.DistanceScale:1.0]]
[2022.02.24-00.11.14:426][  0]LogConfig: Setting CVar [[r.Shadow.CSM.TransitionScale:1.0]]
[2022.02.24-00.11.14:426][  0]LogConfig: Setting CVar [[r.Shadow.PreShadowResolutionFactor:1.0]]
[2022.02.24-00.11.14:426][  0]LogConfig: Setting CVar [[r.DistanceFieldShadowing:1]]
[2022.02.24-00.11.14:426][  0]LogConfig: Setting CVar [[r.DistanceFieldAO:1]]
[2022.02.24-00.11.14:426][  0]LogConfig: Setting CVar [[r.AOQuality:2]]
[2022.02.24-00.11.14:426][  0]LogConfig: Setting CVar [[r.VolumetricFog:1]]
[2022.02.24-00.11.14:426][  0]LogConfig: Setting CVar [[r.VolumetricFog.GridPixelSize:8]]
[2022.02.24-00.11.14:426][  0]LogConfig: Setting CVar [[r.VolumetricFog.GridSizeZ:128]]
[2022.02.24-00.11.14:426][  0]LogConfig: Setting CVar [[r.VolumetricFog.HistoryMissSupersampleCount:4]]
[2022.02.24-00.11.14:426][  0]LogConfig: Setting CVar [[r.LightMaxDrawDistanceScale:1]]
[2022.02.24-00.11.14:426][  0]LogConfig: Setting CVar [[r.CapsuleShadows:1]]
[2022.02.24-00.11.14:426][  0]LogConfig: Applying CVar settings from Section [PostProcessQuality@3] File [D:/GitHub/GAME259-2022-A/GAME259_A_URE/Saved/Config/Windows/Scalability.ini]
[2022.02.24-00.11.14:426][  0]LogConfig: Setting CVar [[r.MotionBlurQuality:4]]
[2022.02.24-00.11.14:426][  0]LogConfig: Setting CVar [[r.AmbientOcclusionMipLevelFactor:0.4]]
[2022.02.24-00.11.14:426][  0]LogConfig: Setting CVar [[r.AmbientOcclusionMaxQuality:100]]
[2022.02.24-00.11.14:426][  0]LogConfig: Setting CVar [[r.AmbientOcclusionLevels:-1]]
[2022.02.24-00.11.14:426][  0]LogConfig: Setting CVar [[r.AmbientOcclusionRadiusScale:1.0]]
[2022.02.24-00.11.14:426][  0]LogConfig: Setting CVar [[r.DepthOfFieldQuality:2]]
[2022.02.24-00.11.14:426][  0]LogConfig: Setting CVar [[r.RenderTargetPoolMin:400]]
[2022.02.24-00.11.14:426][  0]LogConfig: Setting CVar [[r.LensFlareQuality:2]]
[2022.02.24-00.11.14:426][  0]LogConfig: Setting CVar [[r.SceneColorFringeQuality:1]]
[2022.02.24-00.11.14:426][  0]LogConfig: Setting CVar [[r.EyeAdaptationQuality:2]]
[2022.02.24-00.11.14:426][  0]LogConfig: Setting CVar [[r.BloomQuality:5]]
[2022.02.24-00.11.14:426][  0]LogConfig: Setting CVar [[r.FastBlurThreshold:100]]
[2022.02.24-00.11.14:426][  0]LogConfig: Setting CVar [[r.Upscale.Quality:3]]
[2022.02.24-00.11.14:426][  0]LogConfig: Setting CVar [[r.Tonemapper.GrainQuantization:1]]
[2022.02.24-00.11.14:426][  0]LogConfig: Setting CVar [[r.LightShaftQuality:1]]
[2022.02.24-00.11.14:426][  0]LogConfig: Setting CVar [[r.Filter.SizeScale:1]]
[2022.02.24-00.11.14:426][  0]LogConfig: Setting CVar [[r.Tonemapper.Quality:5]]
[2022.02.24-00.11.14:426][  0]LogConfig: Setting CVar [[r.DOF.Gather.AccumulatorQuality:1        ; higher gathering accumulator quality]]
[2022.02.24-00.11.14:426][  0]LogConfig: Setting CVar [[r.DOF.Gather.PostfilterMethod:1          ; Median3x3 postfilering method]]
[2022.02.24-00.11.14:426][  0]LogConfig: Setting CVar [[r.DOF.Gather.EnableBokehSettings:0       ; no bokeh simulation when gathering]]
[2022.02.24-00.11.14:426][  0]LogConfig: Setting CVar [[r.DOF.Gather.RingCount:4                 ; medium number of samples when gathering]]
[2022.02.24-00.11.14:426][  0]LogConfig: Setting CVar [[r.DOF.Scatter.ForegroundCompositing:1    ; additive foreground scattering]]
[2022.02.24-00.11.14:426][  0]LogConfig: Setting CVar [[r.DOF.Scatter.BackgroundCompositing:2    ; additive background scattering]]
[2022.02.24-00.11.14:426][  0]LogConfig: Setting CVar [[r.DOF.Scatter.EnableBokehSettings:1      ; bokeh simulation when scattering]]
[2022.02.24-00.11.14:426][  0]LogConfig: Setting CVar [[r.DOF.Scatter.MaxSpriteRatio:0.1         ; only a maximum of 10% of scattered bokeh]]
[2022.02.24-00.11.14:426][  0]LogConfig: Setting CVar [[r.DOF.Recombine.Quality:1                ; cheap slight out of focus]]
[2022.02.24-00.11.14:426][  0]LogConfig: Setting CVar [[r.DOF.Recombine.EnableBokehSettings:0    ; no bokeh simulation on slight out of focus]]
[2022.02.24-00.11.14:426][  0]LogConfig: Setting CVar [[r.DOF.TemporalAAQuality:1                ; more stable temporal accumulation]]
[2022.02.24-00.11.14:426][  0]LogConfig: Setting CVar [[r.DOF.Kernel.MaxForegroundRadius:0.025]]
[2022.02.24-00.11.14:426][  0]LogConfig: Setting CVar [[r.DOF.Kernel.MaxBackgroundRadius:0.025]]
[2022.02.24-00.11.14:426][  0]LogConfig: Applying CVar settings from Section [TextureQuality@3] File [D:/GitHub/GAME259-2022-A/GAME259_A_URE/Saved/Config/Windows/Scalability.ini]
[2022.02.24-00.11.14:426][  0]LogConfig: Setting CVar [[r.Streaming.MipBias:0]]
[2022.02.24-00.11.14:426][  0]LogConfig: Setting CVar [[r.Streaming.AmortizeCPUToGPUCopy:0]]
[2022.02.24-00.11.14:426][  0]LogConfig: Setting CVar [[r.Streaming.MaxNumTexturesToStreamPerFrame:0]]
[2022.02.24-00.11.14:426][  0]LogConfig: Setting CVar [[r.Streaming.Boost:1]]
[2022.02.24-00.11.14:426][  0]LogConfig: Setting CVar [[r.MaxAnisotropy:8]]
[2022.02.24-00.11.14:426][  0]LogConfig: Setting CVar [[r.VT.MaxAnisotropy:8]]
[2022.02.24-00.11.14:426][  0]LogConfig: Setting CVar [[r.Streaming.LimitPoolSizeToVRAM:0]]
[2022.02.24-00.11.14:426][  0]LogConfig: Setting CVar [[r.Streaming.PoolSize:1000]]
[2022.02.24-00.11.14:426][  0]LogConfig: Setting CVar [[r.Streaming.MaxEffectiveScreenSize:0]]
[2022.02.24-00.11.14:426][  0]LogConfig: Applying CVar settings from Section [EffectsQuality@3] File [D:/GitHub/GAME259-2022-A/GAME259_A_URE/Saved/Config/Windows/Scalability.ini]
[2022.02.24-00.11.14:426][  0]LogConfig: Setting CVar [[r.TranslucencyLightingVolumeDim:64]]
[2022.02.24-00.11.14:426][  0]LogConfig: Setting CVar [[r.RefractionQuality:2]]
[2022.02.24-00.11.14:426][  0]LogConfig: Setting CVar [[r.SSR.Quality:3]]
[2022.02.24-00.11.14:426][  0]LogConfig: Setting CVar [[r.SSR.HalfResSceneColor:0]]
[2022.02.24-00.11.14:426][  0]LogConfig: Setting CVar [[r.SceneColorFormat:4]]
[2022.02.24-00.11.14:426][  0]LogConfig: Setting CVar [[r.DetailMode:2]]
[2022.02.24-00.11.14:426][  0]LogConfig: Setting CVar [[r.TranslucencyVolumeBlur:1]]
[2022.02.24-00.11.14:426][  0]LogConfig: Setting CVar [[r.MaterialQualityLevel:1 ; High quality]]
[2022.02.24-00.11.14:426][  0]LogConfig: Setting CVar [[r.AnisotropicMaterials:1]]
[2022.02.24-00.11.14:426][  0]LogConfig: Setting CVar [[r.SSS.Scale:1]]
[2022.02.24-00.11.14:426][  0]LogConfig: Setting CVar [[r.SSS.SampleSet:2]]
[2022.02.24-00.11.14:426][  0]LogConfig: Setting CVar [[r.SSS.Quality:1]]
[2022.02.24-00.11.14:426][  0]LogConfig: Setting CVar [[r.SSS.HalfRes:0]]
[2022.02.24-00.11.14:426][  0]LogConfig: Setting CVar [[r.SSGI.Quality:3]]
[2022.02.24-00.11.14:426][  0]LogConfig: Setting CVar [[r.EmitterSpawnRateScale:1.0]]
[2022.02.24-00.11.14:426][  0]LogConfig: Setting CVar [[r.ParticleLightQuality:2]]
[2022.02.24-00.11.14:426][  0]LogConfig: Setting CVar [[r.SkyAtmosphere.AerialPerspectiveLUT.FastApplyOnOpaque:1 ; Always have FastSkyLUT 1 in this case to avoid wrong sky]]
[2022.02.24-00.11.14:426][  0]LogConfig: Setting CVar [[r.SkyAtmosphere.AerialPerspectiveLUT.SampleCountMaxPerSlice:4]]
[2022.02.24-00.11.14:426][  0]LogConfig: Setting CVar [[r.SkyAtmosphere.AerialPerspectiveLUT.DepthResolution:16.0]]
[2022.02.24-00.11.14:426][  0]LogConfig: Setting CVar [[r.SkyAtmosphere.FastSkyLUT:1]]
[2022.02.24-00.11.14:426][  0]LogConfig: Setting CVar [[r.SkyAtmosphere.FastSkyLUT.SampleCountMin:4.0]]
[2022.02.24-00.11.14:426][  0]LogConfig: Setting CVar [[r.SkyAtmosphere.FastSkyLUT.SampleCountMax:128.0]]
[2022.02.24-00.11.14:426][  0]LogConfig: Setting CVar [[r.SkyAtmosphere.SampleCountMin:4.0]]
[2022.02.24-00.11.14:426][  0]LogConfig: Setting CVar [[r.SkyAtmosphere.SampleCountMax:128.0]]
[2022.02.24-00.11.14:426][  0]LogConfig: Setting CVar [[r.SkyAtmosphere.TransmittanceLUT.UseSmallFormat:0]]
[2022.02.24-00.11.14:426][  0]LogConfig: Setting CVar [[r.SkyAtmosphere.TransmittanceLUT.SampleCount:10.0]]
[2022.02.24-00.11.14:426][  0]LogConfig: Setting CVar [[r.SkyAtmosphere.MultiScatteringLUT.SampleCount:15.0]]
[2022.02.24-00.11.14:426][  0]LogConfig: Setting CVar [[r.SkyLight.RealTimeReflectionCapture:1]]
[2022.02.24-00.11.14:426][  0]LogConfig: Applying CVar settings from Section [FoliageQuality@3] File [D:/GitHub/GAME259-2022-A/GAME259_A_URE/Saved/Config/Windows/Scalability.ini]
[2022.02.24-00.11.14:426][  0]LogConfig: Setting CVar [[foliage.DensityScale:1.0]]
[2022.02.24-00.11.14:426][  0]LogConfig: Setting CVar [[grass.DensityScale:1.0]]
[2022.02.24-00.11.14:426][  0]LogConfig: Applying CVar settings from Section [ShadingQuality@3] File [D:/GitHub/GAME259-2022-A/GAME259_A_URE/Saved/Config/Windows/Scalability.ini]
[2022.02.24-00.11.14:426][  0]LogConfig: Setting CVar [[r.HairStrands.SkyLighting.IntegrationType:2]]
[2022.02.24-00.11.14:427][  0]LogConfig: Setting CVar [[r.HairStrands.SkyAO.SampleCount:4]]
[2022.02.24-00.11.14:427][  0]LogConfig: Setting CVar [[r.HairStrands.Visibility.MSAA.SamplePerPixel:4]]
[2022.02.24-00.11.14:427][  0]LogInit: Selected Device Profile: [Windows]
[2022.02.24-00.11.14:427][  0]LogInit: Applying CVar settings loaded from the selected device profile: [Windows]
[2022.02.24-00.11.14:427][  0]LogHAL: Display: Platform has ~ 16 GB [17089699840 / 17179869184 / 16], which maps to Larger [LargestMinGB=32, LargerMinGB=12, DefaultMinGB=8, SmallerMinGB=6, SmallestMinGB=0)
[2022.02.24-00.11.14:427][  0]LogInit: Going up to parent DeviceProfile []
[2022.02.24-00.11.14:427][  0]LogConfig: Applying CVar settings from Section [ViewDistanceQuality@3] File [D:/GitHub/GAME259-2022-A/GAME259_A_URE/Saved/Config/Windows/Scalability.ini]
[2022.02.24-00.11.14:427][  0]LogConfig: Setting CVar [[r.SkeletalMeshLODBias:0]]
[2022.02.24-00.11.14:427][  0]LogConfig: Setting CVar [[r.ViewDistanceScale:1.0]]
[2022.02.24-00.11.14:427][  0]LogConfig: Applying CVar settings from Section [AntiAliasingQuality@3] File [D:/GitHub/GAME259-2022-A/GAME259_A_URE/Saved/Config/Windows/Scalability.ini]
[2022.02.24-00.11.14:427][  0]LogConfig: Setting CVar [[r.PostProcessAAQuality:4]]
[2022.02.24-00.11.14:427][  0]LogConfig: Applying CVar settings from Section [ShadowQuality@3] File [D:/GitHub/GAME259-2022-A/GAME259_A_URE/Saved/Config/Windows/Scalability.ini]
[2022.02.24-00.11.14:427][  0]LogConfig: Setting CVar [[r.LightFunctionQuality:1]]
[2022.02.24-00.11.14:427][  0]LogConfig: Setting CVar [[r.ShadowQuality:5]]
[2022.02.24-00.11.14:427][  0]LogConfig: Setting CVar [[r.Shadow.CSM.MaxCascades:10]]
[2022.02.24-00.11.14:427][  0]LogConfig: Setting CVar [[r.Shadow.MaxResolution:2048]]
[2022.02.24-00.11.14:427][  0]LogConfig: Setting CVar [[r.Shadow.MaxCSMResolution:2048]]
[2022.02.24-00.11.14:427][  0]LogConfig: Setting CVar [[r.Shadow.RadiusThreshold:0.01]]
[2022.02.24-00.11.14:427][  0]LogConfig: Setting CVar [[r.Shadow.DistanceScale:1.0]]
[2022.02.24-00.11.14:427][  0]LogConfig: Setting CVar [[r.Shadow.CSM.TransitionScale:1.0]]
[2022.02.24-00.11.14:427][  0]LogConfig: Setting CVar [[r.Shadow.PreShadowResolutionFactor:1.0]]
[2022.02.24-00.11.14:427][  0]LogConfig: Setting CVar [[r.DistanceFieldShadowing:1]]
[2022.02.24-00.11.14:427][  0]LogConfig: Setting CVar [[r.DistanceFieldAO:1]]
[2022.02.24-00.11.14:427][  0]LogConfig: Setting CVar [[r.AOQuality:2]]
[2022.02.24-00.11.14:427][  0]LogConfig: Setting CVar [[r.VolumetricFog:1]]
[2022.02.24-00.11.14:427][  0]LogConfig: Setting CVar [[r.VolumetricFog.GridPixelSize:8]]
[2022.02.24-00.11.14:427][  0]LogConfig: Setting CVar [[r.VolumetricFog.GridSizeZ:128]]
[2022.02.24-00.11.14:427][  0]LogConfig: Setting CVar [[r.VolumetricFog.HistoryMissSupersampleCount:4]]
[2022.02.24-00.11.14:427][  0]LogConfig: Setting CVar [[r.LightMaxDrawDistanceScale:1]]
[2022.02.24-00.11.14:427][  0]LogConfig: Setting CVar [[r.CapsuleShadows:1]]
[2022.02.24-00.11.14:427][  0]LogConfig: Applying CVar settings from Section [PostProcessQuality@3] File [D:/GitHub/GAME259-2022-A/GAME259_A_URE/Saved/Config/Windows/Scalability.ini]
[2022.02.24-00.11.14:427][  0]LogConfig: Setting CVar [[r.MotionBlurQuality:4]]
[2022.02.24-00.11.14:427][  0]LogConfig: Setting CVar [[r.AmbientOcclusionMipLevelFactor:0.4]]
[2022.02.24-00.11.14:427][  0]LogConfig: Setting CVar [[r.AmbientOcclusionMaxQuality:100]]
[2022.02.24-00.11.14:427][  0]LogConfig: Setting CVar [[r.AmbientOcclusionLevels:-1]]
[2022.02.24-00.11.14:427][  0]LogConfig: Setting CVar [[r.AmbientOcclusionRadiusScale:1.0]]
[2022.02.24-00.11.14:427][  0]LogConfig: Setting CVar [[r.DepthOfFieldQuality:2]]
[2022.02.24-00.11.14:427][  0]LogConfig: Setting CVar [[r.RenderTargetPoolMin:400]]
[2022.02.24-00.11.14:427][  0]LogConfig: Setting CVar [[r.LensFlareQuality:2]]
[2022.02.24-00.11.14:427][  0]LogConfig: Setting CVar [[r.SceneColorFringeQuality:1]]
[2022.02.24-00.11.14:427][  0]LogConfig: Setting CVar [[r.EyeAdaptationQuality:2]]
[2022.02.24-00.11.14:427][  0]LogConfig: Setting CVar [[r.BloomQuality:5]]
[2022.02.24-00.11.14:427][  0]LogConfig: Setting CVar [[r.FastBlurThreshold:100]]
[2022.02.24-00.11.14:427][  0]LogConfig: Setting CVar [[r.Upscale.Quality:3]]
[2022.02.24-00.11.14:427][  0]LogConfig: Setting CVar [[r.Tonemapper.GrainQuantization:1]]
[2022.02.24-00.11.14:427][  0]LogConfig: Setting CVar [[r.LightShaftQuality:1]]
[2022.02.24-00.11.14:427][  0]LogConfig: Setting CVar [[r.Filter.SizeScale:1]]
[2022.02.24-00.11.14:427][  0]LogConfig: Setting CVar [[r.Tonemapper.Quality:5]]
[2022.02.24-00.11.14:427][  0]LogConfig: Setting CVar [[r.DOF.Gather.AccumulatorQuality:1        ; higher gathering accumulator quality]]
[2022.02.24-00.11.14:427][  0]LogConfig: Setting CVar [[r.DOF.Gather.PostfilterMethod:1          ; Median3x3 postfilering method]]
[2022.02.24-00.11.14:427][  0]LogConfig: Setting CVar [[r.DOF.Gather.EnableBokehSettings:0       ; no bokeh simulation when gathering]]
[2022.02.24-00.11.14:427][  0]LogConfig: Setting CVar [[r.DOF.Gather.RingCount:4                 ; medium number of samples when gathering]]
[2022.02.24-00.11.14:427][  0]LogConfig: Setting CVar [[r.DOF.Scatter.ForegroundCompositing:1    ; additive foreground scattering]]
[2022.02.24-00.11.14:427][  0]LogConfig: Setting CVar [[r.DOF.Scatter.BackgroundCompositing:2    ; additive background scattering]]
[2022.02.24-00.11.14:427][  0]LogConfig: Setting CVar [[r.DOF.Scatter.EnableBokehSettings:1      ; bokeh simulation when scattering]]
[2022.02.24-00.11.14:427][  0]LogConfig: Setting CVar [[r.DOF.Scatter.MaxSpriteRatio:0.1         ; only a maximum of 10% of scattered bokeh]]
[2022.02.24-00.11.14:427][  0]LogConfig: Setting CVar [[r.DOF.Recombine.Quality:1                ; cheap slight out of focus]]
[2022.02.24-00.11.14:427][  0]LogConfig: Setting CVar [[r.DOF.Recombine.EnableBokehSettings:0    ; no bokeh simulation on slight out of focus]]
[2022.02.24-00.11.14:427][  0]LogConfig: Setting CVar [[r.DOF.TemporalAAQuality:1                ; more stable temporal accumulation]]
[2022.02.24-00.11.14:427][  0]LogConfig: Setting CVar [[r.DOF.Kernel.MaxForegroundRadius:0.025]]
[2022.02.24-00.11.14:427][  0]LogConfig: Setting CVar [[r.DOF.Kernel.MaxBackgroundRadius:0.025]]
[2022.02.24-00.11.14:427][  0]LogConfig: Applying CVar settings from Section [TextureQuality@3] File [D:/GitHub/GAME259-2022-A/GAME259_A_URE/Saved/Config/Windows/Scalability.ini]
[2022.02.24-00.11.14:427][  0]LogConfig: Setting CVar [[r.Streaming.MipBias:0]]
[2022.02.24-00.11.14:427][  0]LogConfig: Setting CVar [[r.Streaming.AmortizeCPUToGPUCopy:0]]
[2022.02.24-00.11.14:427][  0]LogConfig: Setting CVar [[r.Streaming.MaxNumTexturesToStreamPerFrame:0]]
[2022.02.24-00.11.14:427][  0]LogConfig: Setting CVar [[r.Streaming.Boost:1]]
[2022.02.24-00.11.14:427][  0]LogConfig: Setting CVar [[r.MaxAnisotropy:8]]
[2022.02.24-00.11.14:427][  0]LogConfig: Setting CVar [[r.VT.MaxAnisotropy:8]]
[2022.02.24-00.11.14:427][  0]LogConfig: Setting CVar [[r.Streaming.LimitPoolSizeToVRAM:0]]
[2022.02.24-00.11.14:427][  0]LogConfig: Setting CVar [[r.Streaming.PoolSize:1000]]
[2022.02.24-00.11.14:427][  0]LogConfig: Setting CVar [[r.Streaming.MaxEffectiveScreenSize:0]]
[2022.02.24-00.11.14:427][  0]LogConfig: Applying CVar settings from Section [EffectsQuality@3] File [D:/GitHub/GAME259-2022-A/GAME259_A_URE/Saved/Config/Windows/Scalability.ini]
[2022.02.24-00.11.14:427][  0]LogConfig: Setting CVar [[r.TranslucencyLightingVolumeDim:64]]
[2022.02.24-00.11.14:427][  0]LogConfig: Setting CVar [[r.RefractionQuality:2]]
[2022.02.24-00.11.14:427][  0]LogConfig: Setting CVar [[r.SSR.Quality:3]]
[2022.02.24-00.11.14:427][  0]LogConfig: Setting CVar [[r.SSR.HalfResSceneColor:0]]
[2022.02.24-00.11.14:427][  0]LogConfig: Setting CVar [[r.SceneColorFormat:4]]
[2022.02.24-00.11.14:427][  0]LogConfig: Setting CVar [[r.DetailMode:2]]
[2022.02.24-00.11.14:427][  0]LogConfig: Setting CVar [[r.TranslucencyVolumeBlur:1]]
[2022.02.24-00.11.14:427][  0]LogConfig: Setting CVar [[r.MaterialQualityLevel:1 ; High quality]]
[2022.02.24-00.11.14:427][  0]LogConfig: Setting CVar [[r.AnisotropicMaterials:1]]
[2022.02.24-00.11.14:427][  0]LogConfig: Setting CVar [[r.SSS.Scale:1]]
[2022.02.24-00.11.14:427][  0]LogConfig: Setting CVar [[r.SSS.SampleSet:2]]
[2022.02.24-00.11.14:427][  0]LogConfig: Setting CVar [[r.SSS.Quality:1]]
[2022.02.24-00.11.14:427][  0]LogConfig: Setting CVar [[r.SSS.HalfRes:0]]
[2022.02.24-00.11.14:427][  0]LogConfig: Setting CVar [[r.SSGI.Quality:3]]
[2022.02.24-00.11.14:427][  0]LogConfig: Setting CVar [[r.EmitterSpawnRateScale:1.0]]
[2022.02.24-00.11.14:427][  0]LogConfig: Setting CVar [[r.ParticleLightQuality:2]]
[2022.02.24-00.11.14:427][  0]LogConfig: Setting CVar [[r.SkyAtmosphere.AerialPerspectiveLUT.FastApplyOnOpaque:1 ; Always have FastSkyLUT 1 in this case to avoid wrong sky]]
[2022.02.24-00.11.14:427][  0]LogConfig: Setting CVar [[r.SkyAtmosphere.AerialPerspectiveLUT.SampleCountMaxPerSlice:4]]
[2022.02.24-00.11.14:427][  0]LogConfig: Setting CVar [[r.SkyAtmosphere.AerialPerspectiveLUT.DepthResolution:16.0]]
[2022.02.24-00.11.14:427][  0]LogConfig: Setting CVar [[r.SkyAtmosphere.FastSkyLUT:1]]
[2022.02.24-00.11.14:427][  0]LogConfig: Setting CVar [[r.SkyAtmosphere.FastSkyLUT.SampleCountMin:4.0]]
[2022.02.24-00.11.14:427][  0]LogConfig: Setting CVar [[r.SkyAtmosphere.FastSkyLUT.SampleCountMax:128.0]]
[2022.02.24-00.11.14:427][  0]LogConfig: Setting CVar [[r.SkyAtmosphere.SampleCountMin:4.0]]
[2022.02.24-00.11.14:427][  0]LogConfig: Setting CVar [[r.SkyAtmosphere.SampleCountMax:128.0]]
[2022.02.24-00.11.14:427][  0]LogConfig: Setting CVar [[r.SkyAtmosphere.TransmittanceLUT.UseSmallFormat:0]]
[2022.02.24-00.11.14:427][  0]LogConfig: Setting CVar [[r.SkyAtmosphere.TransmittanceLUT.SampleCount:10.0]]
[2022.02.24-00.11.14:427][  0]LogConfig: Setting CVar [[r.SkyAtmosphere.MultiScatteringLUT.SampleCount:15.0]]
[2022.02.24-00.11.14:428][  0]LogConfig: Setting CVar [[r.SkyLight.RealTimeReflectionCapture:1]]
[2022.02.24-00.11.14:428][  0]LogConfig: Applying CVar settings from Section [FoliageQuality@3] File [D:/GitHub/GAME259-2022-A/GAME259_A_URE/Saved/Config/Windows/Scalability.ini]
[2022.02.24-00.11.14:428][  0]LogConfig: Setting CVar [[foliage.DensityScale:1.0]]
[2022.02.24-00.11.14:428][  0]LogConfig: Setting CVar [[grass.DensityScale:1.0]]
[2022.02.24-00.11.14:428][  0]LogConfig: Applying CVar settings from Section [ShadingQuality@3] File [D:/GitHub/GAME259-2022-A/GAME259_A_URE/Saved/Config/Windows/Scalability.ini]
[2022.02.24-00.11.14:428][  0]LogConfig: Setting CVar [[r.HairStrands.SkyLighting.IntegrationType:2]]
[2022.02.24-00.11.14:428][  0]LogConfig: Setting CVar [[r.HairStrands.SkyAO.SampleCount:4]]
[2022.02.24-00.11.14:428][  0]LogConfig: Setting CVar [[r.HairStrands.Visibility.MSAA.SamplePerPixel:4]]
[2022.02.24-00.11.14:428][  0]LogConfig: Applying CVar settings from Section [Startup] File [../../../Engine/Config/ConsoleVariables.ini]
[2022.02.24-00.11.14:428][  0]LogConfig: Setting CVar [[net.UseAdaptiveNetUpdateFrequency:0]]
[2022.02.24-00.11.14:428][  0]LogConfig: Setting CVar [[p.chaos.AllowCreatePhysxBodies:1]]
[2022.02.24-00.11.14:428][  0]LogConfig: Setting CVar [[fx.SkipVectorVMBackendOptimizations:1]]
[2022.02.24-00.11.14:428][  0]LogConfig: Applying CVar settings from Section [ConsoleVariables] File [D:/GitHub/GAME259-2022-A/GAME259_A_URE/Saved/Config/Windows/Engine.ini]
[2022.02.24-00.11.14:428][  0]LogConfig: Applying CVar settings from Section [ConsoleVariables] File [D:/GitHub/GAME259-2022-A/GAME259_A_URE/Saved/Config/Windows/Editor.ini]
[2022.02.24-00.11.14:428][  0]LogInit: Computer: TREVORPC
[2022.02.24-00.11.14:428][  0]LogInit: User: Trevor
[2022.02.24-00.11.14:428][  0]LogInit: CPU Page size=4096, Cores=8
[2022.02.24-00.11.14:428][  0]LogInit: High frequency timer resolution =10.000000 MHz
[2022.02.24-00.11.14:428][  0]LogMemory: Memory total: Physical=15.9GB (16GB approx)
[2022.02.24-00.11.14:428][  0]LogMemory: Platform Memory Stats for Windows
[2022.02.24-00.11.14:428][  0]LogMemory: Process Physical Memory: 143.57 MB used, 143.57 MB peak
[2022.02.24-00.11.14:428][  0]LogMemory: Process Virtual Memory: 127.31 MB used, 127.31 MB peak
[2022.02.24-00.11.14:428][  0]LogMemory: Physical Memory: 6270.96 MB used,  10027.04 MB free, 16298.01 MB total
[2022.02.24-00.11.14:428][  0]LogMemory: Virtual Memory: 134208520.00 MB used,  9210.18 MB free, 134217728.00 MB total
[2022.02.24-00.11.14:430][  0]LogWindows: WindowsPlatformFeatures enabled
[2022.02.24-00.11.14:454][  0]LogInit: Physics initialised using underlying interface: PhysX
[2022.02.24-00.11.14:454][  0]LogInit: Using OS detected language (en-US).
[2022.02.24-00.11.14:454][  0]LogInit: Using OS detected locale (en-CA).
[2022.02.24-00.11.14:455][  0]LogTextLocalizationManager: No specific localization for 'en-US' exists, so the 'en' localization will be used.
[2022.02.24-00.11.14:602][  0]LogWindowsTextInputMethodSystem: Display: IME system deactivated.
[2022.02.24-00.11.14:627][  0]LogSlate: New Slate User Created.  User Index 0, Is Virtual User: 0
[2022.02.24-00.11.14:627][  0]LogSlate: Slate User Registered.  User Index 0, Is Virtual User: 0
[2022.02.24-00.11.14:645][  0]LogD3D11RHI: Loaded GFSDK_Aftermath_Lib.x64.dll
[2022.02.24-00.11.14:647][  0]LogHMD: Failed to enumerate extensions. Please check that you have a valid OpenXR runtime installed.
[2022.02.24-00.11.14:647][  0]LogD3D11RHI: D3D11 min allowed feature level: 11_0
[2022.02.24-00.11.14:647][  0]LogD3D11RHI: D3D11 max allowed feature level: 11_0
[2022.02.24-00.11.14:647][  0]LogD3D11RHI: D3D11 adapters:
[2022.02.24-00.11.14:725][  0]LogD3D11RHI:    0. 'NVIDIA GeForce RTX 2070 SUPER' (Feature Level 11_0)
[2022.02.24-00.11.14:725][  0]LogD3D11RHI:       8011/0/8149 MB DedicatedVideo/DedicatedSystem/SharedSystem, Outputs:2, VendorId:0x10de
[2022.02.24-00.11.14:727][  0]LogD3D11RHI:    1. 'Microsoft Basic Render Driver' (Feature Level 11_0)
[2022.02.24-00.11.14:727][  0]LogD3D11RHI:       0/0/8149 MB DedicatedVideo/DedicatedSystem/SharedSystem, Outputs:0, VendorId:0x1414
[2022.02.24-00.11.14:727][  0]LogD3D11RHI: Chosen D3D11 Adapter:
[2022.02.24-00.11.14:727][  0]LogD3D11RHI:     Description : NVIDIA GeForce RTX 2070 SUPER
[2022.02.24-00.11.14:727][  0]LogD3D11RHI:     VendorId    : 10de
[2022.02.24-00.11.14:727][  0]LogD3D11RHI:     DeviceId    : 1e84
[2022.02.24-00.11.14:727][  0]LogD3D11RHI:     SubSysId    : 373e1462
[2022.02.24-00.11.14:727][  0]LogD3D11RHI:     Revision    : 00a1
[2022.02.24-00.11.14:727][  0]LogD3D11RHI:     DedicatedVideoMemory : 8400142336 bytes
[2022.02.24-00.11.14:727][  0]LogD3D11RHI:     DedicatedSystemMemory : 0 bytes
[2022.02.24-00.11.14:727][  0]LogD3D11RHI:     SharedSystemMemory : 8544849920 bytes
[2022.02.24-00.11.14:727][  0]LogD3D11RHI:     AdapterLuid : 0 47873
[2022.02.24-00.11.14:730][  0]LogD3D11RHI: Creating new Direct3DDevice
[2022.02.24-00.11.14:730][  0]LogD3D11RHI:     GPU DeviceId: 0x1e84 (for the marketing name, search the web for "GPU Device Id")
[2022.02.24-00.11.14:730][  0]LogWindows: EnumDisplayDevices:
[2022.02.24-00.11.14:730][  0]LogWindows:    0. 'NVIDIA GeForce RTX 2070 SUPER' (P:1 D:1)
[2022.02.24-00.11.14:730][  0]LogWindows:    1. 'NVIDIA GeForce RTX 2070 SUPER' (P:0 D:1)
[2022.02.24-00.11.14:730][  0]LogWindows:    2. 'NVIDIA GeForce RTX 2070 SUPER' (P:0 D:0)
[2022.02.24-00.11.14:730][  0]LogWindows:    3. 'NVIDIA GeForce RTX 2070 SUPER' (P:0 D:0)
[2022.02.24-00.11.14:731][  0]LogWindows: DebugString: FoundDriverCount:4 
[2022.02.24-00.11.14:731][  0]LogD3D11RHI:     Adapter Name: NVIDIA GeForce RTX 2070 SUPER
[2022.02.24-00.11.14:731][  0]LogD3D11RHI:   Driver Version: 472.12 (internal:30.0.14.7212, unified:472.12)
[2022.02.24-00.11.14:731][  0]LogD3D11RHI:      Driver Date: 9-13-2021
[2022.02.24-00.11.14:731][  0]LogRHI: Texture pool is 5607 MB (70% of 8011 MB)
[2022.02.24-00.11.14:731][  0]LogD3D11RHI: Creating D3DDevice using adapter:
[2022.02.24-00.11.14:731][  0]LogD3D11RHI:     Description : NVIDIA GeForce RTX 2070 SUPER
[2022.02.24-00.11.14:731][  0]LogD3D11RHI:     VendorId    : 10de
[2022.02.24-00.11.14:731][  0]LogD3D11RHI:     DeviceId    : 1e84
[2022.02.24-00.11.14:731][  0]LogD3D11RHI:     SubSysId    : 373e1462
[2022.02.24-00.11.14:731][  0]LogD3D11RHI:     Revision    : 00a1
[2022.02.24-00.11.14:731][  0]LogD3D11RHI:     DedicatedVideoMemory : 8400142336 bytes
[2022.02.24-00.11.14:731][  0]LogD3D11RHI:     DedicatedSystemMemory : 0 bytes
[2022.02.24-00.11.14:731][  0]LogD3D11RHI:     SharedSystemMemory : 8544849920 bytes
[2022.02.24-00.11.14:731][  0]LogD3D11RHI:     AdapterLuid : 0 47873
[2022.02.24-00.11.14:794][  0]LogD3D11RHI: RHI has support for 64 bit atomics
[2022.02.24-00.11.14:794][  0]LogD3D11RHI: Async texture creation enabled
[2022.02.24-00.11.14:794][  0]LogD3D11RHI: Array index from any shader is supported
[2022.02.24-00.11.14:819][  0]LogD3D11RHI: GPU Timing Frequency: 1000.000000 (Debug: 2 1)
[2022.02.24-00.11.14:849][  0]LogRHI: GeForceNow SDK initialized: 1
[2022.02.24-00.11.15:066][  0]LogTargetPlatformManager: Display: Loaded TargetPlatform 'WindowsNoEditor'
[2022.02.24-00.11.15:069][  0]LogTargetPlatformManager: Display: Loaded TargetPlatform 'Windows'
[2022.02.24-00.11.15:072][  0]LogTargetPlatformManager: Display: Loaded TargetPlatform 'WindowsClient'
[2022.02.24-00.11.15:075][  0]LogTargetPlatformManager: Display: Loaded TargetPlatform 'WindowsServer'
[2022.02.24-00.11.15:075][  0]LogTargetPlatformManager: Display: Building Assets For Windows
[2022.02.24-00.11.15:080][  0]LogAudioDebug: Display: Lib vorbis DLL was dynamically loaded.
[2022.02.24-00.11.15:100][  0]LogTextureFormatOodle: Display: Oodle Texture 2.9.0 init RDO Off
[2022.02.24-00.11.15:121][  0]LogRendererCore: Ray tracing is disabled. Reason: r.RayTracing=0.
[2022.02.24-00.11.15:121][  0]LogShaderCompilers: Guid format shader working directory is -4 characters bigger than the processId version (../../../../../GitHub/GAME259-2022-A/GAME259_A_URE/Intermediate/Shaders/WorkingDirectory/13436/).
[2022.02.24-00.11.15:121][  0]LogShaderCompilers: Cleaned the shader compiler working directory 'C:/Users/Trevor/AppData/Local/Temp/UnrealShaderWorkingDir/D342BDC44917454B5B9CA788CD20BC28/'.
[2022.02.24-00.11.15:121][  0]LogXGEController: Cannot use XGE Controller as Incredibuild is not installed on this machine.
[2022.02.24-00.11.15:121][  0]LogShaderCompilers: Cannot use XGE Shader Compiler as Incredibuild is not installed on this machine.
[2022.02.24-00.11.15:121][  0]LogShaderCompilers: Display: Using Local Shader Compiler.
[2022.02.24-00.11.15:700][  0]LogDerivedDataCache: Display: Max Cache Size: 512 MB
[2022.02.24-00.11.15:746][  0]LogDerivedDataCache: Loaded boot cache 0.05s 103MB C:/Users/Trevor/AppData/Local/UnrealEngine/4.27/DerivedDataCache/Boot.ddc.
[2022.02.24-00.11.15:746][  0]LogDerivedDataCache: Display: Loaded Boot cache: C:/Users/Trevor/AppData/Local/UnrealEngine/4.27/DerivedDataCache/Boot.ddc
[2022.02.24-00.11.15:746][  0]LogDerivedDataCache: FDerivedDataBackendGraph:  Pak pak cache file ../../../../../GitHub/GAME259-2022-A/GAME259_A_URE/DerivedDataCache/DDC.ddp not found, will not use a pak cache.
[2022.02.24-00.11.15:746][  0]LogDerivedDataCache: Unable to find inner node Pak for hierarchical cache Hierarchy.
[2022.02.24-00.11.15:746][  0]LogDerivedDataCache: FDerivedDataBackendGraph:  CompressedPak pak cache file ../../../../../GitHub/GAME259-2022-A/GAME259_A_URE/DerivedDataCache/Compressed.ddp not found, will not use a pak cache.
[2022.02.24-00.11.15:746][  0]LogDerivedDataCache: Unable to find inner node CompressedPak for hierarchical cache Hierarchy.
[2022.02.24-00.11.15:758][  0]LogDerivedDataCache: Display: Pak cache opened for reading ../../../Engine/DerivedDataCache/Compressed.ddp.
[2022.02.24-00.11.15:759][  0]LogDerivedDataCache: FDerivedDataBackendGraph:  EnterprisePak pak cache file ../../../Enterprise/DerivedDataCache/Compressed.ddp not found, will not use a pak cache.
[2022.02.24-00.11.15:759][  0]LogDerivedDataCache: Unable to find inner node EnterprisePak for hierarchical cache Hierarchy.
[2022.02.24-00.11.15:763][  0]LogDerivedDataCache: Speed tests for C:/Users/Trevor/AppData/Local/UnrealEngine/Common/DerivedDataCache took 0.00 seconds
[2022.02.24-00.11.15:763][  0]LogDerivedDataCache: Display: Performance to C:/Users/Trevor/AppData/Local/UnrealEngine/Common/DerivedDataCache: Latency=0.02ms. RandomReadSpeed=1714.66MBs, RandomWriteSpeed=274.50MBs. Assigned SpeedClass 'Local'
[2022.02.24-00.11.15:763][  0]LogDerivedDataCache: Using Local data cache path C:/Users/Trevor/AppData/Local/UnrealEngine/Common/DerivedDataCache: Writable
[2022.02.24-00.11.15:764][  0]LogDerivedDataCache: Shared data cache path not found in *engine.ini, will not use an Shared cache.
[2022.02.24-00.11.15:764][  0]LogDerivedDataCache: Unable to find inner node Shared for hierarchical cache Hierarchy.
[2022.02.24-00.11.15:791][  0]LogSlate: Using FreeType 2.10.0
[2022.02.24-00.11.15:792][  0]LogSlate: SlateFontServices - WITH_FREETYPE: 1, WITH_HARFBUZZ: 1
[2022.02.24-00.11.15:792][  0]LogHMD: Failed to enumerate extensions. Please check that you have a valid OpenXR runtime installed.
[2022.02.24-00.11.15:873][  0]LogInit: Using OS detected language (en-US).
[2022.02.24-00.11.15:873][  0]LogInit: Using OS detected locale (en-CA).
[2022.02.24-00.11.15:874][  0]LogTextLocalizationManager: No localization for 'en-US' exists, so 'en' will be used for the language.
[2022.02.24-00.11.15:874][  0]LogTextLocalizationManager: No localization for 'en-CA' exists, so 'en' will be used for the locale.
[2022.02.24-00.11.15:874][  0]LogSlate: FontCache flush requested. Reason: Culture for localization was changed
[2022.02.24-00.11.15:874][  0]LogSlate: FontCache flush requested. Reason: Culture for localization was changed
[2022.02.24-00.11.15:875][  0]LogTextLocalizationManager: Compacting localization data took   0.00ms
[2022.02.24-00.11.15:876][  0]LogAssetRegistry: FAssetRegistry took 0.0012 seconds to start up
[2022.02.24-00.11.15:995][  0]LogPackageLocalizationCache: Processed 26 localized package path(s) for 1 prioritized culture(s) in 0.000736 seconds
[2022.02.24-00.11.16:040][  0]LogInit: Selected Device Profile: [Windows]
[2022.02.24-00.11.16:040][  0]LogInit: Active device profile: [0000018FCCB39400][0000018FC30F73C0 49] Windows
[2022.02.24-00.11.16:040][  0]LogInit: Profiles: [0000018FCCB39400][0000018FC30F73C0 49] Windows, [0000018FCCAC6400][0000018FC30F3500 49] WindowsNoEditor, [0000018FCCAD3F00][0000018FC30FB640 49] WindowsServer, [0000018FCCB39600][0000018FC32C57C0 49] WindowsClient, [0000018FCCAC7D00][0000018FC32C9940 49] IOS, [0000018FCCAD0A00][0000018FC32CDAC0 49] iPadAir, [0000018FCCAC7200][0000018FC32D00C0 49] iPadAir2, [0000018FCCA80600][0000018FC32D8380 49] IPadPro, [0000018FCCA80700][0000018FC32D43C0 49] iPadAir3, [0000018FCCAD0200][0000018FC32DC540 49] iPadAir4, [0000018FCCA81500][0000018FC32E06C0 49] iPadMini2, [0000018FCCAD3400][0000018FC32E4840 49] iPadMini3, [0000018FCCA82100][0000018FC32E89C0 49] iPadMini4, [0000018FCCAD1200][0000018FC32ECB40 49] iPadMini5, [0000018FCCA67E00][0000018FC32F4E00 49] iPhone6, [0000018FCCA67F00][0000018FC32F0E40 49] iPodTouch6, [0000018FCCB3B400][0000018FC32FD100 49] iPhone7, [0000018FCCB39700][0000018FC32F9140 49] iPodTouch7, [0000018FCCA64700][0000018FC33012C0 49] iPhone5S, [0000018FCCA82B00][0000018FC3305440 49] iPhone6Plus, [0000018FCCA64D00][0000018FC30FF580 49] iPhone6S, [0000018FCCA81800][0000018FC33096C0 49] iPhone6SPlus, [0000018FCCA66400][0000018FC330D800 49] iPhone7Plus, [0000018FCCA82C00][0000018FC4835940 49] iPhoneSE, [0000018FCCA64E00][0000018FC483DAC0 49] iPhone8, [0000018FCCA80A00][0000018FC48400C0 49] iPhone8Plus, [0000018FCCB3B200][0000018FC4844240 49] iPhoneX, [0000018FCCA82800][0000018FC48483C0 49] iPhoneXS, [0000018FCCB39B00][0000018FC484C540 49] iPhoneXSMax, [0000018FCCA80400][0000018FC48506C0 49] iPhoneXR, [0000018FCCB3AD00][0000018FC4854840 49] iPhone11, [0000018FCCA80E00][0000018FC48589C0 49] iPhone11Pro, [0000018FCCB38C00][0000018FC485CB40 49] iPhone11ProMax, [0000018FCCA81700][0000018FC4860CC0 49] iPhoneSE2, [0000018FCCB3A300][0000018FC4864E40 49] iPhone12Mini, [0000018FCCA81600][0000018FC4868FC0 49] iPhone12, [0000018FCCB3A500][0000018FC486D140 49] iPhone12Pro, [0000018FCCA82500][0000018FC48712C0 49] iPhone12ProMax, [0000018FCCB3AA00][0000018FC4875440 49] iPadPro105, [0000018FCCA82700][0000018FC48795C0 49] iPadPro129, [0000018FCCB3AB00][0000018FC4839700 49] iPadPro97, [0000018FCCA83F00][0000018FC487D840 49] iPadPro2_129, [0000018FCCB3AE00][0000018FC4881980 49] iPad5, [0000018FCCA82F00][0000018FC4885AC0 49] iPad6, [0000018FCCB3A800][0000018FC488C0C0 49] iPad7, [0000018FCCA80100][0000018FC8EC2240 49] iPad8, [0000018FCCB3AC00][0000018FC8EC63C0 49] iPadPro11, [0000018FCCA81B00][0000018FC8ECA540 49] iPadPro2_11, [0000018FCCB38100][0000018FC8ECE6C0 49] iPadPro3_129, [0000018FCCA81E00][0000018FC8ED2840 49] iPadPro4_129, [0000018FCCB38800][0000018FC8ED69C0 49] AppleTV, [0000018FCCA80200][0000018FC8EDAB40 49] AppleTV4K, [0000018FCCB3B000][0000018FC8EDECC0 49] TVOS, [0000018FCCA81400][0000018FC8EE2E40 49] Mac, [0000018FCCB38A00][0000018FC8EE6FC0 49] MacClient, [0000018FCCA83800][0000018FC8EEB140 49] MacNoEditor, [0000018FCCB38200][0000018FC8EEF2C0 49] MacServer, [0000018FCCA80B00][0000018FC8EF3440 49] Linux, [0000018FCCB38600][0000018FC8EF75C0 49] LinuxAArch64, [0000018FCCA80300][0000018FC8EFB740 49] LinuxNoEditor, [0000018FCCB39A00][0000018FC8EFF8C0 49] LinuxAArch64NoEditor, [0000018FCCA82400][0000018FC4889A00 49] LinuxClient, [0000018FCCB39D00][0000018FC8F03B40 49] LinuxAArch64Client, [0000018FCCA80C00][0000018FC8F06100 49] LinuxServer, [0000018FCCB38900][0000018FC8F0E280 49] LinuxAArch64Server, [0000018FCCA83700][0000018FC8F12400 49] Android, [0000018FCCB3A200][0000018FC8F16580 49] Android_Low, [0000018FCCAD3A00][0000018FC8F1A700 49] Android_Mid, [0000018FCCA67B00][0000018FC8F1E880 49] Android_High, [0000018FCCAD3200][0000018FC8F22A00 49] Android_Default, [0000018FCCA66000][0000018FC8F26B80 49] Android_Adreno4xx, [0000018FCCAD2400][0000018FC8F2AD00 49] Android_Adreno5xx_Low, [0000018FCCA65600][0000018FC8F2EE80 49] Android_Adreno5xx, [0000018FCCAD2D00][0000018FC8F33000 49] Android_Adreno6xx, [0000018FCCA64200][0000018FC8F37180 49] Android_Adreno6xx_Vulkan, [0000018FCCAD0B00][0000018FC8F3B300 49] Android_Mali_T6xx, [0000018FCCA66900][0000018FC8F3F480 49] Android_Mali_T7xx, [0000018FCCAD1800][0000018FC8F43600 49] Android_Mali_T8xx, [0000018FCCA64600][0000018FC8F47780 49] Android_Mali_G71, [0000018FCCAD3700][0000018FC8F4B900 49] Android_Mali_G72, [0000018FCCA67500][0000018FC8F4FA80 49] Android_Mali_G72_Vulkan, [0000018FCCAD1F00][0000018FC8F0BBC0 49] Android_Mali_G76, [0000018FCCA67300][0000018FC8F52180 49] Android_Mali_G76_Vulkan, [0000018FCCAD1500][0000018FC8F562C0 49] Android_Mali_G77, [0000018FCCA65C00][0000018FC8F5E440 49] Android_Mali_G77_Vulkan, [0000018FCCAD0700][0000018FC8F625C0 49] Android_Mali_G78, [0000018FCCA64F00][0000018FC8F66740 49] Android_Mali_G78_Vulkan, [0000018FCCAD3C00][0000018FC8F6A8C0 49] Android_Mali_G710, [0000018FCCA67700][0000018FC8F6EA40 49] Android_Mali_G710_Vulkan, [0000018FCCAD3B00][0000018FC8F72BC0 49] Android_Vulkan_SM5, [0000018FCCA65D00][0000018FC8F76D40 49] Android_PowerVR_G6xxx, [0000018FCCAD0500][0000018FC8F7AEC0 49] Android_PowerVR_GT7xxx, [0000018FCCA65A00][0000018FC8F7F040 49] Android_PowerVR_GE8xxx, [0000018FCCAD3800][0000018FC8F831C0 49] Android_PowerVR_GM9xxx, [0000018FCCA67400][0000018FC8F87340 49] Android_PowerVR_GM9xxx_Vulkan, [0000018FCCAD2100][0000018FC8F8B4C0 49] Android_TegraK1, [0000018FCCA65B00][0000018FC8F8F640 49] Android_Unknown_Vulkan, [0000018FCCAD1D00][0000018FC8F937C0 49] Lumin, [0000018FCCA66500][0000018FC8F97940 49] Lumin_Desktop, [0000018FCCAD1000][0000018FC8F9BAC0 49] HoloLens, 
[2022.02.24-00.11.16:066][  0]LogMeshReduction: Using QuadricMeshReduction for automatic static mesh reduction
[2022.02.24-00.11.16:066][  0]LogMeshReduction: Using SimplygonMeshReduction for automatic skeletal mesh reduction
[2022.02.24-00.11.16:066][  0]LogMeshReduction: Using ProxyLODMeshReduction for automatic mesh merging
[2022.02.24-00.11.16:066][  0]LogMeshReduction: No distributed automatic mesh merging module available
[2022.02.24-00.11.16:066][  0]LogMeshMerging: No distributed automatic mesh merging module available
[2022.02.24-00.11.16:152][  0]LogNetVersion: GAME259_A_URE 1.0.0, NetCL: 17155196, EngineNetVer: 17, GameNetVer: 0 (Checksum: 2250587433)
[2022.02.24-00.11.16:306][  0]LogTexture: Default maximum texture size for cubemaps generated from long-lat sources has been changed from 512 to unlimited. In order to preserve old behaiour for '/Engine/MapTemplates/Sky/DaylightAmbientCubemap.DaylightAmbientCubemap', its maximum texture size has been explicitly set to 512.
[2022.02.24-00.11.16:343][  0]LogHMD: PokeAHoleMaterial loaded successfully
[2022.02.24-00.11.16:406][  0]LogMoviePlayer: Initializing movie player
[2022.02.24-00.11.16:532][  0]LogPython: Using Python 3.7.7
[2022.02.24-00.11.16:872][  0]LogTcpMessaging: Initializing TcpMessaging bridge
[2022.02.24-00.11.16:875][  0]LogUdpMessaging: Initializing bridge on interface 0.0.0.0:0 to multicast group 230.0.0.1:6666.
[2022.02.24-00.11.16:917][  0]LogNiagaraDebuggerClient: Niagara Debugger Client Initialized | Session: 18591E4149657C0C10D2728321933345 | Instance: 4B4AC15847174C865B2403BE50C73025 (TREVORPC-13436).
[2022.02.24-00.11.16:930][  0]LogCollectionManager: Loaded 0 collections in 0.000618 seconds
[2022.02.24-00.11.16:932][  0]LogFileCache: Scanning file cache for directory 'D:/GitHub/GAME259-2022-A/GAME259_A_URE/Saved/Collections/' took 0.00s
[2022.02.24-00.11.16:932][  0]LogFileCache: Scanning file cache for directory 'D:/GitHub/GAME259-2022-A/GAME259_A_URE/Content/Developers/Trevor/Collections/' took 0.00s
[2022.02.24-00.11.16:932][  0]LogCollectionManager: Fixed up redirectors for 0 collections in 0.000001 seconds (updated 0 objects)
[2022.02.24-00.11.16:948][  0]LogFileCache: Scanning file cache for directory 'D:/GitHub/GAME259-2022-A/GAME259_A_URE/Content/Collections/' took 0.00s
[2022.02.24-00.11.16:948][  0]LogSteamShared: Display: Loading Steam SDK 1.51
[2022.02.24-00.11.16:949][  0]LogSteamShared: Steam SDK Loaded!
[2022.02.24-00.11.17:083][  0]LogUProjectInfo: Found projects:
[2022.02.24-00.11.17:106][  0]SourceControl: Source control is disabled
[2022.02.24-00.11.17:106][  0]SourceControl: Source control is disabled
[2022.02.24-00.11.17:107][  0]SourceControl: Source control is disabled
[2022.02.24-00.11.17:149][  0]LogOpenImageDenoise: OIDN starting up
[2022.02.24-00.11.17:175][  0]LogAndroidPermission: UAndroidPermissionCallbackProxy::GetInstance
[2022.02.24-00.11.17:187][  0]LogAudioCaptureCore: Display: No Audio Capture implementations found. Audio input will be silent.
[2022.02.24-00.11.17:187][  0]LogAudioCaptureCore: Display: No Audio Capture implementations found. Audio input will be silent.
[2022.02.24-00.11.17:238][  0]LogOcInput: OculusInput pre-init called
[2022.02.24-00.11.17:245][  0]LogUObjectArray: 23037 objects as part of root set at end of initial load.
[2022.02.24-00.11.17:245][  0]LogUObjectAllocator: 6396240 out of 0 bytes used by permanent object pool.
[2022.02.24-00.11.17:245][  0]LogUObjectArray: CloseDisregardForGC: 0/0 objects in disregard for GC pool
[2022.02.24-00.11.17:279][  0]LogEngine: Initializing Engine...
[2022.02.24-00.11.17:280][  0]LogHMD: Failed to enumerate extensions. Please check that you have a valid OpenXR runtime installed.
[2022.02.24-00.11.17:280][  0]LogMagicLeap: Warning: VR disabled because ZI is not enabled.  To enable, in the editor, Edit -> Project Settings -> Plugins -> Magic Leap Plugin -> Enable Zero Iteration
[2022.02.24-00.11.17:281][  0]LogStats: UGameplayTagsManager::InitializeManager -  0.000 s
[2022.02.24-00.11.17:346][  0]LogInit: Initializing FReadOnlyCVARCache
[2022.02.24-00.11.17:346][  0]LogAudio: Display: Initializing Audio Device Manager...
[2022.02.24-00.11.17:348][  0]LogAudio: Display: Loading Default Audio Settings Objects...
[2022.02.24-00.11.17:348][  0]LogAudio: Display: No default SoundConcurrencyObject specified (or failed to load).
[2022.02.24-00.11.17:349][  0]LogAudio: Display: Audio Device Manager Initialized
[2022.02.24-00.11.17:349][  0]LogAudio: Display: Creating Audio Device:                 Id: 1, Scope: Shared, Realtime: True
[2022.02.24-00.11.17:349][  0]LogAudioMixer: Display: Audio Mixer Platform Settings:
[2022.02.24-00.11.17:349][  0]LogAudioMixer: Display: 	Sample Rate:						  48000
[2022.02.24-00.11.17:349][  0]LogAudioMixer: Display: 	Callback Buffer Frame Size Requested: 1024
[2022.02.24-00.11.17:349][  0]LogAudioMixer: Display: 	Callback Buffer Frame Size To Use:	  1024
[2022.02.24-00.11.17:349][  0]LogAudioMixer: Display: 	Number of buffers to queue:			  2
[2022.02.24-00.11.17:349][  0]LogAudioMixer: Display: 	Max Channels (voices):				  32
[2022.02.24-00.11.17:349][  0]LogAudioMixer: Display: 	Number of Async Source Workers:		  0
[2022.02.24-00.11.17:349][  0]LogAudio: Display: AudioDevice MaxSources: 32
[2022.02.24-00.11.17:349][  0]LogAudio: Display: Audio Spatialization Plugin: None (built-in).
[2022.02.24-00.11.17:349][  0]LogAudio: Display: Audio Reverb Plugin: None (built-in).
[2022.02.24-00.11.17:349][  0]LogAudio: Display: Audio Occlusion Plugin: None (built-in).
[2022.02.24-00.11.17:349][  0]LogAudioMixer: Display: Initializing audio mixer.
[2022.02.24-00.11.17:359][  0]LogAudioMixer: Display: 0: FrontLeft
[2022.02.24-00.11.17:359][  0]LogAudioMixer: Display: 1: FrontRight
[2022.02.24-00.11.17:371][  0]LogAudioMixer: Display: Using Audio Device Speakers (HyperX Cloud Alpha S Game)
[2022.02.24-00.11.17:374][  0]LogAudioMixer: Display: Initializing Sound Submixes...
[2022.02.24-00.11.17:375][  0]LogAudioMixer: Display: Creating Master Submix 'MasterSubmixDefault'
[2022.02.24-00.11.17:375][  0]LogAudioMixer: Display: Creating Master Submix 'MasterReverbSubmixDefault'
[2022.02.24-00.11.17:376][  0]LogAudioMixer: Display: Creating Master Submix 'MasterEQSubmixDefault'
[2022.02.24-00.11.17:376][  0]LogAudioMixer: FMixerPlatformXAudio2::StartAudioStream() called
[2022.02.24-00.11.17:376][  0]LogAudioMixer: Display: Output buffers initialized: Frames=1024, Channels=2, Samples=2048
[2022.02.24-00.11.17:376][  0]LogAudioMixer: Display: Starting AudioMixerPlatformInterface::RunInternal()
[2022.02.24-00.11.17:376][  0]LogAudioMixer: Display: FMixerPlatformXAudio2::SubmitBuffer() called for the first time
[2022.02.24-00.11.17:376][  0]LogInit: FAudioDevice initialized.
[2022.02.24-00.11.17:378][  0]LogNetVersion: Set ProjectVersion to 1.0.0.0. Version Checksum will be recalculated on next use.
[2022.02.24-00.11.17:380][  0]LogInit: Texture streaming: Enabled
[2022.02.24-00.11.17:690][  0]LogAudio: Display: Audio Device (ID: 1) registered with world 'Untitled'.
[2022.02.24-00.11.17:690][  0]LogSlate: Updating window title bar state: overlay mode, drag disabled, window buttons hidden, title bar hidden
[2022.02.24-00.11.17:690][  0]LogInit: Display: Game Engine Initialized.
[2022.02.24-00.11.17:700][  0]LogNiagaraEditor: GEditor isn't valid! Particle reset commands will not work for Niagara components!
[2022.02.24-00.11.17:741][  0]LogInit: Display: Starting Game.
[2022.02.24-00.11.17:741][  0]LogNet: Browse: /Game/UI/Maps/L_MainMenu?Name=Player
[2022.02.24-00.11.17:741][  0]LogLoad: LoadMap: /Game/UI/Maps/L_MainMenu?Name=Player
[2022.02.24-00.11.17:741][  0]LogWorld: BeginTearingDown for /Temp/Untitled_0
[2022.02.24-00.11.17:742][  0]LogWorld: UWorld::CleanupWorld for Untitled, bSessionEnded=true, bCleanupResources=true
[2022.02.24-00.11.17:742][  0]LogSlate: InvalidateAllWidgets triggered.  All widgets were invalidated
[2022.02.24-00.11.17:745][  0]LogAudio: Display: Audio Device unregistered from world 'None'.
[2022.02.24-00.11.17:747][  0]LogUObjectHash: Compacting FUObjectHashTables data took   0.65ms
[2022.02.24-00.11.17:784][  0]LogAudio: Display: Audio Device (ID: 1) registered with world 'L_MainMenu'.
[2022.02.24-00.11.17:789][  0]LogAIModule: Creating AISystem for world L_MainMenu
[2022.02.24-00.11.17:789][  0]LogLoad: Game class is 'GM_MainMenu_C'
[2022.02.24-00.11.17:790][  0]LogWorld: Bringing World /Game/UI/Maps/L_MainMenu.L_MainMenu up for play (max tick rate 0) at 2022.02.23-19.11.17
[2022.02.24-00.11.17:790][  0]LogWorld: Bringing up level for play took: 0.000294
[2022.02.24-00.11.17:790][  0]LogGameMode: FindPlayerStart: PATHS NOT DEFINED or NO PLAYERSTART with positive rating
[2022.02.24-00.11.17:791][  0]LogLoad: Took 0.050352 seconds to LoadMap(/Game/UI/Maps/L_MainMenu)
[2022.02.24-00.11.17:863][  0]LogSlate: Took 0.000105 seconds to synchronously load lazily loaded font '../../../Engine/Content/Slate/Fonts/Roboto-Regular.ttf' (155K)
[2022.02.24-00.11.17:896][  0]LogRenderer: Reallocating scene render targets to support 1272x688 Format 10 NumSamples 1 (Frame:1).
[2022.02.24-00.11.17:896][  0]LogInit: Display: Engine is initialized. Leaving FEngineLoop::Init()
[2022.02.24-00.11.17:896][  0]LogLoad: (Engine Initialization) Total time: 4.02 seconds
[2022.02.24-00.11.17:896][  0]LogLoad: (Engine Initialization) Total Blueprint compile time: 0.00 seconds
[2022.02.24-00.11.17:898][  0]LogContentStreaming: Texture pool size now 1000 MB
[2022.02.24-00.11.17:900][  0]LogSlate: InvalidateAllWidgets triggered.  All widgets were invalidated
[2022.02.24-00.11.17:960][  1]LogSlate: Took 0.000089 seconds to synchronously load lazily loaded font '../../../Engine/Content/Slate/Fonts/Roboto-Regular.ttf' (155K)
[2022.02.24-00.11.21:807][879]LogPackageName: SearchForPackageOnDisk took   0.042s to resolve ThirdPersonExampleMap.umap.
[2022.02.24-00.11.21:848][879]LogPackageName: SearchForPackageOnDisk took   0.041s to resolve ThirdPersonExampleMap.umap.
[2022.02.24-00.11.21:848][879]LogNet: Browse: /Game/ThirdPersonCPP/Maps/ThirdPersonExampleMap
[2022.02.24-00.11.21:848][879]LogLoad: LoadMap: /Game/ThirdPersonCPP/Maps/ThirdPersonExampleMap
[2022.02.24-00.11.21:848][879]LogWorld: BeginTearingDown for /Game/UI/Maps/L_MainMenu
[2022.02.24-00.11.21:849][879]LogWorld: UWorld::CleanupWorld for L_MainMenu, bSessionEnded=true, bCleanupResources=true
[2022.02.24-00.11.21:849][879]LogSlate: InvalidateAllWidgets triggered.  All widgets were invalidated
[2022.02.24-00.11.21:887][879]LogAudio: Display: Waited 36.970200 ms for audio thread.
[2022.02.24-00.11.21:890][879]LogAudio: Display: Audio Device unregistered from world 'None'.
[2022.02.24-00.11.21:892][879]LogUObjectHash: Compacting FUObjectHashTables data took   0.59ms
[2022.02.24-00.11.21:929][879]LogAudio: Display: Audio Device (ID: 1) registered with world 'ThirdPersonExampleMap'.
[2022.02.24-00.11.21:929][879]LogAIModule: Creating AISystem for world ThirdPersonExampleMap
[2022.02.24-00.11.21:930][879]LogLoad: Game class is 'GAME259_A_UREGameMode'
[2022.02.24-00.11.21:931][879]LogWorld: Bringing World /Game/ThirdPersonCPP/Maps/ThirdPersonExampleMap.ThirdPersonExampleMap up for play (max tick rate 0) at 2022.02.23-19.11.21
[2022.02.24-00.11.21:931][879]LogWorld: Bringing up level for play took: 0.001535
[2022.02.24-00.11.21:979][879]LogLoad: Took 0.130871 seconds to LoadMap(/Game/ThirdPersonCPP/Maps/ThirdPersonExampleMap)
[2022.02.24-00.11.25:394][592]LogWindowsDesktop: Alt-F4 pressed!
[2022.02.24-00.11.25:398][592]LogSlate: Window 'GAME259_A_URE (64-bit Development PCD3D_SM5) ' being destroyed
[2022.02.24-00.11.25:399][592]LogWindowsTextInputMethodSystem: Display: IME system deactivated.
[2022.02.24-00.11.25:401][592]LogWindowsTextInputMethodSystem: Display: IME system deactivated.
[2022.02.24-00.11.25:402][592]LogSlate: Updating window title bar state: overlay mode, drag disabled, window buttons hidden, title bar hidden
[2022.02.24-00.11.25:402][592]LogEngine: All Windows Closed
[2022.02.24-00.11.25:402][592]LogWindows: FPlatformMisc::RequestExit(0)
[2022.02.24-00.11.25:402][592]LogWindows: FPlatformMisc::RequestExitWithStatus(0, 0)
[2022.02.24-00.11.25:402][592]LogCore: Engine exit requested (reason: Win RequestExit)
[2022.02.24-00.11.25:402][593]LogCore: Engine exit requested (reason: EngineExit() was called; note: exit was already requested)
[2022.02.24-00.11.25:402][593]LogInit: Display: PreExit Game.
[2022.02.24-00.11.25:408][593]LogWorld: BeginTearingDown for /Game/ThirdPersonCPP/Maps/ThirdPersonExampleMap
[2022.02.24-00.11.25:408][593]LogWorld: UWorld::CleanupWorld for ThirdPersonExampleMap, bSessionEnded=true, bCleanupResources=true
[2022.02.24-00.11.25:409][593]LogSlate: InvalidateAllWidgets triggered.  All widgets were invalidated
[2022.02.24-00.11.26:285][593]LogAudio: Display: Beginning Audio Device Manager Shutdown (Module: AudioMixerXAudio2)...
[2022.02.24-00.11.26:286][593]LogAudio: Display: Destroying 1 Remaining Audio Device(s)...
[2022.02.24-00.11.26:286][593]LogAudio: Display: Audio Device unregistered from world 'ThirdPersonExampleMap'.
[2022.02.24-00.11.26:317][593]LogAudioMixer: FMixerPlatformXAudio2::StopAudioStream() called
[2022.02.24-00.11.26:317][593]LogAudioMixer: FMixerPlatformXAudio2::StopAudioStream() called
[2022.02.24-00.11.26:319][593]LogAudio: Display: Audio Device Manager Shutdown
[2022.02.24-00.11.26:331][593]LogExit: Preparing to exit.
