Log file open, 02/21/22 15:01:41
LogWindows: Failed to load 'aqProf.dll' (GetLastError=126)
LogWindows: File 'aqProf.dll' does not exist
LogWindows: Failed to load 'VtuneApi.dll' (GetLastError=126)
LogWindows: File 'VtuneApi.dll' does not exist
LogWindows: Failed to load 'VtuneApi32e.dll' (GetLastError=126)
LogWindows: File 'VtuneApi32e.dll' does not exist
LogConsoleResponse: Display: Failed to find resolution value strings in scalability ini. Falling back to default.
LogConsoleResponse: Display: Failed to find resolution value strings in scalability ini. Falling back to default.
LogInit: Display: Running engine for game: GAME259_A_URE
LogPlatformFile: Not using cached read wrapper
LogTaskGraph: Started task graph with 5 named threads and 35 total threads with 3 sets of task threads.
LogStats: Stats thread started at 0.692775
LogICUInternationalization: ICU TimeZone Detection - Raw Offset: -5:00, Platform Override: ''
LogInit: Display: Loading text-based GConfig....
LogPluginManager: Mounting plugin MegascansPlugin
LogPluginManager: Mounting plugin MeshPainting
LogPluginManager: Mounting plugin XGEController
LogPluginManager: Mounting plugin Paper2D
LogPluginManager: Mounting plugin AISupport
LogPluginManager: Mounting plugin EnvironmentQueryEditor
LogPluginManager: Mounting plugin LiveLink
LogPluginManager: Mounting plugin LightPropagationVolume
LogPluginManager: Mounting plugin CameraShakePreviewer
LogPluginManager: Mounting plugin GameplayCameras
LogPluginManager: Mounting plugin OodleData
LogPluginManager: Mounting plugin OodleNetwork
LogPluginManager: Mounting plugin CodeLiteSourceCodeAccess
LogPluginManager: Mounting plugin AnimationSharing
LogPluginManager: Mounting plugin PerforceSourceControl
LogPluginManager: Mounting plugin KDevelopSourceCodeAccess
LogPluginManager: Mounting plugin NullSourceCodeAccess
LogPluginManager: Mounting plugin PixWinPlugin
LogPluginManager: Mounting plugin PluginUtils
LogPluginManager: Mounting plugin PlasticSourceControl
LogPluginManager: Mounting plugin PropertyAccessNode
LogPluginManager: Mounting plugin RiderLink
LogPluginManager: Mounting plugin RiderSourceCodeAccess
LogPluginManager: Mounting plugin SubversionSourceControl
LogPluginManager: Mounting plugin TextureFormatOodle
LogPluginManager: Mounting plugin UObjectPlugin
LogPluginManager: Mounting plugin GitSourceControl
LogPluginManager: Mounting plugin AssetManagerEditor
LogPluginManager: Mounting plugin XCodeSourceCodeAccess
LogPluginManager: Mounting plugin VisualStudioSourceCodeAccess
LogPluginManager: Mounting plugin CryptoKeys
LogPluginManager: Mounting plugin VisualStudioCodeSourceCodeAccess
LogPluginManager: Mounting plugin CurveEditorTools
LogPluginManager: Mounting plugin DataValidation
LogPluginManager: Mounting plugin FacialAnimation
LogPluginManager: Mounting plugin EditorScriptingUtilities
LogPluginManager: Mounting plugin GeometryMode
LogPluginManager: Mounting plugin MaterialAnalyzer
LogPluginManager: Mounting plugin MacGraphicsSwitching
LogPluginManager: Mounting plugin GameplayTagsEditor
LogPluginManager: Mounting plugin PluginBrowser
LogPluginManager: Mounting plugin SpeedTreeImporter
LogPluginManager: Mounting plugin MobileLauncherProfileWizard
LogPluginManager: Mounting plugin DatasmithContent
LogPluginManager: Mounting plugin VariantManagerContent
LogPluginManager: Mounting plugin AlembicImporter
LogPluginManager: Mounting plugin AutomationUtils
LogPluginManager: Mounting plugin BackChannel
LogPluginManager: Mounting plugin ChaosCloth
LogPluginManager: Mounting plugin ChaosClothEditor
LogPluginManager: Mounting plugin ChaosEditor
LogPluginManager: Mounting plugin ChaosNiagara
LogPluginManager: Mounting plugin ChaosSolverPlugin
LogPluginManager: Mounting plugin CharacterAI
LogPluginManager: Mounting plugin CLionSourceCodeAccess
LogPluginManager: Mounting plugin GeometryCache
LogPluginManager: Mounting plugin GeometryProcessing
LogPluginManager: Mounting plugin MotoSynth
LogPluginManager: Mounting plugin OpenImageDenoise
LogPluginManager: Mounting plugin GeometryCollectionPlugin
LogPluginManager: Mounting plugin PlanarCut
LogPluginManager: Mounting plugin PlatformCrypto
LogPluginManager: Mounting plugin SkeletalReduction
LogPluginManager: Mounting plugin PythonScriptPlugin
LogPluginManager: Mounting plugin LuminPlatformFeatures
LogPluginManager: Mounting plugin MagicLeap
LogPluginManager: Mounting plugin Niagara
LogPluginManager: Mounting plugin MagicLeapLightEstimation
LogPluginManager: Mounting plugin MagicLeapMedia
LogPluginManager: Mounting plugin ProxyLODPlugin
LogPluginManager: Mounting plugin MLSDK
LogPluginManager: Mounting plugin AndroidMedia
LogPluginManager: Mounting plugin MagicLeapPassableWorld
LogPluginManager: Mounting plugin AvfMedia
LogPluginManager: Mounting plugin ImgMedia
LogPluginManager: Mounting plugin MediaCompositing
LogPluginManager: Mounting plugin MediaPlayerEditor
LogPluginManager: Mounting plugin WebMMedia
LogPluginManager: Mounting plugin TcpMessaging
LogPluginManager: Mounting plugin ActorSequence
LogPluginManager: Mounting plugin UdpMessaging
LogPluginManager: Mounting plugin LevelSequenceEditor
LogPluginManager: Mounting plugin MatineeToLevelSequence
LogPluginManager: Mounting plugin TemplateSequence
LogPluginManager: Mounting plugin EOSShared
LogPluginManager: Mounting plugin OnlineSubsystem
LogPluginManager: Mounting plugin OnlineSubsystemNull
LogPluginManager: Mounting plugin OnlineSubsystemSteam
LogPluginManager: Mounting plugin WmfMedia
LogPluginManager: Mounting plugin OnlineSubsystemUtils
LogPluginManager: Mounting plugin LauncherChunkInstaller
LogPluginManager: Mounting plugin ActorLayerUtilities
LogPluginManager: Mounting plugin AndroidMoviePlayer
LogPluginManager: Mounting plugin AndroidPermission
LogPluginManager: Mounting plugin AppleImageUtils
LogPluginManager: Mounting plugin AppleMoviePlayer
LogPluginManager: Mounting plugin ArchVisCharacter
LogPluginManager: Mounting plugin AudioCapture
LogPluginManager: Mounting plugin AndroidDeviceProfileSelector
LogPluginManager: Mounting plugin CableComponent
LogPluginManager: Mounting plugin ChunkDownloader
LogPluginManager: Mounting plugin AssetTags
LogPluginManager: Mounting plugin CustomMeshComponent
LogPluginManager: Mounting plugin ExampleDeviceProfileSelector
LogPluginManager: Mounting plugin GoogleCloudMessaging
LogPluginManager: Mounting plugin IOSDeviceProfileSelector
LogPluginManager: Mounting plugin MobilePatchingUtils
LogPluginManager: Mounting plugin LocationServicesBPLibrary
LogPluginManager: Mounting plugin AudioSynesthesia
LogPluginManager: Mounting plugin OpenXR
LogPluginManager: Mounting plugin OpenXRHandTracking
LogPluginManager: Mounting plugin OpenXREyeTracker
LogPluginManager: Mounting plugin PostSplashScreen
LogPluginManager: Mounting plugin PhysXVehicles
LogPluginManager: Mounting plugin ProceduralMeshComponent
LogPluginManager: Mounting plugin SignificanceManager
LogPluginManager: Mounting plugin PropertyAccessEditor
LogPluginManager: Mounting plugin SoundFields
LogPluginManager: Mounting plugin GooglePAD
LogPluginManager: Mounting plugin WebMMoviePlayer
LogPluginManager: Mounting plugin RuntimePhysXCooking
LogPluginManager: Mounting plugin WindowsMoviePlayer
LogPluginManager: Mounting plugin Synthesis
LogPluginManager: Mounting plugin ScreenshotTools
LogPluginManager: Mounting plugin Takes
LogPluginManager: Mounting plugin EditableMesh
LogPluginManager: Mounting plugin LinuxDeviceProfileSelector
LogPluginManager: Mounting plugin ContentBrowserAssetDataSource
LogPluginManager: Mounting plugin ContentBrowserFileDataSource
LogPluginManager: Mounting plugin ContentBrowserClassDataSource
LogPluginManager: Mounting plugin OnlineSubsystemGooglePlay
LogPluginManager: Mounting plugin OnlineSubsystemIOS
LogPluginManager: Mounting plugin EOSVoiceChat
LogPluginManager: Mounting plugin SQLiteCore
LogPluginManager: Mounting plugin SQLiteSupport
LogPluginManager: Mounting plugin DatabaseSupport
LogPluginManager: Mounting plugin OculusVR
LogPluginManager: Mounting plugin SteamShared
PixWinPlugin: PIX capture plugin failed to initialize! Check that the process is launched from PIX.
LogInit: Using libcurl 7.55.1-DEV
LogInit:  - built for x86_64-pc-win32
LogInit:  - supports SSL with OpenSSL/1.1.1
LogInit:  - supports HTTP deflate (compression) using libz 1.2.8
LogInit:  - other features:
LogInit:      CURL_VERSION_SSL
LogInit:      CURL_VERSION_LIBZ
LogInit:      CURL_VERSION_IPV6
LogInit:      CURL_VERSION_ASYNCHDNS
LogInit:      CURL_VERSION_LARGEFILE
LogInit:      CURL_VERSION_IDN
LogInit:  CurlRequestOptions (configurable via config and command line):
LogInit:  - bVerifyPeer = true  - Libcurl will verify peer certificate
LogInit:  - bUseHttpProxy = false  - Libcurl will NOT use HTTP proxy
LogInit:  - bDontReuseConnections = false  - Libcurl will reuse connections
LogInit:  - MaxHostConnections = 16  - Libcurl will limit the number of connections to a host
LogInit:  - LocalHostAddr = Default
LogInit:  - BufferSize = 65536
LogOnline: OSS: Creating online subsystem instance for: NULL
LogInit: WinSock: version 1.1 (2.2), MaxSocks=32767, MaxUdp=65467
LogOnline: OSS: TryLoadSubsystemAndSetDefault: Loaded subsystem for module [NULL]
LogOculusPluginWrapper: OculusPlugin initialized successfully
LogHMD: Failed initializing OVRPlugin 1.59.0
LogInit: Build: ++UE4+Release-4.27-CL-18319896
LogInit: Engine Version: 4.27.2-18319896+++UE4+Release-4.27
LogInit: Compatible Engine Version: 4.27.0-17155196+++UE4+Release-4.27
LogInit: Net CL: 17155196
LogInit: OS: Windows 10 (Release 2009) (), CPU: Intel(R) Core(TM) i7-8700 CPU @ 3.20GHz, GPU: NVIDIA GeForce GTX 1070
LogInit: Compiled (64-bit): Nov 30 2021 07:12:08
LogInit: Compiled with Visual C++: 19.24.28315.00
LogInit: Build Configuration: Development
LogInit: Branch Name: ++UE4+Release-4.27
LogInit: Command Line: -ResX=800 -ResY=900 -WinX=0 -WinY=20 -log -game
LogInit: Base Directory: D:/UE_4.27/Engine/Binaries/Win64/
LogInit: Allocator: TBB
LogInit: Installed Engine Build: 1
LogDevObjectVersion: Number of dev versions registered: 29
LogDevObjectVersion:   Dev-Blueprints (B0D832E4-1F89-4F0D-ACCF-7EB736FD4AA2): 10
LogDevObjectVersion:   Dev-Build (E1C64328-A22C-4D53-A36C-8E866417BD8C): 0
LogDevObjectVersion:   Dev-Core (375EC13C-06E4-48FB-B500-84F0262A717E): 4
LogDevObjectVersion:   Dev-Editor (E4B068ED-F494-42E9-A231-DA0B2E46BB41): 40
LogDevObjectVersion:   Dev-Framework (CFFC743F-43B0-4480-9391-14DF171D2073): 37
LogDevObjectVersion:   Dev-Mobile (B02B49B5-BB20-44E9-A304-32B752E40360): 3
LogDevObjectVersion:   Dev-Networking (A4E4105C-59A1-49B5-A7C5-40C4547EDFEE): 0
LogDevObjectVersion:   Dev-Online (39C831C9-5AE6-47DC-9A44-9C173E1C8E7C): 0
LogDevObjectVersion:   Dev-Physics (78F01B33-EBEA-4F98-B9B4-84EACCB95AA2): 14
LogDevObjectVersion:   Dev-Platform (6631380F-2D4D-43E0-8009-CF276956A95A): 0
LogDevObjectVersion:   Dev-Rendering (12F88B9F-8875-4AFC-A67C-D90C383ABD29): 45
LogDevObjectVersion:   Dev-Sequencer (7B5AE74C-D270-4C10-A958-57980B212A5A): 13
LogDevObjectVersion:   Dev-VR (D7296918-1DD6-4BDD-9DE2-64A83CC13884): 3
LogDevObjectVersion:   Dev-LoadTimes (C2A15278-BFE7-4AFE-6C17-90FF531DF755): 1
LogDevObjectVersion:   Private-Geometry (6EACA3D4-40EC-4CC1-B786-8BED09428FC5): 3
LogDevObjectVersion:   Dev-AnimPhys (29E575DD-E0A3-4627-9D10-D276232CDCEA): 17
LogDevObjectVersion:   Dev-Anim (AF43A65D-7FD3-4947-9873-3E8ED9C1BB05): 15
LogDevObjectVersion:   Dev-ReflectionCapture (6B266CEC-1EC7-4B8F-A30B-E4D90942FC07): 1
LogDevObjectVersion:   Dev-Automation (0DF73D61-A23F-47EA-B727-89E90C41499A): 1
LogDevObjectVersion:   FortniteMain (601D1886-AC64-4F84-AA16-D3DE0DEAC7D6): 47
LogDevObjectVersion:   FortniteRelease (E7086368-6B23-4C58-8439-1B7016265E91): 1
LogDevObjectVersion:   Dev-Enterprise (9DFFBCD6-494F-0158-E221-12823C92A888): 10
LogDevObjectVersion:   Dev-Niagara (F2AED0AC-9AFE-416F-8664-AA7FFA26D6FC): 1
LogDevObjectVersion:   Dev-Destruction (174F1F0B-B4C6-45A5-B13F-2EE8D0FB917D): 10
LogDevObjectVersion:   Dev-Physics-Ext (35F94A83-E258-406C-A318-09F59610247C): 41
LogDevObjectVersion:   Dev-PhysicsMaterial-Chaos (B68FC16E-8B1B-42E2-B453-215C058844FE): 1
LogDevObjectVersion:   Dev-CineCamera (B2E18506-4273-CFC2-A54E-F4BB758BBA07): 1
LogDevObjectVersion:   Dev-VirtualProduction (64F58936-FD1B-42BA-BA96-7289D5D0FA4E): 1
LogDevObjectVersion:   Dev-MediaFramework (6F0ED827-A609-4895-9C91-998D90180EA4): 2
LogInit: Presizing for max 25165824 objects, including 0 objects not considered by GC, pre-allocating 0 bytes for permanent pool.
LogConfig: Applying CVar settings from Section [/Script/Engine.StreamingSettings] File [D:/GitHub/GAME259-2022-A/GAME259_A_URE/Saved/Config/Windows/Engine.ini]
LogConfig: Setting CVar [[s.MinBulkDataSizeForAsyncLoading:131072]]
LogConfig: Setting CVar [[s.AsyncLoadingThreadEnabled:0]]
LogConfig: Setting CVar [[s.EventDrivenLoaderEnabled:1]]
LogConfig: Setting CVar [[s.WarnIfTimeLimitExceeded:0]]
LogConfig: Setting CVar [[s.TimeLimitExceededMultiplier:1.5]]
LogConfig: Setting CVar [[s.TimeLimitExceededMinTime:0.005]]
LogConfig: Setting CVar [[s.UseBackgroundLevelStreaming:1]]
LogConfig: Setting CVar [[s.PriorityAsyncLoadingExtraTime:15.0]]
LogConfig: Setting CVar [[s.LevelStreamingActorsUpdateTimeLimit:5.0]]
LogConfig: Setting CVar [[s.PriorityLevelStreamingActorsUpdateExtraTime:5.0]]
LogConfig: Setting CVar [[s.LevelStreamingComponentsRegistrationGranularity:10]]
LogConfig: Setting CVar [[s.UnregisterComponentsTimeLimit:1.0]]
LogConfig: Setting CVar [[s.LevelStreamingComponentsUnregistrationGranularity:5]]
LogConfig: Setting CVar [[s.FlushStreamingOnExit:1]]
LogInit: Object subsystem initialized
LogConfig: Setting CVar [[con.DebugEarlyDefault:1]]
LogConfig: Setting CVar [[r.setres:1280x720]]
[2022.02.21-20.01.42:945][  0]LogConfig: Setting CVar [[con.DebugEarlyDefault:1]]
[2022.02.21-20.01.42:945][  0]LogConfig: Setting CVar [[r.setres:1280x720]]
[2022.02.21-20.01.42:946][  0]LogConfig: Applying CVar settings from Section [/Script/Engine.RendererSettings] File [D:/GitHub/GAME259-2022-A/GAME259_A_URE/Saved/Config/Windows/Engine.ini]
[2022.02.21-20.01.42:948][  0]LogConfig: Setting CVar [[r.GPUCrashDebugging:0]]
[2022.02.21-20.01.42:952][  0]LogConfig: Applying CVar settings from Section [/Script/Engine.RendererOverrideSettings] File [D:/GitHub/GAME259-2022-A/GAME259_A_URE/Saved/Config/Windows/Engine.ini]
[2022.02.21-20.01.42:953][  0]LogConfig: Applying CVar settings from Section [/Script/Engine.StreamingSettings] File [D:/GitHub/GAME259-2022-A/GAME259_A_URE/Saved/Config/Windows/Engine.ini]
[2022.02.21-20.01.42:954][  0]LogConfig: Setting CVar [[s.MinBulkDataSizeForAsyncLoading:131072]]
[2022.02.21-20.01.42:955][  0]LogConfig: Setting CVar [[s.AsyncLoadingThreadEnabled:0]]
[2022.02.21-20.01.42:956][  0]LogConfig: Setting CVar [[s.EventDrivenLoaderEnabled:1]]
[2022.02.21-20.01.42:956][  0]LogConfig: Setting CVar [[s.WarnIfTimeLimitExceeded:0]]
[2022.02.21-20.01.42:957][  0]LogConfig: Setting CVar [[s.TimeLimitExceededMultiplier:1.5]]
[2022.02.21-20.01.42:958][  0]LogConfig: Setting CVar [[s.TimeLimitExceededMinTime:0.005]]
[2022.02.21-20.01.42:958][  0]LogConfig: Setting CVar [[s.UseBackgroundLevelStreaming:1]]
[2022.02.21-20.01.42:959][  0]LogConfig: Setting CVar [[s.PriorityAsyncLoadingExtraTime:15.0]]
[2022.02.21-20.01.42:960][  0]LogConfig: Setting CVar [[s.LevelStreamingActorsUpdateTimeLimit:5.0]]
[2022.02.21-20.01.42:964][  0]LogConfig: Setting CVar [[s.PriorityLevelStreamingActorsUpdateExtraTime:5.0]]
[2022.02.21-20.01.42:965][  0]LogConfig: Setting CVar [[s.LevelStreamingComponentsRegistrationGranularity:10]]
[2022.02.21-20.01.42:966][  0]LogConfig: Setting CVar [[s.UnregisterComponentsTimeLimit:1.0]]
[2022.02.21-20.01.42:968][  0]LogConfig: Setting CVar [[s.LevelStreamingComponentsUnregistrationGranularity:5]]
[2022.02.21-20.01.42:969][  0]LogConfig: Setting CVar [[s.FlushStreamingOnExit:1]]
[2022.02.21-20.01.42:970][  0]LogConfig: Applying CVar settings from Section [/Script/Engine.GarbageCollectionSettings] File [D:/GitHub/GAME259-2022-A/GAME259_A_URE/Saved/Config/Windows/Engine.ini]
[2022.02.21-20.01.42:971][  0]LogConfig: Setting CVar [[gc.MaxObjectsNotConsideredByGC:1]]
[2022.02.21-20.01.42:971][  0]LogConfig: Setting CVar [[gc.SizeOfPermanentObjectPool:0]]
[2022.02.21-20.01.42:972][  0]LogConfig: Setting CVar [[gc.FlushStreamingOnGC:0]]
[2022.02.21-20.01.42:973][  0]LogConfig: Setting CVar [[gc.NumRetriesBeforeForcingGC:10]]
[2022.02.21-20.01.42:976][  0]LogConfig: Setting CVar [[gc.AllowParallelGC:1]]
[2022.02.21-20.01.42:977][  0]LogConfig: Setting CVar [[gc.TimeBetweenPurgingPendingKillObjects:61.1]]
[2022.02.21-20.01.42:978][  0]LogConfig: Setting CVar [[gc.MaxObjectsInEditor:25165824]]
[2022.02.21-20.01.42:979][  0]LogConfig: Setting CVar [[gc.IncrementalBeginDestroyEnabled:1]]
[2022.02.21-20.01.42:979][  0]LogConfig: Setting CVar [[gc.CreateGCClusters:1]]
[2022.02.21-20.01.42:980][  0]LogConfig: Setting CVar [[gc.MinGCClusterSize:5]]
[2022.02.21-20.01.42:981][  0]LogConfig: Setting CVar [[gc.ActorClusteringEnabled:0]]
[2022.02.21-20.01.42:982][  0]LogConfig: Setting CVar [[gc.BlueprintClusteringEnabled:0]]
[2022.02.21-20.01.42:983][  0]LogConfig: Setting CVar [[gc.UseDisregardForGCOnDedicatedServers:0]]
[2022.02.21-20.01.42:984][  0]LogConfig: Setting CVar [[gc.MultithreadedDestructionEnabled:1]]
[2022.02.21-20.01.42:987][  0]LogConfig: Applying CVar settings from Section [/Script/Engine.NetworkSettings] File [D:/GitHub/GAME259-2022-A/GAME259_A_URE/Saved/Config/Windows/Engine.ini]
[2022.02.21-20.01.42:997][  0]LogConfig: Applying CVar settings from Section [/Script/UnrealEd.CookerSettings] File [D:/GitHub/GAME259-2022-A/GAME259_A_URE/Saved/Config/Windows/Engine.ini]
[2022.02.21-20.01.43:067][  0]LogConfig: Applying CVar settings from Section [ViewDistanceQuality@3] File [D:/GitHub/GAME259-2022-A/GAME259_A_URE/Saved/Config/Windows/Scalability.ini]
[2022.02.21-20.01.43:068][  0]LogConfig: Setting CVar [[r.SkeletalMeshLODBias:0]]
[2022.02.21-20.01.43:069][  0]LogConfig: Setting CVar [[r.ViewDistanceScale:1.0]]
[2022.02.21-20.01.43:070][  0]LogConfig: Applying CVar settings from Section [AntiAliasingQuality@3] File [D:/GitHub/GAME259-2022-A/GAME259_A_URE/Saved/Config/Windows/Scalability.ini]
[2022.02.21-20.01.43:071][  0]LogConfig: Setting CVar [[r.PostProcessAAQuality:4]]
[2022.02.21-20.01.43:072][  0]LogConfig: Applying CVar settings from Section [ShadowQuality@3] File [D:/GitHub/GAME259-2022-A/GAME259_A_URE/Saved/Config/Windows/Scalability.ini]
[2022.02.21-20.01.43:072][  0]LogConfig: Setting CVar [[r.LightFunctionQuality:1]]
[2022.02.21-20.01.43:073][  0]LogConfig: Setting CVar [[r.ShadowQuality:5]]
[2022.02.21-20.01.43:075][  0]LogConfig: Setting CVar [[r.Shadow.CSM.MaxCascades:10]]
[2022.02.21-20.01.43:075][  0]LogConfig: Setting CVar [[r.Shadow.MaxResolution:2048]]
[2022.02.21-20.01.43:076][  0]LogConfig: Setting CVar [[r.Shadow.MaxCSMResolution:2048]]
[2022.02.21-20.01.43:077][  0]LogConfig: Setting CVar [[r.Shadow.RadiusThreshold:0.01]]
[2022.02.21-20.01.43:082][  0]LogConfig: Setting CVar [[r.Shadow.DistanceScale:1.0]]
[2022.02.21-20.01.43:083][  0]LogConfig: Setting CVar [[r.Shadow.CSM.TransitionScale:1.0]]
[2022.02.21-20.01.43:084][  0]LogConfig: Setting CVar [[r.Shadow.PreShadowResolutionFactor:1.0]]
[2022.02.21-20.01.43:085][  0]LogConfig: Setting CVar [[r.DistanceFieldShadowing:1]]
[2022.02.21-20.01.43:086][  0]LogConfig: Setting CVar [[r.DistanceFieldAO:1]]
[2022.02.21-20.01.43:087][  0]LogConfig: Setting CVar [[r.AOQuality:2]]
[2022.02.21-20.01.43:087][  0]LogConfig: Setting CVar [[r.VolumetricFog:1]]
[2022.02.21-20.01.43:088][  0]LogConfig: Setting CVar [[r.VolumetricFog.GridPixelSize:8]]
[2022.02.21-20.01.43:089][  0]LogConfig: Setting CVar [[r.VolumetricFog.GridSizeZ:128]]
[2022.02.21-20.01.43:093][  0]LogConfig: Setting CVar [[r.VolumetricFog.HistoryMissSupersampleCount:4]]
[2022.02.21-20.01.43:094][  0]LogConfig: Setting CVar [[r.LightMaxDrawDistanceScale:1]]
[2022.02.21-20.01.43:095][  0]LogConfig: Setting CVar [[r.CapsuleShadows:1]]
[2022.02.21-20.01.43:096][  0]LogConfig: Applying CVar settings from Section [PostProcessQuality@3] File [D:/GitHub/GAME259-2022-A/GAME259_A_URE/Saved/Config/Windows/Scalability.ini]
[2022.02.21-20.01.43:098][  0]LogConfig: Setting CVar [[r.MotionBlurQuality:4]]
[2022.02.21-20.01.43:098][  0]LogConfig: Setting CVar [[r.AmbientOcclusionMipLevelFactor:0.4]]
[2022.02.21-20.01.43:098][  0]LogConfig: Setting CVar [[r.AmbientOcclusionMaxQuality:100]]
[2022.02.21-20.01.43:099][  0]LogConfig: Setting CVar [[r.AmbientOcclusionLevels:-1]]
[2022.02.21-20.01.43:100][  0]LogConfig: Setting CVar [[r.AmbientOcclusionRadiusScale:1.0]]
[2022.02.21-20.01.43:101][  0]LogConfig: Setting CVar [[r.DepthOfFieldQuality:2]]
[2022.02.21-20.01.43:103][  0]LogConfig: Setting CVar [[r.RenderTargetPoolMin:400]]
[2022.02.21-20.01.43:104][  0]LogConfig: Setting CVar [[r.LensFlareQuality:2]]
[2022.02.21-20.01.43:104][  0]LogConfig: Setting CVar [[r.SceneColorFringeQuality:1]]
[2022.02.21-20.01.43:105][  0]LogConfig: Setting CVar [[r.EyeAdaptationQuality:2]]
[2022.02.21-20.01.43:106][  0]LogConfig: Setting CVar [[r.BloomQuality:5]]
[2022.02.21-20.01.43:107][  0]LogConfig: Setting CVar [[r.FastBlurThreshold:100]]
[2022.02.21-20.01.43:108][  0]LogConfig: Setting CVar [[r.Upscale.Quality:3]]
[2022.02.21-20.01.43:108][  0]LogConfig: Setting CVar [[r.Tonemapper.GrainQuantization:1]]
[2022.02.21-20.01.43:109][  0]LogConfig: Setting CVar [[r.LightShaftQuality:1]]
[2022.02.21-20.01.43:110][  0]LogConfig: Setting CVar [[r.Filter.SizeScale:1]]
[2022.02.21-20.01.43:111][  0]LogConfig: Setting CVar [[r.Tonemapper.Quality:5]]
[2022.02.21-20.01.43:115][  0]LogConfig: Setting CVar [[r.DOF.Gather.AccumulatorQuality:1        ; higher gathering accumulator quality]]
[2022.02.21-20.01.43:116][  0]LogConfig: Setting CVar [[r.DOF.Gather.PostfilterMethod:1          ; Median3x3 postfilering method]]
[2022.02.21-20.01.43:117][  0]LogConfig: Setting CVar [[r.DOF.Gather.EnableBokehSettings:0       ; no bokeh simulation when gathering]]
[2022.02.21-20.01.43:117][  0]LogConfig: Setting CVar [[r.DOF.Gather.RingCount:4                 ; medium number of samples when gathering]]
[2022.02.21-20.01.43:118][  0]LogConfig: Setting CVar [[r.DOF.Scatter.ForegroundCompositing:1    ; additive foreground scattering]]
[2022.02.21-20.01.43:119][  0]LogConfig: Setting CVar [[r.DOF.Scatter.BackgroundCompositing:2    ; additive background scattering]]
[2022.02.21-20.01.43:120][  0]LogConfig: Setting CVar [[r.DOF.Scatter.EnableBokehSettings:1      ; bokeh simulation when scattering]]
[2022.02.21-20.01.43:121][  0]LogConfig: Setting CVar [[r.DOF.Scatter.MaxSpriteRatio:0.1         ; only a maximum of 10% of scattered bokeh]]
[2022.02.21-20.01.43:123][  0]LogConfig: Setting CVar [[r.DOF.Recombine.Quality:1                ; cheap slight out of focus]]
[2022.02.21-20.01.43:124][  0]LogConfig: Setting CVar [[r.DOF.Recombine.EnableBokehSettings:0    ; no bokeh simulation on slight out of focus]]
[2022.02.21-20.01.43:128][  0]LogConfig: Setting CVar [[r.DOF.TemporalAAQuality:1                ; more stable temporal accumulation]]
[2022.02.21-20.01.43:129][  0]LogConfig: Setting CVar [[r.DOF.Kernel.MaxForegroundRadius:0.025]]
[2022.02.21-20.01.43:130][  0]LogConfig: Setting CVar [[r.DOF.Kernel.MaxBackgroundRadius:0.025]]
[2022.02.21-20.01.43:131][  0]LogConfig: Applying CVar settings from Section [TextureQuality@3] File [D:/GitHub/GAME259-2022-A/GAME259_A_URE/Saved/Config/Windows/Scalability.ini]
[2022.02.21-20.01.43:132][  0]LogConfig: Setting CVar [[r.Streaming.MipBias:0]]
[2022.02.21-20.01.43:132][  0]LogConfig: Setting CVar [[r.Streaming.AmortizeCPUToGPUCopy:0]]
[2022.02.21-20.01.43:133][  0]LogConfig: Setting CVar [[r.Streaming.MaxNumTexturesToStreamPerFrame:0]]
[2022.02.21-20.01.43:134][  0]LogConfig: Setting CVar [[r.Streaming.Boost:1]]
[2022.02.21-20.01.43:135][  0]LogConfig: Setting CVar [[r.MaxAnisotropy:8]]
[2022.02.21-20.01.43:136][  0]LogConfig: Setting CVar [[r.VT.MaxAnisotropy:8]]
[2022.02.21-20.01.43:137][  0]LogConfig: Setting CVar [[r.Streaming.LimitPoolSizeToVRAM:0]]
[2022.02.21-20.01.43:141][  0]LogConfig: Setting CVar [[r.Streaming.PoolSize:1000]]
[2022.02.21-20.01.43:142][  0]LogConfig: Setting CVar [[r.Streaming.MaxEffectiveScreenSize:0]]
[2022.02.21-20.01.43:143][  0]LogConfig: Applying CVar settings from Section [EffectsQuality@3] File [D:/GitHub/GAME259-2022-A/GAME259_A_URE/Saved/Config/Windows/Scalability.ini]
[2022.02.21-20.01.43:143][  0]LogConfig: Setting CVar [[r.TranslucencyLightingVolumeDim:64]]
[2022.02.21-20.01.43:144][  0]LogConfig: Setting CVar [[r.RefractionQuality:2]]
[2022.02.21-20.01.43:145][  0]LogConfig: Setting CVar [[r.SSR.Quality:3]]
[2022.02.21-20.01.43:146][  0]LogConfig: Setting CVar [[r.SSR.HalfResSceneColor:0]]
[2022.02.21-20.01.43:146][  0]LogConfig: Setting CVar [[r.SceneColorFormat:4]]
[2022.02.21-20.01.43:147][  0]LogConfig: Setting CVar [[r.DetailMode:2]]
[2022.02.21-20.01.43:148][  0]LogConfig: Setting CVar [[r.TranslucencyVolumeBlur:1]]
[2022.02.21-20.01.43:149][  0]LogConfig: Setting CVar [[r.MaterialQualityLevel:1 ; High quality]]
[2022.02.21-20.01.43:149][  0]LogConfig: Setting CVar [[r.AnisotropicMaterials:1]]
[2022.02.21-20.01.43:151][  0]LogConfig: Setting CVar [[r.SSS.Scale:1]]
[2022.02.21-20.01.43:154][  0]LogConfig: Setting CVar [[r.SSS.SampleSet:2]]
[2022.02.21-20.01.43:155][  0]LogConfig: Setting CVar [[r.SSS.Quality:1]]
[2022.02.21-20.01.43:156][  0]LogConfig: Setting CVar [[r.SSS.HalfRes:0]]
[2022.02.21-20.01.43:156][  0]LogConfig: Setting CVar [[r.SSGI.Quality:3]]
[2022.02.21-20.01.43:158][  0]LogConfig: Setting CVar [[r.EmitterSpawnRateScale:1.0]]
[2022.02.21-20.01.43:158][  0]LogConfig: Setting CVar [[r.ParticleLightQuality:2]]
[2022.02.21-20.01.43:158][  0]LogConfig: Setting CVar [[r.SkyAtmosphere.AerialPerspectiveLUT.FastApplyOnOpaque:1 ; Always have FastSkyLUT 1 in this case to avoid wrong sky]]
[2022.02.21-20.01.43:159][  0]LogConfig: Setting CVar [[r.SkyAtmosphere.AerialPerspectiveLUT.SampleCountMaxPerSlice:4]]
[2022.02.21-20.01.43:160][  0]LogConfig: Setting CVar [[r.SkyAtmosphere.AerialPerspectiveLUT.DepthResolution:16.0]]
[2022.02.21-20.01.43:160][  0]LogConfig: Setting CVar [[r.SkyAtmosphere.FastSkyLUT:1]]
[2022.02.21-20.01.43:161][  0]LogConfig: Setting CVar [[r.SkyAtmosphere.FastSkyLUT.SampleCountMin:4.0]]
[2022.02.21-20.01.43:162][  0]LogConfig: Setting CVar [[r.SkyAtmosphere.FastSkyLUT.SampleCountMax:128.0]]
[2022.02.21-20.01.43:166][  0]LogConfig: Setting CVar [[r.SkyAtmosphere.SampleCountMin:4.0]]
[2022.02.21-20.01.43:167][  0]LogConfig: Setting CVar [[r.SkyAtmosphere.SampleCountMax:128.0]]
[2022.02.21-20.01.43:168][  0]LogConfig: Setting CVar [[r.SkyAtmosphere.TransmittanceLUT.UseSmallFormat:0]]
[2022.02.21-20.01.43:168][  0]LogConfig: Setting CVar [[r.SkyAtmosphere.TransmittanceLUT.SampleCount:10.0]]
[2022.02.21-20.01.43:168][  0]LogConfig: Setting CVar [[r.SkyAtmosphere.MultiScatteringLUT.SampleCount:15.0]]
[2022.02.21-20.01.43:169][  0]LogConfig: Setting CVar [[r.SkyLight.RealTimeReflectionCapture:1]]
[2022.02.21-20.01.43:169][  0]LogConfig: Applying CVar settings from Section [FoliageQuality@3] File [D:/GitHub/GAME259-2022-A/GAME259_A_URE/Saved/Config/Windows/Scalability.ini]
[2022.02.21-20.01.43:170][  0]LogConfig: Setting CVar [[foliage.DensityScale:1.0]]
[2022.02.21-20.01.43:170][  0]LogConfig: Setting CVar [[grass.DensityScale:1.0]]
[2022.02.21-20.01.43:171][  0]LogConfig: Applying CVar settings from Section [ShadingQuality@3] File [D:/GitHub/GAME259-2022-A/GAME259_A_URE/Saved/Config/Windows/Scalability.ini]
[2022.02.21-20.01.43:172][  0]LogConfig: Setting CVar [[r.HairStrands.SkyLighting.IntegrationType:2]]
[2022.02.21-20.01.43:172][  0]LogConfig: Setting CVar [[r.HairStrands.SkyAO.SampleCount:4]]
[2022.02.21-20.01.43:174][  0]LogConfig: Setting CVar [[r.HairStrands.Visibility.MSAA.SamplePerPixel:4]]
[2022.02.21-20.01.43:178][  0]LogInit: Selected Device Profile: [Windows]
[2022.02.21-20.01.43:179][  0]LogInit: Applying CVar settings loaded from the selected device profile: [Windows]
[2022.02.21-20.01.43:180][  0]LogHAL: Display: Platform has ~ 16 GB [17065410560 / 17179869184 / 16], which maps to Larger [LargestMinGB=32, LargerMinGB=12, DefaultMinGB=8, SmallerMinGB=6, SmallestMinGB=0)
[2022.02.21-20.01.43:181][  0]LogInit: Going up to parent DeviceProfile []
[2022.02.21-20.01.43:181][  0]LogConfig: Applying CVar settings from Section [ViewDistanceQuality@3] File [D:/GitHub/GAME259-2022-A/GAME259_A_URE/Saved/Config/Windows/Scalability.ini]
[2022.02.21-20.01.43:181][  0]LogConfig: Setting CVar [[r.SkeletalMeshLODBias:0]]
[2022.02.21-20.01.43:182][  0]LogConfig: Setting CVar [[r.ViewDistanceScale:1.0]]
[2022.02.21-20.01.43:182][  0]LogConfig: Applying CVar settings from Section [AntiAliasingQuality@3] File [D:/GitHub/GAME259-2022-A/GAME259_A_URE/Saved/Config/Windows/Scalability.ini]
[2022.02.21-20.01.43:183][  0]LogConfig: Setting CVar [[r.PostProcessAAQuality:4]]
[2022.02.21-20.01.43:183][  0]LogConfig: Applying CVar settings from Section [ShadowQuality@3] File [D:/GitHub/GAME259-2022-A/GAME259_A_URE/Saved/Config/Windows/Scalability.ini]
[2022.02.21-20.01.43:184][  0]LogConfig: Setting CVar [[r.LightFunctionQuality:1]]
[2022.02.21-20.01.43:185][  0]LogConfig: Setting CVar [[r.ShadowQuality:5]]
[2022.02.21-20.01.43:186][  0]LogConfig: Setting CVar [[r.Shadow.CSM.MaxCascades:10]]
[2022.02.21-20.01.43:187][  0]LogConfig: Setting CVar [[r.Shadow.MaxResolution:2048]]
[2022.02.21-20.01.43:191][  0]LogConfig: Setting CVar [[r.Shadow.MaxCSMResolution:2048]]
[2022.02.21-20.01.43:193][  0]LogConfig: Setting CVar [[r.Shadow.RadiusThreshold:0.01]]
[2022.02.21-20.01.43:193][  0]LogConfig: Setting CVar [[r.Shadow.DistanceScale:1.0]]
[2022.02.21-20.01.43:194][  0]LogConfig: Setting CVar [[r.Shadow.CSM.TransitionScale:1.0]]
[2022.02.21-20.01.43:194][  0]LogConfig: Setting CVar [[r.Shadow.PreShadowResolutionFactor:1.0]]
[2022.02.21-20.01.43:195][  0]LogConfig: Setting CVar [[r.DistanceFieldShadowing:1]]
[2022.02.21-20.01.43:195][  0]LogConfig: Setting CVar [[r.DistanceFieldAO:1]]
[2022.02.21-20.01.43:196][  0]LogConfig: Setting CVar [[r.AOQuality:2]]
[2022.02.21-20.01.43:197][  0]LogConfig: Setting CVar [[r.VolumetricFog:1]]
[2022.02.21-20.01.43:202][  0]LogConfig: Setting CVar [[r.VolumetricFog.GridPixelSize:8]]
[2022.02.21-20.01.43:206][  0]LogConfig: Setting CVar [[r.VolumetricFog.GridSizeZ:128]]
[2022.02.21-20.01.43:207][  0]LogConfig: Setting CVar [[r.VolumetricFog.HistoryMissSupersampleCount:4]]
[2022.02.21-20.01.43:208][  0]LogConfig: Setting CVar [[r.LightMaxDrawDistanceScale:1]]
[2022.02.21-20.01.43:209][  0]LogConfig: Setting CVar [[r.CapsuleShadows:1]]
[2022.02.21-20.01.43:210][  0]LogConfig: Applying CVar settings from Section [PostProcessQuality@3] File [D:/GitHub/GAME259-2022-A/GAME259_A_URE/Saved/Config/Windows/Scalability.ini]
[2022.02.21-20.01.43:211][  0]LogConfig: Setting CVar [[r.MotionBlurQuality:4]]
[2022.02.21-20.01.43:212][  0]LogConfig: Setting CVar [[r.AmbientOcclusionMipLevelFactor:0.4]]
[2022.02.21-20.01.43:212][  0]LogConfig: Setting CVar [[r.AmbientOcclusionMaxQuality:100]]
[2022.02.21-20.01.43:213][  0]LogConfig: Setting CVar [[r.AmbientOcclusionLevels:-1]]
[2022.02.21-20.01.43:214][  0]LogConfig: Setting CVar [[r.AmbientOcclusionRadiusScale:1.0]]
[2022.02.21-20.01.43:217][  0]LogConfig: Setting CVar [[r.DepthOfFieldQuality:2]]
[2022.02.21-20.01.43:218][  0]LogConfig: Setting CVar [[r.RenderTargetPoolMin:400]]
[2022.02.21-20.01.43:218][  0]LogConfig: Setting CVar [[r.LensFlareQuality:2]]
[2022.02.21-20.01.43:219][  0]LogConfig: Setting CVar [[r.SceneColorFringeQuality:1]]
[2022.02.21-20.01.43:220][  0]LogConfig: Setting CVar [[r.EyeAdaptationQuality:2]]
[2022.02.21-20.01.43:221][  0]LogConfig: Setting CVar [[r.BloomQuality:5]]
[2022.02.21-20.01.43:221][  0]LogConfig: Setting CVar [[r.FastBlurThreshold:100]]
[2022.02.21-20.01.43:222][  0]LogConfig: Setting CVar [[r.Upscale.Quality:3]]
[2022.02.21-20.01.43:223][  0]LogConfig: Setting CVar [[r.Tonemapper.GrainQuantization:1]]
[2022.02.21-20.01.43:224][  0]LogConfig: Setting CVar [[r.LightShaftQuality:1]]
[2022.02.21-20.01.43:224][  0]LogConfig: Setting CVar [[r.Filter.SizeScale:1]]
[2022.02.21-20.01.43:225][  0]LogConfig: Setting CVar [[r.Tonemapper.Quality:5]]
[2022.02.21-20.01.43:226][  0]LogConfig: Setting CVar [[r.DOF.Gather.AccumulatorQuality:1        ; higher gathering accumulator quality]]
[2022.02.21-20.01.43:230][  0]LogConfig: Setting CVar [[r.DOF.Gather.PostfilterMethod:1          ; Median3x3 postfilering method]]
[2022.02.21-20.01.43:232][  0]LogConfig: Setting CVar [[r.DOF.Gather.EnableBokehSettings:0       ; no bokeh simulation when gathering]]
[2022.02.21-20.01.43:233][  0]LogConfig: Setting CVar [[r.DOF.Gather.RingCount:4                 ; medium number of samples when gathering]]
[2022.02.21-20.01.43:234][  0]LogConfig: Setting CVar [[r.DOF.Scatter.ForegroundCompositing:1    ; additive foreground scattering]]
[2022.02.21-20.01.43:234][  0]LogConfig: Setting CVar [[r.DOF.Scatter.BackgroundCompositing:2    ; additive background scattering]]
[2022.02.21-20.01.43:235][  0]LogConfig: Setting CVar [[r.DOF.Scatter.EnableBokehSettings:1      ; bokeh simulation when scattering]]
[2022.02.21-20.01.43:236][  0]LogConfig: Setting CVar [[r.DOF.Scatter.MaxSpriteRatio:0.1         ; only a maximum of 10% of scattered bokeh]]
[2022.02.21-20.01.43:236][  0]LogConfig: Setting CVar [[r.DOF.Recombine.Quality:1                ; cheap slight out of focus]]
[2022.02.21-20.01.43:237][  0]LogConfig: Setting CVar [[r.DOF.Recombine.EnableBokehSettings:0    ; no bokeh simulation on slight out of focus]]
[2022.02.21-20.01.43:238][  0]LogConfig: Setting CVar [[r.DOF.TemporalAAQuality:1                ; more stable temporal accumulation]]
[2022.02.21-20.01.43:242][  0]LogConfig: Setting CVar [[r.DOF.Kernel.MaxForegroundRadius:0.025]]
[2022.02.21-20.01.43:242][  0]LogConfig: Setting CVar [[r.DOF.Kernel.MaxBackgroundRadius:0.025]]
[2022.02.21-20.01.43:242][  0]LogConfig: Applying CVar settings from Section [TextureQuality@3] File [D:/GitHub/GAME259-2022-A/GAME259_A_URE/Saved/Config/Windows/Scalability.ini]
[2022.02.21-20.01.43:243][  0]LogConfig: Setting CVar [[r.Streaming.MipBias:0]]
[2022.02.21-20.01.43:244][  0]LogConfig: Setting CVar [[r.Streaming.AmortizeCPUToGPUCopy:0]]
[2022.02.21-20.01.43:245][  0]LogConfig: Setting CVar [[r.Streaming.MaxNumTexturesToStreamPerFrame:0]]
[2022.02.21-20.01.43:245][  0]LogConfig: Setting CVar [[r.Streaming.Boost:1]]
[2022.02.21-20.01.43:246][  0]LogConfig: Setting CVar [[r.MaxAnisotropy:8]]
[2022.02.21-20.01.43:246][  0]LogConfig: Setting CVar [[r.VT.MaxAnisotropy:8]]
[2022.02.21-20.01.43:247][  0]LogConfig: Setting CVar [[r.Streaming.LimitPoolSizeToVRAM:0]]
[2022.02.21-20.01.43:248][  0]LogConfig: Setting CVar [[r.Streaming.PoolSize:1000]]
[2022.02.21-20.01.43:249][  0]LogConfig: Setting CVar [[r.Streaming.MaxEffectiveScreenSize:0]]
[2022.02.21-20.01.43:254][  0]LogConfig: Applying CVar settings from Section [EffectsQuality@3] File [D:/GitHub/GAME259-2022-A/GAME259_A_URE/Saved/Config/Windows/Scalability.ini]
[2022.02.21-20.01.43:255][  0]LogConfig: Setting CVar [[r.TranslucencyLightingVolumeDim:64]]
[2022.02.21-20.01.43:255][  0]LogConfig: Setting CVar [[r.RefractionQuality:2]]
[2022.02.21-20.01.43:255][  0]LogConfig: Setting CVar [[r.SSR.Quality:3]]
[2022.02.21-20.01.43:256][  0]LogConfig: Setting CVar [[r.SSR.HalfResSceneColor:0]]
[2022.02.21-20.01.43:257][  0]LogConfig: Setting CVar [[r.SceneColorFormat:4]]
[2022.02.21-20.01.43:258][  0]LogConfig: Setting CVar [[r.DetailMode:2]]
[2022.02.21-20.01.43:258][  0]LogConfig: Setting CVar [[r.TranslucencyVolumeBlur:1]]
[2022.02.21-20.01.43:259][  0]LogConfig: Setting CVar [[r.MaterialQualityLevel:1 ; High quality]]
[2022.02.21-20.01.43:260][  0]LogConfig: Setting CVar [[r.AnisotropicMaterials:1]]
[2022.02.21-20.01.43:261][  0]LogConfig: Setting CVar [[r.SSS.Scale:1]]
[2022.02.21-20.01.43:262][  0]LogConfig: Setting CVar [[r.SSS.SampleSet:2]]
[2022.02.21-20.01.43:267][  0]LogConfig: Setting CVar [[r.SSS.Quality:1]]
[2022.02.21-20.01.43:267][  0]LogConfig: Setting CVar [[r.SSS.HalfRes:0]]
[2022.02.21-20.01.43:268][  0]LogConfig: Setting CVar [[r.SSGI.Quality:3]]
[2022.02.21-20.01.43:269][  0]LogConfig: Setting CVar [[r.EmitterSpawnRateScale:1.0]]
[2022.02.21-20.01.43:270][  0]LogConfig: Setting CVar [[r.ParticleLightQuality:2]]
[2022.02.21-20.01.43:270][  0]LogConfig: Setting CVar [[r.SkyAtmosphere.AerialPerspectiveLUT.FastApplyOnOpaque:1 ; Always have FastSkyLUT 1 in this case to avoid wrong sky]]
[2022.02.21-20.01.43:271][  0]LogConfig: Setting CVar [[r.SkyAtmosphere.AerialPerspectiveLUT.SampleCountMaxPerSlice:4]]
[2022.02.21-20.01.43:272][  0]LogConfig: Setting CVar [[r.SkyAtmosphere.AerialPerspectiveLUT.DepthResolution:16.0]]
[2022.02.21-20.01.43:273][  0]LogConfig: Setting CVar [[r.SkyAtmosphere.FastSkyLUT:1]]
[2022.02.21-20.01.43:273][  0]LogConfig: Setting CVar [[r.SkyAtmosphere.FastSkyLUT.SampleCountMin:4.0]]
[2022.02.21-20.01.43:274][  0]LogConfig: Setting CVar [[r.SkyAtmosphere.FastSkyLUT.SampleCountMax:128.0]]
[2022.02.21-20.01.43:275][  0]LogConfig: Setting CVar [[r.SkyAtmosphere.SampleCountMin:4.0]]
[2022.02.21-20.01.43:279][  0]LogConfig: Setting CVar [[r.SkyAtmosphere.SampleCountMax:128.0]]
[2022.02.21-20.01.43:280][  0]LogConfig: Setting CVar [[r.SkyAtmosphere.TransmittanceLUT.UseSmallFormat:0]]
[2022.02.21-20.01.43:309][  0]LogConfig: Setting CVar [[r.SkyAtmosphere.TransmittanceLUT.SampleCount:10.0]]
[2022.02.21-20.01.43:312][  0]LogConfig: Setting CVar [[r.SkyAtmosphere.MultiScatteringLUT.SampleCount:15.0]]
[2022.02.21-20.01.43:314][  0]LogConfig: Setting CVar [[r.SkyLight.RealTimeReflectionCapture:1]]
[2022.02.21-20.01.43:315][  0]LogConfig: Applying CVar settings from Section [FoliageQuality@3] File [D:/GitHub/GAME259-2022-A/GAME259_A_URE/Saved/Config/Windows/Scalability.ini]
[2022.02.21-20.01.43:316][  0]LogConfig: Setting CVar [[foliage.DensityScale:1.0]]
[2022.02.21-20.01.43:318][  0]LogConfig: Setting CVar [[grass.DensityScale:1.0]]
[2022.02.21-20.01.43:319][  0]LogConfig: Applying CVar settings from Section [ShadingQuality@3] File [D:/GitHub/GAME259-2022-A/GAME259_A_URE/Saved/Config/Windows/Scalability.ini]
[2022.02.21-20.01.43:321][  0]LogConfig: Setting CVar [[r.HairStrands.SkyLighting.IntegrationType:2]]
[2022.02.21-20.01.43:325][  0]LogConfig: Setting CVar [[r.HairStrands.SkyAO.SampleCount:4]]
[2022.02.21-20.01.43:326][  0]LogConfig: Setting CVar [[r.HairStrands.Visibility.MSAA.SamplePerPixel:4]]
[2022.02.21-20.01.43:327][  0]LogConfig: Applying CVar settings from Section [Startup] File [../../../Engine/Config/ConsoleVariables.ini]
[2022.02.21-20.01.43:328][  0]LogConfig: Setting CVar [[net.UseAdaptiveNetUpdateFrequency:0]]
[2022.02.21-20.01.43:328][  0]LogConfig: Setting CVar [[p.chaos.AllowCreatePhysxBodies:1]]
[2022.02.21-20.01.43:329][  0]LogConfig: Setting CVar [[fx.SkipVectorVMBackendOptimizations:1]]
[2022.02.21-20.01.43:330][  0]LogConfig: Applying CVar settings from Section [ConsoleVariables] File [D:/GitHub/GAME259-2022-A/GAME259_A_URE/Saved/Config/Windows/Engine.ini]
[2022.02.21-20.01.43:330][  0]LogConfig: Applying CVar settings from Section [ConsoleVariables] File [D:/GitHub/GAME259-2022-A/GAME259_A_URE/Saved/Config/Windows/Editor.ini]
[2022.02.21-20.01.43:331][  0]LogInit: Computer: OMEN
[2022.02.21-20.01.43:332][  0]LogInit: User: James
[2022.02.21-20.01.43:334][  0]LogInit: CPU Page size=4096, Cores=6
[2022.02.21-20.01.43:338][  0]LogInit: High frequency timer resolution =10.000000 MHz
[2022.02.21-20.01.43:339][  0]LogMemory: Memory total: Physical=15.9GB (16GB approx)
[2022.02.21-20.01.43:339][  0]LogMemory: Platform Memory Stats for Windows
[2022.02.21-20.01.43:340][  0]LogMemory: Process Physical Memory: 147.96 MB used, 147.96 MB peak
[2022.02.21-20.01.43:341][  0]LogMemory: Process Virtual Memory: 131.88 MB used, 131.88 MB peak
[2022.02.21-20.01.43:342][  0]LogMemory: Physical Memory: 14510.28 MB used,  1764.56 MB free, 16274.84 MB total
[2022.02.21-20.01.43:343][  0]LogMemory: Virtual Memory: 134214248.00 MB used,  3483.70 MB free, 134217728.00 MB total
[2022.02.21-20.01.43:353][  0]LogWindows: WindowsPlatformFeatures enabled
[2022.02.21-20.01.43:419][  0]LogInit: Physics initialised using underlying interface: PhysX
[2022.02.21-20.01.43:420][  0]LogInit: Using OS detected language (en-US).
[2022.02.21-20.01.43:422][  0]LogInit: Using OS detected locale (en-US).
[2022.02.21-20.01.43:428][  0]LogTextLocalizationManager: No specific localization for 'en-US' exists, so the 'en' localization will be used.
[2022.02.21-20.01.43:739][  0]LogWindowsTextInputMethodSystem: Display: IME system deactivated.
[2022.02.21-20.01.43:871][  0]LogSlate: New Slate User Created.  User Index 0, Is Virtual User: 0
[2022.02.21-20.01.43:871][  0]LogSlate: Slate User Registered.  User Index 0, Is Virtual User: 0
[2022.02.21-20.01.43:972][  0]LogD3D11RHI: Loaded GFSDK_Aftermath_Lib.x64.dll
[2022.02.21-20.01.44:060][  0]LogHMD: Optional extension XR_VARJO_quad_views is not available
[2022.02.21-20.01.44:061][  0]LogHMD: Warning: Required extension XR_EXT_eye_gaze_interaction is not available
[2022.02.21-20.01.44:065][  0]LogHMD: Could not enable all required OpenXR extensions for OpenXREyeTracker on current system. This plugin will be loaded but ignored, but will be enabled on a target platform that supports the required extension.
[2022.02.21-20.01.44:569][  0]LogHMD: Failed to get an OpenXR system, result is XR_ERROR_FORM_FACTOR_UNAVAILABLE. Please check that your runtime supports VR headsets.
[2022.02.21-20.01.44:569][  0]LogD3D11RHI: D3D11 min allowed feature level: 11_0
[2022.02.21-20.01.44:572][  0]LogD3D11RHI: D3D11 max allowed feature level: 11_0
[2022.02.21-20.01.44:572][  0]LogD3D11RHI: D3D11 adapters:
[2022.02.21-20.01.44:712][  0]LogD3D11RHI:    0. 'NVIDIA GeForce GTX 1070' (Feature Level 11_0)
[2022.02.21-20.01.44:712][  0]LogD3D11RHI:       8088/0/8137 MB DedicatedVideo/DedicatedSystem/SharedSystem, Outputs:2, VendorId:0x10de
[2022.02.21-20.01.44:718][  0]LogD3D11RHI:    1. 'Microsoft Basic Render Driver' (Feature Level 11_0)
[2022.02.21-20.01.44:718][  0]LogD3D11RHI:       0/0/8137 MB DedicatedVideo/DedicatedSystem/SharedSystem, Outputs:0, VendorId:0x1414
[2022.02.21-20.01.44:719][  0]LogD3D11RHI: Chosen D3D11 Adapter:
[2022.02.21-20.01.44:719][  0]LogD3D11RHI:     Description : NVIDIA GeForce GTX 1070
[2022.02.21-20.01.44:720][  0]LogD3D11RHI:     VendorId    : 10de
[2022.02.21-20.01.44:720][  0]LogD3D11RHI:     DeviceId    : 1b81
[2022.02.21-20.01.44:721][  0]LogD3D11RHI:     SubSysId    : 82fb103c
[2022.02.21-20.01.44:721][  0]LogD3D11RHI:     Revision    : 00a1
[2022.02.21-20.01.44:722][  0]LogD3D11RHI:     DedicatedVideoMemory : 8480882688 bytes
[2022.02.21-20.01.44:722][  0]LogD3D11RHI:     DedicatedSystemMemory : 0 bytes
[2022.02.21-20.01.44:723][  0]LogD3D11RHI:     SharedSystemMemory : 8532705280 bytes
[2022.02.21-20.01.44:727][  0]LogD3D11RHI:     AdapterLuid : 0 89200
[2022.02.21-20.01.44:742][  0]LogD3D11RHI: Creating new Direct3DDevice
[2022.02.21-20.01.44:742][  0]LogD3D11RHI:     GPU DeviceId: 0x1b81 (for the marketing name, search the web for "GPU Device Id")
[2022.02.21-20.01.44:742][  0]LogWindows: EnumDisplayDevices:
[2022.02.21-20.01.44:743][  0]LogWindows:    0. 'NVIDIA GeForce GTX 1070' (P:1 D:1)
[2022.02.21-20.01.44:743][  0]LogWindows:    1. 'NVIDIA GeForce GTX 1070' (P:0 D:1)
[2022.02.21-20.01.44:744][  0]LogWindows:    2. 'NVIDIA GeForce GTX 1070' (P:0 D:0)
[2022.02.21-20.01.44:744][  0]LogWindows:    3. 'NVIDIA GeForce GTX 1070' (P:0 D:0)
[2022.02.21-20.01.44:745][  0]LogWindows: DebugString: FoundDriverCount:4 
[2022.02.21-20.01.44:747][  0]LogD3D11RHI:     Adapter Name: NVIDIA GeForce GTX 1070
[2022.02.21-20.01.44:748][  0]LogD3D11RHI:   Driver Version: 472.08 (internal:30.0.14.7208, unified:472.08)
[2022.02.21-20.01.44:749][  0]LogD3D11RHI:      Driver Date: 9-13-2021
[2022.02.21-20.01.44:749][  0]LogRHI: Texture pool is 5661 MB (70% of 8088 MB)
[2022.02.21-20.01.44:750][  0]LogD3D11RHI: Creating D3DDevice using adapter:
[2022.02.21-20.01.44:750][  0]LogD3D11RHI:     Description : NVIDIA GeForce GTX 1070
[2022.02.21-20.01.44:750][  0]LogD3D11RHI:     VendorId    : 10de
[2022.02.21-20.01.44:751][  0]LogD3D11RHI:     DeviceId    : 1b81
[2022.02.21-20.01.44:751][  0]LogD3D11RHI:     SubSysId    : 82fb103c
[2022.02.21-20.01.44:751][  0]LogD3D11RHI:     Revision    : 00a1
[2022.02.21-20.01.44:752][  0]LogD3D11RHI:     DedicatedVideoMemory : 8480882688 bytes
[2022.02.21-20.01.44:752][  0]LogD3D11RHI:     DedicatedSystemMemory : 0 bytes
[2022.02.21-20.01.44:752][  0]LogD3D11RHI:     SharedSystemMemory : 8532705280 bytes
[2022.02.21-20.01.44:753][  0]LogD3D11RHI:     AdapterLuid : 0 89200
[2022.02.21-20.01.44:870][  0]LogD3D11RHI: RHI has support for 64 bit atomics
[2022.02.21-20.01.44:870][  0]LogD3D11RHI: Async texture creation enabled
[2022.02.21-20.01.44:872][  0]LogD3D11RHI: Array index from any shader is supported
[2022.02.21-20.01.44:874][  0]LogD3D11RHI: HDR output is supported on display 0 (NvId: 0x80061082).
[2022.02.21-20.01.44:900][  0]LogD3D11RHI: GPU Timing Frequency: 1000.000000 (Debug: 2 2)
[2022.02.21-20.01.44:937][  0]LogRHI: GeForceNow SDK initialized: 1
[2022.02.21-20.01.45:401][  0]LogTargetPlatformManager: Display: Loaded TargetPlatform 'WindowsNoEditor'
[2022.02.21-20.01.45:406][  0]LogTargetPlatformManager: Display: Loaded TargetPlatform 'Windows'
[2022.02.21-20.01.45:411][  0]LogTargetPlatformManager: Display: Loaded TargetPlatform 'WindowsClient'
[2022.02.21-20.01.45:415][  0]LogTargetPlatformManager: Display: Loaded TargetPlatform 'WindowsServer'
[2022.02.21-20.01.45:416][  0]LogTargetPlatformManager: Display: Building Assets For Windows
[2022.02.21-20.01.45:421][  0]LogAudioDebug: Display: Lib vorbis DLL was dynamically loaded.
[2022.02.21-20.01.45:441][  0]LogTextureFormatOodle: Display: Oodle Texture 2.9.0 init RDO Off
[2022.02.21-20.01.45:465][  0]LogRendererCore: Ray tracing is disabled. Reason: r.RayTracing=0.
[2022.02.21-20.01.45:466][  0]LogShaderCompilers: Guid format shader working directory is -2 characters bigger than the processId version (../../../../GitHub/GAME259-2022-A/GAME259_A_URE/Intermediate/Shaders/WorkingDirectory/12840/).
[2022.02.21-20.01.45:468][  0]LogShaderCompilers: Cleaned the shader compiler working directory 'C:/Users/James/AppData/Local/Temp/UnrealShaderWorkingDir/91124AF341FB9A512E705CBA32EC5E33/'.
[2022.02.21-20.01.45:469][  0]LogXGEController: Cannot use XGE Controller as Incredibuild is not installed on this machine.
[2022.02.21-20.01.45:469][  0]LogShaderCompilers: Cannot use XGE Shader Compiler as Incredibuild is not installed on this machine.
[2022.02.21-20.01.45:469][  0]LogShaderCompilers: Display: Using Local Shader Compiler.
[2022.02.21-20.01.46:585][  0]LogDerivedDataCache: Display: Max Cache Size: 512 MB
[2022.02.21-20.01.46:692][  0]LogDerivedDataCache: Loaded boot cache 0.11s 86MB C:/Users/James/AppData/Local/UnrealEngine/4.27/DerivedDataCache/Boot.ddc.
[2022.02.21-20.01.46:692][  0]LogDerivedDataCache: Display: Loaded Boot cache: C:/Users/James/AppData/Local/UnrealEngine/4.27/DerivedDataCache/Boot.ddc
[2022.02.21-20.01.46:694][  0]LogDerivedDataCache: FDerivedDataBackendGraph:  Pak pak cache file ../../../../GitHub/GAME259-2022-A/GAME259_A_URE/DerivedDataCache/DDC.ddp not found, will not use a pak cache.
[2022.02.21-20.01.46:694][  0]LogDerivedDataCache: Unable to find inner node Pak for hierarchical cache Hierarchy.
[2022.02.21-20.01.46:695][  0]LogDerivedDataCache: FDerivedDataBackendGraph:  CompressedPak pak cache file ../../../../GitHub/GAME259-2022-A/GAME259_A_URE/DerivedDataCache/Compressed.ddp not found, will not use a pak cache.
[2022.02.21-20.01.46:695][  0]LogDerivedDataCache: Unable to find inner node CompressedPak for hierarchical cache Hierarchy.
[2022.02.21-20.01.46:720][  0]LogDerivedDataCache: Display: Pak cache opened for reading ../../../Engine/DerivedDataCache/Compressed.ddp.
[2022.02.21-20.01.46:722][  0]LogDerivedDataCache: FDerivedDataBackendGraph:  EnterprisePak pak cache file ../../../Enterprise/DerivedDataCache/Compressed.ddp not found, will not use a pak cache.
[2022.02.21-20.01.46:725][  0]LogDerivedDataCache: Unable to find inner node EnterprisePak for hierarchical cache Hierarchy.
[2022.02.21-20.01.46:736][  0]LogDerivedDataCache: Speed tests for C:/Users/James/AppData/Local/UnrealEngine/Common/DerivedDataCache took 0.01 seconds
[2022.02.21-20.01.46:738][  0]LogDerivedDataCache: Display: Performance to C:/Users/James/AppData/Local/UnrealEngine/Common/DerivedDataCache: Latency=0.05ms. RandomReadSpeed=843.10MBs, RandomWriteSpeed=91.95MBs. Assigned SpeedClass 'Local'
[2022.02.21-20.01.46:745][  0]LogDerivedDataCache: Using Local data cache path C:/Users/James/AppData/Local/UnrealEngine/Common/DerivedDataCache: Writable
[2022.02.21-20.01.46:745][  0]LogDerivedDataCache: Shared data cache path not found in *engine.ini, will not use an Shared cache.
[2022.02.21-20.01.46:746][  0]LogDerivedDataCache: Unable to find inner node Shared for hierarchical cache Hierarchy.
[2022.02.21-20.01.46:805][  0]LogSlate: Using FreeType 2.10.0
[2022.02.21-20.01.46:806][  0]LogSlate: SlateFontServices - WITH_FREETYPE: 1, WITH_HARFBUZZ: 1
[2022.02.21-20.01.47:309][  0]LogHMD: Failed to get an OpenXR system, result is XR_ERROR_FORM_FACTOR_UNAVAILABLE. Please check that your runtime supports VR headsets.
[2022.02.21-20.01.47:430][  0]LogInit: Using OS detected language (en-US).
[2022.02.21-20.01.47:430][  0]LogInit: Using OS detected locale (en-US).
[2022.02.21-20.01.47:432][  0]LogTextLocalizationManager: No localization for 'en-US' exists, so 'en' will be used for the language.
[2022.02.21-20.01.47:432][  0]LogTextLocalizationManager: No localization for 'en-US' exists, so 'en' will be used for the locale.
[2022.02.21-20.01.47:433][  0]LogSlate: FontCache flush requested. Reason: Culture for localization was changed
[2022.02.21-20.01.47:433][  0]LogSlate: FontCache flush requested. Reason: Culture for localization was changed
[2022.02.21-20.01.47:438][  0]LogTextLocalizationManager: Compacting localization data took   0.01ms
[2022.02.21-20.01.47:438][  0]LogAssetRegistry: FAssetRegistry took 0.0025 seconds to start up
[2022.02.21-20.01.47:696][  0]LogPackageLocalizationCache: Processed 27 localized package path(s) for 1 prioritized culture(s) in 0.040750 seconds
[2022.02.21-20.01.47:794][  0]LogInit: Selected Device Profile: [Windows]
[2022.02.21-20.01.47:794][  0]LogInit: Active device profile: [00000251AB289C00][00000251A23146C0 49] Windows
[2022.02.21-20.01.47:796][  0]LogInit: Profiles: [00000251AB289C00][00000251A23146C0 49] Windows, [00000251AB253400][00000251A2E46840 49] WindowsNoEditor, [00000251AB28BB00][00000251A2E4A9C0 49] WindowsServer, [00000251AB250800][00000251A2E4EB40 49] WindowsClient, [00000251AB288900][00000251A2E52CC0 49] IOS, [00000251AB252900][00000251A2E56E40 49] iPadAir, [00000251AB28AF00][00000251A2E5AFC0 49] iPadAir2, [00000251AB1F1300][00000251A2E63280 49] IPadPro, [00000251AB1F1400][00000251A2E5F2C0 49] iPadAir3, [00000251AB289400][00000251A2E43400 49] iPadAir4, [00000251AB1F2B00][00000251A2E67540 49] iPadMini2, [00000251AB28A200][00000251A2E6B680 49] iPadMini3, [00000251AB1F1E00][00000251A2E73800 49] iPadMini4, [00000251AB288E00][00000251A2E77980 49] iPadMini5, [00000251AB211000][00000251A2F120C0 49] iPhone6, [00000251AB211100][00000251A2F0E100 49] iPodTouch6, [00000251AB251200][00000251A2F1A3C0 49] iPhone7, [00000251AB251300][00000251A2F16400 49] iPodTouch7, [00000251AB1F2200][00000251A2F1E580 49] iPhone5S, [00000251AB1F1D00][00000251A2F22700 49] iPhone6Plus, [00000251AB213100][00000251A2F26880 49] iPhone6S, [00000251AB1F2600][00000251A2F2AA00 49] iPhone6SPlus, [00000251AB213000][00000251A2F2EB80 49] iPhone7Plus, [00000251AB213500][00000251A2F32D00 49] iPhoneSE, [00000251AB251E00][00000251A2F36E80 49] iPhone8, [00000251AB1F1700][00000251A2F3B000 49] iPhone8Plus, [00000251AB253900][00000251A2F3F180 49] iPhoneX, [00000251AB1F2E00][00000251A2F43300 49] iPhoneXS, [00000251AB252200][00000251A2F47480 49] iPhoneXSMax, [00000251AB1F0700][00000251A2E6F5C0 49] iPhoneXR, [00000251AB250100][00000251A2F4B700 49] iPhone11, [00000251AB1F3B00][00000251A2F4F840 49] iPhone11Pro, [00000251AB252800][00000251A2F579C0 49] iPhone11ProMax, [00000251AB1F2C00][00000251A2C4FB40 49] iPhoneSE2, [00000251AB250500][00000251A2C52140 49] iPhone12Mini, [00000251AB1F2100][00000251A2C562C0 49] iPhone12, [00000251AB252C00][00000251A2C5A440 49] iPhone12Pro, [00000251AB1F3700][00000251A2C5E5C0 49] iPhone12ProMax, [00000251AB252300][00000251A2C62740 49] iPadPro105, [00000251AB1F3900][00000251A2C668C0 49] iPadPro129, [00000251AB251900][00000251A2C6AA40 49] iPadPro97, [00000251AB1F1000][00000251A2C6EBC0 49] iPadPro2_129, [00000251AB252700][00000251A2C72D40 49] iPad5, [00000251AB1F3600][00000251A2C76EC0 49] iPad6, [00000251AB252E00][00000251A2C7B040 49] iPad7, [00000251AB1F0600][00000251A2C7F1C0 49] iPad8, [00000251AB251B00][00000251A2C83340 49] iPadPro11, [00000251AB1F0100][00000251A2C874C0 49] iPadPro2_11, [00000251AB253100][00000251A2C8B640 49] iPadPro3_129, [00000251AB1F2D00][00000251A2F53780 49] iPadPro4_129, [00000251AB250D00][00000251A2C8F8C0 49] AppleTV, [00000251AB1F3800][00000251A2C93A00 49] AppleTV4K, [00000251AB251100][00000251A2C97B40 49] TVOS, [00000251AB1F3D00][00000251A2C9E140 49] Mac, [00000251AB252100][00000251A2CA22C0 49] MacClient, [00000251AB1F0B00][00000251A2CA6440 49] MacNoEditor, [00000251AB251F00][00000251A2CAA5C0 49] MacServer, [00000251AB1F1F00][00000251A2CAE740 49] Linux, [00000251AB253D00][00000251A2CB28C0 49] LinuxAArch64, [00000251AB1F0E00][00000251A2CB6A40 49] LinuxNoEditor, [00000251AB252400][00000251A2CBABC0 49] LinuxAArch64NoEditor, [00000251AB1F0300][00000251A2CBED40 49] LinuxClient, [00000251AB250300][00000251A2CC2EC0 49] LinuxAArch64Client, [00000251AB1F0400][00000251A2CC7040 49] LinuxServer, [00000251AB250700][00000251A2CCB1C0 49] LinuxAArch64Server, [00000251AB1F3300][00000251A2CCF340 49] Android, [00000251AB253B00][00000251A2CD34C0 49] Android_Low, [00000251AB1F2900][00000251A2CD7640 49] Android_Mid, [00000251AB251500][00000251A2CDB7C0 49] Android_High, [00000251AB1F3100][00000251A2C9B900 49] Android_Default, [00000251AB252F00][00000251A2CDFA40 49] Android_Adreno4xx, [00000251AB1F3000][00000251A2CE3B80 49] Android_Adreno5xx_Low, [00000251AB251C00][00000251A2CE6140 49] Android_Adreno5xx, [00000251AB1F1600][00000251A2CEE2C0 49] Android_Adreno6xx, [00000251AB252600][00000251A2CF2440 49] Android_Adreno6xx_Vulkan, [00000251AB1F3F00][00000251A2CF65C0 49] Android_Mali_T6xx, [00000251AB252500][00000251A2CFA740 49] Android_Mali_T7xx, [00000251AB1F1800][00000251A26AE8C0 49] Android_Mali_T8xx, [00000251AB253600][00000251A26B2A40 49] Android_Mali_G71, [00000251AB1F3C00][00000251A26B6BC0 49] Android_Mali_G72, [00000251AB250200][00000251A26BAD40 49] Android_Mali_G72_Vulkan, [00000251AB1F1100][00000251A26BEEC0 49] Android_Mali_G76, [00000251AB253200][00000251A26C3040 49] Android_Mali_G76_Vulkan, [00000251AB1F3200][00000251A26C71C0 49] Android_Mali_G77, [00000251AB251A00][00000251A26CB340 49] Android_Mali_G77_Vulkan, [00000251AB1F2500][00000251A26CF4C0 49] Android_Mali_G78, [00000251AB251000][00000251A26D3640 49] Android_Mali_G78_Vulkan, [00000251AB28BE00][00000251A26D77C0 49] Android_Mali_G710, [00000251AB210B00][00000251A26DB940 49] Android_Mali_G710_Vulkan, [00000251AB288800][00000251A26DFAC0 49] Android_Vulkan_SM5, [00000251AB210C00][00000251A2CEBC00 49] Android_PowerVR_G6xxx, [00000251AB28B400][00000251A26E21C0 49] Android_PowerVR_GT7xxx, [00000251AB212C00][00000251A26E6300 49] Android_PowerVR_GE8xxx, [00000251AB289E00][00000251A26EE480 49] Android_PowerVR_GM9xxx, [00000251AB211200][00000251A26F2600 49] Android_PowerVR_GM9xxx_Vulkan, [00000251AB28BF00][00000251A26F6780 49] Android_TegraK1, [00000251AB213E00][00000251A26FA900 49] Android_Unknown_Vulkan, [00000251AB28AE00][00000251A26FEA80 49] Lumin, [00000251AB212700][00000251A2702C00 49] Lumin_Desktop, [00000251AB28B900][00000251A2706D80 49] HoloLens, 
[2022.02.21-20.01.47:840][  0]LogMeshReduction: Using QuadricMeshReduction for automatic static mesh reduction
[2022.02.21-20.01.47:840][  0]LogMeshReduction: Using SimplygonMeshReduction for automatic skeletal mesh reduction
[2022.02.21-20.01.47:842][  0]LogMeshReduction: Using ProxyLODMeshReduction for automatic mesh merging
[2022.02.21-20.01.47:843][  0]LogMeshReduction: No distributed automatic mesh merging module available
[2022.02.21-20.01.47:844][  0]LogMeshMerging: No distributed automatic mesh merging module available
[2022.02.21-20.01.48:039][  0]LogNetVersion: GAME259_A_URE 1.0.0, NetCL: 17155196, EngineNetVer: 17, GameNetVer: 0 (Checksum: 2250587433)
[2022.02.21-20.01.48:365][  0]LogTexture: Default maximum texture size for cubemaps generated from long-lat sources has been changed from 512 to unlimited. In order to preserve old behaiour for '/Engine/MapTemplates/Sky/DaylightAmbientCubemap.DaylightAmbientCubemap', its maximum texture size has been explicitly set to 512.
[2022.02.21-20.01.48:451][  0]LogHMD: PokeAHoleMaterial loaded successfully
[2022.02.21-20.01.48:579][  0]LogMoviePlayer: Initializing movie player
[2022.02.21-20.01.48:705][  0]LogPython: Using Python 3.7.7
[2022.02.21-20.01.49:483][  0]LogNiagaraDebuggerClient: Niagara Debugger Client Initialized | Session: 874D55064A9845146F58CEA451DF665F | Instance: 005CA86A4A67593D8BE1AD9BA682C959 (OMEN-12840).
[2022.02.21-20.01.49:502][  0]LogCollectionManager: Loaded 0 collections in 0.001526 seconds
[2022.02.21-20.01.49:508][  0]LogFileCache: Scanning file cache for directory 'D:/GitHub/GAME259-2022-A/GAME259_A_URE/Saved/Collections/' took 0.00s
[2022.02.21-20.01.49:508][  0]LogFileCache: Scanning file cache for directory 'D:/GitHub/GAME259-2022-A/GAME259_A_URE/Content/Developers/James/Collections/' took 0.00s
[2022.02.21-20.01.49:509][  0]LogFileCache: Scanning file cache for directory 'D:/GitHub/GAME259-2022-A/GAME259_A_URE/Content/Collections/' took 0.00s
[2022.02.21-20.01.49:510][  0]LogCollectionManager: Fixed up redirectors for 0 collections in 0.000003 seconds (updated 0 objects)
[2022.02.21-20.01.49:631][  0]LogSteamShared: Display: Loading Steam SDK 1.51
[2022.02.21-20.01.49:633][  0]LogSteamShared: Steam SDK Loaded!
[2022.02.21-20.01.49:967][  0]SourceControl: Source control is disabled
[2022.02.21-20.01.49:969][  0]SourceControl: Source control is disabled
[2022.02.21-20.01.49:973][  0]SourceControl: Source control is disabled
[2022.02.21-20.01.49:988][  0]LogUProjectInfo: Found projects:
[2022.02.21-20.01.50:063][  0]LogOpenImageDenoise: OIDN starting up
[2022.02.21-20.01.50:119][  0]LogAndroidPermission: UAndroidPermissionCallbackProxy::GetInstance
[2022.02.21-20.01.50:141][  0]LogAudioCaptureCore: Display: No Audio Capture implementations found. Audio input will be silent.
[2022.02.21-20.01.50:141][  0]LogAudioCaptureCore: Display: No Audio Capture implementations found. Audio input will be silent.
[2022.02.21-20.01.50:243][  0]LogOcInput: OculusInput pre-init called
[2022.02.21-20.01.50:257][  0]LogUObjectArray: 23049 objects as part of root set at end of initial load.
[2022.02.21-20.01.50:257][  0]LogUObjectAllocator: 6399616 out of 0 bytes used by permanent object pool.
[2022.02.21-20.01.50:258][  0]LogUObjectArray: CloseDisregardForGC: 0/0 objects in disregard for GC pool
[2022.02.21-20.01.50:324][  0]LogClass: Display: IntProperty FServerInfo::CurrentPlayers is not initialized properly. Module:GAME259_A_URE File:GameInstance_GAME259_A_URE.h
[2022.02.21-20.01.50:324][  0]LogClass: Display: IntProperty FServerInfo::MaxPlayers is not initialized properly. Module:GAME259_A_URE File:GameInstance_GAME259_A_URE.h
[2022.02.21-20.01.50:325][  0]LogClass: Display: IntProperty FServerInfo::ServerArrayIndex is not initialized properly. Module:GAME259_A_URE File:GameInstance_GAME259_A_URE.h
[2022.02.21-20.01.50:326][  0]LogClass: Display: 3 Uninitialized script struct members found including 0 object properties
[2022.02.21-20.01.50:326][  0]LogEngine: Initializing Engine...
[2022.02.21-20.01.50:830][  0]LogHMD: Failed to get an OpenXR system, result is XR_ERROR_FORM_FACTOR_UNAVAILABLE. Please check that your runtime supports VR headsets.
[2022.02.21-20.01.50:830][  0]LogMagicLeap: Warning: VR disabled because ZI is not enabled.  To enable, in the editor, Edit -> Project Settings -> Plugins -> Magic Leap Plugin -> Enable Zero Iteration
[2022.02.21-20.01.50:835][  0]LogStats: UGameplayTagsManager::InitializeManager -  0.001 s
[2022.02.21-20.01.50:993][  0]LogInit: Initializing FReadOnlyCVARCache
[2022.02.21-20.01.50:994][  0]LogAudio: Display: Initializing Audio Device Manager...
[2022.02.21-20.01.51:002][  0]LogAudio: Display: Loading Default Audio Settings Objects...
[2022.02.21-20.01.51:004][  0]LogAudio: Display: No default SoundConcurrencyObject specified (or failed to load).
[2022.02.21-20.01.51:006][  0]LogAudio: Display: Audio Device Manager Initialized
[2022.02.21-20.01.51:007][  0]LogAudio: Display: Creating Audio Device:                 Id: 1, Scope: Shared, Realtime: True
[2022.02.21-20.01.51:014][  0]LogAudioMixer: Display: Audio Mixer Platform Settings:
[2022.02.21-20.01.51:014][  0]LogAudioMixer: Display: 	Sample Rate:						  48000
[2022.02.21-20.01.51:016][  0]LogAudioMixer: Display: 	Callback Buffer Frame Size Requested: 1024
[2022.02.21-20.01.51:016][  0]LogAudioMixer: Display: 	Callback Buffer Frame Size To Use:	  1024
[2022.02.21-20.01.51:018][  0]LogAudioMixer: Display: 	Number of buffers to queue:			  2
[2022.02.21-20.01.51:019][  0]LogAudioMixer: Display: 	Max Channels (voices):				  32
[2022.02.21-20.01.51:020][  0]LogAudioMixer: Display: 	Number of Async Source Workers:		  0
[2022.02.21-20.01.51:024][  0]LogAudio: Display: AudioDevice MaxSources: 32
[2022.02.21-20.01.51:026][  0]LogAudio: Display: Audio Spatialization Plugin: None (built-in).
[2022.02.21-20.01.51:029][  0]LogAudio: Display: Audio Reverb Plugin: None (built-in).
[2022.02.21-20.01.51:030][  0]LogAudio: Display: Audio Occlusion Plugin: None (built-in).
[2022.02.21-20.01.51:030][  0]LogAudioMixer: Display: Initializing audio mixer.
[2022.02.21-20.01.51:071][  0]LogAudioMixer: Display: 0: FrontLeft
[2022.02.21-20.01.51:072][  0]LogAudioMixer: Display: 1: FrontRight
[2022.02.21-20.01.51:103][  0]LogAudioMixer: Display: Using Audio Device Headphones (Arctis 7 Game)
[2022.02.21-20.01.51:104][  0]LogAudioMixer: Display: Initializing Sound Submixes...
[2022.02.21-20.01.51:108][  0]LogAudioMixer: Display: Creating Master Submix 'MasterSubmixDefault'
[2022.02.21-20.01.51:108][  0]LogAudioMixer: Display: Creating Master Submix 'MasterReverbSubmixDefault'
[2022.02.21-20.01.51:111][  0]LogAudioMixer: Display: Creating Master Submix 'MasterEQSubmixDefault'
[2022.02.21-20.01.51:111][  0]LogAudioMixer: FMixerPlatformXAudio2::StartAudioStream() called
[2022.02.21-20.01.51:112][  0]LogAudioMixer: Display: Output buffers initialized: Frames=1024, Channels=2, Samples=2048
[2022.02.21-20.01.51:114][  0]LogAudioMixer: Display: Starting AudioMixerPlatformInterface::RunInternal()
[2022.02.21-20.01.51:116][  0]LogAudioMixer: Display: FMixerPlatformXAudio2::SubmitBuffer() called for the first time
[2022.02.21-20.01.51:116][  0]LogInit: FAudioDevice initialized.
[2022.02.21-20.01.51:121][  0]LogNetVersion: Set ProjectVersion to 1.0.0.0. Version Checksum will be recalculated on next use.
[2022.02.21-20.01.51:192][  0]LogDerivedDataCache: Saved boot cache 0.07s 86MB C:/Users/James/AppData/Local/UnrealEngine/4.27/DerivedDataCache/Boot.ddc.
[2022.02.21-20.01.51:192][  0]LogInit: Texture streaming: Enabled
[2022.02.21-20.01.51:283][  0]LogAudio: Display: Audio Device (ID: 1) registered with world 'Untitled'.
[2022.02.21-20.01.51:283][  0]LogSlate: Updating window title bar state: overlay mode, drag disabled, window buttons hidden, title bar hidden
[2022.02.21-20.01.51:285][  0]LogInit: Display: Game Engine Initialized.
[2022.02.21-20.01.51:286][  0]LogNiagaraEditor: GEditor isn't valid! Particle reset commands will not work for Niagara components!
[2022.02.21-20.01.51:351][  0]LogInit: Display: Starting Game.
[2022.02.21-20.01.51:351][  0]LogNet: Browse: /Game/LobbySystem/Levels/LobbyMainMenu?Name=Player
[2022.02.21-20.01.51:353][  0]LogLoad: LoadMap: /Game/LobbySystem/Levels/LobbyMainMenu?Name=Player
[2022.02.21-20.01.51:353][  0]LogWorld: BeginTearingDown for /Temp/Untitled_0
[2022.02.21-20.01.51:356][  0]LogWorld: UWorld::CleanupWorld for Untitled, bSessionEnded=true, bCleanupResources=true
[2022.02.21-20.01.51:356][  0]LogSlate: InvalidateAllWidgets triggered.  All widgets were invalidated
[2022.02.21-20.01.51:361][  0]LogAudio: Display: Audio Device unregistered from world 'None'.
[2022.02.21-20.01.51:370][  0]LogUObjectHash: Compacting FUObjectHashTables data took   1.12ms
[2022.02.21-20.01.51:429][  0]LogAudio: Display: Audio Device (ID: 1) registered with world 'LobbyMainMenu'.
[2022.02.21-20.01.51:440][  0]LogAIModule: Creating AISystem for world LobbyMainMenu
[2022.02.21-20.01.51:441][  0]LogLoad: Game class is 'BP_LobbyGameMode_C'
[2022.02.21-20.01.51:452][  0]LogWorld: Bringing World /Game/LobbySystem/Levels/LobbyMainMenu.LobbyMainMenu up for play (max tick rate 0) at 2022.02.21-15.01.51
[2022.02.21-20.01.51:461][  0]LogWorld: Bringing up level for play took: 0.009617
[2022.02.21-20.01.51:471][  0]LogGameMode: FindPlayerStart: PATHS NOT DEFINED or NO PLAYERSTART with positive rating
[2022.02.21-20.01.51:482][  0]LogViewport: Display: Viewport MouseLockMode Changed, LockOnCapture -> DoNotLock
[2022.02.21-20.01.51:489][  0]LogViewport: Display: Viewport MouseCaptureMode Changed, CapturePermanently_IncludingInitialMouseDown -> NoCapture
[2022.02.21-20.01.51:496][  0]LogLoad: Took 0.143212 seconds to LoadMap(/Game/LobbySystem/Levels/LobbyMainMenu)
[2022.02.21-20.01.51:878][  0]LogSlate: Took 0.000341 seconds to synchronously load lazily loaded font '../../../Engine/Content/Slate/Fonts/Roboto-Regular.ttf' (155K)
[2022.02.21-20.01.51:986][  0]LogRenderer: Reallocating scene render targets to support 800x900 Format 10 NumSamples 1 (Frame:1).
[2022.02.21-20.01.51:986][  0]LogInit: Display: Engine is initialized. Leaving FEngineLoop::Init()
[2022.02.21-20.01.51:989][  0]LogLoad: (Engine Initialization) Total time: 12.24 seconds
[2022.02.21-20.01.51:989][  0]LogLoad: (Engine Initialization) Total Blueprint compile time: 0.00 seconds
[2022.02.21-20.01.51:992][  0]LogContentStreaming: Texture pool size now 1000 MB
[2022.02.21-20.01.51:995][  0]LogSlate: InvalidateAllWidgets triggered.  All widgets were invalidated
[2022.02.21-20.01.52:018][  1]LogSlate: Took 0.000180 seconds to synchronously load lazily loaded font '../../../Engine/Content/Slate/Fonts/Roboto-Regular.ttf' (155K)
[2022.02.21-20.01.54:616][  9]LogTemp: Warning: Find Servers Called
[2022.02.21-20.01.59:635][717]LogTemp: Warning: OnFindSessionComplete, Succeeded: 1
[2022.02.21-20.01.59:637][717]LogTemp: Warning: SearchResults, Server Count: 1
[2022.02.21-20.02.06:225][315]LogTemp: Warning: JOINING SERVER at index: 0
[2022.02.21-20.02.06:227][315]LogTemp: Warning: OnJoinSessionComplete, SessionName: My Session
[2022.02.21-20.02.06:228][315]LogNet: Browse: 192.168.56.1/Game/LobbySystem/Levels/LobbyMainMenu
[2022.02.21-20.02.06:228][315]LogInit: WinSock: Socket queue. Rx: 32768 (config 32768) Tx: 32768 (config 32768)
[2022.02.21-20.02.06:229][315]LogNet: Created socket for bind address: 0.0.0.0 on port 0
[2022.02.21-20.02.06:229][315]PacketHandlerLog: Loaded PacketHandler component: Engine.EngineHandlerComponentFactory (StatelessConnectHandlerComponent)
[2022.02.21-20.02.06:229][315]LogNet: Game client on port 7777, rate 100000
[2022.02.21-20.02.07:252][755]LogHandshake: SendChallengeResponse. Timestamp: 68.524054, Cookie: 173028110023133092129164014144229251143238193141210182022050
[2022.02.21-20.02.07:260][758]LogNetVersion: GAME259_A_URE 1.0.0.0, NetCL: 17155196, EngineNetVer: 17, GameNetVer: 0 (Checksum: 1639948920)
[2022.02.21-20.02.07:260][758]LogNet: UPendingNetGame::SendInitialJoin: Sending hello. [UNetConnection] RemoteAddr: 192.168.56.1:7777, Name: IpConnection_0, Driver: PendingNetDriver IpNetDriver_0, IsServer: NO, PC: NULL, Owner: NULL, UniqueId: INVALID
[2022.02.21-20.02.07:298][774]LogNet: Welcomed by server (Level: /Game/LobbySystem/Levels/Networking_GameTestMap, Game: /Script/GAME259_A_URE.GAME259_A_UREGameMode)
[2022.02.21-20.02.07:299][774]LogLoad: LoadMap: 192.168.56.1/Game/LobbySystem/Levels/Networking_GameTestMap?game=/Script/GAME259_A_URE.GAME259_A_UREGameMode
[2022.02.21-20.02.07:301][774]LogWorld: BeginTearingDown for /Game/LobbySystem/Levels/LobbyMainMenu
[2022.02.21-20.02.07:303][774]LogWorld: UWorld::CleanupWorld for LobbyMainMenu, bSessionEnded=true, bCleanupResources=true
[2022.02.21-20.02.07:303][774]LogSlate: InvalidateAllWidgets triggered.  All widgets were invalidated
[2022.02.21-20.02.07:332][774]LogAudio: Display: Audio Device unregistered from world 'None'.
[2022.02.21-20.02.07:336][774]LogUObjectHash: Compacting FUObjectHashTables data took   0.99ms
[2022.02.21-20.02.07:399][774]LogAudio: Display: Audio Device (ID: 1) registered with world 'Networking_GameTestMap'.
[2022.02.21-20.02.07:404][774]LogWorld: Bringing World /Game/LobbySystem/Levels/Networking_GameTestMap.Networking_GameTestMap up for play (max tick rate 0) at 2022.02.21-15.02.07
[2022.02.21-20.02.07:404][774]LogWorld: Bringing up level for play took: 0.001589
[2022.02.21-20.02.07:405][774]LogLoad: Took 0.106335 seconds to LoadMap(/Game/LobbySystem/Levels/Networking_GameTestMap)
[2022.02.21-20.02.07:406][774]LogNavigation: Warning: NavData RegistrationFailed_DataPendingKill.
[2022.02.21-20.02.07:641][829]LogViewport: Display: Viewport MouseLockMode Changed, DoNotLock -> LockOnCapture
[2022.02.21-20.02.07:641][829]LogViewport: Display: Viewport MouseCaptureMode Changed, NoCapture -> CapturePermanently
[2022.02.21-20.02.07:643][829]LogOnlineSession: Warning: OSS: No game present to join for session (GameSession)
[2022.02.21-20.02.07:877][893]LogOnlineSession: Warning: OSS: No game present to join for session (GameSession)
[2022.02.21-20.02.08:312][ 10]LogOnlineSession: Warning: OSS: No game present to join for session (GameSession)
[2022.02.21-20.02.08:399][ 33]LogOnlineSession: Warning: OSS: No game present to join for session (GameSession)
[2022.02.21-20.02.08:505][ 62]LogOnlineSession: Warning: OSS: No game present to join for session (GameSession)
[2022.02.21-20.02.55:296][950]LogOnlineSession: Warning: OSS: No game present to join for session (GameSession)
[2022.02.21-20.02.56:836][ 22]LogOnlineSession: Warning: OSS: No game present to join for session (GameSession)
