Log file open, 02/26/22 17:41:12
LogWindows: Failed to load 'aqProf.dll' (GetLastError=126)
LogWindows: File 'aqProf.dll' does not exist
LogWindows: Failed to load 'VtuneApi.dll' (GetLastError=126)
LogWindows: File 'VtuneApi.dll' does not exist
LogWindows: Failed to load 'VtuneApi32e.dll' (GetLastError=126)
LogWindows: File 'VtuneApi32e.dll' does not exist
LogConsoleResponse: Display: Failed to find resolution value strings in scalability ini. Falling back to default.
LogConsoleResponse: Display: Failed to find resolution value strings in scalability ini. Falling back to default.
LogInit: Display: Running engine for game: GAME259_A_URE
LogPlatformFile: Not using cached read wrapper
LogTaskGraph: Started task graph with 5 named threads and 47 total threads with 3 sets of task threads.
LogStats: Stats thread started at 0.189911
LogICUInternationalization: ICU TimeZone Detection - Raw Offset: -5:00, Platform Override: ''
LogInit: Display: Loading text-based GConfig....
LogPluginManager: Mounting plugin MeshPainting
LogPluginManager: Mounting plugin XGEController
LogPluginManager: Mounting plugin Paper2D
LogPluginManager: Mounting plugin AISupport
LogPluginManager: Mounting plugin EnvironmentQueryEditor
LogPluginManager: Mounting plugin LiveLink
LogPluginManager: Mounting plugin LightPropagationVolume
LogPluginManager: Mounting plugin CameraShakePreviewer
LogPluginManager: Mounting plugin OodleData
LogPluginManager: Mounting plugin OodleNetwork
LogPluginManager: Mounting plugin GitSourceControl
LogPluginManager: Mounting plugin CLionSourceCodeAccess
LogPluginManager: Mounting plugin GameplayCameras
LogPluginManager: Mounting plugin AnimationSharing
LogPluginManager: Mounting plugin NullSourceCodeAccess
LogPluginManager: Mounting plugin PlasticSourceControl
LogPluginManager: Mounting plugin PixWinPlugin
LogPluginManager: Mounting plugin CodeLiteSourceCodeAccess
LogPluginManager: Mounting plugin PerforceSourceControl
LogPluginManager: Mounting plugin PropertyAccessNode
LogPluginManager: Mounting plugin KDevelopSourceCodeAccess
LogPluginManager: Mounting plugin RiderSourceCodeAccess
LogPluginManager: Mounting plugin UObjectPlugin
LogPluginManager: Mounting plugin SubversionSourceControl
LogPluginManager: Mounting plugin TextureFormatOodle
LogPluginManager: Mounting plugin PluginUtils
LogPluginManager: Mounting plugin VisualStudioCodeSourceCodeAccess
LogPluginManager: Mounting plugin VisualStudioSourceCodeAccess
LogPluginManager: Mounting plugin XCodeSourceCodeAccess
LogPluginManager: Mounting plugin DatasmithContent
LogPluginManager: Mounting plugin AlembicImporter
LogPluginManager: Mounting plugin VariantManagerContent
LogPluginManager: Mounting plugin AutomationUtils
LogPluginManager: Mounting plugin BackChannel
LogPluginManager: Mounting plugin ChaosEditor
LogPluginManager: Mounting plugin ChaosCloth
LogPluginManager: Mounting plugin ChaosClothEditor
LogPluginManager: Mounting plugin ChaosNiagara
LogPluginManager: Mounting plugin ChaosSolverPlugin
LogPluginManager: Mounting plugin CharacterAI
LogPluginManager: Mounting plugin Niagara
LogPluginManager: Mounting plugin AssetManagerEditor
LogPluginManager: Mounting plugin GeometryCache
LogPluginManager: Mounting plugin CryptoKeys
LogPluginManager: Mounting plugin CurveEditorTools
LogPluginManager: Mounting plugin DataValidation
LogPluginManager: Mounting plugin GeometryCollectionPlugin
LogPluginManager: Mounting plugin FacialAnimation
LogPluginManager: Mounting plugin GeometryProcessing
LogPluginManager: Mounting plugin GeometryMode
LogPluginManager: Mounting plugin MacGraphicsSwitching
LogPluginManager: Mounting plugin MaterialAnalyzer
LogPluginManager: Mounting plugin GameplayTagsEditor
LogPluginManager: Mounting plugin MobileLauncherProfileWizard
LogPluginManager: Mounting plugin PluginBrowser
LogPluginManager: Mounting plugin SpeedTreeImporter
LogPluginManager: Mounting plugin MotoSynth
LogPluginManager: Mounting plugin OpenImageDenoise
LogPluginManager: Mounting plugin PlanarCut
LogPluginManager: Mounting plugin PlatformCrypto
LogPluginManager: Mounting plugin ProxyLODPlugin
LogPluginManager: Mounting plugin PythonScriptPlugin
LogPluginManager: Mounting plugin LuminPlatformFeatures
LogPluginManager: Mounting plugin MagicLeap
LogPluginManager: Mounting plugin MagicLeapLightEstimation
LogPluginManager: Mounting plugin MagicLeapMedia
LogPluginManager: Mounting plugin AndroidMedia
LogPluginManager: Mounting plugin AvfMedia
LogPluginManager: Mounting plugin MagicLeapPassableWorld
LogPluginManager: Mounting plugin SkeletalReduction
LogPluginManager: Mounting plugin MLSDK
LogPluginManager: Mounting plugin ImgMedia
LogPluginManager: Mounting plugin MediaCompositing
LogPluginManager: Mounting plugin MediaPlayerEditor
LogPluginManager: Mounting plugin WebMMedia
LogPluginManager: Mounting plugin WmfMedia
LogPluginManager: Mounting plugin TcpMessaging
LogPluginManager: Mounting plugin ActorSequence
LogPluginManager: Mounting plugin UdpMessaging
LogPluginManager: Mounting plugin LevelSequenceEditor
LogPluginManager: Mounting plugin TemplateSequence
LogPluginManager: Mounting plugin EOSShared
LogPluginManager: Mounting plugin OnlineSubsystem
LogPluginManager: Mounting plugin MatineeToLevelSequence
LogPluginManager: Mounting plugin OnlineSubsystemNull
LogPluginManager: Mounting plugin OnlineSubsystemSteam
LogPluginManager: Mounting plugin LauncherChunkInstaller
LogPluginManager: Mounting plugin ActorLayerUtilities
LogPluginManager: Mounting plugin OnlineSubsystemUtils
LogPluginManager: Mounting plugin AndroidDeviceProfileSelector
LogPluginManager: Mounting plugin AndroidPermission
LogPluginManager: Mounting plugin AndroidMoviePlayer
LogPluginManager: Mounting plugin AppleMoviePlayer
LogPluginManager: Mounting plugin ArchVisCharacter
LogPluginManager: Mounting plugin AssetTags
LogPluginManager: Mounting plugin AudioCapture
LogPluginManager: Mounting plugin AudioSynesthesia
LogPluginManager: Mounting plugin AppleImageUtils
LogPluginManager: Mounting plugin CableComponent
LogPluginManager: Mounting plugin ChunkDownloader
LogPluginManager: Mounting plugin CustomMeshComponent
LogPluginManager: Mounting plugin EditableMesh
LogPluginManager: Mounting plugin ExampleDeviceProfileSelector
LogPluginManager: Mounting plugin GoogleCloudMessaging
LogPluginManager: Mounting plugin ScreenshotTools
LogPluginManager: Mounting plugin IOSDeviceProfileSelector
LogPluginManager: Mounting plugin LinuxDeviceProfileSelector
LogPluginManager: Mounting plugin LocationServicesBPLibrary
LogPluginManager: Mounting plugin MobilePatchingUtils
LogPluginManager: Mounting plugin OpenXRHandTracking
LogPluginManager: Mounting plugin OpenXREyeTracker
LogPluginManager: Mounting plugin OpenXR
LogPluginManager: Mounting plugin PhysXVehicles
LogPluginManager: Mounting plugin PostSplashScreen
LogPluginManager: Mounting plugin ProceduralMeshComponent
LogPluginManager: Mounting plugin PropertyAccessEditor
LogPluginManager: Mounting plugin RuntimePhysXCooking
LogPluginManager: Mounting plugin GooglePAD
LogPluginManager: Mounting plugin SignificanceManager
LogPluginManager: Mounting plugin SoundFields
LogPluginManager: Mounting plugin Synthesis
LogPluginManager: Mounting plugin WebMMoviePlayer
LogPluginManager: Mounting plugin Takes
LogPluginManager: Mounting plugin WindowsMoviePlayer
LogPluginManager: Mounting plugin ContentBrowserAssetDataSource
LogPluginManager: Mounting plugin ContentBrowserClassDataSource
LogPluginManager: Mounting plugin ContentBrowserFileDataSource
LogPluginManager: Mounting plugin OnlineSubsystemIOS
LogPluginManager: Mounting plugin OnlineSubsystemGooglePlay
LogPluginManager: Mounting plugin EOSVoiceChat
LogPluginManager: Mounting plugin OculusVR
LogPluginManager: Mounting plugin SteamShared
PixWinPlugin: PIX capture plugin failed to initialize! Check that the process is launched from PIX.
LogInit: Using libcurl 7.55.1-DEV
LogInit:  - built for x86_64-pc-win32
LogInit:  - supports SSL with OpenSSL/1.1.1
LogInit:  - supports HTTP deflate (compression) using libz 1.2.8
LogInit:  - other features:
LogInit:      CURL_VERSION_SSL
LogInit:      CURL_VERSION_LIBZ
LogInit:      CURL_VERSION_IPV6
LogInit:      CURL_VERSION_ASYNCHDNS
LogInit:      CURL_VERSION_LARGEFILE
LogInit:      CURL_VERSION_IDN
LogInit:  CurlRequestOptions (configurable via config and command line):
LogInit:  - bVerifyPeer = true  - Libcurl will verify peer certificate
LogInit:  - bUseHttpProxy = false  - Libcurl will NOT use HTTP proxy
LogInit:  - bDontReuseConnections = false  - Libcurl will reuse connections
LogInit:  - MaxHostConnections = 16  - Libcurl will limit the number of connections to a host
LogInit:  - LocalHostAddr = Default
LogInit:  - BufferSize = 65536
LogOnline: OSS: Creating online subsystem instance for: NULL
LogInit: WinSock: version 1.1 (2.2), MaxSocks=32767, MaxUdp=65467
LogOnline: OSS: TryLoadSubsystemAndSetDefault: Loaded subsystem for module [NULL]
LogOculusPluginWrapper: OculusPlugin initialized successfully
LogHMD: Failed initializing OVRPlugin 1.59.0
LogInit: Build: ++UE4+Release-4.27-CL-18319896
LogInit: Engine Version: 4.27.2-18319896+++UE4+Release-4.27
LogInit: Compatible Engine Version: 4.27.0-17155196+++UE4+Release-4.27
LogInit: Net CL: 17155196
LogInit: OS: Windows 10 (Release 2009) (), CPU: Intel(R) Core(TM) i7-10700K CPU @ 3.80GHz, GPU: NVIDIA GeForce RTX 2070 SUPER
LogInit: Compiled (64-bit): Nov 30 2021 07:12:08
LogInit: Compiled with Visual C++: 19.24.28315.00
LogInit: Build Configuration: Development
LogInit: Branch Name: ++UE4+Release-4.27
LogInit: Command Line:  /Game/ThirdPersonCPP/Maps/ThirdPersonExampleMap -game -PIEVIACONSOLE -Multiprocess GameUserSettingsINI=D:/GitHub/GAME259-2022-A/GAME259_A_URE/Saved/Config/Windows/PIEGameUserSettings0.ini -MultiprocessSaveConfig -forcepassthrough -messaging -SessionName="Play in Standalone Game" -windowed -WinX=320 -WinY=184 SAVEWINPOS=1 -ResX=1270 -ResY=686
LogInit: Base Directory: D:/Unreal Engine/UE_4.27/Engine/Binaries/Win64/
LogInit: Allocator: TBB
LogInit: Installed Engine Build: 1
LogDevObjectVersion: Number of dev versions registered: 29
LogDevObjectVersion:   Dev-Blueprints (B0D832E4-1F89-4F0D-ACCF-7EB736FD4AA2): 10
LogDevObjectVersion:   Dev-Build (E1C64328-A22C-4D53-A36C-8E866417BD8C): 0
LogDevObjectVersion:   Dev-Core (375EC13C-06E4-48FB-B500-84F0262A717E): 4
LogDevObjectVersion:   Dev-Editor (E4B068ED-F494-42E9-A231-DA0B2E46BB41): 40
LogDevObjectVersion:   Dev-Framework (CFFC743F-43B0-4480-9391-14DF171D2073): 37
LogDevObjectVersion:   Dev-Mobile (B02B49B5-BB20-44E9-A304-32B752E40360): 3
LogDevObjectVersion:   Dev-Networking (A4E4105C-59A1-49B5-A7C5-40C4547EDFEE): 0
LogDevObjectVersion:   Dev-Online (39C831C9-5AE6-47DC-9A44-9C173E1C8E7C): 0
LogDevObjectVersion:   Dev-Physics (78F01B33-EBEA-4F98-B9B4-84EACCB95AA2): 14
LogDevObjectVersion:   Dev-Platform (6631380F-2D4D-43E0-8009-CF276956A95A): 0
LogDevObjectVersion:   Dev-Rendering (12F88B9F-8875-4AFC-A67C-D90C383ABD29): 45
LogDevObjectVersion:   Dev-Sequencer (7B5AE74C-D270-4C10-A958-57980B212A5A): 13
LogDevObjectVersion:   Dev-VR (D7296918-1DD6-4BDD-9DE2-64A83CC13884): 3
LogDevObjectVersion:   Dev-LoadTimes (C2A15278-BFE7-4AFE-6C17-90FF531DF755): 1
LogDevObjectVersion:   Private-Geometry (6EACA3D4-40EC-4CC1-B786-8BED09428FC5): 3
LogDevObjectVersion:   Dev-AnimPhys (29E575DD-E0A3-4627-9D10-D276232CDCEA): 17
LogDevObjectVersion:   Dev-Anim (AF43A65D-7FD3-4947-9873-3E8ED9C1BB05): 15
LogDevObjectVersion:   Dev-ReflectionCapture (6B266CEC-1EC7-4B8F-A30B-E4D90942FC07): 1
LogDevObjectVersion:   Dev-Automation (0DF73D61-A23F-47EA-B727-89E90C41499A): 1
LogDevObjectVersion:   FortniteMain (601D1886-AC64-4F84-AA16-D3DE0DEAC7D6): 47
LogDevObjectVersion:   FortniteRelease (E7086368-6B23-4C58-8439-1B7016265E91): 1
LogDevObjectVersion:   Dev-Enterprise (9DFFBCD6-494F-0158-E221-12823C92A888): 10
LogDevObjectVersion:   Dev-Niagara (F2AED0AC-9AFE-416F-8664-AA7FFA26D6FC): 1
LogDevObjectVersion:   Dev-Destruction (174F1F0B-B4C6-45A5-B13F-2EE8D0FB917D): 10
LogDevObjectVersion:   Dev-Physics-Ext (35F94A83-E258-406C-A318-09F59610247C): 41
LogDevObjectVersion:   Dev-PhysicsMaterial-Chaos (B68FC16E-8B1B-42E2-B453-215C058844FE): 1
LogDevObjectVersion:   Dev-CineCamera (B2E18506-4273-CFC2-A54E-F4BB758BBA07): 1
LogDevObjectVersion:   Dev-VirtualProduction (64F58936-FD1B-42BA-BA96-7289D5D0FA4E): 1
LogDevObjectVersion:   Dev-MediaFramework (6F0ED827-A609-4895-9C91-998D90180EA4): 2
LogInit: Presizing for max 25165824 objects, including 0 objects not considered by GC, pre-allocating 0 bytes for permanent pool.
LogConfig: Applying CVar settings from Section [/Script/Engine.StreamingSettings] File [D:/GitHub/GAME259-2022-A/GAME259_A_URE/Saved/Config/Windows/Engine.ini]
LogConfig: Setting CVar [[s.MinBulkDataSizeForAsyncLoading:131072]]
LogConfig: Setting CVar [[s.AsyncLoadingThreadEnabled:0]]
LogConfig: Setting CVar [[s.EventDrivenLoaderEnabled:1]]
LogConfig: Setting CVar [[s.WarnIfTimeLimitExceeded:0]]
LogConfig: Setting CVar [[s.TimeLimitExceededMultiplier:1.5]]
LogConfig: Setting CVar [[s.TimeLimitExceededMinTime:0.005]]
LogConfig: Setting CVar [[s.UseBackgroundLevelStreaming:1]]
LogConfig: Setting CVar [[s.PriorityAsyncLoadingExtraTime:15.0]]
LogConfig: Setting CVar [[s.LevelStreamingActorsUpdateTimeLimit:5.0]]
LogConfig: Setting CVar [[s.PriorityLevelStreamingActorsUpdateExtraTime:5.0]]
LogConfig: Setting CVar [[s.LevelStreamingComponentsRegistrationGranularity:10]]
LogConfig: Setting CVar [[s.UnregisterComponentsTimeLimit:1.0]]
LogConfig: Setting CVar [[s.LevelStreamingComponentsUnregistrationGranularity:5]]
LogConfig: Setting CVar [[s.FlushStreamingOnExit:1]]
LogInit: Object subsystem initialized
LogConfig: Setting CVar [[con.DebugEarlyDefault:1]]
LogConfig: Setting CVar [[r.setres:1280x720]]
[2022.02.26-22.41.12:730][  0]LogConfig: Setting CVar [[con.DebugEarlyDefault:1]]
[2022.02.26-22.41.12:730][  0]LogConfig: Setting CVar [[r.setres:1280x720]]
[2022.02.26-22.41.12:730][  0]LogConfig: Applying CVar settings from Section [/Script/Engine.RendererSettings] File [D:/GitHub/GAME259-2022-A/GAME259_A_URE/Saved/Config/Windows/Engine.ini]
[2022.02.26-22.41.12:730][  0]LogConfig: Setting CVar [[r.GPUCrashDebugging:0]]
[2022.02.26-22.41.12:730][  0]LogConfig: Applying CVar settings from Section [/Script/Engine.RendererOverrideSettings] File [D:/GitHub/GAME259-2022-A/GAME259_A_URE/Saved/Config/Windows/Engine.ini]
[2022.02.26-22.41.12:730][  0]LogConfig: Applying CVar settings from Section [/Script/Engine.StreamingSettings] File [D:/GitHub/GAME259-2022-A/GAME259_A_URE/Saved/Config/Windows/Engine.ini]
[2022.02.26-22.41.12:730][  0]LogConfig: Setting CVar [[s.MinBulkDataSizeForAsyncLoading:131072]]
[2022.02.26-22.41.12:730][  0]LogConfig: Setting CVar [[s.AsyncLoadingThreadEnabled:0]]
[2022.02.26-22.41.12:730][  0]LogConfig: Setting CVar [[s.EventDrivenLoaderEnabled:1]]
[2022.02.26-22.41.12:730][  0]LogConfig: Setting CVar [[s.WarnIfTimeLimitExceeded:0]]
[2022.02.26-22.41.12:730][  0]LogConfig: Setting CVar [[s.TimeLimitExceededMultiplier:1.5]]
[2022.02.26-22.41.12:730][  0]LogConfig: Setting CVar [[s.TimeLimitExceededMinTime:0.005]]
[2022.02.26-22.41.12:730][  0]LogConfig: Setting CVar [[s.UseBackgroundLevelStreaming:1]]
[2022.02.26-22.41.12:730][  0]LogConfig: Setting CVar [[s.PriorityAsyncLoadingExtraTime:15.0]]
[2022.02.26-22.41.12:730][  0]LogConfig: Setting CVar [[s.LevelStreamingActorsUpdateTimeLimit:5.0]]
[2022.02.26-22.41.12:730][  0]LogConfig: Setting CVar [[s.PriorityLevelStreamingActorsUpdateExtraTime:5.0]]
[2022.02.26-22.41.12:730][  0]LogConfig: Setting CVar [[s.LevelStreamingComponentsRegistrationGranularity:10]]
[2022.02.26-22.41.12:730][  0]LogConfig: Setting CVar [[s.UnregisterComponentsTimeLimit:1.0]]
[2022.02.26-22.41.12:730][  0]LogConfig: Setting CVar [[s.LevelStreamingComponentsUnregistrationGranularity:5]]
[2022.02.26-22.41.12:730][  0]LogConfig: Setting CVar [[s.FlushStreamingOnExit:1]]
[2022.02.26-22.41.12:731][  0]LogConfig: Applying CVar settings from Section [/Script/Engine.GarbageCollectionSettings] File [D:/GitHub/GAME259-2022-A/GAME259_A_URE/Saved/Config/Windows/Engine.ini]
[2022.02.26-22.41.12:731][  0]LogConfig: Setting CVar [[gc.MaxObjectsNotConsideredByGC:1]]
[2022.02.26-22.41.12:731][  0]LogConfig: Setting CVar [[gc.SizeOfPermanentObjectPool:0]]
[2022.02.26-22.41.12:731][  0]LogConfig: Setting CVar [[gc.FlushStreamingOnGC:0]]
[2022.02.26-22.41.12:731][  0]LogConfig: Setting CVar [[gc.NumRetriesBeforeForcingGC:10]]
[2022.02.26-22.41.12:731][  0]LogConfig: Setting CVar [[gc.AllowParallelGC:1]]
[2022.02.26-22.41.12:731][  0]LogConfig: Setting CVar [[gc.TimeBetweenPurgingPendingKillObjects:61.1]]
[2022.02.26-22.41.12:731][  0]LogConfig: Setting CVar [[gc.MaxObjectsInEditor:25165824]]
[2022.02.26-22.41.12:731][  0]LogConfig: Setting CVar [[gc.IncrementalBeginDestroyEnabled:1]]
[2022.02.26-22.41.12:731][  0]LogConfig: Setting CVar [[gc.CreateGCClusters:1]]
[2022.02.26-22.41.12:731][  0]LogConfig: Setting CVar [[gc.MinGCClusterSize:5]]
[2022.02.26-22.41.12:731][  0]LogConfig: Setting CVar [[gc.ActorClusteringEnabled:0]]
[2022.02.26-22.41.12:731][  0]LogConfig: Setting CVar [[gc.BlueprintClusteringEnabled:0]]
[2022.02.26-22.41.12:731][  0]LogConfig: Setting CVar [[gc.UseDisregardForGCOnDedicatedServers:0]]
[2022.02.26-22.41.12:731][  0]LogConfig: Setting CVar [[gc.MultithreadedDestructionEnabled:1]]
[2022.02.26-22.41.12:731][  0]LogConfig: Applying CVar settings from Section [/Script/Engine.NetworkSettings] File [D:/GitHub/GAME259-2022-A/GAME259_A_URE/Saved/Config/Windows/Engine.ini]
[2022.02.26-22.41.12:731][  0]LogConfig: Applying CVar settings from Section [/Script/UnrealEd.CookerSettings] File [D:/GitHub/GAME259-2022-A/GAME259_A_URE/Saved/Config/Windows/Engine.ini]
[2022.02.26-22.41.12:745][  0]LogConfig: Applying CVar settings from Section [ViewDistanceQuality@3] File [D:/GitHub/GAME259-2022-A/GAME259_A_URE/Saved/Config/Windows/Scalability.ini]
[2022.02.26-22.41.12:745][  0]LogConfig: Setting CVar [[r.SkeletalMeshLODBias:0]]
[2022.02.26-22.41.12:745][  0]LogConfig: Setting CVar [[r.ViewDistanceScale:1.0]]
[2022.02.26-22.41.12:745][  0]LogConfig: Applying CVar settings from Section [AntiAliasingQuality@3] File [D:/GitHub/GAME259-2022-A/GAME259_A_URE/Saved/Config/Windows/Scalability.ini]
[2022.02.26-22.41.12:745][  0]LogConfig: Setting CVar [[r.PostProcessAAQuality:4]]
[2022.02.26-22.41.12:745][  0]LogConfig: Applying CVar settings from Section [ShadowQuality@3] File [D:/GitHub/GAME259-2022-A/GAME259_A_URE/Saved/Config/Windows/Scalability.ini]
[2022.02.26-22.41.12:745][  0]LogConfig: Setting CVar [[r.LightFunctionQuality:1]]
[2022.02.26-22.41.12:745][  0]LogConfig: Setting CVar [[r.ShadowQuality:5]]
[2022.02.26-22.41.12:746][  0]LogConfig: Setting CVar [[r.Shadow.CSM.MaxCascades:10]]
[2022.02.26-22.41.12:746][  0]LogConfig: Setting CVar [[r.Shadow.MaxResolution:2048]]
[2022.02.26-22.41.12:746][  0]LogConfig: Setting CVar [[r.Shadow.MaxCSMResolution:2048]]
[2022.02.26-22.41.12:746][  0]LogConfig: Setting CVar [[r.Shadow.RadiusThreshold:0.01]]
[2022.02.26-22.41.12:746][  0]LogConfig: Setting CVar [[r.Shadow.DistanceScale:1.0]]
[2022.02.26-22.41.12:746][  0]LogConfig: Setting CVar [[r.Shadow.CSM.TransitionScale:1.0]]
[2022.02.26-22.41.12:746][  0]LogConfig: Setting CVar [[r.Shadow.PreShadowResolutionFactor:1.0]]
[2022.02.26-22.41.12:746][  0]LogConfig: Setting CVar [[r.DistanceFieldShadowing:1]]
[2022.02.26-22.41.12:746][  0]LogConfig: Setting CVar [[r.DistanceFieldAO:1]]
[2022.02.26-22.41.12:746][  0]LogConfig: Setting CVar [[r.AOQuality:2]]
[2022.02.26-22.41.12:746][  0]LogConfig: Setting CVar [[r.VolumetricFog:1]]
[2022.02.26-22.41.12:746][  0]LogConfig: Setting CVar [[r.VolumetricFog.GridPixelSize:8]]
[2022.02.26-22.41.12:746][  0]LogConfig: Setting CVar [[r.VolumetricFog.GridSizeZ:128]]
[2022.02.26-22.41.12:746][  0]LogConfig: Setting CVar [[r.VolumetricFog.HistoryMissSupersampleCount:4]]
[2022.02.26-22.41.12:746][  0]LogConfig: Setting CVar [[r.LightMaxDrawDistanceScale:1]]
[2022.02.26-22.41.12:746][  0]LogConfig: Setting CVar [[r.CapsuleShadows:1]]
[2022.02.26-22.41.12:746][  0]LogConfig: Applying CVar settings from Section [PostProcessQuality@3] File [D:/GitHub/GAME259-2022-A/GAME259_A_URE/Saved/Config/Windows/Scalability.ini]
[2022.02.26-22.41.12:746][  0]LogConfig: Setting CVar [[r.MotionBlurQuality:4]]
[2022.02.26-22.41.12:746][  0]LogConfig: Setting CVar [[r.AmbientOcclusionMipLevelFactor:0.4]]
[2022.02.26-22.41.12:746][  0]LogConfig: Setting CVar [[r.AmbientOcclusionMaxQuality:100]]
[2022.02.26-22.41.12:746][  0]LogConfig: Setting CVar [[r.AmbientOcclusionLevels:-1]]
[2022.02.26-22.41.12:746][  0]LogConfig: Setting CVar [[r.AmbientOcclusionRadiusScale:1.0]]
[2022.02.26-22.41.12:746][  0]LogConfig: Setting CVar [[r.DepthOfFieldQuality:2]]
[2022.02.26-22.41.12:746][  0]LogConfig: Setting CVar [[r.RenderTargetPoolMin:400]]
[2022.02.26-22.41.12:746][  0]LogConfig: Setting CVar [[r.LensFlareQuality:2]]
[2022.02.26-22.41.12:746][  0]LogConfig: Setting CVar [[r.SceneColorFringeQuality:1]]
[2022.02.26-22.41.12:746][  0]LogConfig: Setting CVar [[r.EyeAdaptationQuality:2]]
[2022.02.26-22.41.12:746][  0]LogConfig: Setting CVar [[r.BloomQuality:5]]
[2022.02.26-22.41.12:746][  0]LogConfig: Setting CVar [[r.FastBlurThreshold:100]]
[2022.02.26-22.41.12:746][  0]LogConfig: Setting CVar [[r.Upscale.Quality:3]]
[2022.02.26-22.41.12:746][  0]LogConfig: Setting CVar [[r.Tonemapper.GrainQuantization:1]]
[2022.02.26-22.41.12:746][  0]LogConfig: Setting CVar [[r.LightShaftQuality:1]]
[2022.02.26-22.41.12:746][  0]LogConfig: Setting CVar [[r.Filter.SizeScale:1]]
[2022.02.26-22.41.12:746][  0]LogConfig: Setting CVar [[r.Tonemapper.Quality:5]]
[2022.02.26-22.41.12:746][  0]LogConfig: Setting CVar [[r.DOF.Gather.AccumulatorQuality:1        ; higher gathering accumulator quality]]
[2022.02.26-22.41.12:746][  0]LogConfig: Setting CVar [[r.DOF.Gather.PostfilterMethod:1          ; Median3x3 postfilering method]]
[2022.02.26-22.41.12:746][  0]LogConfig: Setting CVar [[r.DOF.Gather.EnableBokehSettings:0       ; no bokeh simulation when gathering]]
[2022.02.26-22.41.12:746][  0]LogConfig: Setting CVar [[r.DOF.Gather.RingCount:4                 ; medium number of samples when gathering]]
[2022.02.26-22.41.12:746][  0]LogConfig: Setting CVar [[r.DOF.Scatter.ForegroundCompositing:1    ; additive foreground scattering]]
[2022.02.26-22.41.12:746][  0]LogConfig: Setting CVar [[r.DOF.Scatter.BackgroundCompositing:2    ; additive background scattering]]
[2022.02.26-22.41.12:746][  0]LogConfig: Setting CVar [[r.DOF.Scatter.EnableBokehSettings:1      ; bokeh simulation when scattering]]
[2022.02.26-22.41.12:746][  0]LogConfig: Setting CVar [[r.DOF.Scatter.MaxSpriteRatio:0.1         ; only a maximum of 10% of scattered bokeh]]
[2022.02.26-22.41.12:746][  0]LogConfig: Setting CVar [[r.DOF.Recombine.Quality:1                ; cheap slight out of focus]]
[2022.02.26-22.41.12:746][  0]LogConfig: Setting CVar [[r.DOF.Recombine.EnableBokehSettings:0    ; no bokeh simulation on slight out of focus]]
[2022.02.26-22.41.12:746][  0]LogConfig: Setting CVar [[r.DOF.TemporalAAQuality:1                ; more stable temporal accumulation]]
[2022.02.26-22.41.12:746][  0]LogConfig: Setting CVar [[r.DOF.Kernel.MaxForegroundRadius:0.025]]
[2022.02.26-22.41.12:746][  0]LogConfig: Setting CVar [[r.DOF.Kernel.MaxBackgroundRadius:0.025]]
[2022.02.26-22.41.12:746][  0]LogConfig: Applying CVar settings from Section [TextureQuality@3] File [D:/GitHub/GAME259-2022-A/GAME259_A_URE/Saved/Config/Windows/Scalability.ini]
[2022.02.26-22.41.12:746][  0]LogConfig: Setting CVar [[r.Streaming.MipBias:0]]
[2022.02.26-22.41.12:746][  0]LogConfig: Setting CVar [[r.Streaming.AmortizeCPUToGPUCopy:0]]
[2022.02.26-22.41.12:746][  0]LogConfig: Setting CVar [[r.Streaming.MaxNumTexturesToStreamPerFrame:0]]
[2022.02.26-22.41.12:746][  0]LogConfig: Setting CVar [[r.Streaming.Boost:1]]
[2022.02.26-22.41.12:746][  0]LogConfig: Setting CVar [[r.MaxAnisotropy:8]]
[2022.02.26-22.41.12:746][  0]LogConfig: Setting CVar [[r.VT.MaxAnisotropy:8]]
[2022.02.26-22.41.12:746][  0]LogConfig: Setting CVar [[r.Streaming.LimitPoolSizeToVRAM:0]]
[2022.02.26-22.41.12:746][  0]LogConfig: Setting CVar [[r.Streaming.PoolSize:1000]]
[2022.02.26-22.41.12:746][  0]LogConfig: Setting CVar [[r.Streaming.MaxEffectiveScreenSize:0]]
[2022.02.26-22.41.12:746][  0]LogConfig: Applying CVar settings from Section [EffectsQuality@3] File [D:/GitHub/GAME259-2022-A/GAME259_A_URE/Saved/Config/Windows/Scalability.ini]
[2022.02.26-22.41.12:746][  0]LogConfig: Setting CVar [[r.TranslucencyLightingVolumeDim:64]]
[2022.02.26-22.41.12:746][  0]LogConfig: Setting CVar [[r.RefractionQuality:2]]
[2022.02.26-22.41.12:746][  0]LogConfig: Setting CVar [[r.SSR.Quality:3]]
[2022.02.26-22.41.12:746][  0]LogConfig: Setting CVar [[r.SSR.HalfResSceneColor:0]]
[2022.02.26-22.41.12:746][  0]LogConfig: Setting CVar [[r.SceneColorFormat:4]]
[2022.02.26-22.41.12:746][  0]LogConfig: Setting CVar [[r.DetailMode:2]]
[2022.02.26-22.41.12:746][  0]LogConfig: Setting CVar [[r.TranslucencyVolumeBlur:1]]
[2022.02.26-22.41.12:746][  0]LogConfig: Setting CVar [[r.MaterialQualityLevel:1 ; High quality]]
[2022.02.26-22.41.12:746][  0]LogConfig: Setting CVar [[r.AnisotropicMaterials:1]]
[2022.02.26-22.41.12:746][  0]LogConfig: Setting CVar [[r.SSS.Scale:1]]
[2022.02.26-22.41.12:746][  0]LogConfig: Setting CVar [[r.SSS.SampleSet:2]]
[2022.02.26-22.41.12:746][  0]LogConfig: Setting CVar [[r.SSS.Quality:1]]
[2022.02.26-22.41.12:746][  0]LogConfig: Setting CVar [[r.SSS.HalfRes:0]]
[2022.02.26-22.41.12:746][  0]LogConfig: Setting CVar [[r.SSGI.Quality:3]]
[2022.02.26-22.41.12:746][  0]LogConfig: Setting CVar [[r.EmitterSpawnRateScale:1.0]]
[2022.02.26-22.41.12:746][  0]LogConfig: Setting CVar [[r.ParticleLightQuality:2]]
[2022.02.26-22.41.12:746][  0]LogConfig: Setting CVar [[r.SkyAtmosphere.AerialPerspectiveLUT.FastApplyOnOpaque:1 ; Always have FastSkyLUT 1 in this case to avoid wrong sky]]
[2022.02.26-22.41.12:746][  0]LogConfig: Setting CVar [[r.SkyAtmosphere.AerialPerspectiveLUT.SampleCountMaxPerSlice:4]]
[2022.02.26-22.41.12:746][  0]LogConfig: Setting CVar [[r.SkyAtmosphere.AerialPerspectiveLUT.DepthResolution:16.0]]
[2022.02.26-22.41.12:746][  0]LogConfig: Setting CVar [[r.SkyAtmosphere.FastSkyLUT:1]]
[2022.02.26-22.41.12:746][  0]LogConfig: Setting CVar [[r.SkyAtmosphere.FastSkyLUT.SampleCountMin:4.0]]
[2022.02.26-22.41.12:746][  0]LogConfig: Setting CVar [[r.SkyAtmosphere.FastSkyLUT.SampleCountMax:128.0]]
[2022.02.26-22.41.12:746][  0]LogConfig: Setting CVar [[r.SkyAtmosphere.SampleCountMin:4.0]]
[2022.02.26-22.41.12:746][  0]LogConfig: Setting CVar [[r.SkyAtmosphere.SampleCountMax:128.0]]
[2022.02.26-22.41.12:746][  0]LogConfig: Setting CVar [[r.SkyAtmosphere.TransmittanceLUT.UseSmallFormat:0]]
[2022.02.26-22.41.12:746][  0]LogConfig: Setting CVar [[r.SkyAtmosphere.TransmittanceLUT.SampleCount:10.0]]
[2022.02.26-22.41.12:746][  0]LogConfig: Setting CVar [[r.SkyAtmosphere.MultiScatteringLUT.SampleCount:15.0]]
[2022.02.26-22.41.12:746][  0]LogConfig: Setting CVar [[r.SkyLight.RealTimeReflectionCapture:1]]
[2022.02.26-22.41.12:746][  0]LogConfig: Applying CVar settings from Section [FoliageQuality@3] File [D:/GitHub/GAME259-2022-A/GAME259_A_URE/Saved/Config/Windows/Scalability.ini]
[2022.02.26-22.41.12:746][  0]LogConfig: Setting CVar [[foliage.DensityScale:1.0]]
[2022.02.26-22.41.12:746][  0]LogConfig: Setting CVar [[grass.DensityScale:1.0]]
[2022.02.26-22.41.12:746][  0]LogConfig: Applying CVar settings from Section [ShadingQuality@3] File [D:/GitHub/GAME259-2022-A/GAME259_A_URE/Saved/Config/Windows/Scalability.ini]
[2022.02.26-22.41.12:746][  0]LogConfig: Setting CVar [[r.HairStrands.SkyLighting.IntegrationType:2]]
[2022.02.26-22.41.12:746][  0]LogConfig: Setting CVar [[r.HairStrands.SkyAO.SampleCount:4]]
[2022.02.26-22.41.12:746][  0]LogConfig: Setting CVar [[r.HairStrands.Visibility.MSAA.SamplePerPixel:4]]
[2022.02.26-22.41.12:746][  0]LogInit: Selected Device Profile: [Windows]
[2022.02.26-22.41.12:746][  0]LogInit: Applying CVar settings loaded from the selected device profile: [Windows]
[2022.02.26-22.41.12:746][  0]LogHAL: Display: Platform has ~ 16 GB [17089699840 / 17179869184 / 16], which maps to Larger [LargestMinGB=32, LargerMinGB=12, DefaultMinGB=8, SmallerMinGB=6, SmallestMinGB=0)
[2022.02.26-22.41.12:746][  0]LogInit: Going up to parent DeviceProfile []
[2022.02.26-22.41.12:746][  0]LogConfig: Applying CVar settings from Section [ViewDistanceQuality@3] File [D:/GitHub/GAME259-2022-A/GAME259_A_URE/Saved/Config/Windows/Scalability.ini]
[2022.02.26-22.41.12:746][  0]LogConfig: Setting CVar [[r.SkeletalMeshLODBias:0]]
[2022.02.26-22.41.12:747][  0]LogConfig: Setting CVar [[r.ViewDistanceScale:1.0]]
[2022.02.26-22.41.12:747][  0]LogConfig: Applying CVar settings from Section [AntiAliasingQuality@3] File [D:/GitHub/GAME259-2022-A/GAME259_A_URE/Saved/Config/Windows/Scalability.ini]
[2022.02.26-22.41.12:747][  0]LogConfig: Setting CVar [[r.PostProcessAAQuality:4]]
[2022.02.26-22.41.12:747][  0]LogConfig: Applying CVar settings from Section [ShadowQuality@3] File [D:/GitHub/GAME259-2022-A/GAME259_A_URE/Saved/Config/Windows/Scalability.ini]
[2022.02.26-22.41.12:747][  0]LogConfig: Setting CVar [[r.LightFunctionQuality:1]]
[2022.02.26-22.41.12:747][  0]LogConfig: Setting CVar [[r.ShadowQuality:5]]
[2022.02.26-22.41.12:747][  0]LogConfig: Setting CVar [[r.Shadow.CSM.MaxCascades:10]]
[2022.02.26-22.41.12:747][  0]LogConfig: Setting CVar [[r.Shadow.MaxResolution:2048]]
[2022.02.26-22.41.12:747][  0]LogConfig: Setting CVar [[r.Shadow.MaxCSMResolution:2048]]
[2022.02.26-22.41.12:747][  0]LogConfig: Setting CVar [[r.Shadow.RadiusThreshold:0.01]]
[2022.02.26-22.41.12:747][  0]LogConfig: Setting CVar [[r.Shadow.DistanceScale:1.0]]
[2022.02.26-22.41.12:747][  0]LogConfig: Setting CVar [[r.Shadow.CSM.TransitionScale:1.0]]
[2022.02.26-22.41.12:747][  0]LogConfig: Setting CVar [[r.Shadow.PreShadowResolutionFactor:1.0]]
[2022.02.26-22.41.12:747][  0]LogConfig: Setting CVar [[r.DistanceFieldShadowing:1]]
[2022.02.26-22.41.12:747][  0]LogConfig: Setting CVar [[r.DistanceFieldAO:1]]
[2022.02.26-22.41.12:747][  0]LogConfig: Setting CVar [[r.AOQuality:2]]
[2022.02.26-22.41.12:747][  0]LogConfig: Setting CVar [[r.VolumetricFog:1]]
[2022.02.26-22.41.12:747][  0]LogConfig: Setting CVar [[r.VolumetricFog.GridPixelSize:8]]
[2022.02.26-22.41.12:747][  0]LogConfig: Setting CVar [[r.VolumetricFog.GridSizeZ:128]]
[2022.02.26-22.41.12:747][  0]LogConfig: Setting CVar [[r.VolumetricFog.HistoryMissSupersampleCount:4]]
[2022.02.26-22.41.12:747][  0]LogConfig: Setting CVar [[r.LightMaxDrawDistanceScale:1]]
[2022.02.26-22.41.12:747][  0]LogConfig: Setting CVar [[r.CapsuleShadows:1]]
[2022.02.26-22.41.12:747][  0]LogConfig: Applying CVar settings from Section [PostProcessQuality@3] File [D:/GitHub/GAME259-2022-A/GAME259_A_URE/Saved/Config/Windows/Scalability.ini]
[2022.02.26-22.41.12:747][  0]LogConfig: Setting CVar [[r.MotionBlurQuality:4]]
[2022.02.26-22.41.12:747][  0]LogConfig: Setting CVar [[r.AmbientOcclusionMipLevelFactor:0.4]]
[2022.02.26-22.41.12:747][  0]LogConfig: Setting CVar [[r.AmbientOcclusionMaxQuality:100]]
[2022.02.26-22.41.12:747][  0]LogConfig: Setting CVar [[r.AmbientOcclusionLevels:-1]]
[2022.02.26-22.41.12:747][  0]LogConfig: Setting CVar [[r.AmbientOcclusionRadiusScale:1.0]]
[2022.02.26-22.41.12:747][  0]LogConfig: Setting CVar [[r.DepthOfFieldQuality:2]]
[2022.02.26-22.41.12:747][  0]LogConfig: Setting CVar [[r.RenderTargetPoolMin:400]]
[2022.02.26-22.41.12:747][  0]LogConfig: Setting CVar [[r.LensFlareQuality:2]]
[2022.02.26-22.41.12:747][  0]LogConfig: Setting CVar [[r.SceneColorFringeQuality:1]]
[2022.02.26-22.41.12:747][  0]LogConfig: Setting CVar [[r.EyeAdaptationQuality:2]]
[2022.02.26-22.41.12:747][  0]LogConfig: Setting CVar [[r.BloomQuality:5]]
[2022.02.26-22.41.12:747][  0]LogConfig: Setting CVar [[r.FastBlurThreshold:100]]
[2022.02.26-22.41.12:747][  0]LogConfig: Setting CVar [[r.Upscale.Quality:3]]
[2022.02.26-22.41.12:747][  0]LogConfig: Setting CVar [[r.Tonemapper.GrainQuantization:1]]
[2022.02.26-22.41.12:747][  0]LogConfig: Setting CVar [[r.LightShaftQuality:1]]
[2022.02.26-22.41.12:747][  0]LogConfig: Setting CVar [[r.Filter.SizeScale:1]]
[2022.02.26-22.41.12:747][  0]LogConfig: Setting CVar [[r.Tonemapper.Quality:5]]
[2022.02.26-22.41.12:747][  0]LogConfig: Setting CVar [[r.DOF.Gather.AccumulatorQuality:1        ; higher gathering accumulator quality]]
[2022.02.26-22.41.12:747][  0]LogConfig: Setting CVar [[r.DOF.Gather.PostfilterMethod:1          ; Median3x3 postfilering method]]
[2022.02.26-22.41.12:747][  0]LogConfig: Setting CVar [[r.DOF.Gather.EnableBokehSettings:0       ; no bokeh simulation when gathering]]
[2022.02.26-22.41.12:747][  0]LogConfig: Setting CVar [[r.DOF.Gather.RingCount:4                 ; medium number of samples when gathering]]
[2022.02.26-22.41.12:747][  0]LogConfig: Setting CVar [[r.DOF.Scatter.ForegroundCompositing:1    ; additive foreground scattering]]
[2022.02.26-22.41.12:747][  0]LogConfig: Setting CVar [[r.DOF.Scatter.BackgroundCompositing:2    ; additive background scattering]]
[2022.02.26-22.41.12:747][  0]LogConfig: Setting CVar [[r.DOF.Scatter.EnableBokehSettings:1      ; bokeh simulation when scattering]]
[2022.02.26-22.41.12:747][  0]LogConfig: Setting CVar [[r.DOF.Scatter.MaxSpriteRatio:0.1         ; only a maximum of 10% of scattered bokeh]]
[2022.02.26-22.41.12:747][  0]LogConfig: Setting CVar [[r.DOF.Recombine.Quality:1                ; cheap slight out of focus]]
[2022.02.26-22.41.12:747][  0]LogConfig: Setting CVar [[r.DOF.Recombine.EnableBokehSettings:0    ; no bokeh simulation on slight out of focus]]
[2022.02.26-22.41.12:747][  0]LogConfig: Setting CVar [[r.DOF.TemporalAAQuality:1                ; more stable temporal accumulation]]
[2022.02.26-22.41.12:747][  0]LogConfig: Setting CVar [[r.DOF.Kernel.MaxForegroundRadius:0.025]]
[2022.02.26-22.41.12:747][  0]LogConfig: Setting CVar [[r.DOF.Kernel.MaxBackgroundRadius:0.025]]
[2022.02.26-22.41.12:747][  0]LogConfig: Applying CVar settings from Section [TextureQuality@1] File [D:/GitHub/GAME259-2022-A/GAME259_A_URE/Saved/Config/Windows/Scalability.ini]
[2022.02.26-22.41.12:747][  0]LogConfig: Setting CVar [[r.Streaming.MipBias:1]]
[2022.02.26-22.41.12:747][  0]LogConfig: Setting CVar [[r.Streaming.AmortizeCPUToGPUCopy:0]]
[2022.02.26-22.41.12:747][  0]LogConfig: Setting CVar [[r.Streaming.MaxNumTexturesToStreamPerFrame:0]]
[2022.02.26-22.41.12:747][  0]LogConfig: Setting CVar [[r.Streaming.Boost:1]]
[2022.02.26-22.41.12:747][  0]LogConfig: Setting CVar [[r.MaxAnisotropy:2]]
[2022.02.26-22.41.12:747][  0]LogConfig: Setting CVar [[r.VT.MaxAnisotropy:4]]
[2022.02.26-22.41.12:747][  0]LogConfig: Setting CVar [[r.Streaming.LimitPoolSizeToVRAM:1]]
[2022.02.26-22.41.12:747][  0]LogConfig: Setting CVar [[r.Streaming.PoolSize:600]]
[2022.02.26-22.41.12:747][  0]LogConfig: Setting CVar [[r.Streaming.MaxEffectiveScreenSize:0]]
[2022.02.26-22.41.12:747][  0]LogConfig: Applying CVar settings from Section [EffectsQuality@3] File [D:/GitHub/GAME259-2022-A/GAME259_A_URE/Saved/Config/Windows/Scalability.ini]
[2022.02.26-22.41.12:747][  0]LogConfig: Setting CVar [[r.TranslucencyLightingVolumeDim:64]]
[2022.02.26-22.41.12:747][  0]LogConfig: Setting CVar [[r.RefractionQuality:2]]
[2022.02.26-22.41.12:747][  0]LogConfig: Setting CVar [[r.SSR.Quality:3]]
[2022.02.26-22.41.12:747][  0]LogConfig: Setting CVar [[r.SSR.HalfResSceneColor:0]]
[2022.02.26-22.41.12:747][  0]LogConfig: Setting CVar [[r.SceneColorFormat:4]]
[2022.02.26-22.41.12:747][  0]LogConfig: Setting CVar [[r.DetailMode:2]]
[2022.02.26-22.41.12:747][  0]LogConfig: Setting CVar [[r.TranslucencyVolumeBlur:1]]
[2022.02.26-22.41.12:747][  0]LogConfig: Setting CVar [[r.MaterialQualityLevel:1 ; High quality]]
[2022.02.26-22.41.12:747][  0]LogConfig: Setting CVar [[r.AnisotropicMaterials:1]]
[2022.02.26-22.41.12:747][  0]LogConfig: Setting CVar [[r.SSS.Scale:1]]
[2022.02.26-22.41.12:747][  0]LogConfig: Setting CVar [[r.SSS.SampleSet:2]]
[2022.02.26-22.41.12:747][  0]LogConfig: Setting CVar [[r.SSS.Quality:1]]
[2022.02.26-22.41.12:747][  0]LogConfig: Setting CVar [[r.SSS.HalfRes:0]]
[2022.02.26-22.41.12:747][  0]LogConfig: Setting CVar [[r.SSGI.Quality:3]]
[2022.02.26-22.41.12:747][  0]LogConfig: Setting CVar [[r.EmitterSpawnRateScale:1.0]]
[2022.02.26-22.41.12:747][  0]LogConfig: Setting CVar [[r.ParticleLightQuality:2]]
[2022.02.26-22.41.12:747][  0]LogConfig: Setting CVar [[r.SkyAtmosphere.AerialPerspectiveLUT.FastApplyOnOpaque:1 ; Always have FastSkyLUT 1 in this case to avoid wrong sky]]
[2022.02.26-22.41.12:747][  0]LogConfig: Setting CVar [[r.SkyAtmosphere.AerialPerspectiveLUT.SampleCountMaxPerSlice:4]]
[2022.02.26-22.41.12:747][  0]LogConfig: Setting CVar [[r.SkyAtmosphere.AerialPerspectiveLUT.DepthResolution:16.0]]
[2022.02.26-22.41.12:747][  0]LogConfig: Setting CVar [[r.SkyAtmosphere.FastSkyLUT:1]]
[2022.02.26-22.41.12:747][  0]LogConfig: Setting CVar [[r.SkyAtmosphere.FastSkyLUT.SampleCountMin:4.0]]
[2022.02.26-22.41.12:747][  0]LogConfig: Setting CVar [[r.SkyAtmosphere.FastSkyLUT.SampleCountMax:128.0]]
[2022.02.26-22.41.12:747][  0]LogConfig: Setting CVar [[r.SkyAtmosphere.SampleCountMin:4.0]]
[2022.02.26-22.41.12:747][  0]LogConfig: Setting CVar [[r.SkyAtmosphere.SampleCountMax:128.0]]
[2022.02.26-22.41.12:747][  0]LogConfig: Setting CVar [[r.SkyAtmosphere.TransmittanceLUT.UseSmallFormat:0]]
[2022.02.26-22.41.12:747][  0]LogConfig: Setting CVar [[r.SkyAtmosphere.TransmittanceLUT.SampleCount:10.0]]
[2022.02.26-22.41.12:747][  0]LogConfig: Setting CVar [[r.SkyAtmosphere.MultiScatteringLUT.SampleCount:15.0]]
[2022.02.26-22.41.12:747][  0]LogConfig: Setting CVar [[r.SkyLight.RealTimeReflectionCapture:1]]
[2022.02.26-22.41.12:747][  0]LogConfig: Applying CVar settings from Section [FoliageQuality@3] File [D:/GitHub/GAME259-2022-A/GAME259_A_URE/Saved/Config/Windows/Scalability.ini]
[2022.02.26-22.41.12:747][  0]LogConfig: Setting CVar [[foliage.DensityScale:1.0]]
[2022.02.26-22.41.12:747][  0]LogConfig: Setting CVar [[grass.DensityScale:1.0]]
[2022.02.26-22.41.12:747][  0]LogConfig: Applying CVar settings from Section [ShadingQuality@3] File [D:/GitHub/GAME259-2022-A/GAME259_A_URE/Saved/Config/Windows/Scalability.ini]
[2022.02.26-22.41.12:747][  0]LogConfig: Setting CVar [[r.HairStrands.SkyLighting.IntegrationType:2]]
[2022.02.26-22.41.12:747][  0]LogConfig: Setting CVar [[r.HairStrands.SkyAO.SampleCount:4]]
[2022.02.26-22.41.12:747][  0]LogConfig: Setting CVar [[r.HairStrands.Visibility.MSAA.SamplePerPixel:4]]
[2022.02.26-22.41.12:747][  0]LogConfig: Applying CVar settings from Section [Startup] File [../../../Engine/Config/ConsoleVariables.ini]
[2022.02.26-22.41.12:748][  0]LogConfig: Setting CVar [[net.UseAdaptiveNetUpdateFrequency:0]]
[2022.02.26-22.41.12:748][  0]LogConfig: Setting CVar [[p.chaos.AllowCreatePhysxBodies:1]]
[2022.02.26-22.41.12:748][  0]LogConfig: Setting CVar [[fx.SkipVectorVMBackendOptimizations:1]]
[2022.02.26-22.41.12:748][  0]LogConfig: Applying CVar settings from Section [ConsoleVariables] File [D:/GitHub/GAME259-2022-A/GAME259_A_URE/Saved/Config/Windows/Engine.ini]
[2022.02.26-22.41.12:748][  0]LogConfig: Applying CVar settings from Section [ConsoleVariables] File [D:/GitHub/GAME259-2022-A/GAME259_A_URE/Saved/Config/Windows/Editor.ini]
[2022.02.26-22.41.12:748][  0]LogInit: Computer: TREVORPC
[2022.02.26-22.41.12:748][  0]LogInit: User: Trevor
[2022.02.26-22.41.12:748][  0]LogInit: CPU Page size=4096, Cores=8
[2022.02.26-22.41.12:748][  0]LogInit: High frequency timer resolution =10.000000 MHz
[2022.02.26-22.41.12:748][  0]LogMemory: Memory total: Physical=15.9GB (16GB approx)
[2022.02.26-22.41.12:748][  0]LogMemory: Platform Memory Stats for Windows
[2022.02.26-22.41.12:748][  0]LogMemory: Process Physical Memory: 144.79 MB used, 144.79 MB peak
[2022.02.26-22.41.12:748][  0]LogMemory: Process Virtual Memory: 127.24 MB used, 127.24 MB peak
[2022.02.26-22.41.12:748][  0]LogMemory: Physical Memory: 7572.02 MB used,  8725.98 MB free, 16298.01 MB total
[2022.02.26-22.41.12:748][  0]LogMemory: Virtual Memory: 134211984.00 MB used,  5743.57 MB free, 134217728.00 MB total
[2022.02.26-22.41.12:751][  0]LogWindows: WindowsPlatformFeatures enabled
[2022.02.26-22.41.12:782][  0]LogInit: Physics initialised using underlying interface: PhysX
[2022.02.26-22.41.12:782][  0]LogInit: Using OS detected language (en-US).
[2022.02.26-22.41.12:782][  0]LogInit: Using OS detected locale (en-CA).
[2022.02.26-22.41.12:784][  0]LogTextLocalizationManager: No specific localization for 'en-US' exists, so the 'en' localization will be used.
[2022.02.26-22.41.12:925][  0]LogWindowsTextInputMethodSystem: Display: IME system deactivated.
[2022.02.26-22.41.12:952][  0]LogSlate: New Slate User Created.  User Index 0, Is Virtual User: 0
[2022.02.26-22.41.12:952][  0]LogSlate: Slate User Registered.  User Index 0, Is Virtual User: 0
[2022.02.26-22.41.12:970][  0]LogD3D11RHI: Loaded GFSDK_Aftermath_Lib.x64.dll
[2022.02.26-22.41.12:972][  0]LogHMD: Failed to enumerate extensions. Please check that you have a valid OpenXR runtime installed.
[2022.02.26-22.41.12:972][  0]LogD3D11RHI: D3D11 min allowed feature level: 11_0
[2022.02.26-22.41.12:972][  0]LogD3D11RHI: D3D11 max allowed feature level: 11_0
[2022.02.26-22.41.12:972][  0]LogD3D11RHI: D3D11 adapters:
[2022.02.26-22.41.13:063][  0]LogD3D11RHI:    0. 'NVIDIA GeForce RTX 2070 SUPER' (Feature Level 11_0)
[2022.02.26-22.41.13:063][  0]LogD3D11RHI:       8011/0/8149 MB DedicatedVideo/DedicatedSystem/SharedSystem, Outputs:2, VendorId:0x10de
[2022.02.26-22.41.13:064][  0]LogD3D11RHI:    1. 'Microsoft Basic Render Driver' (Feature Level 11_0)
[2022.02.26-22.41.13:064][  0]LogD3D11RHI:       0/0/8149 MB DedicatedVideo/DedicatedSystem/SharedSystem, Outputs:0, VendorId:0x1414
[2022.02.26-22.41.13:064][  0]LogD3D11RHI: Chosen D3D11 Adapter:
[2022.02.26-22.41.13:064][  0]LogD3D11RHI:     Description : NVIDIA GeForce RTX 2070 SUPER
[2022.02.26-22.41.13:064][  0]LogD3D11RHI:     VendorId    : 10de
[2022.02.26-22.41.13:064][  0]LogD3D11RHI:     DeviceId    : 1e84
[2022.02.26-22.41.13:064][  0]LogD3D11RHI:     SubSysId    : 373e1462
[2022.02.26-22.41.13:064][  0]LogD3D11RHI:     Revision    : 00a1
[2022.02.26-22.41.13:064][  0]LogD3D11RHI:     DedicatedVideoMemory : 8400142336 bytes
[2022.02.26-22.41.13:064][  0]LogD3D11RHI:     DedicatedSystemMemory : 0 bytes
[2022.02.26-22.41.13:064][  0]LogD3D11RHI:     SharedSystemMemory : 8544849920 bytes
[2022.02.26-22.41.13:064][  0]LogD3D11RHI:     AdapterLuid : 0 47873
[2022.02.26-22.41.13:068][  0]LogD3D11RHI: Creating new Direct3DDevice
[2022.02.26-22.41.13:068][  0]LogD3D11RHI:     GPU DeviceId: 0x1e84 (for the marketing name, search the web for "GPU Device Id")
[2022.02.26-22.41.13:068][  0]LogWindows: EnumDisplayDevices:
[2022.02.26-22.41.13:068][  0]LogWindows:    0. 'NVIDIA GeForce RTX 2070 SUPER' (P:1 D:1)
[2022.02.26-22.41.13:068][  0]LogWindows:    1. 'NVIDIA GeForce RTX 2070 SUPER' (P:0 D:1)
[2022.02.26-22.41.13:068][  0]LogWindows:    2. 'NVIDIA GeForce RTX 2070 SUPER' (P:0 D:0)
[2022.02.26-22.41.13:069][  0]LogWindows:    3. 'NVIDIA GeForce RTX 2070 SUPER' (P:0 D:0)
[2022.02.26-22.41.13:069][  0]LogWindows: DebugString: FoundDriverCount:4 
[2022.02.26-22.41.13:069][  0]LogD3D11RHI:     Adapter Name: NVIDIA GeForce RTX 2070 SUPER
[2022.02.26-22.41.13:069][  0]LogD3D11RHI:   Driver Version: 472.12 (internal:30.0.14.7212, unified:472.12)
[2022.02.26-22.41.13:069][  0]LogD3D11RHI:      Driver Date: 9-13-2021
[2022.02.26-22.41.13:069][  0]LogRHI: Texture pool is 5607 MB (70% of 8011 MB)
[2022.02.26-22.41.13:069][  0]LogD3D11RHI: Creating D3DDevice using adapter:
[2022.02.26-22.41.13:069][  0]LogD3D11RHI:     Description : NVIDIA GeForce RTX 2070 SUPER
[2022.02.26-22.41.13:069][  0]LogD3D11RHI:     VendorId    : 10de
[2022.02.26-22.41.13:069][  0]LogD3D11RHI:     DeviceId    : 1e84
[2022.02.26-22.41.13:069][  0]LogD3D11RHI:     SubSysId    : 373e1462
[2022.02.26-22.41.13:069][  0]LogD3D11RHI:     Revision    : 00a1
[2022.02.26-22.41.13:069][  0]LogD3D11RHI:     DedicatedVideoMemory : 8400142336 bytes
[2022.02.26-22.41.13:069][  0]LogD3D11RHI:     DedicatedSystemMemory : 0 bytes
[2022.02.26-22.41.13:069][  0]LogD3D11RHI:     SharedSystemMemory : 8544849920 bytes
[2022.02.26-22.41.13:069][  0]LogD3D11RHI:     AdapterLuid : 0 47873
[2022.02.26-22.41.13:132][  0]LogD3D11RHI: RHI has support for 64 bit atomics
[2022.02.26-22.41.13:132][  0]LogD3D11RHI: Async texture creation enabled
[2022.02.26-22.41.13:133][  0]LogD3D11RHI: Array index from any shader is supported
[2022.02.26-22.41.13:152][  0]LogD3D11RHI: GPU Timing Frequency: 1000.000000 (Debug: 2 1)
[2022.02.26-22.41.13:182][  0]LogRHI: GeForceNow SDK initialized: 1
[2022.02.26-22.41.13:399][  0]LogTargetPlatformManager: Display: Loaded TargetPlatform 'WindowsNoEditor'
[2022.02.26-22.41.13:402][  0]LogTargetPlatformManager: Display: Loaded TargetPlatform 'Windows'
[2022.02.26-22.41.13:405][  0]LogTargetPlatformManager: Display: Loaded TargetPlatform 'WindowsClient'
[2022.02.26-22.41.13:408][  0]LogTargetPlatformManager: Display: Loaded TargetPlatform 'WindowsServer'
[2022.02.26-22.41.13:408][  0]LogTargetPlatformManager: Display: Building Assets For Windows
[2022.02.26-22.41.13:412][  0]LogAudioDebug: Display: Lib vorbis DLL was dynamically loaded.
[2022.02.26-22.41.13:431][  0]LogTextureFormatOodle: Display: Oodle Texture 2.9.0 init RDO Off
[2022.02.26-22.41.13:450][  0]LogRendererCore: Ray tracing is disabled. Reason: r.RayTracing=0.
[2022.02.26-22.41.13:450][  0]LogShaderCompilers: Guid format shader working directory is -4 characters bigger than the processId version (../../../../../GitHub/GAME259-2022-A/GAME259_A_URE/Intermediate/Shaders/WorkingDirectory/11116/).
[2022.02.26-22.41.13:450][  0]LogShaderCompilers: Cleaned the shader compiler working directory 'C:/Users/Trevor/AppData/Local/Temp/UnrealShaderWorkingDir/3C97E3CB4F0FB475383A8EBCF19C6A67/'.
[2022.02.26-22.41.13:450][  0]LogXGEController: Cannot use XGE Controller as Incredibuild is not installed on this machine.
[2022.02.26-22.41.13:450][  0]LogShaderCompilers: Cannot use XGE Shader Compiler as Incredibuild is not installed on this machine.
[2022.02.26-22.41.13:451][  0]LogShaderCompilers: Display: Using Local Shader Compiler.
[2022.02.26-22.41.14:041][  0]LogDerivedDataCache: Display: Max Cache Size: 512 MB
[2022.02.26-22.41.14:087][  0]LogDerivedDataCache: Loaded boot cache 0.05s 103MB C:/Users/Trevor/AppData/Local/UnrealEngine/4.27/DerivedDataCache/Boot.ddc.
[2022.02.26-22.41.14:087][  0]LogDerivedDataCache: Display: Loaded Boot cache: C:/Users/Trevor/AppData/Local/UnrealEngine/4.27/DerivedDataCache/Boot.ddc
[2022.02.26-22.41.14:087][  0]LogDerivedDataCache: FDerivedDataBackendGraph:  Pak pak cache file ../../../../../GitHub/GAME259-2022-A/GAME259_A_URE/DerivedDataCache/DDC.ddp not found, will not use a pak cache.
[2022.02.26-22.41.14:087][  0]LogDerivedDataCache: Unable to find inner node Pak for hierarchical cache Hierarchy.
[2022.02.26-22.41.14:087][  0]LogDerivedDataCache: FDerivedDataBackendGraph:  CompressedPak pak cache file ../../../../../GitHub/GAME259-2022-A/GAME259_A_URE/DerivedDataCache/Compressed.ddp not found, will not use a pak cache.
[2022.02.26-22.41.14:087][  0]LogDerivedDataCache: Unable to find inner node CompressedPak for hierarchical cache Hierarchy.
[2022.02.26-22.41.14:100][  0]LogDerivedDataCache: Display: Pak cache opened for reading ../../../Engine/DerivedDataCache/Compressed.ddp.
[2022.02.26-22.41.14:100][  0]LogDerivedDataCache: FDerivedDataBackendGraph:  EnterprisePak pak cache file ../../../Enterprise/DerivedDataCache/Compressed.ddp not found, will not use a pak cache.
[2022.02.26-22.41.14:100][  0]LogDerivedDataCache: Unable to find inner node EnterprisePak for hierarchical cache Hierarchy.
[2022.02.26-22.41.14:105][  0]LogDerivedDataCache: Speed tests for C:/Users/Trevor/AppData/Local/UnrealEngine/Common/DerivedDataCache took 0.01 seconds
[2022.02.26-22.41.14:105][  0]LogDerivedDataCache: Display: Performance to C:/Users/Trevor/AppData/Local/UnrealEngine/Common/DerivedDataCache: Latency=0.02ms. RandomReadSpeed=1612.64MBs, RandomWriteSpeed=211.82MBs. Assigned SpeedClass 'Local'
[2022.02.26-22.41.14:106][  0]LogDerivedDataCache: Using Local data cache path C:/Users/Trevor/AppData/Local/UnrealEngine/Common/DerivedDataCache: Writable
[2022.02.26-22.41.14:106][  0]LogDerivedDataCache: Shared data cache path not found in *engine.ini, will not use an Shared cache.
[2022.02.26-22.41.14:106][  0]LogDerivedDataCache: Unable to find inner node Shared for hierarchical cache Hierarchy.
[2022.02.26-22.41.14:135][  0]LogSlate: Using FreeType 2.10.0
[2022.02.26-22.41.14:135][  0]LogSlate: SlateFontServices - WITH_FREETYPE: 1, WITH_HARFBUZZ: 1
[2022.02.26-22.41.14:135][  0]LogHMD: Failed to enumerate extensions. Please check that you have a valid OpenXR runtime installed.
[2022.02.26-22.41.14:371][  0]LogInit: Using OS detected language (en-US).
[2022.02.26-22.41.14:371][  0]LogInit: Using OS detected locale (en-CA).
[2022.02.26-22.41.14:371][  0]LogTextLocalizationManager: No localization for 'en-US' exists, so 'en' will be used for the language.
[2022.02.26-22.41.14:371][  0]LogTextLocalizationManager: No localization for 'en-CA' exists, so 'en' will be used for the locale.
[2022.02.26-22.41.14:371][  0]LogSlate: FontCache flush requested. Reason: Culture for localization was changed
[2022.02.26-22.41.14:371][  0]LogSlate: FontCache flush requested. Reason: Culture for localization was changed
[2022.02.26-22.41.14:373][  0]LogTextLocalizationManager: Compacting localization data took   0.00ms
[2022.02.26-22.41.14:373][  0]LogAssetRegistry: FAssetRegistry took 0.0012 seconds to start up
[2022.02.26-22.41.14:491][  0]LogPackageLocalizationCache: Processed 26 localized package path(s) for 1 prioritized culture(s) in 0.000751 seconds
[2022.02.26-22.41.14:536][  0]LogInit: Selected Device Profile: [Windows]
[2022.02.26-22.41.14:536][  0]LogInit: Active device profile: [00000228C2085400][00000228B910B740 49] Windows
[2022.02.26-22.41.14:536][  0]LogInit: Profiles: [00000228C2085400][00000228B910B740 49] Windows, [00000228C2014100][00000228B91138C0 49] WindowsNoEditor, [00000228C203C200][00000228B9117A40 49] WindowsServer, [00000228C2016300][00000228B934DBC0 49] WindowsClient, [00000228C203DD00][00000228B93501C0 49] IOS, [00000228C2016100][00000228B9354340 49] iPadAir, [00000228C203E000][00000228B93584C0 49] iPadAir2, [00000228C1FC4600][00000228B9360780 49] IPadPro, [00000228C1FC4700][00000228B935C7C0 49] iPadAir3, [00000228C203FA00][00000228B9364940 49] iPadAir4, [00000228C1FC7F00][00000228B9368AC0 49] iPadMini2, [00000228C203C700][00000228B936CC40 49] iPadMini3, [00000228C1FC5400][00000228B9370DC0 49] iPadMini4, [00000228C203F200][00000228B9374F40 49] iPadMini5, [00000228C1FBBE00][00000228B937D200 49] iPhone6, [00000228C1FBBF00][00000228B9379240 49] iPodTouch6, [00000228C2014D00][00000228B910F4C0 49] iPhone7, [00000228C2017C00][00000228B9381500 49] iPodTouch7, [00000228C1FB8700][00000228B9385640 49] iPhone5S, [00000228C2015200][00000228B9389780 49] iPhone6Plus, [00000228C1FBB100][00000228B938D8C0 49] iPhone6S, [00000228C2017400][00000228B9395A40 49] iPhone6SPlus, [00000228C1FB9000][00000228B9083BC0 49] iPhone7Plus, [00000228C2015D00][00000228B90861C0 49] iPhoneSE, [00000228C1FBA800][00000228B908A340 49] iPhone8, [00000228C2016200][00000228B908E4C0 49] iPhone8Plus, [00000228C1FB9900][00000228B9092640 49] iPhoneX, [00000228C2016F00][00000228B90967C0 49] iPhoneXS, [00000228C1FB8600][00000228B909A940 49] iPhoneXSMax, [00000228C2015C00][00000228B909EAC0 49] iPhoneXR, [00000228C1FBAF00][00000228B90A2C40 49] iPhone11, [00000228C2016800][00000228B90A6DC0 49] iPhone11Pro, [00000228C1FB9200][00000228B90AAF40 49] iPhone11ProMax, [00000228C2017300][00000228B90AF0C0 49] iPhoneSE2, [00000228C1FBA100][00000228B90B3240 49] iPhone12Mini, [00000228C2014800][00000228B90B73C0 49] iPhone12, [00000228C1FB9F00][00000228B90BB540 49] iPhone12Pro, [00000228C2016700][00000228B90BF6C0 49] iPhone12ProMax, [00000228C1FB8400][00000228B9391800 49] iPadPro105, [00000228C2017800][00000228B90C3940 49] iPadPro129, [00000228C1FB9500][00000228B90C7A80 49] iPadPro97, [00000228C2017500][00000228B8825C00 49] iPadPro2_129, [00000228C1FBBC00][00000228B8828200 49] iPad5, [00000228C2015E00][00000228B882C380 49] iPad6, [00000228C1FBAC00][00000228B8830500 49] iPad7, [00000228C2016D00][00000228B8834680 49] iPad8, [00000228C1FBB500][00000228B8838800 49] iPadPro11, [00000228C2014B00][00000228B883C980 49] iPadPro2_11, [00000228C1FBB300][00000228B8840B00 49] iPadPro3_129, [00000228C2015000][00000228B8844C80 49] iPadPro4_129, [00000228C1FBBB00][00000228B8848E00 49] AppleTV, [00000228C2017900][00000228B884CF80 49] AppleTV4K, [00000228C1FB8E00][00000228B8851100 49] TVOS, [00000228C2015900][00000228B8855280 49] Mac, [00000228C1FB8900][00000228B8859400 49] MacClient, [00000228C2015500][00000228B885D580 49] MacNoEditor, [00000228C1FBA500][00000228B8861700 49] MacServer, [00000228C2017700][00000228B8865880 49] Linux, [00000228C1FB9800][00000228B90CB9C0 49] LinuxAArch64, [00000228C2016400][00000228B8869B00 49] LinuxNoEditor, [00000228C1FBB700][00000228B886C0C0 49] LinuxAArch64NoEditor, [00000228C2015F00][00000228B8874240 49] LinuxClient, [00000228C1FBA200][00000228B88783C0 49] LinuxAArch64Client, [00000228C2016900][00000228B8A7E540 49] LinuxServer, [00000228C1FBA300][00000228B8A826C0 49] LinuxAArch64Server, [00000228C2015700][00000228B8A86840 49] Android, [00000228C1FBBD00][00000228B8A8A9C0 49] Android_Low, [00000228C203CD00][00000228B8A8EB40 49] Android_Mid, [00000228C2085600][00000228B8A92CC0 49] Android_High, [00000228C203CF00][00000228B8A96E40 49] Android_Default, [00000228C2085B00][00000228B8A9AFC0 49] Android_Adreno4xx, [00000228C203EF00][00000228B8A9F140 49] Android_Adreno5xx_Low, [00000228C2086A00][00000228B8AA32C0 49] Android_Adreno5xx, [00000228C203D300][00000228B8AA7440 49] Android_Adreno6xx, [00000228C2086500][00000228B8AAB5C0 49] Android_Adreno6xx_Vulkan, [00000228C203E300][00000228B8AAF740 49] Android_Mali_T6xx, [00000228C2085700][00000228B8AB38C0 49] Android_Mali_T7xx, [00000228C203D900][00000228B8AB7A40 49] Android_Mali_T8xx, [00000228C2084E00][00000228B8871B80 49] Android_Mali_G71, [00000228C203F800][00000228B8ABA140 49] Android_Mali_G72, [00000228C2086000][00000228B8ABE280 49] Android_Mali_G72_Vulkan, [00000228C203F600][00000228B8AC23C0 49] Android_Mali_G76, [00000228C2085800][00000228B8ACA540 49] Android_Mali_G76_Vulkan, [00000228C203D000][00000228B8ACE6C0 49] Android_Mali_G77, [00000228C2084100][00000228B8AD2840 49] Android_Mali_G77_Vulkan, [00000228C203EE00][00000228B8AD69C0 49] Android_Mali_G78, [00000228C2084700][00000228B8ADAB40 49] Android_Mali_G78_Vulkan, [00000228C203F100][00000228B8ADECC0 49] Android_Mali_G710, [00000228C2086F00][00000228B8AE2E40 49] Android_Mali_G710_Vulkan, [00000228C1FBAA00][00000228B8AE6FC0 49] Android_Vulkan_SM5, [00000228C2087100][00000228B8AEB140 49] Android_PowerVR_G6xxx, [00000228C1FB9C00][00000228B8AEF2C0 49] Android_PowerVR_GT7xxx, [00000228C2084800][00000228B8AF3440 49] Android_PowerVR_GE8xxx, [00000228C1FB9B00][00000228B8AF75C0 49] Android_PowerVR_GM9xxx, [00000228C2084900][00000228B8AFB740 49] Android_PowerVR_GM9xxx_Vulkan, [00000228C1FBA400][00000228B8AFF8C0 49] Android_TegraK1, [00000228C2085000][00000228B8B03A40 49] Android_Unknown_Vulkan, [00000228C1FB9100][00000228B8B07BC0 49] Lumin, [00000228C2084F00][00000228B8AC6180 49] Lumin_Desktop, [00000228C1FBA000][00000228B8B0A2C0 49] HoloLens, 
[2022.02.26-22.41.14:626][  0]LogMeshReduction: Using QuadricMeshReduction for automatic static mesh reduction
[2022.02.26-22.41.14:626][  0]LogMeshReduction: Using SimplygonMeshReduction for automatic skeletal mesh reduction
[2022.02.26-22.41.14:626][  0]LogMeshReduction: Using ProxyLODMeshReduction for automatic mesh merging
[2022.02.26-22.41.14:626][  0]LogMeshReduction: No distributed automatic mesh merging module available
[2022.02.26-22.41.14:626][  0]LogMeshMerging: No distributed automatic mesh merging module available
[2022.02.26-22.41.14:648][  0]LogNetVersion: GAME259_A_URE 1.0.0, NetCL: 17155196, EngineNetVer: 17, GameNetVer: 0 (Checksum: 2250587433)
[2022.02.26-22.41.14:802][  0]LogTexture: Default maximum texture size for cubemaps generated from long-lat sources has been changed from 512 to unlimited. In order to preserve old behaiour for '/Engine/MapTemplates/Sky/DaylightAmbientCubemap.DaylightAmbientCubemap', its maximum texture size has been explicitly set to 512.
[2022.02.26-22.41.14:839][  0]LogHMD: PokeAHoleMaterial loaded successfully
[2022.02.26-22.41.14:901][  0]LogMoviePlayer: Initializing movie player
[2022.02.26-22.41.14:987][  0]LogNiagaraDebuggerClient: Niagara Debugger Client Initialized | Session: EE8DFD54459A8C5C9B95F2A04C6C0F93 | Instance: 7108F86940DF5BD6203424ADE8551CBF (TREVORPC-11116).
[2022.02.26-22.41.14:999][  0]LogCollectionManager: Loaded 0 collections in 0.000619 seconds
[2022.02.26-22.41.15:001][  0]LogFileCache: Scanning file cache for directory 'D:/GitHub/GAME259-2022-A/GAME259_A_URE/Saved/Collections/' took 0.00s
[2022.02.26-22.41.15:001][  0]LogFileCache: Scanning file cache for directory 'D:/GitHub/GAME259-2022-A/GAME259_A_URE/Content/Developers/Trevor/Collections/' took 0.00s
[2022.02.26-22.41.15:001][  0]LogFileCache: Scanning file cache for directory 'D:/GitHub/GAME259-2022-A/GAME259_A_URE/Content/Collections/' took 0.00s
[2022.02.26-22.41.15:001][  0]LogCollectionManager: Fixed up redirectors for 0 collections in 0.000001 seconds (updated 0 objects)
[2022.02.26-22.41.15:021][  0]LogPython: Using Python 3.7.7
[2022.02.26-22.41.15:419][  0]LogTcpMessaging: Initializing TcpMessaging bridge
[2022.02.26-22.41.15:424][  0]LogUdpMessaging: Initializing bridge on interface 0.0.0.0:0 to multicast group 230.0.0.1:6666.
[2022.02.26-22.41.15:448][  0]LogSteamShared: Display: Loading Steam SDK 1.51
[2022.02.26-22.41.15:448][  0]LogSteamShared: Steam SDK Loaded!
[2022.02.26-22.41.15:588][  0]SourceControl: Source control is disabled
[2022.02.26-22.41.15:588][  0]SourceControl: Source control is disabled
[2022.02.26-22.41.15:591][  0]SourceControl: Source control is disabled
[2022.02.26-22.41.15:593][  0]LogUProjectInfo: Found projects:
[2022.02.26-22.41.15:645][  0]LogOpenImageDenoise: OIDN starting up
[2022.02.26-22.41.15:669][  0]LogAndroidPermission: UAndroidPermissionCallbackProxy::GetInstance
[2022.02.26-22.41.15:678][  0]LogAudioCaptureCore: Display: No Audio Capture implementations found. Audio input will be silent.
[2022.02.26-22.41.15:679][  0]LogAudioCaptureCore: Display: No Audio Capture implementations found. Audio input will be silent.
[2022.02.26-22.41.15:735][  0]LogOcInput: OculusInput pre-init called
[2022.02.26-22.41.15:741][  0]LogUObjectArray: 23037 objects as part of root set at end of initial load.
[2022.02.26-22.41.15:741][  0]LogUObjectAllocator: 6396240 out of 0 bytes used by permanent object pool.
[2022.02.26-22.41.15:741][  0]LogUObjectArray: CloseDisregardForGC: 0/0 objects in disregard for GC pool
[2022.02.26-22.41.15:776][  0]LogEngine: Initializing Engine...
[2022.02.26-22.41.15:777][  0]LogHMD: Failed to enumerate extensions. Please check that you have a valid OpenXR runtime installed.
[2022.02.26-22.41.15:777][  0]LogMagicLeap: Warning: VR disabled because ZI is not enabled.  To enable, in the editor, Edit -> Project Settings -> Plugins -> Magic Leap Plugin -> Enable Zero Iteration
[2022.02.26-22.41.15:778][  0]LogStats: UGameplayTagsManager::InitializeManager -  0.000 s
[2022.02.26-22.41.15:844][  0]LogInit: Initializing FReadOnlyCVARCache
[2022.02.26-22.41.15:844][  0]LogAudio: Display: Initializing Audio Device Manager...
[2022.02.26-22.41.15:847][  0]LogAudio: Display: Loading Default Audio Settings Objects...
[2022.02.26-22.41.15:847][  0]LogAudio: Display: No default SoundConcurrencyObject specified (or failed to load).
[2022.02.26-22.41.15:847][  0]LogAudio: Display: Audio Device Manager Initialized
[2022.02.26-22.41.15:847][  0]LogAudio: Display: Creating Audio Device:                 Id: 1, Scope: Shared, Realtime: True
[2022.02.26-22.41.15:847][  0]LogAudioMixer: Display: Audio Mixer Platform Settings:
[2022.02.26-22.41.15:847][  0]LogAudioMixer: Display: 	Sample Rate:						  48000
[2022.02.26-22.41.15:847][  0]LogAudioMixer: Display: 	Callback Buffer Frame Size Requested: 1024
[2022.02.26-22.41.15:847][  0]LogAudioMixer: Display: 	Callback Buffer Frame Size To Use:	  1024
[2022.02.26-22.41.15:848][  0]LogAudioMixer: Display: 	Number of buffers to queue:			  2
[2022.02.26-22.41.15:848][  0]LogAudioMixer: Display: 	Max Channels (voices):				  32
[2022.02.26-22.41.15:848][  0]LogAudioMixer: Display: 	Number of Async Source Workers:		  0
[2022.02.26-22.41.15:848][  0]LogAudio: Display: AudioDevice MaxSources: 32
[2022.02.26-22.41.15:848][  0]LogAudio: Display: Audio Spatialization Plugin: None (built-in).
[2022.02.26-22.41.15:848][  0]LogAudio: Display: Audio Reverb Plugin: None (built-in).
[2022.02.26-22.41.15:848][  0]LogAudio: Display: Audio Occlusion Plugin: None (built-in).
[2022.02.26-22.41.15:848][  0]LogAudioMixer: Display: Initializing audio mixer.
[2022.02.26-22.41.15:857][  0]LogAudioMixer: Display: 0: FrontLeft
[2022.02.26-22.41.15:857][  0]LogAudioMixer: Display: 1: FrontRight
[2022.02.26-22.41.15:868][  0]LogAudioMixer: Display: Using Audio Device Speakers (HyperX Cloud Alpha S Game)
[2022.02.26-22.41.15:873][  0]LogAudioMixer: Display: Initializing Sound Submixes...
[2022.02.26-22.41.15:873][  0]LogAudioMixer: Display: Creating Master Submix 'MasterSubmixDefault'
[2022.02.26-22.41.15:874][  0]LogAudioMixer: Display: Creating Master Submix 'MasterReverbSubmixDefault'
[2022.02.26-22.41.15:874][  0]LogAudioMixer: Display: Creating Master Submix 'MasterEQSubmixDefault'
[2022.02.26-22.41.15:874][  0]LogAudioMixer: FMixerPlatformXAudio2::StartAudioStream() called
[2022.02.26-22.41.15:874][  0]LogAudioMixer: Display: Output buffers initialized: Frames=1024, Channels=2, Samples=2048
[2022.02.26-22.41.15:875][  0]LogAudioMixer: Display: Starting AudioMixerPlatformInterface::RunInternal()
[2022.02.26-22.41.15:875][  0]LogAudioMixer: Display: FMixerPlatformXAudio2::SubmitBuffer() called for the first time
[2022.02.26-22.41.15:875][  0]LogInit: FAudioDevice initialized.
[2022.02.26-22.41.15:876][  0]LogNetVersion: Set ProjectVersion to 1.0.0.0. Version Checksum will be recalculated on next use.
[2022.02.26-22.41.15:879][  0]LogInit: Texture streaming: Enabled
[2022.02.26-22.41.16:257][  0]LogAudio: Display: Audio Device (ID: 1) registered with world 'Untitled'.
[2022.02.26-22.41.16:277][  0]LogSlate: Updating window title bar state: overlay mode, drag disabled, window buttons hidden, title bar hidden
[2022.02.26-22.41.16:278][  0]LogInit: Display: Game Engine Initialized.
[2022.02.26-22.41.16:297][  0]LogNiagaraEditor: GEditor isn't valid! Particle reset commands will not work for Niagara components!
[2022.02.26-22.41.16:337][  0]LogInit: Display: Starting Game.
[2022.02.26-22.41.16:337][  0]LogNet: Browse: /Game/ThirdPersonCPP/Maps/ThirdPersonExampleMap?Name=Player
[2022.02.26-22.41.16:337][  0]LogLoad: LoadMap: /Game/ThirdPersonCPP/Maps/ThirdPersonExampleMap?Name=Player
[2022.02.26-22.41.16:337][  0]LogWorld: BeginTearingDown for /Temp/Untitled_0
[2022.02.26-22.41.16:338][  0]LogWorld: UWorld::CleanupWorld for Untitled, bSessionEnded=true, bCleanupResources=true
[2022.02.26-22.41.16:338][  0]LogSlate: InvalidateAllWidgets triggered.  All widgets were invalidated
[2022.02.26-22.41.16:345][  0]LogAudio: Display: Audio Device unregistered from world 'None'.
[2022.02.26-22.41.16:347][  0]LogUObjectHash: Compacting FUObjectHashTables data took   0.66ms
[2022.02.26-22.41.16:385][  0]LogAudio: Display: Audio Device (ID: 1) registered with world 'ThirdPersonExampleMap'.
[2022.02.26-22.41.16:391][  0]LogAIModule: Creating AISystem for world ThirdPersonExampleMap
[2022.02.26-22.41.16:391][  0]LogLoad: Game class is 'GAME259_A_UREGameMode'
[2022.02.26-22.41.16:393][  0]LogWorld: Bringing World /Game/ThirdPersonCPP/Maps/ThirdPersonExampleMap.ThirdPersonExampleMap up for play (max tick rate 0) at 2022.02.26-17.41.16
[2022.02.26-22.41.16:393][  0]LogWorld: Bringing up level for play took: 0.001818
[2022.02.26-22.41.16:483][  0]LogLoad: Took 0.146125 seconds to LoadMap(/Game/ThirdPersonCPP/Maps/ThirdPersonExampleMap)
[2022.02.26-22.41.16:578][  0]LogSlate: Took 0.000117 seconds to synchronously load lazily loaded font '../../../Engine/Content/Slate/Fonts/Roboto-Regular.ttf' (155K)
[2022.02.26-22.41.16:688][  0]LogRenderer: Reallocating scene render targets to support 1272x688 Format 10 NumSamples 1 (Frame:1).
[2022.02.26-22.41.16:688][  0]LogInit: Display: Engine is initialized. Leaving FEngineLoop::Init()
[2022.02.26-22.41.16:688][  0]LogLoad: (Engine Initialization) Total time: 4.60 seconds
[2022.02.26-22.41.16:688][  0]LogLoad: (Engine Initialization) Total Blueprint compile time: 0.00 seconds
[2022.02.26-22.41.16:697][  0]LogContentStreaming: Texture pool size now 600 MB
[2022.02.26-22.41.16:698][  0]LogSlate: InvalidateAllWidgets triggered.  All widgets were invalidated
[2022.02.26-22.41.16:749][  0]LogRenderer: Reallocating scene render targets to support 128x128 Format 10 NumSamples 1 (Frame:1).
[2022.02.26-22.41.16:775][  0]LogRenderer: Reallocating scene render targets to support 1272x688 Format 10 NumSamples 1 (Frame:2).
[2022.02.26-22.41.16:796][  1]LogSlate: Took 0.000103 seconds to synchronously load lazily loaded font '../../../Engine/Content/Slate/Fonts/Roboto-Regular.ttf' (155K)
[2022.02.26-22.41.20:251][661]LogWindowsDesktop: Alt-F4 pressed!
[2022.02.26-22.41.20:255][661]LogSlate: Window 'GAME259_A_URE (64-bit Development PCD3D_SM5) ' being destroyed
[2022.02.26-22.41.20:255][661]LogWindowsTextInputMethodSystem: Display: IME system deactivated.
[2022.02.26-22.41.20:257][661]LogWindowsTextInputMethodSystem: Display: IME system deactivated.
[2022.02.26-22.41.20:258][661]LogSlate: Updating window title bar state: overlay mode, drag disabled, window buttons hidden, title bar hidden
[2022.02.26-22.41.20:258][661]LogEngine: All Windows Closed
[2022.02.26-22.41.20:258][661]LogWindows: FPlatformMisc::RequestExit(0)
[2022.02.26-22.41.20:258][661]LogWindows: FPlatformMisc::RequestExitWithStatus(0, 0)
[2022.02.26-22.41.20:259][661]LogCore: Engine exit requested (reason: Win RequestExit)
[2022.02.26-22.41.20:259][662]LogCore: Engine exit requested (reason: EngineExit() was called; note: exit was already requested)
[2022.02.26-22.41.20:259][662]LogInit: Display: PreExit Game.
[2022.02.26-22.41.20:265][662]LogWorld: BeginTearingDown for /Game/ThirdPersonCPP/Maps/ThirdPersonExampleMap
[2022.02.26-22.41.20:265][662]LogWorld: UWorld::CleanupWorld for ThirdPersonExampleMap, bSessionEnded=true, bCleanupResources=true
[2022.02.26-22.41.20:265][662]LogSlate: InvalidateAllWidgets triggered.  All widgets were invalidated
[2022.02.26-22.41.20:782][662]LogAudio: Display: Beginning Audio Device Manager Shutdown (Module: AudioMixerXAudio2)...
[2022.02.26-22.41.20:782][662]LogAudio: Display: Destroying 1 Remaining Audio Device(s)...
[2022.02.26-22.41.20:782][662]LogAudio: Display: Audio Device unregistered from world 'ThirdPersonExampleMap'.
[2022.02.26-22.41.20:782][662]LogAudioMixer: FMixerPlatformXAudio2::StopAudioStream() called
[2022.02.26-22.41.20:783][662]LogAudioMixer: FMixerPlatformXAudio2::StopAudioStream() called
[2022.02.26-22.41.20:784][662]LogAudio: Display: Audio Device Manager Shutdown
[2022.02.26-22.41.20:787][662]LogExit: Preparing to exit.
[2022.02.26-22.41.21:432][662]LogSlate: Updating window title bar state: overlay mode, drag disabled, window buttons hidden, title bar hidden
[2022.02.26-22.41.21:433][662]LogUObjectHash: Compacting FUObjectHashTables data took   0.59ms
[2022.02.26-22.41.21:590][662]LogMoviePlayer: Shutting down movie player
[2022.02.26-22.41.21:656][662]LogDemo: Cleaned up 0 splitscreen connections with owner deletion
[2022.02.26-22.41.21:659][662]LogExit: Game engine shut down
[2022.02.26-22.41.21:703][662]LogExit: Object subsystem successfully closed.
[2022.02.26-22.41.21:714][662]LogShaderCompilers: Display: === FShaderJobCache stats ===
[2022.02.26-22.41.21:714][662]LogShaderCompilers: Display: Total job queries 0, among them cache hits 0 (0.00%)
[2022.02.26-22.41.21:714][662]LogShaderCompilers: Display: Tracking 0 distinct input hashes that result in 0 distinct outputs (0.00%)
[2022.02.26-22.41.21:714][662]LogShaderCompilers: Display: RAM used: 0.00 MB (0.00 GB) of 819.20 MB (0.80 GB) budget. Usage: 0.00%
[2022.02.26-22.41.21:715][662]LogShaderCompilers: Display: ================================================
[2022.02.26-22.41.21:730][662]LogShaderCompilers: Display: Shaders left to compile 0
[2022.02.26-22.41.21:752][662]LogModuleManager: Shutting down and abandoning module SequenceRecorderSections (560)
[2022.02.26-22.41.21:752][662]LogModuleManager: Shutting down and abandoning module SequenceRecorder (558)
[2022.02.26-22.41.21:752][662]LogModuleManager: Shutting down and abandoning module AutomationController (556)
[2022.02.26-22.41.21:752][662]LogModuleManager: Shutting down and abandoning module AutomationWorker (554)
[2022.02.26-22.41.21:752][662]LogModuleManager: Shutting down and abandoning module Voice (552)
[2022.02.26-22.41.21:752][662]LogModuleManager: Shutting down and abandoning module AIModule (550)
[2022.02.26-22.41.21:752][662]LogModuleManager: Shutting down and abandoning module GameplayDebugger (549)
[2022.02.26-22.41.21:752][662]LogModuleManager: Shutting down and abandoning module AITestSuite (547)
[2022.02.26-22.41.21:752][662]LogModuleManager: Shutting down and abandoning module NavigationSystem (545)
[2022.02.26-22.41.21:752][662]LogModuleManager: Shutting down and abandoning module OculusMR (542)
[2022.02.26-22.41.21:752][662]LogModuleManager: Shutting down and abandoning module TakeRecorderSources (540)
[2022.02.26-22.41.21:752][662]LogModuleManager: Shutting down and abandoning module TakeRecorder (539)
[2022.02.26-22.41.21:752][662]LogModuleManager: Shutting down and abandoning module TakeTrackRecorders (536)
[2022.02.26-22.41.21:752][662]LogModuleManager: Shutting down and abandoning module TakesCore (534)
[2022.02.26-22.41.21:752][662]LogModuleManager: Shutting down and abandoning module OpenXRInput (532)
[2022.02.26-22.41.21:752][662]LogModuleManager: Shutting down and abandoning module WmfMediaFactory (530)
[2022.02.26-22.41.21:752][662]LogModuleManager: Shutting down and abandoning module WebMMediaFactory (528)
[2022.02.26-22.41.21:752][662]LogModuleManager: Shutting down and abandoning module WebMMedia (526)
[2022.02.26-22.41.21:752][662]LogModuleManager: Shutting down and abandoning module OpenExrWrapper (524)
[2022.02.26-22.41.21:752][662]LogModuleManager: Shutting down and abandoning module ImgMediaFactory (522)
[2022.02.26-22.41.21:752][662]LogModuleManager: Shutting down and abandoning module AvfMediaFactory (520)
[2022.02.26-22.41.21:752][662]LogModuleManager: Shutting down and abandoning module MagicLeapMediaCodecFactory (518)
[2022.02.26-22.41.21:752][662]LogModuleManager: Shutting down and abandoning module MagicLeapMediaFactory (516)
[2022.02.26-22.41.21:752][662]LogModuleManager: Shutting down and abandoning module PlanarCut (514)
[2022.02.26-22.41.21:752][662]LogModuleManager: Shutting down and abandoning module CharacterAI (512)
[2022.02.26-22.41.21:752][662]LogModuleManager: Shutting down and abandoning module SessionServices (510)
[2022.02.26-22.41.21:753][662]LogModuleManager: Shutting down and abandoning module MovieSceneCapture (508)
[2022.02.26-22.41.21:753][662]LogModuleManager: Shutting down and abandoning module LiveCoding (506)
[2022.02.26-22.41.21:753][662]LogModuleManager: Shutting down and abandoning module LevelSequence (504)
[2022.02.26-22.41.21:753][662]LogModuleManager: Shutting down and abandoning module MovieSceneTracks (502)
[2022.02.26-22.41.21:753][662]LogModuleManager: Shutting down and abandoning module MovieScene (500)
[2022.02.26-22.41.21:753][662]LogModuleManager: Shutting down and abandoning module StreamingPauseRendering (498)
[2022.02.26-22.41.21:753][662]LogModuleManager: Shutting down and abandoning module PortalServices (496)
[2022.02.26-22.41.21:753][662]LogModuleManager: Shutting down and abandoning module PortalRpc (494)
[2022.02.26-22.41.21:753][662]LogModuleManager: Shutting down and abandoning module MessagingRpc (492)
[2022.02.26-22.41.21:753][662]LogModuleManager: Shutting down and abandoning module AudioMixerXAudio2 (490)
[2022.02.26-22.41.21:753][662]LogModuleManager: Shutting down and abandoning module AudioMixerCore (489)
[2022.02.26-22.41.21:753][662]LogModuleManager: Shutting down and abandoning module ImageWriteQueue (486)
[2022.02.26-22.41.21:755][662]LogModuleManager: Shutting down and abandoning module ProfilerService (484)
[2022.02.26-22.41.21:760][662]LogModuleManager: Shutting down and abandoning module TaskGraph (482)
[2022.02.26-22.41.21:760][662]LogModuleManager: Shutting down and abandoning module OculusInput (480)
[2022.02.26-22.41.21:760][662]LogModuleManager: Shutting down and abandoning module EOSVoiceChat (478)
[2022.02.26-22.41.21:760][662]LogModuleManager: Shutting down and abandoning module TakeMovieScene (476)
[2022.02.26-22.41.21:760][662]LogModuleManager: Shutting down and abandoning module Synthesis (474)
[2022.02.26-22.41.21:760][662]LogModuleManager: Shutting down and abandoning module GooglePAD (472)
[2022.02.26-22.41.21:760][662]LogModuleManager: Shutting down and abandoning module ProceduralMeshComponent (470)
[2022.02.26-22.41.21:760][662]LogModuleManager: Shutting down and abandoning module MobilePatchingUtils (468)
[2022.02.26-22.41.21:760][662]LogModuleManager: Shutting down and abandoning module EditableMesh (466)
[2022.02.26-22.41.21:760][662]LogModuleManager: Shutting down and abandoning module CustomMeshComponent (464)
[2022.02.26-22.41.21:760][662]LogModuleManager: Shutting down and abandoning module CableComponent (462)
[2022.02.26-22.41.21:760][662]LogModuleManager: Shutting down and abandoning module AppleImageUtilsBlueprintSupport (460)
[2022.02.26-22.41.21:760][662]LogModuleManager: Shutting down and abandoning module AppleImageUtils (458)
[2022.02.26-22.41.21:760][662]LogModuleManager: Shutting down and abandoning module AudioCapture (456)
[2022.02.26-22.41.21:760][662]LogModuleManager: Shutting down and abandoning module AudioCaptureRtAudio (455)
[2022.02.26-22.41.21:760][662]LogModuleManager: Shutting down and abandoning module AssetTags (452)
[2022.02.26-22.41.21:760][662]LogModuleManager: Shutting down and abandoning module ArchVisCharacter (450)
[2022.02.26-22.41.21:760][662]LogModuleManager: Shutting down and abandoning module AndroidPermission (448)
[2022.02.26-22.41.21:760][662]LogModuleManager: Shutting down and abandoning module ActorLayerUtilities (446)
[2022.02.26-22.41.21:760][662]LogModuleManager: Shutting down and abandoning module TemplateSequence (442)
[2022.02.26-22.41.21:760][662]LogModuleManager: Shutting down and abandoning module MediaCompositing (440)
[2022.02.26-22.41.21:760][662]LogModuleManager: Shutting down and abandoning module ImgMedia (438)
[2022.02.26-22.41.21:760][662]LogModuleManager: Shutting down and abandoning module MagicLeapSharedWorld (436)
[2022.02.26-22.41.21:760][662]LogModuleManager: Shutting down and abandoning module MagicLeapLightEstimation (434)
[2022.02.26-22.41.21:760][662]LogModuleManager: Shutting down and abandoning module MagicLeapHelperVulkan (432)
[2022.02.26-22.41.21:760][662]LogModuleManager: Shutting down and abandoning module MagicLeapHelperOpenGL (430)
[2022.02.26-22.41.21:760][662]LogModuleManager: Shutting down and abandoning module MagicLeapAudio (428)
[2022.02.26-22.41.21:760][662]LogModuleManager: Shutting down and abandoning module OpenImageDenoise (426)
[2022.02.26-22.41.21:760][662]LogOpenImageDenoise: OIDN shutting down
[2022.02.26-22.41.21:760][662]LogModuleManager: Shutting down and abandoning module MotoSynth (424)
[2022.02.26-22.41.21:760][662]LogModuleManager: Shutting down and abandoning module MeshConversion (422)
[2022.02.26-22.41.21:760][662]LogModuleManager: Shutting down and abandoning module DynamicMesh (420)
[2022.02.26-22.41.21:760][662]LogModuleManager: Shutting down and abandoning module GeometryAlgorithms (418)
[2022.02.26-22.41.21:760][662]LogModuleManager: Shutting down and abandoning module GeometricObjects (416)
[2022.02.26-22.41.21:760][662]LogModuleManager: Shutting down and abandoning module GeometryCollectionTracks (414)
[2022.02.26-22.41.21:760][662]LogModuleManager: Shutting down and abandoning module GeometryCollectionSequencer (413)
[2022.02.26-22.41.21:760][662]LogModuleManager: Shutting down and abandoning module GeometryCacheTracks (410)
[2022.02.26-22.41.21:760][662]LogModuleManager: Shutting down and abandoning module GeometryCacheSequencer (409)
[2022.02.26-22.41.21:760][662]LogModuleManager: Shutting down and abandoning module GeometryCache (406)
[2022.02.26-22.41.21:760][662]LogModuleManager: Shutting down and abandoning module GeometryCacheEd (405)
[2022.02.26-22.41.21:760][662]LogModuleManager: Shutting down and abandoning module ChaosNiagara (402)
[2022.02.26-22.41.21:760][662]LogModuleManager: Shutting down and abandoning module FieldSystemEngine (401)
[2022.02.26-22.41.21:760][662]LogModuleManager: Shutting down and abandoning module BackChannel (398)
[2022.02.26-22.41.21:760][662]LogModuleManager: Shutting down and abandoning module AutomationUtils (396)
[2022.02.26-22.41.21:760][662]LogModuleManager: Shutting down and abandoning module VisualStudioSourceCodeAccess (394)
[2022.02.26-22.41.21:760][662]LogModuleManager: Shutting down and abandoning module HotReload (393)
[2022.02.26-22.41.21:760][662]LogModuleManager: Shutting down and abandoning module VisualStudioCodeSourceCodeAccess (390)
[2022.02.26-22.41.21:760][662]LogModuleManager: Shutting down and abandoning module SubversionSourceControl (388)
[2022.02.26-22.41.21:760][662]LogModuleManager: Shutting down and abandoning module UObjectPlugin (386)
[2022.02.26-22.41.21:760][662]LogModuleManager: Shutting down and abandoning module PerforceSourceControl (384)
[2022.02.26-22.41.21:760][662]LogModuleManager: Shutting down and abandoning module SourceControl (383)
[2022.02.26-22.41.21:760][662]LogModuleManager: Shutting down and abandoning module CLionSourceCodeAccess (380)
[2022.02.26-22.41.21:760][662]LogModuleManager: Shutting down and abandoning module OodleNetworkHandlerComponent (378)
[2022.02.26-22.41.21:760][662]LogModuleManager: Shutting down and abandoning module LiveLinkSequencer (376)
[2022.02.26-22.41.21:760][662]LogModuleManager: Shutting down and abandoning module LiveLinkMovieScene (374)
[2022.02.26-22.41.21:760][662]LogModuleManager: Shutting down and abandoning module LiveLinkGraphNode (372)
[2022.02.26-22.41.21:760][662]LogModuleManager: Shutting down and abandoning module LiveLinkComponents (370)
[2022.02.26-22.41.21:761][662]LogModuleManager: Shutting down and abandoning module LiveLink (368)
[2022.02.26-22.41.22:562][662]LogModuleManager: Shutting down and abandoning module GAME259_A_URE (366)
[2022.02.26-22.41.22:562][662]LogModuleManager: Shutting down and abandoning module AnimGraph (365)
[2022.02.26-22.41.22:562][662]LogModuleManager: Shutting down and abandoning module SteamShared (362)
[2022.02.26-22.41.22:562][662]LogSteamShared: Freeing the Steam Loaded Modules...
[2022.02.26-22.41.22:562][662]LogModuleManager: Shutting down and abandoning module SoundFields (360)
[2022.02.26-22.41.22:562][662]LogModuleManager: Shutting down and abandoning module SignificanceManager (358)
[2022.02.26-22.41.22:562][662]LogModuleManager: Shutting down and abandoning module RuntimePhysXCooking (356)
[2022.02.26-22.41.22:562][662]LogModuleManager: Shutting down and abandoning module PropertyAccessEditor (354)
[2022.02.26-22.41.22:562][662]LogModuleManager: Shutting down and abandoning module PhysXVehiclesEditor (352)
[2022.02.26-22.41.22:562][662]LogModuleManager: Shutting down and abandoning module LocationServicesBPLibrary (348)
[2022.02.26-22.41.22:562][662]LogModuleManager: Shutting down and abandoning module AudioSynesthesia (346)
[2022.02.26-22.41.22:562][662]LogModuleManager: Shutting down and abandoning module AudioSynesthesiaCore (344)
[2022.02.26-22.41.22:562][662]LogModuleManager: Shutting down and abandoning module UdpMessaging (342)
[2022.02.26-22.41.22:664][662]LogModuleManager: Shutting down and abandoning module ActorSequence (340)
[2022.02.26-22.41.22:664][662]LogModuleManager: Shutting down and abandoning module TcpMessaging (338)
[2022.02.26-22.41.22:765][662]LogModuleManager: Shutting down and abandoning module ImgMediaEngine (336)
[2022.02.26-22.41.22:765][662]LogModuleManager: Shutting down and abandoning module MagicLeapARPin (334)
[2022.02.26-22.41.22:765][662]LogModuleManager: Shutting down and abandoning module MagicLeapHandMeshing (332)
[2022.02.26-22.41.22:765][662]LogModuleManager: Shutting down and abandoning module MagicLeapSecureStorage (330)
[2022.02.26-22.41.22:765][662]LogModuleManager: Shutting down and abandoning module MagicLeapPrivileges (328)
[2022.02.26-22.41.22:765][662]LogModuleManager: Shutting down and abandoning module MagicLeapPlanes (326)
[2022.02.26-22.41.22:765][662]LogMagicLeapPlanes: Planes tracker already destroyed.
[2022.02.26-22.41.22:765][662]LogModuleManager: Shutting down and abandoning module MagicLeapImageTracker (324)
[2022.02.26-22.41.22:765][662]LogModuleManager: Shutting down and abandoning module MagicLeapIdentity (322)
[2022.02.26-22.41.22:765][662]LogModuleManager: Shutting down and abandoning module MagicLeapHandTracking (320)
[2022.02.26-22.41.22:765][662]LogModuleManager: Shutting down and abandoning module MagicLeapEyeTracker (318)
[2022.02.26-22.41.22:765][662]LogModuleManager: Shutting down and abandoning module MagicLeapController (316)
[2022.02.26-22.41.22:765][662]LogModuleManager: Shutting down and abandoning module MagicLeapARPinImpl (314)
[2022.02.26-22.41.22:765][662]LogModuleManager: Shutting down and abandoning module MagicLeapAR (312)
[2022.02.26-22.41.22:765][662]LogModuleManager: Shutting down and abandoning module PythonScriptPlugin (310)
[2022.02.26-22.41.22:765][662]LogModuleManager: Shutting down and abandoning module GameplayTagsEditor (308)
[2022.02.26-22.41.22:765][662]LogModuleManager: Shutting down and abandoning module FacialAnimation (306)
[2022.02.26-22.41.22:765][662]LogModuleManager: Shutting down and abandoning module AssetManagerEditor (304)
[2022.02.26-22.41.22:765][662]LogModuleManager: Shutting down and abandoning module TreeMap (303)
[2022.02.26-22.41.22:765][662]LogModuleManager: Shutting down and abandoning module NiagaraAnimNotifies (300)
[2022.02.26-22.41.22:765][662]LogModuleManager: Shutting down and abandoning module Niagara (298)
[2022.02.26-22.41.22:765][662]LogModuleManager: Shutting down and abandoning module SignalProcessing (297)
[2022.02.26-22.41.22:765][662]LogModuleManager: Shutting down and abandoning module NiagaraEditor (295)
[2022.02.26-22.41.22:765][662]LogModuleManager: Shutting down and abandoning module ContentBrowser (294)
[2022.02.26-22.41.22:765][662]LogModuleManager: Shutting down and abandoning module CollectionManager (293)
[2022.02.26-22.41.22:765][662]LogModuleManager: Shutting down and abandoning module DirectoryWatcher (292)
[2022.02.26-22.41.22:765][662]LogModuleManager: Shutting down and abandoning module ContentBrowserData (289)
[2022.02.26-22.41.22:765][662]LogModuleManager: Shutting down and abandoning module NiagaraCore (284)
[2022.02.26-22.41.22:765][662]LogModuleManager: Shutting down and abandoning module PropertyAccessNode (282)
[2022.02.26-22.41.22:765][662]LogModuleManager: Shutting down and abandoning module AnimationSharing (280)
[2022.02.26-22.41.22:765][662]LogModuleManager: Shutting down and abandoning module GameplayCameras (278)
[2022.02.26-22.41.22:765][662]LogModuleManager: Shutting down and abandoning module LightPropagationVolumeRuntime (276)
[2022.02.26-22.41.22:765][662]LogModuleManager: Shutting down and abandoning module EnvironmentQueryEditor (274)
[2022.02.26-22.41.22:765][662]LogModuleManager: Shutting down and abandoning module Paper2D (272)
[2022.02.26-22.41.22:765][662]LogModuleManager: Shutting down and abandoning module WindowsMoviePlayer (270)
[2022.02.26-22.41.22:766][662]LogModuleManager: Shutting down and abandoning module WebMMoviePlayer (268)
[2022.02.26-22.41.22:766][662]LogModuleManager: Shutting down and abandoning module NetworkReplayStreaming (266)
[2022.02.26-22.41.22:766][662]LogModuleManager: Shutting down and abandoning module PacketHandler (264)
[2022.02.26-22.41.22:766][662]LogModuleManager: Shutting down and abandoning module ClothingSystemEditor (262)
[2022.02.26-22.41.22:766][662]LogModuleManager: Shutting down and abandoning module ClothingSystemRuntimeNv (260)
[2022.02.26-22.41.22:766][662]LogModuleManager: Shutting down and abandoning module MediaAssets (258)
[2022.02.26-22.41.22:766][662]LogModuleManager: Shutting down and abandoning module Overlay (256)
[2022.02.26-22.41.22:766][662]LogModuleManager: Shutting down and abandoning module OverlayEditor (255)
[2022.02.26-22.41.22:766][662]LogModuleManager: Shutting down and abandoning module VREditor (252)
[2022.02.26-22.41.22:766][662]LogModuleManager: Shutting down and abandoning module StringTableEditor (250)
[2022.02.26-22.41.22:766][662]LogModuleManager: Shutting down and abandoning module GameplayTasksEditor (248)
[2022.02.26-22.41.22:766][662]LogModuleManager: Shutting down and abandoning module BehaviorTreeEditor (246)
[2022.02.26-22.41.22:766][662]LogModuleManager: Shutting down and abandoning module FunctionalTesting (244)
[2022.02.26-22.41.22:766][662]LogModuleManager: Shutting down and abandoning module CollisionAnalyzer (242)
[2022.02.26-22.41.22:766][662]LogModuleManager: Shutting down and abandoning module WorkspaceMenuStructure (241)
[2022.02.26-22.41.22:766][662]LogModuleManager: Shutting down and abandoning module UMG (238)
[2022.02.26-22.41.22:766][662]LogModuleManager: Shutting down and abandoning module UMGEditor (237)
[2022.02.26-22.41.22:766][662]LogModuleManager: Shutting down and abandoning module Sequencer (236)
[2022.02.26-22.41.22:766][662]LogModuleManager: Shutting down and abandoning module MessageLog (233)
[2022.02.26-22.41.22:766][662]LogModuleManager: Shutting down and abandoning module SlateReflector (228)
[2022.02.26-22.41.22:766][662]LogModuleManager: Shutting down and abandoning module Slate (226)
[2022.02.26-22.41.22:766][662]LogModuleManager: Shutting down and abandoning module SlateCore (224)
[2022.02.26-22.41.22:767][662]LogModuleManager: Shutting down and abandoning module LandscapeEditorUtilities (222)
[2022.02.26-22.41.22:767][662]LogModuleManager: Shutting down and abandoning module UnrealEd (220)
[2022.02.26-22.41.22:767][662]LogModuleManager: Shutting down and abandoning module MRMesh (218)
[2022.02.26-22.41.22:767][662]LogModuleManager: Shutting down and abandoning module Messaging (216)
[2022.02.26-22.41.22:767][662]LogModuleManager: Shutting down and abandoning module SourceCodeAccess (214)
[2022.02.26-22.41.22:767][662]LogModuleManager: Shutting down and abandoning module HeadMountedDisplay (212)
[2022.02.26-22.41.22:767][662]LogModuleManager: Shutting down and abandoning module XAudio2 (210)
[2022.02.26-22.41.22:767][662]LogModuleManager: Shutting down and abandoning module Networking (208)
[2022.02.26-22.41.22:767][662]LogModuleManager: Shutting down and abandoning module Core (206)
[2022.02.26-22.41.22:767][662]LogModuleManager: Shutting down and abandoning module MaterialEditor (204)
[2022.02.26-22.41.22:767][662]LogModuleManager: Shutting down and abandoning module MovieSceneTools (202)
[2022.02.26-22.41.22:767][662]LogModuleManager: Shutting down and abandoning module EditorStyle (201)
[2022.02.26-22.41.22:767][662]LogModuleManager: Shutting down and abandoning module KismetCompiler (198)
[2022.02.26-22.41.22:767][662]LogModuleManager: Shutting down and abandoning module MeshBuilder (196)
[2022.02.26-22.41.22:767][662]LogModuleManager: Shutting down and abandoning module MeshUtilities (194)
[2022.02.26-22.41.22:767][662]LogModuleManager: Shutting down and abandoning module MeshMergeUtilities (193)
[2022.02.26-22.41.22:767][662]LogModuleManager: Shutting down and abandoning module MeshReductionInterface (192)
[2022.02.26-22.41.22:767][662]LogModuleManager: Shutting down and abandoning module MeshBoneReduction (191)
[2022.02.26-22.41.22:767][662]LogModuleManager: Shutting down and abandoning module SkeletalMeshReduction (189)
[2022.02.26-22.41.22:767][662]LogModuleManager: Shutting down and abandoning module ProxyLODMeshReduction (187)
[2022.02.26-22.41.22:767][662]LogModuleManager: Shutting down and abandoning module QuadricMeshReduction (185)
[2022.02.26-22.41.22:767][662]LogModuleManager: Shutting down and abandoning module MaterialBaking (181)
[2022.02.26-22.41.22:767][662]LogModuleManager: Shutting down and abandoning module NullInstallBundleManager (176)
[2022.02.26-22.41.22:767][662]LogModuleManager: Shutting down and abandoning module PIEPreviewDeviceProfileSelector (174)
[2022.02.26-22.41.22:767][662]LogModuleManager: Shutting down and abandoning module DerivedDataCache (172)
[2022.02.26-22.41.22:767][662]LogModuleManager: Shutting down and abandoning module TargetPlatform (170)
[2022.02.26-22.41.22:767][662]LogModuleManager: Shutting down and abandoning module VulkanShaderFormat (169)
[2022.02.26-22.41.22:768][662]LogModuleManager: Shutting down and abandoning module ShaderFormatVectorVM (167)
[2022.02.26-22.41.22:768][662]LogModuleManager: Shutting down and abandoning module ShaderFormatOpenGL (165)
[2022.02.26-22.41.22:768][662]LogModuleManager: Shutting down and abandoning module ShaderFormatD3D (163)
[2022.02.26-22.41.22:768][662]LogModuleManager: Shutting down and abandoning module MetalShaderFormat (161)
[2022.02.26-22.41.22:768][662]LogModuleManager: Shutting down and abandoning module TextureFormatOodle (159)
[2022.02.26-22.41.22:768][662]LogModuleManager: Shutting down and abandoning module TextureFormatUncompressed (157)
[2022.02.26-22.41.22:768][662]LogModuleManager: Shutting down and abandoning module TextureFormatPVR (155)
[2022.02.26-22.41.22:768][662]LogModuleManager: Shutting down and abandoning module TextureFormatETC2 (153)
[2022.02.26-22.41.22:768][662]LogModuleManager: Shutting down and abandoning module TextureFormatDXT (151)
[2022.02.26-22.41.22:768][662]LogModuleManager: Shutting down and abandoning module TextureFormatIntelISPCTexComp (149)
[2022.02.26-22.41.22:768][662]LogModuleManager: Shutting down and abandoning module TextureFormatASTC (147)
[2022.02.26-22.41.22:768][662]LogModuleManager: Shutting down and abandoning module ImageWrapper (146)
[2022.02.26-22.41.22:768][662]LogModuleManager: Shutting down and abandoning module AudioFormatOpus (143)
[2022.02.26-22.41.22:768][662]LogModuleManager: Shutting down and abandoning module AudioFormatOgg (141)
[2022.02.26-22.41.22:768][662]LogModuleManager: Shutting down and abandoning module AudioFormatADPCM (139)
[2022.02.26-22.41.22:768][662]LogModuleManager: Shutting down and abandoning module WindowsServerTargetPlatform (137)
[2022.02.26-22.41.22:768][662]LogModuleManager: Shutting down and abandoning module WindowsClientTargetPlatform (135)
[2022.02.26-22.41.22:768][662]LogModuleManager: Shutting down and abandoning module WindowsTargetPlatform (133)
[2022.02.26-22.41.22:768][662]LogModuleManager: Shutting down and abandoning module WindowsNoEditorTargetPlatform (131)
[2022.02.26-22.41.22:768][662]LogModuleManager: Shutting down and abandoning module D3D11RHI (128)
[2022.02.26-22.41.22:768][662]LogModuleManager: Shutting down and abandoning module InputCore (126)
[2022.02.26-22.41.22:768][662]LogModuleManager: Shutting down and abandoning module Settings (124)
[2022.02.26-22.41.22:768][662]LogModuleManager: Shutting down and abandoning module PhysXCooking (122)
[2022.02.26-22.41.22:768][662]LogModuleManager: Shutting down and abandoning module Chaos (120)
[2022.02.26-22.41.22:768][662]LogModuleManager: Shutting down and abandoning module WindowsPlatformFeatures (118)
[2022.02.26-22.41.22:768][662]LogModuleManager: Shutting down and abandoning module GameplayMediaEncoder (117)
[2022.02.26-22.41.22:768][662]LogModuleManager: Shutting down and abandoning module AVEncoder (116)
[2022.02.26-22.41.22:768][662]LogModuleManager: Shutting down and abandoning module OculusHMD (112)
[2022.02.26-22.41.22:768][662]LogModuleManager: Shutting down and abandoning module OpenXRAR (110)
[2022.02.26-22.41.22:768][662]LogModuleManager: Shutting down and abandoning module AugmentedReality (109)
[2022.02.26-22.41.22:768][662]LogModuleManager: Shutting down and abandoning module OpenXREyeTracker (106)
[2022.02.26-22.41.22:768][662]LogModuleManager: Shutting down and abandoning module OpenXRHandTracking (104)
[2022.02.26-22.41.22:768][662]LogSlate: Slate User Destroyed.  User Index 0, Is Virtual User: 0
[2022.02.26-22.41.22:768][662]LogModuleManager: Shutting down and abandoning module OpenXRHMD (103)
[2022.02.26-22.41.22:768][662]LogModuleManager: Shutting down and abandoning module ExampleDeviceProfileSelector (100)
[2022.02.26-22.41.22:768][662]LogModuleManager: Shutting down and abandoning module ChunkDownloader (98)
[2022.02.26-22.41.22:768][662]LogModuleManager: Shutting down and abandoning module OnlineBlueprintSupport (96)
[2022.02.26-22.41.22:768][662]LogModuleManager: Shutting down and abandoning module LauncherChunkInstaller (92)
[2022.02.26-22.41.22:768][662]LogModuleManager: Shutting down and abandoning module OnlineSubsystem (90)
[2022.02.26-22.41.22:785][662]LogModuleManager: Shutting down and abandoning module XMPP (85)
[2022.02.26-22.41.22:785][662]LogModuleManager: Shutting down and abandoning module WebSockets (84)
[2022.02.26-22.41.22:806][662]LogModuleManager: Shutting down and abandoning module HTTP (81)
[2022.02.26-22.41.22:806][662]LogHttp: Display: cleaning up 0 outstanding Http requests.
[2022.02.26-22.41.22:835][662]LogModuleManager: Shutting down and abandoning module SSL (80)
[2022.02.26-22.41.22:836][662]LogModuleManager: Shutting down and abandoning module EOSShared (76)
[2022.02.26-22.41.22:919][662]LogModuleManager: Shutting down and abandoning module WmfMedia (74)
[2022.02.26-22.41.22:921][662]LogModuleManager: Shutting down and abandoning module Media (73)
[2022.02.26-22.41.22:921][662]LogModuleManager: Shutting down and abandoning module MediaInfo (72)
[2022.02.26-22.41.22:921][662]LogModuleManager: Shutting down and abandoning module ExrReaderGpu (68)
[2022.02.26-22.41.22:921][662]LogModuleManager: Shutting down and abandoning module MLSDK (66)
[2022.02.26-22.41.22:921][662]LogModuleManager: Shutting down and abandoning module MagicLeap (64)
[2022.02.26-22.41.22:921][662]LogModuleManager: Shutting down and abandoning module NiagaraVertexFactories (62)
[2022.02.26-22.41.22:921][662]LogModuleManager: Shutting down and abandoning module NiagaraShader (60)
[2022.02.26-22.41.22:921][662]LogModuleManager: Shutting down and abandoning module ChaosCloth (58)
[2022.02.26-22.41.22:921][662]LogModuleManager: Shutting down and abandoning module VariantManagerContent (56)
[2022.02.26-22.41.22:921][662]LogModuleManager: Shutting down and abandoning module DatasmithContent (54)
[2022.02.26-22.41.22:921][662]LogModuleManager: Shutting down and abandoning module PixWinPlugin (52)
[2022.02.26-22.41.22:921][662]LogModuleManager: Shutting down and abandoning module AISupportModule (50)
[2022.02.26-22.41.22:921][662]LogModuleManager: Shutting down and abandoning module DesktopPlatform (48)
[2022.02.26-22.41.22:921][662]LogModuleManager: Shutting down and abandoning module PythonScriptPluginPreload (46)
[2022.02.26-22.41.22:921][662]LogModuleManager: Shutting down and abandoning module PlatformCryptoOpenSSL (44)
[2022.02.26-22.41.22:921][662]LogModuleManager: Shutting down and abandoning module PlatformCryptoTypes (42)
[2022.02.26-22.41.22:921][662]LogModuleManager: Shutting down and abandoning module PlatformCrypto (40)
[2022.02.26-22.41.22:921][662]LogModuleManager: Shutting down and abandoning module OodleDataCompressionFormat (38)
[2022.02.26-22.41.22:921][662]LogModuleManager: Shutting down and abandoning module XGEController (36)
[2022.02.26-22.41.22:921][662]LogModuleManager: Shutting down and abandoning module AnimationModifiers (34)
[2022.02.26-22.41.22:921][662]LogModuleManager: Shutting down and abandoning module AudioEditor (32)
[2022.02.26-22.41.22:922][662]LogModuleManager: Shutting down and abandoning module PropertyEditor (31)
[2022.02.26-22.41.22:922][662]LogModuleManager: Shutting down and abandoning module TextureCompressor (28)
[2022.02.26-22.41.22:922][662]LogModuleManager: Shutting down and abandoning module RenderCore (26)
[2022.02.26-22.41.22:922][662]LogModuleManager: Shutting down and abandoning module Landscape (24)
[2022.02.26-22.41.22:922][662]LogModuleManager: Shutting down and abandoning module SlateRHIRenderer (22)
[2022.02.26-22.41.22:922][662]LogModuleManager: Shutting down and abandoning module AnimGraphRuntime (20)
[2022.02.26-22.41.22:922][662]LogModuleManager: Shutting down and abandoning module Renderer (18)
[2022.02.26-22.41.22:922][662]LogModuleManager: Shutting down and abandoning module Engine (16)
[2022.02.26-22.41.22:922][662]LogModuleManager: Shutting down and abandoning module CoreUObject (14)
[2022.02.26-22.41.22:922][662]LogModuleManager: Shutting down and abandoning module NetworkFile (12)
[2022.02.26-22.41.22:922][662]LogModuleManager: Shutting down and abandoning module CookedIterativeFile (10)
[2022.02.26-22.41.22:922][662]LogModuleManager: Shutting down and abandoning module StreamingFile (8)
[2022.02.26-22.41.22:922][662]LogModuleManager: Shutting down and abandoning module SandboxFile (6)
[2022.02.26-22.41.22:922][662]LogModuleManager: Shutting down and abandoning module PakFile (4)
[2022.02.26-22.41.22:922][662]LogModuleManager: Shutting down and abandoning module RSA (3)
[2022.02.26-22.41.23:049][662]LogContentStreaming: Display: There are 1 unreleased StreamingManagers
[2022.02.26-22.41.23:060][662]LogD3D11RHI: Shutdown
[2022.02.26-22.41.23:060][662]LogD3D11RHI: CleanupD3DDevice
[2022.02.26-22.41.23:076][662]LogExit: Exiting.
[2022.02.26-22.41.23:116][662]Log file closed, 02/26/22 17:41:23
